--------------------------------------------------------------------------
[[43753,1],0]: A high-performance Open MPI point-to-point messaging module
was unable to find any relevant network interfaces:

Module: OpenFabrics (openib)
  Host: ip-172-31-15-5

Another transport will be used instead, although this may result in
lower performance.

NOTE: You can disable this warning by setting the MCA parameter
btl_base_warn_component_unused to 0.
--------------------------------------------------------------------------
Average time to generate 200 random numbers using LCG (in s): 5.173e-06

-------------------------------------------------------
Graph edge distribution characteristics
-------------------------------------------------------
Number of vertices: 100
Number of edges: 446
Maximum number of edges: 446
Average number of edges: 446
Expected value of X^2: 198916
Variance: 0
Standard deviation: 0
-------------------------------------------------------
Time to generate distributed graph of 100 vertices (in s): 0.000173889
[PI-INFO] Init time,0,0.112672
[PI-INFO] Paramount Iteration,0,1,0.112820,0.000148
[PI-INFO] Paramount Iteration,0,2,0.112894,0.000074
[PI-INFO] Paramount Iteration,0,3,0.112956,0.000062
[PI-INFO] Paramount Iteration,0,4,0.113014,0.000058
[PI-INFO] Paramount Iteration,0,5,0.113070,0.000056
[PI-INFO] Paramount Iteration,0,6,0.113126,0.000056
[PI-INFO] Paramount Iteration,0,7,0.113182,0.000056
[PI-INFO] Paramount Iteration,0,8,0.113235,0.000053
[PI-INFO] Paramount Iteration,0,9,0.113289,0.000054
-------------------------------------------------------
64-bit datatype
-------------------------------------------------------
Average total time (in s), #Processes: 0.00127608, 1
Modularity, #Iterations: 0.716684, 10
MODS (final modularity * average time): 0.000914549
-------------------------------------------------------
[PI-INFO] PI avg,0,0.000062,10
[PI-INFO] Beta,0,0.293277
[PI-INFO] Total time,0.113470
	Command being timed: "mpirun --hostfile /home/ubuntu/PI-Bench/ECP-Proxy-Apps/hostfile -n 1 ./miniVite -n 100"
	User time (seconds): 0.03
	System time (seconds): 0.02
	Percent of CPU this job got: 39%
	Elapsed (wall clock) time (h:mm:ss or m:ss): 0:00.17
	Average shared text size (kbytes): 0
	Average unshared data size (kbytes): 0
	Average stack size (kbytes): 0
	Average total size (kbytes): 0
	Maximum resident set size (kbytes): 18824
	Average resident set size (kbytes): 0
	Major (requiring I/O) page faults: 4
	Minor (reclaiming a frame) page faults: 4539
	Voluntary context switches: 784
	Involuntary context switches: 42
	Swaps: 0
	File system inputs: 0
	File system outputs: 16416
	Socket messages sent: 0
	Socket messages received: 0
	Signals delivered: 0
	Page size (bytes): 4096
	Exit status: 0
