--------------------------------------------------------------------------
[[28988,1],0]: A high-performance Open MPI point-to-point messaging module
was unable to find any relevant network interfaces:

Module: OpenFabrics (openib)
  Host: ip-172-31-8-222

Another transport will be used instead, although this may result in
lower performance.

NOTE: You can disable this warning by setting the MCA parameter
btl_base_warn_component_unused to 0.
--------------------------------------------------------------------------
Average time to generate 100 random numbers using LCG (in s): 5.655e-06

-------------------------------------------------------
Graph edge distribution characteristics
-------------------------------------------------------
Number of vertices: 100
Number of edges: 502
Maximum number of edges: 251
Average number of edges: 251
Expected value of X^2: 63001
Variance: 0
Standard deviation: 0
-------------------------------------------------------
Time to generate distributed graph of 100 vertices (in s): 0.000548448
[PI-INFO] Init time,0,0.127736
[PI-INFO] Init time,1,0.120599
[PI-INFO] Paramount Iteration,0,1,0.128049,0.000313
[PI-INFO] Paramount Iteration,1,1,0.120908,0.000309
[PI-INFO] Paramount Iteration,0,2,0.128305,0.000256
[PI-INFO] Paramount Iteration,1,2,0.121166,0.000258
[PI-INFO] Paramount Iteration,0,3,0.128576,0.000271
[PI-INFO] Paramount Iteration,1,3,0.121427,0.000261
[PI-INFO] Paramount Iteration,0,4,0.128829,0.000253
[PI-INFO] Paramount Iteration,1,4,0.121687,0.000260
[PI-INFO] Paramount Iteration,0,5,0.129062,0.000233
[PI-INFO] Paramount Iteration,1,5,0.121920,0.000233
[PI-INFO] Paramount Iteration,0,6,0.129315,0.000253
[PI-INFO] Paramount Iteration,1,6,0.122173,0.000253
[PI-INFO] Paramount Iteration,0,7,0.129568,0.000253
[PI-INFO] Paramount Iteration,1,7,0.122430,0.000257
-------------------------------------------------------
64-bit datatype
-------------------------------------------------------
Average total time (in s), #Processes: 0.010167, 2
Modularity, #Iterations: 0.676029, 8
MODS (final modularity * average time): 0.00687318
-------------------------------------------------------
[PI-INFO] PI avg,0,0.000229,8
[PI-INFO] Beta,0,0.231910
[PI-INFO] Total time,0.129993
[PI-INFO] PI avg,1,0.000229,8
[PI-INFO] Beta,1,0.232552
[ip-172-31-8-222:16733] 1 more process has sent help message help-mpi-btl-base.txt / btl:no-nics
[ip-172-31-8-222:16733] Set MCA parameter "orte_base_help_aggregate" to 0 to see all help / error messages
	Command being timed: "mpirun --hostfile /home/ubuntu/PI-Bench/ECP-Proxy-Apps/hostfile -n 2 ./miniVite -n 100"
	User time (seconds): 0.05
	System time (seconds): 0.03
	Percent of CPU this job got: 12%
	Elapsed (wall clock) time (h:mm:ss or m:ss): 0:00.72
	Average shared text size (kbytes): 0
	Average unshared data size (kbytes): 0
	Average stack size (kbytes): 0
	Average total size (kbytes): 0
	Maximum resident set size (kbytes): 18900
	Average resident set size (kbytes): 0
	Major (requiring I/O) page faults: 4
	Minor (reclaiming a frame) page faults: 4819
	Voluntary context switches: 862
	Involuntary context switches: 43
	Swaps: 0
	File system inputs: 0
	File system outputs: 16416
	Socket messages sent: 0
	Socket messages received: 0
	Signals delivered: 0
	Page size (bytes): 4096
	Exit status: 0
