--------------------------------------------------------------------------
[[28959,1],0]: A high-performance Open MPI point-to-point messaging module
was unable to find any relevant network interfaces:

Module: OpenFabrics (openib)
  Host: ip-172-31-8-222

Another transport will be used instead, although this may result in
lower performance.

NOTE: You can disable this warning by setting the MCA parameter
btl_base_warn_component_unused to 0.
--------------------------------------------------------------------------
Initializing redistribution using a pencil layout on 2 ranks.
distribution 1D: [2:1:1]
distribution 3D: [2:1:1]
distribution 2z: [2:1:1]
distribution 2x: [1:2:1]
distribution 2y: [2:1:1]
DFFT  init  max 2.498e-01s  avg 2.488e-01s  min 2.478e-01s  dev 9.877e-04s

Hex representations of double precision floats
0.000000e+00 = 0
1.000000e+00 = 3ff0000000000000
2097152.000000 = 4140000000000000

[PI-INFO] Init time,0,0.397172

TESTING 0

[PI-INFO] Init time,1,0.389966
DFFT  fd32  max 4.078e-02s  avg 3.602e-02s  min 3.127e-02s  dev 4.754e-03s
DFFT  f1dx  max 4.812e-03s  avg 4.508e-03s  min 4.205e-03s  dev 3.037e-04s
DFFT  fd23  max 3.348e-02s  avg 2.967e-02s  min 2.585e-02s  dev 3.812e-03s
DFFT  fd32  max 1.704e-02s  avg 1.681e-02s  min 1.658e-02s  dev 2.302e-04s
DFFT  f1dy  max 4.754e-03s  avg 4.667e-03s  min 4.580e-03s  dev 8.735e-05s
DFFT  fd23  max 1.258e-02s  avg 1.248e-02s  min 1.238e-02s  dev 1.001e-04s
DFFT  fd32  max 8.734e-03s  avg 8.676e-03s  min 8.618e-03s  dev 5.824e-05s
DFFT  f1dz  max 4.676e-03s  avg 4.624e-03s  min 4.573e-03s  dev 5.148e-05s
DFFT fdist  max 1.122e-01s  avg 1.037e-01s  min 9.516e-02s  dev 8.495e-03s
DFFT fdfft  max 1.424e-02s  avg 1.380e-02s  min 1.336e-02s  dev 4.425e-04s
FORWARD     max 1.285e-01s  avg 1.285e-01s  min 1.285e-01s  dev 8.825e-07s

k-space:
real in [1.000000e+00,1.000000e+00] = [3ff0000000000000,3ff0000000000000]
imag in [0.000000e+00,0.000000e+00] = [0,0]

DFFT  b1dz  max 4.939e-03s  avg 4.805e-03s  min 4.670e-03s  dev 1.346e-04s
DFFT  bd23  max 8.764e-03s  avg 8.647e-03s  min 8.530e-03s  dev 1.167e-04s
DFFT  bd32  max 1.067e-02s  avg 1.055e-02s  min 1.044e-02s  dev 1.134e-04s
DFFT  b1dy  max 4.909e-03s  avg 4.841e-03s  min 4.774e-03s  dev 6.758e-05s
DFFT  bd23  max 1.250e-02s  avg 1.245e-02s  min 1.240e-02s  dev 4.883e-05s
DFFT  bd32  max 3.439e-02s  avg 2.985e-02s  min 2.531e-02s  dev 4.540e-03s
DFFT  b1dx  max 4.779e-03s  avg 4.615e-03s  min 4.452e-03s  dev 1.637e-04s
DFFT  bd23  max 3.423e-02s  avg 2.986e-02s  min 2.549e-02s  dev 4.370e-03s
DFFT bdist  max 1.005e-01s  avg 9.136e-02s  min 8.217e-02s  dev 9.189e-03s
DFFT bdfft  max 1.430e-02s  avg 1.426e-02s  min 1.422e-02s  dev 3.852e-05s
BACKWARD    max 1.167e-01s  avg 1.167e-01s  min 1.167e-01s  dev 1.505e-05s

r-space:
a[0,0,0] = (2097152.000000,0.000000) = (4140000000000000,0)
real in [0.000000e+00,0.000000e+00] = [0,0]
imag in [0.000000e+00,0.000000e+00] = [0,0]

[PI-INFO] Paramount Iteration,0,1,0.650251,0.253079

TESTING 1

[PI-INFO] Paramount Iteration,1,1,0.643010,0.253044
DFFT  fd32  max 3.475e-02s  avg 3.007e-02s  min 2.539e-02s  dev 4.678e-03s
DFFT  f1dx  max 4.837e-03s  avg 4.507e-03s  min 4.177e-03s  dev 3.299e-04s
DFFT  fd23  max 3.361e-02s  avg 2.907e-02s  min 2.454e-02s  dev 4.538e-03s
DFFT  fd32  max 1.050e-02s  avg 1.018e-02s  min 9.853e-03s  dev 3.227e-04s
DFFT  f1dy  max 4.771e-03s  avg 4.564e-03s  min 4.357e-03s  dev 2.073e-04s
DFFT  fd23  max 1.257e-02s  avg 1.240e-02s  min 1.224e-02s  dev 1.631e-04s
DFFT  fd32  max 8.568e-03s  avg 8.546e-03s  min 8.524e-03s  dev 2.200e-05s
DFFT  f1dz  max 4.708e-03s  avg 4.632e-03s  min 4.556e-03s  dev 7.593e-05s
DFFT fdist  max 9.935e-02s  avg 9.027e-02s  min 8.119e-02s  dev 9.078e-03s
DFFT fdfft  max 1.432e-02s  avg 1.370e-02s  min 1.309e-02s  dev 6.132e-04s
FORWARD     max 1.160e-01s  avg 1.159e-01s  min 1.157e-01s  dev 1.475e-04s

k-space:
real in [1.000000e+00,1.000000e+00] = [3ff0000000000000,3ff0000000000000]
imag in [0.000000e+00,0.000000e+00] = [0,0]

DFFT  b1dz  max 4.698e-03s  avg 4.689e-03s  min 4.680e-03s  dev 9.161e-06s
DFFT  bd23  max 8.758e-03s  avg 8.695e-03s  min 8.631e-03s  dev 6.348e-05s
DFFT  bd32  max 1.059e-02s  avg 1.053e-02s  min 1.047e-02s  dev 5.929e-05s
DFFT  b1dy  max 4.875e-03s  avg 4.804e-03s  min 4.733e-03s  dev 7.081e-05s
DFFT  bd23  max 1.250e-02s  avg 1.247e-02s  min 1.243e-02s  dev 3.781e-05s
DFFT  bd32  max 3.424e-02s  avg 2.969e-02s  min 2.515e-02s  dev 4.542e-03s
DFFT  b1dx  max 4.727e-03s  avg 4.564e-03s  min 4.400e-03s  dev 1.634e-04s
DFFT  bd23  max 3.496e-02s  avg 3.021e-02s  min 2.545e-02s  dev 4.754e-03s
DFFT bdist  max 1.010e-01s  avg 9.159e-02s  min 8.214e-02s  dev 9.456e-03s
DFFT bdfft  max 1.416e-02s  avg 1.406e-02s  min 1.395e-02s  dev 1.018e-04s
BACKWARD    max 1.169e-01s  avg 1.169e-01s  min 1.169e-01s  dev 2.006e-05s

r-space:
a[0,0,0] = (2097152.000000,0.000000) = (4140000000000000,0)
real in [0.000000e+00,0.000000e+00] = [0,0]
imag in [0.000000e+00,0.000000e+00] = [0,0]

[PI-INFO] Paramount Iteration,0,2,0.890654,0.240403

TESTING 2

[PI-INFO] Paramount Iteration,1,2,0.883412,0.240402
DFFT  fd32  max 3.510e-02s  avg 3.036e-02s  min 2.561e-02s  dev 4.742e-03s
DFFT  f1dx  max 4.808e-03s  avg 4.483e-03s  min 4.157e-03s  dev 3.251e-04s
DFFT  fd23  max 3.417e-02s  avg 3.021e-02s  min 2.625e-02s  dev 3.956e-03s
DFFT  fd32  max 1.051e-02s  avg 1.023e-02s  min 9.952e-03s  dev 2.769e-04s
DFFT  f1dy  max 4.822e-03s  avg 4.693e-03s  min 4.564e-03s  dev 1.292e-04s
DFFT  fd23  max 1.268e-02s  avg 1.244e-02s  min 1.221e-02s  dev 2.362e-04s
DFFT  fd32  max 8.677e-03s  avg 8.585e-03s  min 8.492e-03s  dev 9.212e-05s
DFFT  f1dz  max 4.677e-03s  avg 4.642e-03s  min 4.608e-03s  dev 3.463e-05s
DFFT fdist  max 1.006e-01s  avg 9.182e-02s  min 8.307e-02s  dev 8.749e-03s
DFFT fdfft  max 1.431e-02s  avg 1.382e-02s  min 1.333e-02s  dev 4.889e-04s
FORWARD     max 1.171e-01s  avg 1.169e-01s  min 1.168e-01s  dev 1.783e-04s

k-space:
real in [1.000000e+00,1.000000e+00] = [3ff0000000000000,3ff0000000000000]
imag in [0.000000e+00,0.000000e+00] = [0,0]

DFFT  b1dz  max 4.823e-03s  avg 4.727e-03s  min 4.631e-03s  dev 9.557e-05s
DFFT  bd23  max 8.822e-03s  avg 8.774e-03s  min 8.726e-03s  dev 4.790e-05s
DFFT  bd32  max 1.071e-02s  avg 1.049e-02s  min 1.027e-02s  dev 2.217e-04s
DFFT  b1dy  max 4.797e-03s  avg 4.744e-03s  min 4.691e-03s  dev 5.292e-05s
DFFT  bd23  max 1.250e-02s  avg 1.246e-02s  min 1.241e-02s  dev 4.845e-05s
DFFT  bd32  max 3.425e-02s  avg 2.969e-02s  min 2.512e-02s  dev 4.561e-03s
DFFT  b1dx  max 4.689e-03s  avg 4.540e-03s  min 4.392e-03s  dev 1.485e-04s
DFFT  bd23  max 3.529e-02s  avg 3.054e-02s  min 2.579e-02s  dev 4.746e-03s
DFFT bdist  max 1.016e-01s  avg 9.195e-02s  min 8.232e-02s  dev 9.625e-03s
DFFT bdfft  max 1.401e-02s  avg 1.401e-02s  min 1.401e-02s  dev 1.750e-08s
BACKWARD    max 1.175e-01s  avg 1.175e-01s  min 1.175e-01s  dev 1.402e-05s

r-space:
a[0,0,0] = (2097152.000000,0.000000) = (4140000000000000,0)
real in [0.000000e+00,0.000000e+00] = [0,0]
imag in [0.000000e+00,0.000000e+00] = [0,0]

[PI-INFO] Paramount Iteration,0,3,1.132770,0.242116

TESTING 3

[PI-INFO] Paramount Iteration,1,3,1.125534,0.242122
DFFT  fd32  max 3.467e-02s  avg 2.993e-02s  min 2.519e-02s  dev 4.743e-03s
DFFT  f1dx  max 4.816e-03s  avg 4.466e-03s  min 4.116e-03s  dev 3.500e-04s
DFFT  fd23  max 3.242e-02s  avg 2.871e-02s  min 2.501e-02s  dev 3.701e-03s
DFFT  fd32  max 1.054e-02s  avg 1.023e-02s  min 9.918e-03s  dev 3.131e-04s
DFFT  f1dy  max 4.789e-03s  avg 4.675e-03s  min 4.561e-03s  dev 1.138e-04s
DFFT  fd23  max 1.273e-02s  avg 1.237e-02s  min 1.202e-02s  dev 3.590e-04s
DFFT  fd32  max 8.758e-03s  avg 8.729e-03s  min 8.701e-03s  dev 2.853e-05s
DFFT  f1dz  max 4.695e-03s  avg 4.667e-03s  min 4.640e-03s  dev 2.759e-05s
DFFT fdist  max 9.844e-02s  avg 8.998e-02s  min 8.152e-02s  dev 8.461e-03s
DFFT fdfft  max 1.430e-02s  avg 1.381e-02s  min 1.332e-02s  dev 4.914e-04s
FORWARD     max 1.151e-01s  avg 1.149e-01s  min 1.147e-01s  dev 1.847e-04s

k-space:
real in [1.000000e+00,1.000000e+00] = [3ff0000000000000,3ff0000000000000]
imag in [0.000000e+00,0.000000e+00] = [0,0]

DFFT  b1dz  max 4.880e-03s  avg 4.790e-03s  min 4.700e-03s  dev 8.979e-05s
DFFT  bd23  max 8.824e-03s  avg 8.705e-03s  min 8.587e-03s  dev 1.187e-04s
DFFT  bd32  max 1.072e-02s  avg 1.051e-02s  min 1.030e-02s  dev 2.118e-04s
DFFT  b1dy  max 4.903e-03s  avg 4.856e-03s  min 4.808e-03s  dev 4.772e-05s
DFFT  bd23  max 1.251e-02s  avg 1.244e-02s  min 1.236e-02s  dev 7.444e-05s
DFFT  bd32  max 3.410e-02s  avg 2.961e-02s  min 2.512e-02s  dev 4.489e-03s
DFFT  b1dx  max 4.725e-03s  avg 4.557e-03s  min 4.389e-03s  dev 1.681e-04s
DFFT  bd23  max 3.522e-02s  avg 3.012e-02s  min 2.502e-02s  dev 5.100e-03s
DFFT bdist  max 1.014e-01s  avg 9.138e-02s  min 8.139e-02s  dev 9.994e-03s
DFFT bdfft  max 1.423e-02s  avg 1.420e-02s  min 1.417e-02s  dev 3.062e-05s
BACKWARD    max 1.175e-01s  avg 1.175e-01s  min 1.175e-01s  dev 1.516e-05s

r-space:
a[0,0,0] = (2097152.000000,0.000000) = (4140000000000000,0)
real in [0.000000e+00,0.000000e+00] = [0,0]
imag in [0.000000e+00,0.000000e+00] = [0,0]

[PI-INFO] Paramount Iteration,0,4,1.372715,0.239945

TESTING 4

[PI-INFO] Paramount Iteration,1,4,1.365477,0.239943
DFFT  fd32  max 3.459e-02s  avg 2.984e-02s  min 2.509e-02s  dev 4.751e-03s
DFFT  f1dx  max 4.814e-03s  avg 4.503e-03s  min 4.192e-03s  dev 3.110e-04s
DFFT  fd23  max 3.274e-02s  avg 2.890e-02s  min 2.505e-02s  dev 3.847e-03s
DFFT  fd32  max 1.050e-02s  avg 1.020e-02s  min 9.899e-03s  dev 2.985e-04s
DFFT  f1dy  max 4.740e-03s  avg 4.573e-03s  min 4.405e-03s  dev 1.675e-04s
DFFT  fd23  max 1.252e-02s  avg 1.238e-02s  min 1.223e-02s  dev 1.434e-04s
DFFT  fd32  max 8.688e-03s  avg 8.678e-03s  min 8.668e-03s  dev 1.005e-05s
DFFT  f1dz  max 4.730e-03s  avg 4.657e-03s  min 4.584e-03s  dev 7.300e-05s
DFFT fdist  max 9.842e-02s  avg 8.999e-02s  min 8.156e-02s  dev 8.433e-03s
DFFT fdfft  max 1.428e-02s  avg 1.373e-02s  min 1.318e-02s  dev 5.515e-04s
FORWARD     max 1.150e-01s  avg 1.148e-01s  min 1.146e-01s  dev 1.785e-04s

k-space:
real in [1.000000e+00,1.000000e+00] = [3ff0000000000000,3ff0000000000000]
imag in [0.000000e+00,0.000000e+00] = [0,0]

DFFT  b1dz  max 4.783e-03s  avg 4.731e-03s  min 4.680e-03s  dev 5.137e-05s
DFFT  bd23  max 8.879e-03s  avg 8.739e-03s  min 8.599e-03s  dev 1.398e-04s
DFFT  bd32  max 1.056e-02s  avg 1.050e-02s  min 1.045e-02s  dev 5.900e-05s
DFFT  b1dy  max 4.785e-03s  avg 4.751e-03s  min 4.717e-03s  dev 3.401e-05s
DFFT  bd23  max 1.254e-02s  avg 1.248e-02s  min 1.243e-02s  dev 5.335e-05s
DFFT  bd32  max 3.438e-02s  avg 2.987e-02s  min 2.536e-02s  dev 4.508e-03s
DFFT  b1dx  max 4.708e-03s  avg 4.564e-03s  min 4.420e-03s  dev 1.438e-04s
DFFT  bd23  max 3.372e-02s  avg 2.874e-02s  min 2.376e-02s  dev 4.982e-03s
DFFT bdist  max 1.001e-01s  avg 9.034e-02s  min 8.059e-02s  dev 9.742e-03s
DFFT bdfft  max 1.410e-02s  avg 1.405e-02s  min 1.399e-02s  dev 5.845e-05s
BACKWARD    max 1.160e-01s  avg 1.159e-01s  min 1.159e-01s  dev 2.321e-05s

r-space:
a[0,0,0] = (2097152.000000,0.000000) = (4140000000000000,0)
real in [0.000000e+00,0.000000e+00] = [0,0]
imag in [0.000000e+00,0.000000e+00] = [0,0]

[PI-INFO] Paramount Iteration,0,5,1.611100,0.238385

TESTING 5

[PI-INFO] Paramount Iteration,1,5,1.603872,0.238395
DFFT  fd32  max 3.511e-02s  avg 3.035e-02s  min 2.559e-02s  dev 4.757e-03s
DFFT  f1dx  max 4.761e-03s  avg 4.463e-03s  min 4.164e-03s  dev 2.989e-04s
DFFT  fd23  max 3.309e-02s  avg 2.867e-02s  min 2.425e-02s  dev 4.423e-03s
DFFT  fd32  max 1.055e-02s  avg 1.021e-02s  min 9.882e-03s  dev 3.328e-04s
DFFT  f1dy  max 4.811e-03s  avg 4.678e-03s  min 4.545e-03s  dev 1.329e-04s
DFFT  fd23  max 1.270e-02s  avg 1.240e-02s  min 1.210e-02s  dev 3.015e-04s
DFFT  fd32  max 8.606e-03s  avg 8.553e-03s  min 8.500e-03s  dev 5.292e-05s
DFFT  f1dz  max 4.705e-03s  avg 4.660e-03s  min 4.615e-03s  dev 4.542e-05s
DFFT fdist  max 9.939e-02s  avg 9.019e-02s  min 8.099e-02s  dev 9.201e-03s
DFFT fdfft  max 1.428e-02s  avg 1.380e-02s  min 1.332e-02s  dev 4.772e-04s
FORWARD     max 1.160e-01s  avg 1.158e-01s  min 1.156e-01s  dev 1.809e-04s

k-space:
real in [1.000000e+00,1.000000e+00] = [3ff0000000000000,3ff0000000000000]
imag in [0.000000e+00,0.000000e+00] = [0,0]

DFFT  b1dz  max 4.899e-03s  avg 4.770e-03s  min 4.641e-03s  dev 1.286e-04s
DFFT  bd23  max 8.734e-03s  avg 8.652e-03s  min 8.569e-03s  dev 8.264e-05s
DFFT  bd32  max 1.061e-02s  avg 1.053e-02s  min 1.044e-02s  dev 8.637e-05s
DFFT  b1dy  max 4.822e-03s  avg 4.777e-03s  min 4.732e-03s  dev 4.490e-05s
DFFT  bd23  max 1.251e-02s  avg 1.247e-02s  min 1.242e-02s  dev 4.386e-05s
DFFT  bd32  max 3.354e-02s  avg 2.904e-02s  min 2.455e-02s  dev 4.491e-03s
DFFT  b1dx  max 4.703e-03s  avg 4.566e-03s  min 4.428e-03s  dev 1.379e-04s
DFFT  bd23  max 3.463e-02s  avg 2.975e-02s  min 2.487e-02s  dev 4.880e-03s
DFFT bdist  max 1.000e-01s  avg 9.044e-02s  min 8.085e-02s  dev 9.584e-03s
DFFT bdfft  max 1.415e-02s  avg 1.411e-02s  min 1.408e-02s  dev 3.564e-05s
BACKWARD    max 1.161e-01s  avg 1.161e-01s  min 1.160e-01s  dev 1.417e-05s

r-space:
a[0,0,0] = (2097152.000000,0.000000) = (4140000000000000,0)
real in [0.000000e+00,0.000000e+00] = [0,0]
imag in [0.000000e+00,0.000000e+00] = [0,0]

[PI-INFO] Paramount Iteration,0,6,1.850611,0.239511

TESTING 6

[PI-INFO] Paramount Iteration,1,6,1.843377,0.239505
DFFT  fd32  max 3.463e-02s  avg 2.994e-02s  min 2.525e-02s  dev 4.690e-03s
DFFT  f1dx  max 4.805e-03s  avg 4.501e-03s  min 4.198e-03s  dev 3.035e-04s
DFFT  fd23  max 3.329e-02s  avg 2.898e-02s  min 2.467e-02s  dev 4.309e-03s
DFFT  fd32  max 1.056e-02s  avg 1.024e-02s  min 9.914e-03s  dev 3.226e-04s
DFFT  f1dy  max 4.824e-03s  avg 4.658e-03s  min 4.492e-03s  dev 1.658e-04s
DFFT  fd23  max 1.271e-02s  avg 1.238e-02s  min 1.205e-02s  dev 3.296e-04s
DFFT  fd32  max 8.687e-03s  avg 8.685e-03s  min 8.683e-03s  dev 2.125e-06s
DFFT  f1dz  max 4.674e-03s  avg 4.652e-03s  min 4.630e-03s  dev 2.217e-05s
DFFT fdist  max 9.923e-02s  avg 9.022e-02s  min 8.121e-02s  dev 9.009e-03s
DFFT fdfft  max 1.430e-02s  avg 1.381e-02s  min 1.332e-02s  dev 4.915e-04s
FORWARD     max 1.158e-01s  avg 1.157e-01s  min 1.155e-01s  dev 1.827e-04s

k-space:
real in [1.000000e+00,1.000000e+00] = [3ff0000000000000,3ff0000000000000]
imag in [0.000000e+00,0.000000e+00] = [0,0]

DFFT  b1dz  max 4.890e-03s  avg 4.774e-03s  min 4.657e-03s  dev 1.167e-04s
DFFT  bd23  max 8.832e-03s  avg 8.685e-03s  min 8.538e-03s  dev 1.467e-04s
DFFT  bd32  max 1.064e-02s  avg 1.061e-02s  min 1.057e-02s  dev 3.690e-05s
DFFT  b1dy  max 4.814e-03s  avg 4.779e-03s  min 4.745e-03s  dev 3.420e-05s
DFFT  bd23  max 1.259e-02s  avg 1.245e-02s  min 1.231e-02s  dev 1.415e-04s
DFFT  bd32  max 3.415e-02s  avg 2.965e-02s  min 2.514e-02s  dev 4.505e-03s
DFFT  b1dx  max 4.751e-03s  avg 4.587e-03s  min 4.422e-03s  dev 1.646e-04s
DFFT  bd23  max 3.477e-02s  avg 2.991e-02s  min 2.505e-02s  dev 4.862e-03s
DFFT bdist  max 1.010e-01s  avg 9.130e-02s  min 8.160e-02s  dev 9.692e-03s
DFFT bdfft  max 1.422e-02s  avg 1.414e-02s  min 1.406e-02s  dev 8.208e-05s
BACKWARD    max 1.171e-01s  avg 1.170e-01s  min 1.170e-01s  dev 2.967e-05s

r-space:
a[0,0,0] = (2097152.000000,0.000000) = (4140000000000000,0)
real in [0.000000e+00,0.000000e+00] = [0,0]
imag in [0.000000e+00,0.000000e+00] = [0,0]

[PI-INFO] Paramount Iteration,0,7,2.090997,0.240386

TESTING 7

[PI-INFO] Paramount Iteration,1,7,2.083771,0.240394
DFFT  fd32  max 3.505e-02s  avg 3.029e-02s  min 2.554e-02s  dev 4.756e-03s
DFFT  f1dx  max 4.767e-03s  avg 4.471e-03s  min 4.175e-03s  dev 2.963e-04s
DFFT  fd23  max 3.300e-02s  avg 2.884e-02s  min 2.468e-02s  dev 4.162e-03s
DFFT  fd32  max 1.053e-02s  avg 1.023e-02s  min 9.925e-03s  dev 3.045e-04s
DFFT  f1dy  max 4.817e-03s  avg 4.689e-03s  min 4.561e-03s  dev 1.284e-04s
DFFT  fd23  max 1.270e-02s  avg 1.236e-02s  min 1.202e-02s  dev 3.391e-04s
DFFT  fd32  max 8.564e-03s  avg 8.527e-03s  min 8.489e-03s  dev 3.773e-05s
DFFT  f1dz  max 4.715e-03s  avg 4.665e-03s  min 4.615e-03s  dev 4.978e-05s
DFFT fdist  max 9.924e-02s  avg 9.025e-02s  min 8.126e-02s  dev 8.990e-03s
DFFT fdfft  max 1.430e-02s  avg 1.382e-02s  min 1.335e-02s  dev 4.744e-04s
FORWARD     max 1.158e-01s  avg 1.156e-01s  min 1.155e-01s  dev 1.676e-04s

k-space:
real in [1.000000e+00,1.000000e+00] = [3ff0000000000000,3ff0000000000000]
imag in [0.000000e+00,0.000000e+00] = [0,0]

DFFT  b1dz  max 4.804e-03s  avg 4.712e-03s  min 4.620e-03s  dev 9.204e-05s
DFFT  bd23  max 8.799e-03s  avg 8.695e-03s  min 8.591e-03s  dev 1.040e-04s
DFFT  bd32  max 1.066e-02s  avg 1.057e-02s  min 1.047e-02s  dev 9.477e-05s
DFFT  b1dy  max 4.740e-03s  avg 4.733e-03s  min 4.726e-03s  dev 6.973e-06s
DFFT  bd23  max 1.255e-02s  avg 1.249e-02s  min 1.242e-02s  dev 6.017e-05s
DFFT  bd32  max 3.460e-02s  avg 3.009e-02s  min 2.557e-02s  dev 4.517e-03s
DFFT  b1dx  max 4.717e-03s  avg 4.561e-03s  min 4.405e-03s  dev 1.563e-04s
DFFT  bd23  max 3.416e-02s  avg 2.940e-02s  min 2.464e-02s  dev 4.761e-03s
DFFT bdist  max 1.008e-01s  avg 9.123e-02s  min 8.170e-02s  dev 9.536e-03s
DFFT bdfft  max 1.406e-02s  avg 1.401e-02s  min 1.395e-02s  dev 5.729e-05s
BACKWARD    max 1.166e-01s  avg 1.166e-01s  min 1.166e-01s  dev 1.592e-05s

r-space:
a[0,0,0] = (2097152.000000,0.000000) = (4140000000000000,0)
real in [0.000000e+00,0.000000e+00] = [0,0]
imag in [0.000000e+00,0.000000e+00] = [0,0]

[PI-INFO] Paramount Iteration,0,8,2.330919,0.239922

TESTING 8

[PI-INFO] Paramount Iteration,1,8,2.323694,0.239923
DFFT  fd32  max 3.491e-02s  avg 3.018e-02s  min 2.544e-02s  dev 4.735e-03s
DFFT  f1dx  max 4.816e-03s  avg 4.475e-03s  min 4.134e-03s  dev 3.409e-04s
DFFT  fd23  max 3.229e-02s  avg 2.867e-02s  min 2.505e-02s  dev 3.619e-03s
DFFT  fd32  max 1.050e-02s  avg 1.020e-02s  min 9.900e-03s  dev 2.989e-04s
DFFT  f1dy  max 4.801e-03s  avg 4.704e-03s  min 4.607e-03s  dev 9.696e-05s
DFFT  fd23  max 1.272e-02s  avg 1.241e-02s  min 1.211e-02s  dev 3.047e-04s
DFFT  fd32  max 8.639e-03s  avg 8.563e-03s  min 8.486e-03s  dev 7.676e-05s
DFFT  f1dz  max 4.641e-03s  avg 4.600e-03s  min 4.560e-03s  dev 4.090e-05s
DFFT fdist  max 9.846e-02s  avg 9.002e-02s  min 8.158e-02s  dev 8.437e-03s
DFFT fdfft  max 1.426e-02s  avg 1.378e-02s  min 1.330e-02s  dev 4.788e-04s
FORWARD     max 1.149e-01s  avg 1.148e-01s  min 1.146e-01s  dev 1.628e-04s

k-space:
real in [1.000000e+00,1.000000e+00] = [3ff0000000000000,3ff0000000000000]
imag in [0.000000e+00,0.000000e+00] = [0,0]

DFFT  b1dz  max 4.878e-03s  avg 4.783e-03s  min 4.688e-03s  dev 9.480e-05s
DFFT  bd23  max 8.760e-03s  avg 8.676e-03s  min 8.593e-03s  dev 8.366e-05s
DFFT  bd32  max 1.063e-02s  avg 1.054e-02s  min 1.044e-02s  dev 9.436e-05s
DFFT  b1dy  max 4.821e-03s  avg 4.806e-03s  min 4.792e-03s  dev 1.435e-05s
DFFT  bd23  max 1.249e-02s  avg 1.244e-02s  min 1.240e-02s  dev 4.750e-05s
DFFT  bd32  max 3.417e-02s  avg 2.965e-02s  min 2.512e-02s  dev 4.524e-03s
DFFT  b1dx  max 4.761e-03s  avg 4.621e-03s  min 4.481e-03s  dev 1.403e-04s
DFFT  bd23  max 3.394e-02s  avg 2.933e-02s  min 2.472e-02s  dev 4.611e-03s
DFFT bdist  max 9.999e-02s  avg 9.063e-02s  min 8.127e-02s  dev 9.361e-03s
DFFT bdfft  max 1.427e-02s  avg 1.421e-02s  min 1.415e-02s  dev 5.983e-05s
BACKWARD    max 1.160e-01s  avg 1.160e-01s  min 1.160e-01s  dev 1.349e-05s

r-space:
a[0,0,0] = (2097152.000000,0.000000) = (4140000000000000,0)
real in [0.000000e+00,0.000000e+00] = [0,0]
imag in [0.000000e+00,0.000000e+00] = [0,0]

[PI-INFO] Paramount Iteration,0,9,2.569380,0.238461

TESTING 9

[PI-INFO] Paramount Iteration,1,9,2.562157,0.238463
DFFT  fd32  max 3.507e-02s  avg 3.036e-02s  min 2.564e-02s  dev 4.715e-03s
DFFT  f1dx  max 4.835e-03s  avg 4.492e-03s  min 4.150e-03s  dev 3.424e-04s
DFFT  fd23  max 3.278e-02s  avg 2.863e-02s  min 2.447e-02s  dev 4.154e-03s
DFFT  fd32  max 1.056e-02s  avg 1.023e-02s  min 9.898e-03s  dev 3.316e-04s
DFFT  f1dy  max 4.786e-03s  avg 4.639e-03s  min 4.491e-03s  dev 1.477e-04s
DFFT  fd23  max 1.269e-02s  avg 1.236e-02s  min 1.203e-02s  dev 3.309e-04s
DFFT  fd32  max 8.693e-03s  avg 8.608e-03s  min 8.523e-03s  dev 8.538e-05s
DFFT  f1dz  max 4.699e-03s  avg 4.630e-03s  min 4.562e-03s  dev 6.848e-05s
DFFT fdist  max 9.914e-02s  avg 9.018e-02s  min 8.123e-02s  dev 8.954e-03s
DFFT fdfft  max 1.432e-02s  avg 1.376e-02s  min 1.320e-02s  dev 5.586e-04s
FORWARD     max 1.158e-01s  avg 1.156e-01s  min 1.154e-01s  dev 1.839e-04s

k-space:
real in [1.000000e+00,1.000000e+00] = [3ff0000000000000,3ff0000000000000]
imag in [0.000000e+00,0.000000e+00] = [0,0]

DFFT  b1dz  max 4.762e-03s  avg 4.719e-03s  min 4.676e-03s  dev 4.295e-05s
DFFT  bd23  max 8.754e-03s  avg 8.675e-03s  min 8.595e-03s  dev 7.920e-05s
DFFT  bd32  max 1.067e-02s  avg 1.056e-02s  min 1.044e-02s  dev 1.160e-04s
DFFT  b1dy  max 4.789e-03s  avg 4.777e-03s  min 4.766e-03s  dev 1.115e-05s
DFFT  bd23  max 1.256e-02s  avg 1.249e-02s  min 1.241e-02s  dev 7.859e-05s
DFFT  bd32  max 3.367e-02s  avg 2.946e-02s  min 2.524e-02s  dev 4.216e-03s
DFFT  b1dx  max 4.782e-03s  avg 4.651e-03s  min 4.521e-03s  dev 1.306e-04s
DFFT  bd23  max 3.406e-02s  avg 2.905e-02s  min 2.403e-02s  dev 5.015e-03s
DFFT bdist  max 9.972e-02s  avg 9.022e-02s  min 8.071e-02s  dev 9.504e-03s
DFFT bdfft  max 1.425e-02s  avg 1.415e-02s  min 1.405e-02s  dev 9.883e-05s
BACKWARD    max 1.157e-01s  avg 1.157e-01s  min 1.156e-01s  dev 1.667e-05s

r-space:
a[0,0,0] = (2097152.000000,0.000000) = (4140000000000000,0)
real in [0.000000e+00,0.000000e+00] = [0,0]
imag in [0.000000e+00,0.000000e+00] = [0,0]

[PI-INFO] Paramount Iteration,0,10,2.808321,0.238941

TESTING a

[PI-INFO] Paramount Iteration,1,10,2.801097,0.238940
DFFT  fd32  max 3.400e-02s  avg 2.940e-02s  min 2.479e-02s  dev 4.606e-03s
DFFT  f1dx  max 4.826e-03s  avg 4.504e-03s  min 4.183e-03s  dev 3.214e-04s
DFFT  fd23  max 3.300e-02s  avg 2.888e-02s  min 2.475e-02s  dev 4.129e-03s
DFFT  fd32  max 1.048e-02s  avg 1.018e-02s  min 9.868e-03s  dev 3.072e-04s
DFFT  f1dy  max 4.744e-03s  avg 4.575e-03s  min 4.406e-03s  dev 1.688e-04s
DFFT  fd23  max 1.254e-02s  avg 1.240e-02s  min 1.225e-02s  dev 1.456e-04s
DFFT  fd32  max 8.717e-03s  avg 8.700e-03s  min 8.684e-03s  dev 1.654e-05s
DFFT  f1dz  max 4.694e-03s  avg 4.603e-03s  min 4.513e-03s  dev 9.039e-05s
DFFT fdist  max 9.810e-02s  avg 8.955e-02s  min 8.099e-02s  dev 8.557e-03s
DFFT fdfft  max 1.426e-02s  avg 1.368e-02s  min 1.310e-02s  dev 5.806e-04s
FORWARD     max 1.147e-01s  avg 1.145e-01s  min 1.143e-01s  dev 1.775e-04s

k-space:
real in [1.000000e+00,1.000000e+00] = [3ff0000000000000,3ff0000000000000]
imag in [0.000000e+00,0.000000e+00] = [0,0]

DFFT  b1dz  max 4.851e-03s  avg 4.778e-03s  min 4.706e-03s  dev 7.220e-05s
DFFT  bd23  max 8.823e-03s  avg 8.693e-03s  min 8.562e-03s  dev 1.301e-04s
DFFT  bd32  max 1.065e-02s  avg 1.055e-02s  min 1.045e-02s  dev 9.877e-05s
DFFT  b1dy  max 4.761e-03s  avg 4.711e-03s  min 4.661e-03s  dev 5.008e-05s
DFFT  bd23  max 1.251e-02s  avg 1.247e-02s  min 1.243e-02s  dev 3.938e-05s
DFFT  bd32  max 3.419e-02s  avg 2.982e-02s  min 2.545e-02s  dev 4.369e-03s
DFFT  b1dx  max 4.747e-03s  avg 4.558e-03s  min 4.369e-03s  dev 1.891e-04s
DFFT  bd23  max 3.476e-02s  avg 3.029e-02s  min 2.582e-02s  dev 4.468e-03s
DFFT bdist  max 1.009e-01s  avg 9.182e-02s  min 8.272e-02s  dev 9.105e-03s
DFFT bdfft  max 1.411e-02s  avg 1.405e-02s  min 1.398e-02s  dev 6.680e-05s
BACKWARD    max 1.168e-01s  avg 1.168e-01s  min 1.168e-01s  dev 1.641e-05s

r-space:
a[0,0,0] = (2097152.000000,0.000000) = (4140000000000000,0)
real in [0.000000e+00,0.000000e+00] = [0,0]
imag in [0.000000e+00,0.000000e+00] = [0,0]

[PI-INFO] Paramount Iteration,0,11,3.047279,0.238958

TESTING b

[PI-INFO] Paramount Iteration,1,11,3.040065,0.238968
DFFT  fd32  max 3.501e-02s  avg 3.027e-02s  min 2.553e-02s  dev 4.743e-03s
DFFT  f1dx  max 4.771e-03s  avg 4.465e-03s  min 4.158e-03s  dev 3.065e-04s
DFFT  fd23  max 3.373e-02s  avg 2.930e-02s  min 2.486e-02s  dev 4.435e-03s
DFFT  fd32  max 1.051e-02s  avg 1.017e-02s  min 9.832e-03s  dev 3.376e-04s
DFFT  f1dy  max 4.811e-03s  avg 4.642e-03s  min 4.474e-03s  dev 1.684e-04s
DFFT  fd23  max 1.274e-02s  avg 1.236e-02s  min 1.198e-02s  dev 3.805e-04s
DFFT  fd32  max 8.740e-03s  avg 8.722e-03s  min 8.704e-03s  dev 1.793e-05s
DFFT  f1dz  max 4.627e-03s  avg 4.621e-03s  min 4.614e-03s  dev 6.477e-06s
DFFT fdist  max 1.000e-01s  avg 9.082e-02s  min 8.162e-02s  dev 9.203e-03s
DFFT fdfft  max 1.421e-02s  avg 1.373e-02s  min 1.325e-02s  dev 4.814e-04s
FORWARD     max 1.166e-01s  avg 1.165e-01s  min 1.163e-01s  dev 1.551e-04s

k-space:
real in [1.000000e+00,1.000000e+00] = [3ff0000000000000,3ff0000000000000]
imag in [0.000000e+00,0.000000e+00] = [0,0]

DFFT  b1dz  max 4.797e-03s  avg 4.737e-03s  min 4.677e-03s  dev 6.003e-05s
DFFT  bd23  max 8.886e-03s  avg 8.741e-03s  min 8.596e-03s  dev 1.449e-04s
DFFT  bd32  max 1.064e-02s  avg 1.052e-02s  min 1.040e-02s  dev 1.210e-04s
DFFT  b1dy  max 4.875e-03s  avg 4.774e-03s  min 4.673e-03s  dev 1.013e-04s
DFFT  bd23  max 1.253e-02s  avg 1.248e-02s  min 1.243e-02s  dev 5.227e-05s
DFFT  bd32  max 3.433e-02s  avg 2.979e-02s  min 2.526e-02s  dev 4.534e-03s
DFFT  b1dx  max 4.760e-03s  avg 4.583e-03s  min 4.406e-03s  dev 1.766e-04s
DFFT  bd23  max 3.371e-02s  avg 2.938e-02s  min 2.505e-02s  dev 4.327e-03s
DFFT bdist  max 1.001e-01s  avg 9.091e-02s  min 8.173e-02s  dev 9.180e-03s
DFFT bdfft  max 1.411e-02s  avg 1.409e-02s  min 1.408e-02s  dev 1.531e-05s
BACKWARD    max 1.161e-01s  avg 1.161e-01s  min 1.161e-01s  dev 1.587e-05s

r-space:
a[0,0,0] = (2097152.000000,0.000000) = (4140000000000000,0)
real in [0.000000e+00,0.000000e+00] = [0,0]
imag in [0.000000e+00,0.000000e+00] = [0,0]

[PI-INFO] Paramount Iteration,0,12,3.287495,0.240216

TESTING c

[PI-INFO] Paramount Iteration,1,12,3.280283,0.240218
DFFT  fd32  max 3.474e-02s  avg 3.000e-02s  min 2.527e-02s  dev 4.733e-03s
DFFT  f1dx  max 4.810e-03s  avg 4.464e-03s  min 4.119e-03s  dev 3.455e-04s
DFFT  fd23  max 3.327e-02s  avg 2.903e-02s  min 2.480e-02s  dev 4.231e-03s
DFFT  fd32  max 1.054e-02s  avg 1.019e-02s  min 9.839e-03s  dev 3.512e-04s
DFFT  f1dy  max 4.798e-03s  avg 4.651e-03s  min 4.505e-03s  dev 1.464e-04s
DFFT  fd23  max 1.273e-02s  avg 1.236e-02s  min 1.199e-02s  dev 3.711e-04s
DFFT  fd32  max 8.677e-03s  avg 8.608e-03s  min 8.538e-03s  dev 6.969e-05s
DFFT  f1dz  max 4.698e-03s  avg 4.635e-03s  min 4.572e-03s  dev 6.332e-05s
DFFT fdist  max 9.925e-02s  avg 9.020e-02s  min 8.114e-02s  dev 9.053e-03s
DFFT fdfft  max 1.431e-02s  avg 1.375e-02s  min 1.320e-02s  dev 5.552e-04s
FORWARD     max 1.159e-01s  avg 1.158e-01s  min 1.156e-01s  dev 1.402e-04s

k-space:
real in [1.000000e+00,1.000000e+00] = [3ff0000000000000,3ff0000000000000]
imag in [0.000000e+00,0.000000e+00] = [0,0]

DFFT  b1dz  max 4.768e-03s  avg 4.698e-03s  min 4.629e-03s  dev 6.983e-05s
DFFT  bd23  max 8.777e-03s  avg 8.687e-03s  min 8.597e-03s  dev 9.003e-05s
DFFT  bd32  max 1.066e-02s  avg 1.054e-02s  min 1.043e-02s  dev 1.139e-04s
DFFT  b1dy  max 4.719e-03s  avg 4.708e-03s  min 4.696e-03s  dev 1.124e-05s
DFFT  bd23  max 1.257e-02s  avg 1.250e-02s  min 1.243e-02s  dev 6.978e-05s
DFFT  bd32  max 3.387e-02s  avg 2.941e-02s  min 2.495e-02s  dev 4.460e-03s
DFFT  b1dx  max 4.749e-03s  avg 4.545e-03s  min 4.340e-03s  dev 2.043e-04s
DFFT  bd23  max 3.450e-02s  avg 2.957e-02s  min 2.465e-02s  dev 4.927e-03s
DFFT bdist  max 1.004e-01s  avg 9.072e-02s  min 8.106e-02s  dev 9.661e-03s
DFFT bdfft  max 1.407e-02s  avg 1.395e-02s  min 1.383e-02s  dev 1.233e-04s
BACKWARD    max 1.162e-01s  avg 1.162e-01s  min 1.162e-01s  dev 2.160e-05s

r-space:
a[0,0,0] = (2097152.000000,0.000000) = (4140000000000000,0)
real in [0.000000e+00,0.000000e+00] = [0,0]
imag in [0.000000e+00,0.000000e+00] = [0,0]

[PI-INFO] Paramount Iteration,0,13,3.527123,0.239628

TESTING d

[PI-INFO] Paramount Iteration,1,13,3.519913,0.239630
DFFT  fd32  max 3.481e-02s  avg 3.009e-02s  min 2.538e-02s  dev 4.713e-03s
DFFT  f1dx  max 4.763e-03s  avg 4.476e-03s  min 4.188e-03s  dev 2.875e-04s
DFFT  fd23  max 3.342e-02s  avg 2.877e-02s  min 2.413e-02s  dev 4.647e-03s
DFFT  fd32  max 1.046e-02s  avg 1.015e-02s  min 9.840e-03s  dev 3.076e-04s
DFFT  f1dy  max 4.761e-03s  avg 4.587e-03s  min 4.412e-03s  dev 1.744e-04s
DFFT  fd23  max 1.256e-02s  avg 1.242e-02s  min 1.228e-02s  dev 1.396e-04s
DFFT  fd32  max 8.602e-03s  avg 8.558e-03s  min 8.513e-03s  dev 4.469e-05s
DFFT  f1dz  max 4.683e-03s  avg 4.644e-03s  min 4.605e-03s  dev 3.928e-05s
DFFT fdist  max 9.923e-02s  avg 9.000e-02s  min 8.076e-02s  dev 9.236e-03s
DFFT fdfft  max 1.421e-02s  avg 1.371e-02s  min 1.320e-02s  dev 5.012e-04s
FORWARD     max 1.157e-01s  avg 1.156e-01s  min 1.154e-01s  dev 1.721e-04s

k-space:
real in [1.000000e+00,1.000000e+00] = [3ff0000000000000,3ff0000000000000]
imag in [0.000000e+00,0.000000e+00] = [0,0]

DFFT  b1dz  max 4.808e-03s  avg 4.744e-03s  min 4.681e-03s  dev 6.347e-05s
DFFT  bd23  max 8.751e-03s  avg 8.693e-03s  min 8.634e-03s  dev 5.822e-05s
DFFT  bd32  max 1.063e-02s  avg 1.055e-02s  min 1.046e-02s  dev 8.564e-05s
DFFT  b1dy  max 4.742e-03s  avg 4.727e-03s  min 4.711e-03s  dev 1.564e-05s
DFFT  bd23  max 1.256e-02s  avg 1.251e-02s  min 1.247e-02s  dev 4.874e-05s
DFFT  bd32  max 3.419e-02s  avg 2.967e-02s  min 2.515e-02s  dev 4.521e-03s
DFFT  b1dx  max 4.738e-03s  avg 4.556e-03s  min 4.373e-03s  dev 1.823e-04s
DFFT  bd23  max 3.476e-02s  avg 2.985e-02s  min 2.495e-02s  dev 4.903e-03s
DFFT bdist  max 1.009e-01s  avg 9.127e-02s  min 8.166e-02s  dev 9.617e-03s
DFFT bdfft  max 1.413e-02s  avg 1.403e-02s  min 1.392e-02s  dev 1.032e-04s
BACKWARD    max 1.168e-01s  avg 1.168e-01s  min 1.168e-01s  dev 1.627e-05s

r-space:
a[0,0,0] = (2097152.000000,0.000000) = (4140000000000000,0)
real in [0.000000e+00,0.000000e+00] = [0,0]
imag in [0.000000e+00,0.000000e+00] = [0,0]

[PI-INFO] Paramount Iteration,0,14,3.767125,0.240002

TESTING e

[PI-INFO] Paramount Iteration,1,14,3.759917,0.240004
DFFT  fd32  max 3.478e-02s  avg 3.007e-02s  min 2.536e-02s  dev 4.709e-03s
DFFT  f1dx  max 4.755e-03s  avg 4.472e-03s  min 4.190e-03s  dev 2.826e-04s
DFFT  fd23  max 3.264e-02s  avg 2.867e-02s  min 2.471e-02s  dev 3.967e-03s
DFFT  fd32  max 1.049e-02s  avg 1.024e-02s  min 9.986e-03s  dev 2.504e-04s
DFFT  f1dy  max 4.726e-03s  avg 4.613e-03s  min 4.500e-03s  dev 1.131e-04s
DFFT  fd23  max 1.268e-02s  avg 1.238e-02s  min 1.208e-02s  dev 3.007e-04s
DFFT  fd32  max 8.639e-03s  avg 8.592e-03s  min 8.544e-03s  dev 4.760e-05s
DFFT  f1dz  max 4.652e-03s  avg 4.610e-03s  min 4.567e-03s  dev 4.245e-05s
DFFT fdist  max 9.872e-02s  avg 8.995e-02s  min 8.117e-02s  dev 8.774e-03s
DFFT fdfft  max 1.413e-02s  avg 1.369e-02s  min 1.326e-02s  dev 4.382e-04s
FORWARD     max 1.150e-01s  avg 1.148e-01s  min 1.147e-01s  dev 1.678e-04s

k-space:
real in [1.000000e+00,1.000000e+00] = [3ff0000000000000,3ff0000000000000]
imag in [0.000000e+00,0.000000e+00] = [0,0]

DFFT  b1dz  max 4.917e-03s  avg 4.806e-03s  min 4.694e-03s  dev 1.115e-04s
DFFT  bd23  max 8.737e-03s  avg 8.653e-03s  min 8.570e-03s  dev 8.338e-05s
DFFT  bd32  max 1.060e-02s  avg 1.051e-02s  min 1.042e-02s  dev 8.619e-05s
DFFT  b1dy  max 4.755e-03s  avg 4.736e-03s  min 4.718e-03s  dev 1.843e-05s
DFFT  bd23  max 1.252e-02s  avg 1.246e-02s  min 1.239e-02s  dev 6.484e-05s
DFFT  bd32  max 3.438e-02s  avg 2.981e-02s  min 2.525e-02s  dev 4.567e-03s
DFFT  b1dx  max 4.736e-03s  avg 4.576e-03s  min 4.417e-03s  dev 1.594e-04s
DFFT  bd23  max 3.346e-02s  avg 2.907e-02s  min 2.469e-02s  dev 4.384e-03s
DFFT bdist  max 9.969e-02s  avg 9.051e-02s  min 8.132e-02s  dev 9.185e-03s
DFFT bdfft  max 1.415e-02s  avg 1.412e-02s  min 1.409e-02s  dev 2.951e-05s
BACKWARD    max 1.157e-01s  avg 1.157e-01s  min 1.156e-01s  dev 1.875e-05s

r-space:
a[0,0,0] = (2097152.000000,0.000000) = (4140000000000000,0)
real in [0.000000e+00,0.000000e+00] = [0,0]
imag in [0.000000e+00,0.000000e+00] = [0,0]

[PI-INFO] Paramount Iteration,0,15,4.005264,0.238139
[PI-INFO] PI avg,0,0.240539,15
[PI-INFO] Beta,0,0.000003
[PI-INFO] Total time,4.005272
[PI-INFO] Paramount Iteration,1,15,3.998048,0.238131
[PI-INFO] PI avg,1,0.240539,15
[PI-INFO] Beta,1,0.000006
[ip-172-31-8-222:16766] 1 more process has sent help message help-mpi-btl-base.txt / btl:no-nics
[ip-172-31-8-222:16766] Set MCA parameter "orte_base_help_aggregate" to 0 to see all help / error messages
--------------------------------------------------------------------------
mpirun has exited due to process rank 0 with PID 0 on
node ip-172-31-8-222 exiting improperly. There are three reasons this could occur:

1. this process did not call "init" before exiting, but others in
the job did. This can cause a job to hang indefinitely while it waits
for all processes to call "init". By rule, if one process calls "init",
then ALL processes must call "init" prior to termination.

2. this process called "init", but exited without calling "finalize".
By rule, all processes that call "init" MUST call "finalize" prior to
exiting or it will be considered an "abnormal termination"

3. this process called "MPI_Abort" or "orte_abort" and the mca parameter
orte_create_session_dirs is set to false. In this case, the run-time cannot
detect that the abort call was an abnormal termination. Hence, the only
error message you will receive is this one.

This may have caused other processes in the application to be
terminated by signals sent by mpirun (as reported here).

You can avoid this message by specifying -quiet on the mpirun command line.
--------------------------------------------------------------------------
Command exited with non-zero status 1
	Command being timed: "mpirun --hostfile /home/ubuntu/PI-Bench/ECP-Proxy-Apps/hostfile -n 2 ./build/TestDfft 1000 128"
	User time (seconds): 3.35
	System time (seconds): 0.59
	Percent of CPU this job got: 59%
	Elapsed (wall clock) time (h:mm:ss or m:ss): 0:06.59
	Average shared text size (kbytes): 0
	Average unshared data size (kbytes): 0
	Average stack size (kbytes): 0
	Average total size (kbytes): 0
	Maximum resident set size (kbytes): 81404
	Average resident set size (kbytes): 0
	Major (requiring I/O) page faults: 4
	Minor (reclaiming a frame) page faults: 21375
	Voluntary context switches: 1240
	Involuntary context switches: 20
	Swaps: 0
	File system inputs: 0
	File system outputs: 16488
	Socket messages sent: 0
	Socket messages received: 0
	Signals delivered: 0
	Page size (bytes): 4096
	Exit status: 1
