--------------------------------------------------------------------------
[[17187,1],0]: A high-performance Open MPI point-to-point messaging module
was unable to find any relevant network interfaces:

Module: OpenFabrics (openib)
  Host: ip-172-31-3-141

Another transport will be used instead, although this may result in
lower performance.

NOTE: You can disable this warning by setting the MCA parameter
btl_base_warn_component_unused to 0.
--------------------------------------------------------------------------
 Number of processors:           2
 REAL    wdsize      :           8
 INTEGER wdsize      :           4
 ifmgrid    : F     ifbrick    : T
[PI-INFO] Init time,0,0.134185

 Processor Distribution:  npx,npy,npz=           2           1           1
 Element Distribution: nelx,nely,nelz=           2           1           1
 Local Element Distribution: mx,my,mz=           1           1           1
[PI-INFO] Init time,1,0.125977
gs_setup: 100 unique labels shared
   pairwise times (avg, min, max): 3.02871e-05 2.97703e-05 3.08039e-05
   crystal router                : 3.1777e-05 3.11232e-05 3.24308e-05
   all reduce                    : 3.02069e-05 2.99566e-05 3.04573e-05
   used all_to_all method: allreduce

cg:   0  2.3208E+01
cg: 101  2.8487E-19  4.3056E-01  3.2356E-01  6.2182E-37
cg:   0  2.3208E+01
cg: 101  2.8487E-19  4.3056E-01  3.2356E-01  6.2182E-37

nelt =       1, np =         2, nx1 =      10, elements =         2
Tot MFlops =   0.0000E+00, MFlops      =   0.0000E+00
Setup Flop =   1.3900E+07, Solver Flop =   1.5150E+06
Solve Time =   0.0000E+00
[PI-INFO] Paramount Iteration,0,1,0.165586,0.031401

 Processor Distribution:  npx,npy,npz=           2           1           1
 Element Distribution: nelx,nely,nelz=           4           1           1
 Local Element Distribution: mx,my,mz=           2           1           1
[PI-INFO] Paramount Iteration,1,1,0.157290,0.031313
gs_setup: 100 unique labels shared
   pairwise times (avg, min, max): 3.00296e-05 2.95953e-05 3.0464e-05
   crystal router                : 3.31527e-05 3.25088e-05 3.37966e-05
   all reduce                    : 3.11036e-05 3.03142e-05 3.18931e-05
   used all_to_all method: pairwise

cg:   0  3.3202E+01
cg: 101  9.6649E-10  4.6003E-01  5.8262E-01  3.5590E-18
cg:   0  3.8367E+01
cg: 101  1.7457E-09  4.0333E-01  6.2529E-01  1.3390E-17

nelt =       2, np =         2, nx1 =      10, elements =         4
Tot MFlops =   0.0000E+00, MFlops      =   0.0000E+00
Setup Flop =   2.7800E+07, Solver Flop =   3.0300E+06
Solve Time =   0.0000E+00
[PI-INFO] Paramount Iteration,0,2,0.201037,0.035451

 Processor Distribution:  npx,npy,npz=           2           1           1
 Element Distribution: nelx,nely,nelz=           6           1           1
 Local Element Distribution: mx,my,mz=           3           1           1
[PI-INFO] Paramount Iteration,1,2,0.192749,0.035459
gs_setup: 100 unique labels shared
   pairwise times (avg, min, max): 3.05927e-05 3.02047e-05 3.09807e-05
   crystal router                : 3.04064e-05 3.01748e-05 3.06379e-05
   all reduce                    : 3.08114e-05 3.05319e-05 3.10909e-05
   used all_to_all method: crystal router

cg:   0  4.0656E+01
cg: 101  1.8913E-09  4.4211E-01  6.0118E-01  1.3343E-17
cg:   0  4.8346E+01
cg: 101  3.2590E-09  3.9528E-01  6.4279E-01  4.7293E-17

nelt =       3, np =         2, nx1 =      10, elements =         6
Tot MFlops =   0.0000E+00, MFlops      =   0.0000E+00
Setup Flop =   4.1700E+07, Solver Flop =   4.5450E+06
Solve Time =   0.0000E+00
[PI-INFO] Paramount Iteration,0,3,0.242275,0.041238

 Processor Distribution:  npx,npy,npz=           2           1           1
 Element Distribution: nelx,nely,nelz=           4           2           1
 Local Element Distribution: mx,my,mz=           2           2           1
[PI-INFO] Paramount Iteration,1,3,0.233978,0.041229
gs_setup: 190 unique labels shared
   pairwise times (avg, min, max): 3.17358e-05 3.16685e-05 3.1803e-05
   crystal router                : 3.20452e-05 3.19626e-05 3.21277e-05
   all reduce                    : 3.14304e-05 3.13552e-05 3.15056e-05
   used all_to_all method: allreduce

cg:   0  4.7194E+01
cg: 101  2.7296E-09  4.3449E-01  6.2572E-01  2.6939E-17
cg:   0  5.5035E+01
cg: 101  4.4319E-09  3.9883E-01  6.4438E-01  7.6849E-17

nelt =       4, np =         2, nx1 =      10, elements =         8
Tot MFlops =   0.0000E+00, MFlops      =   0.0000E+00
Setup Flop =   5.5600E+07, Solver Flop =   6.0600E+06
Solve Time =   0.0000E+00
[PI-INFO] Paramount Iteration,0,4,0.290325,0.048050

 Processor Distribution:  npx,npy,npz=           2           1           1
 Element Distribution: nelx,nely,nelz=          10           1           1
 Local Element Distribution: mx,my,mz=           5           1           1
[PI-INFO] Paramount Iteration,1,4,0.282015,0.048037
gs_setup: 100 unique labels shared
   pairwise times (avg, min, max): 3.17565e-05 3.15942e-05 3.19188e-05
   crystal router                : 3.30776e-05 3.26013e-05 3.35538e-05
   all reduce                    : 3.25036e-05 3.19591e-05 3.30482e-05
   used all_to_all method: pairwise

cg:   0  5.2251E+01
cg: 101  4.2055E-09  4.2553E-01  6.0442E-01  6.3537E-17
cg:   0  6.3313E+01
cg: 101  6.6679E-09  4.3160E-01  6.1603E-01  1.6755E-16

nelt =       5, np =         2, nx1 =      10, elements =        10
Tot MFlops =   0.0000E+00, MFlops      =   0.0000E+00
Setup Flop =   6.9500E+07, Solver Flop =   7.5750E+06
Solve Time =   0.0000E+00
[PI-INFO] Paramount Iteration,0,5,0.343561,0.053236

 Processor Distribution:  npx,npy,npz=           2           1           1
 Element Distribution: nelx,nely,nelz=           6           2           1
 Local Element Distribution: mx,my,mz=           3           2           1
[PI-INFO] Paramount Iteration,1,5,0.335244,0.053229
gs_setup: 190 unique labels shared
   pairwise times (avg, min, max): 3.13152e-05 3.10248e-05 3.16056e-05
   crystal router                : 3.20826e-05 3.15016e-05 3.26635e-05
   all reduce                    : 3.26553e-05 3.24108e-05 3.28997e-05
   used all_to_all method: pairwise

cg:   0  5.8001E+01
cg: 101  4.2652E-09  4.0029E-01  6.3592E-01  7.3251E-17
cg:   0  6.7930E+01
cg: 101  5.8528E-09  4.1077E-01  6.4823E-01  1.3437E-16

nelt =       6, np =         2, nx1 =      10, elements =        12
Tot MFlops =   0.0000E+00, MFlops      =   0.0000E+00
Setup Flop =   8.3400E+07, Solver Flop =   9.0900E+06
Solve Time =   0.0000E+00
[PI-INFO] Paramount Iteration,0,6,0.397340,0.053779

 Processor Distribution:  npx,npy,npz=           2           1           1
 Element Distribution: nelx,nely,nelz=          14           1           1
 Local Element Distribution: mx,my,mz=           7           1           1
[PI-INFO] Paramount Iteration,1,6,0.389049,0.053805
gs_setup: 100 unique labels shared
   pairwise times (avg, min, max): 3.02562e-05 2.9859e-05 3.06535e-05
   crystal router                : 3.09681e-05 3.09145e-05 3.10218e-05
   all reduce                    : 3.17218e-05 3.14514e-05 3.19923e-05
   used all_to_all method: pairwise

cg:   0  6.1653E+01
cg: 101  4.9986E-09  4.2061E-01  6.3034E-01  9.2523E-17
cg:   0  7.5600E+01
cg: 101  7.9478E-09  4.1155E-01  6.2675E-01  2.4465E-16

nelt =       7, np =         2, nx1 =      10, elements =        14
Tot MFlops =   0.0000E+00, MFlops      =   0.0000E+00
Setup Flop =   9.7300E+07, Solver Flop =   1.0605E+07
Solve Time =   0.0000E+00
[PI-INFO] Paramount Iteration,0,7,0.454962,0.057622

 Processor Distribution:  npx,npy,npz=           2           1           1
 Element Distribution: nelx,nely,nelz=           4           2           2
 Local Element Distribution: mx,my,mz=           2           2           2
[PI-INFO] Paramount Iteration,1,7,0.446649,0.057600
gs_setup: 361 unique labels shared
   pairwise times (avg, min, max): 3.32601e-05 3.30059e-05 3.35144e-05
   crystal router                : 3.27892e-05 3.26509e-05 3.29275e-05
   all reduce                    : 3.35289e-05 3.33575e-05 3.37004e-05
   used all_to_all method: crystal router

cg:   0  6.7460E+01
cg: 101  4.7714E-09  4.1568E-01  6.3488E-01  8.7314E-17
cg:   0  7.6683E+01
cg: 101  7.1445E-09  4.1462E-01  6.2479E-01  2.0059E-16

nelt =       8, np =         2, nx1 =      10, elements =        16
Tot MFlops =   0.0000E+00, MFlops      =   0.0000E+00
Setup Flop =   1.1120E+08, Solver Flop =   1.2120E+07
Solve Time =   0.0000E+00
[PI-INFO] Paramount Iteration,0,8,0.519030,0.064068

 Processor Distribution:  npx,npy,npz=           2           1           1
 Element Distribution: nelx,nely,nelz=           6           3           1
 Local Element Distribution: mx,my,mz=           3           3           1
[PI-INFO] Paramount Iteration,1,8,0.510723,0.064074
gs_setup: 280 unique labels shared
   pairwise times (avg, min, max): 3.35595e-05 3.35587e-05 3.35602e-05
   crystal router                : 3.37953e-05 3.33994e-05 3.41913e-05
   all reduce                    : 3.35174e-05 3.32994e-05 3.37353e-05
   used all_to_all method: pairwise

cg:   0  7.1152E+01
cg: 101  5.8108E-09  4.2327E-01  6.3267E-01  1.2097E-16
cg:   0  8.2645E+01
cg: 101  8.6211E-09  4.2694E-01  6.1954E-01  2.6802E-16

nelt =       9, np =         2, nx1 =      10, elements =        18
[PI-INFO] Paramount Iteration,1,9,0.593841,0.083118
Tot MFlops =   0.0000E+00, MFlops      =   0.0000E+00
Setup Flop =   1.2510E+08, Solver Flop =   1.3635E+07
Solve Time =   0.0000E+00
[PI-INFO] Paramount Iteration,0,9,0.602448,0.083418

 Processor Distribution:  npx,npy,npz=           2           1           1
 Element Distribution: nelx,nely,nelz=          10           2           1
 Local Element Distribution: mx,my,mz=           5           2           1
gs_setup: 190 unique labels shared
   pairwise times (avg, min, max): 3.31908e-05 3.27149e-05 3.36666e-05
   crystal router                : 3.92397e-05 3.92138e-05 3.92656e-05
   all reduce                    : 3.46894e-05 3.38886e-05 3.54901e-05
   used all_to_all method: pairwise

cg:   0  7.4696E+01
cg: 101  5.9852E-09  4.0647E-01  6.2501E-01  1.4827E-16
cg:   0  8.7910E+01
cg: 101  8.7598E-09  3.9734E-01  6.2326E-01  3.1461E-16

nelt =      10, np =         2, nx1 =      10, elements =        20
Tot MFlops =   0.0000E+00, MFlops      =   0.0000E+00
Setup Flop =   1.3900E+08, Solver Flop =   1.5150E+07
Solve Time =   0.0000E+00
[PI-INFO] Paramount Iteration,1,10,0.709317,0.115476
[PI-INFO] Paramount Iteration,0,10,0.717774,0.115326

 Processor Distribution:  npx,npy,npz=           2           1           1
 Element Distribution: nelx,nely,nelz=          22           1           1
 Local Element Distribution: mx,my,mz=          11           1           1
gs_setup: 100 unique labels shared
   pairwise times (avg, min, max): 3.22712e-05 3.20895e-05 3.24529e-05
   crystal router                : 3.32197e-05 3.22892e-05 3.41501e-05
   all reduce                    : 3.31371e-05 3.24405e-05 3.38336e-05
   used all_to_all method: pairwise

cg:   0  7.7050E+01
cg: 101  6.5001E-09  4.0786E-01  6.5030E-01  1.6429E-16
cg:   0  9.5215E+01
cg: 101  9.9398E-09  4.0744E-01  6.3608E-01  3.8985E-16

nelt =      11, np =         2, nx1 =      10, elements =        22
Tot MFlops =   0.0000E+00, MFlops      =   0.0000E+00
Setup Flop =   1.5290E+08, Solver Flop =   1.6665E+07
Solve Time =   0.0000E+00
[PI-INFO] Paramount Iteration,0,11,0.813169,0.095395

 Processor Distribution:  npx,npy,npz=           2           1           1
 Element Distribution: nelx,nely,nelz=           6           2           2
 Local Element Distribution: mx,my,mz=           3           2           2
[PI-INFO] Paramount Iteration,1,11,0.804849,0.095532
gs_setup: 361 unique labels shared
   pairwise times (avg, min, max): 3.34393e-05 3.3142e-05 3.37366e-05
   crystal router                : 3.36113e-05 3.34744e-05 3.37483e-05
   all reduce                    : 3.45575e-05 3.40216e-05 3.50933e-05
   used all_to_all method: pairwise

cg:   0  8.2681E+01
cg: 101  6.7698E-09  4.1269E-01  6.1187E-01  1.7641E-16
cg:   0  9.3666E+01
cg: 101  9.4359E-09  4.2281E-01  6.1416E-01  3.3360E-16

nelt =      12, np =         2, nx1 =      10, elements =        24
Tot MFlops =   0.0000E+00, MFlops      =   0.0000E+00
Setup Flop =   1.6680E+08, Solver Flop =   1.8180E+07
Solve Time =   0.0000E+00
[PI-INFO] Paramount Iteration,0,12,0.896510,0.083341

 Processor Distribution:  npx,npy,npz=           2           1           1
 Element Distribution: nelx,nely,nelz=          26           1           1
 Local Element Distribution: mx,my,mz=          13           1           1
[PI-INFO] Paramount Iteration,1,12,0.888179,0.083330
gs_setup: 100 unique labels shared
   pairwise times (avg, min, max): 3.03218e-05 3.0049e-05 3.05946e-05
   crystal router                : 3.14817e-05 3.12959e-05 3.16674e-05
   all reduce                    : 3.05058e-05 3.04942e-05 3.05175e-05
   used all_to_all method: allreduce

cg:   0  8.3867E+01
cg: 101  7.3200E-09  4.0677E-01  6.5748E-01  2.0726E-16
cg:   0  1.0377E+02
cg: 101  1.0581E-08  4.0685E-01  6.4732E-01  4.4110E-16

nelt =      13, np =         2, nx1 =      10, elements =        26
Tot MFlops =   0.0000E+00, MFlops      =   0.0000E+00
Setup Flop =   1.8070E+08, Solver Flop =   1.9695E+07
Solve Time =   0.0000E+00
[PI-INFO] Paramount Iteration,0,13,0.984167,0.087657

 Processor Distribution:  npx,npy,npz=           2           1           1
 Element Distribution: nelx,nely,nelz=          14           2           1
 Local Element Distribution: mx,my,mz=           7           2           1
[PI-INFO] Paramount Iteration,1,13,0.975848,0.087669
gs_setup: 190 unique labels shared
   pairwise times (avg, min, max): 3.25849e-05 3.2471e-05 3.26988e-05
   crystal router                : 3.16891e-05 3.15151e-05 3.18631e-05
   all reduce                    : 3.21666e-05 3.2025e-05 3.23083e-05
   used all_to_all method: crystal router

cg:   0  8.8087E+01
cg: 101  7.9169E-09  4.1426E-01  6.3336E-01  2.4903E-16
cg:   0  1.0419E+02
cg: 101  1.1782E-08  4.1463E-01  6.2967E-01  5.5389E-16

nelt =      14, np =         2, nx1 =      10, elements =        28
Tot MFlops =   0.0000E+00, MFlops      =   0.0000E+00
Setup Flop =   1.9460E+08, Solver Flop =   2.1210E+07
Solve Time =   0.0000E+00
[PI-INFO] Paramount Iteration,0,14,1.078501,0.094334

 Processor Distribution:  npx,npy,npz=           2           1           1
 Element Distribution: nelx,nely,nelz=          10           3           1
 Local Element Distribution: mx,my,mz=           5           3           1
[PI-INFO] Paramount Iteration,1,14,1.070149,0.094301
gs_setup: 280 unique labels shared
   pairwise times (avg, min, max): 3.2913e-05 3.24763e-05 3.33497e-05
   crystal router                : 3.30113e-05 3.29971e-05 3.30256e-05
   all reduce                    : 3.32705e-05 3.31505e-05 3.33905e-05
   used all_to_all method: crystal router

cg:   0  9.1604E+01
cg: 101  8.7998E-09  4.0873E-01  6.0604E-01  3.1249E-16
cg:   0  1.0672E+02
cg: 101  1.2867E-08  4.1806E-01  6.1189E-01  6.2383E-16

nelt =      15, np =         2, nx1 =      10, elements =        30
Tot MFlops =   0.0000E+00, MFlops      =   0.0000E+00
Setup Flop =   2.0850E+08, Solver Flop =   2.2725E+07
Solve Time =   0.0000E+00
[PI-INFO] Paramount Iteration,0,15,1.178579,0.100078
[PI-INFO] PI avg,0,0.069626,15
[PI-INFO] Beta,0,0.000011
[PI-INFO] Total time,1.178589
[PI-INFO] Paramount Iteration,1,15,1.170243,0.100094
[PI-INFO] PI avg,1,0.069618,15
[PI-INFO] Beta,1,0.000025
--------------------------------------------------------------------------
mpirun has exited due to process rank 0 with PID 0 on
node ip-172-31-3-141 exiting improperly. There are three reasons this could occur:

1. this process did not call "init" before exiting, but others in
the job did. This can cause a job to hang indefinitely while it waits
for all processes to call "init". By rule, if one process calls "init",
then ALL processes must call "init" prior to termination.

2. this process called "init", but exited without calling "finalize".
By rule, all processes that call "init" MUST call "finalize" prior to
exiting or it will be considered an "abnormal termination"

3. this process called "MPI_Abort" or "orte_abort" and the mca parameter
orte_create_session_dirs is set to false. In this case, the run-time cannot
detect that the abort call was an abnormal termination. Hence, the only
error message you will receive is this one.

This may have caused other processes in the application to be
terminated by signals sent by mpirun (as reported here).

You can avoid this message by specifying -quiet on the mpirun command line.
--------------------------------------------------------------------------
[ip-172-31-3-141:18380] 1 more process has sent help message help-mpi-btl-base.txt / btl:no-nics
[ip-172-31-3-141:18380] Set MCA parameter "orte_base_help_aggregate" to 0 to see all help / error messages
