--------------------------------------------------------------------------
[[62411,1],0]: A high-performance Open MPI point-to-point messaging module
was unable to find any relevant network interfaces:

Module: OpenFabrics (openib)
  Host: ip-172-31-2-179

Another transport will be used instead, although this may result in
lower performance.

NOTE: You can disable this warning by setting the MCA parameter
btl_base_warn_component_unused to 0.
--------------------------------------------------------------------------
 Number of processors:           8
 REAL    wdsize      :           8
 INTEGER wdsize      :           4
 ifmgrid    : F     ifbrick    : T
[PI-INFO] Init time,0,0.139354

 Processor Distribution:  npx,npy,npz=           2           2           2
 Element Distribution: nelx,nely,nelz=           2           2           2
 Local Element Distribution: mx,my,mz=           1           1           1
[PI-INFO] Init time,4,0.131091
[PI-INFO] Init time,1,0.131095
[PI-INFO] Init time,5,0.131022
[PI-INFO] Init time,3,0.131103
[PI-INFO] Init time,7,0.131308
[PI-INFO] Init time,6,0.131744
[PI-INFO] Init time,2,0.131493
gs_setup: 1027 unique labels shared
   pairwise times (avg, min, max): 6.93492e-05 6.6411e-05 7.19917e-05
   crystal router                : 0.000102519 9.95547e-05 0.00010697
   all reduce                    : 0.000131051 0.000129503 0.000134711
   used all_to_all method: pairwise

cg:   0  4.7484E+01
cg: 101  2.6710E-12  4.3218E-01  5.2680E-01  2.7949E-23
cg:   0  4.7484E+01
cg: 101  2.6710E-12  4.3218E-01  5.2680E-01  2.7949E-23

nelt =       1, np =         8, nx1 =      10, elements =         8
Tot MFlops =   0.0000E+00, MFlops      =   0.0000E+00
Setup Flop =   1.3900E+07, Solver Flop =   1.5150E+06
Solve Time =   0.0000E+00
[PI-INFO] Paramount Iteration,0,1,0.227231,0.087877

 Processor Distribution:  npx,npy,npz=           2           2           2
 Element Distribution: nelx,nely,nelz=           4           2           2
 Local Element Distribution: mx,my,mz=           2           1           1
[PI-INFO] Paramount Iteration,1,1,0.218858,0.087764
[PI-INFO] Paramount Iteration,3,1,0.218838,0.087735
[PI-INFO] Paramount Iteration,7,1,0.219007,0.087699
[PI-INFO] Paramount Iteration,5,1,0.218777,0.087755
[PI-INFO] Paramount Iteration,4,1,0.218890,0.087799
[PI-INFO] Paramount Iteration,6,1,0.219494,0.087750
[PI-INFO] Paramount Iteration,2,1,0.219267,0.087774
gs_setup: 1693 unique labels shared
   pairwise times (avg, min, max): 7.06136e-05 6.52666e-05 7.405e-05
   crystal router                : 0.000101507 9.94132e-05 0.000106543
   all reduce                    : 0.000437262 0.000435707 0.000439757
   used all_to_all method: pairwise

cg:   0  6.8166E+01
cg: 101  3.1952E-09  4.3638E-01  6.0826E-01  3.6207E-17
cg:   0  7.3778E+01
cg: 101  4.7607E-09  4.0821E-01  6.5542E-01  8.7705E-17

nelt =       2, np =         8, nx1 =      10, elements =        16
Tot MFlops =   0.0000E+00, MFlops      =   0.0000E+00
Setup Flop =   2.7800E+07, Solver Flop =   3.0300E+06
Solve Time =   0.0000E+00
[PI-INFO] Paramount Iteration,0,2,0.323223,0.095992

 Processor Distribution:  npx,npy,npz=           2           2           2
 Element Distribution: nelx,nely,nelz=           6           2           2
 Local Element Distribution: mx,my,mz=           3           1           1
[PI-INFO] Paramount Iteration,3,2,0.314815,0.095977
[PI-INFO] Paramount Iteration,7,2,0.314995,0.095988
[PI-INFO] Paramount Iteration,1,2,0.314876,0.096018
[PI-INFO] Paramount Iteration,5,2,0.314754,0.095977
[PI-INFO] Paramount Iteration,6,2,0.315503,0.096009
[PI-INFO] Paramount Iteration,4,2,0.314891,0.096001
[PI-INFO] Paramount Iteration,2,2,0.315257,0.095990
gs_setup: 2359 unique labels shared
   pairwise times (avg, min, max): 7.32049e-05 7.10629e-05 7.60756e-05
   crystal router                : 0.000109775 0.000107362 0.000113175
   all reduce                    : 0.000452629 0.000446085 0.000456273
   used all_to_all method: pairwise

cg:   0  8.3678E+01
cg: 101  4.8991E-09  4.3003E-01  6.1548E-01  8.6366E-17
cg:   0  9.1700E+01
cg: 101  7.5089E-09  4.3395E-01  6.2130E-01  2.0496E-16

nelt =       3, np =         8, nx1 =      10, elements =        24
Tot MFlops =   0.0000E+00, MFlops      =   0.0000E+00
Setup Flop =   4.1700E+07, Solver Flop =   4.5450E+06
Solve Time =   0.0000E+00
[PI-INFO] Paramount Iteration,0,3,0.427451,0.104228

 Processor Distribution:  npx,npy,npz=           2           2           2
 Element Distribution: nelx,nely,nelz=           4           4           2
 Local Element Distribution: mx,my,mz=           2           2           1
[PI-INFO] Paramount Iteration,3,3,0.419061,0.104246
[PI-INFO] Paramount Iteration,7,3,0.419234,0.104239
[PI-INFO] Paramount Iteration,1,3,0.419098,0.104222
[PI-INFO] Paramount Iteration,5,3,0.419000,0.104246
[PI-INFO] Paramount Iteration,6,3,0.419727,0.104224
[PI-INFO] Paramount Iteration,4,3,0.419118,0.104227
[PI-INFO] Paramount Iteration,2,3,0.419482,0.104225
gs_setup: 2683 unique labels shared
   pairwise times (avg, min, max): 7.6731e-05 7.15858e-05 8.07731e-05
   crystal router                : 0.000110448 0.000106745 0.000113852
   all reduce                    : 0.000459256 0.000457132 0.000461298
   used all_to_all method: pairwise

cg:   0  9.6462E+01
cg: 101  7.3664E-09  4.1422E-01  6.2034E-01  2.0595E-16
cg:   0  1.0534E+02
cg: 101  1.0003E-08  4.1373E-01  6.3150E-01  3.7796E-16

nelt =       4, np =         8, nx1 =      10, elements =        32
Tot MFlops =   0.0000E+00, MFlops      =   0.0000E+00
Setup Flop =   5.5600E+07, Solver Flop =   6.0600E+06
Solve Time =   0.0000E+00
[PI-INFO] Paramount Iteration,0,4,0.538138,0.110687

 Processor Distribution:  npx,npy,npz=           2           2           2
 Element Distribution: nelx,nely,nelz=          10           2           2
 Local Element Distribution: mx,my,mz=           5           1           1
[PI-INFO] Paramount Iteration,3,4,0.529731,0.110670
[PI-INFO] Paramount Iteration,7,4,0.529898,0.110664
[PI-INFO] Paramount Iteration,2,4,0.530142,0.110660
[PI-INFO] Paramount Iteration,1,4,0.529801,0.110703
[PI-INFO] Paramount Iteration,5,4,0.529674,0.110674
[PI-INFO] Paramount Iteration,6,4,0.530382,0.110655
[PI-INFO] Paramount Iteration,4,4,0.529787,0.110669
gs_setup: 3691 unique labels shared
   pairwise times (avg, min, max): 7.32129e-05 6.81236e-05 7.5976e-05
   crystal router                : 0.000114982 0.00011137 0.000118374
   all reduce                    : 0.000464795 0.000462402 0.000466985
   used all_to_all method: pairwise

cg:   0  1.0765E+02
cg: 101  1.0001E-08  3.9899E-01  6.2369E-01  3.9619E-16
cg:   0  1.1901E+02
cg: 101  1.2947E-08  3.9998E-01  6.3951E-01  6.4291E-16

nelt =       5, np =         8, nx1 =      10, elements =        40
Tot MFlops =   0.0000E+00, MFlops      =   0.0000E+00
Setup Flop =   6.9500E+07, Solver Flop =   7.5750E+06
Solve Time =   0.0000E+00
[PI-INFO] Paramount Iteration,0,5,0.654120,0.115982

 Processor Distribution:  npx,npy,npz=           2           2           2
 Element Distribution: nelx,nely,nelz=           6           4           2
 Local Element Distribution: mx,my,mz=           3           2           1
[PI-INFO] Paramount Iteration,7,5,0.645891,0.115993
[PI-INFO] Paramount Iteration,3,5,0.645723,0.115992
[PI-INFO] Paramount Iteration,5,5,0.645670,0.115996
[PI-INFO] Paramount Iteration,6,5,0.646373,0.115991
[PI-INFO] Paramount Iteration,4,5,0.645789,0.116002
[PI-INFO] Paramount Iteration,2,5,0.646137,0.115995
[PI-INFO] Paramount Iteration,1,5,0.645775,0.115974
gs_setup: 3673 unique labels shared
   pairwise times (avg, min, max): 7.43573e-05 7.04768e-05 7.81448e-05
   crystal router                : 0.000113847 0.000111609 0.000117224
   all reduce                    : 0.000471073 0.000466387 0.000476082
   used all_to_all method: pairwise

cg:   0  1.1869E+02
cg: 101  9.2718E-09  4.2473E-01  6.2137E-01  3.1865E-16
cg:   0  1.2949E+02
cg: 101  1.1948E-08  4.2006E-01  6.2989E-01  5.2747E-16

nelt =       6, np =         8, nx1 =      10, elements =        48
Tot MFlops =   0.0000E+00, MFlops      =   0.0000E+00
Setup Flop =   8.3400E+07, Solver Flop =   9.0900E+06
Solve Time =   0.0000E+00
[PI-INFO] Paramount Iteration,0,6,0.773467,0.119347

 Processor Distribution:  npx,npy,npz=           2           2           2
 Element Distribution: nelx,nely,nelz=          14           2           2
 Local Element Distribution: mx,my,mz=           7           1           1
[PI-INFO] Paramount Iteration,7,6,0.765200,0.119309
[PI-INFO] Paramount Iteration,6,6,0.765655,0.119282
[PI-INFO] Paramount Iteration,2,6,0.765435,0.119298
[PI-INFO] Paramount Iteration,1,6,0.765090,0.119315
[PI-INFO] Paramount Iteration,3,6,0.765032,0.119309
[PI-INFO] Paramount Iteration,5,6,0.764983,0.119313
[PI-INFO] Paramount Iteration,4,6,0.765091,0.119302
gs_setup: 5023 unique labels shared
   pairwise times (avg, min, max): 7.56744e-05 7.01189e-05 7.90599e-05
   crystal router                : 0.000131392 0.000127115 0.000135143
   all reduce                    : 0.000489989 0.000487041 0.000493094
   used all_to_all method: pairwise

cg:   0  1.2712E+02
cg: 101  1.1137E-08  4.1570E-01  6.1380E-01  4.7927E-16
cg:   0  1.4131E+02
cg: 101  1.4968E-08  4.1957E-01  6.2424E-01  8.4765E-16

nelt =       7, np =         8, nx1 =      10, elements =        56
Tot MFlops =   0.0000E+00, MFlops      =   0.0000E+00
Setup Flop =   9.7300E+07, Solver Flop =   1.0605E+07
Solve Time =   0.0000E+00
[PI-INFO] Paramount Iteration,0,7,0.897901,0.124434

 Processor Distribution:  npx,npy,npz=           2           2           2
 Element Distribution: nelx,nely,nelz=           4           4           4
 Local Element Distribution: mx,my,mz=           2           2           2
[PI-INFO] Paramount Iteration,7,7,0.889605,0.124405
[PI-INFO] Paramount Iteration,6,7,0.890072,0.124417
[PI-INFO] Paramount Iteration,2,7,0.889833,0.124398
[PI-INFO] Paramount Iteration,1,7,0.889486,0.124396
[PI-INFO] Paramount Iteration,3,7,0.889442,0.124410
[PI-INFO] Paramount Iteration,5,7,0.889388,0.124405
[PI-INFO] Paramount Iteration,4,7,0.889486,0.124395
gs_setup: 3997 unique labels shared
   pairwise times (avg, min, max): 6.93666e-05 6.57939e-05 7.17381e-05
   crystal router                : 0.000109068 0.000105443 0.000113469
   all reduce                    : 0.000463649 0.000461318 0.000465561
   used all_to_all method: pairwise

cg:   0  1.3709E+02
cg: 101  1.1146E-08  4.1800E-01  6.3376E-01  4.6210E-16
cg:   0  1.4811E+02
cg: 101  1.4958E-08  4.1188E-01  6.4759E-01  8.5344E-16

nelt =       8, np =         8, nx1 =      10, elements =        64
Tot MFlops =   0.0000E+00, MFlops      =   0.0000E+00
Setup Flop =   1.1120E+08, Solver Flop =   1.2120E+07
Solve Time =   0.0000E+00
[PI-INFO] Paramount Iteration,0,8,1.031465,0.133564

 Processor Distribution:  npx,npy,npz=           2           2           2
 Element Distribution: nelx,nely,nelz=           6           6           2
 Local Element Distribution: mx,my,mz=           3           3           1
[PI-INFO] Paramount Iteration,3,8,1.023002,0.133560
[PI-INFO] Paramount Iteration,7,8,1.023179,0.133574
[PI-INFO] Paramount Iteration,5,8,1.022956,0.133568
[PI-INFO] Paramount Iteration,1,8,1.023060,0.133574
[PI-INFO] Paramount Iteration,6,8,1.023672,0.133600
[PI-INFO] Paramount Iteration,4,8,1.023062,0.133576
[PI-INFO] Paramount Iteration,2,8,1.023427,0.133594
gs_setup: 4987 unique labels shared
   pairwise times (avg, min, max): 7.96229e-05 7.16225e-05 8.31848e-05
   crystal router                : 0.000121271 0.000119018 0.000124607
   all reduce                    : 0.0004868 0.000484676 0.000491707
   used all_to_all method: pairwise

cg:   0  1.4520E+02
cg: 101  1.1933E-08  4.1561E-01  6.2561E-01  5.2307E-16
cg:   0  1.5793E+02
cg: 101  1.5800E-08  4.1482E-01  6.2763E-01  9.1796E-16

nelt =       9, np =         8, nx1 =      10, elements =        72
Tot MFlops =   0.0000E+00, MFlops      =   0.0000E+00
Setup Flop =   1.2510E+08, Solver Flop =   1.3635E+07
Solve Time =   0.0000E+00
[PI-INFO] Paramount Iteration,0,9,1.170657,0.139192

 Processor Distribution:  npx,npy,npz=           2           2           2
 Element Distribution: nelx,nely,nelz=          10           4           2
 Local Element Distribution: mx,my,mz=           5           2           1
[PI-INFO] Paramount Iteration,3,9,1.162207,0.139205
[PI-INFO] Paramount Iteration,7,9,1.162376,0.139197
[PI-INFO] Paramount Iteration,5,9,1.162164,0.139208
[PI-INFO] Paramount Iteration,6,9,1.162855,0.139183
[PI-INFO] Paramount Iteration,2,9,1.162616,0.139189
[PI-INFO] Paramount Iteration,1,9,1.162269,0.139209
[PI-INFO] Paramount Iteration,4,9,1.162287,0.139225
gs_setup: 5653 unique labels shared
   pairwise times (avg, min, max): 7.74174e-05 7.46632e-05 7.99047e-05
   crystal router                : 0.000131268 0.000129471 0.000133315
   all reduce                    : 0.000498041 0.000494106 0.00050129
   used all_to_all method: pairwise

cg:   0  1.5275E+02
cg: 101  1.3388E-08  4.1758E-01  6.3981E-01  6.6396E-16
cg:   0  1.6666E+02
cg: 101  1.5587E-08  4.1524E-01  6.3533E-01  9.1365E-16

nelt =      10, np =         8, nx1 =      10, elements =        80
Tot MFlops =   0.0000E+00, MFlops      =   0.0000E+00
Setup Flop =   1.3900E+08, Solver Flop =   1.5150E+07
Solve Time =   0.0000E+00
[PI-INFO] Paramount Iteration,0,10,1.319060,0.148403

 Processor Distribution:  npx,npy,npz=           2           2           2
 Element Distribution: nelx,nely,nelz=          22           2           2
 Local Element Distribution: mx,my,mz=          11           1           1
[PI-INFO] Paramount Iteration,3,10,1.310645,0.148438
[PI-INFO] Paramount Iteration,7,10,1.310822,0.148446
[PI-INFO] Paramount Iteration,5,10,1.310604,0.148440
[PI-INFO] Paramount Iteration,1,10,1.310754,0.148485
[PI-INFO] Paramount Iteration,6,10,1.311316,0.148461
[PI-INFO] Paramount Iteration,4,10,1.310711,0.148424
[PI-INFO] Paramount Iteration,2,10,1.311088,0.148472
gs_setup: 7687 unique labels shared
   pairwise times (avg, min, max): 7.24348e-05 7.05729e-05 7.46379e-05
   crystal router                : 0.000140506 0.000137187 0.000145311
   all reduce                    : 0.000512776 0.00051002 0.000515786
   used all_to_all method: pairwise

cg:   0  1.5885E+02
cg: 101  1.3959E-08  4.1150E-01  6.2847E-01  7.4879E-16
cg:   0  1.7714E+02
cg: 101  1.8519E-08  4.1110E-01  6.2877E-01  1.3167E-15

nelt =      11, np =         8, nx1 =      10, elements =        88
Tot MFlops =   0.0000E+00, MFlops      =   0.0000E+00
Setup Flop =   1.5290E+08, Solver Flop =   1.6665E+07
Solve Time =   0.0000E+00
[PI-INFO] Paramount Iteration,7,11,1.459972,0.149150
[PI-INFO] Paramount Iteration,2,11,1.460216,0.149128
[PI-INFO] Paramount Iteration,0,11,1.468290,0.149230

 Processor Distribution:  npx,npy,npz=           2           2           2
 Element Distribution: nelx,nely,nelz=           6           4           4
 Local Element Distribution: mx,my,mz=           3           2           2
[PI-INFO] Paramount Iteration,1,11,1.459871,0.149117
[PI-INFO] Paramount Iteration,3,11,1.459817,0.149172
[PI-INFO] Paramount Iteration,5,11,1.459770,0.149166
[PI-INFO] Paramount Iteration,6,11,1.460455,0.149139
[PI-INFO] Paramount Iteration,4,11,1.459863,0.149152
gs_setup: 5311 unique labels shared
   pairwise times (avg, min, max): 7.26058e-05 6.67025e-05 7.55369e-05
   crystal router                : 0.00011141 0.000109057 0.000115351
   all reduce                    : 0.000486518 0.000485091 0.000487872
   used all_to_all method: pairwise

cg:   0  1.6796E+02
cg: 101  1.4982E-08  4.0751E-01  6.4372E-01  8.5896E-16
cg:   0  1.8046E+02
cg: 101  1.8551E-08  4.0554E-01  6.4748E-01  1.3268E-15

nelt =      12, np =         8, nx1 =      10, elements =        96
Tot MFlops =   0.0000E+00, MFlops      =   0.0000E+00
Setup Flop =   1.6680E+08, Solver Flop =   1.8180E+07
Solve Time =   0.0000E+00
[PI-INFO] Paramount Iteration,0,12,1.619342,0.151052

 Processor Distribution:  npx,npy,npz=           2           2           2
 Element Distribution: nelx,nely,nelz=          26           2           2
 Local Element Distribution: mx,my,mz=          13           1           1
[PI-INFO] Paramount Iteration,1,12,1.610946,0.151075
[PI-INFO] Paramount Iteration,3,12,1.610973,0.151156
[PI-INFO] Paramount Iteration,7,12,1.611113,0.151141
[PI-INFO] Paramount Iteration,5,12,1.610880,0.151110
[PI-INFO] Paramount Iteration,6,12,1.611586,0.151131
[PI-INFO] Paramount Iteration,4,12,1.610989,0.151126
[PI-INFO] Paramount Iteration,2,12,1.611351,0.151135
gs_setup: 9019 unique labels shared
   pairwise times (avg, min, max): 9.53084e-05 9.13262e-05 9.91026e-05
   crystal router                : 0.000168832 0.000165585 0.000171815
   all reduce                    : 0.000618693 0.000615078 0.000621097
   used all_to_all method: pairwise

cg:   0  1.7291E+02
cg: 101  1.5580E-08  4.1515E-01  6.1574E-01  9.3513E-16
cg:   0  1.9291E+02
cg: 101  1.9580E-08  4.1580E-01  6.1403E-01  1.4708E-15

nelt =      13, np =         8, nx1 =      10, elements =       104
Tot MFlops =   0.0000E+00, MFlops      =   0.0000E+00
Setup Flop =   1.8070E+08, Solver Flop =   1.9695E+07
Solve Time =   0.0000E+00
[PI-INFO] Paramount Iteration,0,13,1.786280,0.166938

 Processor Distribution:  npx,npy,npz=           2           2           2
 Element Distribution: nelx,nely,nelz=          14           4           2
 Local Element Distribution: mx,my,mz=           7           2           1
[PI-INFO] Paramount Iteration,3,13,1.777872,0.166899
[PI-INFO] Paramount Iteration,7,13,1.778021,0.166908
[PI-INFO] Paramount Iteration,1,13,1.777910,0.166964
[PI-INFO] Paramount Iteration,5,13,1.777834,0.166954
[PI-INFO] Paramount Iteration,6,13,1.778520,0.166934
[PI-INFO] Paramount Iteration,4,13,1.777917,0.166928
[PI-INFO] Paramount Iteration,2,13,1.778282,0.166931
gs_setup: 7633 unique labels shared
   pairwise times (avg, min, max): 8.13533e-05 7.95255e-05 8.42422e-05
   crystal router                : 0.000153621 0.000150647 0.000158907
   all reduce                    : 0.000516585 0.000513357 0.000518716
   used all_to_all method: pairwise

cg:   0  1.8025E+02
cg: 101  1.8233E-08  4.0681E-01  6.3960E-01  1.2993E-15
cg:   0  1.9699E+02
cg: 101  2.2916E-08  4.1042E-01  6.3716E-01  2.0152E-15

nelt =      14, np =         8, nx1 =      10, elements =       112
Tot MFlops =   0.0000E+00, MFlops      =   0.0000E+00
Setup Flop =   1.9460E+08, Solver Flop =   2.1210E+07
Solve Time =   0.0000E+00
[PI-INFO] Paramount Iteration,0,14,1.952019,0.165739

 Processor Distribution:  npx,npy,npz=           2           2           2
 Element Distribution: nelx,nely,nelz=          10           6           2
 Local Element Distribution: mx,my,mz=           5           3           1
[PI-INFO] Paramount Iteration,7,14,1.943781,0.165760
[PI-INFO] Paramount Iteration,6,14,1.944240,0.165720
[PI-INFO] Paramount Iteration,2,14,1.944007,0.165725
[PI-INFO] Paramount Iteration,1,14,1.943648,0.165738
[PI-INFO] Paramount Iteration,3,14,1.943618,0.165746
[PI-INFO] Paramount Iteration,5,14,1.943581,0.165747
[PI-INFO] Paramount Iteration,4,14,1.943655,0.165738
gs_setup: 7615 unique labels shared
   pairwise times (avg, min, max): 8.35004e-05 7.66186e-05 8.7394e-05
   crystal router                : 0.000141707 0.000136154 0.000146698
   all reduce                    : 0.000510492 0.000508506 0.000514159
   used all_to_all method: pairwise

cg:   0  1.8687E+02
cg: 101  1.9277E-08  4.0785E-01  6.3767E-01  1.4343E-15
cg:   0  2.0301E+02
cg: 101  2.4091E-08  4.0693E-01  6.4019E-01  2.2420E-15

nelt =      15, np =         8, nx1 =      10, elements =       120
Tot MFlops =   0.0000E+00, MFlops      =   0.0000E+00
Setup Flop =   2.0850E+08, Solver Flop =   2.2725E+07
Solve Time =   0.0000E+00
[PI-INFO] Paramount Iteration,0,15,2.126889,0.174870
[PI-INFO] PI avg,0,0.132502,15
[PI-INFO] Beta,0,0.000006
[PI-INFO] Total time,2.126900
[PI-INFO] Paramount Iteration,1,15,2.118499,0.174851
[PI-INFO] PI avg,1,0.132494,15
[PI-INFO] Beta,1,0.000014
[PI-INFO] Paramount Iteration,3,15,2.118478,0.174860
[PI-INFO] PI avg,3,0.132492,15
[PI-INFO] Beta,3,0.000012
[PI-INFO] Paramount Iteration,7,15,2.118636,0.174855
[PI-INFO] PI avg,7,0.132489,15
[PI-INFO] Beta,7,0.000013
[PI-INFO] Paramount Iteration,5,15,2.118443,0.174862
[PI-INFO] PI avg,5,0.132495,15
[PI-INFO] Beta,5,0.000013
[PI-INFO] Paramount Iteration,6,15,2.119119,0.174879
[PI-INFO] PI avg,6,0.132492,15
[PI-INFO] Beta,6,0.000012
[PI-INFO] Paramount Iteration,4,15,2.118528,0.174873
[PI-INFO] PI avg,4,0.132496,15
[PI-INFO] Beta,4,0.000012
[PI-INFO] Paramount Iteration,2,15,2.118896,0.174889
[PI-INFO] PI avg,2,0.132494,15
[PI-INFO] Beta,2,0.000014
--------------------------------------------------------------------------
mpirun has exited due to process rank 0 with PID 0 on
node ip-172-31-2-179 exiting improperly. There are three reasons this could occur:

1. this process did not call "init" before exiting, but others in
the job did. This can cause a job to hang indefinitely while it waits
for all processes to call "init". By rule, if one process calls "init",
then ALL processes must call "init" prior to termination.

2. this process called "init", but exited without calling "finalize".
By rule, all processes that call "init" MUST call "finalize" prior to
exiting or it will be considered an "abnormal termination"

3. this process called "MPI_Abort" or "orte_abort" and the mca parameter
orte_create_session_dirs is set to false. In this case, the run-time cannot
detect that the abort call was an abnormal termination. Hence, the only
error message you will receive is this one.

This may have caused other processes in the application to be
terminated by signals sent by mpirun (as reported here).

You can avoid this message by specifying -quiet on the mpirun command line.
--------------------------------------------------------------------------
[ip-172-31-2-179:16594] 7 more processes have sent help message help-mpi-btl-base.txt / btl:no-nics
[ip-172-31-2-179:16594] Set MCA parameter "orte_base_help_aggregate" to 0 to see all help / error messages
Command exited with non-zero status 1
	Command being timed: "mpirun --hostfile /home/ubuntu/PI-Bench/ECP-Proxy-Apps/hostfile -n 8 ./nekbone"
	User time (seconds): 1.30
	System time (seconds): 0.76
	Percent of CPU this job got: 43%
	Elapsed (wall clock) time (h:mm:ss or m:ss): 0:04.78
	Average shared text size (kbytes): 0
	Average unshared data size (kbytes): 0
	Average stack size (kbytes): 0
	Average total size (kbytes): 0
	Maximum resident set size (kbytes): 18988
	Average resident set size (kbytes): 0
	Major (requiring I/O) page faults: 4
	Minor (reclaiming a frame) page faults: 8145
	Voluntary context switches: 1056
	Involuntary context switches: 9
	Swaps: 0
	File system inputs: 0
	File system outputs: 16456
	Socket messages sent: 0
	Socket messages received: 0
	Signals delivered: 0
	Page size (bytes): 4096
	Exit status: 1
