--------------------------------------------------------------------------
[[40797,1],0]: A high-performance Open MPI point-to-point messaging module
was unable to find any relevant network interfaces:

Module: OpenFabrics (openib)
  Host: ip-172-31-12-142

Another transport will be used instead, although this may result in
lower performance.

NOTE: You can disable this warning by setting the MCA parameter
btl_base_warn_component_unused to 0.
--------------------------------------------------------------------------
 Number of processors:           2
 REAL    wdsize      :           8
 INTEGER wdsize      :           4
 ifmgrid    : F     ifbrick    : T
[PI-INFO] Init time,0,0.135518

 Processor Distribution:  npx,npy,npz=           2           1           1
 Element Distribution: nelx,nely,nelz=           2           1           1
 Local Element Distribution: mx,my,mz=           1           1           1
[PI-INFO] Init time,1,0.127219
gs_setup: 100 unique labels shared
   pairwise times (avg, min, max): 3.22689e-05 3.12955e-05 3.32423e-05
   crystal router                : 3.29549e-05 3.28113e-05 3.30985e-05
   all reduce                    : 3.5286e-05 3.42873e-05 3.62847e-05
   used all_to_all method: crystal router

cg:   0  2.3208E+01
cg: 101  2.8487E-19  4.3056E-01  3.2356E-01  6.2182E-37
cg:   0  2.3208E+01
cg: 101  2.8487E-19  4.3056E-01  3.2356E-01  6.2182E-37

nelt =       1, np =         2, nx1 =      10, elements =         2
Tot MFlops =   0.0000E+00, MFlops      =   0.0000E+00
Setup Flop =   1.3900E+07, Solver Flop =   1.5150E+06
Solve Time =   0.0000E+00
[PI-INFO] Paramount Iteration,0,1,0.172649,0.037132

 Processor Distribution:  npx,npy,npz=           2           1           1
 Element Distribution: nelx,nely,nelz=           4           1           1
 Local Element Distribution: mx,my,mz=           2           1           1
[PI-INFO] Paramount Iteration,1,1,0.164218,0.036999
gs_setup: 100 unique labels shared
   pairwise times (avg, min, max): 3.59061e-05 3.48821e-05 3.69301e-05
   crystal router                : 3.53718e-05 3.51273e-05 3.56163e-05
   all reduce                    : 3.59486e-05 3.5107e-05 3.67901e-05
   used all_to_all method: crystal router

cg:   0  3.3202E+01
cg: 101  9.6649E-10  4.6003E-01  5.8262E-01  3.5590E-18
cg:   0  3.8367E+01
cg: 101  1.7457E-09  4.0333E-01  6.2529E-01  1.3390E-17

nelt =       2, np =         2, nx1 =      10, elements =         4
Tot MFlops =   0.0000E+00, MFlops      =   0.0000E+00
Setup Flop =   2.7800E+07, Solver Flop =   3.0300E+06
Solve Time =   0.0000E+00
[PI-INFO] Paramount Iteration,0,2,0.214722,0.042073

 Processor Distribution:  npx,npy,npz=           2           1           1
 Element Distribution: nelx,nely,nelz=           6           1           1
 Local Element Distribution: mx,my,mz=           3           1           1
[PI-INFO] Paramount Iteration,1,2,0.206301,0.042083
gs_setup: 100 unique labels shared
   pairwise times (avg, min, max): 3.94719e-05 3.9467e-05 3.94768e-05
   crystal router                : 3.43022e-05 3.29349e-05 3.56696e-05
   all reduce                    : 3.36611e-05 3.35301e-05 3.37922e-05
   used all_to_all method: allreduce

cg:   0  4.0656E+01
cg: 101  1.8913E-09  4.4211E-01  6.0118E-01  1.3343E-17
cg:   0  4.8346E+01
cg: 101  3.2590E-09  3.9528E-01  6.4279E-01  4.7293E-17

nelt =       3, np =         2, nx1 =      10, elements =         6
Tot MFlops =   0.0000E+00, MFlops      =   0.0000E+00
Setup Flop =   4.1700E+07, Solver Flop =   4.5450E+06
Solve Time =   0.0000E+00
[PI-INFO] Paramount Iteration,0,3,0.260806,0.046084

 Processor Distribution:  npx,npy,npz=           2           1           1
 Element Distribution: nelx,nely,nelz=           4           2           1
 Local Element Distribution: mx,my,mz=           2           2           1
[PI-INFO] Paramount Iteration,1,3,0.252406,0.046105
gs_setup: 190 unique labels shared
   pairwise times (avg, min, max): 3.85634e-05 3.84784e-05 3.86485e-05
   crystal router                : 3.89388e-05 3.84157e-05 3.9462e-05
   all reduce                    : 3.80092e-05 3.75698e-05 3.84485e-05
   used all_to_all method: allreduce

cg:   0  4.7194E+01
cg: 101  2.7296E-09  4.3449E-01  6.2572E-01  2.6939E-17
cg:   0  5.5035E+01
cg: 101  4.4319E-09  3.9883E-01  6.4438E-01  7.6849E-17

nelt =       4, np =         2, nx1 =      10, elements =         8
Tot MFlops =   0.0000E+00, MFlops      =   0.0000E+00
Setup Flop =   5.5600E+07, Solver Flop =   6.0600E+06
Solve Time =   0.0000E+00
[PI-INFO] Paramount Iteration,0,4,0.313430,0.052624

 Processor Distribution:  npx,npy,npz=           2           1           1
 Element Distribution: nelx,nely,nelz=          10           1           1
 Local Element Distribution: mx,my,mz=           5           1           1
[PI-INFO] Paramount Iteration,1,4,0.305036,0.052630
gs_setup: 100 unique labels shared
   pairwise times (avg, min, max): 3.38167e-05 3.37359e-05 3.38976e-05
   crystal router                : 3.19997e-05 3.16374e-05 3.2362e-05
   all reduce                    : 3.49331e-05 3.46279e-05 3.52383e-05
   used all_to_all method: crystal router

cg:   0  5.2251E+01
cg: 101  4.2055E-09  4.2553E-01  6.0442E-01  6.3537E-17
cg:   0  6.3313E+01
cg: 101  6.6679E-09  4.3160E-01  6.1603E-01  1.6755E-16

nelt =       5, np =         2, nx1 =      10, elements =        10
Tot MFlops =   0.0000E+00, MFlops      =   0.0000E+00
Setup Flop =   6.9500E+07, Solver Flop =   7.5750E+06
Solve Time =   0.0000E+00
[PI-INFO] Paramount Iteration,0,5,0.368014,0.054584

 Processor Distribution:  npx,npy,npz=           2           1           1
 Element Distribution: nelx,nely,nelz=           6           2           1
 Local Element Distribution: mx,my,mz=           3           2           1
[PI-INFO] Paramount Iteration,1,5,0.359577,0.054541
gs_setup: 190 unique labels shared
   pairwise times (avg, min, max): 3.24366e-05 3.22171e-05 3.26562e-05
   crystal router                : 3.17651e-05 3.11794e-05 3.23508e-05
   all reduce                    : 3.42264e-05 3.4132e-05 3.43209e-05
   used all_to_all method: crystal router

cg:   0  5.8001E+01
cg: 101  4.2652E-09  4.0029E-01  6.3592E-01  7.3251E-17
cg:   0  6.7930E+01
cg: 101  5.8528E-09  4.1077E-01  6.4823E-01  1.3437E-16

nelt =       6, np =         2, nx1 =      10, elements =        12
Tot MFlops =   0.0000E+00, MFlops      =   0.0000E+00
Setup Flop =   8.3400E+07, Solver Flop =   9.0900E+06
Solve Time =   0.0000E+00
[PI-INFO] Paramount Iteration,0,6,0.427509,0.059495

 Processor Distribution:  npx,npy,npz=           2           1           1
 Element Distribution: nelx,nely,nelz=          14           1           1
 Local Element Distribution: mx,my,mz=           7           1           1
[PI-INFO] Paramount Iteration,1,6,0.419103,0.059526
gs_setup: 100 unique labels shared
   pairwise times (avg, min, max): 3.34045e-05 3.31687e-05 3.36402e-05
   crystal router                : 3.60392e-05 3.59787e-05 3.60997e-05
   all reduce                    : 3.6334e-05 3.61588e-05 3.65092e-05
   used all_to_all method: pairwise

cg:   0  6.1653E+01
cg: 101  4.9986E-09  4.2061E-01  6.3034E-01  9.2523E-17
cg:   0  7.5600E+01
cg: 101  7.9478E-09  4.1155E-01  6.2675E-01  2.4465E-16

nelt =       7, np =         2, nx1 =      10, elements =        14
Tot MFlops =   0.0000E+00, MFlops      =   0.0000E+00
Setup Flop =   9.7300E+07, Solver Flop =   1.0605E+07
Solve Time =   0.0000E+00
[PI-INFO] Paramount Iteration,0,7,0.496486,0.068977

 Processor Distribution:  npx,npy,npz=           2           1           1
 Element Distribution: nelx,nely,nelz=           4           2           2
 Local Element Distribution: mx,my,mz=           2           2           2
[PI-INFO] Paramount Iteration,1,7,0.488083,0.068980
gs_setup: 361 unique labels shared
   pairwise times (avg, min, max): 4.12065e-05 4.08739e-05 4.1539e-05
   crystal router                : 3.64137e-05 3.62715e-05 3.65559e-05
   all reduce                    : 3.70136e-05 3.68286e-05 3.71986e-05
   used all_to_all method: crystal router

cg:   0  6.7460E+01
cg: 101  4.7714E-09  4.1568E-01  6.3488E-01  8.7314E-17
cg:   0  7.6683E+01
cg: 101  7.1445E-09  4.1462E-01  6.2479E-01  2.0059E-16

nelt =       8, np =         2, nx1 =      10, elements =        16
Tot MFlops =   0.0000E+00, MFlops      =   0.0000E+00
Setup Flop =   1.1120E+08, Solver Flop =   1.2120E+07
Solve Time =   0.0000E+00
[PI-INFO] Paramount Iteration,0,8,0.569095,0.072609

 Processor Distribution:  npx,npy,npz=           2           1           1
 Element Distribution: nelx,nely,nelz=           6           3           1
 Local Element Distribution: mx,my,mz=           3           3           1
[PI-INFO] Paramount Iteration,1,8,0.560706,0.072623
gs_setup: 280 unique labels shared
   pairwise times (avg, min, max): 3.6186e-05 3.57616e-05 3.66105e-05
   crystal router                : 3.7209e-05 3.67439e-05 3.76741e-05
   all reduce                    : 3.94972e-05 3.91877e-05 3.98066e-05
   used all_to_all method: pairwise

cg:   0  7.1152E+01
cg: 101  5.8108E-09  4.2327E-01  6.3267E-01  1.2097E-16
cg:   0  8.2645E+01
cg: 101  8.6211E-09  4.2694E-01  6.1954E-01  2.6802E-16

nelt =       9, np =         2, nx1 =      10, elements =        18
Tot MFlops =   0.0000E+00, MFlops      =   0.0000E+00
Setup Flop =   1.2510E+08, Solver Flop =   1.3635E+07
Solve Time =   0.0000E+00
[PI-INFO] Paramount Iteration,0,9,0.644305,0.075210

 Processor Distribution:  npx,npy,npz=           2           1           1
 Element Distribution: nelx,nely,nelz=          10           2           1
 Local Element Distribution: mx,my,mz=           5           2           1
[PI-INFO] Paramount Iteration,1,9,0.635919,0.075213
gs_setup: 190 unique labels shared
   pairwise times (avg, min, max): 3.26989e-05 3.24251e-05 3.29728e-05
   crystal router                : 3.31577e-05 3.28925e-05 3.34228e-05
   all reduce                    : 3.34399e-05 3.3304e-05 3.35757e-05
   used all_to_all method: pairwise

cg:   0  7.4696E+01
cg: 101  5.9852E-09  4.0647E-01  6.2501E-01  1.4827E-16
cg:   0  8.7910E+01
cg: 101  8.7598E-09  3.9734E-01  6.2326E-01  3.1461E-16

nelt =      10, np =         2, nx1 =      10, elements =        20
Tot MFlops =   0.0000E+00, MFlops      =   0.0000E+00
Setup Flop =   1.3900E+08, Solver Flop =   1.5150E+07
Solve Time =   0.0000E+00
[PI-INFO] Paramount Iteration,0,10,0.728318,0.084013

 Processor Distribution:  npx,npy,npz=           2           1           1
 Element Distribution: nelx,nely,nelz=          22           1           1
 Local Element Distribution: mx,my,mz=          11           1           1
[PI-INFO] Paramount Iteration,1,10,0.719928,0.084009
gs_setup: 100 unique labels shared
   pairwise times (avg, min, max): 3.8413e-05 3.75771e-05 3.92489e-05
   crystal router                : 3.59291e-05 3.54772e-05 3.6381e-05
   all reduce                    : 4.0117e-05 4.00805e-05 4.01534e-05
   used all_to_all method: crystal router

cg:   0  7.7050E+01
cg: 101  6.5001E-09  4.0786E-01  6.5030E-01  1.6429E-16
cg:   0  9.5215E+01
cg: 101  9.9398E-09  4.0744E-01  6.3608E-01  3.8985E-16

nelt =      11, np =         2, nx1 =      10, elements =        22
Tot MFlops =   0.0000E+00, MFlops      =   0.0000E+00
Setup Flop =   1.5290E+08, Solver Flop =   1.6665E+07
Solve Time =   0.0000E+00
[PI-INFO] Paramount Iteration,0,11,0.817463,0.089145

 Processor Distribution:  npx,npy,npz=           2           1           1
 Element Distribution: nelx,nely,nelz=           6           2           2
 Local Element Distribution: mx,my,mz=           3           2           2
[PI-INFO] Paramount Iteration,1,11,0.809060,0.089132
gs_setup: 361 unique labels shared
   pairwise times (avg, min, max): 3.51374e-05 3.5047e-05 3.52279e-05
   crystal router                : 3.70513e-05 3.66745e-05 3.74281e-05
   all reduce                    : 3.87281e-05 3.75355e-05 3.99207e-05
   used all_to_all method: pairwise

cg:   0  8.2681E+01
cg: 101  6.7698E-09  4.1269E-01  6.1187E-01  1.7641E-16
cg:   0  9.3666E+01
cg: 101  9.4359E-09  4.2281E-01  6.1416E-01  3.3360E-16

nelt =      12, np =         2, nx1 =      10, elements =        24
Tot MFlops =   0.0000E+00, MFlops      =   0.0000E+00
Setup Flop =   1.6680E+08, Solver Flop =   1.8180E+07
Solve Time =   0.0000E+00
[PI-INFO] Paramount Iteration,0,12,0.912145,0.094682

 Processor Distribution:  npx,npy,npz=           2           1           1
 Element Distribution: nelx,nely,nelz=          26           1           1
 Local Element Distribution: mx,my,mz=          13           1           1
[PI-INFO] Paramount Iteration,1,12,0.903740,0.094680
gs_setup: 100 unique labels shared
   pairwise times (avg, min, max): 3.9195e-05 3.90689e-05 3.93211e-05
   crystal router                : 4.0488e-05 3.99377e-05 4.10383e-05
   all reduce                    : 3.43691e-05 3.33818e-05 3.53563e-05
   used all_to_all method: allreduce

cg:   0  8.3867E+01
cg: 101  7.3200E-09  4.0677E-01  6.5748E-01  2.0726E-16
cg:   0  1.0377E+02
cg: 101  1.0581E-08  4.0685E-01  6.4732E-01  4.4110E-16

nelt =      13, np =         2, nx1 =      10, elements =        26
Tot MFlops =   0.0000E+00, MFlops      =   0.0000E+00
Setup Flop =   1.8070E+08, Solver Flop =   1.9695E+07
Solve Time =   0.0000E+00
[PI-INFO] Paramount Iteration,0,13,1.013252,0.101107

 Processor Distribution:  npx,npy,npz=           2           1           1
 Element Distribution: nelx,nely,nelz=          14           2           1
 Local Element Distribution: mx,my,mz=           7           2           1
[PI-INFO] Paramount Iteration,1,13,1.004842,0.101102
gs_setup: 190 unique labels shared
   pairwise times (avg, min, max): 3.27794e-05 3.27452e-05 3.28136e-05
   crystal router                : 3.73146e-05 3.60239e-05 3.86052e-05
   all reduce                    : 3.57642e-05 3.55006e-05 3.60278e-05
   used all_to_all method: pairwise

cg:   0  8.8087E+01
cg: 101  7.9169E-09  4.1426E-01  6.3336E-01  2.4903E-16
cg:   0  1.0419E+02
cg: 101  1.1782E-08  4.1463E-01  6.2967E-01  5.5389E-16

nelt =      14, np =         2, nx1 =      10, elements =        28
Tot MFlops =   0.0000E+00, MFlops      =   0.0000E+00
Setup Flop =   1.9460E+08, Solver Flop =   2.1210E+07
Solve Time =   0.0000E+00
[PI-INFO] Paramount Iteration,0,14,1.118632,0.105380

 Processor Distribution:  npx,npy,npz=           2           1           1
 Element Distribution: nelx,nely,nelz=          10           3           1
 Local Element Distribution: mx,my,mz=           5           3           1
[PI-INFO] Paramount Iteration,1,14,1.110261,0.105419
gs_setup: 280 unique labels shared
   pairwise times (avg, min, max): 3.78424e-05 3.6162e-05 3.95228e-05
   crystal router                : 3.90929e-05 3.89277e-05 3.92581e-05
   all reduce                    : 3.91194e-05 3.79716e-05 4.02671e-05
   used all_to_all method: crystal router

cg:   0  9.1604E+01
cg: 101  8.7998E-09  4.0873E-01  6.0604E-01  3.1249E-16
cg:   0  1.0672E+02
cg: 101  1.2867E-08  4.1806E-01  6.1189E-01  6.2383E-16

nelt =      15, np =         2, nx1 =      10, elements =        30
Tot MFlops =   0.0000E+00, MFlops      =   0.0000E+00
Setup Flop =   2.0850E+08, Solver Flop =   2.2725E+07
Solve Time =   0.0000E+00
[PI-INFO] Paramount Iteration,0,15,1.230903,0.112271
[PI-INFO] PI avg,0,0.073026,15
[PI-INFO] Beta,0,0.000008
[PI-INFO] Total time,1.230912
[PI-INFO] Paramount Iteration,1,15,1.222460,0.112199
[PI-INFO] PI avg,1,0.073016,15
[PI-INFO] Beta,1,0.000026
--------------------------------------------------------------------------
mpirun has exited due to process rank 0 with PID 0 on
node ip-172-31-12-142 exiting improperly. There are three reasons this could occur:

1. this process did not call "init" before exiting, but others in
the job did. This can cause a job to hang indefinitely while it waits
for all processes to call "init". By rule, if one process calls "init",
then ALL processes must call "init" prior to termination.

2. this process called "init", but exited without calling "finalize".
By rule, all processes that call "init" MUST call "finalize" prior to
exiting or it will be considered an "abnormal termination"

3. this process called "MPI_Abort" or "orte_abort" and the mca parameter
orte_create_session_dirs is set to false. In this case, the run-time cannot
detect that the abort call was an abnormal termination. Hence, the only
error message you will receive is this one.

This may have caused other processes in the application to be
terminated by signals sent by mpirun (as reported here).

You can avoid this message by specifying -quiet on the mpirun command line.
--------------------------------------------------------------------------
[ip-172-31-12-142:16700] 1 more process has sent help message help-mpi-btl-base.txt / btl:no-nics
[ip-172-31-12-142:16700] Set MCA parameter "orte_base_help_aggregate" to 0 to see all help / error messages
Command exited with non-zero status 1
	Command being timed: "mpirun --hostfile /home/ubuntu/PI-Bench/ECP-Proxy-Apps/hostfile -n 2 ./nekbone"
	User time (seconds): 0.94
	System time (seconds): 0.22
	Percent of CPU this job got: 30%
	Elapsed (wall clock) time (h:mm:ss or m:ss): 0:03.82
	Average shared text size (kbytes): 0
	Average unshared data size (kbytes): 0
	Average stack size (kbytes): 0
	Average total size (kbytes): 0
	Maximum resident set size (kbytes): 18884
	Average resident set size (kbytes): 0
	Major (requiring I/O) page faults: 4
	Minor (reclaiming a frame) page faults: 7451
	Voluntary context switches: 979
	Involuntary context switches: 127
	Swaps: 0
	File system inputs: 0
	File system outputs: 16448
	Socket messages sent: 0
	Socket messages received: 0
	Signals delivered: 0
	Page size (bytes): 4096
	Exit status: 1
