--------------------------------------------------------------------------
[[38584,1],0]: A high-performance Open MPI point-to-point messaging module
was unable to find any relevant network interfaces:

Module: OpenFabrics (openib)
  Host: ip-172-31-12-142

Another transport will be used instead, although this may result in
lower performance.

NOTE: You can disable this warning by setting the MCA parameter
btl_base_warn_component_unused to 0.
--------------------------------------------------------------------------
Average time to generate 100 random numbers using LCG (in s): 6.7965e-06

-------------------------------------------------------
Graph edge distribution characteristics
-------------------------------------------------------
Number of vertices: 100
Number of edges: 502
Maximum number of edges: 251
Average number of edges: 251
Expected value of X^2: 63001
Variance: 0
Standard deviation: 0
-------------------------------------------------------
Time to generate distributed graph of 100 vertices (in s): 0.000720509
[PI-INFO] Init time,0,0.122415
[PI-INFO] Init time,1,0.114398
[PI-INFO] Paramount Iteration,0,1,0.122835,0.000420
[PI-INFO] Paramount Iteration,1,1,0.114819,0.000422
[PI-INFO] Paramount Iteration,0,2,0.123211,0.000376
[PI-INFO] Paramount Iteration,1,2,0.115196,0.000377
[PI-INFO] Paramount Iteration,0,3,0.123613,0.000402
[PI-INFO] Paramount Iteration,1,3,0.115577,0.000381
[PI-INFO] Paramount Iteration,0,4,0.123957,0.000344
[PI-INFO] Paramount Iteration,1,4,0.115936,0.000359
[PI-INFO] Paramount Iteration,0,5,0.124326,0.000369
[PI-INFO] Paramount Iteration,1,5,0.116292,0.000356
[PI-INFO] Paramount Iteration,0,6,0.124680,0.000354
[PI-INFO] Paramount Iteration,1,6,0.116660,0.000368
[PI-INFO] Paramount Iteration,0,7,0.125023,0.000343
[PI-INFO] Paramount Iteration,1,7,0.117002,0.000342
-------------------------------------------------------
64-bit datatype
-------------------------------------------------------
Average total time (in s), #Processes: 0.00332812, 2
Modularity, #Iterations: 0.676029, 8
MODS (final modularity * average time): 0.0022499
-------------------------------------------------------
[PI-INFO] PI avg,0,0.000326,8
[PI-INFO] Beta,0,0.274522
[PI-INFO] Total time,0.125739
[PI-INFO] PI avg,1,0.000326,8
[PI-INFO] Beta,1,0.288303
[ip-172-31-12-142:18649] 1 more process has sent help message help-mpi-btl-base.txt / btl:no-nics
[ip-172-31-12-142:18649] Set MCA parameter "orte_base_help_aggregate" to 0 to see all help / error messages
	Command being timed: "mpirun --hostfile /home/ubuntu/PI-Bench/ECP-Proxy-Apps/hostfile -n 2 ./miniVite -n 100"
	User time (seconds): 0.04
	System time (seconds): 0.02
	Percent of CPU this job got: 8%
	Elapsed (wall clock) time (h:mm:ss or m:ss): 0:00.75
	Average shared text size (kbytes): 0
	Average unshared data size (kbytes): 0
	Average stack size (kbytes): 0
	Average total size (kbytes): 0
	Maximum resident set size (kbytes): 19004
	Average resident set size (kbytes): 0
	Major (requiring I/O) page faults: 4
	Minor (reclaiming a frame) page faults: 4786
	Voluntary context switches: 884
	Involuntary context switches: 60
	Swaps: 0
	File system inputs: 0
	File system outputs: 16416
	Socket messages sent: 0
	Socket messages received: 0
	Signals delivered: 0
	Page size (bytes): 4096
	Exit status: 0
