--------------------------------------------------------------------------
[[54187,1],0]: A high-performance Open MPI point-to-point messaging module
was unable to find any relevant network interfaces:

Module: OpenFabrics (openib)
  Host: ip-172-31-11-191

Another transport will be used instead, although this may result in
lower performance.

NOTE: You can disable this warning by setting the MCA parameter
btl_base_warn_component_unused to 0.
--------------------------------------------------------------------------
 Number of processors:           4
 REAL    wdsize      :           8
 INTEGER wdsize      :           4
 ifmgrid    : F     ifbrick    : T
[PI-INFO] Init time,0,0.137143

 Processor Distribution:  npx,npy,npz=           2           2           1
 Element Distribution: nelx,nely,nelz=           2           2           1
 Local Element Distribution: mx,my,mz=           1           1           1
[PI-INFO] Init time,2,0.129221
[PI-INFO] Init time,1,0.129222
[PI-INFO] Init time,3,0.129065
gs_setup: 370 unique labels shared
   pairwise times (avg, min, max): 4.58544e-05 4.52436e-05 4.61991e-05
   crystal router                : 6.88395e-05 6.80194e-05 6.92911e-05
   all reduce                    : 6.88607e-05 6.62612e-05 7.14921e-05
   used all_to_all method: pairwise

cg:   0  3.3172E+01
cg: 101  3.1435E-14  4.1218E-01  4.5780E-01  5.9627E-27
cg:   0  3.3172E+01
cg: 101  3.1435E-14  4.1218E-01  4.5780E-01  5.9627E-27

nelt =       1, np =         4, nx1 =      10, elements =         4
Tot MFlops =   0.0000E+00, MFlops      =   0.0000E+00
Setup Flop =   1.3900E+07, Solver Flop =   1.5150E+06
Solve Time =   0.0000E+00
[PI-INFO] Paramount Iteration,0,1,0.192292,0.055149

 Processor Distribution:  npx,npy,npz=           2           2           1
 Element Distribution: nelx,nely,nelz=           4           2           1
 Local Element Distribution: mx,my,mz=           2           1           1
[PI-INFO] Paramount Iteration,2,1,0.184292,0.055071
[PI-INFO] Paramount Iteration,1,1,0.184242,0.055020
[PI-INFO] Paramount Iteration,3,1,0.184058,0.054993
gs_setup: 550 unique labels shared
   pairwise times (avg, min, max): 4.48546e-05 4.41134e-05 4.55033e-05
   crystal router                : 7.01972e-05 6.92578e-05 7.08586e-05
   all reduce                    : 7.65187e-05 7.30871e-05 7.95936e-05
   used all_to_all method: pairwise

cg:   0  4.7630E+01
cg: 101  2.1294E-09  4.0491E-01  6.4614E-01  1.8099E-17
cg:   0  5.3187E+01
cg: 101  3.2556E-09  4.3124E-01  6.3677E-01  3.9727E-17

nelt =       2, np =         4, nx1 =      10, elements =         8
Tot MFlops =   0.0000E+00, MFlops      =   0.0000E+00
Setup Flop =   2.7800E+07, Solver Flop =   3.0300E+06
Solve Time =   0.0000E+00
[PI-INFO] Paramount Iteration,0,2,0.252883,0.060591

 Processor Distribution:  npx,npy,npz=           2           2           1
 Element Distribution: nelx,nely,nelz=           6           2           1
 Local Element Distribution: mx,my,mz=           3           1           1
[PI-INFO] Paramount Iteration,2,2,0.244898,0.060606
[PI-INFO] Paramount Iteration,1,2,0.244863,0.060621
[PI-INFO] Paramount Iteration,3,2,0.244668,0.060610
gs_setup: 730 unique labels shared
   pairwise times (avg, min, max): 4.42034e-05 4.33294e-05 4.49633e-05
   crystal router                : 7.13877e-05 7.02665e-05 7.21535e-05
   all reduce                    : 7.32459e-05 7.22161e-05 7.49785e-05
   used all_to_all method: pairwise

cg:   0  5.8368E+01
cg: 101  3.3162E-09  3.9307E-01  6.6706E-01  4.3244E-17
cg:   0  6.6502E+01
cg: 101  5.6970E-09  4.0761E-01  6.3963E-01  1.2314E-16

nelt =       3, np =         4, nx1 =      10, elements =        12
Tot MFlops =   0.0000E+00, MFlops      =   0.0000E+00
Setup Flop =   4.1700E+07, Solver Flop =   4.5450E+06
Solve Time =   0.0000E+00
[PI-INFO] Paramount Iteration,0,3,0.318688,0.065805

 Processor Distribution:  npx,npy,npz=           2           2           1
 Element Distribution: nelx,nely,nelz=           4           4           1
 Local Element Distribution: mx,my,mz=           2           2           1
[PI-INFO] Paramount Iteration,2,3,0.310720,0.065822
[PI-INFO] Paramount Iteration,1,3,0.310661,0.065798
[PI-INFO] Paramount Iteration,3,3,0.310476,0.065808
gs_setup: 730 unique labels shared
   pairwise times (avg, min, max): 4.67016e-05 4.59487e-05 4.73836e-05
   crystal router                : 7.45281e-05 7.41887e-05 7.5183e-05
   all reduce                    : 7.57176e-05 7.47184e-05 7.73366e-05
   used all_to_all method: pairwise

cg:   0  6.7293E+01
cg: 101  4.5056E-09  4.2185E-01  6.3842E-01  7.3069E-17
cg:   0  7.6600E+01
cg: 101  6.8098E-09  4.2530E-01  6.4396E-01  1.6792E-16

nelt =       4, np =         4, nx1 =      10, elements =        16
Tot MFlops =   0.0000E+00, MFlops      =   0.0000E+00
Setup Flop =   5.5600E+07, Solver Flop =   6.0600E+06
Solve Time =   0.0000E+00
[PI-INFO] Paramount Iteration,0,4,0.389628,0.070940

 Processor Distribution:  npx,npy,npz=           2           2           1
 Element Distribution: nelx,nely,nelz=          10           2           1
 Local Element Distribution: mx,my,mz=           5           1           1
[PI-INFO] Paramount Iteration,2,4,0.381650,0.070930
[PI-INFO] Paramount Iteration,1,4,0.381588,0.070927
[PI-INFO] Paramount Iteration,3,4,0.381406,0.070930
gs_setup: 1090 unique labels shared
   pairwise times (avg, min, max): 4.45972e-05 4.42478e-05 4.51487e-05
   crystal router                : 6.63465e-05 6.55294e-05 6.74856e-05
   all reduce                    : 8.35618e-05 8.1851e-05 8.6277e-05
   used all_to_all method: pairwise

cg:   0  7.5051E+01
cg: 101  6.5269E-09  4.2276E-01  6.0900E-01  1.6351E-16
cg:   0  8.6669E+01
cg: 101  9.6638E-09  4.2330E-01  6.1534E-01  3.5474E-16

nelt =       5, np =         4, nx1 =      10, elements =        20
Tot MFlops =   0.0000E+00, MFlops      =   0.0000E+00
Setup Flop =   6.9500E+07, Solver Flop =   7.5750E+06
Solve Time =   0.0000E+00
[PI-INFO] Paramount Iteration,0,5,0.465088,0.075460

 Processor Distribution:  npx,npy,npz=           2           2           1
 Element Distribution: nelx,nely,nelz=           6           4           1
 Local Element Distribution: mx,my,mz=           3           2           1
[PI-INFO] Paramount Iteration,2,5,0.457115,0.075465
[PI-INFO] Paramount Iteration,1,5,0.457043,0.075455
[PI-INFO] Paramount Iteration,3,5,0.456851,0.075445
gs_setup: 910 unique labels shared
   pairwise times (avg, min, max): 4.31279e-05 4.23163e-05 4.40541e-05
   crystal router                : 6.55435e-05 6.46607e-05 6.6759e-05
   all reduce                    : 8.5092e-05 8.38475e-05 8.66245e-05
   used all_to_all method: pairwise

cg:   0  8.2677E+01
cg: 101  5.9459E-09  4.1917E-01  6.3496E-01  1.3206E-16
cg:   0  9.4442E+01
cg: 101  8.2461E-09  4.2243E-01  6.3990E-01  2.5171E-16

nelt =       6, np =         4, nx1 =      10, elements =        24
Tot MFlops =   0.0000E+00, MFlops      =   0.0000E+00
Setup Flop =   8.3400E+07, Solver Flop =   9.0900E+06
Solve Time =   0.0000E+00
[PI-INFO] Paramount Iteration,0,6,0.546591,0.081503

 Processor Distribution:  npx,npy,npz=           2           2           1
 Element Distribution: nelx,nely,nelz=          14           2           1
 Local Element Distribution: mx,my,mz=           7           1           1
[PI-INFO] Paramount Iteration,2,6,0.538610,0.081495
[PI-INFO] Paramount Iteration,1,6,0.538550,0.081507
[PI-INFO] Paramount Iteration,3,6,0.538362,0.081511
gs_setup: 1450 unique labels shared
   pairwise times (avg, min, max): 4.64505e-05 4.56347e-05 4.77527e-05
   crystal router                : 8.00249e-05 7.87255e-05 8.17591e-05
   all reduce                    : 0.000199439 0.000197545 0.00020229
   used all_to_all method: pairwise

cg:   0  8.8528E+01
cg: 101  7.8084E-09  3.9661E-01  6.2942E-01  2.4772E-16
cg:   0  1.0323E+02
cg: 101  1.1350E-08  4.0191E-01  6.3344E-01  5.0306E-16

nelt =       7, np =         4, nx1 =      10, elements =        28
Tot MFlops =   0.0000E+00, MFlops      =   0.0000E+00
Setup Flop =   9.7300E+07, Solver Flop =   1.0605E+07
Solve Time =   0.0000E+00
[PI-INFO] Paramount Iteration,0,7,0.634725,0.088134

 Processor Distribution:  npx,npy,npz=           2           2           1
 Element Distribution: nelx,nely,nelz=           4           4           2
 Local Element Distribution: mx,my,mz=           2           2           2
[PI-INFO] Paramount Iteration,1,7,0.626687,0.088137
[PI-INFO] Paramount Iteration,3,7,0.626493,0.088131
[PI-INFO] Paramount Iteration,2,7,0.626776,0.088166
gs_setup: 1387 unique labels shared
   pairwise times (avg, min, max): 4.47762e-05 4.41868e-05 4.54302e-05
   crystal router                : 7.33446e-05 7.16982e-05 7.52394e-05
   all reduce                    : 0.000197823 0.000194371 0.000200335
   used all_to_all method: pairwise

cg:   0  9.6175E+01
cg: 101  7.0055E-09  4.0225E-01  6.3835E-01  1.8649E-16
cg:   0  1.0651E+02
cg: 101  1.0422E-08  4.1139E-01  6.3623E-01  4.0479E-16

nelt =       8, np =         4, nx1 =      10, elements =        32
Tot MFlops =   0.0000E+00, MFlops      =   0.0000E+00
Setup Flop =   1.1120E+08, Solver Flop =   1.2120E+07
Solve Time =   0.0000E+00
[PI-INFO] Paramount Iteration,0,8,0.726898,0.092173

 Processor Distribution:  npx,npy,npz=           2           2           1
 Element Distribution: nelx,nely,nelz=           6           6           1
 Local Element Distribution: mx,my,mz=           3           3           1
[PI-INFO] Paramount Iteration,2,8,0.718928,0.092152
[PI-INFO] Paramount Iteration,1,8,0.718853,0.092166
[PI-INFO] Paramount Iteration,3,8,0.718658,0.092165
gs_setup: 1090 unique labels shared
   pairwise times (avg, min, max): 4.65269e-05 4.64206e-05 4.6642e-05
   crystal router                : 7.16599e-05 6.75281e-05 7.60731e-05
   all reduce                    : 7.63592e-05 7.45338e-05 7.92265e-05
   used all_to_all method: pairwise

cg:   0  1.0115E+02
cg: 101  8.2121E-09  4.0413E-01  6.5487E-01  2.5546E-16
cg:   0  1.1557E+02
cg: 101  1.1831E-08  4.1490E-01  6.3887E-01  5.2249E-16

nelt =       9, np =         4, nx1 =      10, elements =        36
Tot MFlops =   0.0000E+00, MFlops      =   0.0000E+00
Setup Flop =   1.2510E+08, Solver Flop =   1.3635E+07
Solve Time =   0.0000E+00
[PI-INFO] Paramount Iteration,0,9,0.823473,0.096575

 Processor Distribution:  npx,npy,npz=           2           2           1
 Element Distribution: nelx,nely,nelz=          10           4           1
 Local Element Distribution: mx,my,mz=           5           2           1
[PI-INFO] Paramount Iteration,1,9,0.815410,0.096557
[PI-INFO] Paramount Iteration,2,9,0.815498,0.096570
[PI-INFO] Paramount Iteration,3,9,0.815233,0.096575
gs_setup: 1270 unique labels shared
   pairwise times (avg, min, max): 4.46121e-05 4.3142e-05 4.58177e-05
   crystal router                : 7.2381e-05 7.08993e-05 7.48563e-05
   all reduce                    : 0.000199596 0.000196659 0.000202715
   used all_to_all method: pairwise

cg:   0  1.0643E+02
cg: 101  9.1420E-09  4.0474E-01  6.3655E-01  3.1703E-16
cg:   0  1.2200E+02
cg: 101  1.1121E-08  4.1324E-01  6.2545E-01  4.5854E-16

nelt =      10, np =         4, nx1 =      10, elements =        40
Tot MFlops =   0.0000E+00, MFlops      =   0.0000E+00
Setup Flop =   1.3900E+08, Solver Flop =   1.5150E+07
Solve Time =   0.0000E+00
[PI-INFO] Paramount Iteration,0,10,0.926283,0.102810

 Processor Distribution:  npx,npy,npz=           2           2           1
 Element Distribution: nelx,nely,nelz=          22           2           1
 Local Element Distribution: mx,my,mz=          11           1           1
[PI-INFO] Paramount Iteration,2,10,0.918294,0.102796
[PI-INFO] Paramount Iteration,1,10,0.918227,0.102817
[PI-INFO] Paramount Iteration,3,10,0.918043,0.102810
gs_setup: 2170 unique labels shared
   pairwise times (avg, min, max): 4.8196e-05 4.71954e-05 4.89917e-05
   crystal router                : 7.34136e-05 7.16621e-05 7.45247e-05
   all reduce                    : 0.000202576 0.000200758 0.000204118
   used all_to_all method: pairwise

cg:   0  1.1065E+02
cg: 101  9.6396E-09  4.0677E-01  6.3417E-01  3.6195E-16
cg:   0  1.2982E+02
cg: 101  1.4176E-08  4.0610E-01  6.3000E-01  7.7684E-16

nelt =      11, np =         4, nx1 =      10, elements =        44
Tot MFlops =   0.0000E+00, MFlops      =   0.0000E+00
Setup Flop =   1.5290E+08, Solver Flop =   1.6665E+07
Solve Time =   0.0000E+00
[PI-INFO] Paramount Iteration,0,11,1.035796,0.109513

 Processor Distribution:  npx,npy,npz=           2           2           1
 Element Distribution: nelx,nely,nelz=           6           4           2
 Local Element Distribution: mx,my,mz=           3           2           2
[PI-INFO] Paramount Iteration,2,11,1.027821,0.109527
[PI-INFO] Paramount Iteration,1,11,1.027748,0.109521
[PI-INFO] Paramount Iteration,3,11,1.027555,0.109512
gs_setup: 1729 unique labels shared
   pairwise times (avg, min, max): 4.57758e-05 4.48623e-05 4.63666e-05
   crystal router                : 8.15538e-05 8.04802e-05 8.31711e-05
   all reduce                    : 0.00020803 0.000205782 0.000210833
   used all_to_all method: pairwise

cg:   0  1.1786E+02
cg: 101  9.8119E-09  4.1684E-01  6.2681E-01  3.6047E-16
cg:   0  1.2997E+02
cg: 101  1.2861E-08  4.1509E-01  6.2765E-01  6.2084E-16

nelt =      12, np =         4, nx1 =      10, elements =        48
Tot MFlops =   0.0000E+00, MFlops      =   0.0000E+00
Setup Flop =   1.6680E+08, Solver Flop =   1.8180E+07
Solve Time =   0.0000E+00
[PI-INFO] Paramount Iteration,0,12,1.153432,0.117636

 Processor Distribution:  npx,npy,npz=           2           2           1
 Element Distribution: nelx,nely,nelz=          26           2           1
 Local Element Distribution: mx,my,mz=          13           1           1
[PI-INFO] Paramount Iteration,2,12,1.145470,0.117649
[PI-INFO] Paramount Iteration,1,12,1.145388,0.117640
[PI-INFO] Paramount Iteration,3,12,1.145201,0.117646
gs_setup: 2530 unique labels shared
   pairwise times (avg, min, max): 6.35084e-05 6.14741e-05 6.5426e-05
   crystal router                : 0.000106061 0.000103545 0.000110043
   all reduce                    : 0.000216443 0.000214253 0.000220387
   used all_to_all method: pairwise

cg:   0  1.2045E+02
cg: 101  1.0859E-08  4.0502E-01  6.3736E-01  4.6419E-16
cg:   0  1.4145E+02
cg: 101  1.5001E-08  4.0611E-01  6.3355E-01  8.7613E-16

nelt =      13, np =         4, nx1 =      10, elements =        52
Tot MFlops =   0.0000E+00, MFlops      =   0.0000E+00
Setup Flop =   1.8070E+08, Solver Flop =   1.9695E+07
Solve Time =   0.0000E+00
[PI-INFO] Paramount Iteration,0,13,1.278199,0.124767

 Processor Distribution:  npx,npy,npz=           2           2           1
 Element Distribution: nelx,nely,nelz=          14           4           1
 Local Element Distribution: mx,my,mz=           7           2           1
[PI-INFO] Paramount Iteration,2,13,1.270233,0.124763
[PI-INFO] Paramount Iteration,1,13,1.270146,0.124758
[PI-INFO] Paramount Iteration,3,13,1.269962,0.124761
gs_setup: 1630 unique labels shared
   pairwise times (avg, min, max): 4.57476e-05 4.53955e-05 4.60741e-05
   crystal router                : 7.21076e-05 7.03098e-05 7.48161e-05
   all reduce                    : 0.000201562 0.000199288 0.000203078
   used all_to_all method: pairwise

cg:   0  1.2555E+02
cg: 101  1.2138E-08  3.9876E-01  6.5737E-01  5.8119E-16
cg:   0  1.4448E+02
cg: 101  1.6530E-08  3.9760E-01  6.5382E-01  1.0890E-15

nelt =      14, np =         4, nx1 =      10, elements =        56
Tot MFlops =   0.0000E+00, MFlops      =   0.0000E+00
Setup Flop =   1.9460E+08, Solver Flop =   2.1210E+07
Solve Time =   0.0000E+00
[PI-INFO] Paramount Iteration,0,14,1.402651,0.124452

 Processor Distribution:  npx,npy,npz=           2           2           1
 Element Distribution: nelx,nely,nelz=          10           6           1
 Local Element Distribution: mx,my,mz=           5           3           1
[PI-INFO] Paramount Iteration,2,14,1.394680,0.124447
[PI-INFO] Paramount Iteration,1,14,1.394587,0.124441
[PI-INFO] Paramount Iteration,3,14,1.394386,0.124424
gs_setup: 1450 unique labels shared
   pairwise times (avg, min, max): 4.3786e-05 4.3446e-05 4.41113e-05
   crystal router                : 7.2938e-05 7.1597e-05 7.45026e-05
   all reduce                    : 0.000199242 0.00019668 0.000202201
   used all_to_all method: pairwise

cg:   0  1.3014E+02
cg: 101  1.3083E-08  4.0034E-01  6.2447E-01  6.8864E-16
cg:   0  1.4891E+02
cg: 101  1.7878E-08  4.0682E-01  6.2957E-01  1.2261E-15

nelt =      15, np =         4, nx1 =      10, elements =        60
Tot MFlops =   0.0000E+00, MFlops      =   0.0000E+00
Setup Flop =   2.0850E+08, Solver Flop =   2.2725E+07
Solve Time =   0.0000E+00
[PI-INFO] Paramount Iteration,0,15,1.532497,0.129846
[PI-INFO] PI avg,0,0.093024,15
[PI-INFO] Beta,0,0.000007
[PI-INFO] Total time,1.532506
[PI-INFO] Paramount Iteration,2,15,1.524535,0.129855
[PI-INFO] PI avg,2,0.093021,15
[PI-INFO] Beta,2,0.000017
[PI-INFO] Paramount Iteration,1,15,1.524427,0.129840
[PI-INFO] PI avg,1,0.093014,15
[PI-INFO] Beta,1,0.000016
[PI-INFO] Paramount Iteration,3,15,1.524249,0.129863
[PI-INFO] PI avg,3,0.093012,15
[PI-INFO] Beta,3,0.000016
--------------------------------------------------------------------------
mpirun has exited due to process rank 0 with PID 0 on
node ip-172-31-11-191 exiting improperly. There are three reasons this could occur:

1. this process did not call "init" before exiting, but others in
the job did. This can cause a job to hang indefinitely while it waits
for all processes to call "init". By rule, if one process calls "init",
then ALL processes must call "init" prior to termination.

2. this process called "init", but exited without calling "finalize".
By rule, all processes that call "init" MUST call "finalize" prior to
exiting or it will be considered an "abnormal termination"

3. this process called "MPI_Abort" or "orte_abort" and the mca parameter
orte_create_session_dirs is set to false. In this case, the run-time cannot
detect that the abort call was an abnormal termination. Hence, the only
error message you will receive is this one.

This may have caused other processes in the application to be
terminated by signals sent by mpirun (as reported here).

You can avoid this message by specifying -quiet on the mpirun command line.
--------------------------------------------------------------------------
[ip-172-31-11-191:16169] 3 more processes have sent help message help-mpi-btl-base.txt / btl:no-nics
[ip-172-31-11-191:16169] Set MCA parameter "orte_base_help_aggregate" to 0 to see all help / error messages
Command exited with non-zero status 1
	Command being timed: "mpirun --hostfile /home/ubuntu/PI-Bench/ECP-Proxy-Apps/hostfile -n 4 ./nekbone"
	User time (seconds): 1.08
	System time (seconds): 0.38
	Percent of CPU this job got: 35%
	Elapsed (wall clock) time (h:mm:ss or m:ss): 0:04.10
	Average shared text size (kbytes): 0
	Average unshared data size (kbytes): 0
	Average stack size (kbytes): 0
	Average total size (kbytes): 0
	Maximum resident set size (kbytes): 18988
	Average resident set size (kbytes): 0
	Major (requiring I/O) page faults: 4
	Minor (reclaiming a frame) page faults: 7356
	Voluntary context switches: 988
	Involuntary context switches: 134
	Swaps: 0
	File system inputs: 0
	File system outputs: 16448
	Socket messages sent: 0
	Socket messages received: 0
	Signals delivered: 0
	Page size (bytes): 4096
	Exit status: 1
