--------------------------------------------------------------------------
[[42127,1],0]: A high-performance Open MPI point-to-point messaging module
was unable to find any relevant network interfaces:

Module: OpenFabrics (openib)
  Host: ip-172-31-11-191

Another transport will be used instead, although this may result in
lower performance.

NOTE: You can disable this warning by setting the MCA parameter
btl_base_warn_component_unused to 0.
--------------------------------------------------------------------------
 Number of processors:           4
 REAL    wdsize      :           8
 INTEGER wdsize      :           4
 ifmgrid    : F     ifbrick    : T
[PI-INFO] Init time,0,0.137292

 Processor Distribution:  npx,npy,npz=           2           2           1
 Element Distribution: nelx,nely,nelz=           2           2           1
 Local Element Distribution: mx,my,mz=           1           1           1
[PI-INFO] Init time,2,0.128909
[PI-INFO] Init time,1,0.128816
[PI-INFO] Init time,3,0.128846
gs_setup: 370 unique labels shared
   pairwise times (avg, min, max): 4.39574e-05 4.30678e-05 4.42882e-05
   crystal router                : 6.6225e-05 6.46737e-05 6.83913e-05
   all reduce                    : 7.04082e-05 6.90103e-05 7.17432e-05
   used all_to_all method: pairwise

cg:   0  3.3172E+01
cg: 101  3.1435E-14  4.1218E-01  4.5780E-01  5.9627E-27
cg:   0  3.3172E+01
cg: 101  3.1435E-14  4.1218E-01  4.5780E-01  5.9627E-27

nelt =       1, np =         4, nx1 =      10, elements =         4
Tot MFlops =   0.0000E+00, MFlops      =   0.0000E+00
Setup Flop =   1.3900E+07, Solver Flop =   1.5150E+06
Solve Time =   0.0000E+00
[PI-INFO] Paramount Iteration,2,1,0.185147,0.056238
[PI-INFO] Paramount Iteration,0,1,0.193647,0.056355

 Processor Distribution:  npx,npy,npz=           2           2           1
 Element Distribution: nelx,nely,nelz=           4           2           1
 Local Element Distribution: mx,my,mz=           2           1           1
[PI-INFO] Paramount Iteration,3,1,0.185055,0.056209
[PI-INFO] Paramount Iteration,1,1,0.185049,0.056233
gs_setup: 550 unique labels shared
   pairwise times (avg, min, max): 4.62762e-05 4.26154e-05 4.87194e-05
   crystal router                : 6.61598e-05 6.429e-05 6.82931e-05
   all reduce                    : 7.86662e-05 7.74758e-05 7.96575e-05
   used all_to_all method: pairwise

cg:   0  4.7630E+01
cg: 101  2.1294E-09  4.0491E-01  6.4614E-01  1.8099E-17
cg:   0  5.3187E+01
cg: 101  3.2556E-09  4.3124E-01  6.3677E-01  3.9727E-17

nelt =       2, np =         4, nx1 =      10, elements =         8
Tot MFlops =   0.0000E+00, MFlops      =   0.0000E+00
Setup Flop =   2.7800E+07, Solver Flop =   3.0300E+06
Solve Time =   0.0000E+00
[PI-INFO] Paramount Iteration,0,2,0.255187,0.061540

 Processor Distribution:  npx,npy,npz=           2           2           1
 Element Distribution: nelx,nely,nelz=           6           2           1
 Local Element Distribution: mx,my,mz=           3           1           1
[PI-INFO] Paramount Iteration,2,2,0.246730,0.061583
[PI-INFO] Paramount Iteration,3,2,0.246642,0.061587
[PI-INFO] Paramount Iteration,1,2,0.246632,0.061583
gs_setup: 730 unique labels shared
   pairwise times (avg, min, max): 4.68781e-05 4.58755e-05 4.78711e-05
   crystal router                : 6.18581e-05 6.09223e-05 6.28562e-05
   all reduce                    : 7.19527e-05 7.02911e-05 7.39417e-05
   used all_to_all method: pairwise

cg:   0  5.8368E+01
cg: 101  3.3162E-09  3.9307E-01  6.6706E-01  4.3244E-17
cg:   0  6.6502E+01
cg: 101  5.6970E-09  4.0761E-01  6.3963E-01  1.2314E-16

nelt =       3, np =         4, nx1 =      10, elements =        12
Tot MFlops =   0.0000E+00, MFlops      =   0.0000E+00
Setup Flop =   4.1700E+07, Solver Flop =   4.5450E+06
Solve Time =   0.0000E+00
[PI-INFO] Paramount Iteration,0,3,0.321903,0.066716

 Processor Distribution:  npx,npy,npz=           2           2           1
 Element Distribution: nelx,nely,nelz=           4           4           1
 Local Element Distribution: mx,my,mz=           2           2           1
[PI-INFO] Paramount Iteration,2,3,0.313423,0.066693
[PI-INFO] Paramount Iteration,3,3,0.313326,0.066684
[PI-INFO] Paramount Iteration,1,3,0.313315,0.066683
gs_setup: 730 unique labels shared
   pairwise times (avg, min, max): 4.29691e-05 4.21729e-05 4.38062e-05
   crystal router                : 6.5821e-05 6.20276e-05 6.93155e-05
   all reduce                    : 7.59894e-05 7.30107e-05 7.85043e-05
   used all_to_all method: pairwise

cg:   0  6.7293E+01
cg: 101  4.5056E-09  4.2185E-01  6.3842E-01  7.3069E-17
cg:   0  7.6600E+01
cg: 101  6.8098E-09  4.2530E-01  6.4396E-01  1.6792E-16

nelt =       4, np =         4, nx1 =      10, elements =        16
Tot MFlops =   0.0000E+00, MFlops      =   0.0000E+00
Setup Flop =   5.5600E+07, Solver Flop =   6.0600E+06
Solve Time =   0.0000E+00
[PI-INFO] Paramount Iteration,0,4,0.394693,0.072790

 Processor Distribution:  npx,npy,npz=           2           2           1
 Element Distribution: nelx,nely,nelz=          10           2           1
 Local Element Distribution: mx,my,mz=           5           1           1
[PI-INFO] Paramount Iteration,2,4,0.386226,0.072803
[PI-INFO] Paramount Iteration,3,4,0.386142,0.072816
[PI-INFO] Paramount Iteration,1,4,0.386136,0.072821
gs_setup: 1090 unique labels shared
   pairwise times (avg, min, max): 4.51227e-05 4.36847e-05 4.63243e-05
   crystal router                : 6.98879e-05 6.71406e-05 7.28115e-05
   all reduce                    : 7.62015e-05 7.51198e-05 7.76448e-05
   used all_to_all method: pairwise

cg:   0  7.5051E+01
cg: 101  6.5269E-09  4.2276E-01  6.0900E-01  1.6351E-16
cg:   0  8.6669E+01
cg: 101  9.6638E-09  4.2330E-01  6.1534E-01  3.5474E-16

nelt =       5, np =         4, nx1 =      10, elements =        20
Tot MFlops =   0.0000E+00, MFlops      =   0.0000E+00
Setup Flop =   6.9500E+07, Solver Flop =   7.5750E+06
Solve Time =   0.0000E+00
[PI-INFO] Paramount Iteration,0,5,0.473987,0.079294

 Processor Distribution:  npx,npy,npz=           2           2           1
 Element Distribution: nelx,nely,nelz=           6           4           1
 Local Element Distribution: mx,my,mz=           3           2           1
[PI-INFO] Paramount Iteration,2,5,0.465544,0.079318
[PI-INFO] Paramount Iteration,3,5,0.465468,0.079326
[PI-INFO] Paramount Iteration,1,5,0.465485,0.079349
gs_setup: 910 unique labels shared
   pairwise times (avg, min, max): 4.60178e-05 4.53196e-05 4.72236e-05
   crystal router                : 6.36121e-05 6.32239e-05 6.4046e-05
   all reduce                    : 7.41631e-05 7.27296e-05 7.55781e-05
   used all_to_all method: pairwise

cg:   0  8.2677E+01
cg: 101  5.9459E-09  4.1917E-01  6.3496E-01  1.3206E-16
cg:   0  9.4442E+01
cg: 101  8.2461E-09  4.2243E-01  6.3990E-01  2.5171E-16

nelt =       6, np =         4, nx1 =      10, elements =        24
Tot MFlops =   0.0000E+00, MFlops      =   0.0000E+00
Setup Flop =   8.3400E+07, Solver Flop =   9.0900E+06
Solve Time =   0.0000E+00
[PI-INFO] Paramount Iteration,0,6,0.554518,0.080531

 Processor Distribution:  npx,npy,npz=           2           2           1
 Element Distribution: nelx,nely,nelz=          14           2           1
 Local Element Distribution: mx,my,mz=           7           1           1
[PI-INFO] Paramount Iteration,2,6,0.546072,0.080528
[PI-INFO] Paramount Iteration,1,6,0.545978,0.080493
[PI-INFO] Paramount Iteration,3,6,0.545985,0.080517
gs_setup: 1450 unique labels shared
   pairwise times (avg, min, max): 4.45157e-05 4.39603e-05 4.51092e-05
   crystal router                : 7.11769e-05 7.00105e-05 7.2398e-05
   all reduce                    : 0.000194942 0.000192357 0.00019809
   used all_to_all method: pairwise

cg:   0  8.8528E+01
cg: 101  7.8084E-09  3.9661E-01  6.2942E-01  2.4772E-16
cg:   0  1.0323E+02
cg: 101  1.1350E-08  4.0191E-01  6.3344E-01  5.0306E-16

nelt =       7, np =         4, nx1 =      10, elements =        28
Tot MFlops =   0.0000E+00, MFlops      =   0.0000E+00
Setup Flop =   9.7300E+07, Solver Flop =   1.0605E+07
Solve Time =   0.0000E+00
[PI-INFO] Paramount Iteration,0,7,0.642957,0.088439

 Processor Distribution:  npx,npy,npz=           2           2           1
 Element Distribution: nelx,nely,nelz=           4           4           2
 Local Element Distribution: mx,my,mz=           2           2           2
[PI-INFO] Paramount Iteration,2,7,0.634508,0.088436
[PI-INFO] Paramount Iteration,3,7,0.634447,0.088462
[PI-INFO] Paramount Iteration,1,7,0.634441,0.088463
gs_setup: 1387 unique labels shared
   pairwise times (avg, min, max): 4.61323e-05 4.43883e-05 4.73301e-05
   crystal router                : 6.93404e-05 6.84867e-05 7.09423e-05
   all reduce                    : 0.000207369 0.00020608 0.000210019
   used all_to_all method: pairwise

cg:   0  9.6175E+01
cg: 101  7.0055E-09  4.0225E-01  6.3835E-01  1.8649E-16
cg:   0  1.0651E+02
cg: 101  1.0422E-08  4.1139E-01  6.3623E-01  4.0479E-16

nelt =       8, np =         4, nx1 =      10, elements =        32
Tot MFlops =   0.0000E+00, MFlops      =   0.0000E+00
Setup Flop =   1.1120E+08, Solver Flop =   1.2120E+07
Solve Time =   0.0000E+00
[PI-INFO] Paramount Iteration,0,8,0.736007,0.093050

 Processor Distribution:  npx,npy,npz=           2           2           1
 Element Distribution: nelx,nely,nelz=           6           6           1
 Local Element Distribution: mx,my,mz=           3           3           1
[PI-INFO] Paramount Iteration,2,8,0.727545,0.093037
[PI-INFO] Paramount Iteration,3,8,0.727491,0.093044
[PI-INFO] Paramount Iteration,1,8,0.727486,0.093045
gs_setup: 1090 unique labels shared
   pairwise times (avg, min, max): 4.48436e-05 4.39694e-05 4.53861e-05
   crystal router                : 6.90455e-05 6.7442e-05 7.18809e-05
   all reduce                    : 7.79546e-05 7.62821e-05 8.02093e-05
   used all_to_all method: pairwise

cg:   0  1.0115E+02
cg: 101  8.2121E-09  4.0413E-01  6.5487E-01  2.5546E-16
cg:   0  1.1557E+02
cg: 101  1.1831E-08  4.1490E-01  6.3887E-01  5.2249E-16

nelt =       9, np =         4, nx1 =      10, elements =        36
Tot MFlops =   0.0000E+00, MFlops      =   0.0000E+00
Setup Flop =   1.2510E+08, Solver Flop =   1.3635E+07
Solve Time =   0.0000E+00
[PI-INFO] Paramount Iteration,0,9,0.835788,0.099781

 Processor Distribution:  npx,npy,npz=           2           2           1
 Element Distribution: nelx,nely,nelz=          10           4           1
 Local Element Distribution: mx,my,mz=           5           2           1
[PI-INFO] Paramount Iteration,3,9,0.827232,0.099741
[PI-INFO] Paramount Iteration,1,9,0.827225,0.099739
[PI-INFO] Paramount Iteration,2,9,0.827336,0.099791
gs_setup: 1270 unique labels shared
   pairwise times (avg, min, max): 4.49941e-05 4.42811e-05 4.55421e-05
   crystal router                : 6.64656e-05 6.56311e-05 6.71559e-05
   all reduce                    : 0.000206987 0.000204713 0.000208483
   used all_to_all method: pairwise

cg:   0  1.0643E+02
cg: 101  9.1420E-09  4.0474E-01  6.3655E-01  3.1703E-16
cg:   0  1.2200E+02
cg: 101  1.1121E-08  4.1324E-01  6.2545E-01  4.5854E-16

nelt =      10, np =         4, nx1 =      10, elements =        40
Tot MFlops =   0.0000E+00, MFlops      =   0.0000E+00
Setup Flop =   1.3900E+08, Solver Flop =   1.5150E+07
Solve Time =   0.0000E+00
[PI-INFO] Paramount Iteration,0,10,0.940981,0.105193

 Processor Distribution:  npx,npy,npz=           2           2           1
 Element Distribution: nelx,nely,nelz=          22           2           1
 Local Element Distribution: mx,my,mz=          11           1           1
[PI-INFO] Paramount Iteration,1,10,0.932423,0.105198
[PI-INFO] Paramount Iteration,2,10,0.932517,0.105181
[PI-INFO] Paramount Iteration,3,10,0.932432,0.105200
gs_setup: 2170 unique labels shared
   pairwise times (avg, min, max): 4.8083e-05 4.72781e-05 4.84824e-05
   crystal router                : 7.46239e-05 7.33515e-05 7.56586e-05
   all reduce                    : 0.000212302 0.00021 0.000215273
   used all_to_all method: pairwise

cg:   0  1.1065E+02
cg: 101  9.6396E-09  4.0677E-01  6.3417E-01  3.6195E-16
cg:   0  1.2982E+02
cg: 101  1.4176E-08  4.0610E-01  6.3000E-01  7.7684E-16

nelt =      11, np =         4, nx1 =      10, elements =        44
Tot MFlops =   0.0000E+00, MFlops      =   0.0000E+00
Setup Flop =   1.5290E+08, Solver Flop =   1.6665E+07
Solve Time =   0.0000E+00
[PI-INFO] Paramount Iteration,0,11,1.051322,0.110341

 Processor Distribution:  npx,npy,npz=           2           2           1
 Element Distribution: nelx,nely,nelz=           6           4           2
 Local Element Distribution: mx,my,mz=           3           2           2
[PI-INFO] Paramount Iteration,2,11,1.042857,0.110340
[PI-INFO] Paramount Iteration,3,11,1.042776,0.110344
[PI-INFO] Paramount Iteration,1,11,1.042815,0.110392
gs_setup: 1729 unique labels shared
   pairwise times (avg, min, max): 4.65375e-05 4.6084e-05 4.75511e-05
   crystal router                : 7.29957e-05 7.15663e-05 7.4647e-05
   all reduce                    : 0.000196784 0.000194747 0.000198305
   used all_to_all method: pairwise

cg:   0  1.1786E+02
cg: 101  9.8119E-09  4.1684E-01  6.2681E-01  3.6047E-16
cg:   0  1.2997E+02
cg: 101  1.2861E-08  4.1509E-01  6.2765E-01  6.2084E-16

nelt =      12, np =         4, nx1 =      10, elements =        48
Tot MFlops =   0.0000E+00, MFlops      =   0.0000E+00
Setup Flop =   1.6680E+08, Solver Flop =   1.8180E+07
Solve Time =   0.0000E+00
[PI-INFO] Paramount Iteration,0,12,1.167789,0.116467

 Processor Distribution:  npx,npy,npz=           2           2           1
 Element Distribution: nelx,nely,nelz=          26           2           1
 Local Element Distribution: mx,my,mz=          13           1           1
[PI-INFO] Paramount Iteration,1,12,1.159237,0.116422
[PI-INFO] Paramount Iteration,2,12,1.159316,0.116459
[PI-INFO] Paramount Iteration,3,12,1.159237,0.116461
gs_setup: 2530 unique labels shared
   pairwise times (avg, min, max): 5.80163e-05 5.72538e-05 5.91738e-05
   crystal router                : 9.89657e-05 9.65992e-05 0.000101535
   all reduce                    : 0.000215196 0.000213467 0.000217708
   used all_to_all method: pairwise

cg:   0  1.2045E+02
cg: 101  1.0859E-08  4.0502E-01  6.3736E-01  4.6419E-16
cg:   0  1.4145E+02
cg: 101  1.5001E-08  4.0611E-01  6.3355E-01  8.7613E-16

nelt =      13, np =         4, nx1 =      10, elements =        52
Tot MFlops =   0.0000E+00, MFlops      =   0.0000E+00
Setup Flop =   1.8070E+08, Solver Flop =   1.9695E+07
Solve Time =   0.0000E+00
[PI-INFO] Paramount Iteration,0,13,1.295993,0.128204

 Processor Distribution:  npx,npy,npz=           2           2           1
 Element Distribution: nelx,nely,nelz=          14           4           1
 Local Element Distribution: mx,my,mz=           7           2           1
[PI-INFO] Paramount Iteration,1,13,1.287426,0.128189
[PI-INFO] Paramount Iteration,2,13,1.287525,0.128209
[PI-INFO] Paramount Iteration,3,13,1.287436,0.128199
gs_setup: 1630 unique labels shared
   pairwise times (avg, min, max): 4.60856e-05 4.51402e-05 4.72351e-05
   crystal router                : 7.54533e-05 7.24015e-05 7.90072e-05
   all reduce                    : 0.000203911 0.000201488 0.000205386
   used all_to_all method: pairwise

cg:   0  1.2555E+02
cg: 101  1.2138E-08  3.9876E-01  6.5737E-01  5.8119E-16
cg:   0  1.4448E+02
cg: 101  1.6530E-08  3.9760E-01  6.5382E-01  1.0890E-15

nelt =      14, np =         4, nx1 =      10, elements =        56
Tot MFlops =   0.0000E+00, MFlops      =   0.0000E+00
Setup Flop =   1.9460E+08, Solver Flop =   2.1210E+07
Solve Time =   0.0000E+00
[PI-INFO] Paramount Iteration,0,14,1.421596,0.125603

 Processor Distribution:  npx,npy,npz=           2           2           1
 Element Distribution: nelx,nely,nelz=          10           6           1
 Local Element Distribution: mx,my,mz=           5           3           1
[PI-INFO] Paramount Iteration,1,14,1.413023,0.125597
[PI-INFO] Paramount Iteration,2,14,1.413106,0.125581
[PI-INFO] Paramount Iteration,3,14,1.413033,0.125597
gs_setup: 1450 unique labels shared
   pairwise times (avg, min, max): 4.45433e-05 4.30991e-05 4.53997e-05
   crystal router                : 7.27977e-05 7.15362e-05 7.38545e-05
   all reduce                    : 0.000201179 0.00019943 0.000202096
   used all_to_all method: pairwise

cg:   0  1.3014E+02
cg: 101  1.3083E-08  4.0034E-01  6.2447E-01  6.8864E-16
cg:   0  1.4891E+02
cg: 101  1.7878E-08  4.0682E-01  6.2957E-01  1.2261E-15

nelt =      15, np =         4, nx1 =      10, elements =        60
Tot MFlops =   0.0000E+00, MFlops      =   0.0000E+00
Setup Flop =   2.0850E+08, Solver Flop =   2.2725E+07
Solve Time =   0.0000E+00
[PI-INFO] Paramount Iteration,0,15,1.559601,0.138005
[PI-INFO] PI avg,0,0.094821,15
[PI-INFO] Beta,0,0.000007
[PI-INFO] Total time,1.559611
[PI-INFO] Paramount Iteration,3,15,1.551033,0.138000
[PI-INFO] PI avg,3,0.094812,15
[PI-INFO] Beta,3,0.000016
[PI-INFO] Paramount Iteration,1,15,1.551028,0.138005
[PI-INFO] PI avg,1,0.094814,15
[PI-INFO] Beta,1,0.000016
[PI-INFO] Paramount Iteration,2,15,1.551118,0.138012
[PI-INFO] PI avg,2,0.094814,15
[PI-INFO] Beta,2,0.000016
--------------------------------------------------------------------------
mpirun has exited due to process rank 0 with PID 0 on
node ip-172-31-11-191 exiting improperly. There are three reasons this could occur:

1. this process did not call "init" before exiting, but others in
the job did. This can cause a job to hang indefinitely while it waits
for all processes to call "init". By rule, if one process calls "init",
then ALL processes must call "init" prior to termination.

2. this process called "init", but exited without calling "finalize".
By rule, all processes that call "init" MUST call "finalize" prior to
exiting or it will be considered an "abnormal termination"

3. this process called "MPI_Abort" or "orte_abort" and the mca parameter
orte_create_session_dirs is set to false. In this case, the run-time cannot
detect that the abort call was an abnormal termination. Hence, the only
error message you will receive is this one.

This may have caused other processes in the application to be
terminated by signals sent by mpirun (as reported here).

You can avoid this message by specifying -quiet on the mpirun command line.
--------------------------------------------------------------------------
[ip-172-31-11-191:18445] 3 more processes have sent help message help-mpi-btl-base.txt / btl:no-nics
[ip-172-31-11-191:18445] Set MCA parameter "orte_base_help_aggregate" to 0 to see all help / error messages
Command exited with non-zero status 1
	Command being timed: "mpirun --hostfile /home/ubuntu/PI-Bench/ECP-Proxy-Apps/hostfile -n 4 ./nekbone"
	User time (seconds): 1.09
	System time (seconds): 0.40
	Percent of CPU this job got: 36%
	Elapsed (wall clock) time (h:mm:ss or m:ss): 0:04.15
	Average shared text size (kbytes): 0
	Average unshared data size (kbytes): 0
	Average stack size (kbytes): 0
	Average total size (kbytes): 0
	Maximum resident set size (kbytes): 18868
	Average resident set size (kbytes): 0
	Major (requiring I/O) page faults: 4
	Minor (reclaiming a frame) page faults: 7517
	Voluntary context switches: 985
	Involuntary context switches: 148
	Swaps: 0
	File system inputs: 0
	File system outputs: 16448
	Socket messages sent: 0
	Socket messages received: 0
	Signals delivered: 0
	Page size (bytes): 4096
	Exit status: 1
