--------------------------------------------------------------------------
[[15011,1],0]: A high-performance Open MPI point-to-point messaging module
was unable to find any relevant network interfaces:

Module: OpenFabrics (openib)
  Host: ip-172-31-3-69

Another transport will be used instead, although this may result in
lower performance.

NOTE: You can disable this warning by setting the MCA parameter
btl_base_warn_component_unused to 0.
--------------------------------------------------------------------------
 ERROR: Code compiled for a max of          10  processors.
 Recompile with LP =          16  or run with fewer processors.
 Aborting in routine INIPROC.
 ERROR: Code compiled for a max of          10  processors.
 Recompile with LP =          16  or run with fewer processors.
 Aborting in routine INIPROC.
 ERROR: Code compiled for a max of          10  processors.
 Recompile with LP =          16  or run with fewer processors.
 Aborting in routine INIPROC.
 ERROR: Code compiled for a max of          10  processors.
 Recompile with LP =          16  or run with fewer processors.
 Aborting in routine INIPROC.
 ERROR: Code compiled for a max of          10  processors.
 Recompile with LP =          16  or run with fewer processors.
 Aborting in routine INIPROC.
 ERROR: Code compiled for a max of          10  processors.
 Recompile with LP =          16  or run with fewer processors.
 Aborting in routine INIPROC.
 ERROR: Code compiled for a max of          10  processors.
 Recompile with LP =          16  or run with fewer processors.
 Aborting in routine INIPROC.
 ERROR: Code compiled for a max of          10  processors.
 Recompile with LP =          16  or run with fewer processors.
 Aborting in routine INIPROC.
 ERROR: Code compiled for a max of          10  processors.
 Recompile with LP =          16  or run with fewer processors.
 Aborting in routine INIPROC.
 ERROR: Code compiled for a max of          10  processors.
 Recompile with LP =          16  or run with fewer processors.
 Aborting in routine INIPROC.
 ERROR: Code compiled for a max of          10  processors.
 Recompile with LP =          16  or run with fewer processors.
 Aborting in routine INIPROC.
 ERROR: Code compiled for a max of          10  processors.
 Recompile with LP =          16  or run with fewer processors.
 Aborting in routine INIPROC.
 ERROR: Code compiled for a max of          10  processors.
 Recompile with LP =          16  or run with fewer processors.
 Aborting in routine INIPROC.
 ERROR: Code compiled for a max of          10  processors.
 Recompile with LP =          16  or run with fewer processors.
 Aborting in routine INIPROC.
 ERROR: Code compiled for a max of          10  processors.
 Recompile with LP =          16  or run with fewer processors.
 Aborting in routine INIPROC.
 ERROR: Code compiled for a max of          10  processors.
 Recompile with LP =          16  or run with fewer processors.
 Aborting in routine INIPROC.
  
call exitt: dying ...
  
  
total elapsed time             :   0.00000E+00 sec


Program received signal SIGFPE: Floating-point exception - erroneous arithmetic operation.

Backtrace for this error:

Program received signal SIGFPE: Floating-point exception - erroneous arithmetic operation.

Backtrace for this error:

Program received signal SIGFPE: Floating-point exception - erroneous arithmetic operation.

Backtrace for this error:

Program received signal SIGFPE: Floating-point exception - erroneous arithmetic operation.

Backtrace for this error:

Program received signal SIGFPE: Floating-point exception - erroneous arithmetic operation.

Backtrace for this error:

Program received signal SIGFPE: Floating-point exception - erroneous arithmetic operation.

Backtrace for this error:

Program received signal SIGFPE: Floating-point exception - erroneous arithmetic operation.

Backtrace for this error:

Program received signal SIGFPE: Floating-point exception - erroneous arithmetic operation.

Backtrace for this error:

Program received signal SIGFPE: Floating-point exception - erroneous arithmetic operation.

Backtrace for this error:

Program received signal SIGFPE: Floating-point exception - erroneous arithmetic operation.

Backtrace for this error:

Program received signal SIGFPE: Floating-point exception - erroneous arithmetic operation.

Backtrace for this error:

Program received signal SIGFPE: Floating-point exception - erroneous arithmetic operation.

Backtrace for this error:

Program received signal SIGFPE: Floating-point exception - erroneous arithmetic operation.

Backtrace for this error:

Program received signal SIGFPE: Floating-point exception - erroneous arithmetic operation.

Backtrace for this error:

Program received signal SIGFPE: Floating-point exception - erroneous arithmetic operation.

Backtrace for this error:

Program received signal SIGFPE: Floating-point exception - erroneous arithmetic operation.

Backtrace for this error:
#0  0x7f957152232a
#1  0x7f9571521503
#2  0x7f9570b9f03f
#3  0x55ce69810371
#4  0x55ce69812209
#5  0x55ce698029d3
#6  0x55ce697ff68e
#7  0x7f9570b81bf6
#8  0x55ce697ff6c9
#9  0xffffffffffffffff
#0  0x7f24ab4ac32a
#1  0x7f24ab4ab503
#2  0x7f24aab2903f
#3  0x55c2e418b371
#4  0x55c2e418d209
#5  0x55c2e417d9d3
#6  0x55c2e417a68e
#7  0x7f24aab0bbf6
#8  0x55c2e417a6c9
#9  0xffffffffffffffff
#0  0x7f50b01f032a
#1  0x7f50b01ef503
#2  0x7f50af86d03f
#3  0x555d7f016371
#4  0x555d7f018209
#5  0x555d7f0089d3
#6  0x555d7f00568e
#7  0x7f50af84fbf6
#8  0x555d7f0056c9
#9  0xffffffffffffffff
#0  0x7f683fe3132a
#1  0x7f683fe30503
#2  0x7f683f4ae03f
#3  0x563463fa5371
#4  0x563463fa7209
#5  0x563463f979d3
#6  0x563463f9468e
#7  0x7f683f490bf6
#8  0x563463f946c9
#9  0xffffffffffffffff
#0  0x7f031bf6e32a
#1  0x7f031bf6d503
#2  0x7f031b5eb03f
#3  0x565079862371
#4  0x565079864209
#5  0x5650798549d3
#6  0x56507985168e
#7  0x7f031b5cdbf6
#8  0x5650798516c9
#9  0xffffffffffffffff
#0  0x7f75c13b132a
#1  0x7f75c13b0503
#2  0x7f75c0a2e03f
#3  0x56533b1b7371
#4  0x56533b1b9209
#5  0x56533b1a99d3
#6  0x56533b1a668e
#7  0x7f75c0a10bf6
#8  0x56533b1a66c9
#9  0xffffffffffffffff
#0  0x7fe45684932a
#1  0x7fe456848503
#2  0x7fe455ec603f
#3  0x563678396371
#4  0x563678398209
#5  0x5636783889d3
#6  0x56367838568e
#7  0x7fe455ea8bf6
#8  0x5636783856c9
#9  0xffffffffffffffff
#0  0x7f5592dd532a
#1  0x7f5592dd4503
#2  0x7f559245203f
#3  0x55a5b10e1371
#4  0x55a5b10e3209
#5  0x55a5b10d39d3
#6  0x55a5b10d068e
#7  0x7f5592434bf6
#8  0x55a5b10d06c9
#9  0xffffffffffffffff
#0  0x7fefc1a2832a
#1  0x7fefc1a27503
#2  0x7fefc10a503f
#3  0x5575fbd98371
#4  0x5575fbd9a209
#5  0x5575fbd8a9d3
#6  0x5575fbd8768e
#7  0x7fefc1087bf6
#8  0x5575fbd876c9
#9  0xffffffffffffffff
#0  0x7f922fcbe32a
#1  0x7f922fcbd503
#2  0x7f922f33b03f
#3  0x564ed4773371
#4  0x564ed4775209
#5  0x564ed47659d3
#6  0x564ed476268e
#7  0x7f922f31dbf6
#0  0x7fe37b01b32a
#1  0x7fe37b01a503
#2  0x7fe37a69803f
#3  0x55d990780371
#4  0x55d990782209
#5  0x55d9907729d3
#6  0x55d99076f68e
#7  0x7fe37a67abf6
#8  0x55d99076f6c9
#9  0xffffffffffffffff
#0  0x7f229598332a
#1  0x7f2295982503
#2  0x7f229500003f
#3  0x560d65561371
#4  0x560d65563209
#5  0x560d655539d3
#6  0x560d6555068e
#7  0x7f2294fe2bf6
#8  0x560d655506c9
#9  0xffffffffffffffff
#0  0x7fef761d932a
#1  0x7fef761d8503
#2  0x7fef7585603f
#3  0x55a7a3e92371
#4  0x55a7a3e94209
#5  0x55a7a3e849d3
#6  0x55a7a3e8168e
#7  0x7fef75838bf6
#8  0x55a7a3e816c9
#8  0x564ed47626c9
#9  0xffffffffffffffff
#0  0x7efe0e5d132a
#1  0x7efe0e5d0503
#2  0x7efe0dc4e03f
#3  0x55d57e508371
#4  0x55d57e50a209
#5  0x55d57e4fa9d3
#6  0x55d57e4f768e
#7  0x7efe0dc30bf6
#8  0x55d57e4f76c9
#9  0xffffffffffffffff
#0  0x7f046e18332a
#1  0x7f046e182503
#2  0x7f046d80003f
#3  0x555c3e5e7371
#4  0x555c3e5e9209
#5  0x555c3e5d99d3
#6  0x555c3e5d668e
#7  0x7f046d7e2bf6
#8  0x555c3e5d66c9
#9  0xffffffffffffffff
#9  0xffffffffffffffff
#0  0x7faa2691132a
#1  0x7faa26910503
#2  0x7faa25f8e03f
#3  0x55dba4c09371
#4  0x55dba4c0b209
#5  0x55dba4bfb9d3
#6  0x55dba4bf868e
#7  0x7faa25f70bf6
#8  0x55dba4bf86c9
#9  0xffffffffffffffff
--------------------------------------------------------------------------
mpirun noticed that process rank 15 with PID 17155 on node 172.31.3.194 exited on signal 8 (Floating point exception).
--------------------------------------------------------------------------
[ip-172-31-3-69:16546] 15 more processes have sent help message help-mpi-btl-base.txt / btl:no-nics
[ip-172-31-3-69:16546] Set MCA parameter "orte_base_help_aggregate" to 0 to see all help / error messages
Command exited with non-zero status 136
	Command being timed: "mpirun --hostfile /home/ubuntu/PI-Bench/ECP-Proxy-Apps/hostfile -n 16 ./nekbone"
	User time (seconds): 0.07
	System time (seconds): 0.02
	Percent of CPU this job got: 5%
	Elapsed (wall clock) time (h:mm:ss or m:ss): 0:01.95
	Average shared text size (kbytes): 0
	Average unshared data size (kbytes): 0
	Average stack size (kbytes): 0
	Average total size (kbytes): 0
	Maximum resident set size (kbytes): 19276
	Average resident set size (kbytes): 0
	Major (requiring I/O) page faults: 4
	Minor (reclaiming a frame) page faults: 5748
	Voluntary context switches: 939
	Involuntary context switches: 7
	Swaps: 0
	File system inputs: 0
	File system outputs: 16432
	Socket messages sent: 0
	Socket messages received: 0
	Signals delivered: 0
	Page size (bytes): 4096
	Exit status: 136
