[ip-172-31-12-237:21893] plm:rsh: Warning: setpgid(21922,21922) failed in parent with errno=Permission denied(13)
--------------------------------------------------------------------------
[[39518,1],1]: A high-performance Open MPI point-to-point messaging module
was unable to find any relevant network interfaces:

Module: OpenFabrics (openib)
  Host: ip-172-31-14-220

Another transport will be used instead, although this may result in
lower performance.

NOTE: You can disable this warning by setting the MCA parameter
btl_base_warn_component_unused to 0.
--------------------------------------------------------------------------

* Processing the grid command...
* Changing x from 0 to 1270 to be consistent with h=10
* Changing z from 0 to 5110 to be consistent with h=10
* Changing y from 0 to 1270 to be consistent with h=10
defineDimensionsGXY: #ghost points=2, #parallel padding points=2
Extent of the computational domain xmax=1270 ymax=1270 zmin = 0 zmax=5110
***inside setupMPICommunications***

Global grid sizes (without ghost points)
Grid         h        Nx        Ny        Nz       Points
   0        10       128       128       512      8388608
Total number of grid points (without ghost points): 8.38861e+06

Done reading input file 
 no GPUs found
Setting up SBP boundary stencils
----------------------------------------------------
 Making Output Directory: basic-results/
		
... Done!
----------------------------------------------------
Detected at least one boundary with supergrid conditions
*** computing the time step ***
 CFL= 1.3 prel. time step=0.00265361
number of grid point  sources = 216
number of unique g.p. sources = 216
setup of sources done
[PI-INFO] Init time,29,0.176206
[PI-INFO] Init time,7,0.176687
[PI-INFO] Init time,26,0.178163
[PI-INFO] Init time,28,0.176716
[PI-INFO] Init time,10,0.178316
[PI-INFO] Init time,17,0.177034
[PI-INFO] Init time,21,0.177998
[PI-INFO] Init time,25,0.176997
[PI-INFO] Init time,13,0.176604
[PI-INFO] Init time,9,0.177871
[PI-INFO] Init time,5,0.176755
[PI-INFO] Init time,1,0.177040
[PI-INFO] Init time,11,0.177299
[PI-INFO] Init time,22,0.176424
[PI-INFO] Init time,14,0.176596
[PI-INFO] Init time,23,0.176491
[PI-INFO] Init time,15,0.176861
[PI-INFO] Init time,2,0.176616
[PI-INFO] Init time,12,0.178467
[PI-INFO] Init time,16,0.176310
[PI-INFO] Init time,18,0.177708
[PI-INFO] Init time,6,0.177251
[PI-INFO] Init time,20,0.176948
[PI-INFO] Init time,8,0.175826
[PI-INFO] Init time,19,0.176597
[PI-INFO] Init time,27,0.176610
Running on 32 MPI tasks
starting at time 0 at cycle 1
[PI-INFO] Init time,0,0.166466
[PI-INFO] Init time,24,0.175982
[PI-INFO] Init time,31,0.176407
[PI-INFO] Init time,4,0.177021
[PI-INFO] Init time,3,0.176643
[PI-INFO] Init time,30,0.176422
[PI-INFO] Paramount Iteration,28,1,0.301296,0.124581
[PI-INFO] Paramount Iteration,20,1,0.302363,0.125415
[PI-INFO] Paramount Iteration,12,1,0.303986,0.125519
[PI-INFO] Paramount Iteration,4,1,0.302946,0.125925
[PI-INFO] Paramount Iteration,19,1,0.306579,0.129982
[PI-INFO] Paramount Iteration,11,1,0.307559,0.130260
[PI-INFO] Paramount Iteration,18,1,0.307931,0.130223
[PI-INFO] Paramount Iteration,24,1,0.306367,0.130386
[PI-INFO] Paramount Iteration,10,1,0.309139,0.130823
[PI-INFO] Paramount Iteration,17,1,0.307824,0.130790
[PI-INFO] Paramount Iteration,25,1,0.307782,0.130785
[PI-INFO] Paramount Iteration,27,1,0.307251,0.130641
[PI-INFO] Paramount Iteration,9,1,0.308672,0.130802
[PI-INFO] Paramount Iteration,16,1,0.306978,0.130669
[PI-INFO] Paramount Iteration,3,1,0.307229,0.130587
[PI-INFO] Paramount Iteration,26,1,0.309373,0.131210
[PI-INFO] Paramount Iteration,8,1,0.306799,0.130974
[PI-INFO] Paramount Iteration,2,1,0.307735,0.131119
[PI-INFO] Paramount Iteration,1,1,0.308445,0.131406
Time step 1 t= 0.00265361
[PI-INFO] Paramount Iteration,0,1,0.297666,0.131201
[PI-INFO] Paramount Iteration,5,1,0.309117,0.132363
[PI-INFO] Paramount Iteration,6,1,0.309571,0.132320
[PI-INFO] Paramount Iteration,21,1,0.310829,0.132831
[PI-INFO] Paramount Iteration,7,1,0.310087,0.133400
[PI-INFO] Paramount Iteration,29,1,0.310349,0.134143
[PI-INFO] Paramount Iteration,13,1,0.309633,0.133029
[PI-INFO] Paramount Iteration,22,1,0.309394,0.132971
[PI-INFO] Paramount Iteration,23,1,0.309637,0.133146
[PI-INFO] Paramount Iteration,30,1,0.309345,0.132923
[PI-INFO] Paramount Iteration,14,1,0.309893,0.133298
[PI-INFO] Paramount Iteration,15,1,0.310197,0.133337
[PI-INFO] Paramount Iteration,31,1,0.309610,0.133203
[PI-INFO] Paramount Iteration,25,2,0.432388,0.124606
[PI-INFO] Paramount Iteration,0,2,0.421595,0.123929
[PI-INFO] Paramount Iteration,24,2,0.431334,0.124967
[PI-INFO] Paramount Iteration,16,2,0.431981,0.125003
[PI-INFO] Paramount Iteration,17,2,0.433222,0.125398
[PI-INFO] Paramount Iteration,27,2,0.432651,0.125400
[PI-INFO] Paramount Iteration,26,2,0.434600,0.125227
[PI-INFO] Paramount Iteration,8,2,0.431941,0.125142
[PI-INFO] Paramount Iteration,9,2,0.434320,0.125648
[PI-INFO] Paramount Iteration,18,2,0.434029,0.126098
[PI-INFO] Paramount Iteration,19,2,0.433067,0.126488
[PI-INFO] Paramount Iteration,10,2,0.435263,0.126124
[PI-INFO] Paramount Iteration,11,2,0.434030,0.126471
[PI-INFO] Paramount Iteration,28,2,0.433726,0.132430
[PI-INFO] Paramount Iteration,12,2,0.435161,0.131175
[PI-INFO] Paramount Iteration,20,2,0.433811,0.131448
[PI-INFO] Paramount Iteration,6,2,0.434304,0.124733
[PI-INFO] Paramount Iteration,13,2,0.433909,0.124276
[PI-INFO] Paramount Iteration,5,2,0.434112,0.124995
[PI-INFO] Paramount Iteration,7,2,0.434743,0.124656
[PI-INFO] Paramount Iteration,1,2,0.434528,0.126083
[PI-INFO] Paramount Iteration,4,2,0.434206,0.131260
[PI-INFO] Paramount Iteration,21,2,0.435605,0.124776
[PI-INFO] Paramount Iteration,14,2,0.434144,0.124251
[PI-INFO] Paramount Iteration,2,2,0.434112,0.126377
[PI-INFO] Paramount Iteration,15,2,0.434461,0.124264
[PI-INFO] Paramount Iteration,29,2,0.435243,0.124894
[PI-INFO] Paramount Iteration,3,2,0.434179,0.126950
[PI-INFO] Paramount Iteration,22,2,0.434272,0.124878
[PI-INFO] Paramount Iteration,23,2,0.434469,0.124832
[PI-INFO] Paramount Iteration,30,2,0.434587,0.125242
[PI-INFO] Paramount Iteration,31,2,0.434779,0.125169
[PI-INFO] Paramount Iteration,24,3,0.554941,0.123607
[PI-INFO] Paramount Iteration,25,3,0.557386,0.124998
[PI-INFO] Paramount Iteration,26,3,0.559718,0.125118
[PI-INFO] Paramount Iteration,27,3,0.557875,0.125224
[PI-INFO] Paramount Iteration,16,3,0.557595,0.125614
[PI-INFO] Paramount Iteration,8,3,0.557263,0.125322
[PI-INFO] Paramount Iteration,6,3,0.559047,0.124743
[PI-INFO] Paramount Iteration,28,3,0.558867,0.125141
[PI-INFO] Paramount Iteration,17,3,0.559177,0.125955
[PI-INFO] Paramount Iteration,7,3,0.559343,0.124600
[PI-INFO] Paramount Iteration,13,3,0.558734,0.124825
[PI-INFO] Paramount Iteration,14,3,0.558673,0.124529
[PI-INFO] Paramount Iteration,15,3,0.558967,0.124506
[PI-INFO] Paramount Iteration,9,3,0.560089,0.125769
[PI-INFO] Paramount Iteration,18,3,0.559793,0.125764
[PI-INFO] Paramount Iteration,0,3,0.548379,0.126784
[PI-INFO] Paramount Iteration,19,3,0.558840,0.125773
[PI-INFO] Paramount Iteration,12,3,0.560668,0.125507
[PI-INFO] Paramount Iteration,20,3,0.559242,0.125431
[PI-INFO] Paramount Iteration,29,3,0.559919,0.124676
[PI-INFO] Paramount Iteration,10,3,0.560993,0.125730
[PI-INFO] Paramount Iteration,21,3,0.560600,0.124995
[PI-INFO] Paramount Iteration,11,3,0.559805,0.125775
[PI-INFO] Paramount Iteration,22,3,0.559124,0.124852
[PI-INFO] Paramount Iteration,23,3,0.559288,0.124819
[PI-INFO] Paramount Iteration,5,3,0.559639,0.125527
[PI-INFO] Paramount Iteration,30,3,0.559012,0.124425
[PI-INFO] Paramount Iteration,1,3,0.560097,0.125569
[PI-INFO] Paramount Iteration,31,3,0.559293,0.124514
[PI-INFO] Paramount Iteration,4,3,0.559880,0.125674
[PI-INFO] Paramount Iteration,2,3,0.559752,0.125640
[PI-INFO] Paramount Iteration,3,3,0.559804,0.125625
[PI-INFO] Paramount Iteration,6,4,0.684135,0.125088
[PI-INFO] Paramount Iteration,7,4,0.684570,0.125227
[PI-INFO] Paramount Iteration,5,4,0.684835,0.125196
[PI-INFO] Paramount Iteration,9,4,0.690549,0.130460
[PI-INFO] Paramount Iteration,19,4,0.689254,0.130414
[PI-INFO] Paramount Iteration,8,4,0.688553,0.131290
[PI-INFO] Paramount Iteration,4,4,0.689557,0.129677
[PI-INFO] Paramount Iteration,0,4,0.678981,0.130602
[PI-INFO] Paramount Iteration,18,4,0.690518,0.130725
[PI-INFO] Paramount Iteration,25,4,0.689979,0.132593
[PI-INFO] Paramount Iteration,11,4,0.690166,0.130361
[PI-INFO] Paramount Iteration,17,4,0.690170,0.130993
[PI-INFO] Paramount Iteration,24,4,0.688682,0.133741
[PI-INFO] Paramount Iteration,16,4,0.689136,0.131541
[PI-INFO] Paramount Iteration,27,4,0.689464,0.131589
[PI-INFO] Paramount Iteration,10,4,0.691552,0.130559
[PI-INFO] Paramount Iteration,2,4,0.689627,0.129875
[PI-INFO] Paramount Iteration,1,4,0.690219,0.130122
[PI-INFO] Paramount Iteration,3,4,0.689540,0.129736
[PI-INFO] Paramount Iteration,26,4,0.691676,0.131958
[PI-INFO] Paramount Iteration,12,4,0.692383,0.131715
[PI-INFO] Paramount Iteration,13,4,0.691065,0.132331
[PI-INFO] Paramount Iteration,20,4,0.691234,0.131992
[PI-INFO] Paramount Iteration,21,4,0.692630,0.132030
[PI-INFO] Paramount Iteration,28,4,0.691455,0.132588
[PI-INFO] Paramount Iteration,14,4,0.691243,0.132570
[PI-INFO] Paramount Iteration,22,4,0.691077,0.131953
[PI-INFO] Paramount Iteration,15,4,0.691525,0.132558
[PI-INFO] Paramount Iteration,23,4,0.691230,0.131942
[PI-INFO] Paramount Iteration,29,4,0.692371,0.132452
[PI-INFO] Paramount Iteration,30,4,0.691351,0.132339
[PI-INFO] Paramount Iteration,31,4,0.691617,0.132324
[PI-INFO] Paramount Iteration,27,5,0.813602,0.124138
[PI-INFO] Paramount Iteration,26,5,0.816101,0.124425
[PI-INFO] Paramount Iteration,25,5,0.814839,0.124860
[PI-INFO] Paramount Iteration,24,5,0.813723,0.125041
[PI-INFO] Paramount Iteration,19,5,0.814507,0.125253
[PI-INFO] Paramount Iteration,18,5,0.815646,0.125128
[PI-INFO] Paramount Iteration,0,5,0.804210,0.125229
[PI-INFO] Paramount Iteration,11,5,0.815395,0.125229
[PI-INFO] Paramount Iteration,17,5,0.815411,0.125241
[PI-INFO] Paramount Iteration,10,5,0.816875,0.125323
[PI-INFO] Paramount Iteration,16,5,0.814568,0.125432
[PI-INFO] Paramount Iteration,9,5,0.816388,0.125839
[PI-INFO] Paramount Iteration,12,5,0.817033,0.124650
[PI-INFO] Paramount Iteration,8,5,0.814488,0.125935
[PI-INFO] Paramount Iteration,2,5,0.815303,0.125676
[PI-INFO] Paramount Iteration,1,5,0.815913,0.125694
[PI-INFO] Paramount Iteration,4,5,0.815609,0.126052
[PI-INFO] Paramount Iteration,28,5,0.815910,0.124455
[PI-INFO] Paramount Iteration,20,5,0.815880,0.124646
[PI-INFO] Paramount Iteration,3,5,0.815528,0.125988
[PI-INFO] Paramount Iteration,21,5,0.823902,0.131272
[PI-INFO] Paramount Iteration,29,5,0.823321,0.130950
[PI-INFO] Paramount Iteration,13,5,0.822613,0.131548
[PI-INFO] Paramount Iteration,5,5,0.822768,0.137933
[PI-INFO] Paramount Iteration,6,5,0.823288,0.139153
[PI-INFO] Paramount Iteration,22,5,0.822594,0.131517
[PI-INFO] Paramount Iteration,23,5,0.822772,0.131542
[PI-INFO] Paramount Iteration,14,5,0.822925,0.131682
[PI-INFO] Paramount Iteration,30,5,0.822500,0.131149
[PI-INFO] Paramount Iteration,7,5,0.823783,0.139213
[PI-INFO] Paramount Iteration,15,5,0.823251,0.131726
[PI-INFO] Paramount Iteration,31,5,0.822748,0.131131
[PI-INFO] Paramount Iteration,10,6,0.949940,0.133065
[PI-INFO] Paramount Iteration,18,6,0.948933,0.133287
[PI-INFO] Paramount Iteration,2,6,0.947984,0.132681
[PI-INFO] Paramount Iteration,26,6,0.949881,0.133780
[PI-INFO] Paramount Iteration,25,6,0.948550,0.133711
[PI-INFO] Paramount Iteration,9,6,0.949439,0.133051
[PI-INFO] Paramount Iteration,1,6,0.948721,0.132808
[PI-INFO] Paramount Iteration,17,6,0.948877,0.133466
[PI-INFO] Paramount Iteration,24,6,0.947433,0.133710
[PI-INFO] Paramount Iteration,0,6,0.937889,0.133679
[PI-INFO] Paramount Iteration,16,6,0.948073,0.133505
[PI-INFO] Paramount Iteration,8,6,0.947632,0.133144
[PI-INFO] Paramount Iteration,27,6,0.951398,0.137796
[PI-INFO] Paramount Iteration,19,6,0.951683,0.137176
[PI-INFO] Paramount Iteration,28,6,0.952295,0.136385
[PI-INFO] Paramount Iteration,29,6,0.952866,0.129545
[PI-INFO] Paramount Iteration,11,6,0.952742,0.137347
[PI-INFO] Paramount Iteration,22,6,0.951932,0.129338
[PI-INFO] Paramount Iteration,21,6,0.953682,0.129780
[PI-INFO] Paramount Iteration,30,6,0.951647,0.129147
[PI-INFO] Paramount Iteration,20,6,0.952439,0.136559
[PI-INFO] Paramount Iteration,23,6,0.952113,0.129341
[PI-INFO] Paramount Iteration,7,6,0.953157,0.129374
[PI-INFO] Paramount Iteration,31,6,0.951979,0.129231
[PI-INFO] Paramount Iteration,3,6,0.952192,0.136664
[PI-INFO] Paramount Iteration,4,6,0.952675,0.137066
[PI-INFO] Paramount Iteration,5,6,0.952761,0.129993
[PI-INFO] Paramount Iteration,6,6,0.953124,0.129836
[PI-INFO] Paramount Iteration,12,6,0.954370,0.137337
[PI-INFO] Paramount Iteration,14,6,0.952781,0.129856
[PI-INFO] Paramount Iteration,15,6,0.953051,0.129800
[PI-INFO] Paramount Iteration,13,6,0.953020,0.130407
[PI-INFO] Paramount Iteration,24,7,1.072369,0.124936
[PI-INFO] Paramount Iteration,25,7,1.075463,0.126913
[PI-INFO] Paramount Iteration,16,7,1.074838,0.126765
[PI-INFO] Paramount Iteration,8,7,1.074572,0.126940
[PI-INFO] Paramount Iteration,26,7,1.077568,0.127687
[PI-INFO] Paramount Iteration,27,7,1.075753,0.124355
[PI-INFO] Paramount Iteration,0,7,1.065433,0.127544
[PI-INFO] Paramount Iteration,28,7,1.076287,0.123992
[PI-INFO] Paramount Iteration,29,7,1.077074,0.124208
[PI-INFO] Paramount Iteration,17,7,1.076799,0.127922
[PI-INFO] Paramount Iteration,9,7,1.077539,0.128100
[PI-INFO] Paramount Iteration,21,7,1.077918,0.124236
[PI-INFO] Paramount Iteration,18,7,1.077452,0.128519
[PI-INFO] Paramount Iteration,30,7,1.076067,0.124420
[PI-INFO] Paramount Iteration,12,7,1.078347,0.123977
[PI-INFO] Paramount Iteration,13,7,1.076681,0.123661
[PI-INFO] Paramount Iteration,22,7,1.076377,0.124445
[PI-INFO] Paramount Iteration,20,7,1.076847,0.124408
[PI-INFO] Paramount Iteration,19,7,1.076494,0.124811
[PI-INFO] Paramount Iteration,10,7,1.078575,0.128635
[PI-INFO] Paramount Iteration,6,7,1.077255,0.124131
[PI-INFO] Paramount Iteration,11,7,1.077328,0.124586
[PI-INFO] Paramount Iteration,14,7,1.076729,0.123948
[PI-INFO] Paramount Iteration,23,7,1.076536,0.124423
[PI-INFO] Paramount Iteration,15,7,1.077003,0.123952
[PI-INFO] Paramount Iteration,7,7,1.077632,0.124475
[PI-INFO] Paramount Iteration,31,7,1.076416,0.124437
[PI-INFO] Paramount Iteration,5,7,1.077507,0.124746
[PI-INFO] Paramount Iteration,1,7,1.077974,0.129253
[PI-INFO] Paramount Iteration,4,7,1.077722,0.125047
[PI-INFO] Paramount Iteration,2,7,1.077719,0.129735
[PI-INFO] Paramount Iteration,3,7,1.077710,0.125518
[PI-INFO] Paramount Iteration,24,8,1.198209,0.125840
[PI-INFO] Paramount Iteration,8,8,1.198169,0.123597
[PI-INFO] Paramount Iteration,0,8,1.188799,0.123366
[PI-INFO] Paramount Iteration,16,8,1.198874,0.124036
[PI-INFO] Paramount Iteration,25,8,1.199830,0.124367
[PI-INFO] Paramount Iteration,26,8,1.201713,0.124145
[PI-INFO] Paramount Iteration,27,8,1.200054,0.124301
[PI-INFO] Paramount Iteration,28,8,1.200665,0.124378
[PI-INFO] Paramount Iteration,17,8,1.201340,0.124541
[PI-INFO] Paramount Iteration,9,8,1.202167,0.124628
[PI-INFO] Paramount Iteration,18,8,1.201912,0.124460
[PI-INFO] Paramount Iteration,21,8,1.202454,0.124536
[PI-INFO] Paramount Iteration,29,8,1.201915,0.124841
[PI-INFO] Paramount Iteration,13,8,1.201142,0.124461
[PI-INFO] Paramount Iteration,14,8,1.201037,0.124308
[PI-INFO] Paramount Iteration,15,8,1.201355,0.124352
[PI-INFO] Paramount Iteration,6,8,1.201726,0.124471
[PI-INFO] Paramount Iteration,22,8,1.200986,0.124609
[PI-INFO] Paramount Iteration,20,8,1.201395,0.124548
[PI-INFO] Paramount Iteration,12,8,1.202969,0.124622
[PI-INFO] Paramount Iteration,23,8,1.201138,0.124602
[PI-INFO] Paramount Iteration,19,8,1.201146,0.124652
[PI-INFO] Paramount Iteration,10,8,1.203243,0.124668
[PI-INFO] Paramount Iteration,11,8,1.202008,0.124680
[PI-INFO] Paramount Iteration,7,8,1.202092,0.124460
[PI-INFO] Paramount Iteration,30,8,1.201017,0.124950
[PI-INFO] Paramount Iteration,5,8,1.201831,0.124324
[PI-INFO] Paramount Iteration,31,8,1.201258,0.124842
[PI-INFO] Paramount Iteration,4,8,1.202057,0.124335
[PI-INFO] Paramount Iteration,1,8,1.202470,0.124496
[PI-INFO] Paramount Iteration,3,8,1.201991,0.124281
[PI-INFO] Paramount Iteration,2,8,1.202188,0.124469
[PI-INFO] Paramount Iteration,27,9,1.325313,0.125259
[PI-INFO] Paramount Iteration,19,9,1.325888,0.124742
[PI-INFO] Paramount Iteration,11,9,1.326875,0.124867
[PI-INFO] Paramount Iteration,3,9,1.326766,0.124775
[PI-INFO] Paramount Iteration,4,9,1.332108,0.130051
[PI-INFO] Paramount Iteration,28,9,1.332297,0.131632
[PI-INFO] Paramount Iteration,25,9,1.332553,0.132723
[PI-INFO] Paramount Iteration,20,9,1.332324,0.130929
[PI-INFO] Paramount Iteration,2,9,1.332004,0.129816
[PI-INFO] Paramount Iteration,21,9,1.333637,0.131183
[PI-INFO] Paramount Iteration,26,9,1.333919,0.132206
[PI-INFO] Paramount Iteration,18,9,1.333110,0.131198
[PI-INFO] Paramount Iteration,24,9,1.331320,0.133111
[PI-INFO] Paramount Iteration,10,9,1.334126,0.130883
[PI-INFO] Paramount Iteration,12,9,1.333903,0.130934
[PI-INFO] Paramount Iteration,22,9,1.332026,0.131040
[PI-INFO] Paramount Iteration,5,9,1.332541,0.130710
[PI-INFO] Paramount Iteration,1,9,1.332798,0.130328
[PI-INFO] Paramount Iteration,23,9,1.332201,0.131063
[PI-INFO] Paramount Iteration,0,9,1.321934,0.133135
[PI-INFO] Paramount Iteration,9,9,1.333690,0.131523
[PI-INFO] Paramount Iteration,29,9,1.333334,0.131419
[PI-INFO] Paramount Iteration,6,9,1.332925,0.131199
[PI-INFO] Paramount Iteration,17,9,1.333051,0.131711
[PI-INFO] Paramount Iteration,7,9,1.333239,0.131147
[PI-INFO] Paramount Iteration,30,9,1.332089,0.131072
[PI-INFO] Paramount Iteration,13,9,1.332723,0.131581
[PI-INFO] Paramount Iteration,14,9,1.332738,0.131701
[PI-INFO] Paramount Iteration,16,9,1.332341,0.133467
[PI-INFO] Paramount Iteration,15,9,1.333049,0.131694
[PI-INFO] Paramount Iteration,8,9,1.331968,0.133799
[PI-INFO] Paramount Iteration,31,9,1.332372,0.131114
[PI-INFO] Paramount Iteration,0,10,1.445032,0.123098
[PI-INFO] Paramount Iteration,25,10,1.456025,0.123472
[PI-INFO] Paramount Iteration,16,10,1.455263,0.122922
[PI-INFO] Paramount Iteration,17,10,1.456267,0.123216
[PI-INFO] Paramount Iteration,18,10,1.456850,0.123740
[PI-INFO] Paramount Iteration,24,10,1.454948,0.123628
[PI-INFO] Paramount Iteration,8,10,1.454902,0.122934
[PI-INFO] Paramount Iteration,28,10,1.456282,0.123985
[PI-INFO] Paramount Iteration,27,10,1.455779,0.130466
[PI-INFO] Paramount Iteration,9,10,1.457252,0.123562
[PI-INFO] Paramount Iteration,26,10,1.457769,0.123850
[PI-INFO] Paramount Iteration,19,10,1.455972,0.130084
[PI-INFO] Paramount Iteration,20,10,1.456435,0.124111
[PI-INFO] Paramount Iteration,21,10,1.457808,0.124171
[PI-INFO] Paramount Iteration,11,10,1.456950,0.130075
[PI-INFO] Paramount Iteration,10,10,1.458269,0.124143
[PI-INFO] Paramount Iteration,12,10,1.458004,0.124101
[PI-INFO] Paramount Iteration,6,10,1.457013,0.124088
[PI-INFO] Paramount Iteration,7,10,1.457341,0.124102
[PI-INFO] Paramount Iteration,14,10,1.456509,0.123771
[PI-INFO] Paramount Iteration,15,10,1.456777,0.123728
[PI-INFO] Paramount Iteration,29,10,1.457501,0.124167
[PI-INFO] Paramount Iteration,13,10,1.456717,0.123994
[PI-INFO] Paramount Iteration,22,10,1.456458,0.124432
[PI-INFO] Paramount Iteration,23,10,1.456600,0.124399
[PI-INFO] Paramount Iteration,5,10,1.457002,0.124461
[PI-INFO] Paramount Iteration,1,10,1.457286,0.124488
[PI-INFO] Paramount Iteration,4,10,1.457102,0.124994
[PI-INFO] Paramount Iteration,30,10,1.456565,0.124476
[PI-INFO] Paramount Iteration,2,10,1.457082,0.125078
[PI-INFO] Paramount Iteration,3,10,1.457011,0.130245
[PI-INFO] Paramount Iteration,31,10,1.456879,0.124507
[PI-INFO] Paramount Iteration,25,11,1.579075,0.123050
[PI-INFO] Paramount Iteration,0,11,1.568231,0.123199
[PI-INFO] Paramount Iteration,24,11,1.577909,0.122961
[PI-INFO] Paramount Iteration,16,11,1.578386,0.123123
[PI-INFO] Paramount Iteration,8,11,1.578026,0.123124
[PI-INFO] Paramount Iteration,26,11,1.581041,0.123272
[PI-INFO] Paramount Iteration,27,11,1.586756,0.130977
[PI-INFO] Paramount Iteration,22,11,1.586783,0.130325
[PI-INFO] Paramount Iteration,23,11,1.586896,0.130296
[PI-INFO] Paramount Iteration,29,11,1.587946,0.130445
[PI-INFO] Paramount Iteration,28,11,1.587495,0.131213
[PI-INFO] Paramount Iteration,6,11,1.587694,0.130681
[PI-INFO] Paramount Iteration,7,11,1.588097,0.130756
[PI-INFO] Paramount Iteration,30,11,1.586786,0.130221
[PI-INFO] Paramount Iteration,14,11,1.587352,0.130843
[PI-INFO] Paramount Iteration,15,11,1.587602,0.130825
[PI-INFO] Paramount Iteration,31,11,1.587104,0.130225
[PI-INFO] Paramount Iteration,17,11,1.589155,0.132888
[PI-INFO] Paramount Iteration,21,11,1.590125,0.132317
[PI-INFO] Paramount Iteration,13,11,1.588743,0.132026
[PI-INFO] Paramount Iteration,18,11,1.589714,0.132864
[PI-INFO] Paramount Iteration,9,11,1.590149,0.132897
[PI-INFO] Paramount Iteration,19,11,1.588835,0.132863
[PI-INFO] Paramount Iteration,20,11,1.589178,0.132743
[PI-INFO] Paramount Iteration,12,11,1.590840,0.132836
[PI-INFO] Paramount Iteration,10,11,1.591165,0.132896
[PI-INFO] Paramount Iteration,11,11,1.589962,0.133012
[PI-INFO] Paramount Iteration,5,11,1.589769,0.132767
[PI-INFO] Paramount Iteration,1,11,1.590233,0.132947
[PI-INFO] Paramount Iteration,4,11,1.590033,0.132931
[PI-INFO] Paramount Iteration,2,11,1.589936,0.132854
[PI-INFO] Paramount Iteration,3,11,1.590011,0.133000
[PI-INFO] Paramount Iteration,29,12,1.713782,0.125836
[PI-INFO] Paramount Iteration,21,12,1.714679,0.124554
[PI-INFO] Paramount Iteration,22,12,1.712958,0.126175
[PI-INFO] Paramount Iteration,23,12,1.713076,0.126180
[PI-INFO] Paramount Iteration,30,12,1.712782,0.125996
[PI-INFO] Paramount Iteration,15,12,1.713672,0.126070
[PI-INFO] Paramount Iteration,13,12,1.713570,0.124827
[PI-INFO] Paramount Iteration,14,12,1.713429,0.126077
[PI-INFO] Paramount Iteration,31,12,1.713027,0.125923
[PI-INFO] Paramount Iteration,6,12,1.714328,0.126634
[PI-INFO] Paramount Iteration,7,12,1.714690,0.126593
[PI-INFO] Paramount Iteration,5,12,1.714134,0.124365
[PI-INFO] Paramount Iteration,20,12,1.717329,0.128151
[PI-INFO] Paramount Iteration,12,12,1.718807,0.127967
[PI-INFO] Paramount Iteration,28,12,1.717500,0.130005
[PI-INFO] Paramount Iteration,16,12,1.716817,0.138431
[PI-INFO] Paramount Iteration,19,12,1.717162,0.128327
[PI-INFO] Paramount Iteration,9,12,1.718551,0.128402
[PI-INFO] Paramount Iteration,18,12,1.718268,0.128554
[PI-INFO] Paramount Iteration,11,12,1.717969,0.128007
[PI-INFO] Paramount Iteration,17,12,1.717913,0.128758
[PI-INFO] Paramount Iteration,10,12,1.719309,0.128144
[PI-INFO] Paramount Iteration,24,12,1.716610,0.138701
[PI-INFO] Paramount Iteration,8,12,1.716593,0.138567
[PI-INFO] Paramount Iteration,4,12,1.717748,0.127715
[PI-INFO] Paramount Iteration,27,12,1.717536,0.130780
[PI-INFO] Paramount Iteration,25,12,1.718132,0.139057
[PI-INFO] Paramount Iteration,0,12,1.707316,0.139085
[PI-INFO] Paramount Iteration,2,12,1.717771,0.127835
[PI-INFO] Paramount Iteration,1,12,1.718353,0.128120
[PI-INFO] Paramount Iteration,26,12,1.719796,0.138755
[PI-INFO] Paramount Iteration,3,12,1.717757,0.127746
[PI-INFO] Paramount Iteration,29,13,1.841396,0.127614
[PI-INFO] Paramount Iteration,28,13,1.840962,0.123462
[PI-INFO] Paramount Iteration,27,13,1.840588,0.123052
[PI-INFO] Paramount Iteration,30,13,1.840289,0.127507
[PI-INFO] Paramount Iteration,22,13,1.840806,0.127848
[PI-INFO] Paramount Iteration,31,13,1.840571,0.127544
[PI-INFO] Paramount Iteration,23,13,1.840966,0.127890
[PI-INFO] Paramount Iteration,14,13,1.841529,0.128100
[PI-INFO] Paramount Iteration,15,13,1.841798,0.128126
[PI-INFO] Paramount Iteration,26,13,1.843522,0.123726
[PI-INFO] Paramount Iteration,25,13,1.842241,0.124109
[PI-INFO] Paramount Iteration,6,13,1.842330,0.128002
[PI-INFO] Paramount Iteration,24,13,1.841005,0.124395
[PI-INFO] Paramount Iteration,0,13,1.831575,0.124259
[PI-INFO] Paramount Iteration,7,13,1.842898,0.128208
[PI-INFO] Paramount Iteration,13,13,1.842212,0.128642
[PI-INFO] Paramount Iteration,21,13,1.843831,0.129152
[PI-INFO] Paramount Iteration,18,13,1.843275,0.125007
[PI-INFO] Paramount Iteration,17,13,1.843028,0.125115
[PI-INFO] Paramount Iteration,19,13,1.842340,0.125178
[PI-INFO] Paramount Iteration,12,13,1.844189,0.125382
[PI-INFO] Paramount Iteration,9,13,1.843862,0.125311
[PI-INFO] Paramount Iteration,10,13,1.844527,0.125218
[PI-INFO] Paramount Iteration,20,13,1.842801,0.125472
[PI-INFO] Paramount Iteration,16,13,1.842272,0.125455
[PI-INFO] Paramount Iteration,11,13,1.843313,0.125344
[PI-INFO] Paramount Iteration,8,13,1.842067,0.125474
[PI-INFO] Paramount Iteration,1,13,1.843554,0.125201
[PI-INFO] Paramount Iteration,5,13,1.843361,0.129227
[PI-INFO] Paramount Iteration,4,13,1.843527,0.125779
[PI-INFO] Paramount Iteration,2,13,1.843426,0.125655
[PI-INFO] Paramount Iteration,3,13,1.843446,0.125689
[PI-INFO] Paramount Iteration,29,14,1.966885,0.125489
[PI-INFO] Paramount Iteration,30,14,1.965912,0.125623
[PI-INFO] Paramount Iteration,31,14,1.966135,0.125564
[PI-INFO] Paramount Iteration,22,14,1.966444,0.125638
[PI-INFO] Paramount Iteration,23,14,1.966521,0.125555
[PI-INFO] Paramount Iteration,21,14,1.968598,0.124767
[PI-INFO] Paramount Iteration,14,14,1.967165,0.125636
[PI-INFO] Paramount Iteration,15,14,1.967412,0.125614
[PI-INFO] Paramount Iteration,13,14,1.967421,0.125209
[PI-INFO] Paramount Iteration,6,14,1.967998,0.125668
[PI-INFO] Paramount Iteration,7,14,1.968435,0.125537
[PI-INFO] Paramount Iteration,5,14,1.968153,0.124792
[PI-INFO] Paramount Iteration,0,14,1.962264,0.130689
[PI-INFO] Paramount Iteration,12,14,1.974577,0.130388
[PI-INFO] Paramount Iteration,4,14,1.973191,0.129664
[PI-INFO] Paramount Iteration,11,14,1.973708,0.130395
[PI-INFO] Paramount Iteration,2,14,1.973081,0.129655
[PI-INFO] Paramount Iteration,1,14,1.973684,0.130130
[PI-INFO] Paramount Iteration,20,14,1.973453,0.130652
[PI-INFO] Paramount Iteration,28,14,1.973680,0.132718
[PI-INFO] Paramount Iteration,19,14,1.973250,0.130910
[PI-INFO] Paramount Iteration,3,14,1.973185,0.129739
[PI-INFO] Paramount Iteration,27,14,1.973553,0.132965
[PI-INFO] Paramount Iteration,10,14,1.975814,0.131287
[PI-INFO] Paramount Iteration,9,14,1.975332,0.131470
[PI-INFO] Paramount Iteration,18,14,1.975203,0.131928
[PI-INFO] Paramount Iteration,8,14,1.973402,0.131335
[PI-INFO] Paramount Iteration,26,14,1.976174,0.132652
[PI-INFO] Paramount Iteration,25,14,1.974897,0.132656
[PI-INFO] Paramount Iteration,17,14,1.975086,0.132058
[PI-INFO] Paramount Iteration,16,14,1.974221,0.131949
[PI-INFO] Paramount Iteration,24,14,1.973824,0.132819
[PI-INFO] Paramount Iteration,22,15,2.096008,0.129564
[PI-INFO] PI avg,22,0.127972,15
[PI-INFO] Beta,22,0.000012
[PI-INFO] Paramount Iteration,29,15,2.097196,0.130311
[PI-INFO] PI avg,29,0.128066,15
[PI-INFO] Beta,29,0.000012
[PI-INFO] Paramount Iteration,23,15,2.096190,0.129669
[PI-INFO] PI avg,23,0.127980,15
[PI-INFO] Beta,23,0.000014
[PI-INFO] Paramount Iteration,30,15,2.095919,0.130007
[PI-INFO] PI avg,30,0.127966,15
[PI-INFO] Beta,30,0.000015
[PI-INFO] Paramount Iteration,21,15,2.098060,0.129462
[PI-INFO] PI avg,21,0.128004,15
[PI-INFO] Beta,21,0.000013
[PI-INFO] Paramount Iteration,15,15,2.096751,0.129339
[PI-INFO] PI avg,15,0.127993,15
[PI-INFO] Beta,15,0.000017
[PI-INFO] Paramount Iteration,13,15,2.096716,0.129295
[PI-INFO] PI avg,13,0.128007,15
[PI-INFO] Beta,13,0.000014
[PI-INFO] Paramount Iteration,14,15,2.096630,0.129465
[PI-INFO] PI avg,14,0.128002,15
[PI-INFO] Beta,14,0.000014
[PI-INFO] Paramount Iteration,31,15,2.096161,0.130026
[PI-INFO] PI avg,31,0.127984,15
[PI-INFO] Beta,31,0.000016
[PI-INFO] Paramount Iteration,6,15,2.097455,0.129457
[PI-INFO] PI avg,6,0.128014,15
[PI-INFO] Beta,6,0.000018
[PI-INFO] Paramount Iteration,7,15,2.097859,0.129424
[PI-INFO] PI avg,7,0.128078,15
[PI-INFO] Beta,7,0.000014
[PI-INFO] Paramount Iteration,5,15,2.097535,0.129382
[PI-INFO] PI avg,5,0.128052,15
[PI-INFO] Beta,5,0.000013
[PI-INFO] Paramount Iteration,4,15,2.097686,0.124495
[PI-INFO] PI avg,4,0.128044,15
[PI-INFO] Beta,4,0.000014
[PI-INFO] Paramount Iteration,3,15,2.097855,0.124670
[PI-INFO] PI avg,3,0.128081,15
[PI-INFO] Beta,3,0.000016
[PI-INFO] Paramount Iteration,12,15,2.100222,0.125645
[PI-INFO] PI avg,12,0.128117,15
[PI-INFO] Beta,12,0.000013
[PI-INFO] Paramount Iteration,11,15,2.099319,0.125611
[PI-INFO] PI avg,11,0.128135,15
[PI-INFO] Beta,11,0.000015
[PI-INFO] Paramount Iteration,20,15,2.099155,0.125702
[PI-INFO] PI avg,20,0.128147,15
[PI-INFO] Beta,20,0.000012
[PI-INFO] Paramount Iteration,28,15,2.099591,0.125911
[PI-INFO] PI avg,28,0.128192,15
[PI-INFO] Beta,28,0.000012
[PI-INFO] Paramount Iteration,19,15,2.099073,0.125823
[PI-INFO] PI avg,19,0.128165,15
[PI-INFO] Beta,19,0.000013
[PI-INFO] Paramount Iteration,24,15,2.098786,0.124962
[PI-INFO] PI avg,24,0.128187,15
[PI-INFO] Beta,24,0.000016
[PI-INFO] Paramount Iteration,25,15,2.100128,0.125231
[PI-INFO] PI avg,25,0.128209,15
[PI-INFO] Beta,25,0.000013
[PI-INFO] Paramount Iteration,2,15,2.099593,0.126512
[PI-INFO] PI avg,2,0.128198,15
[PI-INFO] Beta,2,0.000014
[PI-INFO] Paramount Iteration,27,15,2.099606,0.126053
[PI-INFO] PI avg,27,0.128200,15
[PI-INFO] Beta,27,0.000014
[PI-INFO] Paramount Iteration,0,15,2.089365,0.127101
[PI-INFO] PI avg,0,0.128193,15
[PI-INFO] Beta,0,0.000019
[PI-INFO] Total time,2.089401
[PI-INFO] Paramount Iteration,1,15,2.100358,0.126674
[PI-INFO] PI avg,1,0.128221,15
[PI-INFO] Beta,1,0.000015
[PI-INFO] Paramount Iteration,26,15,2.101748,0.125574
[PI-INFO] PI avg,26,0.128239,15
[PI-INFO] Beta,26,0.000015
[PI-INFO] Paramount Iteration,10,15,2.101894,0.126080
[PI-INFO] PI avg,10,0.128239,15
[PI-INFO] Beta,10,0.000013
[PI-INFO] Paramount Iteration,18,15,2.100931,0.125728
[PI-INFO] PI avg,18,0.128215,15
[PI-INFO] Beta,18,0.000012
[PI-INFO] Paramount Iteration,9,15,2.101389,0.126057
[PI-INFO] PI avg,9,0.128235,15
[PI-INFO] Beta,9,0.000012
[PI-INFO] Paramount Iteration,17,15,2.100772,0.125686
[PI-INFO] PI avg,17,0.128249,15
[PI-INFO] Beta,17,0.000012
[PI-INFO] Paramount Iteration,16,15,2.099898,0.125677
[PI-INFO] PI avg,16,0.128239,15
[PI-INFO] Beta,16,0.000015
[PI-INFO] Paramount Iteration,8,15,2.099486,0.126084
[PI-INFO] PI avg,8,0.128244,15
[PI-INFO] Beta,8,0.000014
--------------------------------------------------------------------------
mpirun has exited due to process rank 0 with PID 0 on
node ip-172-31-12-237 exiting improperly. There are three reasons this could occur:

1. this process did not call "init" before exiting, but others in
the job did. This can cause a job to hang indefinitely while it waits
for all processes to call "init". By rule, if one process calls "init",
then ALL processes must call "init" prior to termination.

2. this process called "init", but exited without calling "finalize".
By rule, all processes that call "init" MUST call "finalize" prior to
exiting or it will be considered an "abnormal termination"

3. this process called "MPI_Abort" or "orte_abort" and the mca parameter
orte_create_session_dirs is set to false. In this case, the run-time cannot
detect that the abort call was an abnormal termination. Hence, the only
error message you will receive is this one.

This may have caused other processes in the application to be
terminated by signals sent by mpirun (as reported here).

You can avoid this message by specifying -quiet on the mpirun command line.
--------------------------------------------------------------------------
[ip-172-31-12-237:21893] 31 more processes have sent help message help-mpi-btl-base.txt / btl:no-nics
[ip-172-31-12-237:21893] Set MCA parameter "orte_base_help_aggregate" to 0 to see all help / error messages
Command exited with non-zero status 1
	Command being timed: "mpirun --hostfile /home/ubuntu/PI-Bench/ECP-Proxy-Apps/hostfile -n 32 ./optimize/sw4lite tests/cartesian/basic.in"
	User time (seconds): 1.88
	System time (seconds): 0.20
	Percent of CPU this job got: 42%
	Elapsed (wall clock) time (h:mm:ss or m:ss): 0:04.90
	Average shared text size (kbytes): 0
	Average unshared data size (kbytes): 0
	Average stack size (kbytes): 0
	Average total size (kbytes): 0
	Maximum resident set size (kbytes): 77972
	Average resident set size (kbytes): 0
	Major (requiring I/O) page faults: 4
	Minor (reclaiming a frame) page faults: 21134
	Voluntary context switches: 1173
	Involuntary context switches: 14
	Swaps: 0
	File system inputs: 0
	File system outputs: 16472
	Socket messages sent: 0
	Socket messages received: 0
	Signals delivered: 0
	Page size (bytes): 4096
	Exit status: 1
