--------------------------------------------------------------------------
[[56262,1],7]: A high-performance Open MPI point-to-point messaging module
was unable to find any relevant network interfaces:

Module: OpenFabrics (openib)
  Host: ip-172-31-10-204

Another transport will be used instead, although this may result in
lower performance.

NOTE: You can disable this warning by setting the MCA parameter
btl_base_warn_component_unused to 0.
--------------------------------------------------------------------------
Initializing redistribution using a pencil layout on 32 ranks.
distribution 1D: [32:1:1]
distribution 3D: [4:4:2]
distribution 2z: [8:4:1]
distribution 2x: [1:8:4]
distribution 2y: [8:1:4]
DFFT  init  max 5.714e-02s  avg 5.614e-02s  min 5.524e-02s  dev 4.050e-04s

Hex representations of double precision floats
0.000000e+00 = 0
1.000000e+00 = 3ff0000000000000
2097152.000000 = 4140000000000000

[PI-INFO] Init time,0,0.198357

TESTING 0

[PI-INFO] Init time,13,0.212342
[PI-INFO] Init time,3,0.211354
[PI-INFO] Init time,7,0.211871
[PI-INFO] Init time,1,0.210410
[PI-INFO] Init time,6,0.211169
[PI-INFO] Init time,8,0.210565
[PI-INFO] Init time,16,0.210831
[PI-INFO] Init time,21,0.212357
[PI-INFO] Init time,14,0.211957
[PI-INFO] Init time,15,0.210723
[PI-INFO] Init time,18,0.210518
[PI-INFO] Init time,10,0.210793
[PI-INFO] Init time,4,0.210446
[PI-INFO] Init time,11,0.211152
[PI-INFO] Init time,12,0.211066
[PI-INFO] Init time,2,0.210735
[PI-INFO] Init time,17,0.210211
[PI-INFO] Init time,27,0.211150
[PI-INFO] Init time,26,0.211986
[PI-INFO] Init time,9,0.209876
[PI-INFO] Init time,23,0.211178
[PI-INFO] Init time,20,0.210596
[PI-INFO] Init time,22,0.210385
[PI-INFO] Init time,31,0.210569
[PI-INFO] Init time,19,0.210944
[PI-INFO] Init time,30,0.211034
[PI-INFO] Init time,29,0.210248
[PI-INFO] Init time,28,0.210183
[PI-INFO] Init time,25,0.209814
[PI-INFO] Init time,5,0.209057
[PI-INFO] Init time,24,0.210682
DFFT  fd32  max 4.630e-03s  avg 3.655e-03s  min 2.371e-03s  dev 7.114e-04s
DFFT  f1dx  max 3.288e-04s  avg 2.017e-04s  min 1.668e-04s  dev 3.634e-05s
DFFT  fd23  max 3.352e-03s  avg 2.627e-03s  min 1.489e-03s  dev 6.766e-04s
DFFT  fd32  max 4.067e-03s  avg 3.245e-03s  min 2.148e-03s  dev 6.294e-04s
DFFT  f1dy  max 2.684e-04s  avg 1.979e-04s  min 1.696e-04s  dev 2.156e-05s
DFFT  fd23  max 3.346e-03s  avg 2.420e-03s  min 1.349e-03s  dev 6.435e-04s
DFFT  fd32  max 1.537e-03s  avg 1.305e-03s  min 1.172e-03s  dev 9.600e-05s
DFFT  f1dz  max 2.371e-04s  avg 1.943e-04s  min 1.674e-04s  dev 1.694e-05s
DFFT fdist  max 1.564e-02s  avg 1.325e-02s  min 9.260e-03s  dev 1.729e-03s
DFFT fdfft  max 8.338e-04s  avg 5.939e-04s  min 5.038e-04s  dev 6.991e-05s
FORWARD     max 2.823e-02s  avg 2.813e-02s  min 2.808e-02s  dev 3.810e-05s

k-space:
real in [1.000000e+00,1.000000e+00] = [3ff0000000000000,3ff0000000000000]
imag in [0.000000e+00,0.000000e+00] = [0,0]

DFFT  b1dz  max 3.511e-04s  avg 1.977e-04s  min 1.658e-04s  dev 3.438e-05s
DFFT  bd23  max 1.153e-03s  avg 9.597e-04s  min 8.530e-04s  dev 7.259e-05s
DFFT  bd32  max 3.067e-03s  avg 2.353e-03s  min 1.289e-03s  dev 6.363e-04s
DFFT  b1dy  max 3.457e-04s  avg 2.025e-04s  min 1.692e-04s  dev 3.361e-05s
DFFT  bd23  max 3.062e-03s  avg 2.376e-03s  min 1.319e-03s  dev 6.282e-04s
DFFT  bd32  max 3.176e-03s  avg 2.379e-03s  min 1.277e-03s  dev 6.389e-04s
DFFT  b1dx  max 3.921e-04s  avg 2.050e-04s  min 1.655e-04s  dev 3.893e-05s
DFFT  bd23  max 3.227e-03s  avg 2.505e-03s  min 1.413e-03s  dev 6.366e-04s
DFFT bdist  max 1.307e-02s  avg 1.057e-02s  min 6.575e-03s  dev 1.755e-03s
DFFT bdfft  max 1.089e-03s  avg 6.053e-04s  min 5.080e-04s  dev 1.043e-04s
BACKWARD    max 2.514e-02s  avg 2.508e-02s  min 2.502e-02s  dev 3.650e-05s

r-space:
a[0,0,0] = (2097152.000000,0.000000) = (4140000000000000,0)
real in [0.000000e+00,0.000000e+00] = [0,0]
imag in [0.000000e+00,0.000000e+00] = [0,0]

[PI-INFO] Paramount Iteration,0,1,0.255570,0.057213

TESTING 1

[PI-INFO] Paramount Iteration,14,1,0.269050,0.057098
[PI-INFO] Paramount Iteration,10,1,0.267897,0.057104
[PI-INFO] Paramount Iteration,26,1,0.269071,0.057085
[PI-INFO] Paramount Iteration,30,1,0.268099,0.057065
[PI-INFO] Paramount Iteration,7,1,0.269078,0.057207
[PI-INFO] Paramount Iteration,1,1,0.267664,0.057254
[PI-INFO] Paramount Iteration,6,1,0.268321,0.057152
[PI-INFO] Paramount Iteration,8,1,0.267709,0.057144
[PI-INFO] Paramount Iteration,13,1,0.269562,0.057221
[PI-INFO] Paramount Iteration,16,1,0.268017,0.057186
[PI-INFO] Paramount Iteration,21,1,0.269631,0.057274
[PI-INFO] Paramount Iteration,15,1,0.267879,0.057156
[PI-INFO] Paramount Iteration,18,1,0.267658,0.057140
[PI-INFO] Paramount Iteration,3,1,0.268559,0.057205
[PI-INFO] Paramount Iteration,4,1,0.267641,0.057195
[PI-INFO] Paramount Iteration,11,1,0.268312,0.057160
[PI-INFO] Paramount Iteration,12,1,0.268209,0.057143
[PI-INFO] Paramount Iteration,2,1,0.267884,0.057149
[PI-INFO] Paramount Iteration,17,1,0.267483,0.057272
[PI-INFO] Paramount Iteration,27,1,0.268318,0.057168
[PI-INFO] Paramount Iteration,9,1,0.267090,0.057214
[PI-INFO] Paramount Iteration,23,1,0.268388,0.057210
[PI-INFO] Paramount Iteration,20,1,0.267796,0.057200
[PI-INFO] Paramount Iteration,22,1,0.267503,0.057119
[PI-INFO] Paramount Iteration,31,1,0.267730,0.057161
[PI-INFO] Paramount Iteration,19,1,0.268148,0.057204
[PI-INFO] Paramount Iteration,29,1,0.267464,0.057216
[PI-INFO] Paramount Iteration,28,1,0.267318,0.057135
[PI-INFO] Paramount Iteration,25,1,0.267021,0.057208
[PI-INFO] Paramount Iteration,5,1,0.266326,0.057269
[PI-INFO] Paramount Iteration,24,1,0.267810,0.057128
DFFT  fd32  max 3.167e-03s  avg 2.381e-03s  min 1.329e-03s  dev 6.160e-04s
DFFT  f1dx  max 2.965e-04s  avg 1.981e-04s  min 1.679e-04s  dev 2.807e-05s
DFFT  fd23  max 3.369e-03s  avg 2.581e-03s  min 1.427e-03s  dev 6.728e-04s
DFFT  fd32  max 3.187e-03s  avg 2.381e-03s  min 1.279e-03s  dev 6.639e-04s
DFFT  f1dy  max 2.628e-04s  avg 1.990e-04s  min 1.698e-04s  dev 2.080e-05s
DFFT  fd23  max 3.060e-03s  avg 2.341e-03s  min 1.300e-03s  dev 6.061e-04s
DFFT  fd32  max 1.168e-03s  avg 9.686e-04s  min 8.409e-04s  dev 9.293e-05s
DFFT  f1dz  max 2.459e-04s  avg 1.937e-04s  min 1.678e-04s  dev 1.768e-05s
DFFT fdist  max 1.315e-02s  avg 1.065e-02s  min 6.867e-03s  dev 1.695e-03s
DFFT fdfft  max 7.949e-04s  avg 5.908e-04s  min 5.055e-04s  dev 6.274e-05s
FORWARD     max 2.504e-02s  avg 2.497e-02s  min 2.489e-02s  dev 4.038e-05s

k-space:
real in [1.000000e+00,1.000000e+00] = [3ff0000000000000,3ff0000000000000]
imag in [0.000000e+00,0.000000e+00] = [0,0]

DFFT  b1dz  max 3.553e-04s  avg 2.022e-04s  min 1.662e-04s  dev 4.013e-05s
DFFT  bd23  max 1.184e-03s  avg 9.684e-04s  min 8.352e-04s  dev 9.357e-05s
DFFT  bd32  max 3.076e-03s  avg 2.363e-03s  min 1.293e-03s  dev 6.408e-04s
DFFT  b1dy  max 3.430e-04s  avg 2.046e-04s  min 1.663e-04s  dev 3.707e-05s
DFFT  bd23  max 3.070e-03s  avg 2.343e-03s  min 1.301e-03s  dev 6.070e-04s
DFFT  bd32  max 3.066e-03s  avg 2.343e-03s  min 1.291e-03s  dev 6.281e-04s
DFFT  b1dx  max 4.062e-04s  avg 2.066e-04s  min 1.683e-04s  dev 4.552e-05s
DFFT  bd23  max 3.165e-03s  avg 2.500e-03s  min 1.426e-03s  dev 6.319e-04s
DFFT bdist  max 1.302e-02s  avg 1.052e-02s  min 6.462e-03s  dev 1.762e-03s
DFFT bdfft  max 1.105e-03s  avg 6.134e-04s  min 5.034e-04s  dev 1.212e-04s
BACKWARD    max 2.482e-02s  avg 2.479e-02s  min 2.476e-02s  dev 1.732e-05s

r-space:
a[0,0,0] = (2097152.000000,0.000000) = (4140000000000000,0)
real in [0.000000e+00,0.000000e+00] = [0,0]
imag in [0.000000e+00,0.000000e+00] = [0,0]

[PI-INFO] Paramount Iteration,0,2,0.309305,0.053735

TESTING 2

[PI-INFO] Paramount Iteration,6,2,0.322005,0.053684
[PI-INFO] Paramount Iteration,23,2,0.322029,0.053641
[PI-INFO] Paramount Iteration,7,2,0.322756,0.053678
[PI-INFO] Paramount Iteration,1,2,0.321335,0.053671
[PI-INFO] Paramount Iteration,8,2,0.321490,0.053781
[PI-INFO] Paramount Iteration,13,2,0.323252,0.053690
[PI-INFO] Paramount Iteration,16,2,0.321740,0.053723
[PI-INFO] Paramount Iteration,21,2,0.323268,0.053637
[PI-INFO] Paramount Iteration,14,2,0.322790,0.053740
[PI-INFO] Paramount Iteration,15,2,0.321602,0.053723
[PI-INFO] Paramount Iteration,18,2,0.321379,0.053721
[PI-INFO] Paramount Iteration,3,2,0.322289,0.053730
[PI-INFO] Paramount Iteration,10,2,0.321662,0.053765
[PI-INFO] Paramount Iteration,4,2,0.321342,0.053701
[PI-INFO] Paramount Iteration,11,2,0.322086,0.053774
[PI-INFO] Paramount Iteration,12,2,0.321958,0.053749
[PI-INFO] Paramount Iteration,2,2,0.321613,0.053729
[PI-INFO] Paramount Iteration,17,2,0.321130,0.053647
[PI-INFO] Paramount Iteration,27,2,0.322038,0.053720
[PI-INFO] Paramount Iteration,26,2,0.322835,0.053764
[PI-INFO] Paramount Iteration,9,2,0.320818,0.053728
[PI-INFO] Paramount Iteration,20,2,0.321462,0.053666
[PI-INFO] Paramount Iteration,22,2,0.321195,0.053692
[PI-INFO] Paramount Iteration,31,2,0.321418,0.053688
[PI-INFO] Paramount Iteration,19,2,0.321828,0.053680
[PI-INFO] Paramount Iteration,30,2,0.321835,0.053736
[PI-INFO] Paramount Iteration,29,2,0.321145,0.053681
[PI-INFO] Paramount Iteration,28,2,0.321052,0.053734
[PI-INFO] Paramount Iteration,25,2,0.320729,0.053708
[PI-INFO] Paramount Iteration,5,2,0.319967,0.053641
[PI-INFO] Paramount Iteration,24,2,0.321593,0.053783
DFFT  fd32  max 3.191e-03s  avg 2.374e-03s  min 1.335e-03s  dev 6.153e-04s
DFFT  f1dx  max 3.363e-04s  avg 1.980e-04s  min 1.690e-04s  dev 3.057e-05s
DFFT  fd23  max 3.222e-03s  avg 2.523e-03s  min 1.398e-03s  dev 6.388e-04s
DFFT  fd32  max 3.095e-03s  avg 2.315e-03s  min 1.327e-03s  dev 5.929e-04s
DFFT  f1dy  max 2.680e-04s  avg 1.976e-04s  min 1.672e-04s  dev 2.447e-05s
DFFT  fd23  max 3.069e-03s  avg 2.363e-03s  min 1.340e-03s  dev 6.154e-04s
DFFT  fd32  max 1.194e-03s  avg 9.775e-04s  min 8.393e-04s  dev 1.082e-04s
DFFT  f1dz  max 2.629e-04s  avg 1.935e-04s  min 1.679e-04s  dev 2.140e-05s
DFFT fdist  max 1.312e-02s  avg 1.055e-02s  min 6.632e-03s  dev 1.670e-03s
DFFT fdfft  max 8.511e-04s  avg 5.891e-04s  min 5.040e-04s  dev 7.361e-05s
FORWARD     max 2.475e-02s  avg 2.469e-02s  min 2.456e-02s  dev 4.424e-05s

k-space:
real in [1.000000e+00,1.000000e+00] = [3ff0000000000000,3ff0000000000000]
imag in [0.000000e+00,0.000000e+00] = [0,0]

DFFT  b1dz  max 3.434e-04s  avg 2.022e-04s  min 1.652e-04s  dev 3.372e-05s
DFFT  bd23  max 1.253e-03s  avg 9.783e-04s  min 8.354e-04s  dev 1.040e-04s
DFFT  bd32  max 3.306e-03s  avg 2.349e-03s  min 1.290e-03s  dev 6.287e-04s
DFFT  b1dy  max 3.876e-04s  avg 2.066e-04s  min 1.660e-04s  dev 4.475e-05s
DFFT  bd23  max 3.072e-03s  avg 2.384e-03s  min 1.307e-03s  dev 6.356e-04s
DFFT  bd32  max 3.247e-03s  avg 2.387e-03s  min 1.291e-03s  dev 6.523e-04s
DFFT  b1dx  max 3.709e-04s  avg 2.068e-04s  min 1.654e-04s  dev 4.339e-05s
DFFT  bd23  max 3.245e-03s  avg 2.514e-03s  min 1.432e-03s  dev 6.598e-04s
DFFT bdist  max 1.354e-02s  avg 1.061e-02s  min 6.566e-03s  dev 1.769e-03s
DFFT bdfft  max 1.050e-03s  avg 6.157e-04s  min 4.980e-04s  dev 1.170e-04s
BACKWARD    max 2.524e-02s  avg 2.515e-02s  min 2.509e-02s  dev 3.436e-05s

r-space:
a[0,0,0] = (2097152.000000,0.000000) = (4140000000000000,0)
real in [0.000000e+00,0.000000e+00] = [0,0]
imag in [0.000000e+00,0.000000e+00] = [0,0]

[PI-INFO] Paramount Iteration,0,3,0.363156,0.053851

TESTING 3

[PI-INFO] Paramount Iteration,14,3,0.376599,0.053809
[PI-INFO] Paramount Iteration,11,3,0.375853,0.053767
[PI-INFO] Paramount Iteration,26,3,0.376634,0.053799
[PI-INFO] Paramount Iteration,30,3,0.375635,0.053800
[PI-INFO] Paramount Iteration,7,3,0.376606,0.053850
[PI-INFO] Paramount Iteration,1,3,0.375194,0.053859
[PI-INFO] Paramount Iteration,6,3,0.375855,0.053850
[PI-INFO] Paramount Iteration,8,3,0.375294,0.053804
[PI-INFO] Paramount Iteration,13,3,0.377073,0.053821
[PI-INFO] Paramount Iteration,16,3,0.375566,0.053826
[PI-INFO] Paramount Iteration,21,3,0.377144,0.053876
[PI-INFO] Paramount Iteration,15,3,0.375407,0.053805
[PI-INFO] Paramount Iteration,18,3,0.375214,0.053835
[PI-INFO] Paramount Iteration,3,3,0.376112,0.053823
[PI-INFO] Paramount Iteration,10,3,0.375478,0.053816
[PI-INFO] Paramount Iteration,4,3,0.375180,0.053838
[PI-INFO] Paramount Iteration,12,3,0.375762,0.053804
[PI-INFO] Paramount Iteration,2,3,0.375476,0.053863
[PI-INFO] Paramount Iteration,17,3,0.374985,0.053855
[PI-INFO] Paramount Iteration,27,3,0.375835,0.053797
[PI-INFO] Paramount Iteration,9,3,0.374627,0.053809
[PI-INFO] Paramount Iteration,23,3,0.375915,0.053886
[PI-INFO] Paramount Iteration,20,3,0.375304,0.053842
[PI-INFO] Paramount Iteration,22,3,0.375033,0.053838
[PI-INFO] Paramount Iteration,31,3,0.375243,0.053825
[PI-INFO] Paramount Iteration,19,3,0.375677,0.053849
[PI-INFO] Paramount Iteration,29,3,0.374968,0.053823
[PI-INFO] Paramount Iteration,28,3,0.374850,0.053798
[PI-INFO] Paramount Iteration,25,3,0.374553,0.053824
[PI-INFO] Paramount Iteration,5,3,0.373839,0.053872
[PI-INFO] Paramount Iteration,24,3,0.375370,0.053777
DFFT  fd32  max 3.147e-03s  avg 2.399e-03s  min 1.309e-03s  dev 6.311e-04s
DFFT  f1dx  max 3.363e-04s  avg 2.014e-04s  min 1.671e-04s  dev 3.627e-05s
DFFT  fd23  max 3.609e-03s  avg 2.562e-03s  min 1.398e-03s  dev 6.615e-04s
DFFT  fd32  max 3.146e-03s  avg 2.351e-03s  min 1.291e-03s  dev 6.306e-04s
DFFT  f1dy  max 3.491e-04s  avg 2.015e-04s  min 1.691e-04s  dev 3.630e-05s
DFFT  fd23  max 3.241e-03s  avg 2.396e-03s  min 1.298e-03s  dev 6.342e-04s
DFFT  fd32  max 1.230e-03s  avg 9.745e-04s  min 8.394e-04s  dev 1.030e-04s
DFFT  f1dz  max 3.533e-04s  avg 1.983e-04s  min 1.688e-04s  dev 3.376e-05s
DFFT fdist  max 1.346e-02s  avg 1.068e-02s  min 6.733e-03s  dev 1.739e-03s
DFFT fdfft  max 1.039e-03s  avg 6.011e-04s  min 5.105e-04s  dev 1.039e-04s
FORWARD     max 2.564e-02s  avg 2.559e-02s  min 2.553e-02s  dev 2.700e-05s

k-space:
real in [1.000000e+00,1.000000e+00] = [3ff0000000000000,3ff0000000000000]
imag in [0.000000e+00,0.000000e+00] = [0,0]

DFFT  b1dz  max 3.719e-04s  avg 2.057e-04s  min 1.645e-04s  dev 4.564e-05s
DFFT  bd23  max 1.353e-03s  avg 9.790e-04s  min 8.364e-04s  dev 1.175e-04s
DFFT  bd32  max 2.941e-03s  avg 2.299e-03s  min 1.300e-03s  dev 5.919e-04s
DFFT  b1dy  max 3.575e-04s  avg 2.060e-04s  min 1.661e-04s  dev 4.413e-05s
DFFT  bd23  max 3.083e-03s  avg 2.381e-03s  min 1.286e-03s  dev 6.211e-04s
DFFT  bd32  max 3.113e-03s  avg 2.376e-03s  min 1.275e-03s  dev 6.387e-04s
DFFT  b1dx  max 3.776e-04s  avg 2.078e-04s  min 1.694e-04s  dev 4.619e-05s
DFFT  bd23  max 3.088e-03s  avg 2.443e-03s  min 1.414e-03s  dev 6.162e-04s
DFFT bdist  max 1.297e-02s  avg 1.048e-02s  min 6.534e-03s  dev 1.762e-03s
DFFT bdfft  max 1.092e-03s  avg 6.195e-04s  min 5.076e-04s  dev 1.342e-04s
BACKWARD    max 2.460e-02s  avg 2.453e-02s  min 2.449e-02s  dev 3.340e-05s

r-space:
a[0,0,0] = (2097152.000000,0.000000) = (4140000000000000,0)
real in [0.000000e+00,0.000000e+00] = [0,0]
imag in [0.000000e+00,0.000000e+00] = [0,0]

[PI-INFO] Paramount Iteration,0,4,0.417319,0.054163

TESTING 4

[PI-INFO] Paramount Iteration,8,4,0.429467,0.054173
[PI-INFO] Paramount Iteration,26,4,0.430865,0.054231
[PI-INFO] Paramount Iteration,7,4,0.430883,0.054277
[PI-INFO] Paramount Iteration,1,4,0.429417,0.054223
[PI-INFO] Paramount Iteration,6,4,0.430101,0.054246
[PI-INFO] Paramount Iteration,13,4,0.431295,0.054222
[PI-INFO] Paramount Iteration,16,4,0.429764,0.054198
[PI-INFO] Paramount Iteration,21,4,0.431316,0.054172
[PI-INFO] Paramount Iteration,14,4,0.430851,0.054252
[PI-INFO] Paramount Iteration,15,4,0.429682,0.054275
[PI-INFO] Paramount Iteration,18,4,0.429428,0.054214
[PI-INFO] Paramount Iteration,3,4,0.430351,0.054239
[PI-INFO] Paramount Iteration,10,4,0.429690,0.054212
[PI-INFO] Paramount Iteration,4,4,0.429403,0.054223
[PI-INFO] Paramount Iteration,11,4,0.430096,0.054243
[PI-INFO] Paramount Iteration,12,4,0.429975,0.054213
[PI-INFO] Paramount Iteration,2,4,0.429669,0.054193
[PI-INFO] Paramount Iteration,17,4,0.429166,0.054181
[PI-INFO] Paramount Iteration,27,4,0.430061,0.054226
[PI-INFO] Paramount Iteration,9,4,0.428824,0.054197
[PI-INFO] Paramount Iteration,23,4,0.430142,0.054227
[PI-INFO] Paramount Iteration,20,4,0.429553,0.054249
[PI-INFO] Paramount Iteration,22,4,0.429283,0.054250
[PI-INFO] Paramount Iteration,31,4,0.429479,0.054236
[PI-INFO] Paramount Iteration,19,4,0.429895,0.054218
[PI-INFO] Paramount Iteration,30,4,0.429888,0.054253
[PI-INFO] Paramount Iteration,29,4,0.429141,0.054173
[PI-INFO] Paramount Iteration,28,4,0.429079,0.054229
[PI-INFO] Paramount Iteration,25,4,0.428726,0.054173
[PI-INFO] Paramount Iteration,5,4,0.428067,0.054228
[PI-INFO] Paramount Iteration,24,4,0.429574,0.054204
DFFT  fd32  max 3.167e-03s  avg 2.386e-03s  min 1.338e-03s  dev 6.206e-04s
DFFT  f1dx  max 3.207e-04s  avg 1.964e-04s  min 1.672e-04s  dev 2.995e-05s
DFFT  fd23  max 3.370e-03s  avg 2.569e-03s  min 1.421e-03s  dev 6.670e-04s
DFFT  fd32  max 2.984e-03s  avg 2.296e-03s  min 1.268e-03s  dev 6.013e-04s
DFFT  f1dy  max 2.608e-04s  avg 1.976e-04s  min 1.671e-04s  dev 2.396e-05s
DFFT  fd23  max 3.069e-03s  avg 2.387e-03s  min 1.326e-03s  dev 6.316e-04s
DFFT  fd32  max 1.198e-03s  avg 9.728e-04s  min 8.371e-04s  dev 1.064e-04s
DFFT  f1dz  max 2.815e-04s  avg 1.956e-04s  min 1.673e-04s  dev 2.237e-05s
DFFT fdist  max 1.326e-02s  avg 1.061e-02s  min 6.741e-03s  dev 1.744e-03s
DFFT fdfft  max 8.250e-04s  avg 5.896e-04s  min 5.016e-04s  dev 7.340e-05s
FORWARD     max 2.486e-02s  avg 2.476e-02s  min 2.467e-02s  dev 4.283e-05s

k-space:
real in [1.000000e+00,1.000000e+00] = [3ff0000000000000,3ff0000000000000]
imag in [0.000000e+00,0.000000e+00] = [0,0]

DFFT  b1dz  max 3.192e-04s  avg 1.994e-04s  min 1.669e-04s  dev 3.233e-05s
DFFT  bd23  max 1.117e-03s  avg 9.517e-04s  min 8.226e-04s  dev 7.445e-05s
DFFT  bd32  max 2.955e-03s  avg 2.311e-03s  min 1.305e-03s  dev 6.088e-04s
DFFT  b1dy  max 2.809e-04s  avg 1.999e-04s  min 1.647e-04s  dev 2.692e-05s
DFFT  bd23  max 3.089e-03s  avg 2.372e-03s  min 1.328e-03s  dev 6.305e-04s
DFFT  bd32  max 3.080e-03s  avg 2.382e-03s  min 1.317e-03s  dev 6.495e-04s
DFFT  b1dx  max 3.348e-04s  avg 2.005e-04s  min 1.666e-04s  dev 3.370e-05s
DFFT  bd23  max 3.259e-03s  avg 2.473e-03s  min 1.417e-03s  dev 6.374e-04s
DFFT bdist  max 1.317e-02s  avg 1.049e-02s  min 6.587e-03s  dev 1.785e-03s
DFFT bdfft  max 9.349e-04s  avg 5.998e-04s  min 5.024e-04s  dev 9.149e-05s
BACKWARD    max 2.433e-02s  avg 2.424e-02s  min 2.413e-02s  dev 4.940e-05s

r-space:
a[0,0,0] = (2097152.000000,0.000000) = (4140000000000000,0)
real in [0.000000e+00,0.000000e+00] = [0,0]
imag in [0.000000e+00,0.000000e+00] = [0,0]

[PI-INFO] Paramount Iteration,0,5,0.470267,0.052948

TESTING 5

[PI-INFO] Paramount Iteration,7,5,0.483728,0.052845
[PI-INFO] Paramount Iteration,8,5,0.482406,0.052939
[PI-INFO] Paramount Iteration,13,5,0.484169,0.052874
[PI-INFO] Paramount Iteration,15,5,0.482538,0.052856
[PI-INFO] Paramount Iteration,11,5,0.483001,0.052905
[PI-INFO] Paramount Iteration,12,5,0.482888,0.052913
[PI-INFO] Paramount Iteration,1,5,0.482339,0.052922
[PI-INFO] Paramount Iteration,6,5,0.483018,0.052917
[PI-INFO] Paramount Iteration,16,5,0.482707,0.052943
[PI-INFO] Paramount Iteration,21,5,0.484243,0.052927
[PI-INFO] Paramount Iteration,14,5,0.483762,0.052911
[PI-INFO] Paramount Iteration,18,5,0.482383,0.052955
[PI-INFO] Paramount Iteration,3,5,0.483260,0.052909
[PI-INFO] Paramount Iteration,10,5,0.482635,0.052945
[PI-INFO] Paramount Iteration,4,5,0.482328,0.052925
[PI-INFO] Paramount Iteration,2,5,0.482632,0.052963
[PI-INFO] Paramount Iteration,17,5,0.482153,0.052987
[PI-INFO] Paramount Iteration,27,5,0.482991,0.052930
[PI-INFO] Paramount Iteration,26,5,0.483825,0.052960
[PI-INFO] Paramount Iteration,9,5,0.481763,0.052939
[PI-INFO] Paramount Iteration,23,5,0.483030,0.052888
[PI-INFO] Paramount Iteration,20,5,0.482485,0.052932
[PI-INFO] Paramount Iteration,22,5,0.482221,0.052938
[PI-INFO] Paramount Iteration,31,5,0.482385,0.052906
[PI-INFO] Paramount Iteration,19,5,0.482837,0.052942
[PI-INFO] Paramount Iteration,30,5,0.482836,0.052948
[PI-INFO] Paramount Iteration,29,5,0.482057,0.052916
[PI-INFO] Paramount Iteration,28,5,0.481996,0.052917
[PI-INFO] Paramount Iteration,25,5,0.481692,0.052966
[PI-INFO] Paramount Iteration,5,5,0.480938,0.052871
[PI-INFO] Paramount Iteration,24,5,0.482518,0.052944
DFFT  fd32  max 3.167e-03s  avg 2.373e-03s  min 1.331e-03s  dev 6.301e-04s
DFFT  f1dx  max 2.942e-04s  avg 1.994e-04s  min 1.696e-04s  dev 3.067e-05s
DFFT  fd23  max 3.374e-03s  avg 2.575e-03s  min 1.451e-03s  dev 6.658e-04s
DFFT  fd32  max 2.993e-03s  avg 2.321e-03s  min 1.293e-03s  dev 6.102e-04s
DFFT  f1dy  max 3.003e-04s  avg 1.989e-04s  min 1.665e-04s  dev 2.671e-05s
DFFT  fd23  max 3.121e-03s  avg 2.382e-03s  min 1.289e-03s  dev 6.298e-04s
DFFT  fd32  max 1.190e-03s  avg 9.731e-04s  min 8.519e-04s  dev 1.042e-04s
DFFT  f1dz  max 2.802e-04s  avg 1.930e-04s  min 1.675e-04s  dev 2.208e-05s
DFFT fdist  max 1.310e-02s  avg 1.062e-02s  min 6.661e-03s  dev 1.702e-03s
DFFT fdfft  max 8.694e-04s  avg 5.913e-04s  min 5.043e-04s  dev 7.677e-05s
FORWARD     max 2.498e-02s  avg 2.490e-02s  min 2.480e-02s  dev 3.907e-05s

k-space:
real in [1.000000e+00,1.000000e+00] = [3ff0000000000000,3ff0000000000000]
imag in [0.000000e+00,0.000000e+00] = [0,0]

DFFT  b1dz  max 3.172e-04s  avg 2.028e-04s  min 1.648e-04s  dev 3.355e-05s
DFFT  bd23  max 1.256e-03s  avg 9.619e-04s  min 8.202e-04s  dev 9.639e-05s
DFFT  bd32  max 3.178e-03s  avg 2.351e-03s  min 1.283e-03s  dev 6.430e-04s
DFFT  b1dy  max 3.225e-04s  avg 2.017e-04s  min 1.658e-04s  dev 3.532e-05s
DFFT  bd23  max 3.199e-03s  avg 2.398e-03s  min 1.309e-03s  dev 6.377e-04s
DFFT  bd32  max 3.065e-03s  avg 2.368e-03s  min 1.295e-03s  dev 6.323e-04s
DFFT  b1dx  max 2.997e-04s  avg 2.026e-04s  min 1.675e-04s  dev 3.457e-05s
DFFT  bd23  max 3.206e-03s  avg 2.489e-03s  min 1.396e-03s  dev 6.560e-04s
DFFT bdist  max 1.311e-02s  avg 1.057e-02s  min 6.744e-03s  dev 1.763e-03s
DFFT bdfft  max 9.236e-04s  avg 6.070e-04s  min 4.987e-04s  dev 1.008e-04s
BACKWARD    max 2.531e-02s  avg 2.525e-02s  min 2.518e-02s  dev 3.691e-05s

r-space:
a[0,0,0] = (2097152.000000,0.000000) = (4140000000000000,0)
real in [0.000000e+00,0.000000e+00] = [0,0]
imag in [0.000000e+00,0.000000e+00] = [0,0]

[PI-INFO] Paramount Iteration,0,6,0.524385,0.054118

TESTING 6

[PI-INFO] Paramount Iteration,7,6,0.537811,0.054083
[PI-INFO] Paramount Iteration,6,6,0.537070,0.054052
[PI-INFO] Paramount Iteration,13,6,0.538286,0.054117
[PI-INFO] Paramount Iteration,21,6,0.538307,0.054064
[PI-INFO] Paramount Iteration,3,6,0.537341,0.054081
[PI-INFO] Paramount Iteration,1,6,0.536422,0.054083
[PI-INFO] Paramount Iteration,8,6,0.536550,0.054144
[PI-INFO] Paramount Iteration,16,6,0.536830,0.054123
[PI-INFO] Paramount Iteration,14,6,0.537855,0.054093
[PI-INFO] Paramount Iteration,15,6,0.536665,0.054127
[PI-INFO] Paramount Iteration,18,6,0.536461,0.054078
[PI-INFO] Paramount Iteration,10,6,0.536719,0.054084
[PI-INFO] Paramount Iteration,4,6,0.536417,0.054089
[PI-INFO] Paramount Iteration,11,6,0.537134,0.054133
[PI-INFO] Paramount Iteration,12,6,0.537002,0.054114
[PI-INFO] Paramount Iteration,2,6,0.536681,0.054049
[PI-INFO] Paramount Iteration,17,6,0.536213,0.054060
[PI-INFO] Paramount Iteration,27,6,0.537134,0.054143
[PI-INFO] Paramount Iteration,26,6,0.537916,0.054091
[PI-INFO] Paramount Iteration,9,6,0.535882,0.054119
[PI-INFO] Paramount Iteration,23,6,0.537106,0.054076
[PI-INFO] Paramount Iteration,20,6,0.536573,0.054088
[PI-INFO] Paramount Iteration,22,6,0.536278,0.054057
[PI-INFO] Paramount Iteration,31,6,0.536487,0.054102
[PI-INFO] Paramount Iteration,19,6,0.536927,0.054090
[PI-INFO] Paramount Iteration,30,6,0.536919,0.054083
[PI-INFO] Paramount Iteration,29,6,0.536172,0.054115
[PI-INFO] Paramount Iteration,28,6,0.536121,0.054125
[PI-INFO] Paramount Iteration,25,6,0.535805,0.054113
[PI-INFO] Paramount Iteration,5,6,0.535021,0.054083
[PI-INFO] Paramount Iteration,24,6,0.536659,0.054141
DFFT  fd32  max 3.213e-03s  avg 2.398e-03s  min 1.291e-03s  dev 6.450e-04s
DFFT  f1dx  max 3.133e-04s  avg 1.998e-04s  min 1.683e-04s  dev 3.083e-05s
DFFT  fd23  max 3.511e-03s  avg 2.546e-03s  min 1.378e-03s  dev 6.652e-04s
DFFT  fd32  max 3.045e-03s  avg 2.336e-03s  min 1.298e-03s  dev 6.255e-04s
DFFT  f1dy  max 3.179e-04s  avg 2.016e-04s  min 1.685e-04s  dev 3.157e-05s
DFFT  fd23  max 3.092e-03s  avg 2.361e-03s  min 1.278e-03s  dev 6.234e-04s
DFFT  fd32  max 1.131e-03s  avg 9.429e-04s  min 8.111e-04s  dev 8.169e-05s
DFFT  f1dz  max 2.622e-04s  avg 1.992e-04s  min 1.695e-04s  dev 2.086e-05s
DFFT fdist  max 1.294e-02s  avg 1.058e-02s  min 6.786e-03s  dev 1.677e-03s
DFFT fdfft  max 8.633e-04s  avg 6.006e-04s  min 5.153e-04s  dev 7.881e-05s
FORWARD     max 2.531e-02s  avg 2.523e-02s  min 2.513e-02s  dev 3.792e-05s

k-space:
real in [1.000000e+00,1.000000e+00] = [3ff0000000000000,3ff0000000000000]
imag in [0.000000e+00,0.000000e+00] = [0,0]

DFFT  b1dz  max 3.434e-04s  avg 2.013e-04s  min 1.655e-04s  dev 3.876e-05s
DFFT  bd23  max 1.315e-03s  avg 9.868e-04s  min 8.161e-04s  dev 1.154e-04s
DFFT  bd32  max 3.079e-03s  avg 2.365e-03s  min 1.274e-03s  dev 6.546e-04s
DFFT  b1dy  max 3.582e-04s  avg 2.047e-04s  min 1.657e-04s  dev 3.834e-05s
DFFT  bd23  max 3.146e-03s  avg 2.359e-03s  min 1.303e-03s  dev 6.142e-04s
DFFT  bd32  max 3.196e-03s  avg 2.373e-03s  min 1.290e-03s  dev 6.412e-04s
DFFT  b1dx  max 3.582e-04s  avg 2.055e-04s  min 1.689e-04s  dev 3.920e-05s
DFFT  bd23  max 3.178e-03s  avg 2.446e-03s  min 1.402e-03s  dev 6.304e-04s
DFFT bdist  max 1.285e-02s  avg 1.053e-02s  min 6.520e-03s  dev 1.723e-03s
DFFT bdfft  max 1.060e-03s  avg 6.114e-04s  min 5.037e-04s  dev 1.151e-04s
BACKWARD    max 2.526e-02s  avg 2.513e-02s  min 2.502e-02s  dev 5.795e-05s

r-space:
a[0,0,0] = (2097152.000000,0.000000) = (4140000000000000,0)
real in [0.000000e+00,0.000000e+00] = [0,0]
imag in [0.000000e+00,0.000000e+00] = [0,0]

[PI-INFO] Paramount Iteration,0,7,0.578604,0.054219

TESTING 7

[PI-INFO] Paramount Iteration,13,7,0.592542,0.054256
[PI-INFO] Paramount Iteration,14,7,0.592086,0.054231
[PI-INFO] Paramount Iteration,12,7,0.591208,0.054206
[PI-INFO] Paramount Iteration,7,7,0.592107,0.054296
[PI-INFO] Paramount Iteration,1,7,0.590685,0.054263
[PI-INFO] Paramount Iteration,6,7,0.591337,0.054267
[PI-INFO] Paramount Iteration,8,7,0.590754,0.054204
[PI-INFO] Paramount Iteration,16,7,0.591050,0.054220
[PI-INFO] Paramount Iteration,21,7,0.592582,0.054275
[PI-INFO] Paramount Iteration,15,7,0.590928,0.054263
[PI-INFO] Paramount Iteration,18,7,0.590756,0.054295
[PI-INFO] Paramount Iteration,3,7,0.591645,0.054304
[PI-INFO] Paramount Iteration,10,7,0.590976,0.054257
[PI-INFO] Paramount Iteration,4,7,0.590644,0.054227
[PI-INFO] Paramount Iteration,11,7,0.591413,0.054279
[PI-INFO] Paramount Iteration,2,7,0.590963,0.054282
[PI-INFO] Paramount Iteration,17,7,0.590479,0.054266
[PI-INFO] Paramount Iteration,27,7,0.591418,0.054284
[PI-INFO] Paramount Iteration,26,7,0.592169,0.054253
[PI-INFO] Paramount Iteration,9,7,0.590131,0.054249
[PI-INFO] Paramount Iteration,23,7,0.591406,0.054300
[PI-INFO] Paramount Iteration,20,7,0.590778,0.054205
[PI-INFO] Paramount Iteration,22,7,0.590554,0.054276
[PI-INFO] Paramount Iteration,31,7,0.590789,0.054302
[PI-INFO] Paramount Iteration,19,7,0.591217,0.054290
[PI-INFO] Paramount Iteration,30,7,0.591156,0.054237
[PI-INFO] Paramount Iteration,29,7,0.590438,0.054266
[PI-INFO] Paramount Iteration,28,7,0.590320,0.054199
[PI-INFO] Paramount Iteration,25,7,0.590073,0.054268
[PI-INFO] Paramount Iteration,5,7,0.589284,0.054263
[PI-INFO] Paramount Iteration,24,7,0.590868,0.054209
DFFT  fd32  max 3.079e-03s  avg 2.357e-03s  min 1.330e-03s  dev 6.092e-04s
DFFT  f1dx  max 2.982e-04s  avg 1.968e-04s  min 1.667e-04s  dev 2.936e-05s
DFFT  fd23  max 3.348e-03s  avg 2.520e-03s  min 1.402e-03s  dev 6.555e-04s
DFFT  fd32  max 3.130e-03s  avg 2.352e-03s  min 1.317e-03s  dev 6.253e-04s
DFFT  f1dy  max 3.017e-04s  avg 1.980e-04s  min 1.676e-04s  dev 2.763e-05s
DFFT  fd23  max 2.998e-03s  avg 2.332e-03s  min 1.322e-03s  dev 5.914e-04s
DFFT  fd32  max 1.215e-03s  avg 9.718e-04s  min 8.378e-04s  dev 1.040e-04s
DFFT  f1dz  max 2.980e-04s  avg 1.990e-04s  min 1.688e-04s  dev 2.897e-05s
DFFT fdist  max 1.280e-02s  avg 1.053e-02s  min 6.792e-03s  dev 1.655e-03s
DFFT fdfft  max 8.887e-04s  avg 5.937e-04s  min 5.058e-04s  dev 8.438e-05s
FORWARD     max 2.493e-02s  avg 2.482e-02s  min 2.469e-02s  dev 5.467e-05s

k-space:
real in [1.000000e+00,1.000000e+00] = [3ff0000000000000,3ff0000000000000]
imag in [0.000000e+00,0.000000e+00] = [0,0]

DFFT  b1dz  max 3.457e-04s  avg 2.038e-04s  min 1.631e-04s  dev 3.826e-05s
DFFT  bd23  max 1.257e-03s  avg 9.709e-04s  min 8.262e-04s  dev 1.039e-04s
DFFT  bd32  max 3.133e-03s  avg 2.339e-03s  min 1.288e-03s  dev 6.224e-04s
DFFT  b1dy  max 3.339e-04s  avg 2.024e-04s  min 1.659e-04s  dev 3.460e-05s
DFFT  bd23  max 3.125e-03s  avg 2.399e-03s  min 1.291e-03s  dev 6.399e-04s
DFFT  bd32  max 3.066e-03s  avg 2.370e-03s  min 1.322e-03s  dev 6.241e-04s
DFFT  b1dx  max 3.610e-04s  avg 2.033e-04s  min 1.663e-04s  dev 3.967e-05s
DFFT  bd23  max 3.323e-03s  avg 2.494e-03s  min 1.408e-03s  dev 6.508e-04s
DFFT bdist  max 1.321e-02s  avg 1.057e-02s  min 6.668e-03s  dev 1.745e-03s
DFFT bdfft  max 1.041e-03s  avg 6.094e-04s  min 4.994e-04s  dev 1.103e-04s
BACKWARD    max 2.498e-02s  avg 2.492e-02s  min 2.486e-02s  dev 3.516e-05s

r-space:
a[0,0,0] = (2097152.000000,0.000000) = (4140000000000000,0)
real in [0.000000e+00,0.000000e+00] = [0,0]
imag in [0.000000e+00,0.000000e+00] = [0,0]

[PI-INFO] Paramount Iteration,0,8,0.632434,0.053830

TESTING 8

[PI-INFO] Paramount Iteration,6,8,0.645150,0.053813
[PI-INFO] Paramount Iteration,14,8,0.645932,0.053846
[PI-INFO] Paramount Iteration,7,8,0.645915,0.053808
[PI-INFO] Paramount Iteration,1,8,0.644518,0.053833
[PI-INFO] Paramount Iteration,8,8,0.644592,0.053838
[PI-INFO] Paramount Iteration,13,8,0.646402,0.053860
[PI-INFO] Paramount Iteration,16,8,0.644885,0.053835
[PI-INFO] Paramount Iteration,21,8,0.646437,0.053855
[PI-INFO] Paramount Iteration,15,8,0.644764,0.053836
[PI-INFO] Paramount Iteration,18,8,0.644551,0.053795
[PI-INFO] Paramount Iteration,3,8,0.645446,0.053801
[PI-INFO] Paramount Iteration,10,8,0.644805,0.053829
[PI-INFO] Paramount Iteration,4,8,0.644471,0.053827
[PI-INFO] Paramount Iteration,11,8,0.645253,0.053840
[PI-INFO] Paramount Iteration,12,8,0.645076,0.053868
[PI-INFO] Paramount Iteration,2,8,0.644765,0.053802
[PI-INFO] Paramount Iteration,17,8,0.644325,0.053846
[PI-INFO] Paramount Iteration,27,8,0.645254,0.053836
[PI-INFO] Paramount Iteration,26,8,0.645985,0.053816
[PI-INFO] Paramount Iteration,9,8,0.643970,0.053839
[PI-INFO] Paramount Iteration,23,8,0.645224,0.053818
[PI-INFO] Paramount Iteration,20,8,0.644608,0.053830
[PI-INFO] Paramount Iteration,22,8,0.644362,0.053808
[PI-INFO] Paramount Iteration,31,8,0.644623,0.053834
[PI-INFO] Paramount Iteration,19,8,0.645046,0.053829
[PI-INFO] Paramount Iteration,30,8,0.645001,0.053845
[PI-INFO] Paramount Iteration,29,8,0.644294,0.053856
[PI-INFO] Paramount Iteration,28,8,0.644195,0.053875
[PI-INFO] Paramount Iteration,25,8,0.643910,0.053837
[PI-INFO] Paramount Iteration,5,8,0.643136,0.053852
[PI-INFO] Paramount Iteration,24,8,0.644705,0.053837
DFFT  fd32  max 3.128e-03s  avg 2.360e-03s  min 1.294e-03s  dev 6.209e-04s
DFFT  f1dx  max 2.940e-04s  avg 1.995e-04s  min 1.665e-04s  dev 2.674e-05s
DFFT  fd23  max 3.224e-03s  avg 2.520e-03s  min 1.381e-03s  dev 6.369e-04s
DFFT  fd32  max 3.065e-03s  avg 2.335e-03s  min 1.301e-03s  dev 6.320e-04s
DFFT  f1dy  max 2.871e-04s  avg 2.010e-04s  min 1.683e-04s  dev 2.432e-05s
DFFT  fd23  max 3.065e-03s  avg 2.352e-03s  min 1.303e-03s  dev 5.948e-04s
DFFT  fd32  max 1.190e-03s  avg 9.697e-04s  min 8.154e-04s  dev 1.094e-04s
DFFT  f1dz  max 2.491e-04s  avg 1.928e-04s  min 1.664e-04s  dev 1.773e-05s
DFFT fdist  max 1.284e-02s  avg 1.054e-02s  min 6.733e-03s  dev 1.652e-03s
DFFT fdfft  max 8.302e-04s  avg 5.933e-04s  min 5.094e-04s  dev 6.515e-05s
FORWARD     max 2.469e-02s  avg 2.457e-02s  min 2.443e-02s  dev 4.859e-05s

k-space:
real in [1.000000e+00,1.000000e+00] = [3ff0000000000000,3ff0000000000000]
imag in [0.000000e+00,0.000000e+00] = [0,0]

DFFT  b1dz  max 3.289e-04s  avg 2.013e-04s  min 1.651e-04s  dev 3.286e-05s
DFFT  bd23  max 1.166e-03s  avg 9.715e-04s  min 8.393e-04s  dev 9.492e-05s
DFFT  bd32  max 3.036e-03s  avg 2.280e-03s  min 1.297e-03s  dev 5.935e-04s
DFFT  b1dy  max 3.204e-04s  avg 2.052e-04s  min 1.671e-04s  dev 3.191e-05s
DFFT  bd23  max 3.101e-03s  avg 2.343e-03s  min 1.266e-03s  dev 6.122e-04s
DFFT  bd32  max 3.155e-03s  avg 2.390e-03s  min 1.265e-03s  dev 6.564e-04s
DFFT  b1dx  max 3.167e-04s  avg 2.053e-04s  min 1.680e-04s  dev 3.198e-05s
DFFT  bd23  max 3.175e-03s  avg 2.438e-03s  min 1.414e-03s  dev 6.130e-04s
DFFT bdist  max 1.285e-02s  avg 1.042e-02s  min 6.573e-03s  dev 1.691e-03s
DFFT bdfft  max 9.661e-04s  avg 6.118e-04s  min 5.103e-04s  dev 9.348e-05s
BACKWARD    max 2.520e-02s  avg 2.512e-02s  min 2.503e-02s  dev 4.572e-05s

r-space:
a[0,0,0] = (2097152.000000,0.000000) = (4140000000000000,0)
real in [0.000000e+00,0.000000e+00] = [0,0]
imag in [0.000000e+00,0.000000e+00] = [0,0]

[PI-INFO] Paramount Iteration,0,9,0.686363,0.053929

TESTING 9

[PI-INFO] Paramount Iteration,7,9,0.699818,0.053903
[PI-INFO] Paramount Iteration,6,9,0.699051,0.053901
[PI-INFO] Paramount Iteration,14,9,0.699832,0.053900
[PI-INFO] Paramount Iteration,26,9,0.699896,0.053911
[PI-INFO] Paramount Iteration,23,9,0.699115,0.053891
[PI-INFO] Paramount Iteration,20,9,0.698524,0.053916
[PI-INFO] Paramount Iteration,30,9,0.698901,0.053900
[PI-INFO] Paramount Iteration,1,9,0.698448,0.053930
[PI-INFO] Paramount Iteration,8,9,0.698545,0.053953
[PI-INFO] Paramount Iteration,13,9,0.700317,0.053915
[PI-INFO] Paramount Iteration,16,9,0.698816,0.053931
[PI-INFO] Paramount Iteration,21,9,0.700362,0.053925
[PI-INFO] Paramount Iteration,15,9,0.698650,0.053886
[PI-INFO] Paramount Iteration,18,9,0.698457,0.053906
[PI-INFO] Paramount Iteration,3,9,0.699348,0.053902
[PI-INFO] Paramount Iteration,10,9,0.698715,0.053910
[PI-INFO] Paramount Iteration,4,9,0.698385,0.053914
[PI-INFO] Paramount Iteration,11,9,0.699133,0.053880
[PI-INFO] Paramount Iteration,12,9,0.698987,0.053911
[PI-INFO] Paramount Iteration,2,9,0.698671,0.053906
[PI-INFO] Paramount Iteration,17,9,0.698254,0.053929
[PI-INFO] Paramount Iteration,27,9,0.699137,0.053883
[PI-INFO] Paramount Iteration,9,9,0.697917,0.053947
[PI-INFO] Paramount Iteration,22,9,0.698265,0.053903
[PI-INFO] Paramount Iteration,31,9,0.698503,0.053880
[PI-INFO] Paramount Iteration,19,9,0.698965,0.053919
[PI-INFO] Paramount Iteration,29,9,0.698212,0.053918
[PI-INFO] Paramount Iteration,28,9,0.698106,0.053911
[PI-INFO] Paramount Iteration,25,9,0.697856,0.053946
[PI-INFO] Paramount Iteration,5,9,0.697058,0.053922
[PI-INFO] Paramount Iteration,24,9,0.698660,0.053955
DFFT  fd32  max 3.086e-03s  avg 2.380e-03s  min 1.315e-03s  dev 6.305e-04s
DFFT  f1dx  max 3.008e-04s  avg 2.001e-04s  min 1.683e-04s  dev 2.874e-05s
DFFT  fd23  max 3.351e-03s  avg 2.529e-03s  min 1.428e-03s  dev 6.605e-04s
DFFT  fd32  max 3.157e-03s  avg 2.334e-03s  min 1.299e-03s  dev 6.135e-04s
DFFT  f1dy  max 2.991e-04s  avg 1.994e-04s  min 1.669e-04s  dev 2.722e-05s
DFFT  fd23  max 3.111e-03s  avg 2.350e-03s  min 1.303e-03s  dev 6.034e-04s
DFFT  fd32  max 1.220e-03s  avg 9.714e-04s  min 8.172e-04s  dev 1.024e-04s
DFFT  f1dz  max 2.760e-04s  avg 1.951e-04s  min 1.671e-04s  dev 2.411e-05s
DFFT fdist  max 1.305e-02s  avg 1.056e-02s  min 6.736e-03s  dev 1.677e-03s
DFFT fdfft  max 8.564e-04s  avg 5.946e-04s  min 5.129e-04s  dev 7.734e-05s
FORWARD     max 2.515e-02s  avg 2.506e-02s  min 2.497e-02s  dev 4.385e-05s

k-space:
real in [1.000000e+00,1.000000e+00] = [3ff0000000000000,3ff0000000000000]
imag in [0.000000e+00,0.000000e+00] = [0,0]

DFFT  b1dz  max 3.844e-04s  avg 2.038e-04s  min 1.656e-04s  dev 4.165e-05s
DFFT  bd23  max 1.141e-03s  avg 9.604e-04s  min 8.328e-04s  dev 8.167e-05s
DFFT  bd32  max 2.975e-03s  avg 2.325e-03s  min 1.281e-03s  dev 6.171e-04s
DFFT  b1dy  max 3.241e-04s  avg 2.004e-04s  min 1.659e-04s  dev 3.285e-05s
DFFT  bd23  max 3.152e-03s  avg 2.343e-03s  min 1.281e-03s  dev 6.012e-04s
DFFT  bd32  max 3.209e-03s  avg 2.380e-03s  min 1.271e-03s  dev 6.549e-04s
DFFT  b1dx  max 4.058e-04s  avg 2.041e-04s  min 1.690e-04s  dev 4.492e-05s
DFFT  bd23  max 3.249e-03s  avg 2.486e-03s  min 1.421e-03s  dev 6.436e-04s
DFFT bdist  max 1.293e-02s  avg 1.049e-02s  min 6.517e-03s  dev 1.687e-03s
DFFT bdfft  max 1.114e-03s  avg 6.083e-04s  min 5.022e-04s  dev 1.165e-04s
BACKWARD    max 2.506e-02s  avg 2.502e-02s  min 2.497e-02s  dev 2.168e-05s

r-space:
a[0,0,0] = (2097152.000000,0.000000) = (4140000000000000,0)
real in [0.000000e+00,0.000000e+00] = [0,0]
imag in [0.000000e+00,0.000000e+00] = [0,0]

[PI-INFO] Paramount Iteration,0,10,0.740422,0.054059

TESTING a

[PI-INFO] Paramount Iteration,14,10,0.753855,0.054023
[PI-INFO] Paramount Iteration,18,10,0.752466,0.054009
[PI-INFO] Paramount Iteration,10,10,0.752710,0.053995
[PI-INFO] Paramount Iteration,26,10,0.753878,0.053982
[PI-INFO] Paramount Iteration,31,10,0.752490,0.053987
[PI-INFO] Paramount Iteration,30,10,0.752902,0.054001
[PI-INFO] Paramount Iteration,7,10,0.753876,0.054058
[PI-INFO] Paramount Iteration,1,10,0.752502,0.054054
[PI-INFO] Paramount Iteration,6,10,0.753120,0.054069
[PI-INFO] Paramount Iteration,8,10,0.752544,0.053999
[PI-INFO] Paramount Iteration,13,10,0.754359,0.054042
[PI-INFO] Paramount Iteration,16,10,0.752831,0.054015
[PI-INFO] Paramount Iteration,21,10,0.754370,0.054008
[PI-INFO] Paramount Iteration,15,10,0.752682,0.054032
[PI-INFO] Paramount Iteration,3,10,0.753407,0.054059
[PI-INFO] Paramount Iteration,4,10,0.752463,0.054078
[PI-INFO] Paramount Iteration,11,10,0.753141,0.054008
[PI-INFO] Paramount Iteration,12,10,0.753029,0.054042
[PI-INFO] Paramount Iteration,2,10,0.752719,0.054048
[PI-INFO] Paramount Iteration,17,10,0.752255,0.054001
[PI-INFO] Paramount Iteration,27,10,0.753096,0.053959
[PI-INFO] Paramount Iteration,9,10,0.751921,0.054004
[PI-INFO] Paramount Iteration,23,10,0.753144,0.054029
[PI-INFO] Paramount Iteration,20,10,0.752561,0.054037
[PI-INFO] Paramount Iteration,22,10,0.752301,0.054036
[PI-INFO] Paramount Iteration,19,10,0.752949,0.053984
[PI-INFO] Paramount Iteration,29,10,0.752213,0.054001
[PI-INFO] Paramount Iteration,28,10,0.752098,0.053992
[PI-INFO] Paramount Iteration,25,10,0.751818,0.053962
[PI-INFO] Paramount Iteration,5,10,0.751123,0.054065
[PI-INFO] Paramount Iteration,24,10,0.752617,0.053957
DFFT  fd32  max 3.036e-03s  avg 2.342e-03s  min 1.293e-03s  dev 6.100e-04s
DFFT  f1dx  max 3.023e-04s  avg 1.971e-04s  min 1.687e-04s  dev 2.586e-05s
DFFT  fd23  max 3.550e-03s  avg 2.589e-03s  min 1.405e-03s  dev 6.822e-04s
DFFT  fd32  max 3.046e-03s  avg 2.346e-03s  min 1.303e-03s  dev 6.317e-04s
DFFT  f1dy  max 2.718e-04s  avg 1.973e-04s  min 1.671e-04s  dev 2.423e-05s
DFFT  fd23  max 3.042e-03s  avg 2.326e-03s  min 1.309e-03s  dev 5.867e-04s
DFFT  fd32  max 1.190e-03s  avg 9.587e-04s  min 8.326e-04s  dev 9.644e-05s
DFFT  f1dz  max 2.464e-04s  avg 1.932e-04s  min 1.687e-04s  dev 1.901e-05s
DFFT fdist  max 1.302e-02s  avg 1.056e-02s  min 6.659e-03s  dev 1.658e-03s
DFFT fdfft  max 8.205e-04s  avg 5.876e-04s  min 5.058e-04s  dev 6.636e-05s
FORWARD     max 2.497e-02s  avg 2.487e-02s  min 2.477e-02s  dev 3.988e-05s

k-space:
real in [1.000000e+00,1.000000e+00] = [3ff0000000000000,3ff0000000000000]
imag in [0.000000e+00,0.000000e+00] = [0,0]

DFFT  b1dz  max 3.752e-04s  avg 2.048e-04s  min 1.656e-04s  dev 3.815e-05s
DFFT  bd23  max 1.179e-03s  avg 9.722e-04s  min 8.558e-04s  dev 9.439e-05s
DFFT  bd32  max 3.104e-03s  avg 2.313e-03s  min 1.271e-03s  dev 6.196e-04s
DFFT  b1dy  max 3.670e-04s  avg 2.014e-04s  min 1.653e-04s  dev 3.574e-05s
DFFT  bd23  max 3.044e-03s  avg 2.319e-03s  min 1.275e-03s  dev 6.051e-04s
DFFT  bd32  max 3.172e-03s  avg 2.357e-03s  min 1.254e-03s  dev 6.381e-04s
DFFT  b1dx  max 3.609e-04s  avg 2.030e-04s  min 1.691e-04s  dev 3.779e-05s
DFFT  bd23  max 3.161e-03s  avg 2.450e-03s  min 1.395e-03s  dev 6.114e-04s
DFFT bdist  max 1.289e-02s  avg 1.041e-02s  min 6.429e-03s  dev 1.694e-03s
DFFT bdfft  max 1.103e-03s  avg 6.092e-04s  min 5.033e-04s  dev 1.089e-04s
BACKWARD    max 2.503e-02s  avg 2.493e-02s  min 2.485e-02s  dev 4.054e-05s

r-space:
a[0,0,0] = (2097152.000000,0.000000) = (4140000000000000,0)
real in [0.000000e+00,0.000000e+00] = [0,0]
imag in [0.000000e+00,0.000000e+00] = [0,0]

[PI-INFO] Paramount Iteration,0,11,0.794400,0.053978

TESTING b

[PI-INFO] Paramount Iteration,6,11,0.807095,0.053975
[PI-INFO] Paramount Iteration,14,11,0.807892,0.054037
[PI-INFO] Paramount Iteration,3,11,0.807384,0.053977
[PI-INFO] Paramount Iteration,4,11,0.806427,0.053964
[PI-INFO] Paramount Iteration,26,11,0.807951,0.054073
[PI-INFO] Paramount Iteration,23,11,0.807160,0.054016
[PI-INFO] Paramount Iteration,20,11,0.806572,0.054011
[PI-INFO] Paramount Iteration,7,11,0.807861,0.053985
[PI-INFO] Paramount Iteration,1,11,0.806490,0.053988
[PI-INFO] Paramount Iteration,8,11,0.806586,0.054042
[PI-INFO] Paramount Iteration,13,11,0.808372,0.054013
[PI-INFO] Paramount Iteration,16,11,0.806850,0.054019
[PI-INFO] Paramount Iteration,21,11,0.808388,0.054018
[PI-INFO] Paramount Iteration,15,11,0.806704,0.054022
[PI-INFO] Paramount Iteration,18,11,0.806512,0.054046
[PI-INFO] Paramount Iteration,10,11,0.806761,0.054051
[PI-INFO] Paramount Iteration,11,11,0.807183,0.054042
[PI-INFO] Paramount Iteration,12,11,0.807042,0.054013
[PI-INFO] Paramount Iteration,2,11,0.806715,0.053996
[PI-INFO] Paramount Iteration,17,11,0.806298,0.054043
[PI-INFO] Paramount Iteration,27,11,0.807191,0.054095
[PI-INFO] Paramount Iteration,9,11,0.805974,0.054053
[PI-INFO] Paramount Iteration,22,11,0.806307,0.054006
[PI-INFO] Paramount Iteration,31,11,0.806552,0.054062
[PI-INFO] Paramount Iteration,19,11,0.806975,0.054026
[PI-INFO] Paramount Iteration,30,11,0.806954,0.054052
[PI-INFO] Paramount Iteration,29,11,0.806266,0.054053
[PI-INFO] Paramount Iteration,28,11,0.806149,0.054051
[PI-INFO] Paramount Iteration,25,11,0.805919,0.054101
[PI-INFO] Paramount Iteration,5,11,0.805092,0.053969
[PI-INFO] Paramount Iteration,24,11,0.806701,0.054084
DFFT  fd32  max 3.108e-03s  avg 2.389e-03s  min 1.306e-03s  dev 6.375e-04s
DFFT  f1dx  max 3.705e-04s  avg 2.005e-04s  min 1.688e-04s  dev 3.562e-05s
DFFT  fd23  max 3.506e-03s  avg 2.567e-03s  min 1.395e-03s  dev 6.496e-04s
DFFT  fd32  max 3.188e-03s  avg 2.327e-03s  min 1.298e-03s  dev 6.446e-04s
DFFT  f1dy  max 2.795e-04s  avg 1.975e-04s  min 1.679e-04s  dev 2.278e-05s
DFFT  fd23  max 3.124e-03s  avg 2.343e-03s  min 1.305e-03s  dev 6.288e-04s
DFFT  fd32  max 1.174e-03s  avg 9.512e-04s  min 8.336e-04s  dev 9.083e-05s
DFFT  f1dz  max 2.448e-04s  avg 1.951e-04s  min 1.683e-04s  dev 1.760e-05s
DFFT fdist  max 1.308e-02s  avg 1.058e-02s  min 6.704e-03s  dev 1.686e-03s
DFFT fdfft  max 8.949e-04s  avg 5.931e-04s  min 5.082e-04s  dev 7.111e-05s
FORWARD     max 2.535e-02s  avg 2.527e-02s  min 2.520e-02s  dev 3.766e-05s

k-space:
real in [1.000000e+00,1.000000e+00] = [3ff0000000000000,3ff0000000000000]
imag in [0.000000e+00,0.000000e+00] = [0,0]

DFFT  b1dz  max 3.376e-04s  avg 1.979e-04s  min 1.661e-04s  dev 3.393e-05s
DFFT  bd23  max 1.133e-03s  avg 9.610e-04s  min 8.294e-04s  dev 8.373e-05s
DFFT  bd32  max 3.039e-03s  avg 2.321e-03s  min 1.298e-03s  dev 6.158e-04s
DFFT  b1dy  max 3.531e-04s  avg 2.022e-04s  min 1.668e-04s  dev 3.695e-05s
DFFT  bd23  max 3.126e-03s  avg 2.343e-03s  min 1.283e-03s  dev 6.032e-04s
DFFT  bd32  max 3.116e-03s  avg 2.367e-03s  min 1.291e-03s  dev 6.435e-04s
DFFT  b1dx  max 4.040e-04s  avg 2.052e-04s  min 1.685e-04s  dev 4.230e-05s
DFFT  bd23  max 3.333e-03s  avg 2.477e-03s  min 1.409e-03s  dev 6.412e-04s
DFFT bdist  max 1.295e-02s  avg 1.047e-02s  min 6.704e-03s  dev 1.686e-03s
DFFT bdfft  max 1.095e-03s  avg 6.052e-04s  min 5.025e-04s  dev 1.113e-04s
BACKWARD    max 2.500e-02s  avg 2.494e-02s  min 2.490e-02s  dev 2.595e-05s

r-space:
a[0,0,0] = (2097152.000000,0.000000) = (4140000000000000,0)
real in [0.000000e+00,0.000000e+00] = [0,0]
imag in [0.000000e+00,0.000000e+00] = [0,0]

[PI-INFO] Paramount Iteration,0,12,0.848488,0.054088

TESTING c

[PI-INFO] Paramount Iteration,6,12,0.861190,0.054095
[PI-INFO] Paramount Iteration,10,12,0.860831,0.054070
[PI-INFO] Paramount Iteration,4,12,0.860511,0.054084
[PI-INFO] Paramount Iteration,11,12,0.861245,0.054062
[PI-INFO] Paramount Iteration,12,12,0.861115,0.054073
[PI-INFO] Paramount Iteration,2,12,0.860792,0.054077
[PI-INFO] Paramount Iteration,26,12,0.862025,0.054074
[PI-INFO] Paramount Iteration,23,12,0.861231,0.054071
[PI-INFO] Paramount Iteration,20,12,0.860644,0.054072
[PI-INFO] Paramount Iteration,31,12,0.860618,0.054066
[PI-INFO] Paramount Iteration,19,12,0.861034,0.054059
[PI-INFO] Paramount Iteration,30,12,0.861038,0.054084
[PI-INFO] Paramount Iteration,7,12,0.861935,0.054074
[PI-INFO] Paramount Iteration,1,12,0.860569,0.054079
[PI-INFO] Paramount Iteration,8,12,0.860669,0.054083
[PI-INFO] Paramount Iteration,13,12,0.862425,0.054053
[PI-INFO] Paramount Iteration,16,12,0.860932,0.054082
[PI-INFO] Paramount Iteration,21,12,0.862436,0.054048
[PI-INFO] Paramount Iteration,14,12,0.861980,0.054088
[PI-INFO] Paramount Iteration,15,12,0.860770,0.054066
[PI-INFO] Paramount Iteration,18,12,0.860578,0.054066
[PI-INFO] Paramount Iteration,3,12,0.861495,0.054111
[PI-INFO] Paramount Iteration,17,12,0.860337,0.054039
[PI-INFO] Paramount Iteration,27,12,0.861245,0.054054
[PI-INFO] Paramount Iteration,9,12,0.860011,0.054037
[PI-INFO] Paramount Iteration,22,12,0.860404,0.054097
[PI-INFO] Paramount Iteration,29,12,0.860304,0.054038
[PI-INFO] Paramount Iteration,28,12,0.860235,0.054086
[PI-INFO] Paramount Iteration,25,12,0.859950,0.054031
[PI-INFO] Paramount Iteration,5,12,0.859164,0.054072
[PI-INFO] Paramount Iteration,24,12,0.860785,0.054084
DFFT  fd32  max 3.254e-03s  avg 2.393e-03s  min 1.272e-03s  dev 6.385e-04s
DFFT  f1dx  max 3.342e-04s  avg 1.962e-04s  min 1.659e-04s  dev 2.918e-05s
DFFT  fd23  max 3.464e-03s  avg 2.535e-03s  min 1.440e-03s  dev 6.631e-04s
DFFT  fd32  max 3.076e-03s  avg 2.292e-03s  min 1.301e-03s  dev 6.221e-04s
DFFT  f1dy  max 3.181e-04s  avg 1.962e-04s  min 1.687e-04s  dev 2.749e-05s
DFFT  fd23  max 3.111e-03s  avg 2.351e-03s  min 1.300e-03s  dev 6.145e-04s
DFFT  fd32  max 1.162e-03s  avg 9.477e-04s  min 8.291e-04s  dev 8.865e-05s
DFFT  f1dz  max 2.469e-04s  avg 1.944e-04s  min 1.701e-04s  dev 1.677e-05s
DFFT fdist  max 1.316e-02s  avg 1.052e-02s  min 6.617e-03s  dev 1.691e-03s
DFFT fdfft  max 8.993e-04s  avg 5.868e-04s  min 5.138e-04s  dev 7.075e-05s
FORWARD     max 2.515e-02s  avg 2.506e-02s  min 2.493e-02s  dev 4.724e-05s

k-space:
real in [1.000000e+00,1.000000e+00] = [3ff0000000000000,3ff0000000000000]
imag in [0.000000e+00,0.000000e+00] = [0,0]

DFFT  b1dz  max 3.596e-04s  avg 2.018e-04s  min 1.644e-04s  dev 3.594e-05s
DFFT  bd23  max 1.168e-03s  avg 9.496e-04s  min 8.303e-04s  dev 8.322e-05s
DFFT  bd32  max 3.179e-03s  avg 2.352e-03s  min 1.297e-03s  dev 6.457e-04s
DFFT  b1dy  max 3.351e-04s  avg 2.010e-04s  min 1.660e-04s  dev 3.448e-05s
DFFT  bd23  max 3.051e-03s  avg 2.369e-03s  min 1.304e-03s  dev 6.349e-04s
DFFT  bd32  max 3.109e-03s  avg 2.351e-03s  min 1.288e-03s  dev 6.221e-04s
DFFT  b1dx  max 3.857e-04s  avg 2.023e-04s  min 1.662e-04s  dev 4.273e-05s
DFFT  bd23  max 3.271e-03s  avg 2.495e-03s  min 1.442e-03s  dev 6.477e-04s
DFFT bdist  max 1.310e-02s  avg 1.052e-02s  min 6.513e-03s  dev 1.796e-03s
DFFT bdfft  max 1.080e-03s  avg 6.051e-04s  min 4.976e-04s  dev 1.105e-04s
BACKWARD    max 2.512e-02s  avg 2.506e-02s  min 2.502e-02s  dev 2.255e-05s

r-space:
a[0,0,0] = (2097152.000000,0.000000) = (4140000000000000,0)
real in [0.000000e+00,0.000000e+00] = [0,0]
imag in [0.000000e+00,0.000000e+00] = [0,0]

[PI-INFO] Paramount Iteration,0,13,0.902632,0.054144

TESTING d

[PI-INFO] Paramount Iteration,14,13,0.916088,0.054108
[PI-INFO] Paramount Iteration,26,13,0.916133,0.054108
[PI-INFO] Paramount Iteration,30,13,0.915125,0.054087
[PI-INFO] Paramount Iteration,7,13,0.916117,0.054182
[PI-INFO] Paramount Iteration,1,13,0.914738,0.054169
[PI-INFO] Paramount Iteration,6,13,0.915352,0.054162
[PI-INFO] Paramount Iteration,8,13,0.914772,0.054103
[PI-INFO] Paramount Iteration,13,13,0.916567,0.054142
[PI-INFO] Paramount Iteration,16,13,0.915053,0.054121
[PI-INFO] Paramount Iteration,21,13,0.916577,0.054141
[PI-INFO] Paramount Iteration,15,13,0.914924,0.054154
[PI-INFO] Paramount Iteration,18,13,0.914728,0.054150
[PI-INFO] Paramount Iteration,3,13,0.915620,0.054125
[PI-INFO] Paramount Iteration,10,13,0.914974,0.054143
[PI-INFO] Paramount Iteration,4,13,0.914672,0.054161
[PI-INFO] Paramount Iteration,11,13,0.915379,0.054134
[PI-INFO] Paramount Iteration,12,13,0.915241,0.054126
[PI-INFO] Paramount Iteration,2,13,0.914977,0.054185
[PI-INFO] Paramount Iteration,17,13,0.914492,0.054155
[PI-INFO] Paramount Iteration,27,13,0.915339,0.054094
[PI-INFO] Paramount Iteration,9,13,0.914165,0.054154
[PI-INFO] Paramount Iteration,23,13,0.915377,0.054146
[PI-INFO] Paramount Iteration,20,13,0.914779,0.054135
[PI-INFO] Paramount Iteration,22,13,0.914536,0.054132
[PI-INFO] Paramount Iteration,31,13,0.914722,0.054104
[PI-INFO] Paramount Iteration,19,13,0.915165,0.054131
[PI-INFO] Paramount Iteration,29,13,0.914416,0.054112
[PI-INFO] Paramount Iteration,28,13,0.914318,0.054083
[PI-INFO] Paramount Iteration,25,13,0.914052,0.054102
[PI-INFO] Paramount Iteration,5,13,0.913330,0.054166
[PI-INFO] Paramount Iteration,24,13,0.914855,0.054070
DFFT  fd32  max 3.054e-03s  avg 2.355e-03s  min 1.294e-03s  dev 6.087e-04s
DFFT  f1dx  max 3.452e-04s  avg 2.009e-04s  min 1.673e-04s  dev 3.171e-05s
DFFT  fd23  max 3.239e-03s  avg 2.547e-03s  min 1.377e-03s  dev 6.610e-04s
DFFT  fd32  max 3.157e-03s  avg 2.303e-03s  min 1.281e-03s  dev 6.111e-04s
DFFT  f1dy  max 2.939e-04s  avg 2.009e-04s  min 1.683e-04s  dev 2.594e-05s
DFFT  fd23  max 3.171e-03s  avg 2.362e-03s  min 1.311e-03s  dev 6.288e-04s
DFFT  fd32  max 1.206e-03s  avg 9.765e-04s  min 8.127e-04s  dev 9.920e-05s
DFFT  f1dz  max 2.515e-04s  avg 1.950e-04s  min 1.667e-04s  dev 2.146e-05s
DFFT fdist  max 1.296e-02s  avg 1.054e-02s  min 6.697e-03s  dev 1.728e-03s
DFFT fdfft  max 8.906e-04s  avg 5.969e-04s  min 5.053e-04s  dev 7.468e-05s
FORWARD     max 2.530e-02s  avg 2.523e-02s  min 2.515e-02s  dev 4.119e-05s

k-space:
real in [1.000000e+00,1.000000e+00] = [3ff0000000000000,3ff0000000000000]
imag in [0.000000e+00,0.000000e+00] = [0,0]

DFFT  b1dz  max 3.336e-04s  avg 2.004e-04s  min 1.662e-04s  dev 3.236e-05s
DFFT  bd23  max 1.157e-03s  avg 9.366e-04s  min 8.142e-04s  dev 7.979e-05s
DFFT  bd32  max 2.935e-03s  avg 2.299e-03s  min 1.285e-03s  dev 6.131e-04s
DFFT  b1dy  max 3.316e-04s  avg 2.027e-04s  min 1.669e-04s  dev 3.357e-05s
DFFT  bd23  max 3.121e-03s  avg 2.365e-03s  min 1.319e-03s  dev 6.415e-04s
DFFT  bd32  max 3.137e-03s  avg 2.358e-03s  min 1.295e-03s  dev 6.440e-04s
DFFT  b1dx  max 3.682e-04s  avg 2.040e-04s  min 1.675e-04s  dev 3.744e-05s
DFFT  bd23  max 3.237e-03s  avg 2.455e-03s  min 1.384e-03s  dev 6.418e-04s
DFFT bdist  max 1.293e-02s  avg 1.041e-02s  min 6.448e-03s  dev 1.762e-03s
DFFT bdfft  max 1.033e-03s  avg 6.071e-04s  min 5.019e-04s  dev 1.011e-04s
BACKWARD    max 2.488e-02s  avg 2.484e-02s  min 2.479e-02s  dev 2.683e-05s

r-space:
a[0,0,0] = (2097152.000000,0.000000) = (4140000000000000,0)
real in [0.000000e+00,0.000000e+00] = [0,0]
imag in [0.000000e+00,0.000000e+00] = [0,0]

[PI-INFO] Paramount Iteration,0,14,0.956593,0.053961

TESTING e

[PI-INFO] Paramount Iteration,21,14,0.970502,0.053925
[PI-INFO] Paramount Iteration,23,14,0.969303,0.053926
[PI-INFO] Paramount Iteration,7,14,0.970042,0.053925
[PI-INFO] Paramount Iteration,1,14,0.968660,0.053922
[PI-INFO] Paramount Iteration,6,14,0.969274,0.053922
[PI-INFO] Paramount Iteration,8,14,0.968735,0.053963
[PI-INFO] Paramount Iteration,13,14,0.970494,0.053927
[PI-INFO] Paramount Iteration,16,14,0.969003,0.053950
[PI-INFO] Paramount Iteration,14,14,0.970050,0.053962
[PI-INFO] Paramount Iteration,15,14,0.968843,0.053919
[PI-INFO] Paramount Iteration,18,14,0.968660,0.053932
[PI-INFO] Paramount Iteration,3,14,0.969577,0.053957
[PI-INFO] Paramount Iteration,10,14,0.968915,0.053941
[PI-INFO] Paramount Iteration,4,14,0.968625,0.053953
[PI-INFO] Paramount Iteration,11,14,0.969322,0.053943
[PI-INFO] Paramount Iteration,12,14,0.969183,0.053942
[PI-INFO] Paramount Iteration,2,14,0.968886,0.053909
[PI-INFO] Paramount Iteration,17,14,0.968390,0.053898
[PI-INFO] Paramount Iteration,27,14,0.969289,0.053950
[PI-INFO] Paramount Iteration,26,14,0.970109,0.053976
[PI-INFO] Paramount Iteration,9,14,0.968067,0.053902
[PI-INFO] Paramount Iteration,20,14,0.968722,0.053943
[PI-INFO] Paramount Iteration,22,14,0.968481,0.053945
[PI-INFO] Paramount Iteration,31,14,0.968682,0.053960
[PI-INFO] Paramount Iteration,19,14,0.969117,0.053952
[PI-INFO] Paramount Iteration,30,14,0.969108,0.053983
[PI-INFO] Paramount Iteration,29,14,0.968382,0.053966
[PI-INFO] Paramount Iteration,28,14,0.968292,0.053974
[PI-INFO] Paramount Iteration,25,14,0.967973,0.053921
[PI-INFO] Paramount Iteration,5,14,0.967239,0.053909
[PI-INFO] Paramount Iteration,24,14,0.968808,0.053953
DFFT  fd32  max 3.035e-03s  avg 2.334e-03s  min 1.309e-03s  dev 5.949e-04s
DFFT  f1dx  max 2.980e-04s  avg 1.966e-04s  min 1.664e-04s  dev 2.577e-05s
DFFT  fd23  max 3.204e-03s  avg 2.512e-03s  min 1.384e-03s  dev 6.454e-04s
DFFT  fd32  max 3.009e-03s  avg 2.281e-03s  min 1.299e-03s  dev 5.918e-04s
DFFT  f1dy  max 2.835e-04s  avg 1.978e-04s  min 1.675e-04s  dev 2.478e-05s
DFFT  fd23  max 3.118e-03s  avg 2.332e-03s  min 1.303e-03s  dev 6.211e-04s
DFFT  fd32  max 1.187e-03s  avg 9.592e-04s  min 8.295e-04s  dev 8.561e-05s
DFFT  f1dz  max 2.621e-04s  avg 1.948e-04s  min 1.648e-04s  dev 1.857e-05s
DFFT fdist  max 1.292e-02s  avg 1.042e-02s  min 6.685e-03s  dev 1.700e-03s
DFFT fdfft  max 8.436e-04s  avg 5.892e-04s  min 5.042e-04s  dev 6.538e-05s
FORWARD     max 2.449e-02s  avg 2.442e-02s  min 2.435e-02s  dev 3.820e-05s

k-space:
real in [1.000000e+00,1.000000e+00] = [3ff0000000000000,3ff0000000000000]
imag in [0.000000e+00,0.000000e+00] = [0,0]

DFFT  b1dz  max 3.853e-04s  avg 2.010e-04s  min 1.648e-04s  dev 4.151e-05s
DFFT  bd23  max 1.260e-03s  avg 9.830e-04s  min 8.256e-04s  dev 1.034e-04s
DFFT  bd32  max 3.024e-03s  avg 2.323e-03s  min 1.267e-03s  dev 6.201e-04s
DFFT  b1dy  max 3.519e-04s  avg 2.050e-04s  min 1.650e-04s  dev 3.866e-05s
DFFT  bd23  max 3.136e-03s  avg 2.317e-03s  min 1.295e-03s  dev 5.967e-04s
DFFT  bd32  max 3.123e-03s  avg 2.364e-03s  min 1.267e-03s  dev 6.326e-04s
DFFT  b1dx  max 3.862e-04s  avg 2.032e-04s  min 1.683e-04s  dev 4.201e-05s
DFFT  bd23  max 3.304e-03s  avg 2.478e-03s  min 1.375e-03s  dev 6.512e-04s
DFFT bdist  max 1.317e-02s  avg 1.046e-02s  min 6.487e-03s  dev 1.739e-03s
DFFT bdfft  max 1.123e-03s  avg 6.091e-04s  min 4.995e-04s  dev 1.192e-04s
BACKWARD    max 2.509e-02s  avg 2.505e-02s  min 2.502e-02s  dev 1.769e-05s

r-space:
a[0,0,0] = (2097152.000000,0.000000) = (4140000000000000,0)
real in [0.000000e+00,0.000000e+00] = [0,0]
imag in [0.000000e+00,0.000000e+00] = [0,0]

[PI-INFO] Paramount Iteration,0,15,1.009840,0.053247
[PI-INFO] PI avg,0,0.054099,15
[PI-INFO] Beta,0,0.000005
[PI-INFO] Total time,1.009844
[PI-INFO] Paramount Iteration,20,15,1.021994,0.053272
[PI-INFO] PI avg,20,0.054093,15
[PI-INFO] Beta,20,0.000022
[PI-INFO] Paramount Iteration,7,15,1.023313,0.053271
[PI-INFO] PI avg,7,0.054096,15
[PI-INFO] Beta,7,0.000017
[PI-INFO] Paramount Iteration,6,15,1.022565,0.053291
[PI-INFO] PI avg,6,0.054093,15
[PI-INFO] Beta,6,0.000017
[PI-INFO] Paramount Iteration,8,15,1.022021,0.053286
[PI-INFO] PI avg,8,0.054097,15
[PI-INFO] Beta,8,0.000022
[PI-INFO] Paramount Iteration,13,15,1.023796,0.053302
[PI-INFO] PI avg,13,0.054097,15
[PI-INFO] Beta,13,0.000015
[PI-INFO] Paramount Iteration,21,15,1.023804,0.053302
[PI-INFO] PI avg,21,0.054096,15
[PI-INFO] Beta,21,0.000015
[PI-INFO] Paramount Iteration,14,15,1.023356,0.053306
[PI-INFO] PI avg,14,0.054094,15
[PI-INFO] Beta,14,0.000015
[PI-INFO] Paramount Iteration,15,15,1.022139,0.053296
[PI-INFO] PI avg,15,0.054094,15
[PI-INFO] Beta,15,0.000016
[PI-INFO] Paramount Iteration,3,15,1.022847,0.053270
[PI-INFO] PI avg,3,0.054100,15
[PI-INFO] Beta,3,0.000017
[PI-INFO] Paramount Iteration,4,15,1.021867,0.053242
[PI-INFO] PI avg,4,0.054095,15
[PI-INFO] Beta,4,0.000024
[PI-INFO] Paramount Iteration,11,15,1.022611,0.053289
[PI-INFO] PI avg,11,0.054097,15
[PI-INFO] Beta,11,0.000025
[PI-INFO] Paramount Iteration,12,15,1.022484,0.053301
[PI-INFO] PI avg,12,0.054095,15
[PI-INFO] Beta,12,0.000022
[PI-INFO] Paramount Iteration,17,15,1.021685,0.053295
[PI-INFO] PI avg,17,0.054098,15
[PI-INFO] Beta,17,0.000017
[PI-INFO] Paramount Iteration,26,15,1.023397,0.053288
[PI-INFO] PI avg,26,0.054094,15
[PI-INFO] Beta,26,0.000019
[PI-INFO] Paramount Iteration,9,15,1.021337,0.053270
[PI-INFO] PI avg,9,0.054097,15
[PI-INFO] Beta,9,0.000027
[PI-INFO] Paramount Iteration,23,15,1.022622,0.053319
[PI-INFO] PI avg,23,0.054096,15
[PI-INFO] Beta,23,0.000015
[PI-INFO] Paramount Iteration,22,15,1.021769,0.053288
[PI-INFO] PI avg,22,0.054092,15
[PI-INFO] Beta,22,0.000025
[PI-INFO] Paramount Iteration,31,15,1.021972,0.053290
[PI-INFO] PI avg,31,0.054094,15
[PI-INFO] Beta,31,0.000021
[PI-INFO] Paramount Iteration,30,15,1.022394,0.053286
[PI-INFO] PI avg,30,0.054091,15
[PI-INFO] Beta,30,0.000027
[PI-INFO] Paramount Iteration,28,15,1.021573,0.053281
[PI-INFO] PI avg,28,0.054093,15
[PI-INFO] Beta,28,0.000026
[PI-INFO] Paramount Iteration,25,15,1.021264,0.053291
[PI-INFO] PI avg,25,0.054097,15
[PI-INFO] Beta,25,0.000025
[PI-INFO] Paramount Iteration,5,15,1.020515,0.053276
[PI-INFO] PI avg,5,0.054097,15
[PI-INFO] Beta,5,0.000033
[PI-INFO] Paramount Iteration,24,15,1.022102,0.053294
[PI-INFO] PI avg,24,0.054095,15
[PI-INFO] Beta,24,0.000027
[PI-INFO] Paramount Iteration,1,15,1.021914,0.053254
[PI-INFO] PI avg,1,0.054100,15
[PI-INFO] Beta,1,0.000023
[PI-INFO] Paramount Iteration,16,15,1.022294,0.053291
[PI-INFO] PI avg,16,0.054098,15
[PI-INFO] Beta,16,0.000025
[PI-INFO] Paramount Iteration,18,15,1.021977,0.053317
[PI-INFO] PI avg,18,0.054097,15
[PI-INFO] Beta,18,0.000022
[PI-INFO] Paramount Iteration,10,15,1.022242,0.053327
[PI-INFO] PI avg,10,0.054097,15
[PI-INFO] Beta,10,0.000023
[PI-INFO] Paramount Iteration,2,15,1.022194,0.053308
[PI-INFO] PI avg,2,0.054097,15
[PI-INFO] Beta,2,0.000022
[PI-INFO] Paramount Iteration,27,15,1.022613,0.053324
[PI-INFO] PI avg,27,0.054098,15
[PI-INFO] Beta,27,0.000016
[PI-INFO] Paramount Iteration,19,15,1.022425,0.053308
[PI-INFO] PI avg,19,0.054099,15
[PI-INFO] Beta,19,0.000016
[PI-INFO] Paramount Iteration,29,15,1.021698,0.053316
[PI-INFO] PI avg,29,0.054097,15
[PI-INFO] Beta,29,0.000023
--------------------------------------------------------------------------
mpirun has exited due to process rank 0 with PID 0 on
node ip-172-31-10-251 exiting improperly. There are three reasons this could occur:

1. this process did not call "init" before exiting, but others in
the job did. This can cause a job to hang indefinitely while it waits
for all processes to call "init". By rule, if one process calls "init",
then ALL processes must call "init" prior to termination.

2. this process called "init", but exited without calling "finalize".
By rule, all processes that call "init" MUST call "finalize" prior to
exiting or it will be considered an "abnormal termination"

3. this process called "MPI_Abort" or "orte_abort" and the mca parameter
orte_create_session_dirs is set to false. In this case, the run-time cannot
detect that the abort call was an abnormal termination. Hence, the only
error message you will receive is this one.

This may have caused other processes in the application to be
terminated by signals sent by mpirun (as reported here).

You can avoid this message by specifying -quiet on the mpirun command line.
--------------------------------------------------------------------------
[ip-172-31-10-251:16823] 31 more processes have sent help message help-mpi-btl-base.txt / btl:no-nics
[ip-172-31-10-251:16823] Set MCA parameter "orte_base_help_aggregate" to 0 to see all help / error messages
Command exited with non-zero status 1
	Command being timed: "mpirun --hostfile /home/ubuntu/PI-Bench/ECP-Proxy-Apps/hostfile -n 32 ./build/TestDfft 1000 128"
	User time (seconds): 0.44
	System time (seconds): 0.56
	Percent of CPU this job got: 25%
	Elapsed (wall clock) time (h:mm:ss or m:ss): 0:03.92
	Average shared text size (kbytes): 0
	Average unshared data size (kbytes): 0
	Average stack size (kbytes): 0
	Average total size (kbytes): 0
	Maximum resident set size (kbytes): 19528
	Average resident set size (kbytes): 0
	Major (requiring I/O) page faults: 4
	Minor (reclaiming a frame) page faults: 6422
	Voluntary context switches: 1305
	Involuntary context switches: 103
	Swaps: 0
	File system inputs: 0
	File system outputs: 16528
	Socket messages sent: 0
	Socket messages received: 0
	Signals delivered: 0
	Page size (bytes): 4096
	Exit status: 1
