--------------------------------------------------------------------------
[[27266,1],0]: A high-performance Open MPI point-to-point messaging module
was unable to find any relevant network interfaces:

Module: OpenFabrics (openib)
  Host: ip-172-31-10-197

Another transport will be used instead, although this may result in
lower performance.

NOTE: You can disable this warning by setting the MCA parameter
btl_base_warn_component_unused to 0.
--------------------------------------------------------------------------
Initializing redistribution using a pencil layout on 2 ranks.
distribution 1D: [2:1:1]
distribution 3D: [2:1:1]
distribution 2z: [2:1:1]
distribution 2x: [1:2:1]
distribution 2y: [2:1:1]
DFFT  init  max 2.992e-01s  avg 2.554e-01s  min 2.115e-01s  dev 4.382e-02s

Hex representations of double precision floats
0.000000e+00 = 0
1.000000e+00 = 3ff0000000000000
2097152.000000 = 4140000000000000

[PI-INFO] Init time,0,0.451340

TESTING 0

[PI-INFO] Init time,1,0.443524
DFFT  fd32  max 4.469e-02s  avg 4.091e-02s  min 3.713e-02s  dev 3.781e-03s
DFFT  f1dx  max 5.336e-03s  avg 4.890e-03s  min 4.444e-03s  dev 4.460e-04s
DFFT  fd23  max 3.284e-02s  avg 2.999e-02s  min 2.713e-02s  dev 2.854e-03s
DFFT  fd32  max 1.884e-02s  avg 1.750e-02s  min 1.617e-02s  dev 1.334e-03s
DFFT  f1dy  max 5.369e-03s  avg 5.065e-03s  min 4.762e-03s  dev 3.031e-04s
DFFT  fd23  max 1.340e-02s  avg 1.260e-02s  min 1.181e-02s  dev 7.906e-04s
DFFT  fd32  max 9.445e-03s  avg 8.587e-03s  min 7.729e-03s  dev 8.582e-04s
DFFT  f1dz  max 5.310e-03s  avg 5.069e-03s  min 4.828e-03s  dev 2.412e-04s
DFFT fdist  max 1.132e-01s  avg 1.096e-01s  min 1.059e-01s  dev 3.653e-03s
DFFT fdfft  max 1.602e-02s  avg 1.502e-02s  min 1.403e-02s  dev 9.904e-04s
FORWARD     max 1.377e-01s  avg 1.377e-01s  min 1.376e-01s  dev 5.616e-05s

k-space:
real in [1.000000e+00,1.000000e+00] = [3ff0000000000000,3ff0000000000000]
imag in [0.000000e+00,0.000000e+00] = [0,0]

DFFT  b1dz  max 5.945e-03s  avg 5.542e-03s  min 5.139e-03s  dev 4.028e-04s
DFFT  bd23  max 9.481e-03s  avg 8.906e-03s  min 8.332e-03s  dev 5.749e-04s
DFFT  bd32  max 1.152e-02s  avg 1.049e-02s  min 9.460e-03s  dev 1.032e-03s
DFFT  b1dy  max 6.268e-03s  avg 5.772e-03s  min 5.276e-03s  dev 4.959e-04s
DFFT  bd23  max 1.359e-02s  avg 1.277e-02s  min 1.194e-02s  dev 8.247e-04s
DFFT  bd32  max 3.675e-02s  avg 3.249e-02s  min 2.823e-02s  dev 4.260e-03s
DFFT  b1dx  max 5.789e-03s  avg 5.555e-03s  min 5.322e-03s  dev 2.335e-04s
DFFT  bd23  max 3.422e-02s  avg 3.155e-02s  min 2.889e-02s  dev 2.665e-03s
DFFT bdist  max 1.007e-01s  avg 9.621e-02s  min 9.171e-02s  dev 4.494e-03s
DFFT bdfft  max 1.800e-02s  avg 1.687e-02s  min 1.574e-02s  dev 1.132e-03s
BACKWARD    max 1.259e-01s  avg 1.259e-01s  min 1.258e-01s  dev 3.206e-05s

r-space:
a[0,0,0] = (2097152.000000,0.000000) = (4140000000000000,0)
real in [0.000000e+00,0.000000e+00] = [0,0]
imag in [0.000000e+00,0.000000e+00] = [0,0]

[PI-INFO] Paramount Iteration,0,1,0.723739,0.272399

TESTING 1

[PI-INFO] Paramount Iteration,1,1,0.715885,0.272361
DFFT  fd32  max 3.428e-02s  avg 3.080e-02s  min 2.732e-02s  dev 3.477e-03s
DFFT  f1dx  max 5.454e-03s  avg 4.995e-03s  min 4.536e-03s  dev 4.586e-04s
DFFT  fd23  max 3.379e-02s  avg 3.062e-02s  min 2.745e-02s  dev 3.173e-03s
DFFT  fd32  max 1.205e-02s  avg 1.042e-02s  min 8.788e-03s  dev 1.629e-03s
DFFT  f1dy  max 6.705e-03s  avg 5.696e-03s  min 4.686e-03s  dev 1.010e-03s
DFFT  fd23  max 1.355e-02s  avg 1.264e-02s  min 1.173e-02s  dev 9.120e-04s
DFFT  fd32  max 9.421e-03s  avg 8.552e-03s  min 7.684e-03s  dev 8.683e-04s
DFFT  f1dz  max 5.257e-03s  avg 5.021e-03s  min 4.786e-03s  dev 2.358e-04s
DFFT fdist  max 9.627e-02s  avg 9.303e-02s  min 8.979e-02s  dev 3.242e-03s
DFFT fdfft  max 1.742e-02s  avg 1.571e-02s  min 1.401e-02s  dev 1.704e-03s
FORWARD     max 1.230e-01s  avg 1.227e-01s  min 1.224e-01s  dev 2.947e-04s

k-space:
real in [1.000000e+00,1.000000e+00] = [3ff0000000000000,3ff0000000000000]
imag in [0.000000e+00,0.000000e+00] = [0,0]

DFFT  b1dz  max 5.701e-03s  avg 5.473e-03s  min 5.244e-03s  dev 2.289e-04s
DFFT  bd23  max 9.619e-03s  avg 8.891e-03s  min 8.164e-03s  dev 7.277e-04s
DFFT  bd32  max 1.148e-02s  avg 1.059e-02s  min 9.706e-03s  dev 8.870e-04s
DFFT  b1dy  max 6.284e-03s  avg 5.762e-03s  min 5.241e-03s  dev 5.216e-04s
DFFT  bd23  max 1.331e-02s  avg 1.270e-02s  min 1.208e-02s  dev 6.124e-04s
DFFT  bd32  max 3.620e-02s  avg 3.186e-02s  min 2.752e-02s  dev 4.341e-03s
DFFT  b1dx  max 6.078e-03s  avg 5.718e-03s  min 5.358e-03s  dev 3.601e-04s
DFFT  bd23  max 3.381e-02s  avg 3.078e-02s  min 2.775e-02s  dev 3.031e-03s
DFFT bdist  max 9.997e-02s  avg 9.483e-02s  min 8.968e-02s  dev 5.144e-03s
DFFT bdfft  max 1.806e-02s  avg 1.695e-02s  min 1.584e-02s  dev 1.111e-03s
BACKWARD    max 1.248e-01s  avg 1.247e-01s  min 1.247e-01s  dev 3.755e-05s

r-space:
a[0,0,0] = (2097152.000000,0.000000) = (4140000000000000,0)
real in [0.000000e+00,0.000000e+00] = [0,0]
imag in [0.000000e+00,0.000000e+00] = [0,0]

[PI-INFO] Paramount Iteration,0,2,0.979646,0.255907

TESTING 2

[PI-INFO] Paramount Iteration,1,2,0.971794,0.255909
DFFT  fd32  max 3.520e-02s  avg 3.117e-02s  min 2.714e-02s  dev 4.033e-03s
DFFT  f1dx  max 5.388e-03s  avg 5.015e-03s  min 4.642e-03s  dev 3.728e-04s
DFFT  fd23  max 3.406e-02s  avg 3.091e-02s  min 2.777e-02s  dev 3.144e-03s
DFFT  fd32  max 1.128e-02s  avg 1.009e-02s  min 8.894e-03s  dev 1.194e-03s
DFFT  f1dy  max 5.411e-03s  avg 5.161e-03s  min 4.912e-03s  dev 2.497e-04s
DFFT  fd23  max 1.341e-02s  avg 1.272e-02s  min 1.204e-02s  dev 6.845e-04s
DFFT  fd32  max 1.006e-02s  avg 8.985e-03s  min 7.913e-03s  dev 1.072e-03s
DFFT  f1dz  max 5.358e-03s  avg 5.111e-03s  min 4.863e-03s  dev 2.476e-04s
DFFT fdist  max 9.810e-02s  avg 9.387e-02s  min 8.965e-02s  dev 4.228e-03s
DFFT fdfft  max 1.616e-02s  avg 1.529e-02s  min 1.442e-02s  dev 8.701e-04s
FORWARD     max 1.226e-01s  avg 1.223e-01s  min 1.221e-01s  dev 2.774e-04s

k-space:
real in [1.000000e+00,1.000000e+00] = [3ff0000000000000,3ff0000000000000]
imag in [0.000000e+00,0.000000e+00] = [0,0]

DFFT  b1dz  max 5.941e-03s  avg 5.702e-03s  min 5.464e-03s  dev 2.384e-04s
DFFT  bd23  max 9.787e-03s  avg 9.093e-03s  min 8.399e-03s  dev 6.942e-04s
DFFT  bd32  max 1.120e-02s  avg 1.049e-02s  min 9.785e-03s  dev 7.068e-04s
DFFT  b1dy  max 6.409e-03s  avg 5.781e-03s  min 5.152e-03s  dev 6.285e-04s
DFFT  bd23  max 1.361e-02s  avg 1.284e-02s  min 1.207e-02s  dev 7.671e-04s
DFFT  bd32  max 3.671e-02s  avg 3.273e-02s  min 2.874e-02s  dev 3.984e-03s
DFFT  b1dx  max 5.880e-03s  avg 5.644e-03s  min 5.408e-03s  dev 2.361e-04s
DFFT  bd23  max 3.369e-02s  avg 3.077e-02s  min 2.785e-02s  dev 2.920e-03s
DFFT bdist  max 1.007e-01s  avg 9.592e-02s  min 9.118e-02s  dev 4.736e-03s
DFFT bdfft  max 1.823e-02s  avg 1.713e-02s  min 1.602e-02s  dev 1.103e-03s
BACKWARD    max 1.255e-01s  avg 1.255e-01s  min 1.255e-01s  dev 3.177e-05s

r-space:
a[0,0,0] = (2097152.000000,0.000000) = (4140000000000000,0)
real in [0.000000e+00,0.000000e+00] = [0,0]
imag in [0.000000e+00,0.000000e+00] = [0,0]

[PI-INFO] Paramount Iteration,0,3,1.235936,0.256290

TESTING 3

[PI-INFO] Paramount Iteration,1,3,1.228085,0.256291
DFFT  fd32  max 3.525e-02s  avg 3.124e-02s  min 2.722e-02s  dev 4.013e-03s
DFFT  f1dx  max 5.382e-03s  avg 5.009e-03s  min 4.636e-03s  dev 3.734e-04s
DFFT  fd23  max 3.375e-02s  avg 3.066e-02s  min 2.757e-02s  dev 3.093e-03s
DFFT  fd32  max 1.139e-02s  avg 1.021e-02s  min 9.024e-03s  dev 1.184e-03s
DFFT  f1dy  max 5.397e-03s  avg 5.075e-03s  min 4.754e-03s  dev 3.213e-04s
DFFT  fd23  max 1.354e-02s  avg 1.275e-02s  min 1.196e-02s  dev 7.906e-04s
DFFT  fd32  max 9.385e-03s  avg 8.683e-03s  min 7.982e-03s  dev 7.016e-04s
DFFT  f1dz  max 5.251e-03s  avg 5.051e-03s  min 4.851e-03s  dev 2.001e-04s
DFFT fdist  max 9.797e-02s  avg 9.354e-02s  min 8.911e-02s  dev 4.429e-03s
DFFT fdfft  max 1.603e-02s  avg 1.513e-02s  min 1.424e-02s  dev 8.948e-04s
FORWARD     max 1.217e-01s  avg 1.215e-01s  min 1.213e-01s  dev 2.329e-04s

k-space:
real in [1.000000e+00,1.000000e+00] = [3ff0000000000000,3ff0000000000000]
imag in [0.000000e+00,0.000000e+00] = [0,0]

DFFT  b1dz  max 5.706e-03s  avg 5.473e-03s  min 5.239e-03s  dev 2.331e-04s
DFFT  bd23  max 9.554e-03s  avg 8.954e-03s  min 8.355e-03s  dev 5.994e-04s
DFFT  bd32  max 1.121e-02s  avg 1.053e-02s  min 9.845e-03s  dev 6.821e-04s
DFFT  b1dy  max 6.277e-03s  avg 5.787e-03s  min 5.297e-03s  dev 4.903e-04s
DFFT  bd23  max 1.338e-02s  avg 1.275e-02s  min 1.212e-02s  dev 6.329e-04s
DFFT  bd32  max 3.609e-02s  avg 3.208e-02s  min 2.806e-02s  dev 4.018e-03s
DFFT  b1dx  max 6.206e-03s  avg 5.752e-03s  min 5.298e-03s  dev 4.543e-04s
DFFT  bd23  max 3.432e-02s  avg 3.115e-02s  min 2.798e-02s  dev 3.167e-03s
DFFT bdist  max 1.007e-01s  avg 9.546e-02s  min 9.019e-02s  dev 5.271e-03s
DFFT bdfft  max 1.819e-02s  avg 1.701e-02s  min 1.583e-02s  dev 1.178e-03s
BACKWARD    max 1.250e-01s  avg 1.250e-01s  min 1.249e-01s  dev 3.257e-05s

r-space:
a[0,0,0] = (2097152.000000,0.000000) = (4140000000000000,0)
real in [0.000000e+00,0.000000e+00] = [0,0]
imag in [0.000000e+00,0.000000e+00] = [0,0]

[PI-INFO] Paramount Iteration,0,4,1.490877,0.254941

TESTING 4

[PI-INFO] Paramount Iteration,1,4,1.483028,0.254943
DFFT  fd32  max 3.569e-02s  avg 3.144e-02s  min 2.718e-02s  dev 4.252e-03s
DFFT  f1dx  max 5.361e-03s  avg 4.958e-03s  min 4.556e-03s  dev 4.025e-04s
DFFT  fd23  max 3.332e-02s  avg 3.014e-02s  min 2.697e-02s  dev 3.176e-03s
DFFT  fd32  max 1.111e-02s  avg 9.916e-03s  min 8.727e-03s  dev 1.190e-03s
DFFT  f1dy  max 5.333e-03s  avg 5.042e-03s  min 4.751e-03s  dev 2.911e-04s
DFFT  fd23  max 1.334e-02s  avg 1.253e-02s  min 1.172e-02s  dev 8.126e-04s
DFFT  fd32  max 9.246e-03s  avg 8.528e-03s  min 7.810e-03s  dev 7.179e-04s
DFFT  f1dz  max 5.261e-03s  avg 5.074e-03s  min 4.887e-03s  dev 1.874e-04s
DFFT fdist  max 9.726e-02s  avg 9.255e-02s  min 8.784e-02s  dev 4.708e-03s
DFFT fdfft  max 1.596e-02s  avg 1.507e-02s  min 1.419e-02s  dev 8.810e-04s
FORWARD     max 1.210e-01s  avg 1.208e-01s  min 1.206e-01s  dev 2.104e-04s

k-space:
real in [1.000000e+00,1.000000e+00] = [3ff0000000000000,3ff0000000000000]
imag in [0.000000e+00,0.000000e+00] = [0,0]

DFFT  b1dz  max 6.121e-03s  avg 5.663e-03s  min 5.206e-03s  dev 4.572e-04s
DFFT  bd23  max 9.392e-03s  avg 8.842e-03s  min 8.291e-03s  dev 5.506e-04s
DFFT  bd32  max 1.116e-02s  avg 1.039e-02s  min 9.624e-03s  dev 7.693e-04s
DFFT  b1dy  max 6.110e-03s  avg 5.683e-03s  min 5.256e-03s  dev 4.266e-04s
DFFT  bd23  max 1.333e-02s  avg 1.261e-02s  min 1.189e-02s  dev 7.201e-04s
DFFT  bd32  max 3.626e-02s  avg 3.217e-02s  min 2.808e-02s  dev 4.089e-03s
DFFT  b1dx  max 5.985e-03s  avg 5.676e-03s  min 5.368e-03s  dev 3.081e-04s
DFFT  bd23  max 3.335e-02s  avg 3.047e-02s  min 2.759e-02s  dev 2.880e-03s
DFFT bdist  max 9.941e-02s  avg 9.448e-02s  min 8.956e-02s  dev 4.929e-03s
DFFT bdfft  max 1.821e-02s  avg 1.702e-02s  min 1.583e-02s  dev 1.192e-03s
BACKWARD    max 1.240e-01s  avg 1.240e-01s  min 1.240e-01s  dev 2.833e-05s

r-space:
a[0,0,0] = (2097152.000000,0.000000) = (4140000000000000,0)
real in [0.000000e+00,0.000000e+00] = [0,0]
imag in [0.000000e+00,0.000000e+00] = [0,0]

[PI-INFO] Paramount Iteration,0,5,1.744048,0.253171

TESTING 5

[PI-INFO] Paramount Iteration,1,5,1.736206,0.253178
DFFT  fd32  max 3.532e-02s  avg 3.114e-02s  min 2.696e-02s  dev 4.180e-03s
DFFT  f1dx  max 5.272e-03s  avg 4.879e-03s  min 4.485e-03s  dev 3.934e-04s
DFFT  fd23  max 3.286e-02s  avg 2.983e-02s  min 2.680e-02s  dev 3.030e-03s
DFFT  fd32  max 1.120e-02s  avg 1.007e-02s  min 8.933e-03s  dev 1.135e-03s
DFFT  f1dy  max 5.320e-03s  avg 5.054e-03s  min 4.788e-03s  dev 2.657e-04s
DFFT  fd23  max 1.340e-02s  avg 1.270e-02s  min 1.200e-02s  dev 6.992e-04s
DFFT  fd32  max 9.274e-03s  avg 8.639e-03s  min 8.004e-03s  dev 6.354e-04s
DFFT  f1dz  max 5.265e-03s  avg 5.051e-03s  min 4.837e-03s  dev 2.140e-04s
DFFT fdist  max 9.712e-02s  avg 9.238e-02s  min 8.764e-02s  dev 4.740e-03s
DFFT fdfft  max 1.586e-02s  avg 1.498e-02s  min 1.411e-02s  dev 8.731e-04s
FORWARD     max 1.203e-01s  avg 1.201e-01s  min 1.198e-01s  dev 2.483e-04s

k-space:
real in [1.000000e+00,1.000000e+00] = [3ff0000000000000,3ff0000000000000]
imag in [0.000000e+00,0.000000e+00] = [0,0]

DFFT  b1dz  max 5.682e-03s  avg 5.463e-03s  min 5.245e-03s  dev 2.183e-04s
DFFT  bd23  max 9.375e-03s  avg 8.889e-03s  min 8.402e-03s  dev 4.868e-04s
DFFT  bd32  max 1.115e-02s  avg 1.046e-02s  min 9.779e-03s  dev 6.846e-04s
DFFT  b1dy  max 6.351e-03s  avg 5.800e-03s  min 5.248e-03s  dev 5.515e-04s
DFFT  bd23  max 1.333e-02s  avg 1.267e-02s  min 1.201e-02s  dev 6.604e-04s
DFFT  bd32  max 3.598e-02s  avg 3.194e-02s  min 2.790e-02s  dev 4.043e-03s
DFFT  b1dx  max 5.885e-03s  avg 5.581e-03s  min 5.277e-03s  dev 3.042e-04s
DFFT  bd23  max 3.479e-02s  avg 3.158e-02s  min 2.836e-02s  dev 3.217e-03s
DFFT bdist  max 1.010e-01s  avg 9.554e-02s  min 9.011e-02s  dev 5.428e-03s
DFFT bdfft  max 1.792e-02s  avg 1.684e-02s  min 1.577e-02s  dev 1.074e-03s
BACKWARD    max 1.248e-01s  avg 1.248e-01s  min 1.247e-01s  dev 3.528e-05s

r-space:
a[0,0,0] = (2097152.000000,0.000000) = (4140000000000000,0)
real in [0.000000e+00,0.000000e+00] = [0,0]
imag in [0.000000e+00,0.000000e+00] = [0,0]

[PI-INFO] Paramount Iteration,0,6,1.997525,0.253477

TESTING 6

[PI-INFO] Paramount Iteration,1,6,1.989674,0.253468
DFFT  fd32  max 3.640e-02s  avg 3.192e-02s  min 2.744e-02s  dev 4.482e-03s
DFFT  f1dx  max 5.332e-03s  avg 4.960e-03s  min 4.589e-03s  dev 3.715e-04s
DFFT  fd23  max 3.291e-02s  avg 2.988e-02s  min 2.686e-02s  dev 3.027e-03s
DFFT  fd32  max 1.130e-02s  avg 9.891e-03s  min 8.487e-03s  dev 1.404e-03s
DFFT  f1dy  max 5.323e-03s  avg 5.041e-03s  min 4.758e-03s  dev 2.825e-04s
DFFT  fd23  max 1.325e-02s  avg 1.251e-02s  min 1.177e-02s  dev 7.417e-04s
DFFT  fd32  max 9.355e-03s  avg 8.469e-03s  min 7.582e-03s  dev 8.864e-04s
DFFT  f1dz  max 5.193e-03s  avg 5.003e-03s  min 4.814e-03s  dev 1.893e-04s
DFFT fdist  max 9.714e-02s  avg 9.267e-02s  min 8.819e-02s  dev 4.476e-03s
DFFT fdfft  max 1.585e-02s  avg 1.500e-02s  min 1.416e-02s  dev 8.433e-04s
FORWARD     max 1.214e-01s  avg 1.211e-01s  min 1.208e-01s  dev 2.744e-04s

k-space:
real in [1.000000e+00,1.000000e+00] = [3ff0000000000000,3ff0000000000000]
imag in [0.000000e+00,0.000000e+00] = [0,0]

DFFT  b1dz  max 5.714e-03s  avg 5.407e-03s  min 5.099e-03s  dev 3.071e-04s
DFFT  bd23  max 9.271e-03s  avg 8.727e-03s  min 8.184e-03s  dev 5.438e-04s
DFFT  bd32  max 1.134e-02s  avg 1.043e-02s  min 9.515e-03s  dev 9.143e-04s
DFFT  b1dy  max 6.113e-03s  avg 5.717e-03s  min 5.320e-03s  dev 3.962e-04s
DFFT  bd23  max 1.333e-02s  avg 1.257e-02s  min 1.180e-02s  dev 7.676e-04s
DFFT  bd32  max 3.627e-02s  avg 3.228e-02s  min 2.829e-02s  dev 3.989e-03s
DFFT  b1dx  max 5.676e-03s  avg 5.512e-03s  min 5.349e-03s  dev 1.635e-04s
DFFT  bd23  max 3.561e-02s  avg 3.281e-02s  min 3.000e-02s  dev 2.802e-03s
DFFT bdist  max 1.014e-01s  avg 9.681e-02s  min 9.224e-02s  dev 4.566e-03s
DFFT bdfft  max 1.750e-02s  avg 1.664e-02s  min 1.577e-02s  dev 8.668e-04s
BACKWARD    max 1.256e-01s  avg 1.255e-01s  min 1.255e-01s  dev 4.033e-05s

r-space:
a[0,0,0] = (2097152.000000,0.000000) = (4140000000000000,0)
real in [0.000000e+00,0.000000e+00] = [0,0]
imag in [0.000000e+00,0.000000e+00] = [0,0]

[PI-INFO] Paramount Iteration,0,7,2.252549,0.255024

TESTING 7

[PI-INFO] Paramount Iteration,1,7,2.244729,0.255055
DFFT  fd32  max 3.355e-02s  avg 2.996e-02s  min 2.638e-02s  dev 3.589e-03s
DFFT  f1dx  max 5.371e-03s  avg 4.910e-03s  min 4.449e-03s  dev 4.611e-04s
DFFT  fd23  max 3.304e-02s  avg 3.004e-02s  min 2.705e-02s  dev 2.993e-03s
DFFT  fd32  max 1.084e-02s  avg 9.734e-03s  min 8.626e-03s  dev 1.108e-03s
DFFT  f1dy  max 5.225e-03s  avg 4.970e-03s  min 4.714e-03s  dev 2.558e-04s
DFFT  fd23  max 1.290e-02s  avg 1.228e-02s  min 1.166e-02s  dev 6.216e-04s
DFFT  fd32  max 9.193e-03s  avg 8.412e-03s  min 7.631e-03s  dev 7.812e-04s
DFFT  f1dz  max 5.266e-03s  avg 5.026e-03s  min 4.785e-03s  dev 2.405e-04s
DFFT fdist  max 9.450e-02s  avg 9.043e-02s  min 8.636e-02s  dev 4.071e-03s
DFFT fdfft  max 1.586e-02s  avg 1.491e-02s  min 1.395e-02s  dev 9.574e-04s
FORWARD     max 1.177e-01s  avg 1.175e-01s  min 1.172e-01s  dev 2.429e-04s

k-space:
real in [1.000000e+00,1.000000e+00] = [3ff0000000000000,3ff0000000000000]
imag in [0.000000e+00,0.000000e+00] = [0,0]

DFFT  b1dz  max 5.725e-03s  avg 5.470e-03s  min 5.216e-03s  dev 2.545e-04s
DFFT  bd23  max 9.544e-03s  avg 8.896e-03s  min 8.248e-03s  dev 6.481e-04s
DFFT  bd32  max 1.154e-02s  avg 1.064e-02s  min 9.742e-03s  dev 8.995e-04s
DFFT  b1dy  max 6.271e-03s  avg 5.777e-03s  min 5.283e-03s  dev 4.942e-04s
DFFT  bd23  max 1.366e-02s  avg 1.290e-02s  min 1.213e-02s  dev 7.665e-04s
DFFT  bd32  max 3.714e-02s  avg 3.261e-02s  min 2.809e-02s  dev 4.524e-03s
DFFT  b1dx  max 6.086e-03s  avg 5.695e-03s  min 5.303e-03s  dev 3.917e-04s
DFFT  bd23  max 3.288e-02s  avg 2.995e-02s  min 2.702e-02s  dev 2.927e-03s
DFFT bdist  max 1.001e-01s  avg 9.500e-02s  min 8.986e-02s  dev 5.137e-03s
DFFT bdfft  max 1.808e-02s  avg 1.694e-02s  min 1.580e-02s  dev 1.140e-03s
BACKWARD    max 1.251e-01s  avg 1.251e-01s  min 1.250e-01s  dev 3.546e-05s

r-space:
a[0,0,0] = (2097152.000000,0.000000) = (4140000000000000,0)
real in [0.000000e+00,0.000000e+00] = [0,0]
imag in [0.000000e+00,0.000000e+00] = [0,0]

[PI-INFO] Paramount Iteration,0,8,2.503469,0.250920

TESTING 8

[PI-INFO] Paramount Iteration,1,8,2.495617,0.250888
DFFT  fd32  max 3.508e-02s  avg 3.107e-02s  min 2.707e-02s  dev 4.005e-03s
DFFT  f1dx  max 5.270e-03s  avg 4.940e-03s  min 4.610e-03s  dev 3.303e-04s
DFFT  fd23  max 3.301e-02s  avg 2.981e-02s  min 2.661e-02s  dev 3.200e-03s
DFFT  fd32  max 1.147e-02s  avg 1.023e-02s  min 8.997e-03s  dev 1.237e-03s
DFFT  f1dy  max 5.272e-03s  avg 5.044e-03s  min 4.815e-03s  dev 2.284e-04s
DFFT  fd23  max 1.331e-02s  avg 1.265e-02s  min 1.198e-02s  dev 6.655e-04s
DFFT  fd32  max 9.212e-03s  avg 8.578e-03s  min 7.943e-03s  dev 6.341e-04s
DFFT  f1dz  max 5.188e-03s  avg 5.001e-03s  min 4.814e-03s  dev 1.867e-04s
DFFT fdist  max 9.702e-02s  avg 9.235e-02s  min 8.768e-02s  dev 4.668e-03s
DFFT fdfft  max 1.573e-02s  avg 1.498e-02s  min 1.424e-02s  dev 7.454e-04s
FORWARD     max 1.202e-01s  avg 1.200e-01s  min 1.197e-01s  dev 2.304e-04s

k-space:
real in [1.000000e+00,1.000000e+00] = [3ff0000000000000,3ff0000000000000]
imag in [0.000000e+00,0.000000e+00] = [0,0]

DFFT  b1dz  max 5.940e-03s  avg 5.586e-03s  min 5.231e-03s  dev 3.546e-04s
DFFT  bd23  max 9.459e-03s  avg 8.921e-03s  min 8.384e-03s  dev 5.372e-04s
DFFT  bd32  max 1.133e-02s  avg 1.060e-02s  min 9.877e-03s  dev 7.278e-04s
DFFT  b1dy  max 6.425e-03s  avg 5.823e-03s  min 5.221e-03s  dev 6.022e-04s
DFFT  bd23  max 1.325e-02s  avg 1.274e-02s  min 1.222e-02s  dev 5.142e-04s
DFFT  bd32  max 3.542e-02s  avg 3.137e-02s  min 2.732e-02s  dev 4.051e-03s
DFFT  b1dx  max 6.039e-03s  avg 5.641e-03s  min 5.243e-03s  dev 3.983e-04s
DFFT  bd23  max 3.268e-02s  avg 2.989e-02s  min 2.710e-02s  dev 2.793e-03s
DFFT bdist  max 9.859e-02s  avg 9.353e-02s  min 8.846e-02s  dev 5.065e-03s
DFFT bdfft  max 1.840e-02s  avg 1.705e-02s  min 1.569e-02s  dev 1.355e-03s
BACKWARD    max 1.228e-01s  avg 1.228e-01s  min 1.228e-01s  dev 2.902e-05s

r-space:
a[0,0,0] = (2097152.000000,0.000000) = (4140000000000000,0)
real in [0.000000e+00,0.000000e+00] = [0,0]
imag in [0.000000e+00,0.000000e+00] = [0,0]

[PI-INFO] Paramount Iteration,0,9,2.754646,0.251177

TESTING 9

[PI-INFO] Paramount Iteration,1,9,2.746803,0.251186
DFFT  fd32  max 3.493e-02s  avg 3.058e-02s  min 2.623e-02s  dev 4.350e-03s
DFFT  f1dx  max 5.343e-03s  avg 4.962e-03s  min 4.581e-03s  dev 3.809e-04s
DFFT  fd23  max 3.339e-02s  avg 3.045e-02s  min 2.750e-02s  dev 2.944e-03s
DFFT  fd32  max 1.117e-02s  avg 1.001e-02s  min 8.844e-03s  dev 1.162e-03s
DFFT  f1dy  max 5.313e-03s  avg 5.044e-03s  min 4.775e-03s  dev 2.687e-04s
DFFT  fd23  max 1.320e-02s  avg 1.254e-02s  min 1.188e-02s  dev 6.633e-04s
DFFT  fd32  max 9.421e-03s  avg 8.688e-03s  min 7.954e-03s  dev 7.335e-04s
DFFT  f1dz  max 5.230e-03s  avg 5.027e-03s  min 4.824e-03s  dev 2.034e-04s
DFFT fdist  max 9.700e-02s  avg 9.226e-02s  min 8.753e-02s  dev 4.734e-03s
DFFT fdfft  max 1.589e-02s  avg 1.503e-02s  min 1.418e-02s  dev 8.530e-04s
FORWARD     max 1.204e-01s  avg 1.201e-01s  min 1.199e-01s  dev 2.364e-04s

k-space:
real in [1.000000e+00,1.000000e+00] = [3ff0000000000000,3ff0000000000000]
imag in [0.000000e+00,0.000000e+00] = [0,0]

DFFT  b1dz  max 5.758e-03s  avg 5.422e-03s  min 5.086e-03s  dev 3.359e-04s
DFFT  bd23  max 9.369e-03s  avg 8.901e-03s  min 8.433e-03s  dev 4.677e-04s
DFFT  bd32  max 1.124e-02s  avg 1.051e-02s  min 9.775e-03s  dev 7.302e-04s
DFFT  b1dy  max 6.255e-03s  avg 5.775e-03s  min 5.296e-03s  dev 4.797e-04s
DFFT  bd23  max 1.336e-02s  avg 1.269e-02s  min 1.202e-02s  dev 6.700e-04s
DFFT  bd32  max 3.580e-02s  avg 3.195e-02s  min 2.810e-02s  dev 3.854e-03s
DFFT  b1dx  max 5.939e-03s  avg 5.599e-03s  min 5.259e-03s  dev 3.400e-04s
DFFT  bd23  max 3.415e-02s  avg 3.104e-02s  min 2.794e-02s  dev 3.105e-03s
DFFT bdist  max 1.002e-01s  avg 9.509e-02s  min 9.000e-02s  dev 5.091e-03s
DFFT bdfft  max 1.795e-02s  avg 1.680e-02s  min 1.564e-02s  dev 1.156e-03s
BACKWARD    max 1.241e-01s  avg 1.241e-01s  min 1.240e-01s  dev 3.443e-05s

r-space:
a[0,0,0] = (2097152.000000,0.000000) = (4140000000000000,0)
real in [0.000000e+00,0.000000e+00] = [0,0]
imag in [0.000000e+00,0.000000e+00] = [0,0]

[PI-INFO] Paramount Iteration,0,10,3.007147,0.252501

TESTING a

[PI-INFO] Paramount Iteration,1,10,2.999307,0.252504
DFFT  fd32  max 3.449e-02s  avg 3.062e-02s  min 2.675e-02s  dev 3.872e-03s
DFFT  f1dx  max 5.319e-03s  avg 4.953e-03s  min 4.586e-03s  dev 3.665e-04s
DFFT  fd23  max 3.323e-02s  avg 3.009e-02s  min 2.696e-02s  dev 3.134e-03s
DFFT  fd32  max 1.133e-02s  avg 1.026e-02s  min 9.186e-03s  dev 1.073e-03s
DFFT  f1dy  max 5.328e-03s  avg 5.088e-03s  min 4.847e-03s  dev 2.406e-04s
DFFT  fd23  max 1.327e-02s  avg 1.266e-02s  min 1.205e-02s  dev 6.065e-04s
DFFT  fd32  max 9.325e-03s  avg 8.693e-03s  min 8.061e-03s  dev 6.320e-04s
DFFT  f1dz  max 5.216e-03s  avg 5.010e-03s  min 4.803e-03s  dev 2.067e-04s
DFFT fdist  max 9.702e-02s  avg 9.233e-02s  min 8.763e-02s  dev 4.695e-03s
DFFT fdfft  max 1.586e-02s  avg 1.505e-02s  min 1.424e-02s  dev 8.138e-04s
FORWARD     max 1.199e-01s  avg 1.196e-01s  min 1.194e-01s  dev 2.434e-04s

k-space:
real in [1.000000e+00,1.000000e+00] = [3ff0000000000000,3ff0000000000000]
imag in [0.000000e+00,0.000000e+00] = [0,0]

DFFT  b1dz  max 5.850e-03s  avg 5.484e-03s  min 5.117e-03s  dev 3.666e-04s
DFFT  bd23  max 9.372e-03s  avg 8.898e-03s  min 8.423e-03s  dev 4.747e-04s
DFFT  bd32  max 1.132e-02s  avg 1.051e-02s  min 9.702e-03s  dev 8.063e-04s
DFFT  b1dy  max 6.330e-03s  avg 5.819e-03s  min 5.308e-03s  dev 5.110e-04s
DFFT  bd23  max 1.331e-02s  avg 1.266e-02s  min 1.201e-02s  dev 6.476e-04s
DFFT  bd32  max 3.589e-02s  avg 3.168e-02s  min 2.748e-02s  dev 4.205e-03s
DFFT  b1dx  max 5.997e-03s  avg 5.677e-03s  min 5.357e-03s  dev 3.202e-04s
DFFT  bd23  max 3.300e-02s  avg 3.008e-02s  min 2.716e-02s  dev 2.919e-03s
DFFT bdist  max 9.903e-02s  avg 9.383e-02s  min 8.864e-02s  dev 5.196e-03s
DFFT bdfft  max 1.818e-02s  avg 1.698e-02s  min 1.578e-02s  dev 1.198e-03s
BACKWARD    max 1.233e-01s  avg 1.233e-01s  min 1.232e-01s  dev 3.371e-05s

r-space:
a[0,0,0] = (2097152.000000,0.000000) = (4140000000000000,0)
real in [0.000000e+00,0.000000e+00] = [0,0]
imag in [0.000000e+00,0.000000e+00] = [0,0]

[PI-INFO] Paramount Iteration,0,11,3.258442,0.251295

TESTING b

[PI-INFO] Paramount Iteration,1,11,3.250608,0.251301
DFFT  fd32  max 3.461e-02s  avg 3.079e-02s  min 2.697e-02s  dev 3.819e-03s
DFFT  f1dx  max 5.379e-03s  avg 4.989e-03s  min 4.599e-03s  dev 3.899e-04s
DFFT  fd23  max 3.279e-02s  avg 2.970e-02s  min 2.661e-02s  dev 3.091e-03s
DFFT  fd32  max 1.120e-02s  avg 1.006e-02s  min 8.927e-03s  dev 1.138e-03s
DFFT  f1dy  max 5.262e-03s  avg 5.005e-03s  min 4.749e-03s  dev 2.568e-04s
DFFT  fd23  max 1.336e-02s  avg 1.265e-02s  min 1.194e-02s  dev 7.092e-04s
DFFT  fd32  max 1.036e-02s  avg 9.164e-03s  min 7.969e-03s  dev 1.195e-03s
DFFT  f1dz  max 5.146e-03s  avg 4.993e-03s  min 4.841e-03s  dev 1.522e-04s
DFFT fdist  max 9.624e-02s  avg 9.237e-02s  min 8.850e-02s  dev 3.868e-03s
DFFT fdfft  max 1.579e-02s  avg 1.499e-02s  min 1.419e-02s  dev 7.988e-04s
FORWARD     max 1.205e-01s  avg 1.202e-01s  min 1.200e-01s  dev 2.637e-04s

k-space:
real in [1.000000e+00,1.000000e+00] = [3ff0000000000000,3ff0000000000000]
imag in [0.000000e+00,0.000000e+00] = [0,0]

DFFT  b1dz  max 5.713e-03s  avg 5.475e-03s  min 5.236e-03s  dev 2.388e-04s
DFFT  bd23  max 9.429e-03s  avg 8.903e-03s  min 8.376e-03s  dev 5.266e-04s
DFFT  bd32  max 1.122e-02s  avg 1.053e-02s  min 9.842e-03s  dev 6.894e-04s
DFFT  b1dy  max 6.294e-03s  avg 5.765e-03s  min 5.236e-03s  dev 5.287e-04s
DFFT  bd23  max 1.345e-02s  avg 1.278e-02s  min 1.211e-02s  dev 6.713e-04s
DFFT  bd32  max 3.588e-02s  avg 3.205e-02s  min 2.822e-02s  dev 3.829e-03s
DFFT  b1dx  max 5.943e-03s  avg 5.710e-03s  min 5.476e-03s  dev 2.333e-04s
DFFT  bd23  max 3.484e-02s  avg 3.186e-02s  min 2.888e-02s  dev 2.981e-03s
DFFT bdist  max 1.011e-01s  avg 9.613e-02s  min 9.121e-02s  dev 4.923e-03s
DFFT bdfft  max 1.795e-02s  avg 1.695e-02s  min 1.595e-02s  dev 1.001e-03s
BACKWARD    max 1.250e-01s  avg 1.250e-01s  min 1.250e-01s  dev 3.221e-05s

r-space:
a[0,0,0] = (2097152.000000,0.000000) = (4140000000000000,0)
real in [0.000000e+00,0.000000e+00] = [0,0]
imag in [0.000000e+00,0.000000e+00] = [0,0]

[PI-INFO] Paramount Iteration,0,12,3.512058,0.253616

TESTING c

[PI-INFO] Paramount Iteration,1,12,3.504220,0.253612
DFFT  fd32  max 3.603e-02s  avg 3.178e-02s  min 2.753e-02s  dev 4.247e-03s
DFFT  f1dx  max 5.337e-03s  avg 4.971e-03s  min 4.604e-03s  dev 3.666e-04s
DFFT  fd23  max 3.281e-02s  avg 2.979e-02s  min 2.677e-02s  dev 3.016e-03s
DFFT  fd32  max 1.134e-02s  avg 1.008e-02s  min 8.816e-03s  dev 1.260e-03s
DFFT  f1dy  max 5.383e-03s  avg 5.081e-03s  min 4.780e-03s  dev 3.013e-04s
DFFT  fd23  max 1.338e-02s  avg 1.269e-02s  min 1.200e-02s  dev 6.889e-04s
DFFT  fd32  max 9.411e-03s  avg 8.762e-03s  min 8.113e-03s  dev 6.486e-04s
DFFT  f1dz  max 5.268e-03s  avg 5.092e-03s  min 4.917e-03s  dev 1.758e-04s
DFFT fdist  max 9.776e-02s  avg 9.310e-02s  min 8.843e-02s  dev 4.665e-03s
DFFT fdfft  max 1.599e-02s  avg 1.514e-02s  min 1.430e-02s  dev 8.437e-04s
FORWARD     max 1.213e-01s  avg 1.210e-01s  min 1.207e-01s  dev 2.890e-04s

k-space:
real in [1.000000e+00,1.000000e+00] = [3ff0000000000000,3ff0000000000000]
imag in [0.000000e+00,0.000000e+00] = [0,0]

DFFT  b1dz  max 6.084e-03s  avg 5.610e-03s  min 5.135e-03s  dev 4.742e-04s
DFFT  bd23  max 9.558e-03s  avg 8.950e-03s  min 8.343e-03s  dev 6.074e-04s
DFFT  bd32  max 1.139e-02s  avg 1.060e-02s  min 9.811e-03s  dev 7.879e-04s
DFFT  b1dy  max 6.383e-03s  avg 5.811e-03s  min 5.239e-03s  dev 5.720e-04s
DFFT  bd23  max 1.354e-02s  avg 1.284e-02s  min 1.214e-02s  dev 7.019e-04s
DFFT  bd32  max 3.672e-02s  avg 3.224e-02s  min 2.777e-02s  dev 4.472e-03s
DFFT  b1dx  max 6.248e-03s  avg 5.757e-03s  min 5.265e-03s  dev 4.915e-04s
DFFT  bd23  max 3.413e-02s  avg 3.139e-02s  min 2.864e-02s  dev 2.749e-03s
DFFT bdist  max 1.011e-01s  avg 9.602e-02s  min 9.090e-02s  dev 5.123e-03s
DFFT bdfft  max 1.871e-02s  avg 1.718e-02s  min 1.564e-02s  dev 1.538e-03s
BACKWARD    max 1.263e-01s  avg 1.263e-01s  min 1.262e-01s  dev 3.806e-05s

r-space:
a[0,0,0] = (2097152.000000,0.000000) = (4140000000000000,0)
real in [0.000000e+00,0.000000e+00] = [0,0]
imag in [0.000000e+00,0.000000e+00] = [0,0]

[PI-INFO] Paramount Iteration,0,13,3.767727,0.255669

TESTING d

[PI-INFO] Paramount Iteration,1,13,3.759894,0.255674
DFFT  fd32  max 3.486e-02s  avg 3.088e-02s  min 2.690e-02s  dev 3.980e-03s
DFFT  f1dx  max 5.363e-03s  avg 4.957e-03s  min 4.550e-03s  dev 4.065e-04s
DFFT  fd23  max 3.652e-02s  avg 3.329e-02s  min 3.007e-02s  dev 3.226e-03s
DFFT  fd32  max 1.152e-02s  avg 1.017e-02s  min 8.821e-03s  dev 1.350e-03s
DFFT  f1dy  max 5.362e-03s  avg 5.061e-03s  min 4.759e-03s  dev 3.015e-04s
DFFT  fd23  max 1.352e-02s  avg 1.270e-02s  min 1.188e-02s  dev 8.224e-04s
DFFT  fd32  max 9.641e-03s  avg 8.687e-03s  min 7.733e-03s  dev 9.539e-04s
DFFT  f1dz  max 5.324e-03s  avg 5.057e-03s  min 4.789e-03s  dev 2.677e-04s
DFFT fdist  max 9.981e-02s  avg 9.573e-02s  min 9.165e-02s  dev 4.079e-03s
DFFT fdfft  max 1.605e-02s  avg 1.507e-02s  min 1.410e-02s  dev 9.758e-04s
FORWARD     max 1.245e-01s  avg 1.243e-01s  min 1.240e-01s  dev 2.495e-04s

k-space:
real in [1.000000e+00,1.000000e+00] = [3ff0000000000000,3ff0000000000000]
imag in [0.000000e+00,0.000000e+00] = [0,0]

DFFT  b1dz  max 5.851e-03s  avg 5.529e-03s  min 5.206e-03s  dev 3.227e-04s
DFFT  bd23  max 9.403e-03s  avg 8.923e-03s  min 8.444e-03s  dev 4.796e-04s
DFFT  bd32  max 1.148e-02s  avg 1.072e-02s  min 9.969e-03s  dev 7.553e-04s
DFFT  b1dy  max 6.434e-03s  avg 5.841e-03s  min 5.248e-03s  dev 5.926e-04s
DFFT  bd23  max 1.342e-02s  avg 1.279e-02s  min 1.217e-02s  dev 6.250e-04s
DFFT  bd32  max 3.543e-02s  avg 3.150e-02s  min 2.756e-02s  dev 3.936e-03s
DFFT  b1dx  max 5.997e-03s  avg 5.707e-03s  min 5.418e-03s  dev 2.896e-04s
DFFT  bd23  max 3.363e-02s  avg 3.047e-02s  min 2.731e-02s  dev 3.156e-03s
DFFT bdist  max 9.964e-02s  avg 9.441e-02s  min 8.918e-02s  dev 5.232e-03s
DFFT bdfft  max 1.828e-02s  avg 1.708e-02s  min 1.587e-02s  dev 1.205e-03s
BACKWARD    max 1.239e-01s  avg 1.238e-01s  min 1.238e-01s  dev 3.096e-05s

r-space:
a[0,0,0] = (2097152.000000,0.000000) = (4140000000000000,0)
real in [0.000000e+00,0.000000e+00] = [0,0]
imag in [0.000000e+00,0.000000e+00] = [0,0]

[PI-INFO] Paramount Iteration,0,14,4.024196,0.256469

TESTING e

[PI-INFO] Paramount Iteration,1,14,4.016362,0.256468
DFFT  fd32  max 3.531e-02s  avg 3.113e-02s  min 2.695e-02s  dev 4.182e-03s
DFFT  f1dx  max 5.408e-03s  avg 4.965e-03s  min 4.522e-03s  dev 4.429e-04s
DFFT  fd23  max 3.347e-02s  avg 3.065e-02s  min 2.782e-02s  dev 2.828e-03s
DFFT  fd32  max 1.145e-02s  avg 1.003e-02s  min 8.613e-03s  dev 1.421e-03s
DFFT  f1dy  max 5.300e-03s  avg 5.073e-03s  min 4.847e-03s  dev 2.261e-04s
DFFT  fd23  max 1.346e-02s  avg 1.272e-02s  min 1.197e-02s  dev 7.477e-04s
DFFT  fd32  max 9.535e-03s  avg 8.752e-03s  min 7.970e-03s  dev 7.823e-04s
DFFT  f1dz  max 5.277e-03s  avg 5.098e-03s  min 4.920e-03s  dev 1.788e-04s
DFFT fdist  max 9.734e-02s  avg 9.328e-02s  min 8.922e-02s  dev 4.059e-03s
DFFT fdfft  max 1.598e-02s  avg 1.514e-02s  min 1.429e-02s  dev 8.478e-04s
FORWARD     max 1.217e-01s  avg 1.214e-01s  min 1.211e-01s  dev 3.033e-04s

k-space:
real in [1.000000e+00,1.000000e+00] = [3ff0000000000000,3ff0000000000000]
imag in [0.000000e+00,0.000000e+00] = [0,0]

DFFT  b1dz  max 6.196e-03s  avg 5.761e-03s  min 5.327e-03s  dev 4.343e-04s
DFFT  bd23  max 9.479e-03s  avg 8.904e-03s  min 8.330e-03s  dev 5.747e-04s
DFFT  bd32  max 1.129e-02s  avg 1.052e-02s  min 9.750e-03s  dev 7.693e-04s
DFFT  b1dy  max 6.274e-03s  avg 5.820e-03s  min 5.366e-03s  dev 4.537e-04s
DFFT  bd23  max 1.348e-02s  avg 1.263e-02s  min 1.179e-02s  dev 8.438e-04s
DFFT  bd32  max 3.656e-02s  avg 3.201e-02s  min 2.745e-02s  dev 4.554e-03s
DFFT  b1dx  max 5.972e-03s  avg 5.626e-03s  min 5.280e-03s  dev 3.463e-04s
DFFT  bd23  max 3.394e-02s  avg 3.117e-02s  min 2.840e-02s  dev 2.771e-03s
DFFT bdist  max 1.004e-01s  avg 9.523e-02s  min 9.009e-02s  dev 5.138e-03s
DFFT bdfft  max 1.844e-02s  avg 1.721e-02s  min 1.597e-02s  dev 1.234e-03s
BACKWARD    max 1.254e-01s  avg 1.254e-01s  min 1.253e-01s  dev 3.764e-05s

r-space:
a[0,0,0] = (2097152.000000,0.000000) = (4140000000000000,0)
real in [0.000000e+00,0.000000e+00] = [0,0]
imag in [0.000000e+00,0.000000e+00] = [0,0]

[PI-INFO] Paramount Iteration,0,15,4.279367,0.255171
[PI-INFO] PI avg,0,0.255202,15
[PI-INFO] Beta,0,0.000002
[PI-INFO] Total time,4.279376
[PI-INFO] Paramount Iteration,1,15,4.271537,0.255175
[PI-INFO] PI avg,1,0.255201,15
[PI-INFO] Beta,1,0.000006
[ip-172-31-10-197:17887] 1 more process has sent help message help-mpi-btl-base.txt / btl:no-nics
[ip-172-31-10-197:17887] Set MCA parameter "orte_base_help_aggregate" to 0 to see all help / error messages
--------------------------------------------------------------------------
mpirun has exited due to process rank 0 with PID 0 on
node ip-172-31-10-197 exiting improperly. There are three reasons this could occur:

1. this process did not call "init" before exiting, but others in
the job did. This can cause a job to hang indefinitely while it waits
for all processes to call "init". By rule, if one process calls "init",
then ALL processes must call "init" prior to termination.

2. this process called "init", but exited without calling "finalize".
By rule, all processes that call "init" MUST call "finalize" prior to
exiting or it will be considered an "abnormal termination"

3. this process called "MPI_Abort" or "orte_abort" and the mca parameter
orte_create_session_dirs is set to false. In this case, the run-time cannot
detect that the abort call was an abnormal termination. Hence, the only
error message you will receive is this one.

This may have caused other processes in the application to be
terminated by signals sent by mpirun (as reported here).

You can avoid this message by specifying -quiet on the mpirun command line.
--------------------------------------------------------------------------
Command exited with non-zero status 1
	Command being timed: "mpirun --hostfile /home/ubuntu/PI-Bench/ECP-Proxy-Apps/hostfile -n 2 ./build/TestDfft 1000 128"
	User time (seconds): 3.65
	System time (seconds): 0.58
	Percent of CPU this job got: 61%
	Elapsed (wall clock) time (h:mm:ss or m:ss): 0:06.90
	Average shared text size (kbytes): 0
	Average unshared data size (kbytes): 0
	Average stack size (kbytes): 0
	Average total size (kbytes): 0
	Maximum resident set size (kbytes): 81340
	Average resident set size (kbytes): 0
	Major (requiring I/O) page faults: 4
	Minor (reclaiming a frame) page faults: 21340
	Voluntary context switches: 1239
	Involuntary context switches: 87
	Swaps: 0
	File system inputs: 0
	File system outputs: 16488
	Socket messages sent: 0
	Socket messages received: 0
	Signals delivered: 0
	Page size (bytes): 4096
	Exit status: 1
