--------------------------------------------------------------------------
[[26859,1],0]: A high-performance Open MPI point-to-point messaging module
was unable to find any relevant network interfaces:

Module: OpenFabrics (openib)
  Host: ip-172-31-10-197

Another transport will be used instead, although this may result in
lower performance.

NOTE: You can disable this warning by setting the MCA parameter
btl_base_warn_component_unused to 0.
--------------------------------------------------------------------------
Average time to generate 100 random numbers using LCG (in s): 5.207e-06

-------------------------------------------------------
Graph edge distribution characteristics
-------------------------------------------------------
Number of vertices: 100
Number of edges: 502
Maximum number of edges: 251
Average number of edges: 251
Expected value of X^2: 63001
Variance: 0
Standard deviation: 0
-------------------------------------------------------
Time to generate distributed graph of 100 vertices (in s): 0.000733637
[PI-INFO] Init time,0,0.121718
[PI-INFO] Init time,1,0.114015
[PI-INFO] Paramount Iteration,0,1,0.122098,0.000380
[PI-INFO] Paramount Iteration,1,1,0.114396,0.000381
[PI-INFO] Paramount Iteration,0,2,0.122441,0.000343
[PI-INFO] Paramount Iteration,1,2,0.114737,0.000341
[PI-INFO] Paramount Iteration,0,3,0.122747,0.000306
[PI-INFO] Paramount Iteration,1,3,0.115049,0.000312
[PI-INFO] Paramount Iteration,0,4,0.123077,0.000330
[PI-INFO] Paramount Iteration,1,4,0.115373,0.000324
[PI-INFO] Paramount Iteration,0,5,0.123391,0.000314
[PI-INFO] Paramount Iteration,1,5,0.115689,0.000316
[PI-INFO] Paramount Iteration,0,6,0.123702,0.000311
[PI-INFO] Paramount Iteration,1,6,0.116000,0.000311
[PI-INFO] Paramount Iteration,0,7,0.124024,0.000322
[PI-INFO] Paramount Iteration,1,7,0.116321,0.000321
-------------------------------------------------------
64-bit datatype
-------------------------------------------------------
Average total time (in s), #Processes: 0.00284088, 2
Modularity, #Iterations: 0.676029, 8
MODS (final modularity * average time): 0.00192052
-------------------------------------------------------
[PI-INFO] PI avg,0,0.000288,8
[PI-INFO] Beta,0,0.240178
[PI-INFO] Total time,0.124578
[PI-INFO] PI avg,1,0.000288,8
[PI-INFO] Beta,1,0.251008
[ip-172-31-10-197:18358] 1 more process has sent help message help-mpi-btl-base.txt / btl:no-nics
[ip-172-31-10-197:18358] Set MCA parameter "orte_base_help_aggregate" to 0 to see all help / error messages
	Command being timed: "mpirun --hostfile /home/ubuntu/PI-Bench/ECP-Proxy-Apps/hostfile -n 2 ./miniVite -n 100"
	User time (seconds): 0.03
	System time (seconds): 0.02
	Percent of CPU this job got: 8%
	Elapsed (wall clock) time (h:mm:ss or m:ss): 0:00.74
	Average shared text size (kbytes): 0
	Average unshared data size (kbytes): 0
	Average stack size (kbytes): 0
	Average total size (kbytes): 0
	Maximum resident set size (kbytes): 18828
	Average resident set size (kbytes): 0
	Major (requiring I/O) page faults: 4
	Minor (reclaiming a frame) page faults: 4780
	Voluntary context switches: 866
	Involuntary context switches: 55
	Swaps: 0
	File system inputs: 0
	File system outputs: 16416
	Socket messages sent: 0
	Socket messages received: 0
	Signals delivered: 0
	Page size (bytes): 4096
	Exit status: 0
