--------------------------------------------------------------------------
[[41557,1],1]: A high-performance Open MPI point-to-point messaging module
was unable to find any relevant network interfaces:

Module: OpenFabrics (openib)
  Host: ip-172-31-9-179

Another transport will be used instead, although this may result in
lower performance.

NOTE: You can disable this warning by setting the MCA parameter
btl_base_warn_component_unused to 0.
--------------------------------------------------------------------------
 _________________________________________________________________
 
  PICSAR
 _________________________________________________________________
 Cartesian topology
 Processor subdivision is                     4                    4                    2

 
 SIMULATION PARAMETERS:
 Dimension:                    2
 dx, dy, dz:   1.0050251256281407E-007   1.7976931348623157E+308   1.0050251256281407E-007
 dt:   3.3524029668155986E-016 s  0.33524029232045371      fs
 Coefficient on dt determined via the CFL (dtcoef):      0.70000
 Total time:   6.3352744810042019      plasma periods:   3.3859269964837547E-014 s
 Number of steps:                  101
 Tiles:                    1                    1                    1
 MPI com current:                    0
 Current deposition method:                    0
 Charge deposition algo:                    0
 Field gathering method:                    0
 Field gathering plus particle pusher seperated:                    0
 Current/field gathering order:                    2                    2                    2
 Particle communication: (partcom=1)
 Pusher: Boris algorithm (particle_pusher=0)
 MPI buffer size:                 2000
 
 Vector length current deposition                    8
 Vector length charge deposition                   64
 Vector length field gathering                  256
 
 PLASMA PROPERTIES:
 Distribution:                    1
 Density in the lab frame:   1.1000000000000000E+025 m^-3
 Density in the simulation frame:   1.1000000000000000E+025 m^-3
 Cold plasma frequency in the lab frame:   187106056556544.47      s^-1
 cold plasma wavelength:   1.0067293394853861E-005 m   10.067293394853861      um
 
 MPI domain decomposition
 Topology:                    0
 Local number of cells:   49     1    99
 Local number of grid point:   50     2   100
 Guard cells:    3     0     3
 
 Periodic field bcs X axis
 Periodic field bcs Y axis
 Periodic field bcs Z axis
 Particle sorting activated
 dx:   5.0251256281407036E-008
 dy:   8.9884656743115785E+307
 dz:   5.0251256281407036E-008
 shiftx:  -5.0251256281407036E-008
 shifty:  -8.9884656743115785E+307
 shiftz:  -5.0251256281407036E-008
 
 Number of species:                    2
 laser_antenna
 Charge:   1.0000000000000000     
 Drift velocity:   0.0000000000000000        0.0000000000000000        0.0000000000000000     
 Sorting period:                    0
 Sorting start:                    0
 
 laser_antenna
 Charge:  -1.0000000000000000     
 Drift velocity:   0.0000000000000000        0.0000000000000000        0.0000000000000000     
 Sorting period:                    0
 Sorting start:                    0
 
 Output of time statistics non-activated
 Computation of the time statistics starts at iteration:    0

 No particle dump ( 0)

 Set tile split: done
 Initialization of the tile arrays: done
 number of cells per laser wavelength   28.142849891224589     
 Laser Waist   2000000.0000000000      m
 Laser duration   1.0006922855944562E-014  (in s)
 Laser duration   29.850000000000001       (in dt)
 Laser peak    0.0000000000000000      dt
 Laser longitudinal length   3.0000000000000001E-006 m
 Laser temporal frequency w_laser   470912891827213.38      s^-1
 Laser temporal period   1.3342563807926080E-014 s
 Laser temporal period   39.799999999999997      dt
 Laser tau / laser period   0.75000000000000011     
 number of cells per laser wavelength   28.142849891224589     
 LASER EMAX   802675290077.20142        802675290077.20142        0.0000000000000000     
 Creation of the particles: done
 Total memory (GB) for grid arrays    4.3322496000000002E-002
 Total memory (GB) for grid tile arrays    9.2833919999999997E-003
 Total memory (GB) for particle tile arrays    4.0551424000000003E-002
 Total memory (GB)   9.3157312000000006E-002
 Avg memory (GB) /MPI process    2.9111660000000002E-003
[PI-INFO] Init time,15,0.154569
[PI-INFO] Init time,1,0.155764
[PI-INFO] Init time,9,0.155211
[PI-INFO] Init time,11,0.155050
[PI-INFO] Init time,23,0.154705
[PI-INFO] Init time,13,0.154549
[PI-INFO] Init time,31,0.155447
[PI-INFO] Init time,7,0.154621
[PI-INFO] Init time,8,0.155321
[PI-INFO] Init time,17,0.154478
[PI-INFO] Init time,5,0.154563
[PI-INFO] Init time,14,0.155165
[PI-INFO] Init time,6,0.155249
[PI-INFO] Init time,10,0.154494
[PI-INFO] Init time,2,0.155343
[PI-INFO] Init time,18,0.155153
[PI-INFO] Init time,12,0.155360
[PI-INFO] Init time,24,0.155152
[PI-INFO] Init time,4,0.154389
[PI-INFO] Init time,26,0.154199
[PI-INFO] Init time,27,0.154697
[PI-INFO] Init time,19,0.154397
[PI-INFO] Init time,3,0.154117
[PI-INFO] Init time,25,0.154499
[PI-INFO] Init time,21,0.154136
[PI-INFO] Init time,29,0.154312
[PI-INFO] Init time,22,0.154243
[PI-INFO] Init time,20,0.154411
[PI-INFO] Init time,30,0.154603
[PI-INFO] Init time,28,0.154384

  Initilization of the diags
[PI-INFO] Init time,16,0.154178
mkdir: cannot create directory ‘RESULTS’: File exists

 nsteps =                   101
[PI-INFO] Init time,0,0.145485
[PI-INFO] Paramount Iteration,27,1,0.160520,0.005823
[PI-INFO] Paramount Iteration,8,1,0.161054,0.005733
[PI-INFO] Paramount Iteration,9,1,0.161118,0.005907
[PI-INFO] Paramount Iteration,11,1,0.160936,0.005886
[PI-INFO] Paramount Iteration,24,1,0.160834,0.005682
[PI-INFO] Paramount Iteration,26,1,0.159940,0.005741
[PI-INFO] Paramount Iteration,25,1,0.160319,0.005820
[PI-INFO] Paramount Iteration,7,1,0.160626,0.006005
[PI-INFO] Paramount Iteration,15,1,0.160576,0.006007
[PI-INFO] Paramount Iteration,5,1,0.160512,0.005949
[PI-INFO] Paramount Iteration,14,1,0.161122,0.005957
[PI-INFO] Paramount Iteration,6,1,0.161204,0.005955
[PI-INFO] Paramount Iteration,10,1,0.160309,0.005815
[PI-INFO] Paramount Iteration,12,1,0.161254,0.005894
[PI-INFO] Paramount Iteration,23,1,0.160681,0.005976
[PI-INFO] Paramount Iteration,13,1,0.160522,0.005973
[PI-INFO] Paramount Iteration,4,1,0.160314,0.005925
[PI-INFO] Paramount Iteration,31,1,0.161394,0.005947
[PI-INFO] Paramount Iteration,21,1,0.160049,0.005913
[PI-INFO] Paramount Iteration,29,1,0.160227,0.005915
[PI-INFO] Paramount Iteration,22,1,0.160150,0.005907
[PI-INFO] Paramount Iteration,20,1,0.160296,0.005886
[PI-INFO] Paramount Iteration,30,1,0.160478,0.005875
[PI-INFO] Paramount Iteration,28,1,0.160197,0.005813
[PI-INFO] Paramount Iteration,9,2,0.165283,0.004165
[PI-INFO] Paramount Iteration,11,2,0.165130,0.004194
[PI-INFO] Paramount Iteration,24,2,0.165043,0.004209
[PI-INFO] Paramount Iteration,26,2,0.164145,0.004205
[PI-INFO] Paramount Iteration,27,2,0.164706,0.004186
[PI-INFO] Paramount Iteration,25,2,0.164509,0.004190
[PI-INFO] Paramount Iteration,8,2,0.165260,0.004206
[PI-INFO] Paramount Iteration,14,2,0.165331,0.004209
[PI-INFO] Paramount Iteration,10,2,0.164493,0.004184
[PI-INFO] Paramount Iteration,31,2,0.165624,0.004230
[PI-INFO] Paramount Iteration,29,2,0.164470,0.004243
[PI-INFO] Paramount Iteration,30,2,0.164699,0.004221
[PI-INFO] Paramount Iteration,28,2,0.164452,0.004255
[PI-INFO] Paramount Iteration,7,2,0.164925,0.004299
[PI-INFO] Paramount Iteration,15,2,0.164821,0.004245
[PI-INFO] Paramount Iteration,5,2,0.164846,0.004334
[PI-INFO] Paramount Iteration,6,2,0.165510,0.004306
[PI-INFO] Paramount Iteration,12,2,0.165520,0.004266
[PI-INFO] Paramount Iteration,23,2,0.164977,0.004296
[PI-INFO] Paramount Iteration,13,2,0.164786,0.004264
[PI-INFO] Paramount Iteration,21,2,0.164377,0.004328
[PI-INFO] Paramount Iteration,22,2,0.164457,0.004307
[PI-INFO] Paramount Iteration,20,2,0.164634,0.004338
[PI-INFO] Paramount Iteration,4,2,0.164644,0.004330
 it =                     1  || time =    3.3524029668155986E-016  || push/part (ns)=                   Infinity  || tot/part (ns)=                   Infinity
 Fields dump in    1.7200000002048910E-007  (s)
[PI-INFO] Paramount Iteration,0,1,0.151655,0.006172
[PI-INFO] Paramount Iteration,18,1,0.165825,0.010672
[PI-INFO] Paramount Iteration,1,1,0.166590,0.010826
[PI-INFO] Paramount Iteration,2,1,0.166077,0.010734
[PI-INFO] Paramount Iteration,17,1,0.165267,0.010789
[PI-INFO] Paramount Iteration,16,1,0.164770,0.010592
[PI-INFO] Paramount Iteration,19,1,0.165167,0.010770
[PI-INFO] Paramount Iteration,3,1,0.164897,0.010780
[PI-INFO] Paramount Iteration,24,3,0.169163,0.004120
[PI-INFO] Paramount Iteration,27,3,0.168875,0.004169
[PI-INFO] Paramount Iteration,25,3,0.168664,0.004155
[PI-INFO] Paramount Iteration,8,3,0.169385,0.004125
[PI-INFO] Paramount Iteration,9,3,0.169457,0.004174
[PI-INFO] Paramount Iteration,11,3,0.169292,0.004162
[PI-INFO] Paramount Iteration,26,3,0.168315,0.004170
[PI-INFO] Paramount Iteration,10,3,0.168704,0.004211
[PI-INFO] Paramount Iteration,6,3,0.169761,0.004251
[PI-INFO] Paramount Iteration,23,3,0.169230,0.004253
[PI-INFO] Paramount Iteration,7,3,0.169180,0.004255
[PI-INFO] Paramount Iteration,5,3,0.169114,0.004268
[PI-INFO] Paramount Iteration,4,3,0.168867,0.004223
[PI-INFO] Paramount Iteration,21,3,0.168639,0.004262
[PI-INFO] Paramount Iteration,22,3,0.168713,0.004256
[PI-INFO] Paramount Iteration,20,3,0.168853,0.004219
[PI-INFO] Paramount Iteration,15,3,0.169333,0.004512
[PI-INFO] Paramount Iteration,12,3,0.170029,0.004509
[PI-INFO] Paramount Iteration,13,3,0.169269,0.004483
[PI-INFO] Paramount Iteration,31,3,0.170126,0.004502
[PI-INFO] Paramount Iteration,29,3,0.168961,0.004491
[PI-INFO] Paramount Iteration,30,3,0.169252,0.004553
[PI-INFO] Paramount Iteration,28,3,0.168974,0.004522
[PI-INFO] Paramount Iteration,14,3,0.169891,0.004560
 it =                     2  || time =    6.7048059336311973E-016  || push/part (ns)=                   Infinity  || tot/part (ns)=                   Infinity
[PI-INFO] Paramount Iteration,0,2,0.155937,0.004282
[PI-INFO] Paramount Iteration,18,2,0.170115,0.004290
[PI-INFO] Paramount Iteration,17,2,0.169549,0.004282
[PI-INFO] Paramount Iteration,2,2,0.170376,0.004299
[PI-INFO] Paramount Iteration,16,2,0.169060,0.004290
[PI-INFO] Paramount Iteration,1,2,0.170919,0.004329
[PI-INFO] Paramount Iteration,19,2,0.169449,0.004282
[PI-INFO] Paramount Iteration,3,2,0.169225,0.004328
[PI-INFO] Paramount Iteration,24,4,0.173184,0.004021
[PI-INFO] Paramount Iteration,26,4,0.172295,0.003980
[PI-INFO] Paramount Iteration,27,4,0.172889,0.004014
[PI-INFO] Paramount Iteration,8,4,0.173403,0.004018
[PI-INFO] Paramount Iteration,9,4,0.173445,0.003988
[PI-INFO] Paramount Iteration,10,4,0.172660,0.003956
[PI-INFO] Paramount Iteration,11,4,0.173305,0.004013
[PI-INFO] Paramount Iteration,25,4,0.172680,0.004016
[PI-INFO] Paramount Iteration,23,4,0.173419,0.004189
[PI-INFO] Paramount Iteration,6,4,0.173942,0.004181
[PI-INFO] Paramount Iteration,22,4,0.172892,0.004179
[PI-INFO] Paramount Iteration,7,4,0.173369,0.004189
[PI-INFO] Paramount Iteration,15,4,0.173469,0.004136
[PI-INFO] Paramount Iteration,5,4,0.173275,0.004161
[PI-INFO] Paramount Iteration,14,4,0.173986,0.004095
[PI-INFO] Paramount Iteration,4,4,0.173058,0.004191
[PI-INFO] Paramount Iteration,31,4,0.174268,0.004142
[PI-INFO] Paramount Iteration,21,4,0.172820,0.004181
[PI-INFO] Paramount Iteration,29,4,0.173109,0.004148
[PI-INFO] Paramount Iteration,20,4,0.173049,0.004196
[PI-INFO] Paramount Iteration,30,4,0.173342,0.004090
[PI-INFO] Paramount Iteration,28,4,0.173086,0.004112
[PI-INFO] Paramount Iteration,12,4,0.174147,0.004118
[PI-INFO] Paramount Iteration,13,4,0.173421,0.004152
 it =                     3  || time =    1.0057208900446796E-015  || push/part (ns)=                   Infinity  || tot/part (ns)=                   Infinity
[PI-INFO] Paramount Iteration,18,3,0.174227,0.004112
[PI-INFO] Paramount Iteration,0,3,0.160122,0.004185
[PI-INFO] Paramount Iteration,17,3,0.173657,0.004108
[PI-INFO] Paramount Iteration,2,3,0.174487,0.004111
[PI-INFO] Paramount Iteration,1,3,0.175032,0.004113
[PI-INFO] Paramount Iteration,16,3,0.173223,0.004163
[PI-INFO] Paramount Iteration,19,3,0.173566,0.004117
[PI-INFO] Paramount Iteration,3,3,0.173336,0.004111
[PI-INFO] Paramount Iteration,27,5,0.177000,0.004111
[PI-INFO] Paramount Iteration,11,5,0.177418,0.004113
[PI-INFO] Paramount Iteration,26,5,0.176436,0.004141
[PI-INFO] Paramount Iteration,25,5,0.176798,0.004118
[PI-INFO] Paramount Iteration,8,5,0.177553,0.004150
[PI-INFO] Paramount Iteration,9,5,0.177597,0.004152
[PI-INFO] Paramount Iteration,10,5,0.176815,0.004155
[PI-INFO] Paramount Iteration,24,5,0.177325,0.004141
[PI-INFO] Paramount Iteration,6,5,0.178138,0.004196
[PI-INFO] Paramount Iteration,23,5,0.177630,0.004211
[PI-INFO] Paramount Iteration,22,5,0.177086,0.004194
[PI-INFO] Paramount Iteration,7,5,0.177575,0.004206
[PI-INFO] Paramount Iteration,15,5,0.177631,0.004162
[PI-INFO] Paramount Iteration,5,5,0.177504,0.004229
[PI-INFO] Paramount Iteration,14,5,0.178168,0.004182
[PI-INFO] Paramount Iteration,13,5,0.177579,0.004158
[PI-INFO] Paramount Iteration,31,5,0.178417,0.004149
[PI-INFO] Paramount Iteration,21,5,0.177023,0.004203
[PI-INFO] Paramount Iteration,29,5,0.177255,0.004146
[PI-INFO] Paramount Iteration,20,5,0.177264,0.004215
[PI-INFO] Paramount Iteration,30,5,0.177529,0.004187
[PI-INFO] Paramount Iteration,12,5,0.178339,0.004192
[PI-INFO] Paramount Iteration,4,5,0.177286,0.004228
[PI-INFO] Paramount Iteration,28,5,0.177279,0.004193
[PI-INFO] Paramount Iteration,0,4,0.164229,0.004107
 it =                     4  || time =    1.3409611867262395E-015  || push/part (ns)=                   Infinity  || tot/part (ns)=                   Infinity
[PI-INFO] Paramount Iteration,18,4,0.178363,0.004136
[PI-INFO] Paramount Iteration,17,4,0.177808,0.004151
[PI-INFO] Paramount Iteration,2,4,0.178627,0.004140
[PI-INFO] Paramount Iteration,16,4,0.177324,0.004101
[PI-INFO] Paramount Iteration,19,4,0.177689,0.004123
[PI-INFO] Paramount Iteration,1,4,0.179197,0.004165
[PI-INFO] Paramount Iteration,3,4,0.177448,0.004112
[PI-INFO] Paramount Iteration,27,6,0.181235,0.004235
[PI-INFO] Paramount Iteration,8,6,0.181779,0.004226
[PI-INFO] Paramount Iteration,11,6,0.181642,0.004224
[PI-INFO] Paramount Iteration,24,6,0.181563,0.004238
[PI-INFO] Paramount Iteration,26,6,0.180662,0.004226
[PI-INFO] Paramount Iteration,25,6,0.181060,0.004262
[PI-INFO] Paramount Iteration,9,6,0.181857,0.004260
[PI-INFO] Paramount Iteration,10,6,0.181036,0.004221
[PI-INFO] Paramount Iteration,30,6,0.181638,0.004109
[PI-INFO] Paramount Iteration,15,6,0.181739,0.004108
[PI-INFO] Paramount Iteration,14,6,0.182278,0.004110
[PI-INFO] Paramount Iteration,31,6,0.182545,0.004128
[PI-INFO] Paramount Iteration,29,6,0.181415,0.004160
[PI-INFO] Paramount Iteration,28,6,0.181368,0.004089
[PI-INFO] Paramount Iteration,7,6,0.181817,0.004242
[PI-INFO] Paramount Iteration,5,6,0.181716,0.004212
[PI-INFO] Paramount Iteration,6,6,0.182401,0.004263
[PI-INFO] Paramount Iteration,12,6,0.182432,0.004093
[PI-INFO] Paramount Iteration,23,6,0.181879,0.004249
[PI-INFO] Paramount Iteration,13,6,0.181725,0.004146
[PI-INFO] Paramount Iteration,4,6,0.181543,0.004257
[PI-INFO] Paramount Iteration,21,6,0.181258,0.004235
[PI-INFO] Paramount Iteration,22,6,0.181349,0.004263
[PI-INFO] Paramount Iteration,20,6,0.181516,0.004252
[PI-INFO] Paramount Iteration,0,5,0.168371,0.004142
 it =                     5  || time =    1.6762014834077993E-015  || push/part (ns)=                   Infinity  || tot/part (ns)=                   Infinity
[PI-INFO] Paramount Iteration,17,5,0.181895,0.004087
[PI-INFO] Paramount Iteration,2,5,0.182723,0.004096
[PI-INFO] Paramount Iteration,18,5,0.182449,0.004086
[PI-INFO] Paramount Iteration,16,5,0.181455,0.004131
[PI-INFO] Paramount Iteration,19,5,0.181792,0.004103
[PI-INFO] Paramount Iteration,1,5,0.183285,0.004088
[PI-INFO] Paramount Iteration,3,5,0.181566,0.004118
[PI-INFO] Paramount Iteration,24,7,0.185737,0.004174
[PI-INFO] Paramount Iteration,27,7,0.185427,0.004192
[PI-INFO] Paramount Iteration,8,7,0.185947,0.004168
[PI-INFO] Paramount Iteration,9,7,0.186023,0.004166
[PI-INFO] Paramount Iteration,10,7,0.185224,0.004188
[PI-INFO] Paramount Iteration,11,7,0.185837,0.004195
[PI-INFO] Paramount Iteration,26,7,0.184853,0.004191
[PI-INFO] Paramount Iteration,25,7,0.185229,0.004169
[PI-INFO] Paramount Iteration,31,7,0.186681,0.004136
[PI-INFO] Paramount Iteration,14,7,0.186406,0.004128
[PI-INFO] Paramount Iteration,23,7,0.185949,0.004070
[PI-INFO] Paramount Iteration,30,7,0.185760,0.004122
[PI-INFO] Paramount Iteration,28,7,0.185505,0.004137
[PI-INFO] Paramount Iteration,7,7,0.185897,0.004080
[PI-INFO] Paramount Iteration,15,7,0.185892,0.004153
[PI-INFO] Paramount Iteration,5,7,0.185818,0.004102
[PI-INFO] Paramount Iteration,6,7,0.186478,0.004077
[PI-INFO] Paramount Iteration,12,7,0.186557,0.004125
[PI-INFO] Paramount Iteration,13,7,0.185856,0.004131
[PI-INFO] Paramount Iteration,4,7,0.185600,0.004057
[PI-INFO] Paramount Iteration,21,7,0.185348,0.004090
[PI-INFO] Paramount Iteration,29,7,0.185543,0.004128
[PI-INFO] Paramount Iteration,22,7,0.185423,0.004074
[PI-INFO] Paramount Iteration,20,7,0.185577,0.004061
[PI-INFO] Paramount Iteration,18,6,0.186633,0.004184
[PI-INFO] Paramount Iteration,0,6,0.172517,0.004146
 it =                     6  || time =    2.0114417800893593E-015  || push/part (ns)=                   Infinity  || tot/part (ns)=                   Infinity
[PI-INFO] Paramount Iteration,17,6,0.186045,0.004150
[PI-INFO] Paramount Iteration,2,6,0.186905,0.004182
[PI-INFO] Paramount Iteration,16,6,0.185601,0.004146
[PI-INFO] Paramount Iteration,19,6,0.185956,0.004164
[PI-INFO] Paramount Iteration,1,6,0.187431,0.004146
[PI-INFO] Paramount Iteration,3,6,0.185733,0.004167
[PI-INFO] Paramount Iteration,27,8,0.189573,0.004146
[PI-INFO] Paramount Iteration,11,8,0.189990,0.004153
[PI-INFO] Paramount Iteration,24,8,0.189891,0.004154
[PI-INFO] Paramount Iteration,26,8,0.189011,0.004158
[PI-INFO] Paramount Iteration,25,8,0.189376,0.004147
[PI-INFO] Paramount Iteration,8,8,0.190117,0.004170
[PI-INFO] Paramount Iteration,9,8,0.190172,0.004149
[PI-INFO] Paramount Iteration,10,8,0.189391,0.004167
[PI-INFO] Paramount Iteration,23,8,0.190078,0.004129
[PI-INFO] Paramount Iteration,21,8,0.189460,0.004112
[PI-INFO] Paramount Iteration,7,8,0.190027,0.004130
[PI-INFO] Paramount Iteration,5,8,0.189927,0.004109
[PI-INFO] Paramount Iteration,6,8,0.190604,0.004126
[PI-INFO] Paramount Iteration,4,8,0.189671,0.004071
[PI-INFO] Paramount Iteration,22,8,0.189557,0.004134
[PI-INFO] Paramount Iteration,20,8,0.189695,0.004118
[PI-INFO] Paramount Iteration,15,8,0.190138,0.004246
[PI-INFO] Paramount Iteration,14,8,0.190694,0.004288
[PI-INFO] Paramount Iteration,12,8,0.190819,0.004262
[PI-INFO] Paramount Iteration,13,8,0.190086,0.004230
[PI-INFO] Paramount Iteration,31,8,0.190955,0.004274
[PI-INFO] Paramount Iteration,29,8,0.189782,0.004239
[PI-INFO] Paramount Iteration,30,8,0.190053,0.004293
[PI-INFO] Paramount Iteration,28,8,0.189787,0.004282
[PI-INFO] Paramount Iteration,0,7,0.176660,0.004143
 it =                     7  || time =    2.3466820767709191E-015  || push/part (ns)=                   Infinity  || tot/part (ns)=                   Infinity
[PI-INFO] Paramount Iteration,18,7,0.190824,0.004191
[PI-INFO] Paramount Iteration,17,7,0.190258,0.004213
[PI-INFO] Paramount Iteration,2,7,0.191080,0.004175
[PI-INFO] Paramount Iteration,16,7,0.189766,0.004165
[PI-INFO] Paramount Iteration,1,7,0.191640,0.004209
[PI-INFO] Paramount Iteration,19,7,0.190169,0.004213
[PI-INFO] Paramount Iteration,3,7,0.189911,0.004178
[PI-INFO] Paramount Iteration,8,9,0.194156,0.004039
[PI-INFO] Paramount Iteration,11,9,0.194041,0.004051
[PI-INFO] Paramount Iteration,24,9,0.193955,0.004064
[PI-INFO] Paramount Iteration,26,9,0.193084,0.004073
[PI-INFO] Paramount Iteration,9,9,0.194251,0.004079
[PI-INFO] Paramount Iteration,10,9,0.193457,0.004066
[PI-INFO] Paramount Iteration,27,9,0.193639,0.004066
[PI-INFO] Paramount Iteration,25,9,0.193455,0.004079
[PI-INFO] Paramount Iteration,6,9,0.194607,0.004003
[PI-INFO] Paramount Iteration,22,9,0.193552,0.003995
[PI-INFO] Paramount Iteration,7,9,0.194036,0.004009
[PI-INFO] Paramount Iteration,5,9,0.193937,0.004010
[PI-INFO] Paramount Iteration,23,9,0.194090,0.004012
[PI-INFO] Paramount Iteration,4,9,0.193701,0.004030
[PI-INFO] Paramount Iteration,21,9,0.193481,0.004021
[PI-INFO] Paramount Iteration,20,9,0.193695,0.004000
[PI-INFO] Paramount Iteration,31,9,0.195056,0.004101
[PI-INFO] Paramount Iteration,30,9,0.194129,0.004076
[PI-INFO] Paramount Iteration,15,9,0.194246,0.004108
[PI-INFO] Paramount Iteration,14,9,0.194775,0.004081
[PI-INFO] Paramount Iteration,13,9,0.194175,0.004089
[PI-INFO] Paramount Iteration,29,9,0.193875,0.004093
[PI-INFO] Paramount Iteration,28,9,0.193911,0.004124
[PI-INFO] Paramount Iteration,12,9,0.194978,0.004159
[PI-INFO] Paramount Iteration,0,8,0.180756,0.004096
 it =                     8  || time =    2.6819223734524789E-015  || push/part (ns)=                   Infinity  || tot/part (ns)=                   Infinity
[PI-INFO] Paramount Iteration,18,8,0.194904,0.004080
[PI-INFO] Paramount Iteration,1,8,0.195693,0.004053
[PI-INFO] Paramount Iteration,17,8,0.194332,0.004074
[PI-INFO] Paramount Iteration,2,8,0.195166,0.004086
[PI-INFO] Paramount Iteration,16,8,0.193903,0.004137
[PI-INFO] Paramount Iteration,19,8,0.194237,0.004068
[PI-INFO] Paramount Iteration,3,8,0.193999,0.004088
[PI-INFO] Paramount Iteration,25,10,0.197705,0.004250
[PI-INFO] Paramount Iteration,8,10,0.198454,0.004298
[PI-INFO] Paramount Iteration,9,10,0.198487,0.004236
[PI-INFO] Paramount Iteration,10,10,0.197702,0.004245
[PI-INFO] Paramount Iteration,11,10,0.198323,0.004282
[PI-INFO] Paramount Iteration,24,10,0.198236,0.004281
[PI-INFO] Paramount Iteration,26,10,0.197327,0.004243
[PI-INFO] Paramount Iteration,27,10,0.197911,0.004272
[PI-INFO] Paramount Iteration,23,10,0.198116,0.004026
[PI-INFO] Paramount Iteration,21,10,0.197490,0.004009
[PI-INFO] Paramount Iteration,7,10,0.198064,0.004028
[PI-INFO] Paramount Iteration,5,10,0.197951,0.004014
[PI-INFO] Paramount Iteration,6,10,0.198638,0.004031
[PI-INFO] Paramount Iteration,4,10,0.197738,0.004037
[PI-INFO] Paramount Iteration,22,10,0.197614,0.004062
[PI-INFO] Paramount Iteration,20,10,0.197725,0.004030
[PI-INFO] Paramount Iteration,31,10,0.199379,0.004323
[PI-INFO] Paramount Iteration,15,10,0.198581,0.004335
[PI-INFO] Paramount Iteration,14,10,0.199109,0.004334
[PI-INFO] Paramount Iteration,12,10,0.199254,0.004276
[PI-INFO] Paramount Iteration,13,10,0.198499,0.004324
[PI-INFO] Paramount Iteration,29,10,0.198198,0.004323
[PI-INFO] Paramount Iteration,30,10,0.198467,0.004338
[PI-INFO] Paramount Iteration,28,10,0.198193,0.004282
[PI-INFO] Paramount Iteration,0,9,0.184993,0.004237
 it =                     9  || time =    3.0171626701340387E-015  || push/part (ns)=                   Infinity  || tot/part (ns)=                   Infinity
[PI-INFO] Paramount Iteration,17,9,0.198567,0.004235
[PI-INFO] Paramount Iteration,2,9,0.199395,0.004229
[PI-INFO] Paramount Iteration,18,9,0.199134,0.004230
[PI-INFO] Paramount Iteration,1,9,0.199939,0.004246
[PI-INFO] Paramount Iteration,16,9,0.198110,0.004207
[PI-INFO] Paramount Iteration,19,9,0.198474,0.004237
[PI-INFO] Paramount Iteration,3,9,0.198252,0.004253
[PI-INFO] Paramount Iteration,27,11,0.202139,0.004228
[PI-INFO] Paramount Iteration,11,11,0.202543,0.004220
[PI-INFO] Paramount Iteration,24,11,0.202456,0.004220
[PI-INFO] Paramount Iteration,26,11,0.201566,0.004239
[PI-INFO] Paramount Iteration,25,11,0.201939,0.004234
[PI-INFO] Paramount Iteration,8,11,0.202682,0.004228
[PI-INFO] Paramount Iteration,9,11,0.202732,0.004245
[PI-INFO] Paramount Iteration,10,11,0.201961,0.004259
[PI-INFO] Paramount Iteration,5,11,0.202180,0.004229
[PI-INFO] Paramount Iteration,6,11,0.202865,0.004227
[PI-INFO] Paramount Iteration,23,11,0.202325,0.004209
[PI-INFO] Paramount Iteration,21,11,0.201714,0.004224
[PI-INFO] Paramount Iteration,7,11,0.202270,0.004206
[PI-INFO] Paramount Iteration,4,11,0.201966,0.004228
[PI-INFO] Paramount Iteration,22,11,0.201812,0.004198
[PI-INFO] Paramount Iteration,20,11,0.201947,0.004222
[PI-INFO] Paramount Iteration,14,11,0.203303,0.004194
[PI-INFO] Paramount Iteration,13,11,0.202707,0.004208
[PI-INFO] Paramount Iteration,31,11,0.203607,0.004228
[PI-INFO] Paramount Iteration,30,11,0.202661,0.004194
[PI-INFO] Paramount Iteration,28,11,0.202397,0.004204
[PI-INFO] Paramount Iteration,0,10,0.189107,0.004114
 it =                    10  || time =    3.3524029668155985E-015  || push/part (ns)=                   Infinity  || tot/part (ns)=                   Infinity
[PI-INFO] Paramount Iteration,1,10,0.204053,0.004114
[PI-INFO] Paramount Iteration,15,11,0.202819,0.004238
[PI-INFO] Paramount Iteration,17,10,0.202700,0.004133
[PI-INFO] Paramount Iteration,2,10,0.203530,0.004135
[PI-INFO] Paramount Iteration,18,10,0.203278,0.004144
[PI-INFO] Paramount Iteration,12,11,0.203460,0.004206
[PI-INFO] Paramount Iteration,16,10,0.202226,0.004116
[PI-INFO] Paramount Iteration,29,11,0.202440,0.004242
[PI-INFO] Paramount Iteration,19,10,0.202618,0.004144
[PI-INFO] Paramount Iteration,3,10,0.202370,0.004118
[PI-INFO] Paramount Iteration,24,12,0.206583,0.004127
[PI-INFO] Paramount Iteration,26,12,0.205696,0.004130
[PI-INFO] Paramount Iteration,27,12,0.206283,0.004144
[PI-INFO] Paramount Iteration,8,12,0.206794,0.004112
[PI-INFO] Paramount Iteration,9,12,0.206865,0.004133
[PI-INFO] Paramount Iteration,10,12,0.206064,0.004103
[PI-INFO] Paramount Iteration,11,12,0.206699,0.004156
[PI-INFO] Paramount Iteration,25,12,0.206086,0.004147
[PI-INFO] Paramount Iteration,23,12,0.206564,0.004239
[PI-INFO] Paramount Iteration,5,12,0.206429,0.004249
[PI-INFO] Paramount Iteration,6,12,0.207103,0.004238
[PI-INFO] Paramount Iteration,7,12,0.206512,0.004242
[PI-INFO] Paramount Iteration,4,12,0.206194,0.004228
[PI-INFO] Paramount Iteration,21,12,0.205952,0.004238
[PI-INFO] Paramount Iteration,22,12,0.206049,0.004237
[PI-INFO] Paramount Iteration,20,12,0.206192,0.004245
[PI-INFO] Paramount Iteration,31,12,0.207800,0.004193
[PI-INFO] Paramount Iteration,30,12,0.206877,0.004216
[PI-INFO] Paramount Iteration,28,12,0.206592,0.004195
[PI-INFO] Paramount Iteration,0,11,0.193339,0.004232
 it =                    11  || time =    3.6876432634971587E-015  || push/part (ns)=                   Infinity  || tot/part (ns)=                   Infinity
[PI-INFO] Paramount Iteration,15,12,0.207001,0.004182
[PI-INFO] Paramount Iteration,14,12,0.207521,0.004218
[PI-INFO] Paramount Iteration,18,11,0.207456,0.004178
[PI-INFO] Paramount Iteration,12,12,0.207646,0.004186
[PI-INFO] Paramount Iteration,13,12,0.206928,0.004221
[PI-INFO] Paramount Iteration,16,11,0.206395,0.004169
[PI-INFO] Paramount Iteration,29,12,0.206629,0.004189
[PI-INFO] Paramount Iteration,1,11,0.208248,0.004195
[PI-INFO] Paramount Iteration,17,11,0.206886,0.004186
[PI-INFO] Paramount Iteration,2,11,0.207710,0.004180
[PI-INFO] Paramount Iteration,19,11,0.206795,0.004177
[PI-INFO] Paramount Iteration,3,11,0.206564,0.004194
[PI-INFO] Paramount Iteration,27,13,0.210539,0.004256
[PI-INFO] Paramount Iteration,11,13,0.210953,0.004254
[PI-INFO] Paramount Iteration,24,13,0.210867,0.004284
[PI-INFO] Paramount Iteration,26,13,0.209965,0.004269
[PI-INFO] Paramount Iteration,25,13,0.210347,0.004261
[PI-INFO] Paramount Iteration,8,13,0.211084,0.004290
[PI-INFO] Paramount Iteration,9,13,0.211137,0.004272
[PI-INFO] Paramount Iteration,10,13,0.210342,0.004278
[PI-INFO] Paramount Iteration,23,13,0.210723,0.004159
[PI-INFO] Paramount Iteration,7,13,0.210661,0.004149
[PI-INFO] Paramount Iteration,5,13,0.210593,0.004164
[PI-INFO] Paramount Iteration,6,13,0.211262,0.004159
[PI-INFO] Paramount Iteration,4,13,0.210347,0.004153
[PI-INFO] Paramount Iteration,21,13,0.210121,0.004169
[PI-INFO] Paramount Iteration,22,13,0.210209,0.004160
[PI-INFO] Paramount Iteration,20,13,0.210341,0.004149
 it =                    12  || time =    4.0228835601787186E-015  || push/part (ns)=                   Infinity  || tot/part (ns)=                   Infinity
[PI-INFO] Paramount Iteration,0,12,0.197348,0.004009
[PI-INFO] Paramount Iteration,18,12,0.211479,0.004023
[PI-INFO] Paramount Iteration,17,12,0.210898,0.004012
[PI-INFO] Paramount Iteration,16,12,0.210441,0.004046
[PI-INFO] Paramount Iteration,1,12,0.212270,0.004022
[PI-INFO] Paramount Iteration,14,13,0.211712,0.004191
[PI-INFO] Paramount Iteration,2,12,0.211754,0.004044
[PI-INFO] Paramount Iteration,13,13,0.211110,0.004182
[PI-INFO] Paramount Iteration,31,13,0.212011,0.004211
[PI-INFO] Paramount Iteration,19,12,0.210796,0.004001
[PI-INFO] Paramount Iteration,3,12,0.210561,0.003997
[PI-INFO] Paramount Iteration,29,13,0.210807,0.004178
[PI-INFO] Paramount Iteration,30,13,0.211066,0.004189
[PI-INFO] Paramount Iteration,28,13,0.210813,0.004221
[PI-INFO] Paramount Iteration,15,13,0.211214,0.004213
[PI-INFO] Paramount Iteration,12,13,0.211869,0.004223
[PI-INFO] Paramount Iteration,8,14,0.215154,0.004070
[PI-INFO] Paramount Iteration,24,14,0.214954,0.004087
[PI-INFO] Paramount Iteration,26,14,0.214062,0.004097
[PI-INFO] Paramount Iteration,27,14,0.214656,0.004117
[PI-INFO] Paramount Iteration,9,14,0.215268,0.004131
[PI-INFO] Paramount Iteration,10,14,0.214441,0.004099
[PI-INFO] Paramount Iteration,11,14,0.215078,0.004125
[PI-INFO] Paramount Iteration,25,14,0.214477,0.004130
[PI-INFO] Paramount Iteration,5,14,0.214727,0.004134
[PI-INFO] Paramount Iteration,23,14,0.214881,0.004158
[PI-INFO] Paramount Iteration,21,14,0.214259,0.004138
[PI-INFO] Paramount Iteration,20,14,0.214482,0.004141
[PI-INFO] Paramount Iteration,7,14,0.214812,0.004151
[PI-INFO] Paramount Iteration,6,14,0.215430,0.004168
[PI-INFO] Paramount Iteration,4,14,0.214487,0.004140
[PI-INFO] Paramount Iteration,22,14,0.214378,0.004169
 it =                    13  || time =    4.3581238568602784E-015  || push/part (ns)=                   Infinity  || tot/part (ns)=                   Infinity
[PI-INFO] Paramount Iteration,0,13,0.201519,0.004171
[PI-INFO] Paramount Iteration,18,13,0.215675,0.004196
[PI-INFO] Paramount Iteration,30,14,0.215192,0.004126
[PI-INFO] Paramount Iteration,1,13,0.216455,0.004185
[PI-INFO] Paramount Iteration,15,14,0.215331,0.004117
[PI-INFO] Paramount Iteration,17,13,0.215076,0.004178
[PI-INFO] Paramount Iteration,14,14,0.215836,0.004124
[PI-INFO] Paramount Iteration,2,13,0.215941,0.004187
[PI-INFO] Paramount Iteration,12,14,0.215987,0.004118
[PI-INFO] Paramount Iteration,13,14,0.215264,0.004154
[PI-INFO] Paramount Iteration,31,14,0.216139,0.004128
[PI-INFO] Paramount Iteration,16,13,0.214625,0.004184
[PI-INFO] Paramount Iteration,19,13,0.214976,0.004180
[PI-INFO] Paramount Iteration,3,13,0.214748,0.004187
[PI-INFO] Paramount Iteration,29,14,0.214954,0.004147
[PI-INFO] Paramount Iteration,28,14,0.214942,0.004129
[PI-INFO] Paramount Iteration,27,15,0.218819,0.004163
[PI-INFO] PI avg,27,0.004275,15
[PI-INFO] Beta,27,0.000201
[PI-INFO] Paramount Iteration,25,15,0.218607,0.004130
[PI-INFO] PI avg,25,0.004274,15
[PI-INFO] Beta,25,0.000201
[PI-INFO] Paramount Iteration,8,15,0.219347,0.004193
[PI-INFO] PI avg,8,0.004268,15
[PI-INFO] Beta,8,0.000186
[PI-INFO] Paramount Iteration,9,15,0.219395,0.004127
[PI-INFO] PI avg,9,0.004279,15
[PI-INFO] Beta,9,0.000186
[PI-INFO] Paramount Iteration,10,15,0.218623,0.004182
[PI-INFO] PI avg,10,0.004275,15
[PI-INFO] Beta,10,0.000249
[PI-INFO] Paramount Iteration,11,15,0.219233,0.004155
[PI-INFO] PI avg,11,0.004279,15
[PI-INFO] Beta,11,0.000171
[PI-INFO] Paramount Iteration,24,15,0.219127,0.004173
[PI-INFO] PI avg,24,0.004265,15
[PI-INFO] Beta,24,0.000250
[PI-INFO] Paramount Iteration,26,15,0.218254,0.004192
[PI-INFO] PI avg,26,0.004270,15
[PI-INFO] Beta,26,0.000186
[PI-INFO] Paramount Iteration,7,15,0.218934,0.004122
[PI-INFO] PI avg,7,0.004288,15
[PI-INFO] Beta,7,0.000311
[PI-INFO] Paramount Iteration,5,15,0.218860,0.004133
[PI-INFO] PI avg,5,0.004286,15
[PI-INFO] Beta,5,0.000248
[PI-INFO] Paramount Iteration,6,15,0.219548,0.004118
[PI-INFO] PI avg,6,0.004287,15
[PI-INFO] Beta,6,0.000204
[PI-INFO] Paramount Iteration,23,15,0.219008,0.004127
[PI-INFO] PI avg,23,0.004287,15
[PI-INFO] Beta,23,0.000171
[PI-INFO] Paramount Iteration,4,15,0.218627,0.004140
[PI-INFO] PI avg,4,0.004283,15
[PI-INFO] Beta,4,0.000264
[PI-INFO] Paramount Iteration,21,15,0.218390,0.004131
[PI-INFO] PI avg,21,0.004284,15
[PI-INFO] Beta,21,0.000249
[PI-INFO] Paramount Iteration,22,15,0.218495,0.004117
[PI-INFO] PI avg,22,0.004283,15
[PI-INFO] Beta,22,0.000267
[PI-INFO] Paramount Iteration,20,15,0.218607,0.004125
[PI-INFO] PI avg,20,0.004280,15
[PI-INFO] Beta,20,0.000234
 it =                    14  || time =    4.6933641535418382E-015  || push/part (ns)=                   Infinity  || tot/part (ns)=                   Infinity
[PI-INFO] Paramount Iteration,0,14,0.205625,0.004106
[PI-INFO] Paramount Iteration,18,14,0.219756,0.004081
[PI-INFO] Paramount Iteration,1,14,0.220532,0.004077
[PI-INFO] Paramount Iteration,17,14,0.219193,0.004117
[PI-INFO] Paramount Iteration,2,14,0.220007,0.004066
[PI-INFO] Paramount Iteration,16,14,0.218719,0.004094
[PI-INFO] Paramount Iteration,19,14,0.219079,0.004103
[PI-INFO] Paramount Iteration,3,14,0.218841,0.004093
[PI-INFO] Paramount Iteration,30,15,0.219420,0.004228
[PI-INFO] PI avg,30,0.004321,15
[PI-INFO] Beta,30,0.000202
[PI-INFO] Paramount Iteration,14,15,0.220064,0.004228
[PI-INFO] PI avg,14,0.004327,15
[PI-INFO] Beta,14,0.000187
[PI-INFO] Paramount Iteration,12,15,0.220228,0.004241
[PI-INFO] PI avg,12,0.004325,15
[PI-INFO] Beta,12,0.000232
[PI-INFO] Paramount Iteration,13,15,0.219501,0.004237
[PI-INFO] PI avg,13,0.004330,15
[PI-INFO] Beta,13,0.000198
[PI-INFO] Paramount Iteration,31,15,0.220342,0.004203
[PI-INFO] PI avg,31,0.004326,15
[PI-INFO] Beta,31,0.000217
[PI-INFO] Paramount Iteration,29,15,0.219189,0.004235
[PI-INFO] PI avg,29,0.004325,15
[PI-INFO] Beta,29,0.000246
[PI-INFO] Paramount Iteration,28,15,0.219164,0.004222
[PI-INFO] PI avg,28,0.004319,15
[PI-INFO] Beta,28,0.000261
[PI-INFO] Paramount Iteration,15,15,0.219535,0.004204
[PI-INFO] PI avg,15,0.004331,15
[PI-INFO] Beta,15,0.000169
 it =                    15  || time =    5.0286044502233980E-015  || push/part (ns)=                   Infinity  || tot/part (ns)=                   Infinity
[PI-INFO] Paramount Iteration,0,15,0.209831,0.004206
[PI-INFO] PI avg,0,0.004290,15
[PI-INFO] Beta,0,0.000170
[PI-INFO] Total time,0.209841
[PI-INFO] Paramount Iteration,18,15,0.224011,0.004255
[PI-INFO] PI avg,18,0.004591,15
[PI-INFO] Beta,18,0.000159
[PI-INFO] Paramount Iteration,16,15,0.222941,0.004222
[PI-INFO] PI avg,16,0.004584,15
[PI-INFO] Beta,16,0.000187
[PI-INFO] Paramount Iteration,1,15,0.224799,0.004267
[PI-INFO] PI avg,1,0.004602,15
[PI-INFO] Beta,1,0.000159
[PI-INFO] Paramount Iteration,17,15,0.223425,0.004232
[PI-INFO] PI avg,17,0.004596,15
[PI-INFO] Beta,17,0.000204
[PI-INFO] Paramount Iteration,2,15,0.224269,0.004262
[PI-INFO] PI avg,2,0.004595,15
[PI-INFO] Beta,2,0.000159
[PI-INFO] Paramount Iteration,19,15,0.223339,0.004260
[PI-INFO] PI avg,19,0.004596,15
[PI-INFO] Beta,19,0.000218
[PI-INFO] Paramount Iteration,3,15,0.223100,0.004259
[PI-INFO] PI avg,3,0.004599,15
[PI-INFO] Beta,3,0.000232
--------------------------------------------------------------------------
mpirun has exited due to process rank 0 with PID 0 on
node ip-172-31-14-100 exiting improperly. There are three reasons this could occur:

1. this process did not call "init" before exiting, but others in
the job did. This can cause a job to hang indefinitely while it waits
for all processes to call "init". By rule, if one process calls "init",
then ALL processes must call "init" prior to termination.

2. this process called "init", but exited without calling "finalize".
By rule, all processes that call "init" MUST call "finalize" prior to
exiting or it will be considered an "abnormal termination"

3. this process called "MPI_Abort" or "orte_abort" and the mca parameter
orte_create_session_dirs is set to false. In this case, the run-time cannot
detect that the abort call was an abnormal termination. Hence, the only
error message you will receive is this one.

This may have caused other processes in the application to be
terminated by signals sent by mpirun (as reported here).

You can avoid this message by specifying -quiet on the mpirun command line.
--------------------------------------------------------------------------
[ip-172-31-14-100:19075] 31 more processes have sent help message help-mpi-btl-base.txt / btl:no-nics
[ip-172-31-14-100:19075] Set MCA parameter "orte_base_help_aggregate" to 0 to see all help / error messages
Command exited with non-zero status 1
	Command being timed: "mpirun --hostfile /home/ubuntu/PI-Bench/ECP-Proxy-Apps/hostfile -n 32 ./fortran_bin/picsar examples/example_decks_fortran/plane_wave_test_2d-32.pixr"
	User time (seconds): 0.10
	System time (seconds): 0.09
	Percent of CPU this job got: 6%
	Elapsed (wall clock) time (h:mm:ss or m:ss): 0:03.13
	Average shared text size (kbytes): 0
	Average unshared data size (kbytes): 0
	Average stack size (kbytes): 0
	Average total size (kbytes): 0
	Maximum resident set size (kbytes): 19340
	Average resident set size (kbytes): 0
	Major (requiring I/O) page faults: 4
	Minor (reclaiming a frame) page faults: 9244
	Voluntary context switches: 980
	Involuntary context switches: 43
	Swaps: 0
	File system inputs: 0
	File system outputs: 16480
	Socket messages sent: 0
	Socket messages received: 0
	Signals delivered: 0
	Page size (bytes): 4096
	Exit status: 1
