--------------------------------------------------------------------------
[[42773,1],1]: A high-performance Open MPI point-to-point messaging module
was unable to find any relevant network interfaces:

Module: OpenFabrics (openib)
  Host: ip-172-31-9-179

Another transport will be used instead, although this may result in
lower performance.

NOTE: You can disable this warning by setting the MCA parameter
btl_base_warn_component_unused to 0.
--------------------------------------------------------------------------
 _________________________________________________________________
 
  PICSAR
 _________________________________________________________________
 Cartesian topology
 Processor subdivision is                     4                    4                    2

 
 SIMULATION PARAMETERS:
 Dimension:                    3
 dx, dy, dz:   2.0202020202020202E-007   2.0202020202020202E-007   2.0202020202020202E-007
 dt:   2.7234004870354126E-016 s  0.27234004516069787      fs
 Coefficient on dt determined via the CFL (dtcoef):      0.70000
 Total time:   15.286941766601061      plasma periods:   8.1702014611062384E-014 s
 Number of steps:                  300
 Tiles:                    1                    1                    1
 MPI com current:                    0
 Current deposition method:                    0
 Charge deposition algo:                    0
 Field gathering method:                    0
 Field gathering plus particle pusher seperated:                    0
 Current/field gathering order:                    2                    2                    2
 Particle communication: (partcom=1)
 Pusher: Boris algorithm (particle_pusher=0)
 Maxwell derivative coeff:   1.0000000000000000     
 MPI buffer size:                 2000
 
 Vector length current deposition                    8
 Vector length charge deposition                   64
 Vector length field gathering                  256
 
 PLASMA PROPERTIES:
 Distribution:                    1
 Density in the lab frame:   1.1000000000000000E+025 m^-3
 Density in the simulation frame:   1.1000000000000000E+025 m^-3
 Cold plasma frequency in the lab frame:   187106056556544.47      s^-1
 cold plasma wavelength:   1.0067293394853861E-005 m   10.067293394853861      um
 
 MPI domain decomposition
 Topology:                    0
 Local number of cells:   24    24    49
 Local number of grid point:   25    25    50
 Guard cells:    4     4     4
 
 Periodic field bcs X axis
 Periodic field bcs Y axis
 Periodic field bcs Z axis
 FDTD_SOLVER 
 Particle sorting activated
 dx:   1.0101010101010101E-007
 dy:   1.0101010101010101E-007
 dz:   1.0101010101010101E-007
 shiftx:  -1.0101010101010101E-007
 shifty:  -1.0101010101010101E-007
 shiftz:  -1.0101010101010101E-007
 
 Number of species:                    2
 laser_antenna
 Charge:   1.0000000000000000     
 Drift velocity:   0.0000000000000000        0.0000000000000000        0.0000000000000000     
 Sorting period:                    0
 Sorting start:                    0
 
 laser_antenna
 Charge:  -1.0000000000000000     
 Drift velocity:   0.0000000000000000        0.0000000000000000        0.0000000000000000     
 Sorting period:                    0
 Sorting start:                    0
 
 Output of time statistics non-activated
 Computation of the time statistics starts at iteration:    0

 No particle dump ( 0)

 Set tile split: done
 Initialization of the tile arrays: done
 number of cells per laser wavelength   2.8578838324886471     
 Laser Waist   3.0000000000000001E-006 m
 Laser duration   1.6678204759907605E-014  (in s)
 Laser duration   61.240367839042456       (in dt)
 Laser peak    0.0000000000000000      dt
 Laser longitudinal length   5.0000000000000004E-006 m
 Laser temporal frequency w_laser   1883651567308853.5      s^-1
 Laser temporal period   3.3356409519815201E-015 s
 Laser temporal period   12.248073567808488      dt
 Laser tau / laser period    5.0000000000000009     
 number of cells per laser wavelength   2.8578838324886471     
 LASER EMAX   3210701160308.8057        3210701160308.8057        0.0000000000000000     
 Creation of the particles: done
 Total memory (GB) for grid arrays   0.23882039999999999     
 Total memory (GB) for grid tile arrays    5.1175800000000000E-002
 Total memory (GB) for particle tile arrays   0.24839654400000000     
 Total memory (GB)  0.53839274400000003     
 Avg memory (GB) /MPI process    1.6824773250000001E-002

  Initilization of the diags
mkdir: cannot create directory ‘RESULTS’: File exists
rm: cannot remove 'RESULTS/*': No such file or directory
 Initialization of the temporal diagnostics
 Rank   0, creation of the file                 ./RESULTS/kinE
 Rank   1, creation of the file                  ./RESULTS/exE
 Rank   8, creation of the file                  ./RESULTS/rho
 Rank   9, creation of the file                 ./RESULTS/divE
 Rank   3, creation of the file                  ./RESULTS/ezE
 Rank   5, creation of the file                  ./RESULTS/byE
At line 386 of file src/diags/diags.F90 (unit = 42)
Fortran runtime error: Cannot open file './RESULTS/exE': No such file or directory

Error termination. Backtrace:
 Rank   7, creation of the file             ./RESULTS/divE-rho
 Rank   6, creation of the file                  ./RESULTS/bzE
 Rank   2, creation of the file                  ./RESULTS/eyE
 Rank   4, creation of the file                  ./RESULTS/bxE
At line 386 of file src/diags/diags.F90 (unit = 42)
Fortran runtime error: Cannot open file './RESULTS/divE-rho': No such file or directory

Error termination. Backtrace:
At line 386 of file src/diags/diags.F90 (unit = 42)
Fortran runtime error: Cannot open file './RESULTS/rho': No such file or directory

Error termination. Backtrace:
At line 386 of file src/diags/diags.F90 (unit = 42)
Fortran runtime error: Cannot open file './RESULTS/divE': No such file or directory

Error termination. Backtrace:
At line 386 of file src/diags/diags.F90 (unit = 42)
Fortran runtime error: Cannot open file './RESULTS/eyE': No such file or directory

Error termination. Backtrace:
At line 386 of file src/diags/diags.F90 (unit = 42)
Fortran runtime error: Cannot open file './RESULTS/ezE': No such file or directory

Error termination. Backtrace:
At line 386 of file src/diags/diags.F90 (unit = 42)
Fortran runtime error: Cannot open file './RESULTS/byE': No such file or directory

Error termination. Backtrace:
At line 386 of file src/diags/diags.F90 (unit = 42)
Fortran runtime error: Cannot open file './RESULTS/bxE': No such file or directory

Error termination. Backtrace:
At line 386 of file src/diags/diags.F90 (unit = 42)
Fortran runtime error: Cannot open file './RESULTS/bzE': No such file or directory

Error termination. Backtrace:
#0  0x7fb166d2032a
#1  0x7fb166d20ed5
#2  0x7fb166d2169d
#3  0x7fb166e93ecd
#4  0x7fb166e94214
#5  0x55ea72e083ca
#6  0x55ea72e0c0d1
#7  0x55ea72ddfbaa
#8  0x55ea72ddfa3e
#9  0x7fb166597bf6
#10  0x55ea72ddfa79
#11  0xffffffffffffffff
#0  0x7f06a51cc32a
#1  0x7f06a51cced5
#2  0x7f06a51cd69d
#3  0x7f06a533fecd
#4  0x7f06a5340214
#5  0x562248c373ca
#6  0x562248c3b0d1
#7  0x562248c0ebaa
#8  0x562248c0ea3e
#9  0x7f06a4a43bf6
#0  0x7f8797e6c32a
#1  0x7f8797e6ced5
#2  0x7f8797e6d69d
#3  0x7f8797fdfecd
#4  0x7f8797fe0214
#5  0x5564b53553ca
#6  0x5564b53590d1
#7  0x5564b532cbaa
#8  0x5564b532ca3e
#9  0x7f87976e3bf6
#10  0x562248c0ea79
#11  0xffffffffffffffff
#10  0x5564b532ca79
#11  0xffffffffffffffff
#0  0x7fcbf9d2832a
#1  0x7fcbf9d28ed5
#2  0x7fcbf9d2969d
#3  0x7fcbf9e9becd
#4  0x7fcbf9e9c214
#5  0x55fd0deda3ca
#6  0x55fd0dede0d1
#7  0x55fd0deb1baa
#8  0x55fd0deb1a3e
#9  0x7fcbf959fbf6
#10  0x55fd0deb1a79
#11  0xffffffffffffffff
#0  0x7f9d7f30732a
#1  0x7f9d7f307ed5
#2  0x7f9d7f30869d
#3  0x7f9d7f47aecd
#4  0x7f9d7f47b214
#5  0x55a94b4393ca
#6  0x55a94b43d0d1
#7  0x55a94b410baa
#8  0x55a94b410a3e
#9  0x7f9d7eb7ebf6
#10  0x55a94b410a79
#11  0xffffffffffffffff
#0  0x7fcf2dfe032a
#1  0x7fcf2dfe0ed5
#2  0x7fcf2dfe169d
#3  0x7fcf2e153ecd
#4  0x7fcf2e154214
#5  0x562d81bfb3ca
#6  0x562d81bff0d1
#7  0x562d81bd2baa
#8  0x562d81bd2a3e
#9  0x7fcf2d857bf6
#10  0x562d81bd2a79
#11  0xffffffffffffffff
#0  0x7fe619a2832a
#1  0x7fe619a28ed5
#2  0x7fe619a2969d
#3  0x7fe619b9becd
#4  0x7fe619b9c214
#5  0x56540d1b63ca
#6  0x56540d1ba0d1
#7  0x56540d18dbaa
#8  0x56540d18da3e
#9  0x7fe61929fbf6
#10  0x56540d18da79
#11  0xffffffffffffffff
#0  0x7fa0867a432a
#1  0x7fa0867a4ed5
#2  0x7fa0867a569d
#3  0x7fa086917ecd
#4  0x7fa086918214
#5  0x55c3c1c2b3ca
#6  0x55c3c1c2f0d1
#7  0x55c3c1c02baa
#8  0x55c3c1c02a3e
#9  0x7fa08601bbf6
#10  0x55c3c1c02a79
#11  0xffffffffffffffff
#0  0x7fcbee7d632a
#1  0x7fcbee7d6ed5
#2  0x7fcbee7d769d
#3  0x7fcbee949ecd
#4  0x7fcbee94a214
#5  0x563f975c23ca
#6  0x563f975c60d1
#7  0x563f97599baa
#8  0x563f97599a3e
#9  0x7fcbee04dbf6
#10  0x563f97599a79
#11  0xffffffffffffffff
--------------------------------------------------------------------------
An MPI communication peer process has unexpectedly disconnected.  This
usually indicates a failure in the peer process (e.g., a crash or
otherwise exiting without calling MPI_FINALIZE first).

Although this local MPI process will likely now behave unpredictably
(it may even hang or crash), the root cause of this problem is the
failure of the peer -- that is what you need to investigate.  For
example, there may be a core file that you can examine.  More
generally: such peer hangups are frequently caused by application bugs
or other external events.

  Local host: ip-172-31-14-100
  Local PID:  20455
  Peer host:  ip-172-31-9-179
--------------------------------------------------------------------------
-------------------------------------------------------
Primary job  terminated normally, but 1 process returned
a non-zero exit code.. Per user-direction, the job has been aborted.
-------------------------------------------------------
--------------------------------------------------------------------------
mpirun detected that one or more processes exited with non-zero status, thus causing
the job to be terminated. The first process to do so was:

  Process name: [[42773,1],1]
  Exit code:    2
--------------------------------------------------------------------------
[ip-172-31-14-100:20419] 31 more processes have sent help message help-mpi-btl-base.txt / btl:no-nics
[ip-172-31-14-100:20419] Set MCA parameter "orte_base_help_aggregate" to 0 to see all help / error messages
[ip-172-31-14-100:20419] 13 more processes have sent help message help-mpi-btl-tcp.txt / peer hung up
Command exited with non-zero status 2
	Command being timed: "mpirun --hostfile /home/ubuntu/PI-Bench/ECP-Proxy-Apps/hostfile -n 32 ./fortran_bin/picsar examples/example_decks_fortran/laser-32.pixr"
	User time (seconds): 0.97
	System time (seconds): 0.32
	Percent of CPU this job got: 41%
	Elapsed (wall clock) time (h:mm:ss or m:ss): 0:03.08
	Average shared text size (kbytes): 0
	Average unshared data size (kbytes): 0
	Average stack size (kbytes): 0
	Average total size (kbytes): 0
	Maximum resident set size (kbytes): 25684
	Average resident set size (kbytes): 0
	Major (requiring I/O) page faults: 4
	Minor (reclaiming a frame) page faults: 12161
	Voluntary context switches: 1061
	Involuntary context switches: 76
	Swaps: 0
	File system inputs: 0
	File system outputs: 16432
	Socket messages sent: 0
	Socket messages received: 0
	Signals delivered: 0
	Page size (bytes): 4096
	Exit status: 2
