--------------------------------------------------------------------------
[[59634,1],0]: A high-performance Open MPI point-to-point messaging module
was unable to find any relevant network interfaces:

Module: OpenFabrics (openib)
  Host: ip-172-31-57-100

Another transport will be used instead, although this may result in
lower performance.

NOTE: You can disable this warning by setting the MCA parameter
btl_base_warn_component_unused to 0.
--------------------------------------------------------------------------


 NAS Parallel Benchmarks 3.4 -- BT Benchmark

 No input file inputbt.data. Using compiled defaults
 Size:  162x 162x 162  (class C)
 Iterations:  200    dt:   0.0001000
 WARNING: Number of active processes:     4
 Total number of processes:     8

 Time step    1
[MO833] Paramount Iteration,3,1,3.487344,1.300547
[MO833] Paramount Iteration,0,1,3.500297,1.300864
[MO833] Paramount Iteration,2,1,3.505690,1.315344
[MO833] Paramount Iteration,1,1,3.505714,1.316199
[MO833] Paramount Iteration,0,2,4.815313,1.315016
[MO833] Paramount Iteration,3,2,4.802771,1.315427
[MO833] Paramount Iteration,2,2,4.816209,1.310519
[MO833] Paramount Iteration,1,2,4.816079,1.310365
[MO833] Paramount Iteration,3,3,6.113099,1.310328
[MO833] Paramount Iteration,0,3,6.126091,1.310778
[MO833] Paramount Iteration,2,3,6.128354,1.312145
[MO833] Paramount Iteration,1,3,6.127906,1.311827
[MO833] Paramount Iteration,3,4,7.425090,1.311991
[MO833] Paramount Iteration,0,4,7.438647,1.312556
[MO833] Paramount Iteration,2,4,7.438057,1.309703
[MO833] Paramount Iteration,1,4,7.437636,1.309730
[MO833] Paramount Iteration,0,5,8.748884,1.310237
[MO833] Paramount Iteration,3,5,8.736222,1.311132
[MO833] Paramount Iteration,2,5,8.747630,1.309573
[MO833] Paramount Iteration,1,5,8.747141,1.309505
[MO833] Paramount Iteration,0,6,10.059239,1.310355
[MO833] Paramount Iteration,3,6,10.046552,1.310330
[MO833] Paramount Iteration,2,6,10.057579,1.309949
[MO833] Paramount Iteration,1,6,10.057343,1.310202
[MO833] Paramount Iteration,3,7,11.354600,1.308048
[MO833] Paramount Iteration,0,7,11.367761,1.308522
[MO833] Paramount Iteration,2,7,11.367293,1.309714
[MO833] Paramount Iteration,1,7,11.366791,1.309448
[MO833] Paramount Iteration,0,8,12.676198,1.308437
[MO833] Paramount Iteration,3,8,12.663806,1.309206
[MO833] Paramount Iteration,2,8,12.680307,1.313014
[MO833] Paramount Iteration,1,8,12.679989,1.313198
[MO833] Paramount Iteration,3,9,13.976765,1.312959
[MO833] Paramount Iteration,0,9,13.990044,1.313846
[MO833] Paramount Iteration,2,9,13.989528,1.309221
[MO833] Paramount Iteration,1,9,13.989186,1.309197
[MO833] Paramount Iteration,0,10,15.297680,1.307636
[MO833] Paramount Iteration,3,10,15.285103,1.308338
[MO833] Paramount Iteration,2,10,15.298750,1.309222
[MO833] Paramount Iteration,1,10,15.298312,1.309126
[MO833] Paramount Iteration,3,11,16.594415,1.309312
[MO833] Paramount Iteration,0,11,16.607324,1.309644
[MO833] Paramount Iteration,2,11,16.614412,1.315662
[MO833] Paramount Iteration,1,11,16.614019,1.315707
[MO833] Paramount Iteration,0,12,17.923831,1.316507
[MO833] Paramount Iteration,3,12,17.911181,1.316766
[MO833] Paramount Iteration,2,12,17.924423,1.310011
[MO833] Paramount Iteration,1,12,17.923901,1.309882
[MO833] Paramount Iteration,0,13,19.232123,1.308292
[MO833] Paramount Iteration,3,13,19.219695,1.308514
[MO833] Paramount Iteration,2,13,19.233738,1.309315
[MO833] Paramount Iteration,1,13,19.233078,1.309177
[MO833] Paramount Iteration,3,14,20.526581,1.306886
[MO833] Paramount Iteration,0,14,20.539876,1.307753
[MO833] Paramount Iteration,2,14,20.544422,1.310684
[MO833] Paramount Iteration,1,14,20.544301,1.311223
[MO833] Paramount Iteration,3,15,21.838565,1.311984
[MO833] Paramount Iteration,0,15,21.852065,1.312189
[MO833] Paramount Iteration,2,15,21.853559,1.309137
[MO833] Paramount Iteration,1,15,21.853264,1.308963
[MO833] Paramount Iteration,3,16,23.151481,1.312916
[MO833] Paramount Iteration,0,16,23.164635,1.312570
[MO833] Paramount Iteration,2,16,23.166454,1.312895
[MO833] Paramount Iteration,1,16,23.166573,1.313309
[MO833] Paramount Iteration,3,17,24.462222,1.310741
[MO833] Paramount Iteration,0,17,24.475472,1.310837
[MO833] Paramount Iteration,2,17,24.477378,1.310924
[MO833] Paramount Iteration,1,17,24.477002,1.310429
[MO833] Paramount Iteration,3,18,25.773888,1.311666
[MO833] Paramount Iteration,0,18,25.786784,1.311312
[MO833] Paramount Iteration,2,18,25.786406,1.309028
[MO833] Paramount Iteration,1,18,25.785859,1.308857
[MO833] Paramount Iteration,0,19,27.096915,1.310131
 Time step   20
[MO833] Paramount Iteration,3,19,27.084227,1.310339
[MO833] Paramount Iteration,2,19,27.100548,1.314142
[MO833] Paramount Iteration,1,19,27.100029,1.314170
[MO833] Paramount Iteration,0,20,28.413728,1.316813
[MO833] Paramount Iteration,3,20,28.401085,1.316858
[MO833] Paramount Iteration,2,20,28.410542,1.309994
[MO833] Paramount Iteration,1,20,28.409787,1.309758
[MO833] Paramount Iteration,3,21,29.705371,1.304286
[MO833] Paramount Iteration,0,21,29.718470,1.304742
[MO833] Paramount Iteration,2,21,29.722802,1.312260
[MO833] Paramount Iteration,1,21,29.722343,1.312556
[MO833] Paramount Iteration,3,22,31.019005,1.313634
[MO833] Paramount Iteration,0,22,31.032011,1.313541
[MO833] Paramount Iteration,2,22,31.036270,1.313468
[MO833] Paramount Iteration,1,22,31.036012,1.313669
[MO833] Paramount Iteration,0,23,32.351690,1.319679
[MO833] Paramount Iteration,3,23,32.339248,1.320243
[MO833] Paramount Iteration,2,23,32.355949,1.319679
[MO833] Paramount Iteration,1,23,32.355482,1.319470
[MO833] Paramount Iteration,0,24,33.690411,1.338721
[MO833] Paramount Iteration,3,24,33.678018,1.338770
[MO833] Paramount Iteration,1,24,33.686863,1.331381
[MO833] Paramount Iteration,2,24,33.687857,1.331908
[MO833] Paramount Iteration,0,25,35.002886,1.312475
[MO833] Paramount Iteration,3,25,34.990170,1.312152
[MO833] Paramount Iteration,2,25,35.005898,1.318041
[MO833] Paramount Iteration,1,25,35.005304,1.318441
[MO833] Paramount Iteration,0,26,36.318918,1.316032
[MO833] Paramount Iteration,3,26,36.306588,1.316418
[MO833] Paramount Iteration,1,26,36.317397,1.312093
[MO833] Paramount Iteration,2,26,36.318478,1.312580
[MO833] Paramount Iteration,0,27,37.629212,1.310294
[MO833] Paramount Iteration,3,27,37.616806,1.310218
[MO833] Paramount Iteration,2,27,37.631668,1.313190
[MO833] Paramount Iteration,1,27,37.631013,1.313616
[MO833] Paramount Iteration,0,28,38.948151,1.318939
[MO833] Paramount Iteration,3,28,38.936171,1.319365
[MO833] Paramount Iteration,2,28,38.940940,1.309272
[MO833] Paramount Iteration,1,28,38.940367,1.309354
[MO833] Paramount Iteration,0,29,40.252325,1.304174
[MO833] Paramount Iteration,3,29,40.239882,1.303711
[MO833] Paramount Iteration,2,29,40.248804,1.307864
[MO833] Paramount Iteration,1,29,40.248653,1.308286
[MO833] Paramount Iteration,0,30,41.566709,1.314384
[MO833] Paramount Iteration,3,30,41.554064,1.314182
[MO833] Paramount Iteration,2,30,41.563556,1.314752
[MO833] Paramount Iteration,1,30,41.563189,1.314536
[MO833] Paramount Iteration,0,31,42.874558,1.307849
[MO833] Paramount Iteration,3,31,42.862340,1.308276
[MO833] Paramount Iteration,2,31,42.871934,1.308378
[MO833] Paramount Iteration,1,31,42.871675,1.308486
[MO833] Paramount Iteration,0,32,44.183504,1.308946
[MO833] Paramount Iteration,3,32,44.170791,1.308451
[MO833] Paramount Iteration,2,32,44.181067,1.309133
[MO833] Paramount Iteration,1,32,44.180935,1.309260
[MO833] Paramount Iteration,0,33,45.495156,1.311652
[MO833] Paramount Iteration,3,33,45.483160,1.312369
[MO833] Paramount Iteration,2,33,45.492252,1.311185
[MO833] Paramount Iteration,1,33,45.491688,1.310753
[MO833] Paramount Iteration,3,34,46.788777,1.305617
[MO833] Paramount Iteration,0,34,46.801875,1.306719
[MO833] Paramount Iteration,2,34,46.804233,1.311981
[MO833] Paramount Iteration,1,34,46.803898,1.312210
[MO833] Paramount Iteration,3,35,48.100966,1.312189
[MO833] Paramount Iteration,0,35,48.113908,1.312033
[MO833] Paramount Iteration,2,35,48.116747,1.312514
[MO833] Paramount Iteration,1,35,48.115936,1.312038
[MO833] Paramount Iteration,3,36,49.413398,1.312432
[MO833] Paramount Iteration,0,36,49.426495,1.312587
[MO833] Paramount Iteration,2,36,49.426941,1.310194
[MO833] Paramount Iteration,1,36,49.426248,1.310312
[MO833] Paramount Iteration,3,37,50.724605,1.311207
[MO833] Paramount Iteration,0,37,50.737606,1.311111
[MO833] Paramount Iteration,2,37,50.738771,1.311830
[MO833] Paramount Iteration,1,37,50.738664,1.312416
[MO833] Paramount Iteration,3,38,52.036841,1.312236
[MO833] Paramount Iteration,0,38,52.050062,1.312456
[MO833] Paramount Iteration,2,38,52.050267,1.311496
[MO833] Paramount Iteration,1,38,52.049769,1.311105
[MO833] Paramount Iteration,0,39,53.360218,1.310156
 Time step   40
[MO833] Paramount Iteration,3,39,53.347789,1.310948
[MO833] Paramount Iteration,2,39,53.360265,1.309998
[MO833] Paramount Iteration,1,39,53.359585,1.309816
[MO833] Paramount Iteration,0,40,54.667315,1.307097
[MO833] Paramount Iteration,3,40,54.654551,1.306762
[MO833] Paramount Iteration,2,40,54.669476,1.309211
[MO833] Paramount Iteration,1,40,54.668952,1.309367
[MO833] Paramount Iteration,3,41,55.963206,1.308655
[MO833] Paramount Iteration,0,41,55.976765,1.309450
[MO833] Paramount Iteration,2,41,55.977880,1.308404
[MO833] Paramount Iteration,1,41,55.977657,1.308705
[MO833] Paramount Iteration,0,42,57.288530,1.311765
[MO833] Paramount Iteration,3,42,57.275863,1.312657
[MO833] Paramount Iteration,2,42,57.289988,1.312108
[MO833] Paramount Iteration,1,42,57.289984,1.312327
[MO833] Paramount Iteration,0,43,58.601332,1.312802
[MO833] Paramount Iteration,3,43,58.588744,1.312881
[MO833] Paramount Iteration,2,43,58.598610,1.308622
[MO833] Paramount Iteration,1,43,58.598213,1.308229
[MO833] Paramount Iteration,3,44,59.892861,1.304117
[MO833] Paramount Iteration,0,44,59.905927,1.304595
[MO833] Paramount Iteration,2,44,59.907866,1.309256
[MO833] Paramount Iteration,1,44,59.907754,1.309541
[MO833] Paramount Iteration,0,45,61.216457,1.310530
[MO833] Paramount Iteration,3,45,61.203571,1.310710
[MO833] Paramount Iteration,2,45,61.218267,1.310401
[MO833] Paramount Iteration,1,45,61.218054,1.310300
[MO833] Paramount Iteration,0,46,62.530988,1.314531
[MO833] Paramount Iteration,3,46,62.518363,1.314792
[MO833] Paramount Iteration,2,46,62.532246,1.313979
[MO833] Paramount Iteration,1,46,62.531805,1.313751
[MO833] Paramount Iteration,3,47,63.830684,1.312321
[MO833] Paramount Iteration,0,47,63.843916,1.312928
[MO833] Paramount Iteration,2,47,63.841169,1.308923
[MO833] Paramount Iteration,1,47,63.840923,1.309118
[MO833] Paramount Iteration,3,48,65.141216,1.310532
[MO833] Paramount Iteration,0,48,65.154261,1.310345
[MO833] Paramount Iteration,2,48,65.153608,1.312439
[MO833] Paramount Iteration,1,48,65.153198,1.312275
[MO833] Paramount Iteration,3,49,66.454860,1.313644
[MO833] Paramount Iteration,0,49,66.467906,1.313645
[MO833] Paramount Iteration,2,49,66.465828,1.312220
[MO833] Paramount Iteration,1,49,66.465655,1.312457
[MO833] Paramount Iteration,0,50,67.776288,1.308382
[MO833] Paramount Iteration,3,50,67.763729,1.308869
[MO833] Paramount Iteration,2,50,67.774878,1.309050
[MO833] Paramount Iteration,1,50,67.774673,1.309018
[MO833] Paramount Iteration,0,51,69.084337,1.308049
[MO833] Paramount Iteration,3,51,69.071543,1.307814
[MO833] Paramount Iteration,2,51,69.083985,1.309107
[MO833] Paramount Iteration,1,51,69.083349,1.308676
[MO833] Paramount Iteration,0,52,70.393064,1.308727
[MO833] Paramount Iteration,3,52,70.380229,1.308686
[MO833] Paramount Iteration,2,52,70.391353,1.307368
[MO833] Paramount Iteration,1,52,70.391229,1.307880
[MO833] Paramount Iteration,3,53,71.687863,1.307634
[MO833] Paramount Iteration,0,53,71.701838,1.308774
[MO833] Paramount Iteration,2,53,71.703502,1.312149
[MO833] Paramount Iteration,1,53,71.703370,1.312141
[MO833] Paramount Iteration,3,54,72.997813,1.309950
[MO833] Paramount Iteration,0,54,73.011201,1.309363
[MO833] Paramount Iteration,2,54,73.015023,1.311521
[MO833] Paramount Iteration,1,54,73.014542,1.311172
[MO833] Paramount Iteration,3,55,74.311995,1.314182
[MO833] Paramount Iteration,0,55,74.325187,1.313986
[MO833] Paramount Iteration,2,55,74.324166,1.309143
[MO833] Paramount Iteration,1,55,74.324017,1.309475
[MO833] Paramount Iteration,3,56,75.620709,1.308714
[MO833] Paramount Iteration,0,56,75.634197,1.309010
[MO833] Paramount Iteration,2,56,75.634921,1.310755
[MO833] Paramount Iteration,1,56,75.634892,1.310875
[MO833] Paramount Iteration,3,57,76.929414,1.308705
[MO833] Paramount Iteration,0,57,76.942659,1.308462
[MO833] Paramount Iteration,2,57,76.947527,1.312606
[MO833] Paramount Iteration,1,57,76.947368,1.312476
[MO833] Paramount Iteration,0,58,78.258697,1.316038
[MO833] Paramount Iteration,3,58,78.245627,1.316213
[MO833] Paramount Iteration,2,58,78.255684,1.308157
[MO833] Paramount Iteration,1,58,78.255879,1.308511
[MO833] Paramount Iteration,3,59,79.552227,1.306600
[MO833] Paramount Iteration,0,59,79.565523,1.306826
 Time step   60
[MO833] Paramount Iteration,2,59,79.565523,1.309839
[MO833] Paramount Iteration,1,59,79.565313,1.309434
[MO833] Paramount Iteration,3,60,80.859601,1.307374
[MO833] Paramount Iteration,0,60,80.873365,1.307842
[MO833] Paramount Iteration,2,60,80.872474,1.306951
[MO833] Paramount Iteration,1,60,80.872352,1.307039
[MO833] Paramount Iteration,3,61,82.167071,1.307470
[MO833] Paramount Iteration,0,61,82.180717,1.307352
[MO833] Paramount Iteration,2,61,82.184762,1.312288
[MO833] Paramount Iteration,1,61,82.184342,1.311990
[MO833] Paramount Iteration,3,62,83.481653,1.314582
[MO833] Paramount Iteration,0,62,83.495119,1.314402
[MO833] Paramount Iteration,2,62,83.496187,1.311425
[MO833] Paramount Iteration,1,62,83.496112,1.311770
[MO833] Paramount Iteration,0,63,84.807173,1.312054
[MO833] Paramount Iteration,3,63,84.794166,1.312513
[MO833] Paramount Iteration,2,63,84.805121,1.308934
[MO833] Paramount Iteration,1,63,84.805237,1.309125
[MO833] Paramount Iteration,3,64,86.100179,1.306013
[MO833] Paramount Iteration,0,64,86.113641,1.306468
[MO833] Paramount Iteration,2,64,86.113948,1.308827
[MO833] Paramount Iteration,1,64,86.113849,1.308612
[MO833] Paramount Iteration,3,65,87.410722,1.310543
[MO833] Paramount Iteration,0,65,87.424147,1.310506
[MO833] Paramount Iteration,2,65,87.423692,1.309744
[MO833] Paramount Iteration,1,65,87.423530,1.309681
[MO833] Paramount Iteration,0,66,88.735046,1.310899
[MO833] Paramount Iteration,3,66,88.721951,1.311229
[MO833] Paramount Iteration,2,66,88.733138,1.309446
[MO833] Paramount Iteration,1,66,88.733085,1.309555
[MO833] Paramount Iteration,0,67,90.044520,1.309474
[MO833] Paramount Iteration,3,67,90.031595,1.309644
[MO833] Paramount Iteration,2,67,90.045353,1.312215
[MO833] Paramount Iteration,1,67,90.045238,1.312153
[MO833] Paramount Iteration,0,68,91.357158,1.312638
[MO833] Paramount Iteration,3,68,91.343956,1.312361
[MO833] Paramount Iteration,2,68,91.355624,1.310271
[MO833] Paramount Iteration,1,68,91.356016,1.310778
[MO833] Paramount Iteration,3,69,92.657067,1.313111
[MO833] Paramount Iteration,0,69,92.670487,1.313329
[MO833] Paramount Iteration,2,69,92.672851,1.317227
[MO833] Paramount Iteration,1,69,92.673221,1.317205
[MO833] Paramount Iteration,0,70,93.987083,1.316596
[MO833] Paramount Iteration,3,70,93.973905,1.316838
[MO833] Paramount Iteration,2,70,93.986656,1.313805
[MO833] Paramount Iteration,1,70,93.986950,1.313729
[MO833] Paramount Iteration,0,71,95.300745,1.313662
[MO833] Paramount Iteration,3,71,95.289431,1.315526
[MO833] Paramount Iteration,2,71,95.299641,1.312985
[MO833] Paramount Iteration,1,71,95.299560,1.312610
[MO833] Paramount Iteration,0,72,96.610136,1.309391
[MO833] Paramount Iteration,3,72,96.596999,1.307568
[MO833] Paramount Iteration,2,72,96.609743,1.310102
[MO833] Paramount Iteration,1,72,96.610009,1.310449
[MO833] Paramount Iteration,0,73,97.922479,1.312343
[MO833] Paramount Iteration,3,73,97.909286,1.312287
[MO833] Paramount Iteration,2,73,97.922169,1.312426
[MO833] Paramount Iteration,1,73,97.922298,1.312289
[MO833] Paramount Iteration,3,74,99.220084,1.310798
[MO833] Paramount Iteration,0,74,99.233741,1.311262
[MO833] Paramount Iteration,2,74,99.230987,1.308818
[MO833] Paramount Iteration,1,74,99.231332,1.309034
[MO833] Paramount Iteration,0,75,100.542432,1.308691
[MO833] Paramount Iteration,3,75,100.529512,1.309428
[MO833] Paramount Iteration,2,75,100.541614,1.310627
[MO833] Paramount Iteration,1,75,100.542023,1.310691
[MO833] Paramount Iteration,3,76,101.839468,1.309956
[MO833] Paramount Iteration,0,76,101.853386,1.310954
[MO833] Paramount Iteration,2,76,101.850422,1.308808
[MO833] Paramount Iteration,1,76,101.850910,1.308887
[MO833] Paramount Iteration,3,77,103.148399,1.308931
[MO833] Paramount Iteration,0,77,103.162158,1.308772
[MO833] Paramount Iteration,2,77,103.160572,1.310150
[MO833] Paramount Iteration,1,77,103.161024,1.310114
[MO833] Paramount Iteration,3,78,104.460749,1.312350
[MO833] Paramount Iteration,0,78,104.474549,1.312391
[MO833] Paramount Iteration,2,78,104.470353,1.309781
[MO833] Paramount Iteration,1,78,104.470705,1.309681
[MO833] Paramount Iteration,0,79,105.777887,1.303338
 Time step   80
[MO833] Paramount Iteration,3,79,105.764422,1.303673
[MO833] Paramount Iteration,2,79,105.777790,1.307437
[MO833] Paramount Iteration,1,79,105.778162,1.307457
[MO833] Paramount Iteration,0,80,107.087981,1.310094
[MO833] Paramount Iteration,3,80,107.074673,1.310251
[MO833] Paramount Iteration,2,80,107.090384,1.312594
[MO833] Paramount Iteration,1,80,107.090872,1.312710
[MO833] Paramount Iteration,0,81,108.411936,1.323955
[MO833] Paramount Iteration,3,81,108.398669,1.323996
[MO833] Paramount Iteration,2,81,108.408609,1.318225
[MO833] Paramount Iteration,1,81,108.408702,1.317830
[MO833] Paramount Iteration,3,82,109.704045,1.305376
[MO833] Paramount Iteration,0,82,109.718140,1.306204
[MO833] Paramount Iteration,2,82,109.719445,1.310836
[MO833] Paramount Iteration,1,82,109.719822,1.311120
[MO833] Paramount Iteration,3,83,111.012442,1.308397
[MO833] Paramount Iteration,0,83,111.026347,1.308207
[MO833] Paramount Iteration,2,83,111.027838,1.308393
[MO833] Paramount Iteration,1,83,111.028267,1.308445
[MO833] Paramount Iteration,3,84,112.323429,1.310987
[MO833] Paramount Iteration,0,84,112.337474,1.311127
[MO833] Paramount Iteration,2,84,112.338922,1.311084
[MO833] Paramount Iteration,1,84,112.339423,1.311156
[MO833] Paramount Iteration,0,85,113.651710,1.314236
[MO833] Paramount Iteration,3,85,113.638229,1.314800
[MO833] Paramount Iteration,2,85,113.649670,1.310748
[MO833] Paramount Iteration,1,85,113.650293,1.310870
[MO833] Paramount Iteration,0,86,114.962213,1.310503
[MO833] Paramount Iteration,3,86,114.948474,1.310245
[MO833] Paramount Iteration,2,86,114.959702,1.310032
[MO833] Paramount Iteration,1,86,114.959815,1.309522
[MO833] Paramount Iteration,0,87,116.272683,1.310470
[MO833] Paramount Iteration,3,87,116.259128,1.310654
[MO833] Paramount Iteration,2,87,116.270699,1.310997
[MO833] Paramount Iteration,1,87,116.271559,1.311744
[MO833] Paramount Iteration,3,88,117.567679,1.308551
[MO833] Paramount Iteration,0,88,117.581621,1.308938
[MO833] Paramount Iteration,2,88,117.582597,1.311898
[MO833] Paramount Iteration,1,88,117.583095,1.311536
[MO833] Paramount Iteration,0,89,118.891985,1.310364
[MO833] Paramount Iteration,3,89,118.878457,1.310778
[MO833] Paramount Iteration,2,89,118.892675,1.310078
[MO833] Paramount Iteration,1,89,118.892946,1.309851
[MO833] Paramount Iteration,0,90,120.202048,1.310063
[MO833] Paramount Iteration,3,90,120.188357,1.309900
[MO833] Paramount Iteration,2,90,120.203296,1.310621
[MO833] Paramount Iteration,1,90,120.204101,1.311155
[MO833] Paramount Iteration,0,91,121.513721,1.311673
[MO833] Paramount Iteration,3,91,121.500273,1.311916
[MO833] Paramount Iteration,2,91,121.515926,1.312630
[MO833] Paramount Iteration,1,91,121.516115,1.312014
[MO833] Paramount Iteration,0,92,122.829449,1.315728
[MO833] Paramount Iteration,3,92,122.815774,1.315501
[MO833] Paramount Iteration,2,92,122.829118,1.313192
[MO833] Paramount Iteration,1,92,122.829795,1.313680
[MO833] Paramount Iteration,0,93,124.139765,1.310316
[MO833] Paramount Iteration,3,93,124.126234,1.310460
[MO833] Paramount Iteration,2,93,124.138772,1.309654
[MO833] Paramount Iteration,1,93,124.139321,1.309526
[MO833] Paramount Iteration,0,94,125.451511,1.311746
[MO833] Paramount Iteration,3,94,125.437745,1.311511
[MO833] Paramount Iteration,2,94,125.448184,1.309412
[MO833] Paramount Iteration,1,94,125.448931,1.309610
[MO833] Paramount Iteration,3,95,126.745617,1.307872
[MO833] Paramount Iteration,0,95,126.759723,1.308212
[MO833] Paramount Iteration,2,95,126.757887,1.309703
[MO833] Paramount Iteration,1,95,126.758682,1.309751
[MO833] Paramount Iteration,0,96,128.068568,1.308845
[MO833] Paramount Iteration,3,96,128.054961,1.309344
[MO833] Paramount Iteration,2,96,128.067057,1.309170
[MO833] Paramount Iteration,1,96,128.067858,1.309176
[MO833] Paramount Iteration,0,97,129.378065,1.309497
[MO833] Paramount Iteration,3,97,129.364490,1.309529
[MO833] Paramount Iteration,2,97,129.376135,1.309078
[MO833] Paramount Iteration,1,97,129.376977,1.309119
[MO833] Paramount Iteration,0,98,130.685560,1.307495
[MO833] Paramount Iteration,3,98,130.671712,1.307222
[MO833] Paramount Iteration,2,98,130.685354,1.309219
[MO833] Paramount Iteration,1,98,130.686206,1.309229
[MO833] Paramount Iteration,0,99,131.997415,1.311855
 Time step  100
[MO833] Paramount Iteration,3,99,131.983560,1.311848
[MO833] Paramount Iteration,2,99,131.995981,1.310627
[MO833] Paramount Iteration,1,99,131.996836,1.310630
[MO833] Paramount Iteration,3,100,133.292505,1.308945
[MO833] Paramount Iteration,0,100,133.307170,1.309755
[MO833] Paramount Iteration,2,100,133.305998,1.310017
[MO833] Paramount Iteration,1,100,133.306596,1.309760
[MO833] Paramount Iteration,3,101,134.605715,1.313210
[MO833] Paramount Iteration,0,101,134.620401,1.313231
[MO833] Paramount Iteration,2,101,134.618252,1.312254
[MO833] Paramount Iteration,1,101,134.619025,1.312429
[MO833] Paramount Iteration,3,102,135.913101,1.307386
[MO833] Paramount Iteration,0,102,135.927505,1.307104
[MO833] Paramount Iteration,2,102,135.928039,1.309787
[MO833] Paramount Iteration,1,102,135.928885,1.309860
[MO833] Paramount Iteration,3,103,137.225781,1.312680
[MO833] Paramount Iteration,0,103,137.240632,1.313127
[MO833] Paramount Iteration,2,103,137.244165,1.316126
[MO833] Paramount Iteration,1,103,137.244959,1.316074
[MO833] Paramount Iteration,0,104,138.552176,1.311544
[MO833] Paramount Iteration,3,104,138.538260,1.312479
[MO833] Paramount Iteration,2,104,138.551287,1.307122
[MO833] Paramount Iteration,1,104,138.552127,1.307168
[MO833] Paramount Iteration,3,105,139.845385,1.307125
[MO833] Paramount Iteration,0,105,139.860278,1.308102
[MO833] Paramount Iteration,2,105,139.861431,1.310144
[MO833] Paramount Iteration,1,105,139.862632,1.310505
[MO833] Paramount Iteration,3,106,141.156289,1.310904
[MO833] Paramount Iteration,0,106,141.170871,1.310593
[MO833] Paramount Iteration,2,106,141.170040,1.308609
[MO833] Paramount Iteration,1,106,141.171062,1.308430
[MO833] Paramount Iteration,3,107,142.466836,1.310547
[MO833] Paramount Iteration,0,107,142.481996,1.311125
[MO833] Paramount Iteration,2,107,142.481523,1.311483
[MO833] Paramount Iteration,1,107,142.482378,1.311316
[MO833] Paramount Iteration,3,108,143.776357,1.309521
[MO833] Paramount Iteration,0,108,143.791026,1.309030
[MO833] Paramount Iteration,2,108,143.793102,1.311579
[MO833] Paramount Iteration,1,108,143.794020,1.311642
[MO833] Paramount Iteration,0,109,145.102598,1.311572
[MO833] Paramount Iteration,3,109,145.088434,1.312077
[MO833] Paramount Iteration,2,109,145.101783,1.308681
[MO833] Paramount Iteration,1,109,145.102761,1.308741
[MO833] Paramount Iteration,3,110,146.398118,1.309684
[MO833] Paramount Iteration,0,110,146.412926,1.310328
[MO833] Paramount Iteration,2,110,146.414487,1.312704
[MO833] Paramount Iteration,1,110,146.415131,1.312370
[MO833] Paramount Iteration,0,111,147.727261,1.314335
[MO833] Paramount Iteration,3,111,147.712855,1.314737
[MO833] Paramount Iteration,2,111,147.725138,1.310651
[MO833] Paramount Iteration,1,111,147.725974,1.310843
[MO833] Paramount Iteration,3,112,149.023609,1.310754
[MO833] Paramount Iteration,0,112,149.038226,1.310965
[MO833] Paramount Iteration,2,112,149.035570,1.310432
[MO833] Paramount Iteration,1,112,149.036813,1.310839
[MO833] Paramount Iteration,0,113,150.348466,1.310240
[MO833] Paramount Iteration,3,113,150.333967,1.310358
[MO833] Paramount Iteration,2,113,150.347138,1.311568
[MO833] Paramount Iteration,1,113,150.348334,1.311521
[MO833] Paramount Iteration,0,114,151.662179,1.313713
[MO833] Paramount Iteration,3,114,151.647578,1.313611
[MO833] Paramount Iteration,2,114,151.661489,1.314351
[MO833] Paramount Iteration,1,114,151.662327,1.313993
[MO833] Paramount Iteration,0,115,152.977224,1.315045
[MO833] Paramount Iteration,3,115,152.962870,1.315292
[MO833] Paramount Iteration,2,115,152.975111,1.313622
[MO833] Paramount Iteration,1,115,152.976028,1.313701
[MO833] Paramount Iteration,0,116,154.288406,1.311182
[MO833] Paramount Iteration,3,116,154.273823,1.310953
[MO833] Paramount Iteration,2,116,154.286715,1.311604
[MO833] Paramount Iteration,1,116,154.287867,1.311839
[MO833] Paramount Iteration,0,117,155.602773,1.314367
[MO833] Paramount Iteration,3,117,155.588534,1.314711
[MO833] Paramount Iteration,2,117,155.599032,1.312317
[MO833] Paramount Iteration,1,117,155.600142,1.312275
[MO833] Paramount Iteration,3,118,156.897946,1.309412
[MO833] Paramount Iteration,0,118,156.912980,1.310207
[MO833] Paramount Iteration,2,118,156.911947,1.312915
[MO833] Paramount Iteration,1,118,156.913203,1.313061
[MO833] Paramount Iteration,0,119,158.228355,1.315375
 Time step  120
[MO833] Paramount Iteration,3,119,158.214006,1.316060
[MO833] Paramount Iteration,2,119,158.222919,1.310972
[MO833] Paramount Iteration,1,119,158.224180,1.310977
[MO833] Paramount Iteration,3,120,159.527183,1.313177
[MO833] Paramount Iteration,0,120,159.542387,1.314032
[MO833] Paramount Iteration,2,120,159.535320,1.312401
[MO833] Paramount Iteration,1,120,159.536492,1.312312
[MO833] Paramount Iteration,3,121,160.833698,1.306515
[MO833] Paramount Iteration,0,121,160.848690,1.306303
[MO833] Paramount Iteration,2,121,160.847015,1.311695
[MO833] Paramount Iteration,1,121,160.848078,1.311586
[MO833] Paramount Iteration,3,122,162.146053,1.312355
[MO833] Paramount Iteration,0,122,162.161263,1.312573
[MO833] Paramount Iteration,2,122,162.158937,1.311922
[MO833] Paramount Iteration,1,122,162.160216,1.312138
[MO833] Paramount Iteration,0,123,163.472845,1.311582
[MO833] Paramount Iteration,3,123,163.458193,1.312140
[MO833] Paramount Iteration,2,123,163.471228,1.312291
[MO833] Paramount Iteration,1,123,163.472594,1.312378
[MO833] Paramount Iteration,0,124,164.785514,1.312669
[MO833] Paramount Iteration,3,124,164.770813,1.312620
[MO833] Paramount Iteration,2,124,164.783568,1.312340
[MO833] Paramount Iteration,1,124,164.784967,1.312373
[MO833] Paramount Iteration,3,125,166.076950,1.306137
[MO833] Paramount Iteration,0,125,166.092284,1.306770
[MO833] Paramount Iteration,2,125,166.091727,1.308159
[MO833] Paramount Iteration,1,125,166.093398,1.308431
[MO833] Paramount Iteration,0,126,167.404583,1.312299
[MO833] Paramount Iteration,3,126,167.389630,1.312680
[MO833] Paramount Iteration,2,126,167.406241,1.314514
[MO833] Paramount Iteration,1,126,167.407660,1.314262
[MO833] Paramount Iteration,3,127,168.704574,1.314944
[MO833] Paramount Iteration,0,127,168.719713,1.315130
[MO833] Paramount Iteration,2,127,168.716496,1.310255
[MO833] Paramount Iteration,1,127,168.717994,1.310334
[MO833] Paramount Iteration,0,128,170.028882,1.309169
[MO833] Paramount Iteration,3,128,170.013966,1.309392
[MO833] Paramount Iteration,2,128,170.026749,1.310253
[MO833] Paramount Iteration,1,128,170.028299,1.310305
[MO833] Paramount Iteration,3,129,171.319410,1.305444
[MO833] Paramount Iteration,0,129,171.335039,1.306157
[MO833] Paramount Iteration,2,129,171.336480,1.309731
[MO833] Paramount Iteration,1,129,171.338276,1.309977
[MO833] Paramount Iteration,0,130,172.648434,1.313395
[MO833] Paramount Iteration,3,130,172.633289,1.313879
[MO833] Paramount Iteration,2,130,172.651035,1.314555
[MO833] Paramount Iteration,1,130,172.652689,1.314413
[MO833] Paramount Iteration,0,131,173.961540,1.313106
[MO833] Paramount Iteration,3,131,173.946668,1.313379
[MO833] Paramount Iteration,2,131,173.961659,1.310624
[MO833] Paramount Iteration,1,131,173.963506,1.310817
[MO833] Paramount Iteration,0,132,175.275961,1.314421
[MO833] Paramount Iteration,3,132,175.260807,1.314139
[MO833] Paramount Iteration,2,132,175.274218,1.312559
[MO833] Paramount Iteration,1,132,175.276096,1.312590
[MO833] Paramount Iteration,0,133,176.589388,1.313427
[MO833] Paramount Iteration,3,133,176.574522,1.313715
[MO833] Paramount Iteration,2,133,176.586180,1.311962
[MO833] Paramount Iteration,1,133,176.588101,1.312005
[MO833] Paramount Iteration,3,134,177.887190,1.312668
[MO833] Paramount Iteration,0,134,177.902614,1.313226
[MO833] Paramount Iteration,2,134,177.897938,1.311758
[MO833] Paramount Iteration,1,134,177.899581,1.311480
[MO833] Paramount Iteration,3,135,179.198073,1.310883
[MO833] Paramount Iteration,0,135,179.213589,1.310975
[MO833] Paramount Iteration,2,135,179.208834,1.310896
[MO833] Paramount Iteration,1,135,179.210896,1.311315
[MO833] Paramount Iteration,0,136,180.522691,1.309102
[MO833] Paramount Iteration,3,136,180.507418,1.309345
[MO833] Paramount Iteration,2,136,180.520741,1.311907
[MO833] Paramount Iteration,1,136,180.523009,1.312113
[MO833] Paramount Iteration,0,137,181.838488,1.315797
[MO833] Paramount Iteration,3,137,181.823191,1.315773
[MO833] Paramount Iteration,2,137,181.835837,1.315096
[MO833] Paramount Iteration,1,137,181.837516,1.314507
[MO833] Paramount Iteration,0,138,183.148012,1.309524
[MO833] Paramount Iteration,3,138,183.132728,1.309537
[MO833] Paramount Iteration,2,138,183.148284,1.312447
[MO833] Paramount Iteration,1,138,183.150043,1.312527
[MO833] Paramount Iteration,0,139,184.459550,1.311538
 Time step  140
[MO833] Paramount Iteration,3,139,184.444314,1.311586
[MO833] Paramount Iteration,2,139,184.457936,1.309652
[MO833] Paramount Iteration,1,139,184.459737,1.309694
[MO833] Paramount Iteration,3,140,185.751843,1.307529
[MO833] Paramount Iteration,0,140,185.767821,1.308271
[MO833] Paramount Iteration,2,140,185.766216,1.308280
[MO833] Paramount Iteration,1,140,185.768690,1.308953
[MO833] Paramount Iteration,0,141,187.078318,1.310497
[MO833] Paramount Iteration,3,141,187.062996,1.311153
[MO833] Paramount Iteration,2,141,187.073799,1.307583
[MO833] Paramount Iteration,1,141,187.076020,1.307330
[MO833] Paramount Iteration,0,142,188.393732,1.315414
[MO833] Paramount Iteration,3,142,188.378178,1.315182
[MO833] Paramount Iteration,2,142,188.385796,1.311997
[MO833] Paramount Iteration,1,142,188.387626,1.311606
[MO833] Paramount Iteration,0,143,189.698144,1.304412
[MO833] Paramount Iteration,3,143,189.682779,1.304601
[MO833] Paramount Iteration,2,143,189.696384,1.310588
[MO833] Paramount Iteration,1,143,189.698791,1.311165
[MO833] Paramount Iteration,0,144,191.008055,1.309911
[MO833] Paramount Iteration,3,144,190.992632,1.309853
[MO833] Paramount Iteration,2,144,191.004394,1.308010
[MO833] Paramount Iteration,1,144,191.006591,1.307800
[MO833] Paramount Iteration,3,145,192.301224,1.308592
[MO833] Paramount Iteration,0,145,192.317185,1.309130
[MO833] Paramount Iteration,2,145,192.311917,1.307523
[MO833] Paramount Iteration,1,145,192.314245,1.307654
[MO833] Paramount Iteration,0,146,193.624385,1.307200
[MO833] Paramount Iteration,3,146,193.608646,1.307422
[MO833] Paramount Iteration,2,146,193.622080,1.310163
[MO833] Paramount Iteration,1,146,193.624290,1.310045
[MO833] Paramount Iteration,0,147,194.932901,1.308516
[MO833] Paramount Iteration,3,147,194.917108,1.308462
[MO833] Paramount Iteration,2,147,194.930120,1.308040
[MO833] Paramount Iteration,1,147,194.932562,1.308272
[MO833] Paramount Iteration,3,148,196.228474,1.311366
[MO833] Paramount Iteration,0,148,196.244965,1.312064
[MO833] Paramount Iteration,2,148,196.241392,1.311272
[MO833] Paramount Iteration,1,148,196.243859,1.311297
[MO833] Paramount Iteration,3,149,197.542461,1.313987
[MO833] Paramount Iteration,0,149,197.558589,1.313624
[MO833] Paramount Iteration,2,149,197.560327,1.318935
[MO833] Paramount Iteration,1,149,197.562592,1.318733
[MO833] Paramount Iteration,3,150,198.858117,1.315656
[MO833] Paramount Iteration,0,150,198.874186,1.315597
[MO833] Paramount Iteration,2,150,198.872593,1.312266
[MO833] Paramount Iteration,1,150,198.874748,1.312156
[MO833] Paramount Iteration,3,151,200.168566,1.310449
[MO833] Paramount Iteration,0,151,200.184729,1.310543
[MO833] Paramount Iteration,2,151,200.185527,1.312934
[MO833] Paramount Iteration,1,151,200.187919,1.313171
[MO833] Paramount Iteration,3,152,201.481478,1.312912
[MO833] Paramount Iteration,0,152,201.497669,1.312940
[MO833] Paramount Iteration,2,152,201.499378,1.313851
[MO833] Paramount Iteration,1,152,201.501671,1.313752
[MO833] Paramount Iteration,3,153,202.794897,1.313419
[MO833] Paramount Iteration,0,153,202.811108,1.313439
[MO833] Paramount Iteration,2,153,202.812236,1.312858
[MO833] Paramount Iteration,1,153,202.814661,1.312990
[MO833] Paramount Iteration,3,154,204.107724,1.312827
[MO833] Paramount Iteration,0,154,204.123900,1.312792
[MO833] Paramount Iteration,2,154,204.125941,1.313705
[MO833] Paramount Iteration,1,154,204.128449,1.313788
[MO833] Paramount Iteration,3,155,205.423231,1.315507
[MO833] Paramount Iteration,0,155,205.439796,1.315896
[MO833] Paramount Iteration,2,155,205.435748,1.309807
[MO833] Paramount Iteration,1,155,205.438081,1.309632
[MO833] Paramount Iteration,3,156,206.730868,1.307637
[MO833] Paramount Iteration,0,156,206.747253,1.307457
[MO833] Paramount Iteration,2,156,206.748781,1.313033
[MO833] Paramount Iteration,1,156,206.751413,1.313332
[MO833] Paramount Iteration,0,157,208.060879,1.313626
[MO833] Paramount Iteration,3,157,208.044866,1.313998
[MO833] Paramount Iteration,2,157,208.057262,1.308481
[MO833] Paramount Iteration,1,157,208.059723,1.308310
[MO833] Paramount Iteration,3,158,209.351750,1.306884
[MO833] Paramount Iteration,0,158,209.368173,1.307294
[MO833] Paramount Iteration,2,158,209.366863,1.309601
[MO833] Paramount Iteration,1,158,209.369223,1.309500
[MO833] Paramount Iteration,0,159,210.677029,1.308856
 Time step  160
[MO833] Paramount Iteration,3,159,210.660852,1.309102
[MO833] Paramount Iteration,2,159,210.677701,1.310838
[MO833] Paramount Iteration,1,159,210.680834,1.311611
[MO833] Paramount Iteration,0,160,211.995922,1.318893
[MO833] Paramount Iteration,3,160,211.979619,1.318767
[MO833] Paramount Iteration,2,160,211.993595,1.315894
[MO833] Paramount Iteration,1,160,211.996135,1.315301
[MO833] Paramount Iteration,0,161,213.310280,1.314358
[MO833] Paramount Iteration,3,161,213.294240,1.314621
[MO833] Paramount Iteration,2,161,213.308044,1.314449
[MO833] Paramount Iteration,1,161,213.310701,1.314566
[MO833] Paramount Iteration,0,162,214.622680,1.312400
[MO833] Paramount Iteration,3,162,214.606965,1.312725
[MO833] Paramount Iteration,2,162,214.621921,1.313877
[MO833] Paramount Iteration,1,162,214.625416,1.314715
[MO833] Paramount Iteration,3,163,215.920108,1.313143
[MO833] Paramount Iteration,0,163,215.936959,1.314279
[MO833] Paramount Iteration,2,163,215.935942,1.314021
[MO833] Paramount Iteration,1,163,215.938620,1.313204
[MO833] Paramount Iteration,0,164,217.248756,1.311797
[MO833] Paramount Iteration,3,164,217.232394,1.312286
[MO833] Paramount Iteration,2,164,217.244437,1.308495
[MO833] Paramount Iteration,1,164,217.247409,1.308789
[MO833] Paramount Iteration,0,165,218.558945,1.310189
[MO833] Paramount Iteration,3,165,218.542840,1.310446
[MO833] Paramount Iteration,2,165,218.556089,1.311652
[MO833] Paramount Iteration,1,165,218.558919,1.311510
[MO833] Paramount Iteration,3,166,219.849683,1.306843
[MO833] Paramount Iteration,0,166,219.866609,1.307664
[MO833] Paramount Iteration,2,166,219.864807,1.308718
[MO833] Paramount Iteration,1,166,219.867778,1.308859
[MO833] Paramount Iteration,0,167,221.175841,1.309232
[MO833] Paramount Iteration,3,167,221.159459,1.309776
[MO833] Paramount Iteration,2,167,221.172429,1.307622
[MO833] Paramount Iteration,1,167,221.175428,1.307650
[MO833] Paramount Iteration,3,168,222.470618,1.311159
[MO833] Paramount Iteration,0,168,222.487470,1.311629
[MO833] Paramount Iteration,2,168,222.484429,1.312000
[MO833] Paramount Iteration,1,168,222.487075,1.311647
[MO833] Paramount Iteration,0,169,223.797552,1.310082
[MO833] Paramount Iteration,3,169,223.781017,1.310399
[MO833] Paramount Iteration,2,169,223.793664,1.309235
[MO833] Paramount Iteration,1,169,223.796774,1.309699
[MO833] Paramount Iteration,3,170,225.087417,1.306400
[MO833] Paramount Iteration,0,170,225.104279,1.306727
[MO833] Paramount Iteration,2,170,225.101801,1.308137
[MO833] Paramount Iteration,1,170,225.104904,1.308130
[MO833] Paramount Iteration,3,171,226.393793,1.306376
[MO833] Paramount Iteration,0,171,226.410951,1.306672
[MO833] Paramount Iteration,2,171,226.411273,1.309472
[MO833] Paramount Iteration,1,171,226.414098,1.309194
[MO833] Paramount Iteration,0,172,227.726095,1.315144
[MO833] Paramount Iteration,3,172,227.709426,1.315633
[MO833] Paramount Iteration,2,172,227.723333,1.312060
[MO833] Paramount Iteration,1,172,227.726446,1.312348
[MO833] Paramount Iteration,0,173,229.034539,1.308444
[MO833] Paramount Iteration,3,173,229.017973,1.308547
[MO833] Paramount Iteration,2,173,229.033955,1.310622
[MO833] Paramount Iteration,1,173,229.037225,1.310779
[MO833] Paramount Iteration,3,174,230.329218,1.311245
[MO833] Paramount Iteration,0,174,230.346560,1.312021
[MO833] Paramount Iteration,2,174,230.347155,1.313200
[MO833] Paramount Iteration,1,174,230.350261,1.313036
[MO833] Paramount Iteration,3,175,231.646030,1.316812
[MO833] Paramount Iteration,0,175,231.663191,1.316631
[MO833] Paramount Iteration,2,175,231.656432,1.309277
[MO833] Paramount Iteration,1,175,231.659879,1.309618
[MO833] Paramount Iteration,3,176,232.953600,1.307570
[MO833] Paramount Iteration,0,176,232.970836,1.307645
[MO833] Paramount Iteration,2,176,232.968270,1.311838
[MO833] Paramount Iteration,1,176,232.971399,1.311520
[MO833] Paramount Iteration,0,177,234.281077,1.310241
[MO833] Paramount Iteration,3,177,234.264234,1.310634
[MO833] Paramount Iteration,2,177,234.277748,1.309478
[MO833] Paramount Iteration,1,177,234.281328,1.309929
[MO833] Paramount Iteration,3,178,235.573680,1.309446
[MO833] Paramount Iteration,0,178,235.590867,1.309790
[MO833] Paramount Iteration,2,178,235.584872,1.307124
[MO833] Paramount Iteration,1,178,235.588254,1.306926
[MO833] Paramount Iteration,3,179,236.880161,1.306481
[MO833] Paramount Iteration,0,179,236.897880,1.307013
 Time step  180
[MO833] Paramount Iteration,2,179,236.895152,1.310280
[MO833] Paramount Iteration,1,179,236.898553,1.310299
[MO833] Paramount Iteration,0,180,238.209308,1.311428
[MO833] Paramount Iteration,3,180,238.192280,1.312119
[MO833] Paramount Iteration,2,180,238.204289,1.309137
[MO833] Paramount Iteration,1,180,238.207395,1.308842
[MO833] Paramount Iteration,3,181,239.501010,1.308730
[MO833] Paramount Iteration,0,181,239.518746,1.309438
[MO833] Paramount Iteration,2,181,239.513629,1.309340
[MO833] Paramount Iteration,1,181,239.516814,1.309419
[MO833] Paramount Iteration,3,182,240.806959,1.305949
[MO833] Paramount Iteration,0,182,240.824360,1.305614
[MO833] Paramount Iteration,2,182,240.823486,1.309857
[MO833] Paramount Iteration,1,182,240.826857,1.310043
[MO833] Paramount Iteration,0,183,242.139353,1.314993
[MO833] Paramount Iteration,3,183,242.122102,1.315143
[MO833] Paramount Iteration,2,183,242.138621,1.315135
[MO833] Paramount Iteration,1,183,242.142415,1.315558
[MO833] Paramount Iteration,0,184,243.452739,1.313386
[MO833] Paramount Iteration,3,184,243.435411,1.313309
[MO833] Paramount Iteration,2,184,243.450302,1.311681
[MO833] Paramount Iteration,1,184,243.453880,1.311465
[MO833] Paramount Iteration,0,185,244.762523,1.309784
[MO833] Paramount Iteration,3,185,244.745153,1.309742
[MO833] Paramount Iteration,2,185,244.763596,1.313294
[MO833] Paramount Iteration,1,185,244.767408,1.313528
[MO833] Paramount Iteration,0,186,246.077741,1.315218
[MO833] Paramount Iteration,3,186,246.060545,1.315392
[MO833] Paramount Iteration,2,186,246.075470,1.311874
[MO833] Paramount Iteration,1,186,246.079059,1.311651
[MO833] Paramount Iteration,0,187,247.390035,1.312294
[MO833] Paramount Iteration,3,187,247.372720,1.312175
[MO833] Paramount Iteration,2,187,247.386674,1.311204
[MO833] Paramount Iteration,1,187,247.390487,1.311428
[MO833] Paramount Iteration,0,188,248.705018,1.314983
[MO833] Paramount Iteration,3,188,248.687727,1.315007
[MO833] Paramount Iteration,2,188,248.700214,1.313540
[MO833] Paramount Iteration,1,188,248.703869,1.313382
[MO833] Paramount Iteration,0,189,250.014929,1.309911
[MO833] Paramount Iteration,3,189,249.997547,1.309820
[MO833] Paramount Iteration,2,189,250.007086,1.306872
[MO833] Paramount Iteration,1,189,250.010655,1.306786
[MO833] Paramount Iteration,0,190,251.321932,1.307003
[MO833] Paramount Iteration,3,190,251.304436,1.306889
[MO833] Paramount Iteration,2,190,251.315900,1.308814
[MO833] Paramount Iteration,1,190,251.319537,1.308882
[MO833] Paramount Iteration,0,191,252.631464,1.309532
[MO833] Paramount Iteration,3,191,252.613985,1.309549
[MO833] Paramount Iteration,2,191,252.628633,1.312733
[MO833] Paramount Iteration,1,191,252.632396,1.312859
[MO833] Paramount Iteration,0,192,253.945589,1.314125
[MO833] Paramount Iteration,3,192,253.927976,1.313991
[MO833] Paramount Iteration,2,192,253.937433,1.308800
[MO833] Paramount Iteration,1,192,253.941077,1.308681
[MO833] Paramount Iteration,0,193,255.250952,1.305363
[MO833] Paramount Iteration,3,193,255.233384,1.305408
[MO833] Paramount Iteration,2,193,255.244579,1.307146
[MO833] Paramount Iteration,1,193,255.248693,1.307616
[MO833] Paramount Iteration,0,194,256.558080,1.307128
[MO833] Paramount Iteration,3,194,256.540850,1.307466
[MO833] Paramount Iteration,2,194,256.558496,1.313917
[MO833] Paramount Iteration,1,194,256.562211,1.313518
[MO833] Paramount Iteration,0,195,257.874426,1.316346
[MO833] Paramount Iteration,3,195,257.856938,1.316088
[MO833] Paramount Iteration,2,195,257.872498,1.314002
[MO833] Paramount Iteration,1,195,257.876635,1.314424
[MO833] Paramount Iteration,0,196,259.184420,1.309994
[MO833] Paramount Iteration,3,196,259.166549,1.309611
[MO833] Paramount Iteration,2,196,259.181955,1.309457
[MO833] Paramount Iteration,1,196,259.186204,1.309569
[MO833] Paramount Iteration,3,197,260.477115,1.310566
[MO833] Paramount Iteration,0,197,260.495225,1.310805
[MO833] Paramount Iteration,2,197,260.491400,1.309445
[MO833] Paramount Iteration,1,197,260.495519,1.309315
[MO833] Paramount Iteration,3,198,261.785931,1.308816
[MO833] Paramount Iteration,0,198,261.804121,1.308896
[MO833] Paramount Iteration,2,198,261.800355,1.308955
[MO833] Paramount Iteration,1,198,261.804904,1.309385
[MO833] Paramount Iteration,0,199,263.116194,1.312073
 Time step  200
[MO833] Paramount Iteration,3,199,263.098185,1.312254
[MO833] Paramount Iteration,2,199,263.115277,1.314922
[MO833] Paramount Iteration,1,199,263.119643,1.314739
 Verification being performed for class C
 accuracy setting for epsilon =  0.1000000000000E-07
 Comparison of RMS-norms of residual
           1 0.6239811655176E+04 0.6239811655176E+04 0.4226945909422E-14
           2 0.5079323919042E+03 0.5079323919042E+03 0.2238227754985E-15
           3 0.1542353009301E+04 0.1542353009301E+04 0.7813259821725E-14
           4 0.1330238792929E+04 0.1330238792929E+04 0.3760393161243E-14
[MO833] PI avg,1,1.304651,200
[MO833] Beta,1,0.000629
           5 0.1160408742844E+05 0.1160408742844E+05 0.1018902278698E-13
 Comparison of RMS-norms of solution error
           1 0.1646200836909E+03 0.1646200836909E+03 0.5179509472933E-15
           2 0.1149710790382E+02 0.1149710790382E+02 0.3399102695540E-14
           3 0.4120744620746E+02 0.4120744620746E+02 0.1379445320989E-14
           4 0.3708765105969E+02 0.3708765105969E+02 0.9770820876587E-14
           5 0.3621105305184E+03 0.3621105305184E+03 0.3139561767476E-14
 Verification Successful
[MO833] PI avg,2,1.304625,200
[MO833] Beta,2,0.000632
[MO833] PI avg,3,1.304557,200
[MO833] Beta,3,0.000673


 BT Benchmark Completed.
 Class           =                        C
 Size            =            162x 162x 162
 Iterations      =                      200
 Time in seconds =                   262.24
 Total processes =                        8
 Active procs    =                        4
 Mop/s total     =                 10929.89
 Mop/s/process   =                  1366.24
 Operation type  =           floating point
 Verification    =               SUCCESSFUL
 Version         =                      3.4
 Compile date    =              17 Jun 2020

 Compile options:
    MPIFC        = mpif90
    FLINK        = $(MPIFC)
    FMPI_LIB     = (none)
    FMPI_INC     = (none)
    FFLAGS       = -O3
    FLINKFLAGS   = $(FFLAGS) -O ../kernel_stats/kernel_stats.o...
    RAND         = (none)


 Please send feedbacks and/or the results of this run to:

 NPB Development Team 
 Internet: npb@nas.nasa.gov


[MO833] PI avg,0,1.304584,200
[MO833] Beta,0,0.000674
[MO833] Total time,264.606980
