--------------------------------------------------------------------------
[[6403,1],0]: A high-performance Open MPI point-to-point messaging module
was unable to find any relevant network interfaces:

Module: OpenFabrics (openib)
  Host: ip-172-31-67-214

Another transport will be used instead, although this may result in
lower performance.

NOTE: You can disable this warning by setting the MCA parameter
btl_base_warn_component_unused to 0.
--------------------------------------------------------------------------


 NAS Parallel Benchmarks 3.4 -- BT Benchmark

 No input file inputbt.data. Using compiled defaults
 Size:  102x 102x 102  (class B)
 Iterations:  200    dt:   0.0003000
 Total number of processes:     4

 Time step    1
[MO833] Paramount Iteration,1,1,1.164477,0.413865
[MO833] Paramount Iteration,2,1,1.164504,0.414090
[MO833] Paramount Iteration,3,1,1.171465,0.420702
[MO833] Paramount Iteration,0,1,1.181296,0.421887
[MO833] Paramount Iteration,1,2,1.580343,0.415866
[MO833] Paramount Iteration,2,2,1.580313,0.415809
[MO833] Paramount Iteration,3,2,1.587735,0.416270
[MO833] Paramount Iteration,0,2,1.597744,0.416448
[MO833] Paramount Iteration,2,3,1.998535,0.418222
[MO833] Paramount Iteration,1,3,1.998861,0.418518
[MO833] Paramount Iteration,3,3,2.006943,0.419208
[MO833] Paramount Iteration,0,3,2.016603,0.418859
[MO833] Paramount Iteration,1,4,2.421486,0.422625
[MO833] Paramount Iteration,2,4,2.421704,0.423169
[MO833] Paramount Iteration,3,4,2.430534,0.423591
[MO833] Paramount Iteration,0,4,2.440054,0.423451
[MO833] Paramount Iteration,1,5,2.841990,0.420504
[MO833] Paramount Iteration,2,5,2.841991,0.420287
[MO833] Paramount Iteration,3,5,2.852081,0.421547
[MO833] Paramount Iteration,0,5,2.861903,0.421849
[MO833] Paramount Iteration,1,6,3.263496,0.421506
[MO833] Paramount Iteration,2,6,3.263576,0.421585
[MO833] Paramount Iteration,3,6,3.274013,0.421932
[MO833] Paramount Iteration,0,6,3.283700,0.421797
[MO833] Paramount Iteration,1,7,3.687744,0.424248
[MO833] Paramount Iteration,2,7,3.687817,0.424241
[MO833] Paramount Iteration,3,7,3.697541,0.423528
[MO833] Paramount Iteration,0,7,3.707226,0.423526
[MO833] Paramount Iteration,1,8,4.110631,0.422887
[MO833] Paramount Iteration,2,8,4.110600,0.422783
[MO833] Paramount Iteration,3,8,4.118773,0.421232
[MO833] Paramount Iteration,0,8,4.128315,0.421089
[MO833] Paramount Iteration,1,9,4.532088,0.421457
[MO833] Paramount Iteration,2,9,4.532178,0.421578
[MO833] Paramount Iteration,3,9,4.538491,0.419718
[MO833] Paramount Iteration,0,9,4.548154,0.419839
[MO833] Paramount Iteration,1,10,4.952351,0.420263
[MO833] Paramount Iteration,2,10,4.952350,0.420172
[MO833] Paramount Iteration,3,10,4.962761,0.424270
[MO833] Paramount Iteration,0,10,4.972465,0.424311
[MO833] Paramount Iteration,1,11,5.374166,0.421815
[MO833] Paramount Iteration,2,11,5.374172,0.421822
[MO833] Paramount Iteration,3,11,5.381200,0.418439
[MO833] Paramount Iteration,0,11,5.390621,0.418156
[MO833] Paramount Iteration,1,12,5.791697,0.417531
[MO833] Paramount Iteration,2,12,5.791782,0.417610
[MO833] Paramount Iteration,3,12,5.801050,0.419850
[MO833] Paramount Iteration,0,12,5.810546,0.419925
[MO833] Paramount Iteration,1,13,6.215496,0.423799
[MO833] Paramount Iteration,2,13,6.215544,0.423762
[MO833] Paramount Iteration,3,13,6.227109,0.426059
[MO833] Paramount Iteration,0,13,6.236437,0.425891
[MO833] Paramount Iteration,1,14,6.641741,0.426245
[MO833] Paramount Iteration,2,14,6.641829,0.426285
[MO833] Paramount Iteration,3,14,6.651464,0.424355
[MO833] Paramount Iteration,0,14,6.660879,0.424442
[MO833] Paramount Iteration,1,15,7.067856,0.426115
[MO833] Paramount Iteration,2,15,7.067843,0.426014
[MO833] Paramount Iteration,3,15,7.079153,0.427689
[MO833] Paramount Iteration,0,15,7.088774,0.427895
[MO833] Paramount Iteration,1,16,7.496140,0.428284
[MO833] Paramount Iteration,2,16,7.496015,0.428172
[MO833] Paramount Iteration,3,16,7.506896,0.427743
[MO833] Paramount Iteration,0,16,7.516205,0.427431
[MO833] Paramount Iteration,1,17,7.916397,0.420257
[MO833] Paramount Iteration,2,17,7.916375,0.420360
[MO833] Paramount Iteration,3,17,7.927701,0.420805
[MO833] Paramount Iteration,0,17,7.937295,0.421090
[MO833] Paramount Iteration,1,18,8.339484,0.423087
[MO833] Paramount Iteration,2,18,8.339582,0.423207
[MO833] Paramount Iteration,3,18,8.350075,0.422374
[MO833] Paramount Iteration,0,18,8.359391,0.422096
[MO833] Paramount Iteration,1,19,8.760298,0.420814
[MO833] Paramount Iteration,2,19,8.760311,0.420729
[MO833] Paramount Iteration,3,19,8.767695,0.417620
[MO833] Paramount Iteration,0,19,8.776846,0.417455
 Time step   20
[MO833] Paramount Iteration,1,20,9.181222,0.420924
[MO833] Paramount Iteration,2,20,9.181248,0.420937
[MO833] Paramount Iteration,3,20,9.190343,0.422648
[MO833] Paramount Iteration,0,20,9.199692,0.422846
[MO833] Paramount Iteration,1,21,9.598148,0.416926
[MO833] Paramount Iteration,2,21,9.598209,0.416961
[MO833] Paramount Iteration,3,21,9.607809,0.417466
[MO833] Paramount Iteration,0,21,9.617284,0.417592
[MO833] Paramount Iteration,1,22,10.018250,0.420102
[MO833] Paramount Iteration,2,22,10.018222,0.420013
[MO833] Paramount Iteration,3,22,10.029030,0.421221
[MO833] Paramount Iteration,0,22,10.038183,0.420899
[MO833] Paramount Iteration,1,23,10.441826,0.423576
[MO833] Paramount Iteration,2,23,10.441867,0.423645
[MO833] Paramount Iteration,3,23,10.450842,0.421812
[MO833] Paramount Iteration,0,23,10.460269,0.422086
[MO833] Paramount Iteration,1,24,10.861101,0.419275
[MO833] Paramount Iteration,2,24,10.861194,0.419327
[MO833] Paramount Iteration,3,24,10.870230,0.419388
[MO833] Paramount Iteration,0,24,10.879531,0.419262
[MO833] Paramount Iteration,1,25,11.283994,0.422893
[MO833] Paramount Iteration,2,25,11.283906,0.422712
[MO833] Paramount Iteration,3,25,11.293269,0.423039
[MO833] Paramount Iteration,0,25,11.302426,0.422895
[MO833] Paramount Iteration,1,26,11.703646,0.419652
[MO833] Paramount Iteration,2,26,11.703678,0.419772
[MO833] Paramount Iteration,3,26,11.710504,0.417235
[MO833] Paramount Iteration,0,26,11.719714,0.417288
[MO833] Paramount Iteration,1,27,12.121009,0.417363
[MO833] Paramount Iteration,2,27,12.121104,0.417426
[MO833] Paramount Iteration,3,27,12.131252,0.420748
[MO833] Paramount Iteration,0,27,12.140452,0.420738
[MO833] Paramount Iteration,1,28,12.543929,0.422920
[MO833] Paramount Iteration,2,28,12.543984,0.422880
[MO833] Paramount Iteration,3,28,12.554666,0.423414
[MO833] Paramount Iteration,0,28,12.563853,0.423401
[MO833] Paramount Iteration,1,29,12.966360,0.422431
[MO833] Paramount Iteration,2,29,12.966454,0.422470
[MO833] Paramount Iteration,3,29,12.976089,0.421423
[MO833] Paramount Iteration,0,29,12.985415,0.421562
[MO833] Paramount Iteration,1,30,13.388742,0.422382
[MO833] Paramount Iteration,2,30,13.388761,0.422307
[MO833] Paramount Iteration,3,30,13.395812,0.419723
[MO833] Paramount Iteration,0,30,13.404825,0.419410
[MO833] Paramount Iteration,1,31,13.803497,0.414755
[MO833] Paramount Iteration,2,31,13.803499,0.414738
[MO833] Paramount Iteration,3,31,13.816252,0.420440
[MO833] Paramount Iteration,0,31,13.825279,0.420454
[MO833] Paramount Iteration,1,32,14.230505,0.427008
[MO833] Paramount Iteration,2,32,14.230574,0.427075
[MO833] Paramount Iteration,3,32,14.239903,0.423651
[MO833] Paramount Iteration,0,32,14.248911,0.423632
[MO833] Paramount Iteration,1,33,14.651009,0.420504
[MO833] Paramount Iteration,2,33,14.650997,0.420423
[MO833] Paramount Iteration,3,33,14.661690,0.421787
[MO833] Paramount Iteration,0,33,14.670993,0.422082
[MO833] Paramount Iteration,2,34,15.077396,0.426399
[MO833] Paramount Iteration,1,34,15.077546,0.426537
[MO833] Paramount Iteration,3,34,15.088970,0.427280
[MO833] Paramount Iteration,0,34,15.097886,0.426893
[MO833] Paramount Iteration,1,35,15.502835,0.425289
[MO833] Paramount Iteration,2,35,15.502893,0.425497
[MO833] Paramount Iteration,3,35,15.512355,0.423385
[MO833] Paramount Iteration,0,35,15.521352,0.423466
[MO833] Paramount Iteration,1,36,15.927230,0.424395
[MO833] Paramount Iteration,2,36,15.927217,0.424324
[MO833] Paramount Iteration,3,36,15.938925,0.426570
[MO833] Paramount Iteration,0,36,15.948009,0.426657
[MO833] Paramount Iteration,1,37,16.354582,0.427352
[MO833] Paramount Iteration,2,37,16.354746,0.427529
[MO833] Paramount Iteration,3,37,16.368586,0.429661
[MO833] Paramount Iteration,0,37,16.377680,0.429671
[MO833] Paramount Iteration,1,38,16.789644,0.435062
[MO833] Paramount Iteration,2,38,16.789587,0.434841
[MO833] Paramount Iteration,3,38,16.802701,0.434115
[MO833] Paramount Iteration,0,38,16.811859,0.434179
[MO833] Paramount Iteration,1,39,17.222573,0.432929
[MO833] Paramount Iteration,2,39,17.222691,0.433104
[MO833] Paramount Iteration,3,39,17.235829,0.433128
[MO833] Paramount Iteration,0,39,17.244846,0.432987
 Time step   40
[MO833] Paramount Iteration,1,40,17.655801,0.433228
[MO833] Paramount Iteration,2,40,17.655860,0.433169
[MO833] Paramount Iteration,3,40,17.668388,0.432559
[MO833] Paramount Iteration,0,40,17.677046,0.432200
[MO833] Paramount Iteration,2,41,18.083929,0.428069
[MO833] Paramount Iteration,1,41,18.084171,0.428370
[MO833] Paramount Iteration,3,41,18.095389,0.427001
[MO833] Paramount Iteration,0,41,18.104267,0.427221
[MO833] Paramount Iteration,1,42,18.511365,0.427194
[MO833] Paramount Iteration,2,42,18.511408,0.427479
[MO833] Paramount Iteration,3,42,18.523377,0.427988
[MO833] Paramount Iteration,0,42,18.532282,0.428015
[MO833] Paramount Iteration,1,43,18.938124,0.426759
[MO833] Paramount Iteration,2,43,18.938015,0.426607
[MO833] Paramount Iteration,3,43,18.949426,0.426049
[MO833] Paramount Iteration,0,43,18.958320,0.426038
[MO833] Paramount Iteration,1,44,19.365315,0.427191
[MO833] Paramount Iteration,2,44,19.365421,0.427406
[MO833] Paramount Iteration,3,44,19.377363,0.427937
[MO833] Paramount Iteration,0,44,19.386155,0.427835
[MO833] Paramount Iteration,1,45,19.794503,0.429188
[MO833] Paramount Iteration,2,45,19.794511,0.429090
[MO833] Paramount Iteration,3,45,19.807174,0.429811
[MO833] Paramount Iteration,0,45,19.815991,0.429836
[MO833] Paramount Iteration,2,46,20.222807,0.428296
[MO833] Paramount Iteration,1,46,20.223101,0.428598
[MO833] Paramount Iteration,3,46,20.234967,0.427793
[MO833] Paramount Iteration,0,46,20.243791,0.427800
[MO833] Paramount Iteration,1,47,20.650680,0.427579
[MO833] Paramount Iteration,2,47,20.650659,0.427852
[MO833] Paramount Iteration,3,47,20.661798,0.426831
[MO833] Paramount Iteration,0,47,20.670346,0.426555
[MO833] Paramount Iteration,1,48,21.075469,0.424789
[MO833] Paramount Iteration,2,48,21.075488,0.424829
[MO833] Paramount Iteration,3,48,21.087230,0.425432
[MO833] Paramount Iteration,0,48,21.095957,0.425611
[MO833] Paramount Iteration,1,49,21.500371,0.424902
[MO833] Paramount Iteration,2,49,21.500435,0.424947
[MO833] Paramount Iteration,3,49,21.511328,0.424098
[MO833] Paramount Iteration,0,49,21.519979,0.424022
[MO833] Paramount Iteration,1,50,21.923502,0.423131
[MO833] Paramount Iteration,2,50,21.923622,0.423187
[MO833] Paramount Iteration,3,50,21.932985,0.421657
[MO833] Paramount Iteration,0,50,21.941522,0.421543
[MO833] Paramount Iteration,1,51,22.348928,0.425426
[MO833] Paramount Iteration,2,51,22.349023,0.425401
[MO833] Paramount Iteration,3,51,22.360057,0.427072
[MO833] Paramount Iteration,0,51,22.368802,0.427280
[MO833] Paramount Iteration,1,52,22.773653,0.424725
[MO833] Paramount Iteration,2,52,22.773665,0.424642
[MO833] Paramount Iteration,3,52,22.782604,0.422547
[MO833] Paramount Iteration,0,52,22.791034,0.422232
[MO833] Paramount Iteration,1,53,23.195434,0.421781
[MO833] Paramount Iteration,2,53,23.195559,0.421894
[MO833] Paramount Iteration,3,53,23.208246,0.425642
[MO833] Paramount Iteration,0,53,23.216667,0.425633
[MO833] Paramount Iteration,1,54,23.620607,0.425173
[MO833] Paramount Iteration,2,54,23.620742,0.425183
[MO833] Paramount Iteration,3,54,23.631650,0.423404
[MO833] Paramount Iteration,0,54,23.640258,0.423591
[MO833] Paramount Iteration,1,55,24.045696,0.425089
[MO833] Paramount Iteration,2,55,24.045769,0.425027
[MO833] Paramount Iteration,3,55,24.057073,0.425423
[MO833] Paramount Iteration,0,55,24.065562,0.425304
[MO833] Paramount Iteration,1,56,24.470011,0.424315
[MO833] Paramount Iteration,2,56,24.470071,0.424302
[MO833] Paramount Iteration,3,56,24.479931,0.422858
[MO833] Paramount Iteration,0,56,24.488339,0.422777
[MO833] Paramount Iteration,1,57,24.892663,0.422652
[MO833] Paramount Iteration,2,57,24.892849,0.422778
[MO833] Paramount Iteration,3,57,24.903544,0.423613
[MO833] Paramount Iteration,0,57,24.912075,0.423736
[MO833] Paramount Iteration,1,58,25.319423,0.426760
[MO833] Paramount Iteration,2,58,25.319478,0.426629
[MO833] Paramount Iteration,3,58,25.328945,0.425401
[MO833] Paramount Iteration,0,58,25.337485,0.425410
[MO833] Paramount Iteration,1,59,25.742092,0.422669
[MO833] Paramount Iteration,2,59,25.742137,0.422659
[MO833] Paramount Iteration,3,59,25.754629,0.425684
[MO833] Paramount Iteration,0,59,25.763227,0.425742
 Time step   60
[MO833] Paramount Iteration,1,60,26.170303,0.428211
[MO833] Paramount Iteration,2,60,26.170306,0.428169
[MO833] Paramount Iteration,3,60,26.183220,0.428591
[MO833] Paramount Iteration,0,60,26.191594,0.428367
[MO833] Paramount Iteration,2,61,26.599334,0.429028
[MO833] Paramount Iteration,1,61,26.599465,0.429162
[MO833] Paramount Iteration,3,61,26.612978,0.429758
[MO833] Paramount Iteration,0,61,26.621770,0.430176
[MO833] Paramount Iteration,1,62,27.030148,0.430683
[MO833] Paramount Iteration,2,62,27.030187,0.430853
[MO833] Paramount Iteration,3,62,27.039626,0.426648
[MO833] Paramount Iteration,0,62,27.048096,0.426326
[MO833] Paramount Iteration,1,63,27.450231,0.420083
[MO833] Paramount Iteration,2,63,27.450292,0.420105
[MO833] Paramount Iteration,3,63,27.461504,0.421878
[MO833] Paramount Iteration,0,63,27.469659,0.421563
[MO833] Paramount Iteration,1,64,27.873936,0.423705
[MO833] Paramount Iteration,2,64,27.873921,0.423629
[MO833] Paramount Iteration,3,64,27.885038,0.423534
[MO833] Paramount Iteration,0,64,27.893364,0.423705
[MO833] Paramount Iteration,1,65,28.297812,0.423876
[MO833] Paramount Iteration,2,65,28.297873,0.423952
[MO833] Paramount Iteration,3,65,28.310249,0.425211
[MO833] Paramount Iteration,0,65,28.318623,0.425259
[MO833] Paramount Iteration,1,66,28.724447,0.426635
[MO833] Paramount Iteration,2,66,28.724499,0.426626
[MO833] Paramount Iteration,3,66,28.735959,0.425710
[MO833] Paramount Iteration,0,66,28.744248,0.425625
[MO833] Paramount Iteration,1,67,29.149570,0.425123
[MO833] Paramount Iteration,2,67,29.149645,0.425146
[MO833] Paramount Iteration,3,67,29.160839,0.424880
[MO833] Paramount Iteration,0,67,29.169022,0.424774
[MO833] Paramount Iteration,1,68,29.572843,0.423273
[MO833] Paramount Iteration,2,68,29.572824,0.423179
[MO833] Paramount Iteration,3,68,29.584898,0.424059
[MO833] Paramount Iteration,0,68,29.592905,0.423883
[MO833] Paramount Iteration,1,69,29.999218,0.426375
[MO833] Paramount Iteration,2,69,29.999192,0.426368
[MO833] Paramount Iteration,3,69,30.011132,0.426234
[MO833] Paramount Iteration,0,69,30.019453,0.426548
[MO833] Paramount Iteration,1,70,30.419248,0.420030
[MO833] Paramount Iteration,2,70,30.419371,0.420179
[MO833] Paramount Iteration,3,70,30.430711,0.419579
[MO833] Paramount Iteration,0,70,30.438814,0.419361
[MO833] Paramount Iteration,1,71,30.842377,0.423129
[MO833] Paramount Iteration,2,71,30.842360,0.422989
[MO833] Paramount Iteration,3,71,30.852381,0.421670
[MO833] Paramount Iteration,0,71,30.860584,0.421770
[MO833] Paramount Iteration,1,72,31.265624,0.423247
[MO833] Paramount Iteration,2,72,31.265685,0.423325
[MO833] Paramount Iteration,3,72,31.276019,0.423638
[MO833] Paramount Iteration,0,72,31.284195,0.423611
[MO833] Paramount Iteration,1,73,31.689877,0.424253
[MO833] Paramount Iteration,2,73,31.689848,0.424163
[MO833] Paramount Iteration,3,73,31.701965,0.425946
[MO833] Paramount Iteration,0,73,31.710070,0.425875
[MO833] Paramount Iteration,1,74,32.113309,0.423432
[MO833] Paramount Iteration,2,74,32.113505,0.423657
[MO833] Paramount Iteration,3,74,32.125754,0.423789
[MO833] Paramount Iteration,0,74,32.133844,0.423774
[MO833] Paramount Iteration,1,75,32.540163,0.426854
[MO833] Paramount Iteration,2,75,32.540158,0.426653
[MO833] Paramount Iteration,3,75,32.551272,0.425518
[MO833] Paramount Iteration,0,75,32.559374,0.425530
[MO833] Paramount Iteration,1,76,32.962553,0.422390
[MO833] Paramount Iteration,2,76,32.962574,0.422416
[MO833] Paramount Iteration,3,76,32.972831,0.421559
[MO833] Paramount Iteration,0,76,32.980794,0.421420
[MO833] Paramount Iteration,1,77,33.385318,0.422765
[MO833] Paramount Iteration,2,77,33.385384,0.422810
[MO833] Paramount Iteration,3,77,33.394984,0.422153
[MO833] Paramount Iteration,0,77,33.403158,0.422364
[MO833] Paramount Iteration,1,78,33.805181,0.419863
[MO833] Paramount Iteration,2,78,33.805135,0.419751
[MO833] Paramount Iteration,3,78,33.814673,0.419689
[MO833] Paramount Iteration,0,78,33.822707,0.419549
[MO833] Paramount Iteration,2,79,34.224629,0.419494
[MO833] Paramount Iteration,1,79,34.224726,0.419545
[MO833] Paramount Iteration,3,79,34.234755,0.420082
[MO833] Paramount Iteration,0,79,34.243015,0.420308
 Time step   80
[MO833] Paramount Iteration,1,80,34.649953,0.425227
[MO833] Paramount Iteration,2,80,34.649913,0.425284
[MO833] Paramount Iteration,3,80,34.662993,0.428238
[MO833] Paramount Iteration,0,80,34.671281,0.428266
[MO833] Paramount Iteration,1,81,35.076173,0.426220
[MO833] Paramount Iteration,2,81,35.076169,0.426256
[MO833] Paramount Iteration,3,81,35.089109,0.426116
[MO833] Paramount Iteration,0,81,35.097382,0.426101
[MO833] Paramount Iteration,1,82,35.503070,0.426897
[MO833] Paramount Iteration,2,82,35.503209,0.427040
[MO833] Paramount Iteration,3,82,35.515008,0.425899
[MO833] Paramount Iteration,0,82,35.523444,0.426062
[MO833] Paramount Iteration,1,83,35.929574,0.426504
[MO833] Paramount Iteration,2,83,35.929633,0.426424
[MO833] Paramount Iteration,3,83,35.942473,0.427465
[MO833] Paramount Iteration,0,83,35.950694,0.427250
[MO833] Paramount Iteration,1,84,36.355885,0.426311
[MO833] Paramount Iteration,2,84,36.355842,0.426209
[MO833] Paramount Iteration,3,84,36.367339,0.424866
[MO833] Paramount Iteration,0,84,36.375657,0.424963
[MO833] Paramount Iteration,1,85,36.776206,0.420321
[MO833] Paramount Iteration,2,85,36.776244,0.420402
[MO833] Paramount Iteration,3,85,36.784522,0.417183
[MO833] Paramount Iteration,0,85,36.792933,0.417276
[MO833] Paramount Iteration,1,86,37.193728,0.417522
[MO833] Paramount Iteration,2,86,37.193952,0.417708
[MO833] Paramount Iteration,3,86,37.205385,0.420863
[MO833] Paramount Iteration,0,86,37.213563,0.420630
[MO833] Paramount Iteration,1,87,37.611427,0.417699
[MO833] Paramount Iteration,2,87,37.611448,0.417496
[MO833] Paramount Iteration,3,87,37.618663,0.413278
[MO833] Paramount Iteration,0,87,37.627187,0.413624
[MO833] Paramount Iteration,1,88,38.029375,0.417948
[MO833] Paramount Iteration,2,88,38.029362,0.417914
[MO833] Paramount Iteration,3,88,38.040704,0.422041
[MO833] Paramount Iteration,0,88,38.048921,0.421734
[MO833] Paramount Iteration,1,89,38.452160,0.422785
[MO833] Paramount Iteration,2,89,38.452192,0.422830
[MO833] Paramount Iteration,3,89,38.464697,0.423993
[MO833] Paramount Iteration,0,89,38.473282,0.424361
[MO833] Paramount Iteration,1,90,38.877299,0.425139
[MO833] Paramount Iteration,2,90,38.877361,0.425169
[MO833] Paramount Iteration,3,90,38.887977,0.423280
[MO833] Paramount Iteration,0,90,38.896419,0.423137
[MO833] Paramount Iteration,1,91,39.302777,0.425478
[MO833] Paramount Iteration,2,91,39.302707,0.425346
[MO833] Paramount Iteration,3,91,39.314119,0.426142
[MO833] Paramount Iteration,0,91,39.322604,0.426185
[MO833] Paramount Iteration,1,92,39.725217,0.422440
[MO833] Paramount Iteration,2,92,39.725219,0.422512
[MO833] Paramount Iteration,3,92,39.734635,0.420516
[MO833] Paramount Iteration,0,92,39.743346,0.420742
[MO833] Paramount Iteration,1,93,40.148430,0.423213
[MO833] Paramount Iteration,2,93,40.148413,0.423194
[MO833] Paramount Iteration,3,93,40.161076,0.426441
[MO833] Paramount Iteration,0,93,40.169632,0.426286
[MO833] Paramount Iteration,1,94,40.574205,0.425775
[MO833] Paramount Iteration,2,94,40.574162,0.425749
[MO833] Paramount Iteration,3,94,40.584604,0.423528
[MO833] Paramount Iteration,0,94,40.593218,0.423586
[MO833] Paramount Iteration,1,95,40.993172,0.418967
[MO833] Paramount Iteration,2,95,40.993152,0.418990
[MO833] Paramount Iteration,3,95,41.004197,0.419593
[MO833] Paramount Iteration,0,95,41.012858,0.419640
[MO833] Paramount Iteration,1,96,41.414728,0.421556
[MO833] Paramount Iteration,2,96,41.414799,0.421647
[MO833] Paramount Iteration,3,96,41.424062,0.419865
[MO833] Paramount Iteration,0,96,41.432571,0.419713
[MO833] Paramount Iteration,1,97,41.831996,0.417268
[MO833] Paramount Iteration,2,97,41.831932,0.417133
[MO833] Paramount Iteration,3,97,41.839789,0.415727
[MO833] Paramount Iteration,0,97,41.848550,0.415979
[MO833] Paramount Iteration,1,98,42.252291,0.420295
[MO833] Paramount Iteration,2,98,42.252293,0.420361
[MO833] Paramount Iteration,3,98,42.263140,0.423351
[MO833] Paramount Iteration,0,98,42.272061,0.423511
[MO833] Paramount Iteration,1,99,42.674340,0.422049
[MO833] Paramount Iteration,2,99,42.674386,0.422093
[MO833] Paramount Iteration,3,99,42.683692,0.420552
[MO833] Paramount Iteration,0,99,42.692497,0.420436
 Time step  100
[MO833] Paramount Iteration,1,100,43.095322,0.420982
[MO833] Paramount Iteration,2,100,43.095280,0.420894
[MO833] Paramount Iteration,3,100,43.103908,0.420216
[MO833] Paramount Iteration,0,100,43.112740,0.420243
[MO833] Paramount Iteration,1,101,43.512857,0.417535
[MO833] Paramount Iteration,2,101,43.512802,0.417522
[MO833] Paramount Iteration,3,101,43.519866,0.415958
[MO833] Paramount Iteration,0,101,43.528797,0.416057
[MO833] Paramount Iteration,1,102,43.931414,0.418557
[MO833] Paramount Iteration,2,102,43.931371,0.418569
[MO833] Paramount Iteration,3,102,43.939654,0.419788
[MO833] Paramount Iteration,0,102,43.948379,0.419582
[MO833] Paramount Iteration,1,103,44.351346,0.419932
[MO833] Paramount Iteration,2,103,44.351195,0.419824
[MO833] Paramount Iteration,3,103,44.362248,0.422594
[MO833] Paramount Iteration,0,103,44.371068,0.422689
[MO833] Paramount Iteration,1,104,44.774923,0.423577
[MO833] Paramount Iteration,2,104,44.774826,0.423631
[MO833] Paramount Iteration,3,104,44.784557,0.422309
[MO833] Paramount Iteration,0,104,44.793445,0.422377
[MO833] Paramount Iteration,1,105,45.200649,0.425726
[MO833] Paramount Iteration,2,105,45.200615,0.425789
[MO833] Paramount Iteration,3,105,45.210990,0.426433
[MO833] Paramount Iteration,0,105,45.220021,0.426576
[MO833] Paramount Iteration,1,106,45.623663,0.423014
[MO833] Paramount Iteration,2,106,45.623546,0.422931
[MO833] Paramount Iteration,3,106,45.632797,0.421807
[MO833] Paramount Iteration,0,106,45.641778,0.421757
[MO833] Paramount Iteration,1,107,46.044640,0.420977
[MO833] Paramount Iteration,2,107,46.044666,0.421120
[MO833] Paramount Iteration,3,107,46.055139,0.422342
[MO833] Paramount Iteration,0,107,46.064210,0.422432
[MO833] Paramount Iteration,1,108,46.464987,0.420347
[MO833] Paramount Iteration,2,108,46.464852,0.420186
[MO833] Paramount Iteration,3,108,46.474050,0.418911
[MO833] Paramount Iteration,0,108,46.483230,0.419020
[MO833] Paramount Iteration,1,109,46.886821,0.421834
[MO833] Paramount Iteration,2,109,46.886693,0.421841
[MO833] Paramount Iteration,3,109,46.895639,0.421589
[MO833] Paramount Iteration,0,109,46.904697,0.421467
[MO833] Paramount Iteration,2,110,47.307108,0.420415
[MO833] Paramount Iteration,1,110,47.307341,0.420520
[MO833] Paramount Iteration,3,110,47.316166,0.420527
[MO833] Paramount Iteration,0,110,47.325271,0.420574
[MO833] Paramount Iteration,1,111,47.727876,0.420535
[MO833] Paramount Iteration,2,111,47.727746,0.420638
[MO833] Paramount Iteration,3,111,47.736971,0.420805
[MO833] Paramount Iteration,0,111,47.746192,0.420921
[MO833] Paramount Iteration,1,112,48.150342,0.422466
[MO833] Paramount Iteration,2,112,48.150277,0.422531
[MO833] Paramount Iteration,3,112,48.157888,0.420917
[MO833] Paramount Iteration,0,112,48.167101,0.420909
[MO833] Paramount Iteration,1,113,48.567772,0.417430
[MO833] Paramount Iteration,2,113,48.567697,0.417420
[MO833] Paramount Iteration,3,113,48.576073,0.418185
[MO833] Paramount Iteration,0,113,48.585139,0.418038
[MO833] Paramount Iteration,1,114,48.986835,0.419063
[MO833] Paramount Iteration,2,114,48.986626,0.418929
[MO833] Paramount Iteration,3,114,48.999313,0.423240
[MO833] Paramount Iteration,0,114,49.008483,0.423344
[MO833] Paramount Iteration,2,115,49.411828,0.425202
[MO833] Paramount Iteration,1,115,49.412072,0.425237
[MO833] Paramount Iteration,3,115,49.423855,0.424542
[MO833] Paramount Iteration,0,115,49.433134,0.424651
[MO833] Paramount Iteration,1,116,49.836967,0.424895
[MO833] Paramount Iteration,2,116,49.836828,0.425000
[MO833] Paramount Iteration,3,116,49.848442,0.424587
[MO833] Paramount Iteration,0,116,49.857602,0.424468
[MO833] Paramount Iteration,1,117,50.261595,0.424628
[MO833] Paramount Iteration,2,117,50.261434,0.424606
[MO833] Paramount Iteration,3,117,50.267503,0.419061
[MO833] Paramount Iteration,0,117,50.277085,0.419483
[MO833] Paramount Iteration,1,118,50.675508,0.413913
[MO833] Paramount Iteration,2,118,50.675382,0.413948
[MO833] Paramount Iteration,3,118,50.683314,0.415811
[MO833] Paramount Iteration,0,118,50.692584,0.415499
[MO833] Paramount Iteration,1,119,51.093756,0.418248
[MO833] Paramount Iteration,2,119,51.093608,0.418226
[MO833] Paramount Iteration,3,119,51.102494,0.419180
[MO833] Paramount Iteration,0,119,51.111891,0.419307
 Time step  120
[MO833] Paramount Iteration,1,120,51.507611,0.413855
[MO833] Paramount Iteration,2,120,51.507362,0.413754
[MO833] Paramount Iteration,3,120,51.514235,0.411741
[MO833] Paramount Iteration,0,120,51.523742,0.411851
[MO833] Paramount Iteration,1,121,51.924874,0.417263
[MO833] Paramount Iteration,2,121,51.924623,0.417261
[MO833] Paramount Iteration,3,121,51.931551,0.417316
[MO833] Paramount Iteration,0,121,51.940976,0.417234
[MO833] Paramount Iteration,1,122,52.344219,0.419345
[MO833] Paramount Iteration,2,122,52.344043,0.419420
[MO833] Paramount Iteration,3,122,52.352395,0.420844
[MO833] Paramount Iteration,0,122,52.361983,0.421007
[MO833] Paramount Iteration,1,123,52.761468,0.417249
[MO833] Paramount Iteration,2,123,52.761340,0.417297
[MO833] Paramount Iteration,3,123,52.771807,0.419412
[MO833] Paramount Iteration,0,123,52.781296,0.419313
[MO833] Paramount Iteration,1,124,53.182771,0.421303
[MO833] Paramount Iteration,2,124,53.182600,0.421260
[MO833] Paramount Iteration,3,124,53.191012,0.419205
[MO833] Paramount Iteration,0,124,53.200561,0.419265
[MO833] Paramount Iteration,2,125,53.598624,0.416024
[MO833] Paramount Iteration,1,125,53.598978,0.416207
[MO833] Paramount Iteration,3,125,53.605222,0.414210
[MO833] Paramount Iteration,0,125,53.614777,0.414216
[MO833] Paramount Iteration,1,126,54.012548,0.413570
[MO833] Paramount Iteration,2,126,54.012433,0.413809
[MO833] Paramount Iteration,3,126,54.020972,0.415750
[MO833] Paramount Iteration,0,126,54.030476,0.415699
[MO833] Paramount Iteration,1,127,54.432571,0.420023
[MO833] Paramount Iteration,2,127,54.432345,0.419912
[MO833] Paramount Iteration,3,127,54.445165,0.424193
[MO833] Paramount Iteration,0,127,54.454821,0.424345
[MO833] Paramount Iteration,2,128,54.861745,0.429400
[MO833] Paramount Iteration,1,128,54.862149,0.429578
[MO833] Paramount Iteration,3,128,54.872229,0.427064
[MO833] Paramount Iteration,0,128,54.881813,0.426992
[MO833] Paramount Iteration,1,129,55.286412,0.424263
[MO833] Paramount Iteration,2,129,55.286170,0.424425
[MO833] Paramount Iteration,3,129,55.296567,0.424338
[MO833] Paramount Iteration,0,129,55.306267,0.424454
[MO833] Paramount Iteration,1,130,55.708434,0.422022
[MO833] Paramount Iteration,2,130,55.708111,0.421941
[MO833] Paramount Iteration,3,130,55.718977,0.422410
[MO833] Paramount Iteration,0,130,55.728796,0.422529
[MO833] Paramount Iteration,1,131,56.132206,0.423772
[MO833] Paramount Iteration,2,131,56.132022,0.423911
[MO833] Paramount Iteration,3,131,56.141052,0.422075
[MO833] Paramount Iteration,0,131,56.150707,0.421911
[MO833] Paramount Iteration,1,132,56.557063,0.424857
[MO833] Paramount Iteration,2,132,56.556750,0.424728
[MO833] Paramount Iteration,3,132,56.568188,0.427136
[MO833] Paramount Iteration,0,132,56.577871,0.427164
[MO833] Paramount Iteration,1,133,56.983466,0.426403
[MO833] Paramount Iteration,2,133,56.983197,0.426447
[MO833] Paramount Iteration,3,133,56.994254,0.426066
[MO833] Paramount Iteration,0,133,57.004091,0.426220
[MO833] Paramount Iteration,1,134,57.410158,0.426692
[MO833] Paramount Iteration,2,134,57.409886,0.426689
[MO833] Paramount Iteration,3,134,57.420514,0.426260
[MO833] Paramount Iteration,0,134,57.430441,0.426350
[MO833] Paramount Iteration,1,135,57.836732,0.426574
[MO833] Paramount Iteration,2,135,57.836394,0.426508
[MO833] Paramount Iteration,3,135,57.846718,0.426204
[MO833] Paramount Iteration,0,135,57.856707,0.426266
[MO833] Paramount Iteration,1,136,58.263019,0.426287
[MO833] Paramount Iteration,2,136,58.262766,0.426372
[MO833] Paramount Iteration,3,136,58.270969,0.424251
[MO833] Paramount Iteration,0,136,58.280953,0.424246
[MO833] Paramount Iteration,1,137,58.684685,0.421666
[MO833] Paramount Iteration,2,137,58.684320,0.421554
[MO833] Paramount Iteration,3,137,58.694405,0.423436
[MO833] Paramount Iteration,0,137,58.704295,0.423342
[MO833] Paramount Iteration,2,138,59.107555,0.423235
[MO833] Paramount Iteration,1,138,59.107952,0.423267
[MO833] Paramount Iteration,3,138,59.118573,0.424168
[MO833] Paramount Iteration,0,138,59.128496,0.424201
[MO833] Paramount Iteration,1,139,59.533647,0.425695
[MO833] Paramount Iteration,2,139,59.533331,0.425776
[MO833] Paramount Iteration,3,139,59.543129,0.424556
[MO833] Paramount Iteration,0,139,59.553117,0.424621
 Time step  140
[MO833] Paramount Iteration,2,140,59.958637,0.425306
[MO833] Paramount Iteration,1,140,59.958998,0.425351
[MO833] Paramount Iteration,3,140,59.968355,0.425226
[MO833] Paramount Iteration,0,140,59.978116,0.424999
[MO833] Paramount Iteration,1,141,60.383648,0.424650
[MO833] Paramount Iteration,2,141,60.383353,0.424716
[MO833] Paramount Iteration,3,141,60.395168,0.426813
[MO833] Paramount Iteration,0,141,60.404992,0.426876
[MO833] Paramount Iteration,1,142,60.809293,0.425645
[MO833] Paramount Iteration,2,142,60.809031,0.425678
[MO833] Paramount Iteration,3,142,60.819625,0.424457
[MO833] Paramount Iteration,0,142,60.829831,0.424839
[MO833] Paramount Iteration,1,143,61.236277,0.426984
[MO833] Paramount Iteration,2,143,61.236092,0.427061
[MO833] Paramount Iteration,3,143,61.245360,0.425735
[MO833] Paramount Iteration,0,143,61.255476,0.425645
[MO833] Paramount Iteration,1,144,61.656665,0.420388
[MO833] Paramount Iteration,2,144,61.656501,0.420409
[MO833] Paramount Iteration,3,144,61.666224,0.420864
[MO833] Paramount Iteration,0,144,61.676468,0.420992
[MO833] Paramount Iteration,1,145,62.081318,0.424653
[MO833] Paramount Iteration,2,145,62.081005,0.424504
[MO833] Paramount Iteration,3,145,62.090929,0.424705
[MO833] Paramount Iteration,0,145,62.101142,0.424674
[MO833] Paramount Iteration,1,146,62.507181,0.425863
[MO833] Paramount Iteration,2,146,62.506833,0.425828
[MO833] Paramount Iteration,3,146,62.515368,0.424439
[MO833] Paramount Iteration,0,146,62.525374,0.424232
[MO833] Paramount Iteration,1,147,62.928729,0.421548
[MO833] Paramount Iteration,2,147,62.928406,0.421573
[MO833] Paramount Iteration,3,147,62.938001,0.422633
[MO833] Paramount Iteration,0,147,62.948255,0.422881
[MO833] Paramount Iteration,1,148,63.353077,0.424348
[MO833] Paramount Iteration,2,148,63.352723,0.424317
[MO833] Paramount Iteration,3,148,63.363171,0.425170
[MO833] Paramount Iteration,0,148,63.373331,0.425076
[MO833] Paramount Iteration,1,149,63.780553,0.427476
[MO833] Paramount Iteration,2,149,63.780310,0.427587
[MO833] Paramount Iteration,3,149,63.790881,0.427710
[MO833] Paramount Iteration,0,149,63.800880,0.427549
[MO833] Paramount Iteration,1,150,64.203475,0.422922
[MO833] Paramount Iteration,2,150,64.203178,0.422868
[MO833] Paramount Iteration,3,150,64.211068,0.420187
[MO833] Paramount Iteration,0,150,64.221226,0.420346
[MO833] Paramount Iteration,1,151,64.624637,0.421162
[MO833] Paramount Iteration,2,151,64.624364,0.421186
[MO833] Paramount Iteration,3,151,64.635467,0.424399
[MO833] Paramount Iteration,0,151,64.645510,0.424284
[MO833] Paramount Iteration,1,152,65.048712,0.424075
[MO833] Paramount Iteration,2,152,65.048514,0.424150
[MO833] Paramount Iteration,3,152,65.057877,0.422410
[MO833] Paramount Iteration,0,152,65.067908,0.422398
[MO833] Paramount Iteration,1,153,65.471204,0.422492
[MO833] Paramount Iteration,2,153,65.470920,0.422406
[MO833] Paramount Iteration,3,153,65.481209,0.423332
[MO833] Paramount Iteration,0,153,65.491593,0.423685
[MO833] Paramount Iteration,1,154,65.895625,0.424421
[MO833] Paramount Iteration,2,154,65.895308,0.424388
[MO833] Paramount Iteration,3,154,65.905033,0.423824
[MO833] Paramount Iteration,0,154,65.915248,0.423655
[MO833] Paramount Iteration,2,155,66.319325,0.424017
[MO833] Paramount Iteration,1,155,66.319871,0.424246
[MO833] Paramount Iteration,3,155,66.327276,0.422243
[MO833] Paramount Iteration,0,155,66.337545,0.422297
[MO833] Paramount Iteration,1,156,66.744651,0.424780
[MO833] Paramount Iteration,2,156,66.744423,0.425098
[MO833] Paramount Iteration,3,156,66.754464,0.427188
[MO833] Paramount Iteration,0,156,66.764866,0.427321
[MO833] Paramount Iteration,1,157,67.169942,0.425291
[MO833] Paramount Iteration,2,157,67.169606,0.425183
[MO833] Paramount Iteration,3,157,67.179686,0.425222
[MO833] Paramount Iteration,0,157,67.190085,0.425219
[MO833] Paramount Iteration,1,158,67.594078,0.424136
[MO833] Paramount Iteration,2,158,67.593709,0.424103
[MO833] Paramount Iteration,3,158,67.603574,0.423888
[MO833] Paramount Iteration,0,158,67.613969,0.423884
[MO833] Paramount Iteration,1,159,68.017266,0.423188
[MO833] Paramount Iteration,2,159,68.016854,0.423145
[MO833] Paramount Iteration,3,159,68.026454,0.422880
[MO833] Paramount Iteration,0,159,68.036759,0.422790
 Time step  160
[MO833] Paramount Iteration,1,160,68.436086,0.418820
[MO833] Paramount Iteration,2,160,68.435784,0.418930
[MO833] Paramount Iteration,3,160,68.444961,0.418507
[MO833] Paramount Iteration,0,160,68.455267,0.418508
[MO833] Paramount Iteration,1,161,68.856903,0.420817
[MO833] Paramount Iteration,2,161,68.856587,0.420803
[MO833] Paramount Iteration,3,161,68.865616,0.420655
[MO833] Paramount Iteration,0,161,68.876218,0.420951
[MO833] Paramount Iteration,1,162,69.280300,0.423397
[MO833] Paramount Iteration,2,162,69.280043,0.423456
[MO833] Paramount Iteration,3,162,69.289477,0.423861
[MO833] Paramount Iteration,0,162,69.300105,0.423887
[MO833] Paramount Iteration,1,163,69.701145,0.420845
[MO833] Paramount Iteration,2,163,69.700716,0.420673
[MO833] Paramount Iteration,3,163,69.708662,0.419185
[MO833] Paramount Iteration,0,163,69.719417,0.419312
[MO833] Paramount Iteration,1,164,70.123186,0.422041
[MO833] Paramount Iteration,2,164,70.122808,0.422092
[MO833] Paramount Iteration,3,164,70.131976,0.423314
[MO833] Paramount Iteration,0,164,70.142466,0.423049
[MO833] Paramount Iteration,1,165,70.546340,0.423154
[MO833] Paramount Iteration,2,165,70.545998,0.423190
[MO833] Paramount Iteration,3,165,70.553632,0.421656
[MO833] Paramount Iteration,0,165,70.563976,0.421510
[MO833] Paramount Iteration,1,166,70.965332,0.418992
[MO833] Paramount Iteration,2,166,70.965039,0.419041
[MO833] Paramount Iteration,3,166,70.975075,0.421443
[MO833] Paramount Iteration,0,166,70.985409,0.421433
[MO833] Paramount Iteration,2,167,71.388513,0.423474
[MO833] Paramount Iteration,1,167,71.389048,0.423716
[MO833] Paramount Iteration,3,167,71.398744,0.423669
[MO833] Paramount Iteration,0,167,71.409264,0.423855
[MO833] Paramount Iteration,1,168,71.810973,0.421925
[MO833] Paramount Iteration,2,168,71.810691,0.422178
[MO833] Paramount Iteration,3,168,71.815726,0.416982
[MO833] Paramount Iteration,0,168,71.826318,0.417054
[MO833] Paramount Iteration,1,169,72.225473,0.414500
[MO833] Paramount Iteration,2,169,72.225134,0.414443
[MO833] Paramount Iteration,3,169,72.234854,0.419128
[MO833] Paramount Iteration,0,169,72.245331,0.419013
[MO833] Paramount Iteration,1,170,72.644803,0.419330
[MO833] Paramount Iteration,2,170,72.644484,0.419350
[MO833] Paramount Iteration,3,170,72.651960,0.417106
[MO833] Paramount Iteration,0,170,72.662677,0.417346
[MO833] Paramount Iteration,1,171,73.060914,0.416111
[MO833] Paramount Iteration,2,171,73.060526,0.416042
[MO833] Paramount Iteration,3,171,73.070397,0.418437
[MO833] Paramount Iteration,0,171,73.080853,0.418176
[MO833] Paramount Iteration,1,172,73.483463,0.422549
[MO833] Paramount Iteration,2,172,73.483104,0.422578
[MO833] Paramount Iteration,3,172,73.492483,0.422086
[MO833] Paramount Iteration,0,172,73.503057,0.422204
[MO833] Paramount Iteration,1,173,73.907370,0.423907
[MO833] Paramount Iteration,2,173,73.906944,0.423840
[MO833] Paramount Iteration,3,173,73.916904,0.424421
[MO833] Paramount Iteration,0,173,73.927436,0.424379
[MO833] Paramount Iteration,1,174,74.331201,0.423831
[MO833] Paramount Iteration,2,174,74.330781,0.423837
[MO833] Paramount Iteration,3,174,74.341366,0.424462
[MO833] Paramount Iteration,0,174,74.352064,0.424628
[MO833] Paramount Iteration,1,175,74.757322,0.426121
[MO833] Paramount Iteration,2,175,74.756799,0.426018
[MO833] Paramount Iteration,3,175,74.765467,0.424101
[MO833] Paramount Iteration,0,175,74.776150,0.424086
[MO833] Paramount Iteration,1,176,75.183743,0.426421
[MO833] Paramount Iteration,2,176,75.183312,0.426513
[MO833] Paramount Iteration,3,176,75.194434,0.428967
[MO833] Paramount Iteration,0,176,75.205168,0.429018
[MO833] Paramount Iteration,1,177,75.609729,0.425986
[MO833] Paramount Iteration,2,177,75.609247,0.425935
[MO833] Paramount Iteration,3,177,75.617574,0.423140
[MO833] Paramount Iteration,0,177,75.628273,0.423105
[MO833] Paramount Iteration,1,178,76.034185,0.424456
[MO833] Paramount Iteration,2,178,76.033740,0.424493
[MO833] Paramount Iteration,3,178,76.043768,0.426194
[MO833] Paramount Iteration,0,178,76.054442,0.426169
[MO833] Paramount Iteration,1,179,76.462661,0.428476
[MO833] Paramount Iteration,2,179,76.462205,0.428465
[MO833] Paramount Iteration,3,179,76.473623,0.429855
[MO833] Paramount Iteration,0,179,76.484600,0.430158
 Time step  180
[MO833] Paramount Iteration,1,180,76.894339,0.431678
[MO833] Paramount Iteration,2,180,76.893771,0.431566
[MO833] Paramount Iteration,3,180,76.905573,0.431950
[MO833] Paramount Iteration,0,180,76.916315,0.431715
[MO833] Paramount Iteration,1,181,77.323329,0.428990
[MO833] Paramount Iteration,2,181,77.322890,0.429119
[MO833] Paramount Iteration,3,181,77.333021,0.427448
[MO833] Paramount Iteration,0,181,77.343669,0.427354
[MO833] Paramount Iteration,1,182,77.749098,0.425769
[MO833] Paramount Iteration,2,182,77.748585,0.425695
[MO833] Paramount Iteration,3,182,77.757356,0.424335
[MO833] Paramount Iteration,0,182,77.768179,0.424510
[MO833] Paramount Iteration,1,183,78.174588,0.425490
[MO833] Paramount Iteration,2,183,78.174096,0.425511
[MO833] Paramount Iteration,3,183,78.183870,0.426514
[MO833] Paramount Iteration,0,183,78.194607,0.426428
[MO833] Paramount Iteration,1,184,78.598450,0.423862
[MO833] Paramount Iteration,2,184,78.598163,0.424067
[MO833] Paramount Iteration,3,184,78.607819,0.423949
[MO833] Paramount Iteration,0,184,78.618630,0.424023
[MO833] Paramount Iteration,1,185,79.024642,0.426192
[MO833] Paramount Iteration,2,185,79.024175,0.426012
[MO833] Paramount Iteration,3,185,79.034262,0.426443
[MO833] Paramount Iteration,0,185,79.045138,0.426508
[MO833] Paramount Iteration,1,186,79.448802,0.424160
[MO833] Paramount Iteration,2,186,79.448365,0.424190
[MO833] Paramount Iteration,3,186,79.457063,0.422801
[MO833] Paramount Iteration,0,186,79.467967,0.422829
[MO833] Paramount Iteration,2,187,79.869230,0.420865
[MO833] Paramount Iteration,1,187,79.869831,0.421029
[MO833] Paramount Iteration,3,187,79.877659,0.420596
[MO833] Paramount Iteration,0,187,79.888553,0.420586
[MO833] Paramount Iteration,1,188,80.289483,0.419652
[MO833] Paramount Iteration,2,188,80.288981,0.419751
[MO833] Paramount Iteration,3,188,80.296687,0.419028
[MO833] Paramount Iteration,0,188,80.307544,0.418991
[MO833] Paramount Iteration,1,189,80.707498,0.418015
[MO833] Paramount Iteration,2,189,80.707247,0.418266
[MO833] Paramount Iteration,3,189,80.716773,0.420086
[MO833] Paramount Iteration,0,189,80.727686,0.420142
[MO833] Paramount Iteration,1,190,81.133051,0.425553
[MO833] Paramount Iteration,2,190,81.132546,0.425299
[MO833] Paramount Iteration,3,190,81.140642,0.423869
[MO833] Paramount Iteration,0,190,81.151687,0.424001
[MO833] Paramount Iteration,1,191,81.554808,0.421757
[MO833] Paramount Iteration,2,191,81.554348,0.421802
[MO833] Paramount Iteration,3,191,81.562261,0.421619
[MO833] Paramount Iteration,0,191,81.573111,0.421424
[MO833] Paramount Iteration,1,192,81.978916,0.424108
[MO833] Paramount Iteration,2,192,81.978363,0.424015
[MO833] Paramount Iteration,3,192,81.989428,0.427167
[MO833] Paramount Iteration,0,192,82.000583,0.427472
[MO833] Paramount Iteration,1,193,82.405744,0.426828
[MO833] Paramount Iteration,2,193,82.405189,0.426826
[MO833] Paramount Iteration,3,193,82.412902,0.423474
[MO833] Paramount Iteration,0,193,82.423759,0.423176
[MO833] Paramount Iteration,1,194,82.825632,0.419888
[MO833] Paramount Iteration,2,194,82.825087,0.419898
[MO833] Paramount Iteration,3,194,82.830781,0.417879
[MO833] Paramount Iteration,0,194,82.841832,0.418073
[MO833] Paramount Iteration,1,195,83.242340,0.416708
[MO833] Paramount Iteration,2,195,83.241792,0.416705
[MO833] Paramount Iteration,3,195,83.249368,0.418587
[MO833] Paramount Iteration,0,195,83.260411,0.418579
[MO833] Paramount Iteration,1,196,83.659105,0.416765
[MO833] Paramount Iteration,2,196,83.658554,0.416762
[MO833] Paramount Iteration,3,196,83.667799,0.418431
[MO833] Paramount Iteration,0,196,83.678876,0.418465
[MO833] Paramount Iteration,1,197,84.082766,0.423661
[MO833] Paramount Iteration,2,197,84.082237,0.423683
[MO833] Paramount Iteration,3,197,84.090207,0.422408
[MO833] Paramount Iteration,0,197,84.101006,0.422130
[MO833] Paramount Iteration,1,198,84.497437,0.414671
[MO833] Paramount Iteration,2,198,84.496861,0.414624
[MO833] Paramount Iteration,3,198,84.505568,0.415361
[MO833] Paramount Iteration,0,198,84.516650,0.415644
[MO833] Paramount Iteration,1,199,84.915530,0.418093
[MO833] Paramount Iteration,2,199,84.915195,0.418334
[MO833] Paramount Iteration,3,199,84.920990,0.415422
[MO833] Paramount Iteration,0,199,84.932087,0.415437
 Time step  200
 Verification being performed for class B
 accuracy setting for epsilon =  0.1000000000000E-07
 Comparison of RMS-norms of residual
           1 0.1423359722929E+04 0.1423359722929E+04 0.1070287152945E-13
           2 0.9933052259015E+02 0.9933052259015E+02 0.7153317200312E-15
           3 0.3564602564454E+03 0.3564602564454E+03 0.5900255245348E-14
           4 0.3248544795908E+03 0.3248544795908E+03 0.9798945854817E-14
           5 0.3270754125466E+04 0.3270754125466E+04 0.1223502756335E-13
 Comparison of RMS-norms of solution error
           1 0.5296984714094E+02 0.5296984714094E+02 0.9389868800427E-15
           2 0.4463289611567E+01 0.4463289611567E+01 0.1293476388601E-13
           3 0.1312257334221E+02 0.1312257334221E+02 0.1258908460682E-13
           4 0.1200692532356E+02 0.1200692532356E+02 0.6805440394643E-14
           5 0.1245957615104E+03 0.1245957615104E+03 0.1003690013030E-13
 Verification Successful


 BT Benchmark Completed.
 Class           =                        B
 Size            =            102x 102x 102
 Iterations      =                      200
 Time in seconds =                    84.59
 Total processes =                        4
 Active procs    =                        4
 Mop/s total     =                  8301.12
 Mop/s/process   =                  2075.28
 Operation type  =           floating point
 Verification    =               SUCCESSFUL
 Version         =                      3.4
 Compile date    =              19 Jun 2020
[MO833] PI avg,3,0.420851,200
[MO833] Beta,3,0.000615
[MO833] PI avg,2,0.420824,200
[MO833] Beta,2,0.000701
[MO833] PI avg,1,0.420825,200
[MO833] Beta,1,0.000704

 Compile options:
    MPIFC        = mpif90
    FLINK        = $(MPIFC)
    FMPI_LIB     = (none)
    FMPI_INC     = (none)
    FFLAGS       = -O3
    FLINKFLAGS   = $(FFLAGS) -O ../kernel_stats/kernel_stats.o...
    RAND         = (none)


 Please send feedbacks and/or the results of this run to:

 NPB Development Team 
 Internet: npb@nas.nasa.gov


[MO833] PI avg,0,0.420863,200
[MO833] Beta,0,0.000612
[MO833] Total time,85.399512
