--------------------------------------------------------------------------
[[35716,1],0]: A high-performance Open MPI point-to-point messaging module
was unable to find any relevant network interfaces:

Module: OpenFabrics (openib)
  Host: ip-172-31-8-211

Another transport will be used instead, although this may result in
lower performance.

NOTE: You can disable this warning by setting the MCA parameter
btl_base_warn_component_unused to 0.
--------------------------------------------------------------------------
 _________________________________________________________________
 
  PICSAR
 _________________________________________________________________
 Cartesian topology
 Processor subdivision is                     2                    2                    1

 
 SIMULATION PARAMETERS:
 Dimension:                    3
 dx, dy, dz:   2.0202020202020202E-007   2.0202020202020202E-007   2.0202020202020202E-007
 dt:   2.7234004870354126E-016 s  0.27234004516069787      fs
 Coefficient on dt determined via the CFL (dtcoef):      0.70000
 Total time:   15.286941766601061      plasma periods:   8.1702014611062384E-014 s
 Number of steps:                  300
 Tiles:                    1                    1                    1
 MPI com current:                    0
 Current deposition method:                    0
 Charge deposition algo:                    0
 Field gathering method:                    0
 Field gathering plus particle pusher seperated:                    0
 Current/field gathering order:                    2                    2                    2
 Particle communication: (partcom=1)
 Pusher: Boris algorithm (particle_pusher=0)
 Maxwell derivative coeff:   1.0000000000000000     
 MPI buffer size:                 2000
 
 Vector length current deposition                    8
 Vector length charge deposition                   64
 Vector length field gathering                  256
 
 PLASMA PROPERTIES:
 Distribution:                    1
 Density in the lab frame:   1.1000000000000000E+025 m^-3
 Density in the simulation frame:   1.1000000000000000E+025 m^-3
 Cold plasma frequency in the lab frame:   187106056556544.47      s^-1
 cold plasma wavelength:   1.0067293394853861E-005 m   10.067293394853861      um
 
 MPI domain decomposition
 Topology:                    0
 Local number of cells:   49    49    99
 Local number of grid point:   50    50   100
 Guard cells:    4     4     4
 
 Periodic field bcs X axis
 Periodic field bcs Y axis
 Periodic field bcs Z axis
 FDTD_SOLVER 
 Particle sorting activated
 dx:   1.0101010101010101E-007
 dy:   1.0101010101010101E-007
 dz:   1.0101010101010101E-007
 shiftx:  -1.0101010101010101E-007
 shifty:  -1.0101010101010101E-007
 shiftz:  -1.0101010101010101E-007
 
 Number of species:                    2
 laser_antenna
 Charge:   1.0000000000000000     
 Drift velocity:   0.0000000000000000        0.0000000000000000        0.0000000000000000     
 Sorting period:                    0
 Sorting start:                    0
 
 laser_antenna
 Charge:  -1.0000000000000000     
 Drift velocity:   0.0000000000000000        0.0000000000000000        0.0000000000000000     
 Sorting period:                    0
 Sorting start:                    0
 
 Output of time statistics non-activated
 Computation of the time statistics starts at iteration:    0

 No particle dump ( 0)

 Set tile split: done
 Initialization of the tile arrays: done
 number of cells per laser wavelength   2.8578838324886471     
 Laser Waist   3.0000000000000001E-006 m
 Laser duration   1.6678204759907605E-014  (in s)
 Laser duration   61.240367839042456       (in dt)
 Laser peak    0.0000000000000000      dt
 Laser longitudinal length   5.0000000000000004E-006 m
 Laser temporal frequency w_laser   1883651567308853.5      s^-1
 Laser temporal period   3.3356409519815201E-015 s
 Laser temporal period   12.248073567808488      dt
 Laser tau / laser period    5.0000000000000009     
 number of cells per laser wavelength   2.8578838324886471     
 LASER EMAX   3210701160308.8057        3210701160308.8057        0.0000000000000000     
 Creation of the particles: done
 Total memory (GB) for grid arrays   0.16558214399999999     
 Total memory (GB) for grid tile arrays    3.5481888000000003E-002
 Total memory (GB) for particle tile arrays   0.24839654400000000     
 Total memory (GB)  0.44946057600000000     
 Avg memory (GB) /MPI process   0.11236514400000000     

  Initilization of the diags
mkdir: cannot create directory ‘RESULTS’: File exists
rm: cannot remove 'RESULTS/*': No such file or directory
 Initialization of the temporal diagnostics
 Creation of the file                 ./RESULTS/kinE
 Creation of the file                  ./RESULTS/exE
 Creation of the file                  ./RESULTS/eyE
 Creation of the file                  ./RESULTS/ezE
 Creation of the file                  ./RESULTS/bxE
 Creation of the file                  ./RESULTS/byE
 Creation of the file                  ./RESULTS/bzE
 Creation of the file             ./RESULTS/divE-rho
 Creation of the file                  ./RESULTS/rho
 Creation of the file                 ./RESULTS/divE

 nsteps =                   300
[PI-INFO] Init time,0,0.191267
[PI-INFO] Init time,1,0.182701
[PI-INFO] Init time,2,0.183298
[PI-INFO] Init time,3,0.183467
 Write electric field ex
*** stack smashing detected ***: <unknown> terminated

Program received signal SIGABRT: Process abort signal.

Backtrace for this error:
*** stack smashing detected ***: <unknown> terminated

Program received signal SIGABRT: Process abort signal.

Backtrace for this error:
*** stack smashing detected ***: <unknown> terminated
*** stack smashing detected ***: <unknown> terminated

Program received signal SIGABRT: Process abort signal.

Program received signal SIGABRT: Process abort signal.

Backtrace for this error:

Backtrace for this error:
#0  0x7fc4e650032a
#1  0x7fc4e64ff503
#2  0x7fc4e5d9503f
#3  0x7fc4e5d94fb7
#4  0x7fc4e5d96920
#5  0x7fc4e5ddf966
#6  0x7fc4e5e8ab60
#7  0x7fc4e5e8ab21
#8  0x7fc4cbba9c00
#9  0x7fc4cbbaa077
#10  0x7fc4cbbaa0e1
#11  0x7fc4e6964ba9
#12  0x7fc4e690119f
#13  0x7fc4e69498e6
#14  0x7fc4e6c01bf8
#15  0x55c95293ded3
#16  0x55c95294095a
#17  0x55c952902dce
#18  0x55c9528fabc4
#19  0x55c9528faa3e
#20  0x7fc4e5d77bf6
#21  0x55c9528faa79
#0  0x7fbd032f432a
#1  0x7fbd032f3503
#2  0x7fbd02b8903f
#3  0x7fbd02b88fb7
#4  0x7fbd02b8a920
#5  0x7fbd02bd3966
#6  0x7fbd02c7eb60
#7  0x7fbd02c7eb21
#8  0x7fbce8728c00
#9  0x7fbce8729077
#10  0x7fbce87290e1
#11  0x7fbd03758ba9
#12  0x7fbd036f519f
#13  0x7fbd0373d8e6
#14  0x7fbd039f5bf8
#15  0x5572ffb31ed3
#16  0x5572ffb3495a
#17  0x5572ffaf6dce
#18  0x5572ffaeebc4
#19  0x5572ffaeea3e
#20  0x7fbd02b6bbf6
#21  0x5572ffaeea79
#22  0xffffffffffffffff
#22  0xffffffffffffffff
#0  0x7fa3af1d132a
#1  0x7fa3af1d0503
#2  0x7fa3aea6603f
#3  0x7fa3aea65fb7
#4  0x7fa3aea67920
#5  0x7fa3aeab0966
#6  0x7fa3aeb5bb60
#7  0x7fa3aeb5bb21
#8  0x7fa3944a2c00
#9  0x7fa3944a3077
#10  0x7fa3944a30e1
#11  0x7fa3af635ba9
#12  0x7fa3af5d219f
#13  0x7fa3af61a8e6
#14  0x7fa3af8d2bf8
#15  0x559655369ed3
#16  0x55965536c95a
#17  0x55965532edce
#18  0x559655326bc4
#19  0x559655326a3e
#20  0x7fa3aea48bf6
#21  0x559655326a79
#22  0xffffffffffffffff
#0  0x7fcca628232a
#1  0x7fcca6281503
#2  0x7fcca5b1703f
#3  0x7fcca5b16fb7
#4  0x7fcca5b18920
#5  0x7fcca5b61966
#6  0x7fcca5c0cb60
#7  0x7fcca5c0cb21
#8  0x7fcc8b5e6c00
#9  0x7fcc8b5e7077
#10  0x7fcc8b5e70e1
#11  0x7fcca66e6ba9
#12  0x7fcca668319f
#13  0x7fcca66cb8e6
#14  0x7fcca6983bf8
#15  0x55724e909ed3
#16  0x55724e90c95a
#17  0x55724e8cedce
#18  0x55724e8c6bc4
#19  0x55724e8c6a3e
#20  0x7fcca5af9bf6
#21  0x55724e8c6a79
#22  0xffffffffffffffff
--------------------------------------------------------------------------
mpirun noticed that process rank 1 with PID 27720 on node 172.31.14.14 exited on signal 6 (Aborted).
--------------------------------------------------------------------------
[ip-172-31-8-211:18732] 3 more processes have sent help message help-mpi-btl-base.txt / btl:no-nics
[ip-172-31-8-211:18732] Set MCA parameter "orte_base_help_aggregate" to 0 to see all help / error messages
Command exited with non-zero status 134
	Command being timed: "mpirun --hostfile /home/ubuntu/PI-Bench/ECP-Proxy-Apps/hostfile -n 4 ./fortran_bin/picsar examples/example_decks_fortran/laser-4.pixr"
	User time (seconds): 0.09
	System time (seconds): 0.13
	Percent of CPU this job got: 11%
	Elapsed (wall clock) time (h:mm:ss or m:ss): 0:01.99
	Average shared text size (kbytes): 0
	Average unshared data size (kbytes): 0
	Average stack size (kbytes): 0
	Average total size (kbytes): 0
	Maximum resident set size (kbytes): 134244
	Average resident set size (kbytes): 0
	Major (requiring I/O) page faults: 4
	Minor (reclaiming a frame) page faults: 46707
	Voluntary context switches: 893
	Involuntary context switches: 12
	Swaps: 0
	File system inputs: 0
	File system outputs: 16432
	Socket messages sent: 0
	Socket messages received: 0
	Signals delivered: 0
	Page size (bytes): 4096
	Exit status: 134
