--------------------------------------------------------------------------
[[33202,1],0]: A high-performance Open MPI point-to-point messaging module
was unable to find any relevant network interfaces:

Module: OpenFabrics (openib)
  Host: ip-172-31-8-211

Another transport will be used instead, although this may result in
lower performance.

NOTE: You can disable this warning by setting the MCA parameter
btl_base_warn_component_unused to 0.
--------------------------------------------------------------------------
Average time to generate 50 random numbers using LCG (in s): 4.4e-06

-------------------------------------------------------
Graph edge distribution characteristics
-------------------------------------------------------
Number of vertices: 100
Number of edges: 546
Maximum number of edges: 144
Average number of edges: 136.5
Expected value of X^2: 18688.5
Variance: 56.25
Standard deviation: 7.5
-------------------------------------------------------
Time to generate distributed graph of 100 vertices (in s): 0.00178964
[PI-INFO] Init time,0,0.125935
[PI-INFO] Init time,2,0.118463
[PI-INFO] Init time,1,0.118619
[PI-INFO] Init time,3,0.118349
[PI-INFO] Paramount Iteration,0,1,0.126368,0.000433
[PI-INFO] Paramount Iteration,1,1,0.119034,0.000415
[PI-INFO] Paramount Iteration,3,1,0.118773,0.000424
[PI-INFO] Paramount Iteration,2,1,0.118886,0.000423
[PI-INFO] Paramount Iteration,0,2,0.126742,0.000374
[PI-INFO] Paramount Iteration,2,2,0.119262,0.000376
[PI-INFO] Paramount Iteration,1,2,0.119420,0.000386
[PI-INFO] Paramount Iteration,3,2,0.119144,0.000371
[PI-INFO] Paramount Iteration,0,3,0.127119,0.000377
[PI-INFO] Paramount Iteration,1,3,0.119779,0.000359
[PI-INFO] Paramount Iteration,3,3,0.119512,0.000368
[PI-INFO] Paramount Iteration,2,3,0.119637,0.000375
[PI-INFO] Paramount Iteration,0,4,0.127467,0.000348
[PI-INFO] Paramount Iteration,3,4,0.119852,0.000340
[PI-INFO] Paramount Iteration,1,4,0.120140,0.000361
[PI-INFO] Paramount Iteration,2,4,0.119981,0.000344
[PI-INFO] Paramount Iteration,0,5,0.127816,0.000349
[PI-INFO] Paramount Iteration,3,5,0.120205,0.000353
[PI-INFO] Paramount Iteration,1,5,0.120483,0.000343
[PI-INFO] Paramount Iteration,2,5,0.120337,0.000356
[PI-INFO] Paramount Iteration,0,6,0.128153,0.000337
[PI-INFO] Paramount Iteration,3,6,0.120547,0.000342
[PI-INFO] Paramount Iteration,2,6,0.120670,0.000333
[PI-INFO] Paramount Iteration,1,6,0.120834,0.000351
[PI-INFO] Paramount Iteration,0,7,0.128494,0.000341
[PI-INFO] Paramount Iteration,3,7,0.120883,0.000336
[PI-INFO] Paramount Iteration,1,7,0.121165,0.000331
[PI-INFO] Paramount Iteration,2,7,0.121016,0.000346
[PI-INFO] Paramount Iteration,0,8,0.128827,0.000333
[PI-INFO] Paramount Iteration,2,8,0.121343,0.000327
[PI-INFO] Paramount Iteration,1,8,0.121506,0.000341
[PI-INFO] Paramount Iteration,3,8,0.121229,0.000346
[PI-INFO] Paramount Iteration,0,9,0.129182,0.000355
[PI-INFO] Paramount Iteration,3,9,0.121582,0.000353
[PI-INFO] Paramount Iteration,1,9,0.121878,0.000372
[PI-INFO] Paramount Iteration,2,9,0.121711,0.000368
[PI-INFO] Paramount Iteration,0,10,0.129537,0.000355
[PI-INFO] Paramount Iteration,1,10,0.122209,0.000331
[PI-INFO] Paramount Iteration,3,10,0.121931,0.000349
[PI-INFO] Paramount Iteration,2,10,0.122056,0.000345
-------------------------------------------------------
64-bit datatype
-------------------------------------------------------
Average total time (in s), #Processes: 0.00785968, 4
Modularity, #Iterations: 0.569429, 11
MODS (final modularity * average time): 0.00447553
-------------------------------------------------------
[PI-INFO] PI avg,0,0.000327,11
[PI-INFO] Beta,0,0.164096
[PI-INFO] Total time,0.130128
[PI-INFO] PI avg,1,0.000326,11
[PI-INFO] Beta,1,0.166899
[PI-INFO] PI avg,3,0.000326,11
[PI-INFO] PI avg,2,0.000327,11
[PI-INFO] Beta,2,0.169476
[PI-INFO] Beta,3,0.173389
[ip-172-31-8-211:17178] 3 more processes have sent help message help-mpi-btl-base.txt / btl:no-nics
[ip-172-31-8-211:17178] Set MCA parameter "orte_base_help_aggregate" to 0 to see all help / error messages
	Command being timed: "mpirun --hostfile /home/ubuntu/PI-Bench/ECP-Proxy-Apps/hostfile -n 4 ./miniVite -n 100"
	User time (seconds): 0.08
	System time (seconds): 0.01
	Percent of CPU this job got: 12%
	Elapsed (wall clock) time (h:mm:ss or m:ss): 0:00.73
	Average shared text size (kbytes): 0
	Average unshared data size (kbytes): 0
	Average stack size (kbytes): 0
	Average total size (kbytes): 0
	Maximum resident set size (kbytes): 18980
	Average resident set size (kbytes): 0
	Major (requiring I/O) page faults: 4
	Minor (reclaiming a frame) page faults: 4886
	Voluntary context switches: 889
	Involuntary context switches: 50
	Swaps: 0
	File system inputs: 0
	File system outputs: 16416
	Socket messages sent: 0
	Socket messages received: 0
	Signals delivered: 0
	Page size (bytes): 4096
	Exit status: 0
