--------------------------------------------------------------------------
[[34808,1],0]: A high-performance Open MPI point-to-point messaging module
was unable to find any relevant network interfaces:

Module: OpenFabrics (openib)
  Host: ip-172-31-8-211

Another transport will be used instead, although this may result in
lower performance.

NOTE: You can disable this warning by setting the MCA parameter
btl_base_warn_component_unused to 0.
--------------------------------------------------------------------------
Average time to generate 50 random numbers using LCG (in s): 4.776e-06

-------------------------------------------------------
Graph edge distribution characteristics
-------------------------------------------------------
Number of vertices: 100
Number of edges: 546
Maximum number of edges: 144
Average number of edges: 136.5
Expected value of X^2: 18688.5
Variance: 56.25
Standard deviation: 7.5
-------------------------------------------------------
Time to generate distributed graph of 100 vertices (in s): 0.00178974
[PI-INFO] Init time,0,0.127978
[PI-INFO] Init time,3,0.120088
[PI-INFO] Init time,1,0.120088
[PI-INFO] Init time,2,0.120691
[PI-INFO] Paramount Iteration,0,1,0.128407,0.000429
[PI-INFO] Paramount Iteration,1,1,0.120519,0.000431
[PI-INFO] Paramount Iteration,3,1,0.120517,0.000429
[PI-INFO] Paramount Iteration,2,1,0.121124,0.000433
[PI-INFO] Paramount Iteration,0,2,0.128825,0.000418
[PI-INFO] Paramount Iteration,3,2,0.120911,0.000394
[PI-INFO] Paramount Iteration,1,2,0.120920,0.000401
[PI-INFO] Paramount Iteration,2,2,0.121522,0.000398
[PI-INFO] Paramount Iteration,0,3,0.129202,0.000377
[PI-INFO] Paramount Iteration,3,3,0.121306,0.000395
[PI-INFO] Paramount Iteration,2,3,0.121910,0.000388
[PI-INFO] Paramount Iteration,1,3,0.121335,0.000415
[PI-INFO] Paramount Iteration,0,4,0.129576,0.000374
[PI-INFO] Paramount Iteration,1,4,0.121678,0.000343
[PI-INFO] Paramount Iteration,3,4,0.121673,0.000367
[PI-INFO] Paramount Iteration,2,4,0.122280,0.000370
[PI-INFO] Paramount Iteration,0,5,0.129944,0.000368
[PI-INFO] Paramount Iteration,3,5,0.122037,0.000364
[PI-INFO] Paramount Iteration,1,5,0.122047,0.000369
[PI-INFO] Paramount Iteration,2,5,0.122647,0.000367
[PI-INFO] Paramount Iteration,0,6,0.130279,0.000335
[PI-INFO] Paramount Iteration,3,6,0.122383,0.000346
[PI-INFO] Paramount Iteration,2,6,0.122988,0.000341
[PI-INFO] Paramount Iteration,1,6,0.122421,0.000374
[PI-INFO] Paramount Iteration,0,7,0.130685,0.000406
[PI-INFO] Paramount Iteration,3,7,0.122767,0.000384
[PI-INFO] Paramount Iteration,1,7,0.122766,0.000345
[PI-INFO] Paramount Iteration,2,7,0.123385,0.000397
[PI-INFO] Paramount Iteration,0,8,0.131046,0.000361
[PI-INFO] Paramount Iteration,3,8,0.123137,0.000370
[PI-INFO] Paramount Iteration,1,8,0.123147,0.000381
[PI-INFO] Paramount Iteration,2,8,0.123745,0.000360
[PI-INFO] Paramount Iteration,0,9,0.131432,0.000386
[PI-INFO] Paramount Iteration,1,9,0.123529,0.000382
[PI-INFO] Paramount Iteration,3,9,0.123527,0.000390
[PI-INFO] Paramount Iteration,2,9,0.124132,0.000387
[PI-INFO] Paramount Iteration,0,10,0.131786,0.000354
[PI-INFO] Paramount Iteration,1,10,0.123887,0.000358
[PI-INFO] Paramount Iteration,3,10,0.123886,0.000359
[PI-INFO] Paramount Iteration,2,10,0.124502,0.000370
-------------------------------------------------------
64-bit datatype
-------------------------------------------------------
Average total time (in s), #Processes: 0.00961185, 4
Modularity, #Iterations: 0.569429, 11
MODS (final modularity * average time): 0.00547327
-------------------------------------------------------
[PI-INFO] PI avg,0,0.000346,11
[PI-INFO] Beta,0,0.159905
[PI-INFO] Total time,0.132395
[PI-INFO] PI avg,1,0.000345,11
[PI-INFO] PI avg,2,0.000346,11
[PI-INFO] Beta,2,0.158471
[PI-INFO] Beta,1,0.163487
[PI-INFO] PI avg,3,0.000345,11
[PI-INFO] Beta,3,0.168738
[ip-172-31-8-211:17744] 3 more processes have sent help message help-mpi-btl-base.txt / btl:no-nics
[ip-172-31-8-211:17744] Set MCA parameter "orte_base_help_aggregate" to 0 to see all help / error messages
	Command being timed: "mpirun --hostfile /home/ubuntu/PI-Bench/ECP-Proxy-Apps/hostfile -n 4 ./miniVite -n 100"
	User time (seconds): 0.07
	System time (seconds): 0.02
	Percent of CPU this job got: 13%
	Elapsed (wall clock) time (h:mm:ss or m:ss): 0:00.74
	Average shared text size (kbytes): 0
	Average unshared data size (kbytes): 0
	Average stack size (kbytes): 0
	Average total size (kbytes): 0
	Maximum resident set size (kbytes): 18972
	Average resident set size (kbytes): 0
	Major (requiring I/O) page faults: 4
	Minor (reclaiming a frame) page faults: 4880
	Voluntary context switches: 905
	Involuntary context switches: 52
	Swaps: 0
	File system inputs: 0
	File system outputs: 16416
	Socket messages sent: 0
	Socket messages received: 0
	Signals delivered: 0
	Page size (bytes): 4096
	Exit status: 0
