--------------------------------------------------------------------------
[[29478,1],0]: A high-performance Open MPI point-to-point messaging module
was unable to find any relevant network interfaces:

Module: OpenFabrics (openib)
  Host: ip-172-31-15-24

Another transport will be used instead, although this may result in
lower performance.

NOTE: You can disable this warning by setting the MCA parameter
btl_base_warn_component_unused to 0.
--------------------------------------------------------------------------
Average time to generate 200 random numbers using LCG (in s): 7.821e-06

-------------------------------------------------------
Graph edge distribution characteristics
-------------------------------------------------------
Number of vertices: 100
Number of edges: 446
Maximum number of edges: 446
Average number of edges: 446
Expected value of X^2: 198916
Variance: 0
Standard deviation: 0
-------------------------------------------------------
Time to generate distributed graph of 100 vertices (in s): 0.000197889
[PI-INFO] Init time,0,0.116152
[PI-INFO] Paramount Iteration,0,1,0.116311,0.000159
[PI-INFO] Paramount Iteration,0,2,0.116385,0.000074
[PI-INFO] Paramount Iteration,0,3,0.116447,0.000062
[PI-INFO] Paramount Iteration,0,4,0.116506,0.000059
[PI-INFO] Paramount Iteration,0,5,0.116563,0.000057
[PI-INFO] Paramount Iteration,0,6,0.116620,0.000057
[PI-INFO] Paramount Iteration,0,7,0.116674,0.000054
[PI-INFO] Paramount Iteration,0,8,0.116727,0.000053
[PI-INFO] Paramount Iteration,0,9,0.116781,0.000054
-------------------------------------------------------
64-bit datatype
-------------------------------------------------------
Average total time (in s), #Processes: 0.00421367, 1
Modularity, #Iterations: 0.716684, 10
MODS (final modularity * average time): 0.00301988
-------------------------------------------------------
[PI-INFO] PI avg,0,0.000063,10
[PI-INFO] Beta,0,0.295679
[PI-INFO] Total time,0.116967
	Command being timed: "mpirun --hostfile /home/ubuntu/PI-Bench/ECP-Proxy-Apps/hostfile -n 1 ./miniVite -n 100"
	User time (seconds): 0.06
	System time (seconds): 0.01
	Percent of CPU this job got: 43%
	Elapsed (wall clock) time (h:mm:ss or m:ss): 0:00.17
	Average shared text size (kbytes): 0
	Average unshared data size (kbytes): 0
	Average stack size (kbytes): 0
	Average total size (kbytes): 0
	Maximum resident set size (kbytes): 18832
	Average resident set size (kbytes): 0
	Major (requiring I/O) page faults: 4
	Minor (reclaiming a frame) page faults: 4525
	Voluntary context switches: 790
	Involuntary context switches: 35
	Swaps: 0
	File system inputs: 0
	File system outputs: 16416
	Socket messages sent: 0
	Socket messages received: 0
	Signals delivered: 0
	Page size (bytes): 4096
	Exit status: 0
