--------------------------------------------------------------------------
[[41120,1],4]: A high-performance Open MPI point-to-point messaging module
was unable to find any relevant network interfaces:

Module: OpenFabrics (openib)
  Host: ip-172-31-12-15

Another transport will be used instead, although this may result in
lower performance.

NOTE: You can disable this warning by setting the MCA parameter
btl_base_warn_component_unused to 0.
--------------------------------------------------------------------------
 _________________________________________________________________
 
  PICSAR
 _________________________________________________________________
 Cartesian topology
 Processor subdivision is                     4                    4                    2

 
 SIMULATION PARAMETERS:
 Dimension:                    3
 dx, dy, dz:   2.0202020202020202E-007   2.0202020202020202E-007   2.0202020202020202E-007
 dt:   2.7234004870354126E-016 s  0.27234004516069787      fs
 Coefficient on dt determined via the CFL (dtcoef):      0.70000
 Total time:   15.286941766601061      plasma periods:   8.1702014611062384E-014 s
 Number of steps:                  300
 Tiles:                    1                    1                    1
 MPI com current:                    0
 Current deposition method:                    0
 Charge deposition algo:                    0
 Field gathering method:                    0
 Field gathering plus particle pusher seperated:                    0
 Current/field gathering order:                    2                    2                    2
 Particle communication: (partcom=1)
 Pusher: Boris algorithm (particle_pusher=0)
 Maxwell derivative coeff:   1.0000000000000000     
 MPI buffer size:                 2000
 
 Vector length current deposition                    8
 Vector length charge deposition                   64
 Vector length field gathering                  256
 
 PLASMA PROPERTIES:
 Distribution:                    1
 Density in the lab frame:   1.1000000000000000E+025 m^-3
 Density in the simulation frame:   1.1000000000000000E+025 m^-3
 Cold plasma frequency in the lab frame:   187106056556544.47      s^-1
 cold plasma wavelength:   1.0067293394853861E-005 m   10.067293394853861      um
 
 MPI domain decomposition
 Topology:                    0
 Local number of cells:   24    24    49
 Local number of grid point:   25    25    50
 Guard cells:    4     4     4
 
 Periodic field bcs X axis
 Periodic field bcs Y axis
 Periodic field bcs Z axis
 FDTD_SOLVER 
 Particle sorting activated
 dx:   1.0101010101010101E-007
 dy:   1.0101010101010101E-007
 dz:   1.0101010101010101E-007
 shiftx:  -1.0101010101010101E-007
 shifty:  -1.0101010101010101E-007
 shiftz:  -1.0101010101010101E-007
 
 Number of species:                    2
 laser_antenna
 Charge:   1.0000000000000000     
 Drift velocity:   0.0000000000000000        0.0000000000000000        0.0000000000000000     
 Sorting period:                    0
 Sorting start:                    0
 
 laser_antenna
 Charge:  -1.0000000000000000     
 Drift velocity:   0.0000000000000000        0.0000000000000000        0.0000000000000000     
 Sorting period:                    0
 Sorting start:                    0
 
 Output of time statistics non-activated
 Computation of the time statistics starts at iteration:    0

 No particle dump ( 0)

 Set tile split: done
 Initialization of the tile arrays: done
 number of cells per laser wavelength   2.8578838324886471     
 Laser Waist   3.0000000000000001E-006 m
 Laser duration   1.6678204759907605E-014  (in s)
 Laser duration   61.240367839042456       (in dt)
 Laser peak    0.0000000000000000      dt
 Laser longitudinal length   5.0000000000000004E-006 m
 Laser temporal frequency w_laser   1883651567308853.5      s^-1
 Laser temporal period   3.3356409519815201E-015 s
 Laser temporal period   12.248073567808488      dt
 Laser tau / laser period    5.0000000000000009     
 number of cells per laser wavelength   2.8578838324886471     
 LASER EMAX   3210701160308.8057        3210701160308.8057        0.0000000000000000     
 Creation of the particles: done
 Total memory (GB) for grid arrays   0.23882039999999999     
 Total memory (GB) for grid tile arrays    5.1175800000000000E-002
 Total memory (GB) for particle tile arrays   0.24839654400000000     
 Total memory (GB)  0.53839274400000003     
 Avg memory (GB) /MPI process    1.6824773250000001E-002

  Initilization of the diags
mkdir: cannot create directory ‘RESULTS’: File exists
rm: cannot remove 'RESULTS/*': No such file or directory
 Initialization of the temporal diagnostics
 Rank   0, creation of the file                 ./RESULTS/kinE
 Rank   4, creation of the file                  ./RESULTS/bxE
 Rank   8, creation of the file                  ./RESULTS/rho
 Rank   2, creation of the file                  ./RESULTS/eyE
 Rank   1, creation of the file                  ./RESULTS/exE
 Rank   9, creation of the file                 ./RESULTS/divE
 Rank   6, creation of the file                  ./RESULTS/bzE
 Rank   7, creation of the file             ./RESULTS/divE-rho
 Rank   3, creation of the file                  ./RESULTS/ezE
 Rank   5, creation of the file                  ./RESULTS/byE
At line 386 of file src/diags/diags.F90 (unit = 42)
Fortran runtime error: Cannot open file './RESULTS/bxE': No such file or directory

Error termination. Backtrace:
At line 386 of file src/diags/diags.F90 (unit = 42)
Fortran runtime error: Cannot open file './RESULTS/exE': No such file or directory

Error termination. Backtrace:
At line 386 of file src/diags/diags.F90 (unit = 42)
Fortran runtime error: Cannot open file './RESULTS/divE': No such file or directory

Error termination. Backtrace:
At line 386 of file src/diags/diags.F90 (unit = 42)
Fortran runtime error: Cannot open file './RESULTS/rho': No such file or directory

Error termination. Backtrace:
At line 386 of file src/diags/diags.F90 (unit = 42)
Fortran runtime error: Cannot open file './RESULTS/ezE': No such file or directory

Error termination. Backtrace:
At line 386 of file src/diags/diags.F90 (unit = 42)
Fortran runtime error: Cannot open file './RESULTS/eyE': No such file or directory

Error termination. Backtrace:
At line 386 of file src/diags/diags.F90 (unit = 42)
Fortran runtime error: Cannot open file './RESULTS/bzE': No such file or directory

Error termination. Backtrace:
At line 386 of file src/diags/diags.F90 (unit = 42)
Fortran runtime error: Cannot open file './RESULTS/divE-rho': No such file or directory

Error termination. Backtrace:
At line 386 of file src/diags/diags.F90 (unit = 42)
Fortran runtime error: Cannot open file './RESULTS/byE': No such file or directory

Error termination. Backtrace:
#0  0x7f06f18a832a
#1  0x7f06f18a8ed5
#2  0x7f06f18a969d
#3  0x7f06f1a1becd
#4  0x7f06f1a1c214
#5  0x5582529203ca
#6  0x5582529240d1
#7  0x5582528f7baa
#8  0x5582528f7a3e
#9  0x7f06f111fbf6
#10  0x5582528f7a79
#11  0xffffffffffffffff
#0  0x7fb298e2a32a
#1  0x7fb298e2aed5
#2  0x7fb298e2b69d
#3  0x7fb298f9decd
#4  0x7fb298f9e214
#5  0x55d2092373ca
#6  0x55d20923b0d1
#7  0x55d20920ebaa
#8  0x55d20920ea3e
#9  0x7fb2986a1bf6
#10  0x55d20920ea79
#11  0xffffffffffffffff
#0  0x7fb15e96f32a
#1  0x7fb15e96fed5
#2  0x7fb15e97069d
#3  0x7fb15eae2ecd
#4  0x7fb15eae3214
#5  0x55e9b87273ca
#6  0x55e9b872b0d1
#7  0x55e9b86febaa
#8  0x55e9b86fea3e
#9  0x7fb15e1e6bf6
#10  0x55e9b86fea79
#11  0xffffffffffffffff
#0  0x7f348b55f32a
#1  0x7f348b55fed5
#2  0x7f348b56069d
#3  0x7f348b6d2ecd
#4  0x7f348b6d3214
#5  0x560ac90163ca
#6  0x560ac901a0d1
#7  0x560ac8fedbaa
#8  0x560ac8feda3e
#9  0x7f348add6bf6
#10  0x560ac8feda79
#11  0xffffffffffffffff
#0  0x7f1a1e42f32a
#1  0x7f1a1e42fed5
#2  0x7f1a1e43069d
#3  0x7f1a1e5a2ecd
#4  0x7f1a1e5a3214
#5  0x56365b92a3ca
#6  0x56365b92e0d1
#7  0x56365b901baa
#8  0x56365b901a3e
#9  0x7f1a1dca6bf6
#10  0x56365b901a79
#11  0xffffffffffffffff
#0  0x7ffbd05ab32a
#1  0x7ffbd05abed5
#2  0x7ffbd05ac69d
#3  0x7ffbd071eecd
#4  0x7ffbd071f214
#5  0x5639d204a3ca
#6  0x5639d204e0d1
#7  0x5639d2021baa
#8  0x5639d2021a3e
#9  0x7ffbcfe22bf6
#10  0x5639d2021a79
#11  0xffffffffffffffff
#0  0x7feb1cf4132a
#1  0x7feb1cf41ed5
#2  0x7feb1cf4269d
#3  0x7feb1d0b4ecd
#4  0x7feb1d0b5214
#5  0x55e63587d3ca
#6  0x55e6358810d1
#7  0x55e635854baa
#8  0x55e635854a3e
#9  0x7feb1c7b8bf6
#10  0x55e635854a79
#11  0xffffffffffffffff
#0  0x7f7b67b1432a
#1  0x7f7b67b14ed5
#2  0x7f7b67b1569d
#3  0x7f7b67c87ecd
#4  0x7f7b67c88214
#5  0x560e711233ca
#6  0x560e711270d1
#7  0x560e710fabaa
#8  0x560e710faa3e
#9  0x7f7b6738bbf6
#10  0x560e710faa79
#11  0xffffffffffffffff
-------------------------------------------------------
Primary job  terminated normally, but 1 process returned
a non-zero exit code.. Per user-direction, the job has been aborted.
-------------------------------------------------------
--------------------------------------------------------------------------
An MPI communication peer process has unexpectedly disconnected.  This
usually indicates a failure in the peer process (e.g., a crash or
otherwise exiting without calling MPI_FINALIZE first).

Although this local MPI process will likely now behave unpredictably
(it may even hang or crash), the root cause of this problem is the
failure of the peer -- that is what you need to investigate.  For
example, there may be a core file that you can examine.  More
generally: such peer hangups are frequently caused by application bugs
or other external events.

  Local host: ip-172-31-2-65
  Local PID:  27057
  Peer host:  ip-172-31-7-75
--------------------------------------------------------------------------
#0  0x7fd73371732a
#1  0x7fd733717ed5
#2  0x7fd73371869d
#3  0x7fd73388aecd
#4  0x7fd73388b214
#5  0x56265eb863ca
#6  0x56265eb8a0d1
#7  0x56265eb5dbaa
#8  0x56265eb5da3e
#9  0x7fd732f8ebf6
#10  0x56265eb5da79
#11  0xffffffffffffffff
--------------------------------------------------------------------------
mpirun detected that one or more processes exited with non-zero status, thus causing
the job to be terminated. The first process to do so was:

  Process name: [[41120,1],4]
  Exit code:    2
--------------------------------------------------------------------------
[ip-172-31-10-45:21921] 31 more processes have sent help message help-mpi-btl-base.txt / btl:no-nics
[ip-172-31-10-45:21921] Set MCA parameter "orte_base_help_aggregate" to 0 to see all help / error messages
[ip-172-31-10-45:21921] 13 more processes have sent help message help-mpi-btl-tcp.txt / peer hung up
Command exited with non-zero status 2
	Command being timed: "mpirun --hostfile /home/ubuntu/PI-Bench/ECP-Proxy-Apps/hostfile -n 32 ./fortran_bin/picsar examples/example_decks_fortran/laser-32.pixr"
	User time (seconds): 1.07
	System time (seconds): 0.18
	Percent of CPU this job got: 42%
	Elapsed (wall clock) time (h:mm:ss or m:ss): 0:02.97
	Average shared text size (kbytes): 0
	Average unshared data size (kbytes): 0
	Average stack size (kbytes): 0
	Average total size (kbytes): 0
	Maximum resident set size (kbytes): 25668
	Average resident set size (kbytes): 0
	Major (requiring I/O) page faults: 4
	Minor (reclaiming a frame) page faults: 12176
	Voluntary context switches: 1102
	Involuntary context switches: 40
	Swaps: 0
	File system inputs: 0
	File system outputs: 16432
	Socket messages sent: 0
	Socket messages received: 0
	Signals delivered: 0
	Page size (bytes): 4096
	Exit status: 2
