--------------------------------------------------------------------------
[[59650,1],0]: A high-performance Open MPI point-to-point messaging module
was unable to find any relevant network interfaces:

Module: OpenFabrics (openib)
  Host: ip-172-31-9-245

Another transport will be used instead, although this may result in
lower performance.

NOTE: You can disable this warning by setting the MCA parameter
btl_base_warn_component_unused to 0.
--------------------------------------------------------------------------
 _________________________________________________________________
 
  PICSAR
 _________________________________________________________________
 Cartesian topology
 Processor subdivision is                     2                    2                    1

 
 SIMULATION PARAMETERS:
 Dimension:                    3
 dx, dy, dz:   2.0202020202020202E-007   2.0202020202020202E-007   2.0202020202020202E-007
 dt:   2.7234004870354126E-016 s  0.27234004516069787      fs
 Coefficient on dt determined via the CFL (dtcoef):      0.70000
 Total time:   15.286941766601061      plasma periods:   8.1702014611062384E-014 s
 Number of steps:                  300
 Tiles:                    1                    1                    1
 MPI com current:                    0
 Current deposition method:                    0
 Charge deposition algo:                    0
 Field gathering method:                    0
 Field gathering plus particle pusher seperated:                    0
 Current/field gathering order:                    2                    2                    2
 Particle communication: (partcom=1)
 Pusher: Boris algorithm (particle_pusher=0)
 Maxwell derivative coeff:   1.0000000000000000     
 MPI buffer size:                 2000
 
 Vector length current deposition                    8
 Vector length charge deposition                   64
 Vector length field gathering                  256
 
 PLASMA PROPERTIES:
 Distribution:                    1
 Density in the lab frame:   1.1000000000000000E+025 m^-3
 Density in the simulation frame:   1.1000000000000000E+025 m^-3
 Cold plasma frequency in the lab frame:   187106056556544.47      s^-1
 cold plasma wavelength:   1.0067293394853861E-005 m   10.067293394853861      um
 
 MPI domain decomposition
 Topology:                    0
 Local number of cells:   49    49    99
 Local number of grid point:   50    50   100
 Guard cells:    4     4     4
 
 Periodic field bcs X axis
 Periodic field bcs Y axis
 Periodic field bcs Z axis
 FDTD_SOLVER 
 Particle sorting activated
 dx:   1.0101010101010101E-007
 dy:   1.0101010101010101E-007
 dz:   1.0101010101010101E-007
 shiftx:  -1.0101010101010101E-007
 shifty:  -1.0101010101010101E-007
 shiftz:  -1.0101010101010101E-007
 
 Number of species:                    2
 laser_antenna
 Charge:   1.0000000000000000     
 Drift velocity:   0.0000000000000000        0.0000000000000000        0.0000000000000000     
 Sorting period:                    0
 Sorting start:                    0
 
 laser_antenna
 Charge:  -1.0000000000000000     
 Drift velocity:   0.0000000000000000        0.0000000000000000        0.0000000000000000     
 Sorting period:                    0
 Sorting start:                    0
 
 Output of time statistics non-activated
 Computation of the time statistics starts at iteration:    0

 No particle dump ( 0)

 Set tile split: done
 Initialization of the tile arrays: done
 number of cells per laser wavelength   2.8578838324886471     
 Laser Waist   3.0000000000000001E-006 m
 Laser duration   1.6678204759907605E-014  (in s)
 Laser duration   61.240367839042456       (in dt)
 Laser peak    0.0000000000000000      dt
 Laser longitudinal length   5.0000000000000004E-006 m
 Laser temporal frequency w_laser   1883651567308853.5      s^-1
 Laser temporal period   3.3356409519815201E-015 s
 Laser temporal period   12.248073567808488      dt
 Laser tau / laser period    5.0000000000000009     
 number of cells per laser wavelength   2.8578838324886471     
 LASER EMAX   3210701160308.8057        3210701160308.8057        0.0000000000000000     
 Creation of the particles: done
 Total memory (GB) for grid arrays   0.16558214399999999     
 Total memory (GB) for grid tile arrays    3.5481888000000003E-002
 Total memory (GB) for particle tile arrays   0.24839654400000000     
 Total memory (GB)  0.44946057600000000     
 Avg memory (GB) /MPI process   0.11236514400000000     

  Initilization of the diags
mkdir: cannot create directory ‘RESULTS’: File exists
rm: cannot remove 'RESULTS/*': No such file or directory
 Initialization of the temporal diagnostics
 Creation of the file                 ./RESULTS/kinE
 Creation of the file                  ./RESULTS/exE
 Creation of the file                  ./RESULTS/eyE
 Creation of the file                  ./RESULTS/ezE
 Creation of the file                  ./RESULTS/bxE
 Creation of the file                  ./RESULTS/byE
 Creation of the file                  ./RESULTS/bzE
 Creation of the file             ./RESULTS/divE-rho
 Creation of the file                  ./RESULTS/rho
 Creation of the file                 ./RESULTS/divE

 nsteps =                   300
[PI-INFO] Init time,0,0.199187
[PI-INFO] Init time,2,0.190371
[PI-INFO] Init time,1,0.191994
[PI-INFO] Init time,3,0.191101
 Write electric field ex
*** stack smashing detected ***: <unknown> terminated

Program received signal SIGABRT: Process abort signal.

Backtrace for this error:
*** stack smashing detected ***: <unknown> terminated
*** stack smashing detected ***: <unknown> terminated

Program received signal SIGABRT: Process abort signal.

Backtrace for this error:

Program received signal SIGABRT: Process abort signal.

Backtrace for this error:
*** stack smashing detected ***: <unknown> terminated

Program received signal SIGABRT: Process abort signal.

Backtrace for this error:
#0  0x7fc458cf132a
#1  0x7fc458cf0503
#2  0x7fc45858603f
#3  0x7fc458585fb7
#4  0x7fc458587920
#5  0x7fc4585d0966
#6  0x7fc45867bb60
#7  0x7fc45867bb21
#0  0x7f32f6b2b32a
#1  0x7f32f6b2a503
#2  0x7f32f63c003f
#3  0x7f32f63bffb7
#4  0x7f32f63c1920
#5  0x7f32f640a966
#6  0x7f32f64b5b60
#7  0x7f32f64b5b21
#8  0x7f32dbe5dc00
#9  0x7f32dbe5e077
#10  0x7f32dbe5e0e1
#11  0x7f32f6f8fba9
#12  0x7f32f6f2c19f
#13  0x7f32f6f748e6
#0  0x7f3f512af32a
#1  0x7f3f512ae503
#2  0x7f3f50b4403f
#3  0x7f3f50b43fb7
#4  0x7f3f50b45920
#5  0x7f3f50b8e966
#6  0x7f3f50c39b60
#7  0x7f3f50c39b21
#8  0x7f3f36b26c00
#9  0x7f3f36b27077
#10  0x7f3f36b270e1
#11  0x7f3f51713ba9
#12  0x7f3f516b019f
#13  0x7f3f516f88e6
#14  0x7f3f519b0bf8
#15  0x56023542ded3
#16  0x56023543095a
#17  0x5602353f2dce
#18  0x5602353eabc4
#19  0x5602353eaa3e
#20  0x7f3f50b26bf6
#21  0x5602353eaa79
#22  0xffffffffffffffff
#8  0x7fc43e105c00
#9  0x7fc43e106077
#10  0x7fc43e1060e1
#11  0x7fc459155ba9
#12  0x7fc4590f219f
#13  0x7fc45913a8e6
#14  0x7fc4593f2bf8
#15  0x5652e729fed3
#16  0x5652e72a295a
#17  0x5652e7264dce
#18  0x5652e725cbc4
#19  0x5652e725ca3e
#20  0x7fc458568bf6
#21  0x5652e725ca79
#22  0xffffffffffffffff
#14  0x7f32f722cbf8
#15  0x564143a5bed3
#16  0x564143a5e95a
#17  0x564143a20dce
#18  0x564143a18bc4
#19  0x564143a18a3e
#20  0x7f32f63a2bf6
#21  0x564143a18a79
#22  0xffffffffffffffff
#0  0x7f99213ad32a
#1  0x7f99213ac503
#2  0x7f9920c4203f
#3  0x7f9920c41fb7
#4  0x7f9920c43920
#5  0x7f9920c8c966
#6  0x7f9920d37b60
#7  0x7f9920d37b21
#8  0x7f99065c1c00
#9  0x7f99065c2077
#10  0x7f99065c20e1
#11  0x7f9921811ba9
#12  0x7f99217ae19f
#13  0x7f99217f68e6
#14  0x7f9921aaebf8
#15  0x559a2637ced3
#16  0x559a2637f95a
#17  0x559a26341dce
#18  0x559a26339bc4
#19  0x559a26339a3e
#20  0x7f9920c24bf6
#21  0x559a26339a79
#22  0xffffffffffffffff
--------------------------------------------------------------------------
mpirun noticed that process rank 1 with PID 25174 on node 172.31.1.176 exited on signal 6 (Aborted).
--------------------------------------------------------------------------
[ip-172-31-9-245:18124] 3 more processes have sent help message help-mpi-btl-base.txt / btl:no-nics
[ip-172-31-9-245:18124] Set MCA parameter "orte_base_help_aggregate" to 0 to see all help / error messages
Command exited with non-zero status 134
	Command being timed: "mpirun --hostfile /home/ubuntu/PI-Bench/ECP-Proxy-Apps/hostfile -n 4 ./fortran_bin/picsar examples/example_decks_fortran/laser-4.pixr"
	User time (seconds): 0.15
	System time (seconds): 0.09
	Percent of CPU this job got: 11%
	Elapsed (wall clock) time (h:mm:ss or m:ss): 0:02.11
	Average shared text size (kbytes): 0
	Average unshared data size (kbytes): 0
	Average stack size (kbytes): 0
	Average total size (kbytes): 0
	Maximum resident set size (kbytes): 134228
	Average resident set size (kbytes): 0
	Major (requiring I/O) page faults: 4
	Minor (reclaiming a frame) page faults: 46669
	Voluntary context switches: 913
	Involuntary context switches: 7
	Swaps: 0
	File system inputs: 0
	File system outputs: 16432
	Socket messages sent: 0
	Socket messages received: 0
	Signals delivered: 0
	Page size (bytes): 4096
	Exit status: 134
