--------------------------------------------------------------------------
[[60226,1],0]: A high-performance Open MPI point-to-point messaging module
was unable to find any relevant network interfaces:

Module: OpenFabrics (openib)
  Host: ip-172-31-9-245

Another transport will be used instead, although this may result in
lower performance.

NOTE: You can disable this warning by setting the MCA parameter
btl_base_warn_component_unused to 0.
--------------------------------------------------------------------------
Initializing redistribution using a pencil layout on 4 ranks.
distribution 1D: [4:1:1]
distribution 3D: [2:2:1]
distribution 2z: [2:2:1]
distribution 2x: [1:2:2]
distribution 2y: [2:1:2]
DFFT  init  max 1.777e-01s  avg 1.456e-01s  min 1.052e-01s  dev 3.184e-02s

Hex representations of double precision floats
0.000000e+00 = 0
1.000000e+00 = 3ff0000000000000
2097152.000000 = 4140000000000000

[PI-INFO] Init time,0,0.325106

TESTING 0

[PI-INFO] Init time,1,0.318124
[PI-INFO] Init time,2,0.316280
[PI-INFO] Init time,3,0.316782
DFFT  fd32  max 2.371e-02s  avg 1.911e-02s  min 1.440e-02s  dev 3.536e-03s
DFFT  f1dx  max 2.716e-03s  avg 2.378e-03s  min 1.700e-03s  dev 4.093e-04s
DFFT  fd23  max 1.902e-02s  avg 1.503e-02s  min 1.017e-02s  dev 3.360e-03s
DFFT  fd32  max 1.308e-02s  avg 1.035e-02s  min 8.412e-03s  dev 1.701e-03s
DFFT  f1dy  max 2.775e-03s  avg 2.350e-03s  min 1.588e-03s  dev 4.576e-04s
DFFT  fd23  max 1.436e-02s  avg 1.133e-02s  min 9.188e-03s  dev 1.886e-03s
DFFT  fd32  max 8.302e-03s  avg 7.697e-03s  min 6.744e-03s  dev 6.479e-04s
DFFT  f1dz  max 2.659e-03s  avg 2.328e-03s  min 1.649e-03s  dev 4.081e-04s
DFFT fdist  max 7.382e-02s  avg 6.352e-02s  min 5.192e-02s  dev 9.580e-03s
DFFT fdfft  max 8.119e-03s  avg 7.056e-03s  min 4.937e-03s  dev 1.272e-03s
FORWARD     max 9.083e-02s  avg 9.053e-02s  min 9.041e-02s  dev 1.716e-04s

k-space:
real in [1.000000e+00,1.000000e+00] = [3ff0000000000000,3ff0000000000000]
imag in [0.000000e+00,0.000000e+00] = [0,0]

DFFT  b1dz  max 3.656e-03s  avg 2.770e-03s  min 1.514e-03s  dev 7.958e-04s
DFFT  bd23  max 5.061e-03s  avg 4.320e-03s  min 3.011e-03s  dev 8.059e-04s
DFFT  bd32  max 1.302e-02s  avg 1.053e-02s  min 8.753e-03s  dev 1.552e-03s
DFFT  b1dy  max 3.651e-03s  avg 2.832e-03s  min 1.625e-03s  dev 7.733e-04s
DFFT  bd23  max 1.433e-02s  avg 1.164e-02s  min 9.743e-03s  dev 1.682e-03s
DFFT  bd32  max 1.890e-02s  avg 1.464e-02s  min 1.009e-02s  dev 3.413e-03s
DFFT  b1dx  max 3.654e-03s  avg 2.825e-03s  min 1.773e-03s  dev 6.976e-04s
DFFT  bd23  max 1.917e-02s  avg 1.522e-02s  min 1.022e-02s  dev 3.634e-03s
DFFT bdist  max 6.732e-02s  avg 5.636e-02s  min 4.520e-02s  dev 9.445e-03s
DFFT bdfft  max 1.096e-02s  avg 8.427e-03s  min 4.913e-03s  dev 2.263e-03s
BACKWARD    max 8.510e-02s  avg 8.506e-02s  min 8.502e-02s  dev 2.750e-05s

r-space:
a[0,0,0] = (2097152.000000,0.000000) = (4140000000000000,0)
real in [0.000000e+00,0.000000e+00] = [0,0]
imag in [0.000000e+00,0.000000e+00] = [0,0]

[PI-INFO] Paramount Iteration,0,1,0.505984,0.180878

TESTING 1

[PI-INFO] Paramount Iteration,1,1,0.498942,0.180818
[PI-INFO] Paramount Iteration,3,1,0.497597,0.180816
[PI-INFO] Paramount Iteration,2,1,0.497119,0.180839
DFFT  fd32  max 1.780e-02s  avg 1.352e-02s  min 9.085e-03s  dev 3.371e-03s
DFFT  f1dx  max 2.688e-03s  avg 2.413e-03s  min 1.764e-03s  dev 3.801e-04s
DFFT  fd23  max 1.924e-02s  avg 1.489e-02s  min 1.013e-02s  dev 3.614e-03s
DFFT  fd32  max 1.293e-02s  avg 1.023e-02s  min 8.057e-03s  dev 1.744e-03s
DFFT  f1dy  max 2.729e-03s  avg 2.344e-03s  min 1.824e-03s  dev 3.542e-04s
DFFT  fd23  max 1.448e-02s  avg 1.135e-02s  min 9.050e-03s  dev 1.963e-03s
DFFT  fd32  max 4.887e-03s  avg 4.227e-03s  min 3.297e-03s  dev 6.709e-04s
DFFT  f1dz  max 2.696e-03s  avg 2.379e-03s  min 1.815e-03s  dev 3.543e-04s
DFFT fdist  max 6.517e-02s  avg 5.421e-02s  min 4.334e-02s  dev 9.889e-03s
DFFT fdfft  max 8.099e-03s  avg 7.137e-03s  min 5.403e-03s  dev 1.073e-03s
FORWARD     max 8.152e-02s  avg 8.122e-02s  min 8.109e-02s  dev 1.710e-04s

k-space:
real in [1.000000e+00,1.000000e+00] = [3ff0000000000000,3ff0000000000000]
imag in [0.000000e+00,0.000000e+00] = [0,0]

DFFT  b1dz  max 3.699e-03s  avg 2.742e-03s  min 1.536e-03s  dev 7.817e-04s
DFFT  bd23  max 4.992e-03s  avg 4.297e-03s  min 3.064e-03s  dev 7.641e-04s
DFFT  bd32  max 1.322e-02s  avg 1.056e-02s  min 8.418e-03s  dev 1.718e-03s
DFFT  b1dy  max 3.574e-03s  avg 2.808e-03s  min 1.735e-03s  dev 7.053e-04s
DFFT  bd23  max 1.422e-02s  avg 1.137e-02s  min 9.354e-03s  dev 1.774e-03s
DFFT  bd32  max 1.879e-02s  avg 1.447e-02s  min 9.885e-03s  dev 3.426e-03s
DFFT  b1dx  max 3.671e-03s  avg 2.835e-03s  min 1.753e-03s  dev 7.235e-04s
DFFT  bd23  max 1.925e-02s  avg 1.519e-02s  min 1.010e-02s  dev 3.630e-03s
DFFT bdist  max 6.682e-02s  avg 5.587e-02s  min 4.450e-02s  dev 9.656e-03s
DFFT bdfft  max 1.094e-02s  avg 8.385e-03s  min 5.023e-03s  dev 2.201e-03s
BACKWARD    max 8.504e-02s  avg 8.499e-02s  min 8.495e-02s  dev 3.229e-05s

r-space:
a[0,0,0] = (2097152.000000,0.000000) = (4140000000000000,0)
real in [0.000000e+00,0.000000e+00] = [0,0]
imag in [0.000000e+00,0.000000e+00] = [0,0]

[PI-INFO] Paramount Iteration,0,2,0.677417,0.171433

TESTING 2

[PI-INFO] Paramount Iteration,1,2,0.670384,0.171442
[PI-INFO] Paramount Iteration,3,2,0.669047,0.171450
[PI-INFO] Paramount Iteration,2,2,0.668547,0.171428
DFFT  fd32  max 1.760e-02s  avg 1.337e-02s  min 8.945e-03s  dev 3.380e-03s
DFFT  f1dx  max 2.717e-03s  avg 2.384e-03s  min 1.638e-03s  dev 4.412e-04s
DFFT  fd23  max 1.845e-02s  avg 1.468e-02s  min 9.960e-03s  dev 3.355e-03s
DFFT  fd32  max 1.305e-02s  avg 1.030e-02s  min 8.264e-03s  dev 1.732e-03s
DFFT  f1dy  max 2.721e-03s  avg 2.368e-03s  min 1.689e-03s  dev 4.055e-04s
DFFT  fd23  max 1.429e-02s  avg 1.138e-02s  min 9.351e-03s  dev 1.801e-03s
DFFT  fd32  max 4.853e-03s  avg 4.137e-03s  min 3.245e-03s  dev 6.983e-04s
DFFT  f1dz  max 2.682e-03s  avg 2.322e-03s  min 1.723e-03s  dev 3.745e-04s
DFFT fdist  max 6.478e-02s  avg 5.386e-02s  min 4.294e-02s  dev 9.577e-03s
DFFT fdfft  max 8.120e-03s  avg 7.074e-03s  min 5.050e-03s  dev 1.217e-03s
FORWARD     max 8.037e-02s  avg 8.011e-02s  min 7.996e-02s  dev 1.636e-04s

k-space:
real in [1.000000e+00,1.000000e+00] = [3ff0000000000000,3ff0000000000000]
imag in [0.000000e+00,0.000000e+00] = [0,0]

DFFT  b1dz  max 3.664e-03s  avg 2.749e-03s  min 1.529e-03s  dev 7.854e-04s
DFFT  bd23  max 4.936e-03s  avg 4.206e-03s  min 2.989e-03s  dev 7.863e-04s
DFFT  bd32  max 1.295e-02s  avg 1.026e-02s  min 8.228e-03s  dev 1.704e-03s
DFFT  b1dy  max 3.621e-03s  avg 2.782e-03s  min 1.576e-03s  dev 7.654e-04s
DFFT  bd23  max 1.405e-02s  avg 1.135e-02s  min 9.483e-03s  dev 1.672e-03s
DFFT  bd32  max 1.866e-02s  avg 1.410e-02s  min 9.233e-03s  dev 3.501e-03s
DFFT  b1dx  max 3.606e-03s  avg 2.812e-03s  min 1.732e-03s  dev 7.334e-04s
DFFT  bd23  max 1.807e-02s  avg 1.444e-02s  min 1.003e-02s  dev 2.989e-03s
DFFT bdist  max 6.371e-02s  avg 5.436e-02s  min 4.317e-02s  dev 8.881e-03s
DFFT bdfft  max 1.089e-02s  avg 8.343e-03s  min 4.838e-03s  dev 2.275e-03s
BACKWARD    max 8.308e-02s  avg 8.305e-02s  min 8.301e-02s  dev 2.677e-05s

r-space:
a[0,0,0] = (2097152.000000,0.000000) = (4140000000000000,0)
real in [0.000000e+00,0.000000e+00] = [0,0]
imag in [0.000000e+00,0.000000e+00] = [0,0]

[PI-INFO] Paramount Iteration,0,3,0.845678,0.168261

TESTING 3

[PI-INFO] Paramount Iteration,1,3,0.838627,0.168243
[PI-INFO] Paramount Iteration,3,3,0.837291,0.168244
[PI-INFO] Paramount Iteration,2,3,0.836816,0.168269
DFFT  fd32  max 1.787e-02s  avg 1.362e-02s  min 9.191e-03s  dev 3.370e-03s
DFFT  f1dx  max 2.686e-03s  avg 2.350e-03s  min 1.668e-03s  dev 4.109e-04s
DFFT  fd23  max 1.688e-02s  avg 1.385e-02s  min 1.015e-02s  dev 2.676e-03s
DFFT  fd32  max 1.290e-02s  avg 1.017e-02s  min 8.156e-03s  dev 1.715e-03s
DFFT  f1dy  max 2.721e-03s  avg 2.297e-03s  min 1.574e-03s  dev 4.455e-04s
DFFT  fd23  max 1.426e-02s  avg 1.115e-02s  min 8.899e-03s  dev 1.947e-03s
DFFT  fd32  max 4.948e-03s  avg 4.332e-03s  min 3.224e-03s  dev 6.842e-04s
DFFT  f1dz  max 2.690e-03s  avg 2.361e-03s  min 1.669e-03s  dev 4.098e-04s
DFFT fdist  max 6.353e-02s  avg 5.313e-02s  min 4.280e-02s  dev 9.031e-03s
DFFT fdfft  max 8.071e-03s  avg 7.008e-03s  min 4.911e-03s  dev 1.263e-03s
FORWARD     max 7.890e-02s  avg 7.867e-02s  min 7.854e-02s  dev 1.388e-04s

k-space:
real in [1.000000e+00,1.000000e+00] = [3ff0000000000000,3ff0000000000000]
imag in [0.000000e+00,0.000000e+00] = [0,0]

DFFT  b1dz  max 3.652e-03s  avg 2.771e-03s  min 1.519e-03s  dev 7.940e-04s
DFFT  bd23  max 4.912e-03s  avg 4.209e-03s  min 2.887e-03s  dev 8.212e-04s
DFFT  bd32  max 1.310e-02s  avg 1.031e-02s  min 8.210e-03s  dev 1.765e-03s
DFFT  b1dy  max 3.625e-03s  avg 2.746e-03s  min 1.640e-03s  dev 7.306e-04s
DFFT  bd23  max 1.428e-02s  avg 1.122e-02s  min 9.053e-03s  dev 1.909e-03s
DFFT  bd32  max 1.804e-02s  avg 1.379e-02s  min 9.362e-03s  dev 3.346e-03s
DFFT  b1dx  max 3.617e-03s  avg 2.774e-03s  min 1.649e-03s  dev 7.331e-04s
DFFT  bd23  max 1.936e-02s  avg 1.491e-02s  min 9.723e-03s  dev 3.830e-03s
DFFT bdist  max 6.576e-02s  avg 5.444e-02s  min 4.240e-02s  dev 1.023e-02s
DFFT bdfft  max 1.089e-02s  avg 8.291e-03s  min 4.808e-03s  dev 2.256e-03s
BACKWARD    max 8.401e-02s  avg 8.400e-02s  min 8.397e-02s  dev 1.856e-05s

r-space:
a[0,0,0] = (2097152.000000,0.000000) = (4140000000000000,0)
real in [0.000000e+00,0.000000e+00] = [0,0]
imag in [0.000000e+00,0.000000e+00] = [0,0]

[PI-INFO] Paramount Iteration,0,4,1.013424,0.167746

TESTING 4

[PI-INFO] Paramount Iteration,1,4,1.006366,0.167739
[PI-INFO] Paramount Iteration,3,4,1.005031,0.167740
[PI-INFO] Paramount Iteration,2,4,1.004564,0.167748
DFFT  fd32  max 1.743e-02s  avg 1.335e-02s  min 9.110e-03s  dev 3.307e-03s
DFFT  f1dx  max 2.686e-03s  avg 2.411e-03s  min 1.891e-03s  dev 3.211e-04s
DFFT  fd23  max 1.851e-02s  avg 1.469e-02s  min 1.016e-02s  dev 3.398e-03s
DFFT  fd32  max 1.279e-02s  avg 1.012e-02s  min 8.139e-03s  dev 1.680e-03s
DFFT  f1dy  max 2.747e-03s  avg 2.344e-03s  min 1.646e-03s  dev 4.312e-04s
DFFT  fd23  max 1.417e-02s  avg 1.106e-02s  min 8.804e-03s  dev 1.950e-03s
DFFT  fd32  max 4.987e-03s  avg 4.302e-03s  min 3.189e-03s  dev 7.182e-04s
DFFT  f1dz  max 2.677e-03s  avg 2.363e-03s  min 1.695e-03s  dev 3.947e-04s
DFFT fdist  max 6.476e-02s  avg 5.352e-02s  min 4.260e-02s  dev 9.768e-03s
DFFT fdfft  max 8.110e-03s  avg 7.118e-03s  min 5.231e-03s  dev 1.144e-03s
FORWARD     max 7.986e-02s  avg 7.960e-02s  min 7.946e-02s  dev 1.587e-04s

k-space:
real in [1.000000e+00,1.000000e+00] = [3ff0000000000000,3ff0000000000000]
imag in [0.000000e+00,0.000000e+00] = [0,0]

DFFT  b1dz  max 3.716e-03s  avg 2.827e-03s  min 1.541e-03s  dev 8.204e-04s
DFFT  bd23  max 4.900e-03s  avg 4.251e-03s  min 2.960e-03s  dev 7.773e-04s
DFFT  bd32  max 1.297e-02s  avg 1.033e-02s  min 8.341e-03s  dev 1.668e-03s
DFFT  b1dy  max 3.593e-03s  avg 2.777e-03s  min 1.719e-03s  dev 6.950e-04s
DFFT  bd23  max 1.416e-02s  avg 1.122e-02s  min 8.958e-03s  dev 1.869e-03s
DFFT  bd32  max 1.900e-02s  avg 1.443e-02s  min 9.512e-03s  dev 3.563e-03s
DFFT  b1dx  max 3.705e-03s  avg 2.840e-03s  min 1.715e-03s  dev 7.425e-04s
DFFT  bd23  max 1.885e-02s  avg 1.522e-02s  min 1.142e-02s  dev 3.206e-03s
DFFT bdist  max 6.621e-02s  avg 5.546e-02s  min 4.486e-02s  dev 9.485e-03s
DFFT bdfft  max 1.101e-02s  avg 8.444e-03s  min 4.975e-03s  dev 2.257e-03s
BACKWARD    max 8.435e-02s  avg 8.432e-02s  min 8.428e-02s  dev 2.514e-05s

r-space:
a[0,0,0] = (2097152.000000,0.000000) = (4140000000000000,0)
real in [0.000000e+00,0.000000e+00] = [0,0]
imag in [0.000000e+00,0.000000e+00] = [0,0]

[PI-INFO] Paramount Iteration,0,5,1.182372,0.168948

TESTING 5

[PI-INFO] Paramount Iteration,1,5,1.175334,0.168968
[PI-INFO] Paramount Iteration,3,5,1.174000,0.168969
[PI-INFO] Paramount Iteration,2,5,1.173514,0.168950
DFFT  fd32  max 1.809e-02s  avg 1.431e-02s  min 1.042e-02s  dev 3.198e-03s
DFFT  f1dx  max 2.690e-03s  avg 2.437e-03s  min 1.940e-03s  dev 2.998e-04s
DFFT  fd23  max 1.869e-02s  avg 1.497e-02s  min 1.058e-02s  dev 3.284e-03s
DFFT  fd32  max 1.293e-02s  avg 1.026e-02s  min 8.354e-03s  dev 1.664e-03s
DFFT  f1dy  max 2.711e-03s  avg 2.364e-03s  min 1.659e-03s  dev 4.163e-04s
DFFT  fd23  max 1.427e-02s  avg 1.146e-02s  min 9.575e-03s  dev 1.725e-03s
DFFT  fd32  max 4.939e-03s  avg 4.281e-03s  min 3.251e-03s  dev 6.545e-04s
DFFT  f1dz  max 2.717e-03s  avg 2.369e-03s  min 1.646e-03s  dev 4.258e-04s
DFFT fdist  max 6.622e-02s  avg 5.528e-02s  min 4.519e-02s  dev 9.219e-03s
DFFT fdfft  max 8.119e-03s  avg 7.171e-03s  min 5.244e-03s  dev 1.141e-03s
FORWARD     max 8.073e-02s  avg 8.060e-02s  min 8.051e-02s  dev 8.138e-05s

k-space:
real in [1.000000e+00,1.000000e+00] = [3ff0000000000000,3ff0000000000000]
imag in [0.000000e+00,0.000000e+00] = [0,0]

DFFT  b1dz  max 3.704e-03s  avg 2.763e-03s  min 1.491e-03s  dev 8.207e-04s
DFFT  bd23  max 4.952e-03s  avg 4.250e-03s  min 2.889e-03s  dev 8.241e-04s
DFFT  bd32  max 1.292e-02s  avg 1.027e-02s  min 8.275e-03s  dev 1.675e-03s
DFFT  b1dy  max 3.521e-03s  avg 2.743e-03s  min 1.585e-03s  dev 7.454e-04s
DFFT  bd23  max 1.398e-02s  avg 1.123e-02s  min 9.367e-03s  dev 1.692e-03s
DFFT  bd32  max 1.801e-02s  avg 1.381e-02s  min 9.263e-03s  dev 3.470e-03s
DFFT  b1dx  max 3.631e-03s  avg 2.781e-03s  min 1.612e-03s  dev 7.626e-04s
DFFT  bd23  max 1.904e-02s  avg 1.446e-02s  min 9.731e-03s  dev 3.413e-03s
DFFT bdist  max 6.384e-02s  avg 5.401e-02s  min 4.262e-02s  dev 9.359e-03s
DFFT bdfft  max 1.086e-02s  avg 8.287e-03s  min 4.687e-03s  dev 2.326e-03s
BACKWARD    max 8.321e-02s  avg 8.319e-02s  min 8.316e-02s  dev 1.986e-05s

r-space:
a[0,0,0] = (2097152.000000,0.000000) = (4140000000000000,0)
real in [0.000000e+00,0.000000e+00] = [0,0]
imag in [0.000000e+00,0.000000e+00] = [0,0]

[PI-INFO] Paramount Iteration,0,6,1.351294,0.168922

TESTING 6

[PI-INFO] Paramount Iteration,1,6,1.344237,0.168903
[PI-INFO] Paramount Iteration,3,6,1.342907,0.168907
[PI-INFO] Paramount Iteration,2,6,1.342436,0.168922
DFFT  fd32  max 1.769e-02s  avg 1.336e-02s  min 8.945e-03s  dev 3.320e-03s
DFFT  f1dx  max 2.684e-03s  avg 2.358e-03s  min 1.593e-03s  dev 4.490e-04s
DFFT  fd23  max 1.869e-02s  avg 1.443e-02s  min 9.607e-03s  dev 3.510e-03s
DFFT  fd32  max 1.280e-02s  avg 1.021e-02s  min 8.319e-03s  dev 1.620e-03s
DFFT  f1dy  max 2.751e-03s  avg 2.368e-03s  min 1.629e-03s  dev 4.382e-04s
DFFT  fd23  max 1.616e-02s  avg 1.218e-02s  min 9.142e-03s  dev 2.627e-03s
DFFT  fd32  max 4.868e-03s  avg 4.268e-03s  min 3.170e-03s  dev 6.921e-04s
DFFT  f1dz  max 2.651e-03s  avg 2.317e-03s  min 1.619e-03s  dev 4.163e-04s
DFFT fdist  max 6.562e-02s  avg 5.445e-02s  min 4.227e-02s  dev 1.038e-02s
DFFT fdfft  max 8.086e-03s  avg 7.043e-03s  min 4.842e-03s  dev 1.302e-03s
FORWARD     max 8.228e-02s  avg 8.203e-02s  min 8.190e-02s  dev 1.487e-04s

k-space:
real in [1.000000e+00,1.000000e+00] = [3ff0000000000000,3ff0000000000000]
imag in [0.000000e+00,0.000000e+00] = [0,0]

DFFT  b1dz  max 3.664e-03s  avg 2.759e-03s  min 1.516e-03s  dev 7.934e-04s
DFFT  bd23  max 4.945e-03s  avg 4.205e-03s  min 2.881e-03s  dev 8.236e-04s
DFFT  bd32  max 1.311e-02s  avg 1.026e-02s  min 8.072e-03s  dev 1.819e-03s
DFFT  b1dy  max 3.612e-03s  avg 2.754e-03s  min 1.575e-03s  dev 7.656e-04s
DFFT  bd23  max 1.429e-02s  avg 1.137e-02s  min 9.392e-03s  dev 1.797e-03s
DFFT  bd32  max 1.988e-02s  avg 1.470e-02s  min 9.122e-03s  dev 3.862e-03s
DFFT  b1dx  max 3.565e-03s  avg 2.797e-03s  min 1.585e-03s  dev 7.905e-04s
DFFT  bd23  max 2.005e-02s  avg 1.539e-02s  min 9.652e-03s  dev 3.826e-03s
DFFT bdist  max 6.582e-02s  avg 5.592e-02s  min 4.223e-02s  dev 1.009e-02s
DFFT bdfft  max 1.084e-02s  avg 8.310e-03s  min 4.676e-03s  dev 2.341e-03s
BACKWARD    max 8.679e-02s  avg 8.674e-02s  min 8.670e-02s  dev 3.138e-05s

r-space:
a[0,0,0] = (2097152.000000,0.000000) = (4140000000000000,0)
real in [0.000000e+00,0.000000e+00] = [0,0]
imag in [0.000000e+00,0.000000e+00] = [0,0]

[PI-INFO] Paramount Iteration,0,7,1.525171,0.173877

TESTING 7

[PI-INFO] Paramount Iteration,1,7,1.518131,0.173894
[PI-INFO] Paramount Iteration,3,7,1.516796,0.173889
[PI-INFO] Paramount Iteration,2,7,1.516303,0.173867
DFFT  fd32  max 1.806e-02s  avg 1.347e-02s  min 9.087e-03s  dev 3.370e-03s
DFFT  f1dx  max 2.698e-03s  avg 2.385e-03s  min 1.844e-03s  dev 3.498e-04s
DFFT  fd23  max 1.724e-02s  avg 1.434e-02s  min 1.020e-02s  dev 2.977e-03s
DFFT  fd32  max 1.270e-02s  avg 1.014e-02s  min 8.304e-03s  dev 1.595e-03s
DFFT  f1dy  max 2.707e-03s  avg 2.341e-03s  min 1.603e-03s  dev 4.367e-04s
DFFT  fd23  max 1.441e-02s  avg 1.137e-02s  min 9.313e-03s  dev 1.868e-03s
DFFT  fd32  max 4.867e-03s  avg 4.175e-03s  min 3.203e-03s  dev 7.187e-04s
DFFT  f1dz  max 2.675e-03s  avg 2.313e-03s  min 1.637e-03s  dev 4.153e-04s
DFFT fdist  max 6.403e-02s  avg 5.349e-02s  min 4.315e-02s  dev 9.067e-03s
DFFT fdfft  max 8.080e-03s  avg 7.038e-03s  min 5.084e-03s  dev 1.195e-03s
FORWARD     max 7.935e-02s  avg 7.906e-02s  min 7.893e-02s  dev 1.679e-04s

k-space:
real in [1.000000e+00,1.000000e+00] = [3ff0000000000000,3ff0000000000000]
imag in [0.000000e+00,0.000000e+00] = [0,0]

DFFT  b1dz  max 3.654e-03s  avg 2.703e-03s  min 1.490e-03s  dev 7.850e-04s
DFFT  bd23  max 5.010e-03s  avg 4.116e-03s  min 2.884e-03s  dev 8.676e-04s
DFFT  bd32  max 1.306e-02s  avg 1.011e-02s  min 7.824e-03s  dev 1.893e-03s
DFFT  b1dy  max 3.717e-03s  avg 2.727e-03s  min 1.584e-03s  dev 7.635e-04s
DFFT  bd23  max 1.442e-02s  avg 1.112e-02s  min 8.733e-03s  dev 2.072e-03s
DFFT  bd32  max 1.742e-02s  avg 1.347e-02s  min 9.294e-03s  dev 3.266e-03s
DFFT  b1dx  max 3.675e-03s  avg 2.822e-03s  min 1.613e-03s  dev 7.870e-04s
DFFT  bd23  max 1.909e-02s  avg 1.481e-02s  min 9.720e-03s  dev 3.721e-03s
DFFT bdist  max 6.581e-02s  avg 5.362e-02s  min 4.173e-02s  dev 1.059e-02s
DFFT bdfft  max 1.105e-02s  avg 8.252e-03s  min 4.686e-03s  dev 2.324e-03s
BACKWARD    max 8.361e-02s  avg 8.358e-02s  min 8.355e-02s  dev 2.427e-05s

r-space:
a[0,0,0] = (2097152.000000,0.000000) = (4140000000000000,0)
real in [0.000000e+00,0.000000e+00] = [0,0]
imag in [0.000000e+00,0.000000e+00] = [0,0]

[PI-INFO] Paramount Iteration,0,8,1.692920,0.167749

TESTING 8

[PI-INFO] Paramount Iteration,1,8,1.685864,0.167733
[PI-INFO] Paramount Iteration,2,8,1.684073,0.167770
[PI-INFO] Paramount Iteration,3,8,1.684542,0.167746
DFFT  fd32  max 1.810e-02s  avg 1.355e-02s  min 8.858e-03s  dev 3.494e-03s
DFFT  f1dx  max 2.736e-03s  avg 2.326e-03s  min 1.599e-03s  dev 4.548e-04s
DFFT  fd23  max 1.745e-02s  avg 1.412e-02s  min 9.826e-03s  dev 3.243e-03s
DFFT  fd32  max 1.288e-02s  avg 1.022e-02s  min 8.341e-03s  dev 1.650e-03s
DFFT  f1dy  max 2.794e-03s  avg 2.357e-03s  min 1.555e-03s  dev 4.792e-04s
DFFT  fd23  max 1.428e-02s  avg 1.135e-02s  min 9.380e-03s  dev 1.798e-03s
DFFT  fd32  max 4.917e-03s  avg 4.221e-03s  min 3.140e-03s  dev 7.157e-04s
DFFT  f1dz  max 2.677e-03s  avg 2.340e-03s  min 1.609e-03s  dev 4.325e-04s
DFFT fdist  max 6.441e-02s  avg 5.346e-02s  min 4.252e-02s  dev 9.467e-03s
DFFT fdfft  max 8.207e-03s  avg 7.023e-03s  min 4.763e-03s  dev 1.361e-03s
FORWARD     max 7.987e-02s  avg 7.960e-02s  min 7.945e-02s  dev 1.660e-04s

k-space:
real in [1.000000e+00,1.000000e+00] = [3ff0000000000000,3ff0000000000000]
imag in [0.000000e+00,0.000000e+00] = [0,0]

DFFT  b1dz  max 3.629e-03s  avg 2.779e-03s  min 1.520e-03s  dev 7.999e-04s
DFFT  bd23  max 4.951e-03s  avg 4.237e-03s  min 2.876e-03s  dev 8.452e-04s
DFFT  bd32  max 1.312e-02s  avg 1.033e-02s  min 8.231e-03s  dev 1.767e-03s
DFFT  b1dy  max 3.685e-03s  avg 2.777e-03s  min 1.592e-03s  dev 7.773e-04s
DFFT  bd23  max 1.415e-02s  avg 1.130e-02s  min 9.336e-03s  dev 1.757e-03s
DFFT  bd32  max 1.939e-02s  avg 1.447e-02s  min 9.151e-03s  dev 3.732e-03s
DFFT  b1dx  max 3.662e-03s  avg 2.852e-03s  min 1.699e-03s  dev 7.446e-04s
DFFT  bd23  max 1.919e-02s  avg 1.487e-02s  min 1.006e-02s  dev 3.350e-03s
DFFT bdist  max 6.447e-02s  avg 5.521e-02s  min 4.283e-02s  dev 9.519e-03s
DFFT bdfft  max 1.098e-02s  avg 8.407e-03s  min 4.810e-03s  dev 2.320e-03s
BACKWARD    max 8.533e-02s  avg 8.529e-02s  min 8.526e-02s  dev 2.766e-05s

r-space:
a[0,0,0] = (2097152.000000,0.000000) = (4140000000000000,0)
real in [0.000000e+00,0.000000e+00] = [0,0]
imag in [0.000000e+00,0.000000e+00] = [0,0]

[PI-INFO] Paramount Iteration,0,9,1.863003,0.170083

TESTING 9

[PI-INFO] Paramount Iteration,1,9,1.855952,0.170088
[PI-INFO] Paramount Iteration,3,9,1.854637,0.170095
[PI-INFO] Paramount Iteration,2,9,1.854154,0.170081
DFFT  fd32  max 1.971e-02s  avg 1.515e-02s  min 1.048e-02s  dev 3.484e-03s
DFFT  f1dx  max 2.662e-03s  avg 2.365e-03s  min 1.601e-03s  dev 4.434e-04s
DFFT  fd23  max 1.887e-02s  avg 1.463e-02s  min 9.642e-03s  dev 3.526e-03s
DFFT  fd32  max 1.303e-02s  avg 1.042e-02s  min 8.638e-03s  dev 1.607e-03s
DFFT  f1dy  max 2.702e-03s  avg 2.321e-03s  min 1.564e-03s  dev 4.505e-04s
DFFT  fd23  max 1.428e-02s  avg 1.136e-02s  min 9.421e-03s  dev 1.784e-03s
DFFT  fd32  max 4.864e-03s  avg 4.210e-03s  min 3.152e-03s  dev 7.010e-04s
DFFT  f1dz  max 2.700e-03s  avg 2.310e-03s  min 1.617e-03s  dev 4.270e-04s
DFFT fdist  max 6.586e-02s  avg 5.577e-02s  min 4.410e-02s  dev 9.511e-03s
DFFT fdfft  max 8.064e-03s  avg 6.996e-03s  min 4.782e-03s  dev 1.314e-03s
FORWARD     max 8.275e-02s  avg 8.248e-02s  min 8.234e-02s  dev 1.616e-04s

k-space:
real in [1.000000e+00,1.000000e+00] = [3ff0000000000000,3ff0000000000000]
imag in [0.000000e+00,0.000000e+00] = [0,0]

DFFT  b1dz  max 3.719e-03s  avg 2.754e-03s  min 1.502e-03s  dev 8.104e-04s
DFFT  bd23  max 4.923e-03s  avg 4.162e-03s  min 2.856e-03s  dev 8.286e-04s
DFFT  bd32  max 1.285e-02s  avg 1.004e-02s  min 7.942e-03s  dev 1.777e-03s
DFFT  b1dy  max 3.651e-03s  avg 2.745e-03s  min 1.605e-03s  dev 7.526e-04s
DFFT  bd23  max 1.454e-02s  avg 1.132e-02s  min 9.022e-03s  dev 2.018e-03s
DFFT  bd32  max 1.870e-02s  avg 1.406e-02s  min 9.121e-03s  dev 3.575e-03s
DFFT  b1dx  max 3.639e-03s  avg 2.815e-03s  min 1.605e-03s  dev 7.816e-04s
DFFT  bd23  max 2.089e-02s  avg 1.685e-02s  min 1.182e-02s  dev 3.638e-03s
DFFT bdist  max 6.781e-02s  avg 5.643e-02s  min 4.381e-02s  dev 1.039e-02s
DFFT bdfft  max 1.101e-02s  avg 8.315e-03s  min 4.713e-03s  dev 2.339e-03s
BACKWARD    max 8.688e-02s  avg 8.686e-02s  min 8.682e-02s  dev 2.349e-05s

r-space:
a[0,0,0] = (2097152.000000,0.000000) = (4140000000000000,0)
real in [0.000000e+00,0.000000e+00] = [0,0]
imag in [0.000000e+00,0.000000e+00] = [0,0]

[PI-INFO] Paramount Iteration,0,10,2.037418,0.174415

TESTING a

[PI-INFO] Paramount Iteration,1,10,2.030355,0.174403
[PI-INFO] Paramount Iteration,2,10,2.028560,0.174406
[PI-INFO] Paramount Iteration,3,10,2.029031,0.174394
DFFT  fd32  max 1.756e-02s  avg 1.350e-02s  min 9.228e-03s  dev 3.334e-03s
DFFT  f1dx  max 2.744e-03s  avg 2.357e-03s  min 1.614e-03s  dev 4.588e-04s
DFFT  fd23  max 1.692e-02s  avg 1.386e-02s  min 9.559e-03s  dev 3.156e-03s
DFFT  fd32  max 1.520e-02s  avg 1.126e-02s  min 8.081e-03s  dev 2.727e-03s
DFFT  f1dy  max 2.746e-03s  avg 2.299e-03s  min 1.581e-03s  dev 4.577e-04s
DFFT  fd23  max 1.644e-02s  avg 1.225e-02s  min 8.995e-03s  dev 2.815e-03s
DFFT  fd32  max 4.964e-03s  avg 4.325e-03s  min 3.130e-03s  dev 7.146e-04s
DFFT  f1dz  max 2.676e-03s  avg 2.344e-03s  min 1.594e-03s  dev 4.406e-04s
DFFT fdist  max 6.914e-02s  avg 5.520e-02s  min 4.194e-02s  dev 1.186e-02s
DFFT fdfft  max 8.166e-03s  avg 7.000e-03s  min 4.789e-03s  dev 1.349e-03s
FORWARD     max 8.338e-02s  avg 8.310e-02s  min 8.297e-02s  dev 1.669e-04s

k-space:
real in [1.000000e+00,1.000000e+00] = [3ff0000000000000,3ff0000000000000]
imag in [0.000000e+00,0.000000e+00] = [0,0]

DFFT  b1dz  max 3.640e-03s  avg 2.782e-03s  min 1.507e-03s  dev 8.000e-04s
DFFT  bd23  max 4.928e-03s  avg 4.211e-03s  min 2.862e-03s  dev 8.391e-04s
DFFT  bd32  max 1.232e-02s  avg 9.901e-03s  min 8.042e-03s  dev 1.537e-03s
DFFT  b1dy  max 3.474e-03s  avg 2.666e-03s  min 1.586e-03s  dev 7.009e-04s
DFFT  bd23  max 1.362e-02s  avg 1.081e-02s  min 8.819e-03s  dev 1.747e-03s
DFFT  bd32  max 1.915e-02s  avg 1.435e-02s  min 9.125e-03s  dev 3.706e-03s
DFFT  b1dx  max 3.631e-03s  avg 2.792e-03s  min 1.592e-03s  dev 7.811e-04s
DFFT  bd23  max 1.820e-02s  avg 1.466e-02s  min 9.612e-03s  dev 3.476e-03s
DFFT bdist  max 6.449e-02s  avg 5.393e-02s  min 4.172e-02s  dev 9.646e-03s
DFFT bdfft  max 1.074e-02s  avg 8.241e-03s  min 4.685e-03s  dev 2.279e-03s
BACKWARD    max 8.251e-02s  avg 8.247e-02s  min 8.244e-02s  dev 2.533e-05s

r-space:
a[0,0,0] = (2097152.000000,0.000000) = (4140000000000000,0)
real in [0.000000e+00,0.000000e+00] = [0,0]
imag in [0.000000e+00,0.000000e+00] = [0,0]

[PI-INFO] Paramount Iteration,0,11,2.208183,0.170765

TESTING b

[PI-INFO] Paramount Iteration,1,11,2.201107,0.170752
[PI-INFO] Paramount Iteration,3,11,2.199799,0.170768
[PI-INFO] Paramount Iteration,2,11,2.199322,0.170762
DFFT  fd32  max 1.755e-02s  avg 1.334e-02s  min 9.002e-03s  dev 3.341e-03s
DFFT  f1dx  max 2.753e-03s  avg 2.350e-03s  min 1.557e-03s  dev 4.846e-04s
DFFT  fd23  max 1.873e-02s  avg 1.471e-02s  min 9.817e-03s  dev 3.514e-03s
DFFT  fd32  max 1.312e-02s  avg 1.054e-02s  min 8.781e-03s  dev 1.588e-03s
DFFT  f1dy  max 2.736e-03s  avg 2.339e-03s  min 1.564e-03s  dev 4.591e-04s
DFFT  fd23  max 1.427e-02s  avg 1.161e-02s  min 9.940e-03s  dev 1.616e-03s
DFFT  fd32  max 4.973e-03s  avg 4.254e-03s  min 3.120e-03s  dev 7.510e-04s
DFFT  f1dz  max 2.652e-03s  avg 2.337e-03s  min 1.618e-03s  dev 4.235e-04s
DFFT fdist  max 6.495e-02s  avg 5.445e-02s  min 4.340e-02s  dev 9.316e-03s
DFFT fdfft  max 8.142e-03s  avg 7.026e-03s  min 4.739e-03s  dev 1.363e-03s
FORWARD     max 8.078e-02s  avg 8.051e-02s  min 8.035e-02s  dev 1.707e-04s

k-space:
real in [1.000000e+00,1.000000e+00] = [3ff0000000000000,3ff0000000000000]
imag in [0.000000e+00,0.000000e+00] = [0,0]

DFFT  b1dz  max 3.686e-03s  avg 2.758e-03s  min 1.505e-03s  dev 8.059e-04s
DFFT  bd23  max 4.943e-03s  avg 4.156e-03s  min 2.838e-03s  dev 8.615e-04s
DFFT  bd32  max 1.308e-02s  avg 1.008e-02s  min 7.854e-03s  dev 1.899e-03s
DFFT  b1dy  max 3.696e-03s  avg 2.767e-03s  min 1.603e-03s  dev 7.725e-04s
DFFT  bd23  max 1.486e-02s  avg 1.168e-02s  min 9.329e-03s  dev 2.020e-03s
DFFT  bd32  max 1.869e-02s  avg 1.418e-02s  min 9.377e-03s  dev 3.520e-03s
DFFT  b1dx  max 3.625e-03s  avg 2.833e-03s  min 1.630e-03s  dev 7.758e-04s
DFFT  bd23  max 1.888e-02s  avg 1.452e-02s  min 9.924e-03s  dev 3.486e-03s
DFFT bdist  max 6.565e-02s  avg 5.461e-02s  min 4.241e-02s  dev 1.038e-02s
DFFT bdfft  max 1.101e-02s  avg 8.359e-03s  min 4.738e-03s  dev 2.349e-03s
BACKWARD    max 8.491e-02s  avg 8.488e-02s  min 8.485e-02s  dev 2.132e-05s

r-space:
a[0,0,0] = (2097152.000000,0.000000) = (4140000000000000,0)
real in [0.000000e+00,0.000000e+00] = [0,0]
imag in [0.000000e+00,0.000000e+00] = [0,0]

[PI-INFO] Paramount Iteration,0,12,2.378666,0.170483

TESTING c

[PI-INFO] Paramount Iteration,1,12,2.371604,0.170497
[PI-INFO] Paramount Iteration,3,12,2.370294,0.170495
[PI-INFO] Paramount Iteration,2,12,2.369797,0.170475
DFFT  fd32  max 1.701e-02s  avg 1.326e-02s  min 9.325e-03s  dev 3.256e-03s
DFFT  f1dx  max 2.712e-03s  avg 2.351e-03s  min 1.575e-03s  dev 4.652e-04s
DFFT  fd23  max 1.860e-02s  avg 1.437e-02s  min 9.618e-03s  dev 3.564e-03s
DFFT  fd32  max 1.345e-02s  avg 1.061e-02s  min 8.620e-03s  dev 1.768e-03s
DFFT  f1dy  max 2.704e-03s  avg 2.326e-03s  min 1.572e-03s  dev 4.471e-04s
DFFT  fd23  max 1.415e-02s  avg 1.127e-02s  min 9.185e-03s  dev 1.800e-03s
DFFT  fd32  max 4.810e-03s  avg 4.185e-03s  min 3.245e-03s  dev 6.450e-04s
DFFT  f1dz  max 2.664e-03s  avg 2.358e-03s  min 1.748e-03s  dev 3.686e-04s
DFFT fdist  max 6.512e-02s  avg 5.369e-02s  min 4.304e-02s  dev 9.805e-03s
DFFT fdfft  max 8.079e-03s  avg 7.035e-03s  min 4.894e-03s  dev 1.279e-03s
FORWARD     max 7.994e-02s  avg 7.970e-02s  min 7.953e-02s  dev 1.609e-04s

k-space:
real in [1.000000e+00,1.000000e+00] = [3ff0000000000000,3ff0000000000000]
imag in [0.000000e+00,0.000000e+00] = [0,0]

DFFT  b1dz  max 3.608e-03s  avg 2.735e-03s  min 1.543e-03s  dev 7.656e-04s
DFFT  bd23  max 4.952e-03s  avg 4.160e-03s  min 2.963e-03s  dev 7.952e-04s
DFFT  bd32  max 1.287e-02s  avg 1.029e-02s  min 8.254e-03s  dev 1.662e-03s
DFFT  b1dy  max 3.709e-03s  avg 2.838e-03s  min 1.860e-03s  dev 6.730e-04s
DFFT  bd23  max 1.437e-02s  avg 1.129e-02s  min 8.978e-03s  dev 1.946e-03s
DFFT  bd32  max 1.876e-02s  avg 1.476e-02s  min 1.042e-02s  dev 3.367e-03s
DFFT  b1dx  max 3.709e-03s  avg 2.878e-03s  min 1.825e-03s  dev 7.225e-04s
DFFT  bd23  max 1.975e-02s  avg 1.579e-02s  min 1.122e-02s  dev 3.420e-03s
DFFT bdist  max 6.775e-02s  avg 5.629e-02s  min 4.564e-02s  dev 9.757e-03s
DFFT bdfft  max 1.103e-02s  avg 8.452e-03s  min 5.229e-03s  dev 2.153e-03s
BACKWARD    max 8.541e-02s  avg 8.537e-02s  min 8.533e-02s  dev 3.079e-05s

r-space:
a[0,0,0] = (2097152.000000,0.000000) = (4140000000000000,0)
real in [0.000000e+00,0.000000e+00] = [0,0]
imag in [0.000000e+00,0.000000e+00] = [0,0]

[PI-INFO] Paramount Iteration,0,13,2.548763,0.170097

TESTING d

[PI-INFO] Paramount Iteration,1,13,2.541713,0.170109
[PI-INFO] Paramount Iteration,3,13,2.540378,0.170084
[PI-INFO] Paramount Iteration,2,13,2.539881,0.170084
DFFT  fd32  max 1.873e-02s  avg 1.406e-02s  min 9.361e-03s  dev 3.477e-03s
DFFT  f1dx  max 2.706e-03s  avg 2.401e-03s  min 1.663e-03s  dev 4.305e-04s
DFFT  fd23  max 1.752e-02s  avg 1.437e-02s  min 1.012e-02s  dev 3.202e-03s
DFFT  fd32  max 1.286e-02s  avg 1.016e-02s  min 8.251e-03s  dev 1.679e-03s
DFFT  f1dy  max 2.736e-03s  avg 2.332e-03s  min 1.598e-03s  dev 4.403e-04s
DFFT  fd23  max 1.427e-02s  avg 1.139e-02s  min 9.378e-03s  dev 1.783e-03s
DFFT  fd32  max 4.936e-03s  avg 4.252e-03s  min 3.294e-03s  dev 6.537e-04s
DFFT  f1dz  max 2.680e-03s  avg 2.376e-03s  min 1.734e-03s  dev 3.776e-04s
DFFT fdist  max 6.498e-02s  avg 5.423e-02s  min 4.337e-02s  dev 9.347e-03s
DFFT fdfft  max 8.122e-03s  avg 7.109e-03s  min 4.996e-03s  dev 1.246e-03s
FORWARD     max 8.028e-02s  avg 8.002e-02s  min 7.988e-02s  dev 1.557e-04s

k-space:
real in [1.000000e+00,1.000000e+00] = [3ff0000000000000,3ff0000000000000]
imag in [0.000000e+00,0.000000e+00] = [0,0]

DFFT  b1dz  max 3.636e-03s  avg 2.782e-03s  min 1.580e-03s  dev 7.705e-04s
DFFT  bd23  max 4.929e-03s  avg 4.316e-03s  min 3.295e-03s  dev 6.768e-04s
DFFT  bd32  max 1.301e-02s  avg 1.028e-02s  min 8.205e-03s  dev 1.730e-03s
DFFT  b1dy  max 3.668e-03s  avg 2.801e-03s  min 1.624e-03s  dev 7.871e-04s
DFFT  bd23  max 1.420e-02s  avg 1.159e-02s  min 9.962e-03s  dev 1.588e-03s
DFFT  bd32  max 1.937e-02s  avg 1.438e-02s  min 9.169e-03s  dev 3.707e-03s
DFFT  b1dx  max 3.618e-03s  avg 2.804e-03s  min 1.618e-03s  dev 7.640e-04s
DFFT  bd23  max 1.912e-02s  avg 1.506e-02s  min 9.966e-03s  dev 3.615e-03s
DFFT bdist  max 6.556e-02s  avg 5.562e-02s  min 4.369e-02s  dev 9.476e-03s
DFFT bdfft  max 1.092e-02s  avg 8.386e-03s  min 4.821e-03s  dev 2.319e-03s
BACKWARD    max 8.511e-02s  avg 8.508e-02s  min 8.506e-02s  dev 2.116e-05s

r-space:
a[0,0,0] = (2097152.000000,0.000000) = (4140000000000000,0)
real in [0.000000e+00,0.000000e+00] = [0,0]
imag in [0.000000e+00,0.000000e+00] = [0,0]

[PI-INFO] Paramount Iteration,0,14,2.719032,0.170269

TESTING e

[PI-INFO] Paramount Iteration,1,14,2.711953,0.170240
[PI-INFO] Paramount Iteration,3,14,2.710652,0.170274
[PI-INFO] Paramount Iteration,2,14,2.710180,0.170299
DFFT  fd32  max 1.843e-02s  avg 1.407e-02s  min 9.692e-03s  dev 3.352e-03s
DFFT  f1dx  max 2.728e-03s  avg 2.450e-03s  min 1.957e-03s  dev 3.012e-04s
DFFT  fd23  max 1.855e-02s  avg 1.468e-02s  min 1.045e-02s  dev 3.283e-03s
DFFT  fd32  max 1.378e-02s  avg 1.069e-02s  min 8.191e-03s  dev 2.018e-03s
DFFT  f1dy  max 2.716e-03s  avg 2.365e-03s  min 1.827e-03s  dev 3.385e-04s
DFFT  fd23  max 1.447e-02s  avg 1.132e-02s  min 8.987e-03s  dev 1.985e-03s
DFFT  fd32  max 4.856e-03s  avg 4.185e-03s  min 3.261e-03s  dev 6.639e-04s
DFFT  f1dz  max 2.651e-03s  avg 2.316e-03s  min 1.688e-03s  dev 3.835e-04s
DFFT fdist  max 6.606e-02s  avg 5.494e-02s  min 4.413e-02s  dev 9.996e-03s
DFFT fdfft  max 8.095e-03s  avg 7.132e-03s  min 5.472e-03s  dev 1.022e-03s
FORWARD     max 8.235e-02s  avg 8.209e-02s  min 8.196e-02s  dev 1.544e-04s

k-space:
real in [1.000000e+00,1.000000e+00] = [3ff0000000000000,3ff0000000000000]
imag in [0.000000e+00,0.000000e+00] = [0,0]

DFFT  b1dz  max 3.603e-03s  avg 2.733e-03s  min 1.550e-03s  dev 7.533e-04s
DFFT  bd23  max 5.030e-03s  avg 4.204e-03s  min 2.935e-03s  dev 8.214e-04s
DFFT  bd32  max 1.327e-02s  avg 1.035e-02s  min 8.065e-03s  dev 1.879e-03s
DFFT  b1dy  max 3.665e-03s  avg 2.831e-03s  min 1.727e-03s  dev 7.374e-04s
DFFT  bd23  max 1.413e-02s  avg 1.149e-02s  min 9.691e-03s  dev 1.645e-03s
DFFT  bd32  max 1.885e-02s  avg 1.422e-02s  min 9.229e-03s  dev 3.617e-03s
DFFT  b1dx  max 3.578e-03s  avg 2.816e-03s  min 1.678e-03s  dev 7.330e-04s
DFFT  bd23  max 1.940e-02s  avg 1.513e-02s  min 9.863e-03s  dev 3.696e-03s
DFFT bdist  max 6.620e-02s  avg 5.539e-02s  min 4.316e-02s  dev 9.956e-03s
DFFT bdfft  max 1.085e-02s  avg 8.381e-03s  min 4.955e-03s  dev 2.217e-03s
BACKWARD    max 8.505e-02s  avg 8.502e-02s  min 8.501e-02s  dev 1.447e-05s

r-space:
a[0,0,0] = (2097152.000000,0.000000) = (4140000000000000,0)
real in [0.000000e+00,0.000000e+00] = [0,0]
imag in [0.000000e+00,0.000000e+00] = [0,0]

[PI-INFO] Paramount Iteration,0,15,2.891226,0.172194
[PI-INFO] PI avg,0,0.171075,15
[PI-INFO] Beta,0,0.000003
[PI-INFO] Total time,2.891233
[PI-INFO] Paramount Iteration,1,15,2.884159,0.172206
[PI-INFO] PI avg,1,0.171069,15
[PI-INFO] Beta,1,0.000009
[PI-INFO] Paramount Iteration,3,15,2.882852,0.172200
[PI-INFO] PI avg,3,0.171071,15
[PI-INFO] Beta,3,0.000010
[PI-INFO] Paramount Iteration,2,15,2.882364,0.172184
[PI-INFO] PI avg,2,0.171072,15
[PI-INFO] Beta,2,0.000010
--------------------------------------------------------------------------
mpirun has exited due to process rank 0 with PID 0 on
node ip-172-31-9-245 exiting improperly. There are three reasons this could occur:

1. this process did not call "init" before exiting, but others in
the job did. This can cause a job to hang indefinitely while it waits
for all processes to call "init". By rule, if one process calls "init",
then ALL processes must call "init" prior to termination.

2. this process called "init", but exited without calling "finalize".
By rule, all processes that call "init" MUST call "finalize" prior to
exiting or it will be considered an "abnormal termination"

3. this process called "MPI_Abort" or "orte_abort" and the mca parameter
orte_create_session_dirs is set to false. In this case, the run-time cannot
detect that the abort call was an abnormal termination. Hence, the only
error message you will receive is this one.

This may have caused other processes in the application to be
terminated by signals sent by mpirun (as reported here).

You can avoid this message by specifying -quiet on the mpirun command line.
--------------------------------------------------------------------------
[ip-172-31-9-245:17548] 3 more processes have sent help message help-mpi-btl-base.txt / btl:no-nics
[ip-172-31-9-245:17548] Set MCA parameter "orte_base_help_aggregate" to 0 to see all help / error messages
Command exited with non-zero status 1
	Command being timed: "mpirun --hostfile /home/ubuntu/PI-Bench/ECP-Proxy-Apps/hostfile -n 4 ./build/TestDfft 1000 128"
	User time (seconds): 2.05
	System time (seconds): 0.79
	Percent of CPU this job got: 51%
	Elapsed (wall clock) time (h:mm:ss or m:ss): 0:05.58
	Average shared text size (kbytes): 0
	Average unshared data size (kbytes): 0
	Average stack size (kbytes): 0
	Average total size (kbytes): 0
	Maximum resident set size (kbytes): 48664
	Average resident set size (kbytes): 0
	Major (requiring I/O) page faults: 4
	Minor (reclaiming a frame) page faults: 13238
	Voluntary context switches: 1275
	Involuntary context switches: 26
	Swaps: 0
	File system inputs: 0
	File system outputs: 16488
	Socket messages sent: 0
	Socket messages received: 0
	Signals delivered: 0
	Page size (bytes): 4096
	Exit status: 1
