[ip-172-31-3-255:18201] plm:rsh: Warning: setpgid(18208,18208) failed in parent with errno=Permission denied(13)
--------------------------------------------------------------------------
[[22058,1],13]: A high-performance Open MPI point-to-point messaging module
was unable to find any relevant network interfaces:

Module: OpenFabrics (openib)
  Host: ip-172-31-13-154

Another transport will be used instead, although this may result in
lower performance.

NOTE: You can disable this warning by setting the MCA parameter
btl_base_warn_component_unused to 0.
--------------------------------------------------------------------------
 ERROR: Code compiled for a max of          10  processors.
 Recompile with LP =          32  or run with fewer processors.
 Aborting in routine INIPROC.
 ERROR: Code compiled for a max of          10  processors.
 Recompile with LP =          32  or run with fewer processors.
 Aborting in routine INIPROC.
 ERROR: Code compiled for a max of          10  processors.
 Recompile with LP =          32  or run with fewer processors.
 Aborting in routine INIPROC.
 ERROR: Code compiled for a max of          10  processors.
 Recompile with LP =          32  or run with fewer processors.
 Aborting in routine INIPROC.
 ERROR: Code compiled for a max of          10  processors.
 Recompile with LP =          32  or run with fewer processors.
 Aborting in routine INIPROC.
 ERROR: Code compiled for a max of          10  processors.
 Recompile with LP =          32  or run with fewer processors.
 Aborting in routine INIPROC.
 ERROR: Code compiled for a max of          10  processors.
 Recompile with LP =          32  or run with fewer processors.
 Aborting in routine INIPROC.
 ERROR: Code compiled for a max of          10  processors.
 Recompile with LP =          32  or run with fewer processors.
 Aborting in routine INIPROC.
 ERROR: Code compiled for a max of          10  processors.
 Recompile with LP =          32  or run with fewer processors.
 Aborting in routine INIPROC.
 ERROR: Code compiled for a max of          10  processors.
 Recompile with LP =          32  or run with fewer processors.
 Aborting in routine INIPROC.
 ERROR: Code compiled for a max of          10  processors.
 Recompile with LP =          32  or run with fewer processors.
 Aborting in routine INIPROC.
 ERROR: Code compiled for a max of          10  processors.
 Recompile with LP =          32  or run with fewer processors.
 Aborting in routine INIPROC.
 ERROR: Code compiled for a max of          10  processors.
 Recompile with LP =          32  or run with fewer processors.
 Aborting in routine INIPROC.
 ERROR: Code compiled for a max of          10  processors.
 Recompile with LP =          32  or run with fewer processors.
 Aborting in routine INIPROC.
  
call exitt: dying ...
  
  
total elapsed time             :   0.00000E+00 sec

 ERROR: Code compiled for a max of          10  processors.
 Recompile with LP =          32  or run with fewer processors.
 Aborting in routine INIPROC.
 ERROR: Code compiled for a max of          10  processors.
 Recompile with LP =          32  or run with fewer processors.
 Aborting in routine INIPROC.
 ERROR: Code compiled for a max of          10  processors.
 Recompile with LP =          32  or run with fewer processors.
 Aborting in routine INIPROC.
 ERROR: Code compiled for a max of          10  processors.
 Recompile with LP =          32  or run with fewer processors.
 Aborting in routine INIPROC.
 ERROR: Code compiled for a max of          10  processors.
 Recompile with LP =          32  or run with fewer processors.
 Aborting in routine INIPROC.
 ERROR: Code compiled for a max of          10  processors.
 Recompile with LP =          32  or run with fewer processors.
 Aborting in routine INIPROC.
 ERROR: Code compiled for a max of          10  processors.
 Recompile with LP =          32  or run with fewer processors.
 Aborting in routine INIPROC.
 ERROR: Code compiled for a max of          10  processors.
 Recompile with LP =          32  or run with fewer processors.
 Aborting in routine INIPROC.
 ERROR: Code compiled for a max of          10  processors.
 Recompile with LP =          32  or run with fewer processors.
 Aborting in routine INIPROC.
 ERROR: Code compiled for a max of          10  processors.
 Recompile with LP =          32  or run with fewer processors.
 Aborting in routine INIPROC.
 ERROR: Code compiled for a max of          10  processors.
 Recompile with LP =          32  or run with fewer processors.
 Aborting in routine INIPROC.
 ERROR: Code compiled for a max of          10  processors.
 Recompile with LP =          32  or run with fewer processors.
 Aborting in routine INIPROC.
 ERROR: Code compiled for a max of          10  processors.
 Recompile with LP =          32  or run with fewer processors.
 Aborting in routine INIPROC.
 ERROR: Code compiled for a max of          10  processors.
 Recompile with LP =          32  or run with fewer processors.
 Aborting in routine INIPROC.
 ERROR: Code compiled for a max of          10  processors.
 Recompile with LP =          32  or run with fewer processors.
 Aborting in routine INIPROC.
 ERROR: Code compiled for a max of          10  processors.
 Recompile with LP =          32  or run with fewer processors.
 Aborting in routine INIPROC.
 ERROR: Code compiled for a max of          10  processors.
 Recompile with LP =          32  or run with fewer processors.
 Aborting in routine INIPROC.
 ERROR: Code compiled for a max of          10  processors.
 Recompile with LP =          32  or run with fewer processors.
 Aborting in routine INIPROC.

Program received signal SIGFPE: Floating-point exception - erroneous arithmetic operation.

Backtrace for this error:

Program received signal SIGFPE: Floating-point exception - erroneous arithmetic operation.

Backtrace for this error:

Program received signal SIGFPE: Floating-point exception - erroneous arithmetic operation.

Backtrace for this error:

Program received signal SIGFPE: Floating-point exception - erroneous arithmetic operation.

Backtrace for this error:

Program received signal SIGFPE: Floating-point exception - erroneous arithmetic operation.

Backtrace for this error:

Program received signal SIGFPE: Floating-point exception - erroneous arithmetic operation.

Backtrace for this error:

Program received signal SIGFPE: Floating-point exception - erroneous arithmetic operation.

Backtrace for this error:

Program received signal SIGFPE: Floating-point exception - erroneous arithmetic operation.

Backtrace for this error:

Program received signal SIGFPE: Floating-point exception - erroneous arithmetic operation.

Backtrace for this error:

Program received signal SIGFPE: Floating-point exception - erroneous arithmetic operation.

Backtrace for this error:

Program received signal SIGFPE: Floating-point exception - erroneous arithmetic operation.

Backtrace for this error:

Program received signal SIGFPE: Floating-point exception - erroneous arithmetic operation.

Backtrace for this error:

Program received signal SIGFPE: Floating-point exception - erroneous arithmetic operation.

Backtrace for this error:

Program received signal SIGFPE: Floating-point exception - erroneous arithmetic operation.

Backtrace for this error:

Program received signal SIGFPE: Floating-point exception - erroneous arithmetic operation.

Backtrace for this error:

Program received signal SIGFPE: Floating-point exception - erroneous arithmetic operation.

Backtrace for this error:

Program received signal SIGFPE: Floating-point exception - erroneous arithmetic operation.

Backtrace for this error:

Program received signal SIGFPE: Floating-point exception - erroneous arithmetic operation.

Backtrace for this error:

Program received signal SIGFPE: Floating-point exception - erroneous arithmetic operation.

Backtrace for this error:

Program received signal SIGFPE: Floating-point exception - erroneous arithmetic operation.

Backtrace for this error:

Program received signal SIGFPE: Floating-point exception - erroneous arithmetic operation.

Backtrace for this error:

Program received signal SIGFPE: Floating-point exception - erroneous arithmetic operation.

Backtrace for this error:

Program received signal SIGFPE: Floating-point exception - erroneous arithmetic operation.

Backtrace for this error:

Program received signal SIGFPE: Floating-point exception - erroneous arithmetic operation.

Backtrace for this error:

Program received signal SIGFPE: Floating-point exception - erroneous arithmetic operation.

Backtrace for this error:

Program received signal SIGFPE: Floating-point exception - erroneous arithmetic operation.

Backtrace for this error:

Program received signal SIGFPE: Floating-point exception - erroneous arithmetic operation.

Backtrace for this error:

Program received signal SIGFPE: Floating-point exception - erroneous arithmetic operation.

Backtrace for this error:

Program received signal SIGFPE: Floating-point exception - erroneous arithmetic operation.

Backtrace for this error:

Program received signal SIGFPE: Floating-point exception - erroneous arithmetic operation.

Backtrace for this error:

Program received signal SIGFPE: Floating-point exception - erroneous arithmetic operation.

Backtrace for this error:

Program received signal SIGFPE: Floating-point exception - erroneous arithmetic operation.

Backtrace for this error:
#0  0x7f9cc561c32a
#1  0x7f9cc561b503
#2  0x7f9cc4c9903f
#3  0x55dc1ffc9371
#4  0x55dc1ffcb209
#5  0x55dc1ffbb9d3
#6  0x55dc1ffb868e
#7  0x7f9cc4c7bbf6
#8  0x55dc1ffb86c9
#9  0xffffffffffffffff
#0  0x7f7facce032a
#1  0x7f7faccdf503
#2  0x7f7fac35d03f
#3  0x558f567ed371
#4  0x558f567ef209
#5  0x558f567df9d3
#6  0x558f567dc68e
#7  0x7f7fac33fbf6
#8  0x558f567dc6c9
#9  0xffffffffffffffff
#0  0x7f925d5eb32a
#1  0x7f925d5ea503
#2  0x7f925cc6803f
#3  0x563990fa8371
#4  0x563990faa209
#5  0x563990f9a9d3
#6  0x563990f9768e
#7  0x7f925cc4abf6
#8  0x563990f976c9
#9  0xffffffffffffffff
#0  0x7f044ca9132a
#1  0x7f044ca90503
#2  0x7f044c10e03f
#3  0x55fa6bcbf371
#4  0x55fa6bcc1209
#5  0x55fa6bcb19d3
#6  0x55fa6bcae68e
#7  0x7f044c0f0bf6
#8  0x55fa6bcae6c9
#9  0xffffffffffffffff
#0  0x7fb866b4a32a
#1  0x7fb866b49503
#2  0x7fb8661c703f
#3  0x564b814e7371
#4  0x564b814e9209
#5  0x564b814d99d3
#6  0x564b814d668e
#7  0x7fb8661a9bf6
#8  0x564b814d66c9
#9  0xffffffffffffffff
#0  0x7f41a69ed32a
#1  0x7f41a69ec503
#2  0x7f41a606a03f
#3  0x55b4e4b5f371
#4  0x55b4e4b61209
#5  0x55b4e4b519d3
#6  0x55b4e4b4e68e
#7  0x7f41a604cbf6
#8  0x55b4e4b4e6c9
#9  0xffffffffffffffff
#0  0x7f8b04d7d32a
#1  0x7f8b04d7c503
#2  0x7f8b043fa03f
#3  0x556f00677371
#4  0x556f00679209
#5  0x556f006699d3
#6  0x556f0066668e
#7  0x7f8b043dcbf6
#8  0x556f006666c9
#9  0xffffffffffffffff
#0  0x7fcc87e1432a
#1  0x7fcc87e13503
#2  0x7fcc8749103f
#3  0x55d7c3e26371
#4  0x55d7c3e28209
#5  0x55d7c3e189d3
#6  0x55d7c3e1568e
#7  0x7fcc87473bf6
#8  0x55d7c3e156c9
#9  0xffffffffffffffff
#0  0x7f95d88c532a
#1  0x7f95d88c4503
#2  0x7f95d7f4203f
#3  0x55d53917c371
#4  0x55d53917e209
#5  0x55d53916e9d3
#6  0x55d53916b68e
#7  0x7f95d7f24bf6
#8  0x55d53916b6c9
#9  0xffffffffffffffff
#0  0x7fabd725232a
#1  0x7fabd7251503
#2  0x7fabd68cf03f
#3  0x561b15964371
#4  0x561b15966209
#5  0x561b159569d3
#6  0x561b1595368e
#7  0x7fabd68b1bf6
#8  0x561b159536c9
#9  0xffffffffffffffff
#0  0x7fdbbe07932a
#1  0x7fdbbe078503
#2  0x7fdbbd6f603f
#3  0x5599c51ff371
#4  0x5599c5201209
#5  0x5599c51f19d3
#6  0x5599c51ee68e
#7  0x7fdbbd6d8bf6
#8  0x5599c51ee6c9
#9  0xffffffffffffffff
#0  0x7f528dfb332a
#1  0x7f528dfb2503
#2  0x7f528d63003f
#3  0x561551636371
#4  0x561551638209
#5  0x5615516289d3
#6  0x56155162568e
#7  0x7f528d612bf6
#8  0x5615516256c9
#9  0xffffffffffffffff
#0  0x7f4a7295532a
#1  0x7f4a72954503
#2  0x7f4a71fd203f
#3  0x55dc8a16c371
#4  0x55dc8a16e209
#5  0x55dc8a15e9d3
#6  0x55dc8a15b68e
#7  0x7f4a71fb4bf6
#8  0x55dc8a15b6c9
#9  0xffffffffffffffff
#0  0x7fb7e404832a
#1  0x7fb7e4047503
#2  0x7fb7e36c503f
#3  0x55f01f70f371
#4  0x55f01f711209
#5  0x55f01f7019d3
#6  0x55f01f6fe68e
#7  0x7fb7e36a7bf6
#8  0x55f01f6fe6c9
#9  0xffffffffffffffff
#0  0x7f057497a32a
#1  0x7f0574979503
#2  0x7f0573ff703f
#3  0x55c91526c371
#4  0x55c91526e209
#5  0x55c91525e9d3
#6  0x55c91525b68e
#7  0x7f0573fd9bf6
#8  0x55c91525b6c9
#9  0xffffffffffffffff
#0  0x7f1f200ba32a
#1  0x7f1f200b9503
#2  0x7f1f1f73703f
#3  0x55fc0169e371
#4  0x55fc016a0209
#5  0x55fc016909d3
#6  0x55fc0168d68e
#7  0x7f1f1f719bf6
#8  0x55fc0168d6c9
#9  0xffffffffffffffff
#0  0x7f881272332a
#1  0x7f8812722503
#2  0x7f8811da003f
#3  0x562a03c90371
#4  0x562a03c92209
#5  0x562a03c829d3
#6  0x562a03c7f68e
#7  0x7f8811d82bf6
#8  0x562a03c7f6c9
#0  0x7f5e4ee0d32a
#1  0x7f5e4ee0c503
#2  0x7f5e4e48a03f
#3  0x559f09356371
#4  0x559f09358209
#5  0x559f093489d3
#6  0x559f0934568e
#7  0x7f5e4e46cbf6
#8  0x559f093456c9
#9  0xffffffffffffffff
#9  0xffffffffffffffff
#0  0x7f0fca9c532a
#1  0x7f0fca9c4503
#2  0x7f0fca04203f
#3  0x5623fdd94371
#4  0x5623fdd96209
#5  0x5623fdd869d3
#0  0x7fee2c74d32a
#1  0x7fee2c74c503
#2  0x7fee2bdca03f
#3  0x55ae92e4f371
#4  0x55ae92e51209
#5  0x55ae92e419d3
#6  0x55ae92e3e68e
#7  0x7fee2bdacbf6
#8  0x55ae92e3e6c9
#9  0xffffffffffffffff
#6  0x5623fdd8368e
#7  0x7f0fca024bf6
#8  0x5623fdd836c9
#9  0xffffffffffffffff
#0  0x7fa57539932a
#1  0x7fa575398503
#2  0x7fa574a1603f
#3  0x559b53035371
#4  0x559b53037209
#5  0x559b530279d3
#6  0x559b5302468e
#7  0x7fa5749f8bf6
#8  0x559b530246c9
#9  0xffffffffffffffff
#0  0x7f5b9fa1032a
#1  0x7f5b9fa0f503
#2  0x7f5b9f08d03f
#3  0x55956db71371
#4  0x55956db73209
#5  0x55956db639d3
#6  0x55956db6068e
#7  0x7f5b9f06fbf6
#8  0x55956db606c9
#9  0xffffffffffffffff
#0  0x7ff7e567932a
#1  0x7ff7e5678503
#2  0x7ff7e4cf603f
#3  0x55e2ad6e1371
#4  0x55e2ad6e3209
#5  0x55e2ad6d39d3
#6  0x55e2ad6d068e
#7  0x7ff7e4cd8bf6
#8  0x55e2ad6d06c9
#9  0xffffffffffffffff
#0  0x7f89ae00e32a
#1  0x7f89ae00d503
#2  0x7f89ad68b03f
#3  0x5630510f6371
#4  0x5630510f8209
#5  0x5630510e89d3
#6  0x5630510e568e
#7  0x7f89ad66dbf6
#8  0x5630510e56c9
#9  0xffffffffffffffff
#0  0x7f82501bf32a
#1  0x7f82501be503
#2  0x7f824f83c03f
#3  0x5566a258b371
#4  0x5566a258d209
#5  0x5566a257d9d3
#6  0x5566a257a68e
#7  0x7f824f81ebf6
#8  0x5566a257a6c9
#9  0xffffffffffffffff
#0  0x7fe4238a232a
#1  0x7fe4238a1503
#2  0x7fe422f1f03f
#3  0x556495622371
#4  0x556495624209
#5  0x5564956149d3
#6  0x55649561168e
#7  0x7fe422f01bf6
#8  0x5564956116c9
#9  0xffffffffffffffff
#0  0x7ff40691432a
#1  0x7ff406913503
#2  0x7ff405f9103f
#3  0x556d67f48371
#4  0x556d67f4a209
#5  0x556d67f3a9d3
#6  0x556d67f3768e
#7  0x7ff405f73bf6
#8  0x556d67f376c9
#9  0xffffffffffffffff
#0  0x7f352219b32a
#1  0x7f352219a503
#2  0x7f352181803f
#3  0x557fef69e371
#4  0x557fef6a0209
#5  0x557fef6909d3
#6  0x557fef68d68e
#7  0x7f35217fabf6
#8  0x557fef68d6c9
#9  0xffffffffffffffff
#0  0x7f4a9573a32a
#1  0x7f4a95739503
#2  0x7f4a94db703f
#3  0x55be80c52371
#4  0x55be80c54209
#5  0x55be80c449d3
#6  0x55be80c4168e
#7  0x7f4a94d99bf6
#8  0x55be80c416c9
#9  0xffffffffffffffff
#0  0x7f8de531d32a
#1  0x7f8de531c503
#2  0x7f8de499a03f
#3  0x555dbb6de371
#4  0x555dbb6e0209
#5  0x555dbb6d09d3
#6  0x555dbb6cd68e
#7  0x7f8de497cbf6
#8  0x555dbb6cd6c9
#9  0xffffffffffffffff
#0  0x7f46cb49b32a
#1  0x7f46cb49a503
#2  0x7f46cab1803f
#3  0x55b07810b371
#4  0x55b07810d209
#5  0x55b0780fd9d3
#6  0x55b0780fa68e
#7  0x7f46caafabf6
#8  0x55b0780fa6c9
#9  0xffffffffffffffff
#0  0x7f806957532a
#1  0x7f8069574503
#2  0x7f8068bf203f
#3  0x561fb732b371
#4  0x561fb732d209
#5  0x561fb731d9d3
#6  0x561fb731a68e
#7  0x7f8068bd4bf6
#8  0x561fb731a6c9
#9  0xffffffffffffffff
--------------------------------------------------------------------------
mpirun noticed that process rank 13 with PID 19928 on node 172.31.13.154 exited on signal 8 (Floating point exception).
--------------------------------------------------------------------------
[ip-172-31-3-255:18201] 31 more processes have sent help message help-mpi-btl-base.txt / btl:no-nics
[ip-172-31-3-255:18201] Set MCA parameter "orte_base_help_aggregate" to 0 to see all help / error messages
Command exited with non-zero status 136
	Command being timed: "mpirun --hostfile /home/ubuntu/PI-Bench/ECP-Proxy-Apps/hostfile -n 32 ./nekbone"
	User time (seconds): 0.06
	System time (seconds): 0.05
	Percent of CPU this job got: 5%
	Elapsed (wall clock) time (h:mm:ss or m:ss): 0:02.09
	Average shared text size (kbytes): 0
	Average unshared data size (kbytes): 0
	Average stack size (kbytes): 0
	Average total size (kbytes): 0
	Maximum resident set size (kbytes): 19380
	Average resident set size (kbytes): 0
	Major (requiring I/O) page faults: 4
	Minor (reclaiming a frame) page faults: 5984
	Voluntary context switches: 923
	Involuntary context switches: 40
	Swaps: 0
	File system inputs: 0
	File system outputs: 16440
	Socket messages sent: 0
	Socket messages received: 0
	Signals delivered: 0
	Page size (bytes): 4096
	Exit status: 136
