--------------------------------------------------------------------------
[[45437,1],0]: A high-performance Open MPI point-to-point messaging module
was unable to find any relevant network interfaces:

Module: OpenFabrics (openib)
  Host: ip-172-31-0-192

Another transport will be used instead, although this may result in
lower performance.

NOTE: You can disable this warning by setting the MCA parameter
btl_base_warn_component_unused to 0.
--------------------------------------------------------------------------
Average time to generate 100 random numbers using LCG (in s): 5.526e-06

-------------------------------------------------------
Graph edge distribution characteristics
-------------------------------------------------------
Number of vertices: 100
Number of edges: 502
Maximum number of edges: 251
Average number of edges: 251
Expected value of X^2: 63001
Variance: 0
Standard deviation: 0
-------------------------------------------------------
Time to generate distributed graph of 100 vertices (in s): 0.000764071
[PI-INFO] Init time,0,0.121083
[PI-INFO] Init time,1,0.113401
[PI-INFO] Paramount Iteration,0,1,0.121456,0.000373
[PI-INFO] Paramount Iteration,1,1,0.113776,0.000375
[PI-INFO] Paramount Iteration,0,2,0.121781,0.000325
[PI-INFO] Paramount Iteration,1,2,0.114101,0.000325
[PI-INFO] Paramount Iteration,0,3,0.122089,0.000308
[PI-INFO] Paramount Iteration,1,3,0.114408,0.000307
[PI-INFO] Paramount Iteration,0,4,0.122398,0.000309
[PI-INFO] Paramount Iteration,1,4,0.114715,0.000307
[PI-INFO] Paramount Iteration,0,5,0.122723,0.000325
[PI-INFO] Paramount Iteration,1,5,0.115035,0.000320
[PI-INFO] Paramount Iteration,0,6,0.123007,0.000284
[PI-INFO] Paramount Iteration,1,6,0.115330,0.000295
[PI-INFO] Paramount Iteration,0,7,0.123312,0.000305
[PI-INFO] Paramount Iteration,1,7,0.115643,0.000313
-------------------------------------------------------
64-bit datatype
-------------------------------------------------------
Average total time (in s), #Processes: 0.00276743, 2
Modularity, #Iterations: 0.676029, 8
MODS (final modularity * average time): 0.00187087
-------------------------------------------------------
[PI-INFO] PI avg,0,0.000279,8
[PI-INFO] Beta,0,0.230053
[PI-INFO] Total time,0.123825
[PI-INFO] PI avg,1,0.000280,8
[PI-INFO] Beta,1,0.234606
[ip-172-31-0-192:17938] 1 more process has sent help message help-mpi-btl-base.txt / btl:no-nics
[ip-172-31-0-192:17938] Set MCA parameter "orte_base_help_aggregate" to 0 to see all help / error messages
	Command being timed: "mpirun --hostfile /home/ubuntu/PI-Bench/ECP-Proxy-Apps/hostfile -n 2 ./miniVite -n 100"
	User time (seconds): 0.04
	System time (seconds): 0.01
	Percent of CPU this job got: 8%
	Elapsed (wall clock) time (h:mm:ss or m:ss): 0:00.68
	Average shared text size (kbytes): 0
	Average unshared data size (kbytes): 0
	Average stack size (kbytes): 0
	Average total size (kbytes): 0
	Maximum resident set size (kbytes): 18832
	Average resident set size (kbytes): 0
	Major (requiring I/O) page faults: 4
	Minor (reclaiming a frame) page faults: 4790
	Voluntary context switches: 869
	Involuntary context switches: 61
	Swaps: 0
	File system inputs: 0
	File system outputs: 16416
	Socket messages sent: 0
	Socket messages received: 0
	Signals delivered: 0
	Page size (bytes): 4096
	Exit status: 0
