--------------------------------------------------------------------------
[[46746,1],0]: A high-performance Open MPI point-to-point messaging module
was unable to find any relevant network interfaces:

Module: OpenFabrics (openib)
  Host: ip-172-31-0-192

Another transport will be used instead, although this may result in
lower performance.

NOTE: You can disable this warning by setting the MCA parameter
btl_base_warn_component_unused to 0.
--------------------------------------------------------------------------
 Number of processors:           2
 REAL    wdsize      :           8
 INTEGER wdsize      :           4
 ifmgrid    : F     ifbrick    : T
[PI-INFO] Init time,0,0.132829

 Processor Distribution:  npx,npy,npz=           2           1           1
 Element Distribution: nelx,nely,nelz=           2           1           1
 Local Element Distribution: mx,my,mz=           1           1           1
[PI-INFO] Init time,1,0.125155
gs_setup: 100 unique labels shared
   pairwise times (avg, min, max): 2.77317e-05 2.76965e-05 2.77669e-05
   crystal router                : 2.86619e-05 2.8366e-05 2.89578e-05
   all reduce                    : 2.9537e-05 2.92867e-05 2.97874e-05
   used all_to_all method: pairwise

cg:   0  2.3208E+01
cg: 101  2.8487E-19  4.3056E-01  3.2356E-01  6.2182E-37
cg:   0  2.3208E+01
cg: 101  2.8487E-19  4.3056E-01  3.2356E-01  6.2182E-37

nelt =       1, np =         2, nx1 =      10, elements =         2
Tot MFlops =   0.0000E+00, MFlops      =   0.0000E+00
Setup Flop =   1.3900E+07, Solver Flop =   1.5150E+06
Solve Time =   0.0000E+00
[PI-INFO] Paramount Iteration,0,1,0.162335,0.029506

 Processor Distribution:  npx,npy,npz=           2           1           1
 Element Distribution: nelx,nely,nelz=           4           1           1
 Local Element Distribution: mx,my,mz=           2           1           1
[PI-INFO] Paramount Iteration,1,1,0.154529,0.029374
gs_setup: 100 unique labels shared
   pairwise times (avg, min, max): 2.7637e-05 2.70016e-05 2.82725e-05
   crystal router                : 2.80284e-05 2.79249e-05 2.8132e-05
   all reduce                    : 2.76697e-05 2.76643e-05 2.7675e-05
   used all_to_all method: allreduce

cg:   0  3.3202E+01
cg: 101  9.6649E-10  4.6003E-01  5.8262E-01  3.5590E-18
cg:   0  3.8367E+01
cg: 101  1.7457E-09  4.0333E-01  6.2529E-01  1.3390E-17

nelt =       2, np =         2, nx1 =      10, elements =         4
Tot MFlops =   0.0000E+00, MFlops      =   0.0000E+00
Setup Flop =   2.7800E+07, Solver Flop =   3.0300E+06
Solve Time =   0.0000E+00
[PI-INFO] Paramount Iteration,0,2,0.196169,0.033834

 Processor Distribution:  npx,npy,npz=           2           1           1
 Element Distribution: nelx,nely,nelz=           6           1           1
 Local Element Distribution: mx,my,mz=           3           1           1
[PI-INFO] Paramount Iteration,1,2,0.188392,0.033863
gs_setup: 100 unique labels shared
   pairwise times (avg, min, max): 2.78201e-05 2.78004e-05 2.78398e-05
   crystal router                : 2.75828e-05 2.74992e-05 2.76664e-05
   all reduce                    : 2.94229e-05 2.89359e-05 2.99099e-05
   used all_to_all method: crystal router

cg:   0  4.0656E+01
cg: 101  1.8913E-09  4.4211E-01  6.0118E-01  1.3343E-17
cg:   0  4.8346E+01
cg: 101  3.2590E-09  3.9528E-01  6.4279E-01  4.7293E-17

nelt =       3, np =         2, nx1 =      10, elements =         6
Tot MFlops =   0.0000E+00, MFlops      =   0.0000E+00
Setup Flop =   4.1700E+07, Solver Flop =   4.5450E+06
Solve Time =   0.0000E+00
[PI-INFO] Paramount Iteration,0,3,0.234597,0.038428

 Processor Distribution:  npx,npy,npz=           2           1           1
 Element Distribution: nelx,nely,nelz=           4           2           1
 Local Element Distribution: mx,my,mz=           2           2           1
[PI-INFO] Paramount Iteration,1,3,0.226829,0.038437
gs_setup: 190 unique labels shared
   pairwise times (avg, min, max): 2.84813e-05 2.83084e-05 2.86542e-05
   crystal router                : 2.90877e-05 2.85796e-05 2.95958e-05
   all reduce                    : 2.93223e-05 2.88262e-05 2.98184e-05
   used all_to_all method: pairwise

cg:   0  4.7194E+01
cg: 101  2.7296E-09  4.3449E-01  6.2572E-01  2.6939E-17
cg:   0  5.5035E+01
cg: 101  4.4319E-09  3.9883E-01  6.4438E-01  7.6849E-17

nelt =       4, np =         2, nx1 =      10, elements =         8
Tot MFlops =   0.0000E+00, MFlops      =   0.0000E+00
Setup Flop =   5.5600E+07, Solver Flop =   6.0600E+06
Solve Time =   0.0000E+00
[PI-INFO] Paramount Iteration,0,4,0.278254,0.043657

 Processor Distribution:  npx,npy,npz=           2           1           1
 Element Distribution: nelx,nely,nelz=          10           1           1
 Local Element Distribution: mx,my,mz=           5           1           1
[PI-INFO] Paramount Iteration,1,4,0.270481,0.043652
gs_setup: 100 unique labels shared
   pairwise times (avg, min, max): 2.85403e-05 2.84601e-05 2.86205e-05
   crystal router                : 2.72875e-05 2.66882e-05 2.78868e-05
   all reduce                    : 2.75778e-05 2.74029e-05 2.77528e-05
   used all_to_all method: allreduce

cg:   0  5.2251E+01
cg: 101  4.2055E-09  4.2553E-01  6.0442E-01  6.3537E-17
cg:   0  6.3313E+01
cg: 101  6.6679E-09  4.3160E-01  6.1603E-01  1.6755E-16

nelt =       5, np =         2, nx1 =      10, elements =        10
Tot MFlops =   0.0000E+00, MFlops      =   0.0000E+00
Setup Flop =   6.9500E+07, Solver Flop =   7.5750E+06
Solve Time =   0.0000E+00
[PI-INFO] Paramount Iteration,0,5,0.326494,0.048240

 Processor Distribution:  npx,npy,npz=           2           1           1
 Element Distribution: nelx,nely,nelz=           6           2           1
 Local Element Distribution: mx,my,mz=           3           2           1
[PI-INFO] Paramount Iteration,1,5,0.318720,0.048239
gs_setup: 190 unique labels shared
   pairwise times (avg, min, max): 2.80519e-05 2.76493e-05 2.84545e-05
   crystal router                : 2.85481e-05 2.83909e-05 2.87054e-05
   all reduce                    : 2.93484e-05 2.92873e-05 2.94095e-05
   used all_to_all method: pairwise

cg:   0  5.8001E+01
cg: 101  4.2652E-09  4.0029E-01  6.3592E-01  7.3251E-17
cg:   0  6.7930E+01
cg: 101  5.8528E-09  4.1077E-01  6.4823E-01  1.3437E-16

nelt =       6, np =         2, nx1 =      10, elements =        12
Tot MFlops =   0.0000E+00, MFlops      =   0.0000E+00
Setup Flop =   8.3400E+07, Solver Flop =   9.0900E+06
Solve Time =   0.0000E+00
[PI-INFO] Paramount Iteration,0,6,0.379540,0.053046

 Processor Distribution:  npx,npy,npz=           2           1           1
 Element Distribution: nelx,nely,nelz=          14           1           1
 Local Element Distribution: mx,my,mz=           7           1           1
[PI-INFO] Paramount Iteration,1,6,0.371768,0.053048
gs_setup: 100 unique labels shared
   pairwise times (avg, min, max): 2.82396e-05 2.77158e-05 2.87634e-05
   crystal router                : 2.81238e-05 2.79823e-05 2.82652e-05
   all reduce                    : 2.83401e-05 2.82764e-05 2.84038e-05
   used all_to_all method: crystal router

cg:   0  6.1653E+01
cg: 101  4.9986E-09  4.2061E-01  6.3034E-01  9.2523E-17
cg:   0  7.5600E+01
cg: 101  7.9478E-09  4.1155E-01  6.2675E-01  2.4465E-16

nelt =       7, np =         2, nx1 =      10, elements =        14
Tot MFlops =   0.0000E+00, MFlops      =   0.0000E+00
Setup Flop =   9.7300E+07, Solver Flop =   1.0605E+07
Solve Time =   0.0000E+00
[PI-INFO] Paramount Iteration,0,7,0.436462,0.056922

 Processor Distribution:  npx,npy,npz=           2           1           1
 Element Distribution: nelx,nely,nelz=           4           2           2
 Local Element Distribution: mx,my,mz=           2           2           2
[PI-INFO] Paramount Iteration,1,7,0.428679,0.056911
gs_setup: 361 unique labels shared
   pairwise times (avg, min, max): 2.96297e-05 2.89362e-05 3.03232e-05
   crystal router                : 2.93613e-05 2.92284e-05 2.94941e-05
   all reduce                    : 3.24979e-05 3.15095e-05 3.34863e-05
   used all_to_all method: crystal router

cg:   0  6.7460E+01
cg: 101  4.7714E-09  4.1568E-01  6.3488E-01  8.7314E-17
cg:   0  7.6683E+01
cg: 101  7.1445E-09  4.1462E-01  6.2479E-01  2.0059E-16

nelt =       8, np =         2, nx1 =      10, elements =        16
Tot MFlops =   0.0000E+00, MFlops      =   0.0000E+00
Setup Flop =   1.1120E+08, Solver Flop =   1.2120E+07
Solve Time =   0.0000E+00
[PI-INFO] Paramount Iteration,0,8,0.499125,0.062663

 Processor Distribution:  npx,npy,npz=           2           1           1
 Element Distribution: nelx,nely,nelz=           6           3           1
 Local Element Distribution: mx,my,mz=           3           3           1
[PI-INFO] Paramount Iteration,1,8,0.491354,0.062675
gs_setup: 280 unique labels shared
   pairwise times (avg, min, max): 2.89313e-05 2.86476e-05 2.92151e-05
   crystal router                : 2.87093e-05 2.84493e-05 2.89692e-05
   all reduce                    : 2.90572e-05 2.88608e-05 2.92535e-05
   used all_to_all method: crystal router

cg:   0  7.1152E+01
cg: 101  5.8108E-09  4.2327E-01  6.3267E-01  1.2097E-16
cg:   0  8.2645E+01
cg: 101  8.6211E-09  4.2694E-01  6.1954E-01  2.6802E-16

nelt =       9, np =         2, nx1 =      10, elements =        18
Tot MFlops =   0.0000E+00, MFlops      =   0.0000E+00
Setup Flop =   1.2510E+08, Solver Flop =   1.3635E+07
Solve Time =   0.0000E+00
[PI-INFO] Paramount Iteration,0,9,0.566436,0.067311

 Processor Distribution:  npx,npy,npz=           2           1           1
 Element Distribution: nelx,nely,nelz=          10           2           1
 Local Element Distribution: mx,my,mz=           5           2           1
[PI-INFO] Paramount Iteration,1,9,0.558655,0.067301
gs_setup: 190 unique labels shared
   pairwise times (avg, min, max): 2.78968e-05 2.77019e-05 2.80918e-05
   crystal router                : 2.77724e-05 2.75499e-05 2.7995e-05
   all reduce                    : 2.94946e-05 2.93092e-05 2.96801e-05
   used all_to_all method: crystal router

cg:   0  7.4696E+01
cg: 101  5.9852E-09  4.0647E-01  6.2501E-01  1.4827E-16
cg:   0  8.7910E+01
cg: 101  8.7598E-09  3.9734E-01  6.2326E-01  3.1461E-16

nelt =      10, np =         2, nx1 =      10, elements =        20
Tot MFlops =   0.0000E+00, MFlops      =   0.0000E+00
Setup Flop =   1.3900E+08, Solver Flop =   1.5150E+07
Solve Time =   0.0000E+00
[PI-INFO] Paramount Iteration,0,10,0.638333,0.071897

 Processor Distribution:  npx,npy,npz=           2           1           1
 Element Distribution: nelx,nely,nelz=          22           1           1
 Local Element Distribution: mx,my,mz=          11           1           1
[PI-INFO] Paramount Iteration,1,10,0.630570,0.071915
gs_setup: 100 unique labels shared
   pairwise times (avg, min, max): 2.77803e-05 2.76468e-05 2.79138e-05
   crystal router                : 2.84947e-05 2.78517e-05 2.91377e-05
   all reduce                    : 2.77451e-05 2.75273e-05 2.7963e-05
   used all_to_all method: pairwise

cg:   0  7.7050E+01
cg: 101  6.5001E-09  4.0786E-01  6.5030E-01  1.6429E-16
cg:   0  9.5215E+01
cg: 101  9.9398E-09  4.0744E-01  6.3608E-01  3.8985E-16

nelt =      11, np =         2, nx1 =      10, elements =        22
Tot MFlops =   0.0000E+00, MFlops      =   0.0000E+00
Setup Flop =   1.5290E+08, Solver Flop =   1.6665E+07
Solve Time =   0.0000E+00
[PI-INFO] Paramount Iteration,0,11,0.714591,0.076258

 Processor Distribution:  npx,npy,npz=           2           1           1
 Element Distribution: nelx,nely,nelz=           6           2           2
 Local Element Distribution: mx,my,mz=           3           2           2
[PI-INFO] Paramount Iteration,1,11,0.706826,0.076256
gs_setup: 361 unique labels shared
   pairwise times (avg, min, max): 2.97487e-05 2.97439e-05 2.97534e-05
   crystal router                : 2.94215e-05 2.87746e-05 3.00685e-05
   all reduce                    : 3.10329e-05 3.09541e-05 3.11118e-05
   used all_to_all method: pairwise

cg:   0  8.2681E+01
cg: 101  6.7698E-09  4.1269E-01  6.1187E-01  1.7641E-16
cg:   0  9.3666E+01
cg: 101  9.4359E-09  4.2281E-01  6.1416E-01  3.3360E-16

nelt =      12, np =         2, nx1 =      10, elements =        24
Tot MFlops =   0.0000E+00, MFlops      =   0.0000E+00
Setup Flop =   1.6680E+08, Solver Flop =   1.8180E+07
Solve Time =   0.0000E+00
[PI-INFO] Paramount Iteration,0,12,0.796718,0.082127

 Processor Distribution:  npx,npy,npz=           2           1           1
 Element Distribution: nelx,nely,nelz=          26           1           1
 Local Element Distribution: mx,my,mz=          13           1           1
[PI-INFO] Paramount Iteration,1,12,0.788951,0.082125
gs_setup: 100 unique labels shared
   pairwise times (avg, min, max): 2.84583e-05 2.82847e-05 2.86318e-05
   crystal router                : 2.83075e-05 2.80216e-05 2.85934e-05
   all reduce                    : 2.77612e-05 2.76495e-05 2.78729e-05
   used all_to_all method: allreduce

cg:   0  8.3867E+01
cg: 101  7.3200E-09  4.0677E-01  6.5748E-01  2.0726E-16
cg:   0  1.0377E+02
cg: 101  1.0581E-08  4.0685E-01  6.4732E-01  4.4110E-16

nelt =      13, np =         2, nx1 =      10, elements =        26
Tot MFlops =   0.0000E+00, MFlops      =   0.0000E+00
Setup Flop =   1.8070E+08, Solver Flop =   1.9695E+07
Solve Time =   0.0000E+00
[PI-INFO] Paramount Iteration,0,13,0.882926,0.086208

 Processor Distribution:  npx,npy,npz=           2           1           1
 Element Distribution: nelx,nely,nelz=          14           2           1
 Local Element Distribution: mx,my,mz=           7           2           1
[PI-INFO] Paramount Iteration,1,13,0.875149,0.086198
gs_setup: 190 unique labels shared
   pairwise times (avg, min, max): 2.84138e-05 2.80263e-05 2.88013e-05
   crystal router                : 2.87258e-05 2.8466e-05 2.89856e-05
   all reduce                    : 2.92537e-05 2.88486e-05 2.96588e-05
   used all_to_all method: pairwise

cg:   0  8.8087E+01
cg: 101  7.9169E-09  4.1426E-01  6.3336E-01  2.4903E-16
cg:   0  1.0419E+02
cg: 101  1.1782E-08  4.1463E-01  6.2967E-01  5.5389E-16

nelt =      14, np =         2, nx1 =      10, elements =        28
Tot MFlops =   0.0000E+00, MFlops      =   0.0000E+00
Setup Flop =   1.9460E+08, Solver Flop =   2.1210E+07
Solve Time =   0.0000E+00
[PI-INFO] Paramount Iteration,0,14,0.974204,0.091278

 Processor Distribution:  npx,npy,npz=           2           1           1
 Element Distribution: nelx,nely,nelz=          10           3           1
 Local Element Distribution: mx,my,mz=           5           3           1
[PI-INFO] Paramount Iteration,1,14,0.966435,0.091286
gs_setup: 280 unique labels shared
   pairwise times (avg, min, max): 3.00485e-05 2.97257e-05 3.03713e-05
   crystal router                : 3.26882e-05 3.13129e-05 3.40635e-05
   all reduce                    : 2.98688e-05 2.96516e-05 3.0086e-05
   used all_to_all method: allreduce

cg:   0  9.1604E+01
cg: 101  8.7998E-09  4.0873E-01  6.0604E-01  3.1249E-16
cg:   0  1.0672E+02
cg: 101  1.2867E-08  4.1806E-01  6.1189E-01  6.2383E-16

nelt =      15, np =         2, nx1 =      10, elements =        30
Tot MFlops =   0.0000E+00, MFlops      =   0.0000E+00
Setup Flop =   2.0850E+08, Solver Flop =   2.2725E+07
Solve Time =   0.0000E+00
[PI-INFO] Paramount Iteration,0,15,1.070956,0.096752
[PI-INFO] PI avg,0,0.062542,15
[PI-INFO] Beta,0,0.000009
[PI-INFO] Total time,1.070965
[PI-INFO] Paramount Iteration,1,15,1.063190,0.096755
[PI-INFO] PI avg,1,0.062536,15
[PI-INFO] Beta,1,0.000025
--------------------------------------------------------------------------
mpirun has exited due to process rank 0 with PID 0 on
node ip-172-31-0-192 exiting improperly. There are three reasons this could occur:

1. this process did not call "init" before exiting, but others in
the job did. This can cause a job to hang indefinitely while it waits
for all processes to call "init". By rule, if one process calls "init",
then ALL processes must call "init" prior to termination.

2. this process called "init", but exited without calling "finalize".
By rule, all processes that call "init" MUST call "finalize" prior to
exiting or it will be considered an "abnormal termination"

3. this process called "MPI_Abort" or "orte_abort" and the mca parameter
orte_create_session_dirs is set to false. In this case, the run-time cannot
detect that the abort call was an abnormal termination. Hence, the only
error message you will receive is this one.

This may have caused other processes in the application to be
terminated by signals sent by mpirun (as reported here).

You can avoid this message by specifying -quiet on the mpirun command line.
--------------------------------------------------------------------------
[ip-172-31-0-192:16885] 1 more process has sent help message help-mpi-btl-base.txt / btl:no-nics
[ip-172-31-0-192:16885] Set MCA parameter "orte_base_help_aggregate" to 0 to see all help / error messages
Command exited with non-zero status 1
	Command being timed: "mpirun --hostfile /home/ubuntu/PI-Bench/ECP-Proxy-Apps/hostfile -n 2 ./nekbone"
	User time (seconds): 0.80
	System time (seconds): 0.20
	Percent of CPU this job got: 28%
	Elapsed (wall clock) time (h:mm:ss or m:ss): 0:03.59
	Average shared text size (kbytes): 0
	Average unshared data size (kbytes): 0
	Average stack size (kbytes): 0
	Average total size (kbytes): 0
	Maximum resident set size (kbytes): 19008
	Average resident set size (kbytes): 0
	Major (requiring I/O) page faults: 4
	Minor (reclaiming a frame) page faults: 7153
	Voluntary context switches: 974
	Involuntary context switches: 124
	Swaps: 0
	File system inputs: 0
	File system outputs: 16448
	Socket messages sent: 0
	Socket messages received: 0
	Signals delivered: 0
	Page size (bytes): 4096
	Exit status: 1
