--------------------------------------------------------------------------
[[61508,1],0]: A high-performance Open MPI point-to-point messaging module
was unable to find any relevant network interfaces:

Module: OpenFabrics (openib)
  Host: ip-172-31-11-127

Another transport will be used instead, although this may result in
lower performance.

NOTE: You can disable this warning by setting the MCA parameter
btl_base_warn_component_unused to 0.
--------------------------------------------------------------------------
 Number of processors:           4
 REAL    wdsize      :           8
 INTEGER wdsize      :           4
 ifmgrid    : F     ifbrick    : T
[PI-INFO] Init time,0,0.135221

 Processor Distribution:  npx,npy,npz=           2           2           1
 Element Distribution: nelx,nely,nelz=           2           2           1
 Local Element Distribution: mx,my,mz=           1           1           1
[PI-INFO] Init time,1,0.127785
[PI-INFO] Init time,3,0.127186
[PI-INFO] Init time,2,0.127767
gs_setup: 370 unique labels shared
   pairwise times (avg, min, max): 4.88275e-05 4.80304e-05 4.98528e-05
   crystal router                : 7.01585e-05 6.87142e-05 7.41673e-05
   all reduce                    : 7.50658e-05 7.38406e-05 7.80513e-05
   used all_to_all method: pairwise

cg:   0  3.3172E+01
cg: 101  3.1435E-14  4.1218E-01  4.5780E-01  5.9627E-27
cg:   0  3.3172E+01
cg: 101  3.1435E-14  4.1218E-01  4.5780E-01  5.9627E-27

nelt =       1, np =         4, nx1 =      10, elements =         4
Tot MFlops =   0.0000E+00, MFlops      =   0.0000E+00
Setup Flop =   1.3900E+07, Solver Flop =   1.5150E+06
Solve Time =   0.0000E+00
[PI-INFO] Paramount Iteration,0,1,0.192915,0.057694

 Processor Distribution:  npx,npy,npz=           2           2           1
 Element Distribution: nelx,nely,nelz=           4           2           1
 Local Element Distribution: mx,my,mz=           2           1           1
[PI-INFO] Paramount Iteration,3,1,0.184730,0.057544
[PI-INFO] Paramount Iteration,1,1,0.185353,0.057569
[PI-INFO] Paramount Iteration,2,1,0.185324,0.057557
gs_setup: 550 unique labels shared
   pairwise times (avg, min, max): 5.23791e-05 5.10754e-05 5.36792e-05
   crystal router                : 7.72983e-05 7.53017e-05 7.90218e-05
   all reduce                    : 8.01128e-05 7.77411e-05 8.29476e-05
   used all_to_all method: pairwise

cg:   0  4.7630E+01
cg: 101  2.1294E-09  4.0491E-01  6.4614E-01  1.8099E-17
cg:   0  5.3187E+01
cg: 101  3.2556E-09  4.3124E-01  6.3677E-01  3.9727E-17

nelt =       2, np =         4, nx1 =      10, elements =         8
Tot MFlops =   0.0000E+00, MFlops      =   0.0000E+00
Setup Flop =   2.7800E+07, Solver Flop =   3.0300E+06
Solve Time =   0.0000E+00
[PI-INFO] Paramount Iteration,0,2,0.256075,0.063160

 Processor Distribution:  npx,npy,npz=           2           2           1
 Element Distribution: nelx,nely,nelz=           6           2           1
 Local Element Distribution: mx,my,mz=           3           1           1
[PI-INFO] Paramount Iteration,3,2,0.247905,0.063175
[PI-INFO] Paramount Iteration,2,2,0.248486,0.063162
[PI-INFO] Paramount Iteration,1,2,0.248524,0.063171
gs_setup: 730 unique labels shared
   pairwise times (avg, min, max): 5.31691e-05 5.17302e-05 5.48297e-05
   crystal router                : 6.68123e-05 6.6152e-05 6.75373e-05
   all reduce                    : 9.14289e-05 8.98013e-05 9.28045e-05
   used all_to_all method: pairwise

cg:   0  5.8368E+01
cg: 101  3.3162E-09  3.9307E-01  6.6706E-01  4.3244E-17
cg:   0  6.6502E+01
cg: 101  5.6970E-09  4.0761E-01  6.3963E-01  1.2314E-16

nelt =       3, np =         4, nx1 =      10, elements =        12
Tot MFlops =   0.0000E+00, MFlops      =   0.0000E+00
Setup Flop =   4.1700E+07, Solver Flop =   4.5450E+06
Solve Time =   0.0000E+00
[PI-INFO] Paramount Iteration,0,3,0.322818,0.066743

 Processor Distribution:  npx,npy,npz=           2           2           1
 Element Distribution: nelx,nely,nelz=           4           4           1
 Local Element Distribution: mx,my,mz=           2           2           1
[PI-INFO] Paramount Iteration,3,3,0.314639,0.066734
[PI-INFO] Paramount Iteration,1,3,0.315263,0.066739
[PI-INFO] Paramount Iteration,2,3,0.315260,0.066774
gs_setup: 730 unique labels shared
   pairwise times (avg, min, max): 5.32254e-05 4.98682e-05 5.54735e-05
   crystal router                : 6.63382e-05 6.57966e-05 6.67108e-05
   all reduce                    : 7.79424e-05 7.69958e-05 7.87959e-05
   used all_to_all method: pairwise

cg:   0  6.7293E+01
cg: 101  4.5056E-09  4.2185E-01  6.3842E-01  7.3069E-17
cg:   0  7.6600E+01
cg: 101  6.8098E-09  4.2530E-01  6.4396E-01  1.6792E-16

nelt =       4, np =         4, nx1 =      10, elements =        16
Tot MFlops =   0.0000E+00, MFlops      =   0.0000E+00
Setup Flop =   5.5600E+07, Solver Flop =   6.0600E+06
Solve Time =   0.0000E+00
[PI-INFO] Paramount Iteration,0,4,0.391866,0.069048

 Processor Distribution:  npx,npy,npz=           2           2           1
 Element Distribution: nelx,nely,nelz=          10           2           1
 Local Element Distribution: mx,my,mz=           5           1           1
[PI-INFO] Paramount Iteration,3,4,0.383700,0.069061
[PI-INFO] Paramount Iteration,1,4,0.384342,0.069079
[PI-INFO] Paramount Iteration,2,4,0.384310,0.069050
gs_setup: 1090 unique labels shared
   pairwise times (avg, min, max): 4.4118e-05 4.28444e-05 4.48084e-05
   crystal router                : 7.56818e-05 7.48938e-05 7.66019e-05
   all reduce                    : 9.74197e-05 9.52303e-05 9.9616e-05
   used all_to_all method: pairwise

cg:   0  7.5051E+01
cg: 101  6.5269E-09  4.2276E-01  6.0900E-01  1.6351E-16
cg:   0  8.6669E+01
cg: 101  9.6638E-09  4.2330E-01  6.1534E-01  3.5474E-16

nelt =       5, np =         4, nx1 =      10, elements =        20
Tot MFlops =   0.0000E+00, MFlops      =   0.0000E+00
Setup Flop =   6.9500E+07, Solver Flop =   7.5750E+06
Solve Time =   0.0000E+00
[PI-INFO] Paramount Iteration,0,5,0.470899,0.079033

 Processor Distribution:  npx,npy,npz=           2           2           1
 Element Distribution: nelx,nely,nelz=           6           4           1
 Local Element Distribution: mx,my,mz=           3           2           1
[PI-INFO] Paramount Iteration,3,5,0.462729,0.079029
[PI-INFO] Paramount Iteration,1,5,0.463345,0.079003
[PI-INFO] Paramount Iteration,2,5,0.463326,0.079016
gs_setup: 910 unique labels shared
   pairwise times (avg, min, max): 4.69222e-05 4.53456e-05 4.85368e-05
   crystal router                : 8.25421e-05 8.18873e-05 8.35598e-05
   all reduce                    : 8.76127e-05 8.62369e-05 8.83036e-05
   used all_to_all method: pairwise

cg:   0  8.2677E+01
cg: 101  5.9459E-09  4.1917E-01  6.3496E-01  1.3206E-16
cg:   0  9.4442E+01
cg: 101  8.2461E-09  4.2243E-01  6.3990E-01  2.5171E-16

nelt =       6, np =         4, nx1 =      10, elements =        24
Tot MFlops =   0.0000E+00, MFlops      =   0.0000E+00
Setup Flop =   8.3400E+07, Solver Flop =   9.0900E+06
Solve Time =   0.0000E+00
[PI-INFO] Paramount Iteration,0,6,0.551152,0.080253

 Processor Distribution:  npx,npy,npz=           2           2           1
 Element Distribution: nelx,nely,nelz=          14           2           1
 Local Element Distribution: mx,my,mz=           7           1           1
[PI-INFO] Paramount Iteration,1,6,0.543612,0.080267
[PI-INFO] Paramount Iteration,3,6,0.542987,0.080258
[PI-INFO] Paramount Iteration,2,6,0.543579,0.080253
gs_setup: 1450 unique labels shared
   pairwise times (avg, min, max): 4.68353e-05 4.28561e-05 4.91954e-05
   crystal router                : 8.07869e-05 7.85095e-05 8.39833e-05
   all reduce                    : 0.000207029 0.000206418 0.00020746
   used all_to_all method: pairwise

cg:   0  8.8528E+01
cg: 101  7.8084E-09  3.9661E-01  6.2942E-01  2.4772E-16
cg:   0  1.0323E+02
cg: 101  1.1350E-08  4.0191E-01  6.3344E-01  5.0306E-16

nelt =       7, np =         4, nx1 =      10, elements =        28
Tot MFlops =   0.0000E+00, MFlops      =   0.0000E+00
Setup Flop =   9.7300E+07, Solver Flop =   1.0605E+07
Solve Time =   0.0000E+00
[PI-INFO] Paramount Iteration,0,7,0.639498,0.088346

 Processor Distribution:  npx,npy,npz=           2           2           1
 Element Distribution: nelx,nely,nelz=           4           4           2
 Local Element Distribution: mx,my,mz=           2           2           2
[PI-INFO] Paramount Iteration,1,7,0.631966,0.088354
[PI-INFO] Paramount Iteration,3,7,0.631352,0.088365
[PI-INFO] Paramount Iteration,2,7,0.631923,0.088344
gs_setup: 1387 unique labels shared
   pairwise times (avg, min, max): 4.57874e-05 4.46048e-05 4.7609e-05
   crystal router                : 7.39329e-05 7.25041e-05 7.51559e-05
   all reduce                    : 0.000212809 0.000210505 0.000214127
   used all_to_all method: pairwise

cg:   0  9.6175E+01
cg: 101  7.0055E-09  4.0225E-01  6.3835E-01  1.8649E-16
cg:   0  1.0651E+02
cg: 101  1.0422E-08  4.1139E-01  6.3623E-01  4.0479E-16

nelt =       8, np =         4, nx1 =      10, elements =        32
Tot MFlops =   0.0000E+00, MFlops      =   0.0000E+00
Setup Flop =   1.1120E+08, Solver Flop =   1.2120E+07
Solve Time =   0.0000E+00
[PI-INFO] Paramount Iteration,0,8,0.731185,0.091687

 Processor Distribution:  npx,npy,npz=           2           2           1
 Element Distribution: nelx,nely,nelz=           6           6           1
 Local Element Distribution: mx,my,mz=           3           3           1
[PI-INFO] Paramount Iteration,3,8,0.723033,0.091681
[PI-INFO] Paramount Iteration,2,8,0.723606,0.091683
[PI-INFO] Paramount Iteration,1,8,0.723657,0.091691
gs_setup: 1090 unique labels shared
   pairwise times (avg, min, max): 4.30233e-05 4.18629e-05 4.50594e-05
   crystal router                : 8.29684e-05 8.09546e-05 8.57359e-05
   all reduce                    : 8.9621e-05 8.701e-05 9.1461e-05
   used all_to_all method: pairwise

cg:   0  1.0115E+02
cg: 101  8.2121E-09  4.0413E-01  6.5487E-01  2.5546E-16
cg:   0  1.1557E+02
cg: 101  1.1831E-08  4.1490E-01  6.3887E-01  5.2249E-16

nelt =       9, np =         4, nx1 =      10, elements =        36
Tot MFlops =   0.0000E+00, MFlops      =   0.0000E+00
Setup Flop =   1.2510E+08, Solver Flop =   1.3635E+07
Solve Time =   0.0000E+00
[PI-INFO] Paramount Iteration,0,9,0.827494,0.096309

 Processor Distribution:  npx,npy,npz=           2           2           1
 Element Distribution: nelx,nely,nelz=          10           4           1
 Local Element Distribution: mx,my,mz=           5           2           1
[PI-INFO] Paramount Iteration,3,9,0.819315,0.096282
[PI-INFO] Paramount Iteration,1,9,0.819943,0.096286
[PI-INFO] Paramount Iteration,2,9,0.819932,0.096326
gs_setup: 1270 unique labels shared
   pairwise times (avg, min, max): 4.74024e-05 4.71108e-05 4.77819e-05
   crystal router                : 7.58667e-05 7.5025e-05 7.66187e-05
   all reduce                    : 0.000225802 0.00022411 0.000227645
   used all_to_all method: pairwise

cg:   0  1.0643E+02
cg: 101  9.1420E-09  4.0474E-01  6.3655E-01  3.1703E-16
cg:   0  1.2200E+02
cg: 101  1.1121E-08  4.1324E-01  6.2545E-01  4.5854E-16

nelt =      10, np =         4, nx1 =      10, elements =        40
Tot MFlops =   0.0000E+00, MFlops      =   0.0000E+00
Setup Flop =   1.3900E+08, Solver Flop =   1.5150E+07
Solve Time =   0.0000E+00
[PI-INFO] Paramount Iteration,0,10,0.929402,0.101908

 Processor Distribution:  npx,npy,npz=           2           2           1
 Element Distribution: nelx,nely,nelz=          22           2           1
 Local Element Distribution: mx,my,mz=          11           1           1
[PI-INFO] Paramount Iteration,3,10,0.921239,0.101924
[PI-INFO] Paramount Iteration,2,10,0.921827,0.101895
[PI-INFO] Paramount Iteration,1,10,0.921872,0.101929
gs_setup: 2170 unique labels shared
   pairwise times (avg, min, max): 4.89074e-05 4.76307e-05 4.99843e-05
   crystal router                : 8.77999e-05 8.67004e-05 8.88584e-05
   all reduce                    : 0.000228589 0.000228003 0.000229559
   used all_to_all method: pairwise

cg:   0  1.1065E+02
cg: 101  9.6396E-09  4.0677E-01  6.3417E-01  3.6195E-16
cg:   0  1.2982E+02
cg: 101  1.4176E-08  4.0610E-01  6.3000E-01  7.7684E-16

nelt =      11, np =         4, nx1 =      10, elements =        44
Tot MFlops =   0.0000E+00, MFlops      =   0.0000E+00
Setup Flop =   1.5290E+08, Solver Flop =   1.6665E+07
Solve Time =   0.0000E+00
[PI-INFO] Paramount Iteration,0,11,1.039947,0.110545

 Processor Distribution:  npx,npy,npz=           2           2           1
 Element Distribution: nelx,nely,nelz=           6           4           2
 Local Element Distribution: mx,my,mz=           3           2           2
[PI-INFO] Paramount Iteration,3,11,1.031794,0.110555
[PI-INFO] Paramount Iteration,2,11,1.032375,0.110548
[PI-INFO] Paramount Iteration,1,11,1.032421,0.110549
gs_setup: 1729 unique labels shared
   pairwise times (avg, min, max): 4.65729e-05 4.54341e-05 4.7982e-05
   crystal router                : 8.0871e-05 7.92326e-05 8.32082e-05
   all reduce                    : 0.000224491 0.000220584 0.000227321
   used all_to_all method: pairwise

cg:   0  1.1786E+02
cg: 101  9.8119E-09  4.1684E-01  6.2681E-01  3.6047E-16
cg:   0  1.2997E+02
cg: 101  1.2861E-08  4.1509E-01  6.2765E-01  6.2084E-16

nelt =      12, np =         4, nx1 =      10, elements =        48
Tot MFlops =   0.0000E+00, MFlops      =   0.0000E+00
Setup Flop =   1.6680E+08, Solver Flop =   1.8180E+07
Solve Time =   0.0000E+00
[PI-INFO] Paramount Iteration,0,12,1.151371,0.111424

 Processor Distribution:  npx,npy,npz=           2           2           1
 Element Distribution: nelx,nely,nelz=          26           2           1
 Local Element Distribution: mx,my,mz=          13           1           1
[PI-INFO] Paramount Iteration,2,12,1.143794,0.111419
[PI-INFO] Paramount Iteration,1,12,1.143843,0.111422
[PI-INFO] Paramount Iteration,3,12,1.143231,0.111437
gs_setup: 2530 unique labels shared
   pairwise times (avg, min, max): 6.3665e-05 6.29273e-05 6.42668e-05
   crystal router                : 0.000106741 0.000105682 0.000107699
   all reduce                    : 0.000241385 0.00023889 0.00024396
   used all_to_all method: pairwise

cg:   0  1.2045E+02
cg: 101  1.0859E-08  4.0502E-01  6.3736E-01  4.6419E-16
cg:   0  1.4145E+02
cg: 101  1.5001E-08  4.0611E-01  6.3355E-01  8.7613E-16

nelt =      13, np =         4, nx1 =      10, elements =        52
Tot MFlops =   0.0000E+00, MFlops      =   0.0000E+00
Setup Flop =   1.8070E+08, Solver Flop =   1.9695E+07
Solve Time =   0.0000E+00
[PI-INFO] Paramount Iteration,0,13,1.276147,0.124776

 Processor Distribution:  npx,npy,npz=           2           2           1
 Element Distribution: nelx,nely,nelz=          14           4           1
 Local Element Distribution: mx,my,mz=           7           2           1
[PI-INFO] Paramount Iteration,3,13,1.267979,0.124748
[PI-INFO] Paramount Iteration,1,13,1.268605,0.124762
[PI-INFO] Paramount Iteration,2,13,1.268574,0.124780
gs_setup: 1630 unique labels shared
   pairwise times (avg, min, max): 5.0033e-05 4.86973e-05 5.16527e-05
   crystal router                : 9.03496e-05 8.91166e-05 9.16792e-05
   all reduce                    : 0.000249561 0.000248769 0.000250451
   used all_to_all method: pairwise

cg:   0  1.2555E+02
cg: 101  1.2138E-08  3.9876E-01  6.5737E-01  5.8119E-16
cg:   0  1.4448E+02
cg: 101  1.6530E-08  3.9760E-01  6.5382E-01  1.0890E-15

nelt =      14, np =         4, nx1 =      10, elements =        56
Tot MFlops =   0.0000E+00, MFlops      =   0.0000E+00
Setup Flop =   1.9460E+08, Solver Flop =   2.1210E+07
Solve Time =   0.0000E+00
[PI-INFO] Paramount Iteration,0,14,1.399834,0.123687

 Processor Distribution:  npx,npy,npz=           2           2           1
 Element Distribution: nelx,nely,nelz=          10           6           1
 Local Element Distribution: mx,my,mz=           5           3           1
[PI-INFO] Paramount Iteration,1,14,1.392289,0.123684
[PI-INFO] Paramount Iteration,3,14,1.391669,0.123690
[PI-INFO] Paramount Iteration,2,14,1.392262,0.123688
gs_setup: 1450 unique labels shared
   pairwise times (avg, min, max): 4.9597e-05 4.75135e-05 5.11587e-05
   crystal router                : 8.70857e-05 8.44741e-05 8.90999e-05
   all reduce                    : 0.000210114 0.000207512 0.000211346
   used all_to_all method: pairwise

cg:   0  1.3014E+02
cg: 101  1.3083E-08  4.0034E-01  6.2447E-01  6.8864E-16
cg:   0  1.4891E+02
cg: 101  1.7878E-08  4.0682E-01  6.2957E-01  1.2261E-15

nelt =      15, np =         4, nx1 =      10, elements =        60
Tot MFlops =   0.0000E+00, MFlops      =   0.0000E+00
Setup Flop =   2.0850E+08, Solver Flop =   2.2725E+07
Solve Time =   0.0000E+00
[PI-INFO] Paramount Iteration,0,15,1.528326,0.128492
[PI-INFO] PI avg,0,0.092874,15
[PI-INFO] Beta,0,0.000007
[PI-INFO] Total time,1.528334
[PI-INFO] Paramount Iteration,1,15,1.520781,0.128492
[PI-INFO] PI avg,1,0.092866,15
[PI-INFO] Beta,1,0.000018
[PI-INFO] Paramount Iteration,3,15,1.520160,0.128491
[PI-INFO] PI avg,3,0.092865,15
[PI-INFO] Beta,3,0.000016
[PI-INFO] Paramount Iteration,2,15,1.520741,0.128479
[PI-INFO] PI avg,2,0.092865,15
[PI-INFO] Beta,2,0.000019
--------------------------------------------------------------------------
mpirun has exited due to process rank 0 with PID 0 on
node ip-172-31-11-127 exiting improperly. There are three reasons this could occur:

1. this process did not call "init" before exiting, but others in
the job did. This can cause a job to hang indefinitely while it waits
for all processes to call "init". By rule, if one process calls "init",
then ALL processes must call "init" prior to termination.

2. this process called "init", but exited without calling "finalize".
By rule, all processes that call "init" MUST call "finalize" prior to
exiting or it will be considered an "abnormal termination"

3. this process called "MPI_Abort" or "orte_abort" and the mca parameter
orte_create_session_dirs is set to false. In this case, the run-time cannot
detect that the abort call was an abnormal termination. Hence, the only
error message you will receive is this one.

This may have caused other processes in the application to be
terminated by signals sent by mpirun (as reported here).

You can avoid this message by specifying -quiet on the mpirun command line.
--------------------------------------------------------------------------
[ip-172-31-11-127:17054] 3 more processes have sent help message help-mpi-btl-base.txt / btl:no-nics
[ip-172-31-11-127:17054] Set MCA parameter "orte_base_help_aggregate" to 0 to see all help / error messages
Command exited with non-zero status 1
	Command being timed: "mpirun --hostfile /home/ubuntu/PI-Bench/ECP-Proxy-Apps/hostfile -n 4 ./nekbone"
	User time (seconds): 1.07
	System time (seconds): 0.39
	Percent of CPU this job got: 35%
	Elapsed (wall clock) time (h:mm:ss or m:ss): 0:04.10
	Average shared text size (kbytes): 0
	Average unshared data size (kbytes): 0
	Average stack size (kbytes): 0
	Average total size (kbytes): 0
	Maximum resident set size (kbytes): 18936
	Average resident set size (kbytes): 0
	Major (requiring I/O) page faults: 4
	Minor (reclaiming a frame) page faults: 6891
	Voluntary context switches: 996
	Involuntary context switches: 104
	Swaps: 0
	File system inputs: 0
	File system outputs: 16448
	Socket messages sent: 0
	Socket messages received: 0
	Signals delivered: 0
	Page size (bytes): 4096
	Exit status: 1
