--------------------------------------------------------------------------
[[45915,1],0]: A high-performance Open MPI point-to-point messaging module
was unable to find any relevant network interfaces:

Module: OpenFabrics (openib)
  Host: ip-172-31-9-166

Another transport will be used instead, although this may result in
lower performance.

NOTE: You can disable this warning by setting the MCA parameter
btl_base_warn_component_unused to 0.
--------------------------------------------------------------------------
Initializing redistribution using a pencil layout on 1 ranks.
distribution 1D: [1:1:1]
distribution 3D: [1:1:1]
distribution 2z: [1:1:1]
distribution 2x: [1:1:1]
distribution 2y: [1:1:1]
DFFT  init  max 5.194e-01s  avg 5.194e-01s  min 5.194e-01s  dev 0.000e+00s

Hex representations of double precision floats
0.000000e+00 = 0
1.000000e+00 = 3ff0000000000000
2097152.000000 = 4140000000000000

[PI-INFO] Init time,0,0.666982

TESTING 0

DFFT  fd32  max 7.029e-02s  avg 7.029e-02s  min 7.029e-02s  dev 0.000e+00s
DFFT  f1dx  max 1.012e-02s  avg 1.012e-02s  min 1.012e-02s  dev 0.000e+00s
DFFT  fd23  max 4.147e-02s  avg 4.147e-02s  min 4.147e-02s  dev 0.000e+00s
DFFT  fd32  max 2.272e-02s  avg 2.272e-02s  min 2.272e-02s  dev 0.000e+00s
DFFT  f1dy  max 1.029e-02s  avg 1.029e-02s  min 1.029e-02s  dev 0.000e+00s
DFFT  fd23  max 2.647e-02s  avg 2.647e-02s  min 2.647e-02s  dev 0.000e+00s
DFFT  fd32  max 1.926e-02s  avg 1.926e-02s  min 1.926e-02s  dev 0.000e+00s
DFFT  f1dz  max 1.010e-02s  avg 1.010e-02s  min 1.010e-02s  dev 0.000e+00s
DFFT fdist  max 1.802e-01s  avg 1.802e-01s  min 1.802e-01s  dev 0.000e+00s
DFFT fdfft  max 3.051e-02s  avg 3.051e-02s  min 3.051e-02s  dev 0.000e+00s
FORWARD     max 2.110e-01s  avg 2.110e-01s  min 2.110e-01s  dev 0.000e+00s

k-space:
real in [1.000000e+00,1.000000e+00] = [3ff0000000000000,3ff0000000000000]
imag in [0.000000e+00,0.000000e+00] = [0,0]

DFFT  b1dz  max 1.010e-02s  avg 1.010e-02s  min 1.010e-02s  dev 0.000e+00s
DFFT  bd23  max 1.882e-02s  avg 1.882e-02s  min 1.882e-02s  dev 0.000e+00s
DFFT  bd32  max 2.291e-02s  avg 2.291e-02s  min 2.291e-02s  dev 0.000e+00s
DFFT  b1dy  max 1.031e-02s  avg 1.031e-02s  min 1.031e-02s  dev 0.000e+00s
DFFT  bd23  max 2.660e-02s  avg 2.660e-02s  min 2.660e-02s  dev 0.000e+00s
DFFT  bd32  max 4.381e-02s  avg 4.381e-02s  min 4.381e-02s  dev 0.000e+00s
DFFT  b1dx  max 1.024e-02s  avg 1.024e-02s  min 1.024e-02s  dev 0.000e+00s
DFFT  bd23  max 4.224e-02s  avg 4.224e-02s  min 4.224e-02s  dev 0.000e+00s
DFFT bdist  max 1.544e-01s  avg 1.544e-01s  min 1.544e-01s  dev 0.000e+00s
DFFT bdfft  max 3.065e-02s  avg 3.065e-02s  min 3.065e-02s  dev 0.000e+00s
BACKWARD    max 1.853e-01s  avg 1.853e-01s  min 1.853e-01s  dev 0.000e+00s

r-space:
a[0,0,0] = (2097152.000000,0.000000) = (4140000000000000,0)
real in [0.000000e+00,0.000000e+00] = [0,0]
imag in [0.000000e+00,0.000000e+00] = [0,0]

[PI-INFO] Paramount Iteration,0,1,1.079062,0.412080

TESTING 1

DFFT  fd32  max 4.088e-02s  avg 4.088e-02s  min 4.088e-02s  dev 0.000e+00s
DFFT  f1dx  max 9.865e-03s  avg 9.865e-03s  min 9.865e-03s  dev 0.000e+00s
DFFT  fd23  max 4.133e-02s  avg 4.133e-02s  min 4.133e-02s  dev 0.000e+00s
DFFT  fd32  max 2.271e-02s  avg 2.271e-02s  min 2.271e-02s  dev 0.000e+00s
DFFT  f1dy  max 1.014e-02s  avg 1.014e-02s  min 1.014e-02s  dev 0.000e+00s
DFFT  fd23  max 2.639e-02s  avg 2.639e-02s  min 2.639e-02s  dev 0.000e+00s
DFFT  fd32  max 1.896e-02s  avg 1.896e-02s  min 1.896e-02s  dev 0.000e+00s
DFFT  f1dz  max 1.004e-02s  avg 1.004e-02s  min 1.004e-02s  dev 0.000e+00s
DFFT fdist  max 1.503e-01s  avg 1.503e-01s  min 1.503e-01s  dev 0.000e+00s
DFFT fdfft  max 3.005e-02s  avg 3.005e-02s  min 3.005e-02s  dev 0.000e+00s
FORWARD     max 1.806e-01s  avg 1.806e-01s  min 1.806e-01s  dev 0.000e+00s

k-space:
real in [1.000000e+00,1.000000e+00] = [3ff0000000000000,3ff0000000000000]
imag in [0.000000e+00,0.000000e+00] = [0,0]

DFFT  b1dz  max 1.010e-02s  avg 1.010e-02s  min 1.010e-02s  dev 0.000e+00s
DFFT  bd23  max 1.868e-02s  avg 1.868e-02s  min 1.868e-02s  dev 0.000e+00s
DFFT  bd32  max 2.281e-02s  avg 2.281e-02s  min 2.281e-02s  dev 0.000e+00s
DFFT  b1dy  max 1.005e-02s  avg 1.005e-02s  min 1.005e-02s  dev 0.000e+00s
DFFT  bd23  max 2.651e-02s  avg 2.651e-02s  min 2.651e-02s  dev 0.000e+00s
DFFT  bd32  max 4.373e-02s  avg 4.373e-02s  min 4.373e-02s  dev 0.000e+00s
DFFT  b1dx  max 1.036e-02s  avg 1.036e-02s  min 1.036e-02s  dev 0.000e+00s
DFFT  bd23  max 4.228e-02s  avg 4.228e-02s  min 4.228e-02s  dev 0.000e+00s
DFFT bdist  max 1.540e-01s  avg 1.540e-01s  min 1.540e-01s  dev 0.000e+00s
DFFT bdfft  max 3.050e-02s  avg 3.050e-02s  min 3.050e-02s  dev 0.000e+00s
BACKWARD    max 1.847e-01s  avg 1.847e-01s  min 1.847e-01s  dev 0.000e+00s

r-space:
a[0,0,0] = (2097152.000000,0.000000) = (4140000000000000,0)
real in [0.000000e+00,0.000000e+00] = [0,0]
imag in [0.000000e+00,0.000000e+00] = [0,0]

[PI-INFO] Paramount Iteration,0,2,1.459919,0.380857

TESTING 2

DFFT  fd32  max 3.986e-02s  avg 3.986e-02s  min 3.986e-02s  dev 0.000e+00s
DFFT  f1dx  max 1.002e-02s  avg 1.002e-02s  min 1.002e-02s  dev 0.000e+00s
DFFT  fd23  max 4.149e-02s  avg 4.149e-02s  min 4.149e-02s  dev 0.000e+00s
DFFT  fd32  max 2.259e-02s  avg 2.259e-02s  min 2.259e-02s  dev 0.000e+00s
DFFT  f1dy  max 1.030e-02s  avg 1.030e-02s  min 1.030e-02s  dev 0.000e+00s
DFFT  fd23  max 2.624e-02s  avg 2.624e-02s  min 2.624e-02s  dev 0.000e+00s
DFFT  fd32  max 1.908e-02s  avg 1.908e-02s  min 1.908e-02s  dev 0.000e+00s
DFFT  f1dz  max 1.004e-02s  avg 1.004e-02s  min 1.004e-02s  dev 0.000e+00s
DFFT fdist  max 1.493e-01s  avg 1.493e-01s  min 1.493e-01s  dev 0.000e+00s
DFFT fdfft  max 3.036e-02s  avg 3.036e-02s  min 3.036e-02s  dev 0.000e+00s
FORWARD     max 1.799e-01s  avg 1.799e-01s  min 1.799e-01s  dev 0.000e+00s

k-space:
real in [1.000000e+00,1.000000e+00] = [3ff0000000000000,3ff0000000000000]
imag in [0.000000e+00,0.000000e+00] = [0,0]

DFFT  b1dz  max 1.008e-02s  avg 1.008e-02s  min 1.008e-02s  dev 0.000e+00s
DFFT  bd23  max 1.875e-02s  avg 1.875e-02s  min 1.875e-02s  dev 0.000e+00s
DFFT  bd32  max 2.289e-02s  avg 2.289e-02s  min 2.289e-02s  dev 0.000e+00s
DFFT  b1dy  max 1.026e-02s  avg 1.026e-02s  min 1.026e-02s  dev 0.000e+00s
DFFT  bd23  max 2.678e-02s  avg 2.678e-02s  min 2.678e-02s  dev 0.000e+00s
DFFT  bd32  max 4.377e-02s  avg 4.377e-02s  min 4.377e-02s  dev 0.000e+00s
DFFT  b1dx  max 1.019e-02s  avg 1.019e-02s  min 1.019e-02s  dev 0.000e+00s
DFFT  bd23  max 4.218e-02s  avg 4.218e-02s  min 4.218e-02s  dev 0.000e+00s
DFFT bdist  max 1.544e-01s  avg 1.544e-01s  min 1.544e-01s  dev 0.000e+00s
DFFT bdfft  max 3.052e-02s  avg 3.052e-02s  min 3.052e-02s  dev 0.000e+00s
BACKWARD    max 1.852e-01s  avg 1.852e-01s  min 1.852e-01s  dev 0.000e+00s

r-space:
a[0,0,0] = (2097152.000000,0.000000) = (4140000000000000,0)
real in [0.000000e+00,0.000000e+00] = [0,0]
imag in [0.000000e+00,0.000000e+00] = [0,0]

[PI-INFO] Paramount Iteration,0,3,1.840465,0.380546

TESTING 3

DFFT  fd32  max 4.000e-02s  avg 4.000e-02s  min 4.000e-02s  dev 0.000e+00s
DFFT  f1dx  max 9.985e-03s  avg 9.985e-03s  min 9.985e-03s  dev 0.000e+00s
DFFT  fd23  max 4.133e-02s  avg 4.133e-02s  min 4.133e-02s  dev 0.000e+00s
DFFT  fd32  max 2.276e-02s  avg 2.276e-02s  min 2.276e-02s  dev 0.000e+00s
DFFT  f1dy  max 1.012e-02s  avg 1.012e-02s  min 1.012e-02s  dev 0.000e+00s
DFFT  fd23  max 2.637e-02s  avg 2.637e-02s  min 2.637e-02s  dev 0.000e+00s
DFFT  fd32  max 1.912e-02s  avg 1.912e-02s  min 1.912e-02s  dev 0.000e+00s
DFFT  f1dz  max 1.005e-02s  avg 1.005e-02s  min 1.005e-02s  dev 0.000e+00s
DFFT fdist  max 1.496e-01s  avg 1.496e-01s  min 1.496e-01s  dev 0.000e+00s
DFFT fdfft  max 3.016e-02s  avg 3.016e-02s  min 3.016e-02s  dev 0.000e+00s
FORWARD     max 1.800e-01s  avg 1.800e-01s  min 1.800e-01s  dev 0.000e+00s

k-space:
real in [1.000000e+00,1.000000e+00] = [3ff0000000000000,3ff0000000000000]
imag in [0.000000e+00,0.000000e+00] = [0,0]

DFFT  b1dz  max 1.003e-02s  avg 1.003e-02s  min 1.003e-02s  dev 0.000e+00s
DFFT  bd23  max 1.870e-02s  avg 1.870e-02s  min 1.870e-02s  dev 0.000e+00s
DFFT  bd32  max 2.290e-02s  avg 2.290e-02s  min 2.290e-02s  dev 0.000e+00s
DFFT  b1dy  max 1.010e-02s  avg 1.010e-02s  min 1.010e-02s  dev 0.000e+00s
DFFT  bd23  max 2.659e-02s  avg 2.659e-02s  min 2.659e-02s  dev 0.000e+00s
DFFT  bd32  max 4.378e-02s  avg 4.378e-02s  min 4.378e-02s  dev 0.000e+00s
DFFT  b1dx  max 1.018e-02s  avg 1.018e-02s  min 1.018e-02s  dev 0.000e+00s
DFFT  bd23  max 4.214e-02s  avg 4.214e-02s  min 4.214e-02s  dev 0.000e+00s
DFFT bdist  max 1.541e-01s  avg 1.541e-01s  min 1.541e-01s  dev 0.000e+00s
DFFT bdfft  max 3.030e-02s  avg 3.030e-02s  min 3.030e-02s  dev 0.000e+00s
BACKWARD    max 1.846e-01s  avg 1.846e-01s  min 1.846e-01s  dev 0.000e+00s

r-space:
a[0,0,0] = (2097152.000000,0.000000) = (4140000000000000,0)
real in [0.000000e+00,0.000000e+00] = [0,0]
imag in [0.000000e+00,0.000000e+00] = [0,0]

[PI-INFO] Paramount Iteration,0,4,2.220545,0.380080

TESTING 4

DFFT  fd32  max 4.041e-02s  avg 4.041e-02s  min 4.041e-02s  dev 0.000e+00s
DFFT  f1dx  max 1.003e-02s  avg 1.003e-02s  min 1.003e-02s  dev 0.000e+00s
DFFT  fd23  max 4.156e-02s  avg 4.156e-02s  min 4.156e-02s  dev 0.000e+00s
DFFT  fd32  max 2.282e-02s  avg 2.282e-02s  min 2.282e-02s  dev 0.000e+00s
DFFT  f1dy  max 1.022e-02s  avg 1.022e-02s  min 1.022e-02s  dev 0.000e+00s
DFFT  fd23  max 2.622e-02s  avg 2.622e-02s  min 2.622e-02s  dev 0.000e+00s
DFFT  fd32  max 1.911e-02s  avg 1.911e-02s  min 1.911e-02s  dev 0.000e+00s
DFFT  f1dz  max 1.008e-02s  avg 1.008e-02s  min 1.008e-02s  dev 0.000e+00s
DFFT fdist  max 1.501e-01s  avg 1.501e-01s  min 1.501e-01s  dev 0.000e+00s
DFFT fdfft  max 3.033e-02s  avg 3.033e-02s  min 3.033e-02s  dev 0.000e+00s
FORWARD     max 1.807e-01s  avg 1.807e-01s  min 1.807e-01s  dev 0.000e+00s

k-space:
real in [1.000000e+00,1.000000e+00] = [3ff0000000000000,3ff0000000000000]
imag in [0.000000e+00,0.000000e+00] = [0,0]

DFFT  b1dz  max 1.101e-02s  avg 1.101e-02s  min 1.101e-02s  dev 0.000e+00s
DFFT  bd23  max 1.885e-02s  avg 1.885e-02s  min 1.885e-02s  dev 0.000e+00s
DFFT  bd32  max 2.276e-02s  avg 2.276e-02s  min 2.276e-02s  dev 0.000e+00s
DFFT  b1dy  max 1.011e-02s  avg 1.011e-02s  min 1.011e-02s  dev 0.000e+00s
DFFT  bd23  max 2.652e-02s  avg 2.652e-02s  min 2.652e-02s  dev 0.000e+00s
DFFT  bd32  max 4.362e-02s  avg 4.362e-02s  min 4.362e-02s  dev 0.000e+00s
DFFT  b1dx  max 1.017e-02s  avg 1.017e-02s  min 1.017e-02s  dev 0.000e+00s
DFFT  bd23  max 4.224e-02s  avg 4.224e-02s  min 4.224e-02s  dev 0.000e+00s
DFFT bdist  max 1.540e-01s  avg 1.540e-01s  min 1.540e-01s  dev 0.000e+00s
DFFT bdfft  max 3.129e-02s  avg 3.129e-02s  min 3.129e-02s  dev 0.000e+00s
BACKWARD    max 1.855e-01s  avg 1.855e-01s  min 1.855e-01s  dev 0.000e+00s

r-space:
a[0,0,0] = (2097152.000000,0.000000) = (4140000000000000,0)
real in [0.000000e+00,0.000000e+00] = [0,0]
imag in [0.000000e+00,0.000000e+00] = [0,0]

[PI-INFO] Paramount Iteration,0,5,2.602882,0.382337

TESTING 5

DFFT  fd32  max 4.067e-02s  avg 4.067e-02s  min 4.067e-02s  dev 0.000e+00s
DFFT  f1dx  max 9.915e-03s  avg 9.915e-03s  min 9.915e-03s  dev 0.000e+00s
DFFT  fd23  max 4.132e-02s  avg 4.132e-02s  min 4.132e-02s  dev 0.000e+00s
DFFT  fd32  max 2.266e-02s  avg 2.266e-02s  min 2.266e-02s  dev 0.000e+00s
DFFT  f1dy  max 1.013e-02s  avg 1.013e-02s  min 1.013e-02s  dev 0.000e+00s
DFFT  fd23  max 2.645e-02s  avg 2.645e-02s  min 2.645e-02s  dev 0.000e+00s
DFFT  fd32  max 1.917e-02s  avg 1.917e-02s  min 1.917e-02s  dev 0.000e+00s
DFFT  f1dz  max 1.007e-02s  avg 1.007e-02s  min 1.007e-02s  dev 0.000e+00s
DFFT fdist  max 1.503e-01s  avg 1.503e-01s  min 1.503e-01s  dev 0.000e+00s
DFFT fdfft  max 3.011e-02s  avg 3.011e-02s  min 3.011e-02s  dev 0.000e+00s
FORWARD     max 1.806e-01s  avg 1.806e-01s  min 1.806e-01s  dev 0.000e+00s

k-space:
real in [1.000000e+00,1.000000e+00] = [3ff0000000000000,3ff0000000000000]
imag in [0.000000e+00,0.000000e+00] = [0,0]

DFFT  b1dz  max 1.019e-02s  avg 1.019e-02s  min 1.019e-02s  dev 0.000e+00s
DFFT  bd23  max 1.889e-02s  avg 1.889e-02s  min 1.889e-02s  dev 0.000e+00s
DFFT  bd32  max 2.302e-02s  avg 2.302e-02s  min 2.302e-02s  dev 0.000e+00s
DFFT  b1dy  max 1.009e-02s  avg 1.009e-02s  min 1.009e-02s  dev 0.000e+00s
DFFT  bd23  max 2.674e-02s  avg 2.674e-02s  min 2.674e-02s  dev 0.000e+00s
DFFT  bd32  max 4.385e-02s  avg 4.385e-02s  min 4.385e-02s  dev 0.000e+00s
DFFT  b1dx  max 1.018e-02s  avg 1.018e-02s  min 1.018e-02s  dev 0.000e+00s
DFFT  bd23  max 4.207e-02s  avg 4.207e-02s  min 4.207e-02s  dev 0.000e+00s
DFFT bdist  max 1.546e-01s  avg 1.546e-01s  min 1.546e-01s  dev 0.000e+00s
DFFT bdfft  max 3.046e-02s  avg 3.046e-02s  min 3.046e-02s  dev 0.000e+00s
BACKWARD    max 1.853e-01s  avg 1.853e-01s  min 1.853e-01s  dev 0.000e+00s

r-space:
a[0,0,0] = (2097152.000000,0.000000) = (4140000000000000,0)
real in [0.000000e+00,0.000000e+00] = [0,0]
imag in [0.000000e+00,0.000000e+00] = [0,0]

[PI-INFO] Paramount Iteration,0,6,2.984254,0.381372

TESTING 6

DFFT  fd32  max 4.000e-02s  avg 4.000e-02s  min 4.000e-02s  dev 0.000e+00s
DFFT  f1dx  max 9.918e-03s  avg 9.918e-03s  min 9.918e-03s  dev 0.000e+00s
DFFT  fd23  max 4.141e-02s  avg 4.141e-02s  min 4.141e-02s  dev 0.000e+00s
DFFT  fd32  max 2.276e-02s  avg 2.276e-02s  min 2.276e-02s  dev 0.000e+00s
DFFT  f1dy  max 1.018e-02s  avg 1.018e-02s  min 1.018e-02s  dev 0.000e+00s
DFFT  fd23  max 2.644e-02s  avg 2.644e-02s  min 2.644e-02s  dev 0.000e+00s
DFFT  fd32  max 1.909e-02s  avg 1.909e-02s  min 1.909e-02s  dev 0.000e+00s
DFFT  f1dz  max 1.005e-02s  avg 1.005e-02s  min 1.005e-02s  dev 0.000e+00s
DFFT fdist  max 1.497e-01s  avg 1.497e-01s  min 1.497e-01s  dev 0.000e+00s
DFFT fdfft  max 3.015e-02s  avg 3.015e-02s  min 3.015e-02s  dev 0.000e+00s
FORWARD     max 1.801e-01s  avg 1.801e-01s  min 1.801e-01s  dev 0.000e+00s

k-space:
real in [1.000000e+00,1.000000e+00] = [3ff0000000000000,3ff0000000000000]
imag in [0.000000e+00,0.000000e+00] = [0,0]

DFFT  b1dz  max 1.008e-02s  avg 1.008e-02s  min 1.008e-02s  dev 0.000e+00s
DFFT  bd23  max 1.871e-02s  avg 1.871e-02s  min 1.871e-02s  dev 0.000e+00s
DFFT  bd32  max 2.269e-02s  avg 2.269e-02s  min 2.269e-02s  dev 0.000e+00s
DFFT  b1dy  max 1.022e-02s  avg 1.022e-02s  min 1.022e-02s  dev 0.000e+00s
DFFT  bd23  max 2.660e-02s  avg 2.660e-02s  min 2.660e-02s  dev 0.000e+00s
DFFT  bd32  max 4.336e-02s  avg 4.336e-02s  min 4.336e-02s  dev 0.000e+00s
DFFT  b1dx  max 1.024e-02s  avg 1.024e-02s  min 1.024e-02s  dev 0.000e+00s
DFFT  bd23  max 4.232e-02s  avg 4.232e-02s  min 4.232e-02s  dev 0.000e+00s
DFFT bdist  max 1.537e-01s  avg 1.537e-01s  min 1.537e-01s  dev 0.000e+00s
DFFT bdfft  max 3.054e-02s  avg 3.054e-02s  min 3.054e-02s  dev 0.000e+00s
BACKWARD    max 1.845e-01s  avg 1.845e-01s  min 1.845e-01s  dev 0.000e+00s

r-space:
a[0,0,0] = (2097152.000000,0.000000) = (4140000000000000,0)
real in [0.000000e+00,0.000000e+00] = [0,0]
imag in [0.000000e+00,0.000000e+00] = [0,0]

[PI-INFO] Paramount Iteration,0,7,3.364301,0.380047

TESTING 7

DFFT  fd32  max 4.193e-02s  avg 4.193e-02s  min 4.193e-02s  dev 0.000e+00s
DFFT  f1dx  max 1.006e-02s  avg 1.006e-02s  min 1.006e-02s  dev 0.000e+00s
DFFT  fd23  max 4.180e-02s  avg 4.180e-02s  min 4.180e-02s  dev 0.000e+00s
DFFT  fd32  max 2.271e-02s  avg 2.271e-02s  min 2.271e-02s  dev 0.000e+00s
DFFT  f1dy  max 1.042e-02s  avg 1.042e-02s  min 1.042e-02s  dev 0.000e+00s
DFFT  fd23  max 2.671e-02s  avg 2.671e-02s  min 2.671e-02s  dev 0.000e+00s
DFFT  fd32  max 1.919e-02s  avg 1.919e-02s  min 1.919e-02s  dev 0.000e+00s
DFFT  f1dz  max 1.007e-02s  avg 1.007e-02s  min 1.007e-02s  dev 0.000e+00s
DFFT fdist  max 1.523e-01s  avg 1.523e-01s  min 1.523e-01s  dev 0.000e+00s
DFFT fdfft  max 3.055e-02s  avg 3.055e-02s  min 3.055e-02s  dev 0.000e+00s
FORWARD     max 1.832e-01s  avg 1.832e-01s  min 1.832e-01s  dev 0.000e+00s

k-space:
real in [1.000000e+00,1.000000e+00] = [3ff0000000000000,3ff0000000000000]
imag in [0.000000e+00,0.000000e+00] = [0,0]

DFFT  b1dz  max 1.036e-02s  avg 1.036e-02s  min 1.036e-02s  dev 0.000e+00s
DFFT  bd23  max 1.903e-02s  avg 1.903e-02s  min 1.903e-02s  dev 0.000e+00s
DFFT  bd32  max 2.293e-02s  avg 2.293e-02s  min 2.293e-02s  dev 0.000e+00s
DFFT  b1dy  max 1.004e-02s  avg 1.004e-02s  min 1.004e-02s  dev 0.000e+00s
DFFT  bd23  max 2.658e-02s  avg 2.658e-02s  min 2.658e-02s  dev 0.000e+00s
DFFT  bd32  max 4.396e-02s  avg 4.396e-02s  min 4.396e-02s  dev 0.000e+00s
DFFT  b1dx  max 1.012e-02s  avg 1.012e-02s  min 1.012e-02s  dev 0.000e+00s
DFFT  bd23  max 4.173e-02s  avg 4.173e-02s  min 4.173e-02s  dev 0.000e+00s
DFFT bdist  max 1.542e-01s  avg 1.542e-01s  min 1.542e-01s  dev 0.000e+00s
DFFT bdfft  max 3.053e-02s  avg 3.053e-02s  min 3.053e-02s  dev 0.000e+00s
BACKWARD    max 1.850e-01s  avg 1.850e-01s  min 1.850e-01s  dev 0.000e+00s

r-space:
a[0,0,0] = (2097152.000000,0.000000) = (4140000000000000,0)
real in [0.000000e+00,0.000000e+00] = [0,0]
imag in [0.000000e+00,0.000000e+00] = [0,0]

[PI-INFO] Paramount Iteration,0,8,3.748055,0.383754

TESTING 8

DFFT  fd32  max 4.020e-02s  avg 4.020e-02s  min 4.020e-02s  dev 0.000e+00s
DFFT  f1dx  max 9.970e-03s  avg 9.970e-03s  min 9.970e-03s  dev 0.000e+00s
DFFT  fd23  max 4.142e-02s  avg 4.142e-02s  min 4.142e-02s  dev 0.000e+00s
DFFT  fd32  max 2.262e-02s  avg 2.262e-02s  min 2.262e-02s  dev 0.000e+00s
DFFT  f1dy  max 1.011e-02s  avg 1.011e-02s  min 1.011e-02s  dev 0.000e+00s
DFFT  fd23  max 2.633e-02s  avg 2.633e-02s  min 2.633e-02s  dev 0.000e+00s
DFFT  fd32  max 1.917e-02s  avg 1.917e-02s  min 1.917e-02s  dev 0.000e+00s
DFFT  f1dz  max 1.003e-02s  avg 1.003e-02s  min 1.003e-02s  dev 0.000e+00s
DFFT fdist  max 1.497e-01s  avg 1.497e-01s  min 1.497e-01s  dev 0.000e+00s
DFFT fdfft  max 3.011e-02s  avg 3.011e-02s  min 3.011e-02s  dev 0.000e+00s
FORWARD     max 1.801e-01s  avg 1.801e-01s  min 1.801e-01s  dev 0.000e+00s

k-space:
real in [1.000000e+00,1.000000e+00] = [3ff0000000000000,3ff0000000000000]
imag in [0.000000e+00,0.000000e+00] = [0,0]

DFFT  b1dz  max 9.960e-03s  avg 9.960e-03s  min 9.960e-03s  dev 0.000e+00s
DFFT  bd23  max 1.875e-02s  avg 1.875e-02s  min 1.875e-02s  dev 0.000e+00s
DFFT  bd32  max 2.293e-02s  avg 2.293e-02s  min 2.293e-02s  dev 0.000e+00s
DFFT  b1dy  max 1.031e-02s  avg 1.031e-02s  min 1.031e-02s  dev 0.000e+00s
DFFT  bd23  max 2.658e-02s  avg 2.658e-02s  min 2.658e-02s  dev 0.000e+00s
DFFT  bd32  max 4.381e-02s  avg 4.381e-02s  min 4.381e-02s  dev 0.000e+00s
DFFT  b1dx  max 1.037e-02s  avg 1.037e-02s  min 1.037e-02s  dev 0.000e+00s
DFFT  bd23  max 4.205e-02s  avg 4.205e-02s  min 4.205e-02s  dev 0.000e+00s
DFFT bdist  max 1.541e-01s  avg 1.541e-01s  min 1.541e-01s  dev 0.000e+00s
DFFT bdfft  max 3.064e-02s  avg 3.064e-02s  min 3.064e-02s  dev 0.000e+00s
BACKWARD    max 1.850e-01s  avg 1.850e-01s  min 1.850e-01s  dev 0.000e+00s

r-space:
a[0,0,0] = (2097152.000000,0.000000) = (4140000000000000,0)
real in [0.000000e+00,0.000000e+00] = [0,0]
imag in [0.000000e+00,0.000000e+00] = [0,0]

[PI-INFO] Paramount Iteration,0,9,4.128607,0.380552

TESTING 9

DFFT  fd32  max 4.063e-02s  avg 4.063e-02s  min 4.063e-02s  dev 0.000e+00s
DFFT  f1dx  max 1.002e-02s  avg 1.002e-02s  min 1.002e-02s  dev 0.000e+00s
DFFT  fd23  max 4.136e-02s  avg 4.136e-02s  min 4.136e-02s  dev 0.000e+00s
DFFT  fd32  max 2.263e-02s  avg 2.263e-02s  min 2.263e-02s  dev 0.000e+00s
DFFT  f1dy  max 1.016e-02s  avg 1.016e-02s  min 1.016e-02s  dev 0.000e+00s
DFFT  fd23  max 2.610e-02s  avg 2.610e-02s  min 2.610e-02s  dev 0.000e+00s
DFFT  fd32  max 1.903e-02s  avg 1.903e-02s  min 1.903e-02s  dev 0.000e+00s
DFFT  f1dz  max 9.945e-03s  avg 9.945e-03s  min 9.945e-03s  dev 0.000e+00s
DFFT fdist  max 1.497e-01s  avg 1.497e-01s  min 1.497e-01s  dev 0.000e+00s
DFFT fdfft  max 3.013e-02s  avg 3.013e-02s  min 3.013e-02s  dev 0.000e+00s
FORWARD     max 1.801e-01s  avg 1.801e-01s  min 1.801e-01s  dev 0.000e+00s

k-space:
real in [1.000000e+00,1.000000e+00] = [3ff0000000000000,3ff0000000000000]
imag in [0.000000e+00,0.000000e+00] = [0,0]

DFFT  b1dz  max 1.008e-02s  avg 1.008e-02s  min 1.008e-02s  dev 0.000e+00s
DFFT  bd23  max 1.882e-02s  avg 1.882e-02s  min 1.882e-02s  dev 0.000e+00s
DFFT  bd32  max 2.276e-02s  avg 2.276e-02s  min 2.276e-02s  dev 0.000e+00s
DFFT  b1dy  max 1.002e-02s  avg 1.002e-02s  min 1.002e-02s  dev 0.000e+00s
DFFT  bd23  max 2.659e-02s  avg 2.659e-02s  min 2.659e-02s  dev 0.000e+00s
DFFT  bd32  max 4.381e-02s  avg 4.381e-02s  min 4.381e-02s  dev 0.000e+00s
DFFT  b1dx  max 1.008e-02s  avg 1.008e-02s  min 1.008e-02s  dev 0.000e+00s
DFFT  bd23  max 4.190e-02s  avg 4.190e-02s  min 4.190e-02s  dev 0.000e+00s
DFFT bdist  max 1.539e-01s  avg 1.539e-01s  min 1.539e-01s  dev 0.000e+00s
DFFT bdfft  max 3.019e-02s  avg 3.019e-02s  min 3.019e-02s  dev 0.000e+00s
BACKWARD    max 1.843e-01s  avg 1.843e-01s  min 1.843e-01s  dev 0.000e+00s

r-space:
a[0,0,0] = (2097152.000000,0.000000) = (4140000000000000,0)
real in [0.000000e+00,0.000000e+00] = [0,0]
imag in [0.000000e+00,0.000000e+00] = [0,0]

[PI-INFO] Paramount Iteration,0,10,4.508485,0.379878

TESTING a

DFFT  fd32  max 4.044e-02s  avg 4.044e-02s  min 4.044e-02s  dev 0.000e+00s
DFFT  f1dx  max 9.856e-03s  avg 9.856e-03s  min 9.856e-03s  dev 0.000e+00s
DFFT  fd23  max 4.141e-02s  avg 4.141e-02s  min 4.141e-02s  dev 0.000e+00s
DFFT  fd32  max 2.272e-02s  avg 2.272e-02s  min 2.272e-02s  dev 0.000e+00s
DFFT  f1dy  max 1.016e-02s  avg 1.016e-02s  min 1.016e-02s  dev 0.000e+00s
DFFT  fd23  max 2.634e-02s  avg 2.634e-02s  min 2.634e-02s  dev 0.000e+00s
DFFT  fd32  max 1.909e-02s  avg 1.909e-02s  min 1.909e-02s  dev 0.000e+00s
DFFT  f1dz  max 1.003e-02s  avg 1.003e-02s  min 1.003e-02s  dev 0.000e+00s
DFFT fdist  max 1.500e-01s  avg 1.500e-01s  min 1.500e-01s  dev 0.000e+00s
DFFT fdfft  max 3.004e-02s  avg 3.004e-02s  min 3.004e-02s  dev 0.000e+00s
FORWARD     max 1.803e-01s  avg 1.803e-01s  min 1.803e-01s  dev 0.000e+00s

k-space:
real in [1.000000e+00,1.000000e+00] = [3ff0000000000000,3ff0000000000000]
imag in [0.000000e+00,0.000000e+00] = [0,0]

DFFT  b1dz  max 1.007e-02s  avg 1.007e-02s  min 1.007e-02s  dev 0.000e+00s
DFFT  bd23  max 1.870e-02s  avg 1.870e-02s  min 1.870e-02s  dev 0.000e+00s
DFFT  bd32  max 2.271e-02s  avg 2.271e-02s  min 2.271e-02s  dev 0.000e+00s
DFFT  b1dy  max 1.023e-02s  avg 1.023e-02s  min 1.023e-02s  dev 0.000e+00s
DFFT  bd23  max 2.655e-02s  avg 2.655e-02s  min 2.655e-02s  dev 0.000e+00s
DFFT  bd32  max 4.371e-02s  avg 4.371e-02s  min 4.371e-02s  dev 0.000e+00s
DFFT  b1dx  max 1.017e-02s  avg 1.017e-02s  min 1.017e-02s  dev 0.000e+00s
DFFT  bd23  max 4.211e-02s  avg 4.211e-02s  min 4.211e-02s  dev 0.000e+00s
DFFT bdist  max 1.538e-01s  avg 1.538e-01s  min 1.538e-01s  dev 0.000e+00s
DFFT bdfft  max 3.046e-02s  avg 3.046e-02s  min 3.046e-02s  dev 0.000e+00s
BACKWARD    max 1.845e-01s  avg 1.845e-01s  min 1.845e-01s  dev 0.000e+00s

r-space:
a[0,0,0] = (2097152.000000,0.000000) = (4140000000000000,0)
real in [0.000000e+00,0.000000e+00] = [0,0]
imag in [0.000000e+00,0.000000e+00] = [0,0]

[PI-INFO] Paramount Iteration,0,11,4.888708,0.380223

TESTING b

DFFT  fd32  max 3.972e-02s  avg 3.972e-02s  min 3.972e-02s  dev 0.000e+00s
DFFT  f1dx  max 9.955e-03s  avg 9.955e-03s  min 9.955e-03s  dev 0.000e+00s
DFFT  fd23  max 4.139e-02s  avg 4.139e-02s  min 4.139e-02s  dev 0.000e+00s
DFFT  fd32  max 2.256e-02s  avg 2.256e-02s  min 2.256e-02s  dev 0.000e+00s
DFFT  f1dy  max 1.013e-02s  avg 1.013e-02s  min 1.013e-02s  dev 0.000e+00s
DFFT  fd23  max 2.626e-02s  avg 2.626e-02s  min 2.626e-02s  dev 0.000e+00s
DFFT  fd32  max 1.901e-02s  avg 1.901e-02s  min 1.901e-02s  dev 0.000e+00s
DFFT  f1dz  max 1.003e-02s  avg 1.003e-02s  min 1.003e-02s  dev 0.000e+00s
DFFT fdist  max 1.489e-01s  avg 1.489e-01s  min 1.489e-01s  dev 0.000e+00s
DFFT fdfft  max 3.011e-02s  avg 3.011e-02s  min 3.011e-02s  dev 0.000e+00s
FORWARD     max 1.793e-01s  avg 1.793e-01s  min 1.793e-01s  dev 0.000e+00s

k-space:
real in [1.000000e+00,1.000000e+00] = [3ff0000000000000,3ff0000000000000]
imag in [0.000000e+00,0.000000e+00] = [0,0]

DFFT  b1dz  max 1.001e-02s  avg 1.001e-02s  min 1.001e-02s  dev 0.000e+00s
DFFT  bd23  max 1.865e-02s  avg 1.865e-02s  min 1.865e-02s  dev 0.000e+00s
DFFT  bd32  max 2.273e-02s  avg 2.273e-02s  min 2.273e-02s  dev 0.000e+00s
DFFT  b1dy  max 9.997e-03s  avg 9.997e-03s  min 9.997e-03s  dev 0.000e+00s
DFFT  bd23  max 2.635e-02s  avg 2.635e-02s  min 2.635e-02s  dev 0.000e+00s
DFFT  bd32  max 4.330e-02s  avg 4.330e-02s  min 4.330e-02s  dev 0.000e+00s
DFFT  b1dx  max 1.024e-02s  avg 1.024e-02s  min 1.024e-02s  dev 0.000e+00s
DFFT  bd23  max 4.211e-02s  avg 4.211e-02s  min 4.211e-02s  dev 0.000e+00s
DFFT bdist  max 1.531e-01s  avg 1.531e-01s  min 1.531e-01s  dev 0.000e+00s
DFFT bdfft  max 3.024e-02s  avg 3.024e-02s  min 3.024e-02s  dev 0.000e+00s
BACKWARD    max 1.836e-01s  avg 1.836e-01s  min 1.836e-01s  dev 0.000e+00s

r-space:
a[0,0,0] = (2097152.000000,0.000000) = (4140000000000000,0)
real in [0.000000e+00,0.000000e+00] = [0,0]
imag in [0.000000e+00,0.000000e+00] = [0,0]

[PI-INFO] Paramount Iteration,0,12,5.266994,0.378286

TESTING c

DFFT  fd32  max 4.081e-02s  avg 4.081e-02s  min 4.081e-02s  dev 0.000e+00s
DFFT  f1dx  max 1.004e-02s  avg 1.004e-02s  min 1.004e-02s  dev 0.000e+00s
DFFT  fd23  max 4.131e-02s  avg 4.131e-02s  min 4.131e-02s  dev 0.000e+00s
DFFT  fd32  max 2.293e-02s  avg 2.293e-02s  min 2.293e-02s  dev 0.000e+00s
DFFT  f1dy  max 1.028e-02s  avg 1.028e-02s  min 1.028e-02s  dev 0.000e+00s
DFFT  fd23  max 2.806e-02s  avg 2.806e-02s  min 2.806e-02s  dev 0.000e+00s
DFFT  fd32  max 1.908e-02s  avg 1.908e-02s  min 1.908e-02s  dev 0.000e+00s
DFFT  f1dz  max 1.006e-02s  avg 1.006e-02s  min 1.006e-02s  dev 0.000e+00s
DFFT fdist  max 1.522e-01s  avg 1.522e-01s  min 1.522e-01s  dev 0.000e+00s
DFFT fdfft  max 3.039e-02s  avg 3.039e-02s  min 3.039e-02s  dev 0.000e+00s
FORWARD     max 1.828e-01s  avg 1.828e-01s  min 1.828e-01s  dev 0.000e+00s

k-space:
real in [1.000000e+00,1.000000e+00] = [3ff0000000000000,3ff0000000000000]
imag in [0.000000e+00,0.000000e+00] = [0,0]

DFFT  b1dz  max 1.007e-02s  avg 1.007e-02s  min 1.007e-02s  dev 0.000e+00s
DFFT  bd23  max 1.875e-02s  avg 1.875e-02s  min 1.875e-02s  dev 0.000e+00s
DFFT  bd32  max 2.288e-02s  avg 2.288e-02s  min 2.288e-02s  dev 0.000e+00s
DFFT  b1dy  max 1.017e-02s  avg 1.017e-02s  min 1.017e-02s  dev 0.000e+00s
DFFT  bd23  max 2.657e-02s  avg 2.657e-02s  min 2.657e-02s  dev 0.000e+00s
DFFT  bd32  max 4.360e-02s  avg 4.360e-02s  min 4.360e-02s  dev 0.000e+00s
DFFT  b1dx  max 1.018e-02s  avg 1.018e-02s  min 1.018e-02s  dev 0.000e+00s
DFFT  bd23  max 4.198e-02s  avg 4.198e-02s  min 4.198e-02s  dev 0.000e+00s
DFFT bdist  max 1.538e-01s  avg 1.538e-01s  min 1.538e-01s  dev 0.000e+00s
DFFT bdfft  max 3.042e-02s  avg 3.042e-02s  min 3.042e-02s  dev 0.000e+00s
BACKWARD    max 1.844e-01s  avg 1.844e-01s  min 1.844e-01s  dev 0.000e+00s

r-space:
a[0,0,0] = (2097152.000000,0.000000) = (4140000000000000,0)
real in [0.000000e+00,0.000000e+00] = [0,0]
imag in [0.000000e+00,0.000000e+00] = [0,0]

[PI-INFO] Paramount Iteration,0,13,5.649774,0.382780

TESTING d

DFFT  fd32  max 4.007e-02s  avg 4.007e-02s  min 4.007e-02s  dev 0.000e+00s
DFFT  f1dx  max 9.932e-03s  avg 9.932e-03s  min 9.932e-03s  dev 0.000e+00s
DFFT  fd23  max 4.132e-02s  avg 4.132e-02s  min 4.132e-02s  dev 0.000e+00s
DFFT  fd32  max 2.269e-02s  avg 2.269e-02s  min 2.269e-02s  dev 0.000e+00s
DFFT  f1dy  max 1.028e-02s  avg 1.028e-02s  min 1.028e-02s  dev 0.000e+00s
DFFT  fd23  max 2.636e-02s  avg 2.636e-02s  min 2.636e-02s  dev 0.000e+00s
DFFT  fd32  max 1.907e-02s  avg 1.907e-02s  min 1.907e-02s  dev 0.000e+00s
DFFT  f1dz  max 1.010e-02s  avg 1.010e-02s  min 1.010e-02s  dev 0.000e+00s
DFFT fdist  max 1.495e-01s  avg 1.495e-01s  min 1.495e-01s  dev 0.000e+00s
DFFT fdfft  max 3.031e-02s  avg 3.031e-02s  min 3.031e-02s  dev 0.000e+00s
FORWARD     max 1.801e-01s  avg 1.801e-01s  min 1.801e-01s  dev 0.000e+00s

k-space:
real in [1.000000e+00,1.000000e+00] = [3ff0000000000000,3ff0000000000000]
imag in [0.000000e+00,0.000000e+00] = [0,0]

DFFT  b1dz  max 1.015e-02s  avg 1.015e-02s  min 1.015e-02s  dev 0.000e+00s
DFFT  bd23  max 1.886e-02s  avg 1.886e-02s  min 1.886e-02s  dev 0.000e+00s
DFFT  bd32  max 2.282e-02s  avg 2.282e-02s  min 2.282e-02s  dev 0.000e+00s
DFFT  b1dy  max 1.004e-02s  avg 1.004e-02s  min 1.004e-02s  dev 0.000e+00s
DFFT  bd23  max 2.651e-02s  avg 2.651e-02s  min 2.651e-02s  dev 0.000e+00s
DFFT  bd32  max 4.349e-02s  avg 4.349e-02s  min 4.349e-02s  dev 0.000e+00s
DFFT  b1dx  max 1.016e-02s  avg 1.016e-02s  min 1.016e-02s  dev 0.000e+00s
DFFT  bd23  max 4.197e-02s  avg 4.197e-02s  min 4.197e-02s  dev 0.000e+00s
DFFT bdist  max 1.537e-01s  avg 1.537e-01s  min 1.537e-01s  dev 0.000e+00s
DFFT bdfft  max 3.035e-02s  avg 3.035e-02s  min 3.035e-02s  dev 0.000e+00s
BACKWARD    max 1.842e-01s  avg 1.842e-01s  min 1.842e-01s  dev 0.000e+00s

r-space:
a[0,0,0] = (2097152.000000,0.000000) = (4140000000000000,0)
real in [0.000000e+00,0.000000e+00] = [0,0]
imag in [0.000000e+00,0.000000e+00] = [0,0]

[PI-INFO] Paramount Iteration,0,14,6.029551,0.379777

TESTING e

DFFT  fd32  max 4.180e-02s  avg 4.180e-02s  min 4.180e-02s  dev 0.000e+00s
DFFT  f1dx  max 1.000e-02s  avg 1.000e-02s  min 1.000e-02s  dev 0.000e+00s
DFFT  fd23  max 4.144e-02s  avg 4.144e-02s  min 4.144e-02s  dev 0.000e+00s
DFFT  fd32  max 2.271e-02s  avg 2.271e-02s  min 2.271e-02s  dev 0.000e+00s
DFFT  f1dy  max 1.016e-02s  avg 1.016e-02s  min 1.016e-02s  dev 0.000e+00s
DFFT  fd23  max 2.636e-02s  avg 2.636e-02s  min 2.636e-02s  dev 0.000e+00s
DFFT  fd32  max 1.925e-02s  avg 1.925e-02s  min 1.925e-02s  dev 0.000e+00s
DFFT  f1dz  max 9.972e-03s  avg 9.972e-03s  min 9.972e-03s  dev 0.000e+00s
DFFT fdist  max 1.516e-01s  avg 1.516e-01s  min 1.516e-01s  dev 0.000e+00s
DFFT fdfft  max 3.013e-02s  avg 3.013e-02s  min 3.013e-02s  dev 0.000e+00s
FORWARD     max 1.819e-01s  avg 1.819e-01s  min 1.819e-01s  dev 0.000e+00s

k-space:
real in [1.000000e+00,1.000000e+00] = [3ff0000000000000,3ff0000000000000]
imag in [0.000000e+00,0.000000e+00] = [0,0]

DFFT  b1dz  max 1.001e-02s  avg 1.001e-02s  min 1.001e-02s  dev 0.000e+00s
DFFT  bd23  max 1.856e-02s  avg 1.856e-02s  min 1.856e-02s  dev 0.000e+00s
DFFT  bd32  max 2.268e-02s  avg 2.268e-02s  min 2.268e-02s  dev 0.000e+00s
DFFT  b1dy  max 1.013e-02s  avg 1.013e-02s  min 1.013e-02s  dev 0.000e+00s
DFFT  bd23  max 2.654e-02s  avg 2.654e-02s  min 2.654e-02s  dev 0.000e+00s
DFFT  bd32  max 4.360e-02s  avg 4.360e-02s  min 4.360e-02s  dev 0.000e+00s
DFFT  b1dx  max 1.023e-02s  avg 1.023e-02s  min 1.023e-02s  dev 0.000e+00s
DFFT  bd23  max 4.213e-02s  avg 4.213e-02s  min 4.213e-02s  dev 0.000e+00s
DFFT bdist  max 1.535e-01s  avg 1.535e-01s  min 1.535e-01s  dev 0.000e+00s
DFFT bdfft  max 3.037e-02s  avg 3.037e-02s  min 3.037e-02s  dev 0.000e+00s
BACKWARD    max 1.841e-01s  avg 1.841e-01s  min 1.841e-01s  dev 0.000e+00s

r-space:
a[0,0,0] = (2097152.000000,0.000000) = (4140000000000000,0)
real in [0.000000e+00,0.000000e+00] = [0,0]
imag in [0.000000e+00,0.000000e+00] = [0,0]

[PI-INFO] Paramount Iteration,0,15,6.411056,0.381505
[PI-INFO] PI avg,0,0.382938,15
[PI-INFO] Beta,0,0.000001
[PI-INFO] Total time,6.411061
--------------------------------------------------------------------------
mpirun has exited due to process rank 0 with PID 0 on
node ip-172-31-9-166 exiting improperly. There are three reasons this could occur:

1. this process did not call "init" before exiting, but others in
the job did. This can cause a job to hang indefinitely while it waits
for all processes to call "init". By rule, if one process calls "init",
then ALL processes must call "init" prior to termination.

2. this process called "init", but exited without calling "finalize".
By rule, all processes that call "init" MUST call "finalize" prior to
exiting or it will be considered an "abnormal termination"

3. this process called "MPI_Abort" or "orte_abort" and the mca parameter
orte_create_session_dirs is set to false. In this case, the run-time cannot
detect that the abort call was an abnormal termination. Hence, the only
error message you will receive is this one.

This may have caused other processes in the application to be
terminated by signals sent by mpirun (as reported here).

You can avoid this message by specifying -quiet on the mpirun command line.
--------------------------------------------------------------------------
Command exited with non-zero status 1
	Command being timed: "mpirun --hostfile /home/ubuntu/PI-Bench/ECP-Proxy-Apps/hostfile -n 1 ./build/TestDfft 1000 128"
	User time (seconds): 6.29
	System time (seconds): 0.08
	Percent of CPU this job got: 75%
	Elapsed (wall clock) time (h:mm:ss or m:ss): 0:08.47
	Average shared text size (kbytes): 0
	Average unshared data size (kbytes): 0
	Average stack size (kbytes): 0
	Average total size (kbytes): 0
	Maximum resident set size (kbytes): 146500
	Average resident set size (kbytes): 0
	Major (requiring I/O) page faults: 4
	Minor (reclaiming a frame) page faults: 37457
	Voluntary context switches: 1042
	Involuntary context switches: 81
	Swaps: 0
	File system inputs: 0
	File system outputs: 16480
	Socket messages sent: 0
	Socket messages received: 0
	Signals delivered: 0
	Page size (bytes): 4096
	Exit status: 1
