--------------------------------------------------------------------------
[[60932,1],0]: A high-performance Open MPI point-to-point messaging module
was unable to find any relevant network interfaces:

Module: OpenFabrics (openib)
  Host: ip-172-31-15-84

Another transport will be used instead, although this may result in
lower performance.

NOTE: You can disable this warning by setting the MCA parameter
btl_base_warn_component_unused to 0.
--------------------------------------------------------------------------
 ERROR: Code compiled for a max of          10  processors.
 Recompile with LP =          16  or run with fewer processors.
 Aborting in routine INIPROC.
 ERROR: Code compiled for a max of          10  processors.
 Recompile with LP =          16  or run with fewer processors.
 Aborting in routine INIPROC.
 ERROR: Code compiled for a max of          10  processors.
 Recompile with LP =          16  or run with fewer processors.
 Aborting in routine INIPROC.
 ERROR: Code compiled for a max of          10  processors.
 Recompile with LP =          16  or run with fewer processors.
 Aborting in routine INIPROC.
 ERROR: Code compiled for a max of          10  processors.
 Recompile with LP =          16  or run with fewer processors.
 Aborting in routine INIPROC.
 ERROR: Code compiled for a max of          10  processors.
 Recompile with LP =          16  or run with fewer processors.
 Aborting in routine INIPROC.
 ERROR: Code compiled for a max of          10  processors.
 Recompile with LP =          16  or run with fewer processors.
 Aborting in routine INIPROC.
 ERROR: Code compiled for a max of          10  processors.
 Recompile with LP =          16  or run with fewer processors.
 Aborting in routine INIPROC.
 ERROR: Code compiled for a max of          10  processors.
 Recompile with LP =          16  or run with fewer processors.
 Aborting in routine INIPROC.
 ERROR: Code compiled for a max of          10  processors.
 Recompile with LP =          16  or run with fewer processors.
 Aborting in routine INIPROC.
 ERROR: Code compiled for a max of          10  processors.
 Recompile with LP =          16  or run with fewer processors.
 Aborting in routine INIPROC.
 ERROR: Code compiled for a max of          10  processors.
 Recompile with LP =          16  or run with fewer processors.
 Aborting in routine INIPROC.
 ERROR: Code compiled for a max of          10  processors.
 Recompile with LP =          16  or run with fewer processors.
 Aborting in routine INIPROC.
 ERROR: Code compiled for a max of          10  processors.
 Recompile with LP =          16  or run with fewer processors.
 Aborting in routine INIPROC.
 ERROR: Code compiled for a max of          10  processors.
 Recompile with LP =          16  or run with fewer processors.
 Aborting in routine INIPROC.
 ERROR: Code compiled for a max of          10  processors.
 Recompile with LP =          16  or run with fewer processors.
 Aborting in routine INIPROC.
  
call exitt: dying ...
  
  
total elapsed time             :   0.00000E+00 sec


Program received signal SIGFPE: Floating-point exception - erroneous arithmetic operation.

Backtrace for this error:

Program received signal SIGFPE: Floating-point exception - erroneous arithmetic operation.

Backtrace for this error:

Program received signal SIGFPE: Floating-point exception - erroneous arithmetic operation.

Backtrace for this error:

Program received signal SIGFPE: Floating-point exception - erroneous arithmetic operation.

Backtrace for this error:

Program received signal SIGFPE: Floating-point exception - erroneous arithmetic operation.

Backtrace for this error:

Program received signal SIGFPE: Floating-point exception - erroneous arithmetic operation.

Backtrace for this error:

Program received signal SIGFPE: Floating-point exception - erroneous arithmetic operation.

Backtrace for this error:

Program received signal SIGFPE: Floating-point exception - erroneous arithmetic operation.

Backtrace for this error:

Program received signal SIGFPE: Floating-point exception - erroneous arithmetic operation.

Backtrace for this error:

Program received signal SIGFPE: Floating-point exception - erroneous arithmetic operation.

Backtrace for this error:

Program received signal SIGFPE: Floating-point exception - erroneous arithmetic operation.

Backtrace for this error:

Program received signal SIGFPE: Floating-point exception - erroneous arithmetic operation.

Backtrace for this error:

Program received signal SIGFPE: Floating-point exception - erroneous arithmetic operation.

Backtrace for this error:

Program received signal SIGFPE: Floating-point exception - erroneous arithmetic operation.

Backtrace for this error:

Program received signal SIGFPE: Floating-point exception - erroneous arithmetic operation.

Backtrace for this error:

Program received signal SIGFPE: Floating-point exception - erroneous arithmetic operation.

Backtrace for this error:
#0  0x7f56ac32832a
#1  0x7f56ac327503
#2  0x7f56ab9a503f
#3  0x55aa4c9f0371
#4  0x55aa4c9f2209
#5  0x55aa4c9e29d3
#6  0x55aa4c9df68e
#7  0x7f56ab987bf6
#8  0x55aa4c9df6c9
#9  0xffffffffffffffff
#0  0x7fe63440732a
#1  0x7fe634406503
#2  0x7fe633a8403f
#3  0x55d941710371
#4  0x55d941712209
#5  0x55d9417029d3
#6  0x55d9416ff68e
#7  0x7fe633a66bf6
#8  0x55d9416ff6c9
#9  0xffffffffffffffff
#0  0x7fc87ab3b32a
#1  0x7fc87ab3a503
#2  0x7fc87a1b803f
#3  0x55a0d9a8b371
#4  0x55a0d9a8d209
#5  0x55a0d9a7d9d3
#6  0x55a0d9a7a68e
#7  0x7fc87a19abf6
#8  0x55a0d9a7a6c9
#9  0xffffffffffffffff
#0  0x7f3bcd5ab32a
#1  0x7f3bcd5aa503
#2  0x7f3bccc2803f
#3  0x55db92ba0371
#4  0x55db92ba2209
#5  0x55db92b929d3
#6  0x55db92b8f68e
#7  0x7f3bccc0abf6
#8  0x55db92b8f6c9
#9  0xffffffffffffffff
#0  0x7f20840f832a
#1  0x7f20840f7503
#2  0x7f208377503f
#3  0x56554199d371
#4  0x56554199f209
#5  0x56554198f9d3
#6  0x56554198c68e
#7  0x7f2083757bf6
#8  0x56554198c6c9
#9  0xffffffffffffffff
#0  0x7f0e9766232a
#1  0x7f0e97661503
#2  0x7f0e96cdf03f
#3  0x559d884a8371
#4  0x559d884aa209
#5  0x559d8849a9d3
#6  0x559d8849768e
#7  0x7f0e96cc1bf6
#8  0x559d884976c9
#9  0xffffffffffffffff
#0  0x7f7e92ea132a
#1  0x7f7e92ea0503
#2  0x7f7e9251e03f
#3  0x561a058fb371
#4  0x561a058fd209
#5  0x561a058ed9d3
#6  0x561a058ea68e
#7  0x7f7e92500bf6
#8  0x561a058ea6c9
#9  0xffffffffffffffff
#0  0x7f34dd3f132a
#1  0x7f34dd3f0503
#2  0x7f34dca6e03f
#3  0x5572734a9371
#4  0x5572734ab209
#5  0x55727349b9d3
#6  0x55727349868e
#7  0x7f34dca50bf6
#8  0x5572734986c9
#9  0xffffffffffffffff
#0  0x7f1d2ac1a32a
#1  0x7f1d2ac19503
#2  0x7f1d2a29703f
#3  0x556ceaa5d371
#4  0x556ceaa5f209
#5  0x556ceaa4f9d3
#6  0x556ceaa4c68e
#7  0x7f1d2a279bf6
#8  0x556ceaa4c6c9
#9  0xffffffffffffffff
#0  0x7f36cebf432a
#1  0x7f36cebf3503
#2  0x7f36ce27103f
#3  0x5632bfce3371
#4  0x5632bfce5209
#5  0x5632bfcd59d3
#6  0x5632bfcd268e
#7  0x7f36ce253bf6
#8  0x5632bfcd26c9
#9  0xffffffffffffffff
#0  0x7fcb9d2c632a
#1  0x7fcb9d2c5503
#2  0x7fcb9c94303f
#3  0x555b50ccf371
#4  0x555b50cd1209
#5  0x555b50cc19d3
#6  0x555b50cbe68e
#7  0x7fcb9c925bf6
#8  0x555b50cbe6c9
#9  0xffffffffffffffff
#0  0x7f1dd3ab232a
#1  0x7f1dd3ab1503
#2  0x7f1dd312f03f
#3  0x561c7d266371
#4  0x561c7d268209
#5  0x561c7d2589d3
#6  0x561c7d25568e
#7  0x7f1dd3111bf6
#8  0x561c7d2556c9
#9  0xffffffffffffffff
#0  0x7f3f67e4632a
#1  0x7f3f67e45503
#2  0x7f3f674c303f
#3  0x55bd9eea9371
#4  0x55bd9eeab209
#5  0x55bd9ee9b9d3
#6  0x55bd9ee9868e
#7  0x7f3f674a5bf6
#8  0x55bd9ee986c9
#9  0xffffffffffffffff
#0  0x7f2553ddc32a
#1  0x7f2553ddb503
#2  0x7f255345903f
#3  0x55d00aa60371
#4  0x55d00aa62209
#5  0x55d00aa529d3
#6  0x55d00aa4f68e
#7  0x7f255343bbf6
#8  0x55d00aa4f6c9
#9  0xffffffffffffffff
#0  0x7f2fd400132a
#1  0x7f2fd4000503
#2  0x7f2fd367e03f
#3  0x563120b31371
#4  0x563120b33209
#5  0x563120b239d3
#6  0x563120b2068e
#7  0x7f2fd3660bf6
#8  0x563120b206c9
#9  0xffffffffffffffff
#0  0x7f85d9aa132a
#1  0x7f85d9aa0503
#2  0x7f85d911e03f
#3  0x5557a2e40371
#4  0x5557a2e42209
#5  0x5557a2e329d3
#6  0x5557a2e2f68e
#7  0x7f85d9100bf6
#8  0x5557a2e2f6c9
#9  0xffffffffffffffff
--------------------------------------------------------------------------
mpirun noticed that process rank 2 with PID 27426 on node 172.31.2.248 exited on signal 8 (Floating point exception).
--------------------------------------------------------------------------
[ip-172-31-15-84:20169] 15 more processes have sent help message help-mpi-btl-base.txt / btl:no-nics
[ip-172-31-15-84:20169] Set MCA parameter "orte_base_help_aggregate" to 0 to see all help / error messages
Command exited with non-zero status 136
	Command being timed: "mpirun --hostfile /home/ubuntu/PI-Bench/ECP-Proxy-Apps/hostfile -n 16 ./nekbone"
	User time (seconds): 0.06
	System time (seconds): 0.04
	Percent of CPU this job got: 5%
	Elapsed (wall clock) time (h:mm:ss or m:ss): 0:01.98
	Average shared text size (kbytes): 0
	Average unshared data size (kbytes): 0
	Average stack size (kbytes): 0
	Average total size (kbytes): 0
	Maximum resident set size (kbytes): 19084
	Average resident set size (kbytes): 0
	Major (requiring I/O) page faults: 4
	Minor (reclaiming a frame) page faults: 5706
	Voluntary context switches: 944
	Involuntary context switches: 34
	Swaps: 0
	File system inputs: 0
	File system outputs: 16432
	Socket messages sent: 0
	Socket messages received: 0
	Signals delivered: 0
	Page size (bytes): 4096
	Exit status: 136
