--------------------------------------------------------------------------
[[25354,1],0]: A high-performance Open MPI point-to-point messaging module
was unable to find any relevant network interfaces:

Module: OpenFabrics (openib)
  Host: ip-172-31-1-12

Another transport will be used instead, although this may result in
lower performance.

NOTE: You can disable this warning by setting the MCA parameter
btl_base_warn_component_unused to 0.
--------------------------------------------------------------------------
Initializing redistribution using a pencil layout on 4 ranks.
distribution 1D: [4:1:1]
distribution 3D: [2:2:1]
distribution 2z: [2:2:1]
distribution 2x: [1:2:2]
distribution 2y: [2:1:2]
DFFT  init  max 1.623e-01s  avg 1.547e-01s  min 1.410e-01s  dev 8.092e-03s

Hex representations of double precision floats
0.000000e+00 = 0
1.000000e+00 = 3ff0000000000000
2097152.000000 = 4140000000000000

[PI-INFO] Init time,0,0.307362

TESTING 0

[PI-INFO] Init time,2,0.299134
[PI-INFO] Init time,3,0.298826
[PI-INFO] Init time,1,0.298489
DFFT  fd32  max 2.287e-02s  avg 1.985e-02s  min 1.714e-02s  dev 2.703e-03s
DFFT  f1dx  max 2.546e-03s  avg 2.437e-03s  min 2.265e-03s  dev 1.109e-04s
DFFT  fd23  max 1.868e-02s  avg 1.643e-02s  min 1.398e-02s  dev 2.249e-03s
DFFT  fd32  max 1.270e-02s  avg 1.087e-02s  min 8.859e-03s  dev 1.571e-03s
DFFT  f1dy  max 2.597e-03s  avg 2.495e-03s  min 2.396e-03s  dev 8.721e-05s
DFFT  fd23  max 1.380e-02s  avg 1.194e-02s  min 1.002e-02s  dev 1.689e-03s
DFFT  fd32  max 7.993e-03s  avg 7.770e-03s  min 7.619e-03s  dev 1.451e-04s
DFFT  f1dz  max 2.529e-03s  avg 2.447e-03s  min 2.329e-03s  dev 7.612e-05s
DFFT fdist  max 7.485e-02s  avg 6.687e-02s  min 5.989e-02s  dev 5.369e-03s
DFFT fdfft  max 7.672e-03s  avg 7.379e-03s  min 6.991e-03s  dev 2.693e-04s
FORWARD     max 8.736e-02s  avg 8.732e-02s  min 8.729e-02s  dev 2.623e-05s

k-space:
real in [1.000000e+00,1.000000e+00] = [3ff0000000000000,3ff0000000000000]
imag in [0.000000e+00,0.000000e+00] = [0,0]

DFFT  b1dz  max 3.219e-03s  avg 2.617e-03s  min 2.330e-03s  dev 3.528e-04s
DFFT  bd23  max 4.822e-03s  avg 4.630e-03s  min 4.531e-03s  dev 1.136e-04s
DFFT  bd32  max 1.244e-02s  avg 1.074e-02s  min 8.925e-03s  dev 1.511e-03s
DFFT  b1dy  max 3.286e-03s  avg 2.682e-03s  min 2.423e-03s  dev 3.538e-04s
DFFT  bd23  max 1.375e-02s  avg 1.193e-02s  min 1.001e-02s  dev 1.686e-03s
DFFT  bd32  max 1.884e-02s  avg 1.586e-02s  min 1.289e-02s  dev 2.620e-03s
DFFT  b1dx  max 3.262e-03s  avg 2.667e-03s  min 2.359e-03s  dev 3.510e-04s
DFFT  bd23  max 1.912e-02s  avg 1.637e-02s  min 1.348e-02s  dev 2.569e-03s
DFFT bdist  max 6.687e-02s  avg 5.953e-02s  min 5.271e-02s  dev 5.239e-03s
DFFT bdfft  max 9.768e-03s  avg 7.966e-03s  min 7.133e-03s  dev 1.055e-03s
BACKWARD    max 8.241e-02s  avg 8.237e-02s  min 8.232e-02s  dev 3.326e-05s

r-space:
a[0,0,0] = (2097152.000000,0.000000) = (4140000000000000,0)
real in [0.000000e+00,0.000000e+00] = [0,0]
imag in [0.000000e+00,0.000000e+00] = [0,0]

[PI-INFO] Paramount Iteration,0,1,0.482197,0.174836

TESTING 1

[PI-INFO] Paramount Iteration,3,1,0.473590,0.174764
[PI-INFO] Paramount Iteration,2,1,0.473913,0.174780
[PI-INFO] Paramount Iteration,1,1,0.473296,0.174807
DFFT  fd32  max 1.804e-02s  avg 1.520e-02s  min 1.260e-02s  dev 2.548e-03s
DFFT  f1dx  max 2.579e-03s  avg 2.445e-03s  min 2.262e-03s  dev 1.151e-04s
DFFT  fd23  max 1.856e-02s  avg 1.632e-02s  min 1.390e-02s  dev 2.157e-03s
DFFT  fd32  max 1.262e-02s  avg 1.069e-02s  min 8.679e-03s  dev 1.574e-03s
DFFT  f1dy  max 2.568e-03s  avg 2.459e-03s  min 2.303e-03s  dev 1.066e-04s
DFFT  fd23  max 1.369e-02s  avg 1.169e-02s  min 9.536e-03s  dev 1.740e-03s
DFFT  fd32  max 4.798e-03s  avg 4.458e-03s  min 4.208e-03s  dev 2.524e-04s
DFFT  f1dz  max 2.507e-03s  avg 2.428e-03s  min 2.256e-03s  dev 1.020e-04s
DFFT fdist  max 6.584e-02s  avg 5.835e-02s  min 5.209e-02s  dev 4.925e-03s
DFFT fdfft  max 7.646e-03s  avg 7.332e-03s  min 6.821e-03s  dev 3.171e-04s
FORWARD     max 7.908e-02s  avg 7.902e-02s  min 7.899e-02s  dev 3.473e-05s

k-space:
real in [1.000000e+00,1.000000e+00] = [3ff0000000000000,3ff0000000000000]
imag in [0.000000e+00,0.000000e+00] = [0,0]

DFFT  b1dz  max 3.273e-03s  avg 2.593e-03s  min 2.149e-03s  dev 4.214e-04s
DFFT  bd23  max 4.691e-03s  avg 4.488e-03s  min 4.172e-03s  dev 1.942e-04s
DFFT  bd32  max 1.251e-02s  avg 1.061e-02s  min 8.642e-03s  dev 1.560e-03s
DFFT  b1dy  max 3.305e-03s  avg 2.631e-03s  min 2.227e-03s  dev 4.049e-04s
DFFT  bd23  max 1.365e-02s  avg 1.167e-02s  min 9.574e-03s  dev 1.699e-03s
DFFT  bd32  max 1.838e-02s  avg 1.573e-02s  min 1.276e-02s  dev 2.581e-03s
DFFT  b1dx  max 3.340e-03s  avg 2.668e-03s  min 2.322e-03s  dev 3.952e-04s
DFFT  bd23  max 1.926e-02s  avg 1.662e-02s  min 1.399e-02s  dev 2.482e-03s
DFFT bdist  max 6.674e-02s  avg 5.911e-02s  min 5.227e-02s  dev 5.180e-03s
DFFT bdfft  max 9.918e-03s  avg 7.893e-03s  min 6.698e-03s  dev 1.217e-03s
BACKWARD    max 8.194e-02s  avg 8.192e-02s  min 8.186e-02s  dev 3.468e-05s

r-space:
a[0,0,0] = (2097152.000000,0.000000) = (4140000000000000,0)
real in [0.000000e+00,0.000000e+00] = [0,0]
imag in [0.000000e+00,0.000000e+00] = [0,0]

[PI-INFO] Paramount Iteration,0,2,0.648080,0.165883

TESTING 2

[PI-INFO] Paramount Iteration,3,2,0.639486,0.165896
[PI-INFO] Paramount Iteration,2,2,0.639815,0.165902
[PI-INFO] Paramount Iteration,1,2,0.639179,0.165883
DFFT  fd32  max 1.857e-02s  avg 1.551e-02s  min 1.281e-02s  dev 2.615e-03s
DFFT  f1dx  max 2.535e-03s  avg 2.431e-03s  min 2.268e-03s  dev 1.021e-04s
DFFT  fd23  max 1.839e-02s  avg 1.627e-02s  min 1.416e-02s  dev 2.097e-03s
DFFT  fd32  max 1.269e-02s  avg 1.070e-02s  min 8.678e-03s  dev 1.613e-03s
DFFT  f1dy  max 2.547e-03s  avg 2.457e-03s  min 2.307e-03s  dev 9.872e-05s
DFFT  fd23  max 1.383e-02s  avg 1.177e-02s  min 9.687e-03s  dev 1.737e-03s
DFFT  fd32  max 4.689e-03s  avg 4.430e-03s  min 4.199e-03s  dev 1.743e-04s
DFFT  f1dz  max 2.532e-03s  avg 2.463e-03s  min 2.346e-03s  dev 7.010e-05s
DFFT fdist  max 6.622e-02s  avg 5.868e-02s  min 5.199e-02s  dev 5.051e-03s
DFFT fdfft  max 7.611e-03s  avg 7.351e-03s  min 6.921e-03s  dev 2.683e-04s
FORWARD     max 7.940e-02s  avg 7.936e-02s  min 7.931e-02s  dev 4.148e-05s

k-space:
real in [1.000000e+00,1.000000e+00] = [3ff0000000000000,3ff0000000000000]
imag in [0.000000e+00,0.000000e+00] = [0,0]

DFFT  b1dz  max 3.323e-03s  avg 2.590e-03s  min 2.187e-03s  dev 4.359e-04s
DFFT  bd23  max 4.728e-03s  avg 4.542e-03s  min 4.393e-03s  dev 1.202e-04s
DFFT  bd32  max 1.261e-02s  avg 1.064e-02s  min 8.669e-03s  dev 1.595e-03s
DFFT  b1dy  max 3.321e-03s  avg 2.638e-03s  min 2.275e-03s  dev 4.067e-04s
DFFT  bd23  max 1.377e-02s  avg 1.164e-02s  min 9.458e-03s  dev 1.760e-03s
DFFT  bd32  max 1.869e-02s  avg 1.592e-02s  min 1.345e-02s  dev 2.467e-03s
DFFT  b1dx  max 3.307e-03s  avg 2.660e-03s  min 2.260e-03s  dev 3.921e-04s
DFFT  bd23  max 1.915e-02s  avg 1.645e-02s  min 1.417e-02s  dev 2.103e-03s
DFFT bdist  max 6.699e-02s  avg 5.919e-02s  min 5.232e-02s  dev 5.211e-03s
DFFT bdfft  max 9.952e-03s  avg 7.888e-03s  min 6.723e-03s  dev 1.228e-03s
BACKWARD    max 8.244e-02s  avg 8.242e-02s  min 8.240e-02s  dev 1.515e-05s

r-space:
a[0,0,0] = (2097152.000000,0.000000) = (4140000000000000,0)
real in [0.000000e+00,0.000000e+00] = [0,0]
imag in [0.000000e+00,0.000000e+00] = [0,0]

[PI-INFO] Paramount Iteration,0,3,0.814817,0.166737

TESTING 3

[PI-INFO] Paramount Iteration,2,3,0.806533,0.166718
[PI-INFO] Paramount Iteration,3,3,0.806205,0.166719
[PI-INFO] Paramount Iteration,1,3,0.805900,0.166721
DFFT  fd32  max 1.906e-02s  avg 1.584e-02s  min 1.309e-02s  dev 2.528e-03s
DFFT  f1dx  max 2.566e-03s  avg 2.463e-03s  min 2.328e-03s  dev 9.232e-05s
DFFT  fd23  max 1.925e-02s  avg 1.603e-02s  min 1.359e-02s  dev 2.397e-03s
DFFT  fd32  max 1.279e-02s  avg 1.072e-02s  min 8.563e-03s  dev 1.652e-03s
DFFT  f1dy  max 2.590e-03s  avg 2.486e-03s  min 2.331e-03s  dev 9.980e-05s
DFFT  fd23  max 1.389e-02s  avg 1.171e-02s  min 9.436e-03s  dev 1.828e-03s
DFFT  fd32  max 4.832e-03s  avg 4.459e-03s  min 4.143e-03s  dev 2.467e-04s
DFFT  f1dz  max 2.535e-03s  avg 2.442e-03s  min 2.313e-03s  dev 8.087e-05s
DFFT fdist  max 6.761e-02s  avg 5.876e-02s  min 5.199e-02s  dev 5.639e-03s
DFFT fdfft  max 7.691e-03s  avg 7.391e-03s  min 6.971e-03s  dev 2.702e-04s
FORWARD     max 8.123e-02s  avg 8.109e-02s  min 8.102e-02s  dev 8.130e-05s

k-space:
real in [1.000000e+00,1.000000e+00] = [3ff0000000000000,3ff0000000000000]
imag in [0.000000e+00,0.000000e+00] = [0,0]

DFFT  b1dz  max 3.336e-03s  avg 2.602e-03s  min 2.168e-03s  dev 4.416e-04s
DFFT  bd23  max 4.827e-03s  avg 4.567e-03s  min 4.328e-03s  dev 1.811e-04s
DFFT  bd32  max 1.266e-02s  avg 1.072e-02s  min 8.698e-03s  dev 1.604e-03s
DFFT  b1dy  max 3.268e-03s  avg 2.637e-03s  min 2.242e-03s  dev 3.825e-04s
DFFT  bd23  max 1.407e-02s  avg 1.187e-02s  min 9.559e-03s  dev 1.832e-03s
DFFT  bd32  max 1.917e-02s  avg 1.586e-02s  min 1.341e-02s  dev 2.435e-03s
DFFT  b1dx  max 3.306e-03s  avg 2.633e-03s  min 2.163e-03s  dev 4.173e-04s
DFFT  bd23  max 1.993e-02s  avg 1.650e-02s  min 1.400e-02s  dev 2.457e-03s
DFFT bdist  max 6.877e-02s  avg 5.952e-02s  min 5.255e-02s  dev 5.878e-03s
DFFT bdfft  max 9.910e-03s  avg 7.872e-03s  min 6.572e-03s  dev 1.238e-03s
BACKWARD    max 8.413e-02s  avg 8.411e-02s  min 8.408e-02s  dev 1.958e-05s

r-space:
a[0,0,0] = (2097152.000000,0.000000) = (4140000000000000,0)
real in [0.000000e+00,0.000000e+00] = [0,0]
imag in [0.000000e+00,0.000000e+00] = [0,0]

[PI-INFO] Paramount Iteration,0,4,0.985017,0.170200

TESTING 4

[PI-INFO] Paramount Iteration,3,4,0.976396,0.170191
[PI-INFO] Paramount Iteration,2,4,0.976730,0.170197
[PI-INFO] Paramount Iteration,1,4,0.976095,0.170195
DFFT  fd32  max 1.902e-02s  avg 1.576e-02s  min 1.306e-02s  dev 2.515e-03s
DFFT  f1dx  max 2.608e-03s  avg 2.460e-03s  min 2.249e-03s  dev 1.321e-04s
DFFT  fd23  max 1.902e-02s  avg 1.610e-02s  min 1.370e-02s  dev 2.257e-03s
DFFT  fd32  max 1.272e-02s  avg 1.080e-02s  min 8.773e-03s  dev 1.603e-03s
DFFT  f1dy  max 2.602e-03s  avg 2.461e-03s  min 2.292e-03s  dev 1.134e-04s
DFFT  fd23  max 1.374e-02s  avg 1.167e-02s  min 9.446e-03s  dev 1.778e-03s
DFFT  fd32  max 4.807e-03s  avg 4.561e-03s  min 4.322e-03s  dev 1.997e-04s
DFFT  f1dz  max 2.536e-03s  avg 2.480e-03s  min 2.424e-03s  dev 5.524e-05s
DFFT fdist  max 6.777e-02s  avg 5.889e-02s  min 5.218e-02s  dev 5.620e-03s
DFFT fdfft  max 7.746e-03s  avg 7.401e-03s  min 6.965e-03s  dev 2.922e-04s
FORWARD     max 8.074e-02s  avg 8.065e-02s  min 8.060e-02s  dev 5.504e-05s

k-space:
real in [1.000000e+00,1.000000e+00] = [3ff0000000000000,3ff0000000000000]
imag in [0.000000e+00,0.000000e+00] = [0,0]

DFFT  b1dz  max 3.263e-03s  avg 2.638e-03s  min 2.353e-03s  dev 3.680e-04s
DFFT  bd23  max 4.849e-03s  avg 4.626e-03s  min 4.532e-03s  dev 1.299e-04s
DFFT  bd32  max 1.247e-02s  avg 1.086e-02s  min 9.146e-03s  dev 1.526e-03s
DFFT  b1dy  max 3.274e-03s  avg 2.644e-03s  min 2.344e-03s  dev 3.691e-04s
DFFT  bd23  max 1.371e-02s  avg 1.199e-02s  min 1.022e-02s  dev 1.690e-03s
DFFT  bd32  max 1.880e-02s  avg 1.615e-02s  min 1.324e-02s  dev 2.645e-03s
DFFT  b1dx  max 3.285e-03s  avg 2.630e-03s  min 2.243e-03s  dev 3.926e-04s
DFFT  bd23  max 1.885e-02s  avg 1.629e-02s  min 1.417e-02s  dev 2.075e-03s
DFFT bdist  max 6.813e-02s  avg 5.992e-02s  min 5.271e-02s  dev 5.533e-03s
DFFT bdfft  max 9.822e-03s  avg 7.912e-03s  min 6.977e-03s  dev 1.124e-03s
BACKWARD    max 8.206e-02s  avg 8.204e-02s  min 8.201e-02s  dev 1.958e-05s

r-space:
a[0,0,0] = (2097152.000000,0.000000) = (4140000000000000,0)
real in [0.000000e+00,0.000000e+00] = [0,0]
imag in [0.000000e+00,0.000000e+00] = [0,0]

[PI-INFO] Paramount Iteration,0,5,1.152678,0.167661

TESTING 5

[PI-INFO] Paramount Iteration,3,5,1.144099,0.167703
[PI-INFO] Paramount Iteration,2,5,1.144422,0.167692
[PI-INFO] Paramount Iteration,1,5,1.143771,0.167676
DFFT  fd32  max 1.790e-02s  avg 1.532e-02s  min 1.268e-02s  dev 2.442e-03s
DFFT  f1dx  max 2.512e-03s  avg 2.440e-03s  min 2.360e-03s  dev 6.333e-05s
DFFT  fd23  max 1.819e-02s  avg 1.579e-02s  min 1.356e-02s  dev 2.077e-03s
DFFT  fd32  max 1.257e-02s  avg 1.070e-02s  min 8.759e-03s  dev 1.538e-03s
DFFT  f1dy  max 2.532e-03s  avg 2.449e-03s  min 2.324e-03s  dev 7.932e-05s
DFFT  fd23  max 1.376e-02s  avg 1.171e-02s  min 9.638e-03s  dev 1.719e-03s
DFFT  fd32  max 4.701e-03s  avg 4.463e-03s  min 4.312e-03s  dev 1.444e-04s
DFFT  f1dz  max 2.565e-03s  avg 2.443e-03s  min 2.310e-03s  dev 9.551e-05s
DFFT fdist  max 6.531e-02s  avg 5.798e-02s  min 5.180e-02s  dev 4.819e-03s
DFFT fdfft  max 7.608e-03s  avg 7.332e-03s  min 6.994e-03s  dev 2.355e-04s
FORWARD     max 7.839e-02s  avg 7.827e-02s  min 7.823e-02s  dev 6.786e-05s

k-space:
real in [1.000000e+00,1.000000e+00] = [3ff0000000000000,3ff0000000000000]
imag in [0.000000e+00,0.000000e+00] = [0,0]

DFFT  b1dz  max 3.187e-03s  avg 2.609e-03s  min 2.290e-03s  dev 3.425e-04s
DFFT  bd23  max 4.749e-03s  avg 4.585e-03s  min 4.451e-03s  dev 1.095e-04s
DFFT  bd32  max 1.272e-02s  avg 1.092e-02s  min 8.965e-03s  dev 1.596e-03s
DFFT  b1dy  max 3.221e-03s  avg 2.633e-03s  min 2.350e-03s  dev 3.446e-04s
DFFT  bd23  max 1.384e-02s  avg 1.173e-02s  min 9.535e-03s  dev 1.796e-03s
DFFT  bd32  max 1.890e-02s  avg 1.604e-02s  min 1.326e-02s  dev 2.662e-03s
DFFT  b1dx  max 3.284e-03s  avg 2.701e-03s  min 2.455e-03s  dev 3.377e-04s
DFFT  bd23  max 1.963e-02s  avg 1.646e-02s  min 1.413e-02s  dev 2.410e-03s
DFFT bdist  max 6.850e-02s  avg 5.974e-02s  min 5.257e-02s  dev 5.697e-03s
DFFT bdfft  max 9.692e-03s  avg 7.943e-03s  min 7.096e-03s  dev 1.023e-03s
BACKWARD    max 8.317e-02s  avg 8.315e-02s  min 8.314e-02s  dev 1.177e-05s

r-space:
a[0,0,0] = (2097152.000000,0.000000) = (4140000000000000,0)
real in [0.000000e+00,0.000000e+00] = [0,0]
imag in [0.000000e+00,0.000000e+00] = [0,0]

[PI-INFO] Paramount Iteration,0,6,1.319126,0.166448

TESTING 6

[PI-INFO] Paramount Iteration,3,6,1.310524,0.166425
[PI-INFO] Paramount Iteration,2,6,1.310876,0.166454
[PI-INFO] Paramount Iteration,1,6,1.310201,0.166430
DFFT  fd32  max 1.867e-02s  avg 1.539e-02s  min 1.262e-02s  dev 2.422e-03s
DFFT  f1dx  max 2.590e-03s  avg 2.459e-03s  min 2.242e-03s  dev 1.413e-04s
DFFT  fd23  max 1.879e-02s  avg 1.623e-02s  min 1.400e-02s  dev 2.020e-03s
DFFT  fd32  max 1.284e-02s  avg 1.084e-02s  min 8.816e-03s  dev 1.590e-03s
DFFT  f1dy  max 2.601e-03s  avg 2.512e-03s  min 2.416e-03s  dev 7.179e-05s
DFFT  fd23  max 1.405e-02s  avg 1.200e-02s  min 9.973e-03s  dev 1.758e-03s
DFFT  fd32  max 4.728e-03s  avg 4.482e-03s  min 4.359e-03s  dev 1.482e-04s
DFFT  f1dz  max 2.494e-03s  avg 2.462e-03s  min 2.425e-03s  dev 3.189e-05s
DFFT fdist  max 6.710e-02s  avg 5.893e-02s  min 5.229e-02s  dev 5.310e-03s
DFFT fdfft  max 7.674e-03s  avg 7.434e-03s  min 7.083e-03s  dev 2.418e-04s
FORWARD     max 8.063e-02s  avg 8.050e-02s  min 8.045e-02s  dev 7.189e-05s

k-space:
real in [1.000000e+00,1.000000e+00] = [3ff0000000000000,3ff0000000000000]
imag in [0.000000e+00,0.000000e+00] = [0,0]

DFFT  b1dz  max 3.264e-03s  avg 2.609e-03s  min 2.291e-03s  dev 3.856e-04s
DFFT  bd23  max 4.743e-03s  avg 4.583e-03s  min 4.499e-03s  dev 9.708e-05s
DFFT  bd32  max 1.285e-02s  avg 1.085e-02s  min 8.932e-03s  dev 1.600e-03s
DFFT  b1dy  max 3.304e-03s  avg 2.659e-03s  min 2.381e-03s  dev 3.766e-04s
DFFT  bd23  max 1.393e-02s  avg 1.189e-02s  min 9.785e-03s  dev 1.753e-03s
DFFT  bd32  max 1.838e-02s  avg 1.545e-02s  min 1.282e-02s  dev 2.565e-03s
DFFT  b1dx  max 3.297e-03s  avg 2.669e-03s  min 2.336e-03s  dev 3.702e-04s
DFFT  bd23  max 1.961e-02s  avg 1.645e-02s  min 1.381e-02s  dev 2.334e-03s
DFFT bdist  max 6.772e-02s  avg 5.922e-02s  min 5.178e-02s  dev 5.661e-03s
DFFT bdfft  max 9.865e-03s  avg 7.937e-03s  min 7.043e-03s  dev 1.128e-03s
BACKWARD    max 8.299e-02s  avg 8.297e-02s  min 8.295e-02s  dev 1.733e-05s

r-space:
a[0,0,0] = (2097152.000000,0.000000) = (4140000000000000,0)
real in [0.000000e+00,0.000000e+00] = [0,0]
imag in [0.000000e+00,0.000000e+00] = [0,0]

[PI-INFO] Paramount Iteration,0,7,1.487553,0.168427

TESTING 7

[PI-INFO] Paramount Iteration,2,7,1.479298,0.168422
[PI-INFO] Paramount Iteration,3,7,1.478973,0.168449
[PI-INFO] Paramount Iteration,1,7,1.478645,0.168444
DFFT  fd32  max 1.843e-02s  avg 1.546e-02s  min 1.263e-02s  dev 2.625e-03s
DFFT  f1dx  max 2.634e-03s  avg 2.439e-03s  min 2.230e-03s  dev 1.436e-04s
DFFT  fd23  max 1.880e-02s  avg 1.595e-02s  min 1.363e-02s  dev 2.221e-03s
DFFT  fd32  max 1.264e-02s  avg 1.064e-02s  min 8.554e-03s  dev 1.581e-03s
DFFT  f1dy  max 2.588e-03s  avg 2.458e-03s  min 2.266e-03s  dev 1.195e-04s
DFFT  fd23  max 1.413e-02s  avg 1.182e-02s  min 9.528e-03s  dev 1.829e-03s
DFFT  fd32  max 4.825e-03s  avg 4.531e-03s  min 4.289e-03s  dev 1.914e-04s
DFFT  f1dz  max 2.482e-03s  avg 2.434e-03s  min 2.334e-03s  dev 5.933e-05s
DFFT fdist  max 6.631e-02s  avg 5.840e-02s  min 5.193e-02s  dev 5.136e-03s
DFFT fdfft  max 7.633e-03s  avg 7.331e-03s  min 6.830e-03s  dev 3.079e-04s
FORWARD     max 8.019e-02s  avg 8.008e-02s  min 8.003e-02s  dev 6.269e-05s

k-space:
real in [1.000000e+00,1.000000e+00] = [3ff0000000000000,3ff0000000000000]
imag in [0.000000e+00,0.000000e+00] = [0,0]

DFFT  b1dz  max 3.352e-03s  avg 2.610e-03s  min 2.229e-03s  dev 4.387e-04s
DFFT  bd23  max 4.849e-03s  avg 4.611e-03s  min 4.324e-03s  dev 1.920e-04s
DFFT  bd32  max 1.280e-02s  avg 1.073e-02s  min 8.725e-03s  dev 1.590e-03s
DFFT  b1dy  max 3.298e-03s  avg 2.650e-03s  min 2.284e-03s  dev 3.871e-04s
DFFT  bd23  max 1.375e-02s  avg 1.180e-02s  min 9.746e-03s  dev 1.768e-03s
DFFT  bd32  max 1.878e-02s  avg 1.597e-02s  min 1.343e-02s  dev 2.532e-03s
DFFT  b1dx  max 3.326e-03s  avg 2.660e-03s  min 2.237e-03s  dev 4.038e-04s
DFFT  bd23  max 1.961e-02s  avg 1.652e-02s  min 1.409e-02s  dev 2.319e-03s
DFFT bdist  max 6.794e-02s  avg 5.964e-02s  min 5.248e-02s  dev 5.498e-03s
DFFT bdfft  max 9.975e-03s  avg 7.919e-03s  min 6.749e-03s  dev 1.226e-03s
BACKWARD    max 8.337e-02s  avg 8.334e-02s  min 8.329e-02s  dev 2.859e-05s

r-space:
a[0,0,0] = (2097152.000000,0.000000) = (4140000000000000,0)
real in [0.000000e+00,0.000000e+00] = [0,0]
imag in [0.000000e+00,0.000000e+00] = [0,0]

[PI-INFO] Paramount Iteration,0,8,1.655928,0.168375

TESTING 8

[PI-INFO] Paramount Iteration,3,8,1.647310,0.168337
[PI-INFO] Paramount Iteration,2,8,1.647647,0.168349
[PI-INFO] Paramount Iteration,1,8,1.647008,0.168363
DFFT  fd32  max 1.837e-02s  avg 1.556e-02s  min 1.301e-02s  dev 2.478e-03s
DFFT  f1dx  max 2.570e-03s  avg 2.440e-03s  min 2.306e-03s  dev 9.866e-05s
DFFT  fd23  max 1.895e-02s  avg 1.620e-02s  min 1.410e-02s  dev 2.114e-03s
DFFT  fd32  max 1.276e-02s  avg 1.077e-02s  min 8.783e-03s  dev 1.627e-03s
DFFT  f1dy  max 2.580e-03s  avg 2.479e-03s  min 2.348e-03s  dev 8.725e-05s
DFFT  fd23  max 1.391e-02s  avg 1.173e-02s  min 9.462e-03s  dev 1.818e-03s
DFFT  fd32  max 4.836e-03s  avg 4.541e-03s  min 4.220e-03s  dev 2.297e-04s
DFFT  f1dz  max 2.546e-03s  avg 2.444e-03s  min 2.294e-03s  dev 9.241e-05s
DFFT fdist  max 6.699e-02s  avg 5.881e-02s  min 5.233e-02s  dev 5.255e-03s
DFFT fdfft  max 7.697e-03s  avg 7.363e-03s  min 6.948e-03s  dev 2.734e-04s
FORWARD     max 8.017e-02s  avg 8.010e-02s  min 8.006e-02s  dev 4.241e-05s

k-space:
real in [1.000000e+00,1.000000e+00] = [3ff0000000000000,3ff0000000000000]
imag in [0.000000e+00,0.000000e+00] = [0,0]

DFFT  b1dz  max 3.307e-03s  avg 2.608e-03s  min 2.135e-03s  dev 4.300e-04s
DFFT  bd23  max 4.865e-03s  avg 4.641e-03s  min 4.381e-03s  dev 1.988e-04s
DFFT  bd32  max 1.254e-02s  avg 1.067e-02s  min 8.691e-03s  dev 1.588e-03s
DFFT  b1dy  max 3.257e-03s  avg 2.643e-03s  min 2.354e-03s  dev 3.595e-04s
DFFT  bd23  max 1.372e-02s  avg 1.176e-02s  min 9.723e-03s  dev 1.744e-03s
DFFT  bd32  max 1.871e-02s  avg 1.586e-02s  min 1.318e-02s  dev 2.577e-03s
DFFT  b1dx  max 3.285e-03s  avg 2.688e-03s  min 2.336e-03s  dev 3.575e-04s
DFFT  bd23  max 1.969e-02s  avg 1.643e-02s  min 1.371e-02s  dev 2.500e-03s
DFFT bdist  max 6.831e-02s  avg 5.936e-02s  min 5.251e-02s  dev 5.705e-03s
DFFT bdfft  max 9.849e-03s  avg 7.939e-03s  min 6.825e-03s  dev 1.141e-03s
BACKWARD    max 8.300e-02s  avg 8.297e-02s  min 8.294e-02s  dev 2.304e-05s

r-space:
a[0,0,0] = (2097152.000000,0.000000) = (4140000000000000,0)
real in [0.000000e+00,0.000000e+00] = [0,0]
imag in [0.000000e+00,0.000000e+00] = [0,0]

[PI-INFO] Paramount Iteration,0,9,1.823992,0.168064

TESTING 9

[PI-INFO] Paramount Iteration,3,9,1.815389,0.168079
[PI-INFO] Paramount Iteration,2,9,1.815738,0.168091
[PI-INFO] Paramount Iteration,1,9,1.815061,0.168053
DFFT  fd32  max 1.905e-02s  avg 1.574e-02s  min 1.302e-02s  dev 2.593e-03s
DFFT  f1dx  max 2.569e-03s  avg 2.448e-03s  min 2.270e-03s  dev 1.159e-04s
DFFT  fd23  max 1.969e-02s  avg 1.647e-02s  min 1.416e-02s  dev 2.233e-03s
DFFT  fd32  max 1.278e-02s  avg 1.071e-02s  min 8.619e-03s  dev 1.656e-03s
DFFT  f1dy  max 2.590e-03s  avg 2.449e-03s  min 2.273e-03s  dev 1.221e-04s
DFFT  fd23  max 1.373e-02s  avg 1.170e-02s  min 9.543e-03s  dev 1.758e-03s
DFFT  fd32  max 4.833e-03s  avg 4.522e-03s  min 4.320e-03s  dev 2.069e-04s
DFFT  f1dz  max 2.528e-03s  avg 2.446e-03s  min 2.300e-03s  dev 9.269e-05s
DFFT fdist  max 6.822e-02s  avg 5.915e-02s  min 5.209e-02s  dev 5.816e-03s
DFFT fdfft  max 7.688e-03s  avg 7.342e-03s  min 6.844e-03s  dev 3.294e-04s
FORWARD     max 8.153e-02s  avg 8.142e-02s  min 8.137e-02s  dev 6.381e-05s

k-space:
real in [1.000000e+00,1.000000e+00] = [3ff0000000000000,3ff0000000000000]
imag in [0.000000e+00,0.000000e+00] = [0,0]

DFFT  b1dz  max 3.250e-03s  avg 2.577e-03s  min 2.205e-03s  dev 3.987e-04s
DFFT  bd23  max 4.829e-03s  avg 4.545e-03s  min 4.303e-03s  dev 1.954e-04s
DFFT  bd32  max 1.271e-02s  avg 1.073e-02s  min 8.647e-03s  dev 1.613e-03s
DFFT  b1dy  max 3.273e-03s  avg 2.625e-03s  min 2.243e-03s  dev 3.879e-04s
DFFT  bd23  max 1.367e-02s  avg 1.174e-02s  min 9.699e-03s  dev 1.718e-03s
DFFT  bd32  max 1.897e-02s  avg 1.590e-02s  min 1.310e-02s  dev 2.596e-03s
DFFT  b1dx  max 3.249e-03s  avg 2.657e-03s  min 2.410e-03s  dev 3.439e-04s
DFFT  bd23  max 1.889e-02s  avg 1.623e-02s  min 1.384e-02s  dev 2.192e-03s
DFFT bdist  max 6.748e-02s  avg 5.914e-02s  min 5.191e-02s  dev 5.533e-03s
DFFT bdfft  max 9.771e-03s  avg 7.859e-03s  min 6.858e-03s  dev 1.127e-03s
BACKWARD    max 8.245e-02s  avg 8.242e-02s  min 8.240e-02s  dev 1.748e-05s

r-space:
a[0,0,0] = (2097152.000000,0.000000) = (4140000000000000,0)
real in [0.000000e+00,0.000000e+00] = [0,0]
imag in [0.000000e+00,0.000000e+00] = [0,0]

[PI-INFO] Paramount Iteration,0,10,1.992807,0.168815

TESTING a

[PI-INFO] Paramount Iteration,3,10,1.984181,0.168792
[PI-INFO] Paramount Iteration,2,10,1.984514,0.168776
[PI-INFO] Paramount Iteration,1,10,1.983879,0.168818
DFFT  fd32  max 1.838e-02s  avg 1.553e-02s  min 1.289e-02s  dev 2.525e-03s
DFFT  f1dx  max 2.554e-03s  avg 2.452e-03s  min 2.272e-03s  dev 1.137e-04s
DFFT  fd23  max 1.821e-02s  avg 1.598e-02s  min 1.379e-02s  dev 1.912e-03s
DFFT  fd32  max 1.263e-02s  avg 1.062e-02s  min 8.548e-03s  dev 1.608e-03s
DFFT  f1dy  max 2.555e-03s  avg 2.461e-03s  min 2.323e-03s  dev 8.749e-05s
DFFT  fd23  max 1.390e-02s  avg 1.185e-02s  min 9.757e-03s  dev 1.723e-03s
DFFT  fd32  max 4.827e-03s  avg 4.457e-03s  min 4.257e-03s  dev 2.243e-04s
DFFT  f1dz  max 2.520e-03s  avg 2.446e-03s  min 2.356e-03s  dev 6.188e-05s
DFFT fdist  max 6.570e-02s  avg 5.844e-02s  min 5.262e-02s  dev 4.684e-03s
DFFT fdfft  max 7.619e-03s  avg 7.358e-03s  min 6.951e-03s  dev 2.611e-04s
FORWARD     max 7.934e-02s  avg 7.923e-02s  min 7.915e-02s  dev 6.870e-05s

k-space:
real in [1.000000e+00,1.000000e+00] = [3ff0000000000000,3ff0000000000000]
imag in [0.000000e+00,0.000000e+00] = [0,0]

DFFT  b1dz  max 3.190e-03s  avg 2.603e-03s  min 2.351e-03s  dev 3.446e-04s
DFFT  bd23  max 4.825e-03s  avg 4.606e-03s  min 4.458e-03s  dev 1.438e-04s
DFFT  bd32  max 1.246e-02s  avg 1.083e-02s  min 9.080e-03s  dev 1.533e-03s
DFFT  b1dy  max 3.229e-03s  avg 2.647e-03s  min 2.402e-03s  dev 3.383e-04s
DFFT  bd23  max 1.368e-02s  avg 1.176e-02s  min 9.786e-03s  dev 1.677e-03s
DFFT  bd32  max 1.888e-02s  avg 1.586e-02s  min 1.293e-02s  dev 2.589e-03s
DFFT  b1dx  max 3.276e-03s  avg 2.690e-03s  min 2.396e-03s  dev 3.440e-04s
DFFT  bd23  max 1.883e-02s  avg 1.621e-02s  min 1.395e-02s  dev 2.226e-03s
DFFT bdist  max 6.681e-02s  avg 5.926e-02s  min 5.241e-02s  dev 5.189e-03s
DFFT bdfft  max 9.695e-03s  avg 7.939e-03s  min 7.190e-03s  dev 1.023e-03s
BACKWARD    max 8.189e-02s  avg 8.187e-02s  min 8.183e-02s  dev 2.152e-05s

r-space:
a[0,0,0] = (2097152.000000,0.000000) = (4140000000000000,0)
real in [0.000000e+00,0.000000e+00] = [0,0]
imag in [0.000000e+00,0.000000e+00] = [0,0]

[PI-INFO] Paramount Iteration,0,11,2.158888,0.166081

TESTING b

[PI-INFO] Paramount Iteration,2,11,2.150603,0.166089
[PI-INFO] Paramount Iteration,3,11,2.150272,0.166091
[PI-INFO] Paramount Iteration,1,11,2.149965,0.166086
DFFT  fd32  max 1.841e-02s  avg 1.571e-02s  min 1.300e-02s  dev 2.642e-03s
DFFT  f1dx  max 2.564e-03s  avg 2.473e-03s  min 2.375e-03s  dev 6.809e-05s
DFFT  fd23  max 1.883e-02s  avg 1.609e-02s  min 1.358e-02s  dev 2.298e-03s
DFFT  fd32  max 1.252e-02s  avg 1.079e-02s  min 8.973e-03s  dev 1.553e-03s
DFFT  f1dy  max 2.567e-03s  avg 2.459e-03s  min 2.338e-03s  dev 8.528e-05s
DFFT  fd23  max 1.365e-02s  avg 1.176e-02s  min 9.805e-03s  dev 1.697e-03s
DFFT  fd32  max 4.722e-03s  avg 4.459e-03s  min 4.278e-03s  dev 1.830e-04s
DFFT  f1dz  max 2.555e-03s  avg 2.430e-03s  min 2.303e-03s  dev 9.251e-05s
DFFT fdist  max 6.701e-02s  avg 5.880e-02s  min 5.167e-02s  dev 5.503e-03s
DFFT fdfft  max 7.596e-03s  avg 7.362e-03s  min 7.017e-03s  dev 2.332e-04s
FORWARD     max 7.931e-02s  avg 7.922e-02s  min 7.916e-02s  dev 5.544e-05s

k-space:
real in [1.000000e+00,1.000000e+00] = [3ff0000000000000,3ff0000000000000]
imag in [0.000000e+00,0.000000e+00] = [0,0]

DFFT  b1dz  max 3.245e-03s  avg 2.581e-03s  min 2.210e-03s  dev 3.974e-04s
DFFT  bd23  max 4.734e-03s  avg 4.559e-03s  min 4.443e-03s  dev 1.098e-04s
DFFT  bd32  max 1.260e-02s  avg 1.068e-02s  min 8.745e-03s  dev 1.574e-03s
DFFT  b1dy  max 3.277e-03s  avg 2.618e-03s  min 2.248e-03s  dev 3.950e-04s
DFFT  bd23  max 1.378e-02s  avg 1.174e-02s  min 9.661e-03s  dev 1.698e-03s
DFFT  bd32  max 1.844e-02s  avg 1.586e-02s  min 1.294e-02s  dev 2.516e-03s
DFFT  b1dx  max 3.269e-03s  avg 2.676e-03s  min 2.353e-03s  dev 3.532e-04s
DFFT  bd23  max 1.877e-02s  avg 1.628e-02s  min 1.423e-02s  dev 2.019e-03s
DFFT bdist  max 6.639e-02s  avg 5.912e-02s  min 5.284e-02s  dev 4.827e-03s
DFFT bdfft  max 9.791e-03s  avg 7.875e-03s  min 6.812e-03s  dev 1.146e-03s
BACKWARD    max 8.173e-02s  avg 8.171e-02s  min 8.170e-02s  dev 1.004e-05s

r-space:
a[0,0,0] = (2097152.000000,0.000000) = (4140000000000000,0)
real in [0.000000e+00,0.000000e+00] = [0,0]
imag in [0.000000e+00,0.000000e+00] = [0,0]

[PI-INFO] Paramount Iteration,0,12,2.324731,0.165843

TESTING c

[PI-INFO] Paramount Iteration,2,12,2.316477,0.165874
[PI-INFO] Paramount Iteration,3,12,2.316172,0.165900
[PI-INFO] Paramount Iteration,1,12,2.315843,0.165878
DFFT  fd32  max 1.831e-02s  avg 1.559e-02s  min 1.286e-02s  dev 2.689e-03s
DFFT  f1dx  max 2.563e-03s  avg 2.471e-03s  min 2.405e-03s  dev 6.370e-05s
DFFT  fd23  max 1.828e-02s  avg 1.613e-02s  min 1.429e-02s  dev 1.831e-03s
DFFT  fd32  max 1.265e-02s  avg 1.072e-02s  min 8.780e-03s  dev 1.559e-03s
DFFT  f1dy  max 2.566e-03s  avg 2.500e-03s  min 2.434e-03s  dev 4.666e-05s
DFFT  fd23  max 1.379e-02s  avg 1.199e-02s  min 1.016e-02s  dev 1.670e-03s
DFFT  fd32  max 4.662e-03s  avg 4.504e-03s  min 4.371e-03s  dev 1.182e-04s
DFFT  f1dz  max 2.569e-03s  avg 2.457e-03s  min 2.397e-03s  dev 7.008e-05s
DFFT fdist  max 6.620e-02s  avg 5.893e-02s  min 5.205e-02s  dev 5.028e-03s
DFFT fdfft  max 7.634e-03s  avg 7.428e-03s  min 7.251e-03s  dev 1.576e-04s
FORWARD     max 7.896e-02s  avg 7.889e-02s  min 7.880e-02s  dev 5.988e-05s

k-space:
real in [1.000000e+00,1.000000e+00] = [3ff0000000000000,3ff0000000000000]
imag in [0.000000e+00,0.000000e+00] = [0,0]

DFFT  b1dz  max 3.213e-03s  avg 2.617e-03s  min 2.341e-03s  dev 3.525e-04s
DFFT  bd23  max 4.704e-03s  avg 4.555e-03s  min 4.420e-03s  dev 1.054e-04s
DFFT  bd32  max 1.249e-02s  avg 1.068e-02s  min 8.758e-03s  dev 1.531e-03s
DFFT  b1dy  max 3.269e-03s  avg 2.636e-03s  min 2.269e-03s  dev 3.833e-04s
DFFT  bd23  max 1.369e-02s  avg 1.172e-02s  min 9.572e-03s  dev 1.739e-03s
DFFT  bd32  max 1.842e-02s  avg 1.569e-02s  min 1.312e-02s  dev 2.491e-03s
DFFT  b1dx  max 3.246e-03s  avg 2.642e-03s  min 2.298e-03s  dev 3.592e-04s
DFFT  bd23  max 1.976e-02s  avg 1.681e-02s  min 1.399e-02s  dev 2.719e-03s
DFFT bdist  max 6.775e-02s  avg 5.945e-02s  min 5.212e-02s  dev 5.589e-03s
DFFT bdfft  max 9.728e-03s  avg 7.895e-03s  min 6.939e-03s  dev 1.088e-03s
BACKWARD    max 8.241e-02s  avg 8.239e-02s  min 8.236e-02s  dev 1.952e-05s

r-space:
a[0,0,0] = (2097152.000000,0.000000) = (4140000000000000,0)
real in [0.000000e+00,0.000000e+00] = [0,0]
imag in [0.000000e+00,0.000000e+00] = [0,0]

[PI-INFO] Paramount Iteration,0,13,2.491101,0.166370

TESTING d

[PI-INFO] Paramount Iteration,3,13,2.482470,0.166298
[PI-INFO] Paramount Iteration,2,13,2.482809,0.166332
[PI-INFO] Paramount Iteration,1,13,2.482173,0.166330
DFFT  fd32  max 1.826e-02s  avg 1.547e-02s  min 1.267e-02s  dev 2.503e-03s
DFFT  f1dx  max 2.570e-03s  avg 2.479e-03s  min 2.376e-03s  dev 7.873e-05s
DFFT  fd23  max 1.875e-02s  avg 1.609e-02s  min 1.391e-02s  dev 2.120e-03s
DFFT  fd32  max 1.253e-02s  avg 1.056e-02s  min 8.449e-03s  dev 1.576e-03s
DFFT  f1dy  max 2.602e-03s  avg 2.446e-03s  min 2.260e-03s  dev 1.243e-04s
DFFT  fd23  max 1.383e-02s  avg 1.170e-02s  min 9.506e-03s  dev 1.751e-03s
DFFT  fd32  max 4.818e-03s  avg 4.542e-03s  min 4.242e-03s  dev 2.178e-04s
DFFT  f1dz  max 2.510e-03s  avg 2.418e-03s  min 2.266e-03s  dev 9.284e-05s
DFFT fdist  max 6.554e-02s  avg 5.836e-02s  min 5.230e-02s  dev 4.714e-03s
DFFT fdfft  max 7.682e-03s  avg 7.343e-03s  min 6.902e-03s  dev 2.917e-04s
FORWARD     max 7.938e-02s  avg 7.933e-02s  min 7.930e-02s  dev 3.060e-05s

k-space:
real in [1.000000e+00,1.000000e+00] = [3ff0000000000000,3ff0000000000000]
imag in [0.000000e+00,0.000000e+00] = [0,0]

DFFT  b1dz  max 3.221e-03s  avg 2.618e-03s  min 2.366e-03s  dev 3.503e-04s
DFFT  bd23  max 4.687e-03s  avg 4.580e-03s  min 4.446e-03s  dev 1.056e-04s
DFFT  bd32  max 1.254e-02s  avg 1.087e-02s  min 9.089e-03s  dev 1.518e-03s
DFFT  b1dy  max 3.313e-03s  avg 2.644e-03s  min 2.295e-03s  dev 3.957e-04s
DFFT  bd23  max 1.381e-02s  avg 1.182e-02s  min 9.739e-03s  dev 1.756e-03s
DFFT  bd32  max 1.828e-02s  avg 1.562e-02s  min 1.303e-02s  dev 2.531e-03s
DFFT  b1dx  max 3.291e-03s  avg 2.669e-03s  min 2.384e-03s  dev 3.625e-04s
DFFT  bd23  max 1.982e-02s  avg 1.626e-02s  min 1.366e-02s  dev 2.629e-03s
DFFT bdist  max 6.827e-02s  avg 5.916e-02s  min 5.163e-02s  dev 5.959e-03s
DFFT bdfft  max 9.825e-03s  avg 7.931e-03s  min 7.045e-03s  dev 1.107e-03s
BACKWARD    max 8.260e-02s  avg 8.259e-02s  min 8.259e-02s  dev 5.238e-06s

r-space:
a[0,0,0] = (2097152.000000,0.000000) = (4140000000000000,0)
real in [0.000000e+00,0.000000e+00] = [0,0]
imag in [0.000000e+00,0.000000e+00] = [0,0]

[PI-INFO] Paramount Iteration,0,14,2.658023,0.166922

TESTING e

[PI-INFO] Paramount Iteration,3,14,2.649395,0.166925
[PI-INFO] Paramount Iteration,2,14,2.649739,0.166930
[PI-INFO] Paramount Iteration,1,14,2.649101,0.166928
DFFT  fd32  max 1.829e-02s  avg 1.547e-02s  min 1.277e-02s  dev 2.623e-03s
DFFT  f1dx  max 2.540e-03s  avg 2.490e-03s  min 2.447e-03s  dev 3.740e-05s
DFFT  fd23  max 1.929e-02s  avg 1.656e-02s  min 1.399e-02s  dev 2.451e-03s
DFFT  fd32  max 1.253e-02s  avg 1.094e-02s  min 9.239e-03s  dev 1.513e-03s
DFFT  f1dy  max 2.592e-03s  avg 2.488e-03s  min 2.399e-03s  dev 8.049e-05s
DFFT  fd23  max 1.394e-02s  avg 1.195e-02s  min 9.931e-03s  dev 1.760e-03s
DFFT  fd32  max 4.736e-03s  avg 4.545e-03s  min 4.326e-03s  dev 1.779e-04s
DFFT  f1dz  max 2.557e-03s  avg 2.452e-03s  min 2.335e-03s  dev 8.534e-05s
DFFT fdist  max 6.808e-02s  avg 5.947e-02s  min 5.205e-02s  dev 5.764e-03s
DFFT fdfft  max 7.689e-03s  avg 7.430e-03s  min 7.196e-03s  dev 2.002e-04s
FORWARD     max 8.013e-02s  avg 8.005e-02s  min 7.998e-02s  dev 5.583e-05s

k-space:
real in [1.000000e+00,1.000000e+00] = [3ff0000000000000,3ff0000000000000]
imag in [0.000000e+00,0.000000e+00] = [0,0]

DFFT  b1dz  max 3.181e-03s  avg 2.614e-03s  min 2.295e-03s  dev 3.377e-04s
DFFT  bd23  max 4.806e-03s  avg 4.623e-03s  min 4.417e-03s  dev 1.497e-04s
DFFT  bd32  max 1.247e-02s  avg 1.076e-02s  min 8.950e-03s  dev 1.541e-03s
DFFT  b1dy  max 3.271e-03s  avg 2.634e-03s  min 2.374e-03s  dev 3.705e-04s
DFFT  bd23  max 1.373e-02s  avg 1.181e-02s  min 9.767e-03s  dev 1.706e-03s
DFFT  bd32  max 1.911e-02s  avg 1.621e-02s  min 1.327e-02s  dev 2.788e-03s
DFFT  b1dx  max 3.282e-03s  avg 2.714e-03s  min 2.434e-03s  dev 3.334e-04s
DFFT  bd23  max 1.920e-02s  avg 1.656e-02s  min 1.422e-02s  dev 2.254e-03s
DFFT bdist  max 6.846e-02s  avg 5.996e-02s  min 5.253e-02s  dev 5.696e-03s
DFFT bdfft  max 9.734e-03s  avg 7.963e-03s  min 7.103e-03s  dev 1.039e-03s
BACKWARD    max 8.257e-02s  avg 8.255e-02s  min 8.254e-02s  dev 1.272e-05s

r-space:
a[0,0,0] = (2097152.000000,0.000000) = (4140000000000000,0)
real in [0.000000e+00,0.000000e+00] = [0,0]
imag in [0.000000e+00,0.000000e+00] = [0,0]

[PI-INFO] Paramount Iteration,0,15,2.825650,0.167627
[PI-INFO] PI avg,0,0.167886,15
[PI-INFO] Beta,0,0.000004
[PI-INFO] Total time,2.825659
[PI-INFO] Paramount Iteration,2,15,2.817363,0.167624
[PI-INFO] PI avg,2,0.167882,15
[PI-INFO] Beta,2,0.000009
[PI-INFO] Paramount Iteration,3,15,2.817027,0.167632
[PI-INFO] PI avg,3,0.167880,15
[PI-INFO] Beta,3,0.000009
[PI-INFO] Paramount Iteration,1,15,2.816730,0.167629
[PI-INFO] PI avg,1,0.167883,15
[PI-INFO] Beta,1,0.000009
--------------------------------------------------------------------------
mpirun has exited due to process rank 0 with PID 0 on
node ip-172-31-1-12 exiting improperly. There are three reasons this could occur:

1. this process did not call "init" before exiting, but others in
the job did. This can cause a job to hang indefinitely while it waits
for all processes to call "init". By rule, if one process calls "init",
then ALL processes must call "init" prior to termination.

2. this process called "init", but exited without calling "finalize".
By rule, all processes that call "init" MUST call "finalize" prior to
exiting or it will be considered an "abnormal termination"

3. this process called "MPI_Abort" or "orte_abort" and the mca parameter
orte_create_session_dirs is set to false. In this case, the run-time cannot
detect that the abort call was an abnormal termination. Hence, the only
error message you will receive is this one.

This may have caused other processes in the application to be
terminated by signals sent by mpirun (as reported here).

You can avoid this message by specifying -quiet on the mpirun command line.
--------------------------------------------------------------------------
[ip-172-31-1-12:18685] 3 more processes have sent help message help-mpi-btl-base.txt / btl:no-nics
[ip-172-31-1-12:18685] Set MCA parameter "orte_base_help_aggregate" to 0 to see all help / error messages
Command exited with non-zero status 1
	Command being timed: "mpirun --hostfile /home/ubuntu/PI-Bench/ECP-Proxy-Apps/hostfile -n 4 ./build/TestDfft 1000 128"
	User time (seconds): 2.04
	System time (seconds): 0.73
	Percent of CPU this job got: 50%
	Elapsed (wall clock) time (h:mm:ss or m:ss): 0:05.47
	Average shared text size (kbytes): 0
	Average unshared data size (kbytes): 0
	Average stack size (kbytes): 0
	Average total size (kbytes): 0
	Maximum resident set size (kbytes): 48576
	Average resident set size (kbytes): 0
	Major (requiring I/O) page faults: 4
	Minor (reclaiming a frame) page faults: 13220
	Voluntary context switches: 1275
	Involuntary context switches: 15
	Swaps: 0
	File system inputs: 0
	File system outputs: 16480
	Socket messages sent: 0
	Socket messages received: 0
	Signals delivered: 0
	Page size (bytes): 4096
	Exit status: 1
