--------------------------------------------------------------------------
[[6800,1],0]: A high-performance Open MPI point-to-point messaging module
was unable to find any relevant network interfaces:

Module: OpenFabrics (openib)
  Host: ip-172-31-5-140

Another transport will be used instead, although this may result in
lower performance.

NOTE: You can disable this warning by setting the MCA parameter
btl_base_warn_component_unused to 0.
--------------------------------------------------------------------------
Initializing redistribution using a pencil layout on 4 ranks.
distribution 1D: [4:1:1]
distribution 3D: [2:2:1]
distribution 2z: [2:2:1]
distribution 2x: [1:2:2]
distribution 2y: [2:1:2]
DFFT  init  max 1.548e-01s  avg 1.438e-01s  min 1.124e-01s  dev 1.813e-02s

Hex representations of double precision floats
0.000000e+00 = 0
1.000000e+00 = 3ff0000000000000
2097152.000000 = 4140000000000000

[PI-INFO] Init time,0,0.300995

TESTING 0

[PI-INFO] Init time,3,0.293267
[PI-INFO] Init time,2,0.293498
[PI-INFO] Init time,1,0.293426
DFFT  fd32  max 2.255e-02s  avg 1.899e-02s  min 1.663e-02s  dev 2.480e-03s
DFFT  f1dx  max 3.410e-03s  avg 2.643e-03s  min 1.951e-03s  dev 5.173e-04s
DFFT  fd23  max 1.730e-02s  avg 1.533e-02s  min 1.388e-02s  dev 1.494e-03s
DFFT  fd32  max 1.192e-02s  avg 9.639e-03s  min 7.394e-03s  dev 1.630e-03s
DFFT  f1dy  max 3.650e-03s  avg 2.805e-03s  min 2.247e-03s  dev 5.189e-04s
DFFT  fd23  max 1.309e-02s  avg 1.112e-02s  min 9.042e-03s  dev 1.640e-03s
DFFT  fd32  max 8.014e-03s  avg 7.761e-03s  min 7.572e-03s  dev 1.696e-04s
DFFT  f1dz  max 3.619e-03s  avg 2.806e-03s  min 2.469e-03s  dev 4.710e-04s
DFFT fdist  max 7.003e-02s  avg 6.283e-02s  min 5.783e-02s  dev 4.551e-03s
DFFT fdfft  max 1.068e-02s  avg 8.254e-03s  min 6.760e-03s  dev 1.465e-03s
FORWARD     max 8.725e-02s  avg 8.722e-02s  min 8.717e-02s  dev 2.837e-05s

k-space:
real in [1.000000e+00,1.000000e+00] = [3ff0000000000000,3ff0000000000000]
imag in [0.000000e+00,0.000000e+00] = [0,0]

DFFT  b1dz  max 3.307e-03s  avg 2.602e-03s  min 2.120e-03s  dev 4.344e-04s
DFFT  bd23  max 4.485e-03s  avg 4.298e-03s  min 3.943e-03s  dev 2.103e-04s
DFFT  bd32  max 1.160e-02s  avg 9.710e-03s  min 7.766e-03s  dev 1.475e-03s
DFFT  b1dy  max 3.557e-03s  avg 2.700e-03s  min 2.230e-03s  dev 5.089e-04s
DFFT  bd23  max 1.309e-02s  avg 1.089e-02s  min 8.585e-03s  dev 1.717e-03s
DFFT  bd32  max 1.662e-02s  avg 1.425e-02s  min 1.181e-02s  dev 2.027e-03s
DFFT  b1dx  max 3.644e-03s  avg 2.783e-03s  min 2.057e-03s  dev 5.656e-04s
DFFT  bd23  max 1.765e-02s  avg 1.554e-02s  min 1.298e-02s  dev 1.792e-03s
DFFT bdist  max 6.110e-02s  avg 5.469e-02s  min 4.901e-02s  dev 4.414e-03s
DFFT bdfft  max 1.051e-02s  avg 8.085e-03s  min 6.406e-03s  dev 1.498e-03s
BACKWARD    max 7.772e-02s  avg 7.770e-02s  min 7.766e-02s  dev 2.468e-05s

r-space:
a[0,0,0] = (2097152.000000,0.000000) = (4140000000000000,0)
real in [0.000000e+00,0.000000e+00] = [0,0]
imag in [0.000000e+00,0.000000e+00] = [0,0]

[PI-INFO] Paramount Iteration,0,1,0.471180,0.170186

TESTING 1

[PI-INFO] Paramount Iteration,3,1,0.463376,0.170109
[PI-INFO] Paramount Iteration,2,1,0.463593,0.170095
[PI-INFO] Paramount Iteration,1,1,0.463570,0.170145
DFFT  fd32  max 1.799e-02s  avg 1.442e-02s  min 1.215e-02s  dev 2.395e-03s
DFFT  f1dx  max 3.605e-03s  avg 2.702e-03s  min 1.959e-03s  dev 5.874e-04s
DFFT  fd23  max 1.652e-02s  avg 1.503e-02s  min 1.370e-02s  dev 1.149e-03s
DFFT  fd32  max 1.179e-02s  avg 9.586e-03s  min 7.455e-03s  dev 1.561e-03s
DFFT  f1dy  max 3.501e-03s  avg 2.744e-03s  min 2.342e-03s  dev 4.548e-04s
DFFT  fd23  max 1.313e-02s  avg 1.121e-02s  min 9.117e-03s  dev 1.702e-03s
DFFT  fd32  max 4.462e-03s  avg 4.043e-03s  min 3.634e-03s  dev 2.941e-04s
DFFT  f1dz  max 3.615e-03s  avg 2.747e-03s  min 2.276e-03s  dev 5.135e-04s
DFFT fdist  max 6.119e-02s  avg 5.430e-02s  min 5.005e-02s  dev 4.341e-03s
DFFT fdfft  max 1.072e-02s  avg 8.193e-03s  min 6.578e-03s  dev 1.538e-03s
FORWARD     max 7.832e-02s  avg 7.814e-02s  min 7.800e-02s  dev 1.402e-04s

k-space:
real in [1.000000e+00,1.000000e+00] = [3ff0000000000000,3ff0000000000000]
imag in [0.000000e+00,0.000000e+00] = [0,0]

DFFT  b1dz  max 3.309e-03s  avg 2.558e-03s  min 1.954e-03s  dev 4.893e-04s
DFFT  bd23  max 4.410e-03s  avg 4.237e-03s  min 3.900e-03s  dev 2.001e-04s
DFFT  bd32  max 1.116e-02s  avg 9.576e-03s  min 7.892e-03s  dev 1.376e-03s
DFFT  b1dy  max 3.457e-03s  avg 2.631e-03s  min 2.250e-03s  dev 4.814e-04s
DFFT  bd23  max 1.267e-02s  avg 1.089e-02s  min 8.989e-03s  dev 1.539e-03s
DFFT  bd32  max 1.614e-02s  avg 1.405e-02s  min 1.158e-02s  dev 2.016e-03s
DFFT  b1dx  max 3.506e-03s  avg 2.665e-03s  min 2.064e-03s  dev 5.267e-04s
DFFT  bd23  max 1.760e-02s  avg 1.480e-02s  min 1.280e-02s  dev 1.938e-03s
DFFT bdist  max 6.072e-02s  avg 5.355e-02s  min 4.799e-02s  dev 4.578e-03s
DFFT bdfft  max 1.027e-02s  avg 7.854e-03s  min 6.408e-03s  dev 1.452e-03s
BACKWARD    max 7.589e-02s  avg 7.587e-02s  min 7.585e-02s  dev 1.444e-05s

r-space:
a[0,0,0] = (2097152.000000,0.000000) = (4140000000000000,0)
real in [0.000000e+00,0.000000e+00] = [0,0]
imag in [0.000000e+00,0.000000e+00] = [0,0]

[PI-INFO] Paramount Iteration,0,2,0.630177,0.158997

TESTING 2

[PI-INFO] Paramount Iteration,3,2,0.622376,0.159000
[PI-INFO] Paramount Iteration,2,2,0.622591,0.158998
[PI-INFO] Paramount Iteration,1,2,0.622570,0.159000
DFFT  fd32  max 1.609e-02s  avg 1.362e-02s  min 1.149e-02s  dev 1.983e-03s
DFFT  f1dx  max 3.144e-03s  avg 2.609e-03s  min 2.098e-03s  dev 3.701e-04s
DFFT  fd23  max 1.633e-02s  avg 1.438e-02s  min 1.272e-02s  dev 1.634e-03s
DFFT  fd32  max 1.143e-02s  avg 9.733e-03s  min 8.133e-03s  dev 1.367e-03s
DFFT  f1dy  max 3.484e-03s  avg 2.742e-03s  min 2.382e-03s  dev 4.423e-04s
DFFT  fd23  max 1.286e-02s  avg 1.094e-02s  min 9.002e-03s  dev 1.594e-03s
DFFT  fd32  max 4.415e-03s  avg 3.977e-03s  min 3.544e-03s  dev 3.087e-04s
DFFT  f1dz  max 3.587e-03s  avg 2.724e-03s  min 2.258e-03s  dev 5.103e-04s
DFFT fdist  max 5.924e-02s  avg 5.265e-02s  min 4.754e-02s  dev 4.219e-03s
DFFT fdfft  max 1.021e-02s  avg 8.076e-03s  min 6.738e-03s  dev 1.297e-03s
FORWARD     max 7.494e-02s  avg 7.480e-02s  min 7.467e-02s  dev 1.226e-04s

k-space:
real in [1.000000e+00,1.000000e+00] = [3ff0000000000000,3ff0000000000000]
imag in [0.000000e+00,0.000000e+00] = [0,0]

DFFT  b1dz  max 3.244e-03s  avg 2.495e-03s  min 1.826e-03s  dev 5.032e-04s
DFFT  bd23  max 4.479e-03s  avg 4.196e-03s  min 3.455e-03s  dev 4.287e-04s
DFFT  bd32  max 1.151e-02s  avg 9.570e-03s  min 7.623e-03s  dev 1.483e-03s
DFFT  b1dy  max 3.435e-03s  avg 2.592e-03s  min 2.048e-03s  dev 5.158e-04s
DFFT  bd23  max 1.284e-02s  avg 1.074e-02s  min 8.516e-03s  dev 1.695e-03s
DFFT  bd32  max 1.647e-02s  avg 1.429e-02s  min 1.193e-02s  dev 2.043e-03s
DFFT  b1dx  max 3.473e-03s  avg 2.731e-03s  min 2.393e-03s  dev 4.344e-04s
DFFT  bd23  max 1.724e-02s  avg 1.521e-02s  min 1.295e-02s  dev 1.795e-03s
DFFT bdist  max 6.034e-02s  avg 5.400e-02s  min 4.851e-02s  dev 4.283e-03s
DFFT bdfft  max 1.015e-02s  avg 7.819e-03s  min 6.338e-03s  dev 1.414e-03s
BACKWARD    max 7.637e-02s  avg 7.635e-02s  min 7.633e-02s  dev 1.478e-05s

r-space:
a[0,0,0] = (2097152.000000,0.000000) = (4140000000000000,0)
real in [0.000000e+00,0.000000e+00] = [0,0]
imag in [0.000000e+00,0.000000e+00] = [0,0]

[PI-INFO] Paramount Iteration,0,3,0.786274,0.156097

TESTING 3

[PI-INFO] Paramount Iteration,3,3,0.778463,0.156087
[PI-INFO] Paramount Iteration,2,3,0.778673,0.156082
[PI-INFO] Paramount Iteration,1,3,0.778652,0.156082
DFFT  fd32  max 1.761e-02s  avg 1.408e-02s  min 1.189e-02s  dev 2.349e-03s
DFFT  f1dx  max 3.427e-03s  avg 2.666e-03s  min 2.037e-03s  dev 4.960e-04s
DFFT  fd23  max 1.670e-02s  avg 1.471e-02s  min 1.301e-02s  dev 1.665e-03s
DFFT  fd32  max 1.149e-02s  avg 9.353e-03s  min 7.339e-03s  dev 1.514e-03s
DFFT  f1dy  max 3.481e-03s  avg 2.719e-03s  min 2.307e-03s  dev 4.564e-04s
DFFT  fd23  max 1.279e-02s  avg 1.113e-02s  min 9.356e-03s  dev 1.598e-03s
DFFT  fd32  max 4.425e-03s  avg 4.043e-03s  min 3.698e-03s  dev 2.594e-04s
DFFT  f1dz  max 3.631e-03s  avg 2.771e-03s  min 2.312e-03s  dev 5.088e-04s
DFFT fdist  max 6.083e-02s  avg 5.332e-02s  min 4.805e-02s  dev 4.705e-03s
DFFT fdfft  max 1.054e-02s  avg 8.155e-03s  min 6.656e-03s  dev 1.447e-03s
FORWARD     max 7.714e-02s  avg 7.700e-02s  min 7.687e-02s  dev 1.264e-04s

k-space:
real in [1.000000e+00,1.000000e+00] = [3ff0000000000000,3ff0000000000000]
imag in [0.000000e+00,0.000000e+00] = [0,0]

DFFT  b1dz  max 3.292e-03s  avg 2.574e-03s  min 1.971e-03s  dev 4.726e-04s
DFFT  bd23  max 4.443e-03s  avg 4.199e-03s  min 3.690e-03s  dev 2.980e-04s
DFFT  bd32  max 1.133e-02s  avg 9.437e-03s  min 7.452e-03s  dev 1.479e-03s
DFFT  b1dy  max 3.406e-03s  avg 2.568e-03s  min 2.056e-03s  dev 5.045e-04s
DFFT  bd23  max 1.264e-02s  avg 1.047e-02s  min 8.134e-03s  dev 1.707e-03s
DFFT  bd32  max 1.633e-02s  avg 1.389e-02s  min 1.186e-02s  dev 1.849e-03s
DFFT  b1dx  max 3.357e-03s  avg 2.480e-03s  min 1.657e-03s  dev 6.053e-04s
DFFT  bd23  max 1.699e-02s  avg 1.446e-02s  min 1.242e-02s  dev 1.917e-03s
DFFT bdist  max 5.945e-02s  avg 5.246e-02s  min 4.748e-02s  dev 4.486e-03s
DFFT bdfft  max 1.006e-02s  avg 7.622e-03s  min 5.685e-03s  dev 1.565e-03s
BACKWARD    max 7.547e-02s  avg 7.544e-02s  min 7.542e-02s  dev 1.898e-05s

r-space:
a[0,0,0] = (2097152.000000,0.000000) = (4140000000000000,0)
real in [0.000000e+00,0.000000e+00] = [0,0]
imag in [0.000000e+00,0.000000e+00] = [0,0]

[PI-INFO] Paramount Iteration,0,4,0.943680,0.157406

TESTING 4

[PI-INFO] Paramount Iteration,3,4,0.935894,0.157431
[PI-INFO] Paramount Iteration,1,4,0.936086,0.157434
[PI-INFO] Paramount Iteration,2,4,0.936084,0.157411
DFFT  fd32  max 1.601e-02s  avg 1.347e-02s  min 1.163e-02s  dev 1.857e-03s
DFFT  f1dx  max 3.003e-03s  avg 2.480e-03s  min 1.833e-03s  dev 4.183e-04s
DFFT  fd23  max 1.629e-02s  avg 1.423e-02s  min 1.248e-02s  dev 1.595e-03s
DFFT  fd32  max 1.130e-02s  avg 9.217e-03s  min 7.158e-03s  dev 1.520e-03s
DFFT  f1dy  max 3.481e-03s  avg 2.658e-03s  min 2.114e-03s  dev 5.128e-04s
DFFT  fd23  max 1.281e-02s  avg 1.082e-02s  min 8.650e-03s  dev 1.666e-03s
DFFT  fd32  max 4.406e-03s  avg 3.999e-03s  min 3.530e-03s  dev 3.124e-04s
DFFT  f1dz  max 3.621e-03s  avg 2.712e-03s  min 2.071e-03s  dev 5.654e-04s
DFFT fdist  max 5.815e-02s  avg 5.173e-02s  min 4.748e-02s  dev 4.080e-03s
DFFT fdfft  max 1.010e-02s  avg 7.850e-03s  min 6.018e-03s  dev 1.468e-03s
FORWARD     max 7.460e-02s  avg 7.445e-02s  min 7.432e-02s  dev 1.166e-04s

k-space:
real in [1.000000e+00,1.000000e+00] = [3ff0000000000000,3ff0000000000000]
imag in [0.000000e+00,0.000000e+00] = [0,0]

DFFT  b1dz  max 3.235e-03s  avg 2.471e-03s  min 1.694e-03s  dev 5.475e-04s
DFFT  bd23  max 4.425e-03s  avg 4.144e-03s  min 3.385e-03s  dev 4.385e-04s
DFFT  bd32  max 1.127e-02s  avg 9.455e-03s  min 7.529e-03s  dev 1.446e-03s
DFFT  b1dy  max 3.482e-03s  avg 2.552e-03s  min 2.027e-03s  dev 5.539e-04s
DFFT  bd23  max 1.287e-02s  avg 1.060e-02s  min 8.289e-03s  dev 1.752e-03s
DFFT  bd32  max 1.661e-02s  avg 1.413e-02s  min 1.223e-02s  dev 1.867e-03s
DFFT  b1dx  max 3.537e-03s  avg 2.655e-03s  min 1.950e-03s  dev 5.694e-04s
DFFT  bd23  max 1.753e-02s  avg 1.538e-02s  min 1.334e-02s  dev 1.526e-03s
DFFT bdist  max 6.047e-02s  avg 5.371e-02s  min 4.853e-02s  dev 4.683e-03s
DFFT bdfft  max 1.025e-02s  avg 7.677e-03s  min 5.672e-03s  dev 1.646e-03s
BACKWARD    max 7.661e-02s  avg 7.658e-02s  min 7.657e-02s  dev 1.656e-05s

r-space:
a[0,0,0] = (2097152.000000,0.000000) = (4140000000000000,0)
real in [0.000000e+00,0.000000e+00] = [0,0]
imag in [0.000000e+00,0.000000e+00] = [0,0]

[PI-INFO] Paramount Iteration,0,5,1.099720,0.156040

TESTING 5

[PI-INFO] Paramount Iteration,3,5,1.091908,0.156014
[PI-INFO] Paramount Iteration,2,5,1.092106,0.156022
[PI-INFO] Paramount Iteration,1,5,1.092099,0.156013
DFFT  fd32  max 1.780e-02s  avg 1.421e-02s  min 1.213e-02s  dev 2.322e-03s
DFFT  f1dx  max 3.578e-03s  avg 2.654e-03s  min 1.758e-03s  dev 6.436e-04s
DFFT  fd23  max 1.659e-02s  avg 1.452e-02s  min 1.317e-02s  dev 1.312e-03s
DFFT  fd32  max 1.162e-02s  avg 9.208e-03s  min 6.717e-03s  dev 1.754e-03s
DFFT  f1dy  max 3.653e-03s  avg 2.615e-03s  min 1.663e-03s  dev 7.113e-04s
DFFT  fd23  max 1.310e-02s  avg 1.047e-02s  min 7.601e-03s  dev 1.986e-03s
DFFT  fd32  max 4.454e-03s  avg 3.946e-03s  min 3.254e-03s  dev 4.428e-04s
DFFT  f1dz  max 3.585e-03s  avg 2.590e-03s  min 1.681e-03s  dev 6.753e-04s
DFFT fdist  max 5.933e-02s  avg 5.236e-02s  min 4.698e-02s  dev 4.741e-03s
DFFT fdfft  max 1.082e-02s  avg 7.859e-03s  min 5.101e-03s  dev 2.027e-03s
FORWARD     max 7.803e-02s  avg 7.784e-02s  min 7.770e-02s  dev 1.404e-04s

k-space:
real in [1.000000e+00,1.000000e+00] = [3ff0000000000000,3ff0000000000000]
imag in [0.000000e+00,0.000000e+00] = [0,0]

DFFT  b1dz  max 3.392e-03s  avg 2.459e-03s  min 1.459e-03s  dev 6.871e-04s
DFFT  bd23  max 4.544e-03s  avg 4.229e-03s  min 3.381e-03s  dev 4.899e-04s
DFFT  bd32  max 1.190e-02s  avg 9.741e-03s  min 7.415e-03s  dev 1.672e-03s
DFFT  b1dy  max 3.516e-03s  avg 2.634e-03s  min 2.040e-03s  dev 5.421e-04s
DFFT  bd23  max 1.289e-02s  avg 1.052e-02s  min 7.980e-03s  dev 1.814e-03s
DFFT  bd32  max 1.683e-02s  avg 1.428e-02s  min 1.223e-02s  dev 1.944e-03s
DFFT  b1dx  max 3.455e-03s  avg 2.537e-03s  min 1.708e-03s  dev 6.208e-04s
DFFT  bd23  max 1.762e-02s  avg 1.509e-02s  min 1.302e-02s  dev 1.766e-03s
DFFT bdist  max 6.089e-02s  avg 5.386e-02s  min 4.903e-02s  dev 4.743e-03s
DFFT bdfft  max 1.036e-02s  avg 7.629e-03s  min 5.207e-03s  dev 1.829e-03s
BACKWARD    max 7.779e-02s  avg 7.777e-02s  min 7.774e-02s  dev 1.696e-05s

r-space:
a[0,0,0] = (2097152.000000,0.000000) = (4140000000000000,0)
real in [0.000000e+00,0.000000e+00] = [0,0]
imag in [0.000000e+00,0.000000e+00] = [0,0]

[PI-INFO] Paramount Iteration,0,6,1.260324,0.160604

TESTING 6

[PI-INFO] Paramount Iteration,3,6,1.252534,0.160626
[PI-INFO] Paramount Iteration,2,6,1.252711,0.160605
[PI-INFO] Paramount Iteration,1,6,1.252722,0.160623
DFFT  fd32  max 1.733e-02s  avg 1.437e-02s  min 1.207e-02s  dev 2.195e-03s
DFFT  f1dx  max 3.408e-03s  avg 2.657e-03s  min 1.992e-03s  dev 5.026e-04s
DFFT  fd23  max 1.680e-02s  avg 1.462e-02s  min 1.287e-02s  dev 1.580e-03s
DFFT  fd32  max 1.161e-02s  avg 9.387e-03s  min 7.118e-03s  dev 1.623e-03s
DFFT  f1dy  max 3.609e-03s  avg 2.715e-03s  min 2.073e-03s  dev 5.619e-04s
DFFT  fd23  max 1.307e-02s  avg 1.092e-02s  min 8.628e-03s  dev 1.715e-03s
DFFT  fd32  max 4.454e-03s  avg 4.119e-03s  min 3.804e-03s  dev 2.336e-04s
DFFT  f1dz  max 3.573e-03s  avg 2.787e-03s  min 2.465e-03s  dev 4.575e-04s
DFFT fdist  max 6.014e-02s  avg 5.342e-02s  min 4.925e-02s  dev 4.198e-03s
DFFT fdfft  max 1.059e-02s  avg 8.158e-03s  min 6.530e-03s  dev 1.495e-03s
FORWARD     max 7.757e-02s  avg 7.747e-02s  min 7.736e-02s  dev 9.598e-05s

k-space:
real in [1.000000e+00,1.000000e+00] = [3ff0000000000000,3ff0000000000000]
imag in [0.000000e+00,0.000000e+00] = [0,0]

DFFT  b1dz  max 3.392e-03s  avg 2.657e-03s  min 2.256e-03s  dev 4.374e-04s
DFFT  bd23  max 4.619e-03s  avg 4.423e-03s  min 3.917e-03s  dev 2.936e-04s
DFFT  bd32  max 1.153e-02s  avg 9.730e-03s  min 7.851e-03s  dev 1.461e-03s
DFFT  b1dy  max 3.594e-03s  avg 2.795e-03s  min 2.372e-03s  dev 4.711e-04s
DFFT  bd23  max 1.311e-02s  avg 1.095e-02s  min 8.662e-03s  dev 1.698e-03s
DFFT  bd32  max 1.767e-02s  avg 1.506e-02s  min 1.288e-02s  dev 2.099e-03s
DFFT  b1dx  max 3.570e-03s  avg 2.729e-03s  min 2.261e-03s  dev 5.021e-04s
DFFT  bd23  max 1.750e-02s  avg 1.573e-02s  min 1.357e-02s  dev 1.766e-03s
DFFT bdist  max 6.234e-02s  avg 5.589e-02s  min 5.001e-02s  dev 4.437e-03s
DFFT bdfft  max 1.056e-02s  avg 8.181e-03s  min 6.889e-03s  dev 1.405e-03s
BACKWARD    max 7.877e-02s  avg 7.876e-02s  min 7.873e-02s  dev 1.775e-05s

r-space:
a[0,0,0] = (2097152.000000,0.000000) = (4140000000000000,0)
real in [0.000000e+00,0.000000e+00] = [0,0]
imag in [0.000000e+00,0.000000e+00] = [0,0]

[PI-INFO] Paramount Iteration,0,7,1.421622,0.161298

TESTING 7

[PI-INFO] Paramount Iteration,3,7,1.413813,0.161279
[PI-INFO] Paramount Iteration,2,7,1.414005,0.161294
[PI-INFO] Paramount Iteration,1,7,1.413999,0.161277
DFFT  fd32  max 1.798e-02s  avg 1.455e-02s  min 1.222e-02s  dev 2.386e-03s
DFFT  f1dx  max 3.431e-03s  avg 2.730e-03s  min 2.243e-03s  dev 4.340e-04s
DFFT  fd23  max 1.633e-02s  avg 1.502e-02s  min 1.367e-02s  dev 1.123e-03s
DFFT  fd32  max 1.168e-02s  avg 9.466e-03s  min 7.248e-03s  dev 1.602e-03s
DFFT  f1dy  max 3.608e-03s  avg 2.681e-03s  min 2.022e-03s  dev 5.798e-04s
DFFT  fd23  max 1.308e-02s  avg 1.078e-02s  min 8.328e-03s  dev 1.803e-03s
DFFT  fd32  max 4.495e-03s  avg 4.088e-03s  min 3.639e-03s  dev 3.073e-04s
DFFT  f1dz  max 3.632e-03s  avg 2.766e-03s  min 2.220e-03s  dev 5.260e-04s
DFFT fdist  max 6.021e-02s  avg 5.390e-02s  min 5.003e-02s  dev 4.054e-03s
DFFT fdfft  max 1.067e-02s  avg 8.176e-03s  min 6.486e-03s  dev 1.538e-03s
FORWARD     max 7.788e-02s  avg 7.773e-02s  min 7.762e-02s  dev 1.130e-04s

k-space:
real in [1.000000e+00,1.000000e+00] = [3ff0000000000000,3ff0000000000000]
imag in [0.000000e+00,0.000000e+00] = [0,0]

DFFT  b1dz  max 3.426e-03s  avg 2.666e-03s  min 2.180e-03s  dev 4.618e-04s
DFFT  bd23  max 4.608e-03s  avg 4.377e-03s  min 3.797e-03s  dev 3.361e-04s
DFFT  bd32  max 1.163e-02s  avg 9.786e-03s  min 7.857e-03s  dev 1.470e-03s
DFFT  b1dy  max 3.421e-03s  avg 2.673e-03s  min 2.290e-03s  dev 4.405e-04s
DFFT  bd23  max 1.266e-02s  avg 1.096e-02s  min 9.161e-03s  dev 1.523e-03s
DFFT  bd32  max 1.604e-02s  avg 1.397e-02s  min 1.146e-02s  dev 2.030e-03s
DFFT  b1dx  max 3.479e-03s  avg 2.613e-03s  min 1.919e-03s  dev 5.598e-04s
DFFT  bd23  max 1.727e-02s  avg 1.493e-02s  min 1.272e-02s  dev 1.987e-03s
DFFT bdist  max 6.089e-02s  avg 5.403e-02s  min 4.850e-02s  dev 4.430e-03s
DFFT bdfft  max 1.033e-02s  avg 7.952e-03s  min 6.546e-03s  dev 1.422e-03s
BACKWARD    max 7.622e-02s  avg 7.621e-02s  min 7.618e-02s  dev 1.940e-05s

r-space:
a[0,0,0] = (2097152.000000,0.000000) = (4140000000000000,0)
real in [0.000000e+00,0.000000e+00] = [0,0]
imag in [0.000000e+00,0.000000e+00] = [0,0]

[PI-INFO] Paramount Iteration,0,8,1.580616,0.158994

TESTING 8

[PI-INFO] Paramount Iteration,3,8,1.572800,0.158987
[PI-INFO] Paramount Iteration,2,8,1.572972,0.158967
[PI-INFO] Paramount Iteration,1,8,1.572996,0.158997
DFFT  fd32  max 1.741e-02s  avg 1.447e-02s  min 1.245e-02s  dev 2.068e-03s
DFFT  f1dx  max 3.412e-03s  avg 2.651e-03s  min 1.972e-03s  dev 5.109e-04s
DFFT  fd23  max 1.686e-02s  avg 1.532e-02s  min 1.381e-02s  dev 1.427e-03s
DFFT  fd32  max 1.171e-02s  avg 9.616e-03s  min 7.504e-03s  dev 1.564e-03s
DFFT  f1dy  max 3.724e-03s  avg 2.794e-03s  min 2.228e-03s  dev 5.630e-04s
DFFT  fd23  max 1.328e-02s  avg 1.098e-02s  min 8.583e-03s  dev 1.783e-03s
DFFT  fd32  max 4.664e-03s  avg 4.203e-03s  min 3.611e-03s  dev 3.869e-04s
DFFT  f1dz  max 3.786e-03s  avg 2.847e-03s  min 2.287e-03s  dev 5.628e-04s
DFFT fdist  max 6.070e-02s  avg 5.459e-02s  min 5.012e-02s  dev 4.034e-03s
DFFT fdfft  max 1.092e-02s  avg 8.292e-03s  min 6.487e-03s  dev 1.623e-03s
FORWARD     max 7.856e-02s  avg 7.839e-02s  min 7.824e-02s  dev 1.444e-04s

k-space:
real in [1.000000e+00,1.000000e+00] = [3ff0000000000000,3ff0000000000000]
imag in [0.000000e+00,0.000000e+00] = [0,0]

DFFT  b1dz  max 3.546e-03s  avg 2.715e-03s  min 2.124e-03s  dev 5.180e-04s
DFFT  bd23  max 4.646e-03s  avg 4.486e-03s  min 4.131e-03s  dev 2.077e-04s
DFFT  bd32  max 1.174e-02s  avg 9.933e-03s  min 8.029e-03s  dev 1.499e-03s
DFFT  b1dy  max 3.450e-03s  avg 2.563e-03s  min 1.866e-03s  dev 5.700e-04s
DFFT  bd23  max 1.310e-02s  avg 1.070e-02s  min 8.068e-03s  dev 1.866e-03s
DFFT  bd32  max 1.611e-02s  avg 1.402e-02s  min 1.185e-02s  dev 1.830e-03s
DFFT  b1dx  max 3.497e-03s  avg 2.617e-03s  min 1.905e-03s  dev 5.705e-04s
DFFT  bd23  max 1.725e-02s  avg 1.486e-02s  min 1.268e-02s  dev 1.899e-03s
DFFT bdist  max 6.059e-02s  avg 5.400e-02s  min 4.887e-02s  dev 4.312e-03s
DFFT bdfft  max 1.049e-02s  avg 7.895e-03s  min 5.895e-03s  dev 1.654e-03s
BACKWARD    max 7.706e-02s  avg 7.704e-02s  min 7.703e-02s  dev 1.244e-05s

r-space:
a[0,0,0] = (2097152.000000,0.000000) = (4140000000000000,0)
real in [0.000000e+00,0.000000e+00] = [0,0]
imag in [0.000000e+00,0.000000e+00] = [0,0]

[PI-INFO] Paramount Iteration,0,9,1.741064,0.160448

TESTING 9

[PI-INFO] Paramount Iteration,3,9,1.733257,0.160457
[PI-INFO] Paramount Iteration,2,9,1.733426,0.160454
[PI-INFO] Paramount Iteration,1,9,1.733451,0.160455
DFFT  fd32  max 1.723e-02s  avg 1.429e-02s  min 1.180e-02s  dev 2.443e-03s
DFFT  f1dx  max 3.266e-03s  avg 2.701e-03s  min 2.294e-03s  dev 3.527e-04s
DFFT  fd23  max 1.630e-02s  avg 1.467e-02s  min 1.291e-02s  dev 1.553e-03s
DFFT  fd32  max 1.143e-02s  avg 9.433e-03s  min 7.539e-03s  dev 1.441e-03s
DFFT  f1dy  max 3.438e-03s  avg 2.732e-03s  min 2.432e-03s  dev 4.147e-04s
DFFT  fd23  max 1.288e-02s  avg 1.084e-02s  min 8.757e-03s  dev 1.632e-03s
DFFT  fd32  max 4.545e-03s  avg 4.077e-03s  min 3.596e-03s  dev 3.393e-04s
DFFT  f1dz  max 3.652e-03s  avg 2.765e-03s  min 2.200e-03s  dev 5.380e-04s
DFFT fdist  max 5.957e-02s  avg 5.331e-02s  min 4.844e-02s  dev 4.004e-03s
DFFT fdfft  max 1.036e-02s  avg 8.199e-03s  min 6.926e-03s  dev 1.294e-03s
FORWARD     max 7.643e-02s  avg 7.626e-02s  min 7.618e-02s  dev 1.034e-04s

k-space:
real in [1.000000e+00,1.000000e+00] = [3ff0000000000000,3ff0000000000000]
imag in [0.000000e+00,0.000000e+00] = [0,0]

DFFT  b1dz  max 3.357e-03s  avg 2.643e-03s  min 2.048e-03s  dev 4.715e-04s
DFFT  bd23  max 4.487e-03s  avg 4.252e-03s  min 3.691e-03s  dev 3.259e-04s
DFFT  bd32  max 1.143e-02s  avg 9.534e-03s  min 7.555e-03s  dev 1.478e-03s
DFFT  b1dy  max 3.529e-03s  avg 2.682e-03s  min 2.203e-03s  dev 5.075e-04s
DFFT  bd23  max 1.310e-02s  avg 1.091e-02s  min 8.606e-03s  dev 1.721e-03s
DFFT  bd32  max 1.867e-02s  avg 1.559e-02s  min 1.270e-02s  dev 2.747e-03s
DFFT  b1dx  max 3.599e-03s  avg 2.770e-03s  min 2.337e-03s  dev 4.900e-04s
DFFT  bd23  max 1.740e-02s  avg 1.563e-02s  min 1.328e-02s  dev 1.721e-03s
DFFT bdist  max 6.281e-02s  avg 5.592e-02s  min 4.922e-02s  dev 4.843e-03s
DFFT bdfft  max 1.049e-02s  avg 8.095e-03s  min 6.588e-03s  dev 1.450e-03s
BACKWARD    max 7.926e-02s  avg 7.924e-02s  min 7.922e-02s  dev 1.456e-05s

r-space:
a[0,0,0] = (2097152.000000,0.000000) = (4140000000000000,0)
real in [0.000000e+00,0.000000e+00] = [0,0]
imag in [0.000000e+00,0.000000e+00] = [0,0]

[PI-INFO] Paramount Iteration,0,10,1.901605,0.160541

TESTING a

[PI-INFO] Paramount Iteration,3,10,1.893773,0.160516
[PI-INFO] Paramount Iteration,2,10,1.893949,0.160523
[PI-INFO] Paramount Iteration,1,10,1.893964,0.160513
DFFT  fd32  max 1.749e-02s  avg 1.464e-02s  min 1.188e-02s  dev 2.665e-03s
DFFT  f1dx  max 3.255e-03s  avg 2.723e-03s  min 2.482e-03s  dev 3.101e-04s
DFFT  fd23  max 1.650e-02s  avg 1.516e-02s  min 1.392e-02s  dev 1.105e-03s
DFFT  fd32  max 1.144e-02s  avg 9.479e-03s  min 7.566e-03s  dev 1.447e-03s
DFFT  f1dy  max 3.353e-03s  avg 2.693e-03s  min 2.375e-03s  dev 3.929e-04s
DFFT  fd23  max 1.279e-02s  avg 1.096e-02s  min 9.117e-03s  dev 1.550e-03s
DFFT  fd32  max 4.397e-03s  avg 4.028e-03s  min 3.783e-03s  dev 2.310e-04s
DFFT  f1dz  max 3.551e-03s  avg 2.766e-03s  min 2.417e-03s  dev 4.577e-04s
DFFT fdist  max 6.029e-02s  avg 5.427e-02s  min 4.929e-02s  dev 3.927e-03s
DFFT fdfft  max 1.016e-02s  avg 8.182e-03s  min 7.315e-03s  dev 1.157e-03s
FORWARD     max 7.638e-02s  avg 7.626e-02s  min 7.614e-02s  dev 1.125e-04s

k-space:
real in [1.000000e+00,1.000000e+00] = [3ff0000000000000,3ff0000000000000]
imag in [0.000000e+00,0.000000e+00] = [0,0]

DFFT  b1dz  max 3.210e-03s  avg 2.618e-03s  min 2.345e-03s  dev 3.489e-04s
DFFT  bd23  max 4.413e-03s  avg 4.399e-03s  min 4.379e-03s  dev 1.372e-05s
DFFT  bd32  max 1.143e-02s  avg 9.785e-03s  min 8.168e-03s  dev 1.405e-03s
DFFT  b1dy  max 3.402e-03s  avg 2.592e-03s  min 2.181e-03s  dev 4.755e-04s
DFFT  bd23  max 1.285e-02s  avg 1.066e-02s  min 8.376e-03s  dev 1.691e-03s
DFFT  bd32  max 1.605e-02s  avg 1.400e-02s  min 1.168e-02s  dev 1.952e-03s
DFFT  b1dx  max 3.487e-03s  avg 2.645e-03s  min 2.043e-03s  dev 5.276e-04s
DFFT  bd23  max 1.723e-02s  avg 1.508e-02s  min 1.301e-02s  dev 1.720e-03s
DFFT bdist  max 6.015e-02s  avg 5.392e-02s  min 4.838e-02s  dev 4.195e-03s
DFFT bdfft  max 1.010e-02s  avg 7.855e-03s  min 6.569e-03s  dev 1.337e-03s
BACKWARD    max 7.574e-02s  avg 7.572e-02s  min 7.571e-02s  dev 1.208e-05s

r-space:
a[0,0,0] = (2097152.000000,0.000000) = (4140000000000000,0)
real in [0.000000e+00,0.000000e+00] = [0,0]
imag in [0.000000e+00,0.000000e+00] = [0,0]

[PI-INFO] Paramount Iteration,0,11,2.058589,0.156984

TESTING b

[PI-INFO] Paramount Iteration,3,11,2.050767,0.156994
[PI-INFO] Paramount Iteration,2,11,2.050926,0.156977
[PI-INFO] Paramount Iteration,1,11,2.050944,0.156980
DFFT  fd32  max 1.751e-02s  avg 1.477e-02s  min 1.187e-02s  dev 2.712e-03s
DFFT  f1dx  max 3.479e-03s  avg 2.747e-03s  min 2.313e-03s  dev 4.386e-04s
DFFT  fd23  max 1.671e-02s  avg 1.487e-02s  min 1.292e-02s  dev 1.530e-03s
DFFT  fd32  max 1.169e-02s  avg 9.477e-03s  min 7.245e-03s  dev 1.602e-03s
DFFT  f1dy  max 3.478e-03s  avg 2.676e-03s  min 2.208e-03s  dev 4.909e-04s
DFFT  fd23  max 1.281e-02s  avg 1.066e-02s  min 8.441e-03s  dev 1.677e-03s
DFFT  fd32  max 4.452e-03s  avg 4.013e-03s  min 3.594e-03s  dev 3.077e-04s
DFFT  f1dz  max 3.596e-03s  avg 2.780e-03s  min 2.397e-03s  dev 4.765e-04s
DFFT fdist  max 5.985e-02s  avg 5.378e-02s  min 4.939e-02s  dev 3.797e-03s
DFFT fdfft  max 1.055e-02s  avg 8.204e-03s  min 6.918e-03s  dev 1.395e-03s
FORWARD     max 7.738e-02s  avg 7.725e-02s  min 7.712e-02s  dev 1.270e-04s

k-space:
real in [1.000000e+00,1.000000e+00] = [3ff0000000000000,3ff0000000000000]
imag in [0.000000e+00,0.000000e+00] = [0,0]

DFFT  b1dz  max 3.374e-03s  avg 2.667e-03s  min 2.172e-03s  dev 4.392e-04s
DFFT  bd23  max 4.538e-03s  avg 4.424e-03s  min 4.146e-03s  dev 1.622e-04s
DFFT  bd32  max 1.156e-02s  avg 9.896e-03s  min 8.206e-03s  dev 1.391e-03s
DFFT  b1dy  max 3.474e-03s  avg 2.688e-03s  min 2.301e-03s  dev 4.620e-04s
DFFT  bd23  max 1.300e-02s  avg 1.137e-02s  min 9.682e-03s  dev 1.542e-03s
DFFT  bd32  max 1.834e-02s  avg 1.530e-02s  min 1.308e-02s  dev 2.269e-03s
DFFT  b1dx  max 3.552e-03s  avg 2.688e-03s  min 2.156e-03s  dev 5.228e-04s
DFFT  bd23  max 1.745e-02s  avg 1.546e-02s  min 1.365e-02s  dev 1.428e-03s
DFFT bdist  max 6.408e-02s  avg 5.646e-02s  min 5.021e-02s  dev 5.006e-03s
DFFT bdfft  max 1.040e-02s  avg 8.043e-03s  min 6.761e-03s  dev 1.396e-03s
BACKWARD    max 7.894e-02s  avg 7.892e-02s  min 7.891e-02s  dev 1.399e-05s

r-space:
a[0,0,0] = (2097152.000000,0.000000) = (4140000000000000,0)
real in [0.000000e+00,0.000000e+00] = [0,0]
imag in [0.000000e+00,0.000000e+00] = [0,0]

[PI-INFO] Paramount Iteration,0,12,2.219737,0.161148

TESTING c

[PI-INFO] Paramount Iteration,3,12,2.211939,0.161172
[PI-INFO] Paramount Iteration,2,12,2.212074,0.161148
[PI-INFO] Paramount Iteration,1,12,2.212116,0.161172
DFFT  fd32  max 1.774e-02s  avg 1.452e-02s  min 1.204e-02s  dev 2.381e-03s
DFFT  f1dx  max 3.505e-03s  avg 2.746e-03s  min 2.216e-03s  dev 4.699e-04s
DFFT  fd23  max 1.677e-02s  avg 1.540e-02s  min 1.417e-02s  dev 1.119e-03s
DFFT  fd32  max 1.193e-02s  avg 9.885e-03s  min 7.896e-03s  dev 1.487e-03s
DFFT  f1dy  max 3.586e-03s  avg 2.862e-03s  min 2.549e-03s  dev 4.218e-04s
DFFT  fd23  max 1.311e-02s  avg 1.131e-02s  min 9.454e-03s  dev 1.598e-03s
DFFT  fd32  max 4.369e-03s  avg 3.989e-03s  min 3.605e-03s  dev 2.711e-04s
DFFT  f1dz  max 3.524e-03s  avg 2.713e-03s  min 2.199e-03s  dev 4.919e-04s
DFFT fdist  max 6.164e-02s  avg 5.510e-02s  min 5.050e-02s  dev 4.130e-03s
DFFT fdfft  max 1.061e-02s  avg 8.321e-03s  min 7.019e-03s  dev 1.367e-03s
FORWARD     max 7.814e-02s  avg 7.802e-02s  min 7.789e-02s  dev 1.153e-04s

k-space:
real in [1.000000e+00,1.000000e+00] = [3ff0000000000000,3ff0000000000000]
imag in [0.000000e+00,0.000000e+00] = [0,0]

DFFT  b1dz  max 3.331e-03s  avg 2.496e-03s  min 1.801e-03s  dev 5.464e-04s
DFFT  bd23  max 4.393e-03s  avg 4.117e-03s  min 3.365e-03s  dev 4.354e-04s
DFFT  bd32  max 1.142e-02s  avg 9.484e-03s  min 7.400e-03s  dev 1.503e-03s
DFFT  b1dy  max 3.421e-03s  avg 2.580e-03s  min 1.966e-03s  dev 5.269e-04s
DFFT  bd23  max 1.277e-02s  avg 1.056e-02s  min 8.278e-03s  dev 1.701e-03s
DFFT  bd32  max 1.746e-02s  avg 1.508e-02s  min 1.254e-02s  dev 2.129e-03s
DFFT  b1dx  max 3.523e-03s  avg 2.712e-03s  min 2.361e-03s  dev 4.730e-04s
DFFT  bd23  max 1.749e-02s  avg 1.514e-02s  min 1.247e-02s  dev 1.914e-03s
DFFT bdist  max 6.046e-02s  avg 5.438e-02s  min 4.882e-02s  dev 4.228e-03s
DFFT bdfft  max 1.028e-02s  avg 7.789e-03s  min 6.128e-03s  dev 1.524e-03s
BACKWARD    max 7.752e-02s  avg 7.749e-02s  min 7.746e-02s  dev 2.182e-05s

r-space:
a[0,0,0] = (2097152.000000,0.000000) = (4140000000000000,0)
real in [0.000000e+00,0.000000e+00] = [0,0]
imag in [0.000000e+00,0.000000e+00] = [0,0]

[PI-INFO] Paramount Iteration,0,13,2.380353,0.160616

TESTING d

[PI-INFO] Paramount Iteration,3,13,2.372519,0.160580
[PI-INFO] Paramount Iteration,2,13,2.372663,0.160589
[PI-INFO] Paramount Iteration,1,13,2.372699,0.160583
DFFT  fd32  max 1.722e-02s  avg 1.484e-02s  min 1.250e-02s  dev 2.306e-03s
DFFT  f1dx  max 3.169e-03s  avg 2.718e-03s  min 2.422e-03s  dev 2.752e-04s
DFFT  fd23  max 1.662e-02s  avg 1.480e-02s  min 1.321e-02s  dev 1.592e-03s
DFFT  fd32  max 1.192e-02s  avg 9.767e-03s  min 7.678e-03s  dev 1.565e-03s
DFFT  f1dy  max 3.555e-03s  avg 2.801e-03s  min 2.454e-03s  dev 4.459e-04s
DFFT  fd23  max 1.303e-02s  avg 1.112e-02s  min 9.118e-03s  dev 1.641e-03s
DFFT  fd32  max 4.549e-03s  avg 4.170e-03s  min 3.945e-03s  dev 2.319e-04s
DFFT  f1dz  max 3.662e-03s  avg 2.803e-03s  min 2.398e-03s  dev 5.015e-04s
DFFT fdist  max 6.078e-02s  avg 5.469e-02s  min 4.933e-02s  dev 4.074e-03s
DFFT fdfft  max 1.039e-02s  avg 8.322e-03s  min 7.274e-03s  dev 1.216e-03s
FORWARD     max 7.743e-02s  avg 7.727e-02s  min 7.714e-02s  dev 1.265e-04s

k-space:
real in [1.000000e+00,1.000000e+00] = [3ff0000000000000,3ff0000000000000]
imag in [0.000000e+00,0.000000e+00] = [0,0]

DFFT  b1dz  max 3.350e-03s  avg 2.710e-03s  min 2.353e-03s  dev 3.847e-04s
DFFT  bd23  max 4.485e-03s  avg 4.363e-03s  min 4.050e-03s  dev 1.813e-04s
DFFT  bd32  max 1.194e-02s  avg 1.004e-02s  min 8.044e-03s  dev 1.506e-03s
DFFT  b1dy  max 3.544e-03s  avg 2.724e-03s  min 2.328e-03s  dev 4.794e-04s
DFFT  bd23  max 1.293e-02s  avg 1.083e-02s  min 8.585e-03s  dev 1.695e-03s
DFFT  bd32  max 1.880e-02s  avg 1.548e-02s  min 1.315e-02s  dev 2.371e-03s
DFFT  b1dx  max 3.546e-03s  avg 2.744e-03s  min 2.323e-03s  dev 4.754e-04s
DFFT  bd23  max 1.763e-02s  avg 1.531e-02s  min 1.343e-02s  dev 1.886e-03s
DFFT bdist  max 6.377e-02s  avg 5.602e-02s  min 5.035e-02s  dev 4.904e-03s
DFFT bdfft  max 1.044e-02s  avg 8.178e-03s  min 7.004e-03s  dev 1.331e-03s
BACKWARD    max 7.990e-02s  avg 7.988e-02s  min 7.987e-02s  dev 1.257e-05s

r-space:
a[0,0,0] = (2097152.000000,0.000000) = (4140000000000000,0)
real in [0.000000e+00,0.000000e+00] = [0,0]
imag in [0.000000e+00,0.000000e+00] = [0,0]

[PI-INFO] Paramount Iteration,0,14,2.542488,0.162135

TESTING e

[PI-INFO] Paramount Iteration,3,14,2.534681,0.162162
[PI-INFO] Paramount Iteration,2,14,2.534803,0.162140
[PI-INFO] Paramount Iteration,1,14,2.534859,0.162160
DFFT  fd32  max 1.713e-02s  avg 1.430e-02s  min 1.200e-02s  dev 2.147e-03s
DFFT  f1dx  max 3.572e-03s  avg 2.779e-03s  min 2.332e-03s  dev 4.717e-04s
DFFT  fd23  max 1.670e-02s  avg 1.534e-02s  min 1.413e-02s  dev 1.099e-03s
DFFT  fd32  max 1.169e-02s  avg 9.488e-03s  min 7.278e-03s  dev 1.598e-03s
DFFT  f1dy  max 3.583e-03s  avg 2.698e-03s  min 2.121e-03s  dev 5.455e-04s
DFFT  fd23  max 1.311e-02s  avg 1.094e-02s  min 8.800e-03s  dev 1.675e-03s
DFFT  fd32  max 4.464e-03s  avg 4.057e-03s  min 3.706e-03s  dev 2.746e-04s
DFFT  f1dz  max 3.642e-03s  avg 2.723e-03s  min 2.121e-03s  dev 5.608e-04s
DFFT fdist  max 5.983e-02s  avg 5.412e-02s  min 5.024e-02s  dev 3.706e-03s
DFFT fdfft  max 1.080e-02s  avg 8.200e-03s  min 6.574e-03s  dev 1.574e-03s
FORWARD     max 7.756e-02s  avg 7.741e-02s  min 7.728e-02s  dev 1.295e-04s

k-space:
real in [1.000000e+00,1.000000e+00] = [3ff0000000000000,3ff0000000000000]
imag in [0.000000e+00,0.000000e+00] = [0,0]

DFFT  b1dz  max 3.405e-03s  avg 2.528e-03s  min 1.711e-03s  dev 6.011e-04s
DFFT  bd23  max 4.602e-03s  avg 4.188e-03s  min 3.076e-03s  dev 6.426e-04s
DFFT  bd32  max 1.156e-02s  avg 9.609e-03s  min 7.544e-03s  dev 1.535e-03s
DFFT  b1dy  max 3.541e-03s  avg 2.651e-03s  min 2.101e-03s  dev 5.369e-04s
DFFT  bd23  max 1.298e-02s  avg 1.088e-02s  min 8.597e-03s  dev 1.709e-03s
DFFT  bd32  max 1.677e-02s  avg 1.450e-02s  min 1.210e-02s  dev 2.049e-03s
DFFT  b1dx  max 3.471e-03s  avg 2.715e-03s  min 2.367e-03s  dev 4.447e-04s
DFFT  bd23  max 1.756e-02s  avg 1.544e-02s  min 1.338e-02s  dev 1.574e-03s
DFFT bdist  max 6.139e-02s  avg 5.461e-02s  min 4.955e-02s  dev 4.521e-03s
DFFT bdfft  max 1.042e-02s  avg 7.895e-03s  min 6.179e-03s  dev 1.552e-03s
BACKWARD    max 7.757e-02s  avg 7.756e-02s  min 7.755e-02s  dev 1.122e-05s

r-space:
a[0,0,0] = (2097152.000000,0.000000) = (4140000000000000,0)
real in [0.000000e+00,0.000000e+00] = [0,0]
imag in [0.000000e+00,0.000000e+00] = [0,0]

[PI-INFO] Paramount Iteration,0,15,2.702487,0.159999
[PI-INFO] PI avg,0,0.160100,15
[PI-INFO] Beta,0,0.000003
[PI-INFO] Total time,2.702494
[PI-INFO] Paramount Iteration,3,15,2.694677,0.159996
[PI-INFO] PI avg,3,0.160094,15
[PI-INFO] Beta,3,0.000010
[PI-INFO] Paramount Iteration,2,15,2.694793,0.159990
[PI-INFO] PI avg,2,0.160086,15
[PI-INFO] Beta,2,0.000011
[PI-INFO] Paramount Iteration,1,15,2.694859,0.160000
[PI-INFO] PI avg,1,0.160096,15
[PI-INFO] Beta,1,0.000009
--------------------------------------------------------------------------
mpirun has exited due to process rank 0 with PID 0 on
node ip-172-31-5-140 exiting improperly. There are three reasons this could occur:

1. this process did not call "init" before exiting, but others in
the job did. This can cause a job to hang indefinitely while it waits
for all processes to call "init". By rule, if one process calls "init",
then ALL processes must call "init" prior to termination.

2. this process called "init", but exited without calling "finalize".
By rule, all processes that call "init" MUST call "finalize" prior to
exiting or it will be considered an "abnormal termination"

3. this process called "MPI_Abort" or "orte_abort" and the mca parameter
orte_create_session_dirs is set to false. In this case, the run-time cannot
detect that the abort call was an abnormal termination. Hence, the only
error message you will receive is this one.

This may have caused other processes in the application to be
terminated by signals sent by mpirun (as reported here).

You can avoid this message by specifying -quiet on the mpirun command line.
--------------------------------------------------------------------------
[ip-172-31-5-140:16279] 3 more processes have sent help message help-mpi-btl-base.txt / btl:no-nics
[ip-172-31-5-140:16279] Set MCA parameter "orte_base_help_aggregate" to 0 to see all help / error messages
Command exited with non-zero status 1
	Command being timed: "mpirun --hostfile /home/ubuntu/PI-Bench/ECP-Proxy-Apps/hostfile -n 4 ./build/TestDfft 1000 128"
	User time (seconds): 1.93
	System time (seconds): 0.72
	Percent of CPU this job got: 49%
	Elapsed (wall clock) time (h:mm:ss or m:ss): 0:05.35
	Average shared text size (kbytes): 0
	Average unshared data size (kbytes): 0
	Average stack size (kbytes): 0
	Average total size (kbytes): 0
	Maximum resident set size (kbytes): 48640
	Average resident set size (kbytes): 0
	Major (requiring I/O) page faults: 4
	Minor (reclaiming a frame) page faults: 13225
	Voluntary context switches: 1265
	Involuntary context switches: 40
	Swaps: 0
	File system inputs: 0
	File system outputs: 16480
	Socket messages sent: 0
	Socket messages received: 0
	Signals delivered: 0
	Page size (bytes): 4096
	Exit status: 1
