--------------------------------------------------------------------------
[[26361,1],0]: A high-performance Open MPI point-to-point messaging module
was unable to find any relevant network interfaces:

Module: OpenFabrics (openib)
  Host: ip-172-31-5-140

Another transport will be used instead, although this may result in
lower performance.

NOTE: You can disable this warning by setting the MCA parameter
btl_base_warn_component_unused to 0.
--------------------------------------------------------------------------
Initializing redistribution using a pencil layout on 4 ranks.
distribution 1D: [4:1:1]
distribution 3D: [2:2:1]
distribution 2z: [2:2:1]
distribution 2x: [1:2:2]
distribution 2y: [2:1:2]
DFFT  init  max 1.574e-01s  avg 1.454e-01s  min 1.100e-01s  dev 2.044e-02s

Hex representations of double precision floats
0.000000e+00 = 0
1.000000e+00 = 3ff0000000000000
2097152.000000 = 4140000000000000

[PI-INFO] Init time,0,0.304155

TESTING 0

[PI-INFO] Init time,2,0.296483
[PI-INFO] Init time,1,0.296113
[PI-INFO] Init time,3,0.296143
DFFT  fd32  max 2.302e-02s  avg 1.950e-02s  min 1.684e-02s  dev 2.550e-03s
DFFT  f1dx  max 3.577e-03s  avg 2.742e-03s  min 2.163e-03s  dev 5.161e-04s
DFFT  fd23  max 1.863e-02s  avg 1.607e-02s  min 1.454e-02s  dev 1.597e-03s
DFFT  fd32  max 1.289e-02s  avg 1.034e-02s  min 7.658e-03s  dev 1.874e-03s
DFFT  f1dy  max 3.657e-03s  avg 2.716e-03s  min 2.022e-03s  dev 5.911e-04s
DFFT  fd23  max 1.414e-02s  avg 1.145e-02s  min 8.586e-03s  dev 2.009e-03s
DFFT  fd32  max 8.188e-03s  avg 7.782e-03s  min 7.124e-03s  dev 3.985e-04s
DFFT  f1dz  max 3.702e-03s  avg 2.792e-03s  min 2.326e-03s  dev 5.363e-04s
DFFT fdist  max 7.257e-02s  avg 6.514e-02s  min 6.035e-02s  dev 5.087e-03s
DFFT fdfft  max 1.094e-02s  avg 8.249e-03s  min 6.511e-03s  dev 1.635e-03s
FORWARD     max 9.189e-02s  avg 9.182e-02s  min 9.177e-02s  dev 4.518e-05s

k-space:
real in [1.000000e+00,1.000000e+00] = [3ff0000000000000,3ff0000000000000]
imag in [0.000000e+00,0.000000e+00] = [0,0]

DFFT  b1dz  max 3.520e-03s  avg 2.674e-03s  min 2.004e-03s  dev 5.442e-04s
DFFT  bd23  max 4.644e-03s  avg 4.380e-03s  min 3.740e-03s  dev 3.709e-04s
DFFT  bd32  max 1.280e-02s  avg 1.042e-02s  min 7.950e-03s  dev 1.755e-03s
DFFT  b1dy  max 3.532e-03s  avg 2.728e-03s  min 2.304e-03s  dev 4.862e-04s
DFFT  bd23  max 1.403e-02s  avg 1.163e-02s  min 9.051e-03s  dev 1.863e-03s
DFFT  bd32  max 1.906e-02s  avg 1.595e-02s  min 1.363e-02s  dev 2.332e-03s
DFFT  b1dx  max 3.378e-03s  avg 2.722e-03s  min 2.179e-03s  dev 4.285e-04s
DFFT  bd23  max 1.807e-02s  avg 1.573e-02s  min 1.264e-02s  dev 1.978e-03s
DFFT bdist  max 6.534e-02s  avg 5.812e-02s  min 5.180e-02s  dev 5.269e-03s
DFFT bdfft  max 1.043e-02s  avg 8.124e-03s  min 6.486e-03s  dev 1.443e-03s
BACKWARD    max 8.297e-02s  avg 8.295e-02s  min 8.293e-02s  dev 1.458e-05s

r-space:
a[0,0,0] = (2097152.000000,0.000000) = (4140000000000000,0)
real in [0.000000e+00,0.000000e+00] = [0,0]
imag in [0.000000e+00,0.000000e+00] = [0,0]

[PI-INFO] Paramount Iteration,0,1,0.484400,0.180245

TESTING 1

[PI-INFO] Paramount Iteration,2,1,0.476665,0.180183
[PI-INFO] Paramount Iteration,1,1,0.476294,0.180181
[PI-INFO] Paramount Iteration,3,1,0.476281,0.180138
DFFT  fd32  max 1.858e-02s  avg 1.505e-02s  min 1.245e-02s  dev 2.498e-03s
DFFT  f1dx  max 3.528e-03s  avg 2.721e-03s  min 2.161e-03s  dev 4.988e-04s
DFFT  fd23  max 1.847e-02s  avg 1.575e-02s  min 1.394e-02s  dev 1.749e-03s
DFFT  fd32  max 1.258e-02s  avg 1.006e-02s  min 7.441e-03s  dev 1.830e-03s
DFFT  f1dy  max 3.624e-03s  avg 2.697e-03s  min 2.067e-03s  dev 5.723e-04s
DFFT  fd23  max 1.396e-02s  avg 1.145e-02s  min 8.828e-03s  dev 1.903e-03s
DFFT  fd32  max 4.586e-03s  avg 4.401e-03s  min 4.149e-03s  dev 1.736e-04s
DFFT  f1dz  max 3.674e-03s  avg 2.798e-03s  min 2.320e-03s  dev 5.187e-04s
DFFT fdist  max 6.430e-02s  avg 5.670e-02s  min 5.147e-02s  dev 5.100e-03s
DFFT fdfft  max 1.083e-02s  avg 8.216e-03s  min 6.548e-03s  dev 1.585e-03s
FORWARD     max 8.298e-02s  avg 8.281e-02s  min 8.268e-02s  dev 1.280e-04s

k-space:
real in [1.000000e+00,1.000000e+00] = [3ff0000000000000,3ff0000000000000]
imag in [0.000000e+00,0.000000e+00] = [0,0]

DFFT  b1dz  max 3.495e-03s  avg 2.688e-03s  min 2.122e-03s  dev 5.002e-04s
DFFT  bd23  max 4.667e-03s  avg 4.398e-03s  min 3.724e-03s  dev 3.909e-04s
DFFT  bd32  max 1.305e-02s  avg 1.049e-02s  min 7.898e-03s  dev 1.830e-03s
DFFT  b1dy  max 3.449e-03s  avg 2.646e-03s  min 2.148e-03s  dev 4.947e-04s
DFFT  bd23  max 1.426e-02s  avg 1.151e-02s  min 8.739e-03s  dev 1.979e-03s
DFFT  bd32  max 1.835e-02s  avg 1.517e-02s  min 1.277e-02s  dev 2.392e-03s
DFFT  b1dx  max 3.325e-03s  avg 2.740e-03s  min 2.400e-03s  dev 3.496e-04s
DFFT  bd23  max 1.941e-02s  avg 1.566e-02s  min 1.249e-02s  dev 2.574e-03s
DFFT bdist  max 6.514e-02s  avg 5.723e-02s  min 5.116e-02s  dev 5.430e-03s
DFFT bdfft  max 1.027e-02s  avg 8.074e-03s  min 6.670e-03s  dev 1.336e-03s
BACKWARD    max 8.395e-02s  avg 8.394e-02s  min 8.391e-02s  dev 1.792e-05s

r-space:
a[0,0,0] = (2097152.000000,0.000000) = (4140000000000000,0)
real in [0.000000e+00,0.000000e+00] = [0,0]
imag in [0.000000e+00,0.000000e+00] = [0,0]

[PI-INFO] Paramount Iteration,0,2,0.656316,0.171916

TESTING 2

[PI-INFO] Paramount Iteration,3,2,0.648194,0.171913
[PI-INFO] Paramount Iteration,2,2,0.648577,0.171912
[PI-INFO] Paramount Iteration,1,2,0.648211,0.171917
DFFT  fd32  max 1.746e-02s  avg 1.458e-02s  min 1.206e-02s  dev 2.244e-03s
DFFT  f1dx  max 3.398e-03s  avg 2.691e-03s  min 2.233e-03s  dev 4.304e-04s
DFFT  fd23  max 1.819e-02s  avg 1.585e-02s  min 1.441e-02s  dev 1.509e-03s
DFFT  fd32  max 1.276e-02s  avg 1.017e-02s  min 7.446e-03s  dev 1.883e-03s
DFFT  f1dy  max 3.711e-03s  avg 2.782e-03s  min 2.242e-03s  dev 5.554e-04s
DFFT  fd23  max 1.406e-02s  avg 1.165e-02s  min 8.998e-03s  dev 1.887e-03s
DFFT  fd32  max 4.601e-03s  avg 4.213e-03s  min 3.586e-03s  dev 3.894e-04s
DFFT  f1dz  max 3.732e-03s  avg 2.761e-03s  min 2.151e-03s  dev 5.871e-04s
DFFT fdist  max 6.311e-02s  avg 5.647e-02s  min 5.209e-02s  dev 4.604e-03s
DFFT fdfft  max 1.084e-02s  avg 8.235e-03s  min 6.626e-03s  dev 1.572e-03s
FORWARD     max 8.209e-02s  avg 8.186e-02s  min 8.174e-02s  dev 1.408e-04s

k-space:
real in [1.000000e+00,1.000000e+00] = [3ff0000000000000,3ff0000000000000]
imag in [0.000000e+00,0.000000e+00] = [0,0]

DFFT  b1dz  max 3.588e-03s  avg 2.702e-03s  min 1.915e-03s  dev 5.936e-04s
DFFT  bd23  max 4.658e-03s  avg 4.387e-03s  min 3.652e-03s  dev 4.251e-04s
DFFT  bd32  max 1.294e-02s  avg 1.043e-02s  min 7.864e-03s  dev 1.814e-03s
DFFT  b1dy  max 3.526e-03s  avg 2.606e-03s  min 1.880e-03s  dev 6.015e-04s
DFFT  bd23  max 1.441e-02s  avg 1.147e-02s  min 8.280e-03s  dev 2.188e-03s
DFFT  bd32  max 1.911e-02s  avg 1.563e-02s  min 1.290e-02s  dev 2.529e-03s
DFFT  b1dx  max 3.494e-03s  avg 2.731e-03s  min 2.170e-03s  dev 4.788e-04s
DFFT  bd23  max 1.824e-02s  avg 1.580e-02s  min 1.362e-02s  dev 1.640e-03s
DFFT bdist  max 6.484e-02s  avg 5.772e-02s  min 5.232e-02s  dev 5.493e-03s
DFFT bdfft  max 1.061e-02s  avg 8.039e-03s  min 5.965e-03s  dev 1.666e-03s
BACKWARD    max 8.398e-02s  avg 8.397e-02s  min 8.393e-02s  dev 2.022e-05s

r-space:
a[0,0,0] = (2097152.000000,0.000000) = (4140000000000000,0)
real in [0.000000e+00,0.000000e+00] = [0,0]
imag in [0.000000e+00,0.000000e+00] = [0,0]

[PI-INFO] Paramount Iteration,0,3,0.827328,0.171012

TESTING 3

[PI-INFO] Paramount Iteration,2,3,0.819606,0.171029
[PI-INFO] Paramount Iteration,1,3,0.819278,0.171067
[PI-INFO] Paramount Iteration,3,3,0.819253,0.171059
DFFT  fd32  max 1.833e-02s  avg 1.493e-02s  min 1.235e-02s  dev 2.482e-03s
DFFT  f1dx  max 3.542e-03s  avg 2.741e-03s  min 2.234e-03s  dev 4.852e-04s
DFFT  fd23  max 1.886e-02s  avg 1.602e-02s  min 1.442e-02s  dev 1.811e-03s
DFFT  fd32  max 1.321e-02s  avg 1.056e-02s  min 7.875e-03s  dev 1.894e-03s
DFFT  f1dy  max 3.698e-03s  avg 2.764e-03s  min 2.219e-03s  dev 5.581e-04s
DFFT  fd23  max 1.428e-02s  avg 1.182e-02s  min 9.128e-03s  dev 1.884e-03s
DFFT  fd32  max 4.614e-03s  avg 4.273e-03s  min 3.795e-03s  dev 3.188e-04s
DFFT  f1dz  max 3.640e-03s  avg 2.772e-03s  min 2.296e-03s  dev 5.147e-04s
DFFT fdist  max 6.509e-02s  avg 5.760e-02s  min 5.302e-02s  dev 4.913e-03s
DFFT fdfft  max 1.088e-02s  avg 8.277e-03s  min 6.750e-03s  dev 1.557e-03s
FORWARD     max 8.436e-02s  avg 8.414e-02s  min 8.396e-02s  dev 1.532e-04s

k-space:
real in [1.000000e+00,1.000000e+00] = [3ff0000000000000,3ff0000000000000]
imag in [0.000000e+00,0.000000e+00] = [0,0]

DFFT  b1dz  max 3.457e-03s  avg 2.641e-03s  min 2.106e-03s  dev 4.980e-04s
DFFT  bd23  max 4.579e-03s  avg 4.427e-03s  min 4.077e-03s  dev 2.036e-04s
DFFT  bd32  max 1.264e-02s  avg 1.054e-02s  min 8.311e-03s  dev 1.600e-03s
DFFT  b1dy  max 3.437e-03s  avg 2.625e-03s  min 2.097e-03s  dev 5.037e-04s
DFFT  bd23  max 1.357e-02s  avg 1.118e-02s  min 8.600e-03s  dev 1.856e-03s
DFFT  bd32  max 1.862e-02s  avg 1.571e-02s  min 1.271e-02s  dev 2.759e-03s
DFFT  b1dx  max 3.499e-03s  avg 2.812e-03s  min 2.418e-03s  dev 4.092e-04s
DFFT  bd23  max 1.989e-02s  avg 1.634e-02s  min 1.324e-02s  dev 2.394e-03s
DFFT bdist  max 6.615e-02s  avg 5.820e-02s  min 5.135e-02s  dev 5.352e-03s
DFFT bdfft  max 1.039e-02s  avg 8.078e-03s  min 6.621e-03s  dev 1.405e-03s
BACKWARD    max 8.365e-02s  avg 8.363e-02s  min 8.362e-02s  dev 1.308e-05s

r-space:
a[0,0,0] = (2097152.000000,0.000000) = (4140000000000000,0)
real in [0.000000e+00,0.000000e+00] = [0,0]
imag in [0.000000e+00,0.000000e+00] = [0,0]

[PI-INFO] Paramount Iteration,0,4,1.000364,0.173036

TESTING 4

[PI-INFO] Paramount Iteration,2,4,0.992638,0.173032
[PI-INFO] Paramount Iteration,3,4,0.992275,0.173022
[PI-INFO] Paramount Iteration,1,4,0.992292,0.173014
DFFT  fd32  max 1.885e-02s  avg 1.544e-02s  min 1.318e-02s  dev 2.350e-03s
DFFT  f1dx  max 3.660e-03s  avg 2.769e-03s  min 2.122e-03s  dev 5.577e-04s
DFFT  fd23  max 1.929e-02s  avg 1.640e-02s  min 1.495e-02s  dev 1.770e-03s
DFFT  fd32  max 1.287e-02s  avg 1.040e-02s  min 7.840e-03s  dev 1.795e-03s
DFFT  f1dy  max 3.697e-03s  avg 2.830e-03s  min 2.398e-03s  dev 5.097e-04s
DFFT  fd23  max 1.440e-02s  avg 1.195e-02s  min 9.242e-03s  dev 1.982e-03s
DFFT  fd32  max 4.717e-03s  avg 4.352e-03s  min 3.805e-03s  dev 3.489e-04s
DFFT  f1dz  max 3.686e-03s  avg 2.816e-03s  min 2.382e-03s  dev 5.110e-04s
DFFT fdist  max 6.665e-02s  avg 5.854e-02s  min 5.368e-02s  dev 5.298e-03s
DFFT fdfft  max 1.104e-02s  avg 8.415e-03s  min 6.901e-03s  dev 1.566e-03s
FORWARD     max 8.559e-02s  avg 8.532e-02s  min 8.522e-02s  dev 1.583e-04s

k-space:
real in [1.000000e+00,1.000000e+00] = [3ff0000000000000,3ff0000000000000]
imag in [0.000000e+00,0.000000e+00] = [0,0]

DFFT  b1dz  max 3.501e-03s  avg 2.684e-03s  min 2.112e-03s  dev 5.069e-04s
DFFT  bd23  max 4.565e-03s  avg 4.267e-03s  min 3.499e-03s  dev 4.456e-04s
DFFT  bd32  max 1.231e-02s  avg 9.992e-03s  min 7.538e-03s  dev 1.721e-03s
DFFT  b1dy  max 3.497e-03s  avg 2.627e-03s  min 1.968e-03s  dev 5.639e-04s
DFFT  bd23  max 1.418e-02s  avg 1.145e-02s  min 8.413e-03s  dev 2.066e-03s
DFFT  bd32  max 1.867e-02s  avg 1.548e-02s  min 1.312e-02s  dev 2.384e-03s
DFFT  b1dx  max 3.350e-03s  avg 2.781e-03s  min 2.467e-03s  dev 3.396e-04s
DFFT  bd23  max 1.790e-02s  avg 1.613e-02s  min 1.359e-02s  dev 1.788e-03s
DFFT bdist  max 6.353e-02s  avg 5.732e-02s  min 5.206e-02s  dev 4.479e-03s
DFFT bdfft  max 1.035e-02s  avg 8.092e-03s  min 6.547e-03s  dev 1.395e-03s
BACKWARD    max 8.194e-02s  avg 8.192e-02s  min 8.191e-02s  dev 9.327e-06s

r-space:
a[0,0,0] = (2097152.000000,0.000000) = (4140000000000000,0)
real in [0.000000e+00,0.000000e+00] = [0,0]
imag in [0.000000e+00,0.000000e+00] = [0,0]

[PI-INFO] Paramount Iteration,0,5,1.172870,0.172506

TESTING 5

[PI-INFO] Paramount Iteration,3,5,1.164745,0.172470
[PI-INFO] Paramount Iteration,2,5,1.165146,0.172508
[PI-INFO] Paramount Iteration,1,5,1.164745,0.172453
DFFT  fd32  max 1.846e-02s  avg 1.516e-02s  min 1.264e-02s  dev 2.363e-03s
DFFT  f1dx  max 3.372e-03s  avg 2.713e-03s  min 2.262e-03s  dev 4.066e-04s
DFFT  fd23  max 1.695e-02s  avg 1.553e-02s  min 1.431e-02s  dev 1.165e-03s
DFFT  fd32  max 1.269e-02s  avg 1.019e-02s  min 7.622e-03s  dev 1.795e-03s
DFFT  f1dy  max 3.580e-03s  avg 2.778e-03s  min 2.414e-03s  dev 4.701e-04s
DFFT  fd23  max 1.400e-02s  avg 1.181e-02s  min 9.550e-03s  dev 1.767e-03s
DFFT  fd32  max 4.483e-03s  avg 4.161e-03s  min 3.703e-03s  dev 2.905e-04s
DFFT  f1dz  max 3.565e-03s  avg 2.748e-03s  min 2.354e-03s  dev 4.778e-04s
DFFT fdist  max 6.309e-02s  avg 5.684e-02s  min 5.231e-02s  dev 4.255e-03s
DFFT fdfft  max 1.052e-02s  avg 8.238e-03s  min 7.030e-03s  dev 1.345e-03s
FORWARD     max 8.112e-02s  avg 8.101e-02s  min 8.093e-02s  dev 8.040e-05s

k-space:
real in [1.000000e+00,1.000000e+00] = [3ff0000000000000,3ff0000000000000]
imag in [0.000000e+00,0.000000e+00] = [0,0]

DFFT  b1dz  max 3.340e-03s  avg 2.573e-03s  min 2.044e-03s  dev 4.735e-04s
DFFT  bd23  max 4.508e-03s  avg 4.276e-03s  min 3.737e-03s  dev 3.129e-04s
DFFT  bd32  max 1.256e-02s  avg 1.029e-02s  min 7.827e-03s  dev 1.718e-03s
DFFT  b1dy  max 3.477e-03s  avg 2.646e-03s  min 2.163e-03s  dev 5.135e-04s
DFFT  bd23  max 1.391e-02s  avg 1.130e-02s  min 8.528e-03s  dev 1.945e-03s
DFFT  bd32  max 1.760e-02s  avg 1.476e-02s  min 1.276e-02s  dev 2.062e-03s
DFFT  b1dx  max 3.089e-03s  avg 2.597e-03s  min 2.068e-03s  dev 3.624e-04s
DFFT  bd23  max 1.772e-02s  avg 1.560e-02s  min 1.356e-02s  dev 1.507e-03s
DFFT bdist  max 6.266e-02s  avg 5.623e-02s  min 5.142e-02s  dev 4.732e-03s
DFFT bdfft  max 9.906e-03s  avg 7.816e-03s  min 6.275e-03s  dev 1.324e-03s
BACKWARD    max 8.018e-02s  avg 8.016e-02s  min 8.013e-02s  dev 1.922e-05s

r-space:
a[0,0,0] = (2097152.000000,0.000000) = (4140000000000000,0)
real in [0.000000e+00,0.000000e+00] = [0,0]
imag in [0.000000e+00,0.000000e+00] = [0,0]

[PI-INFO] Paramount Iteration,0,6,1.339275,0.166405

TESTING 6

[PI-INFO] Paramount Iteration,2,6,1.331563,0.166417
[PI-INFO] Paramount Iteration,3,6,1.331159,0.166414
[PI-INFO] Paramount Iteration,1,6,1.331179,0.166434
DFFT  fd32  max 1.897e-02s  avg 1.562e-02s  min 1.317e-02s  dev 2.410e-03s
DFFT  f1dx  max 3.691e-03s  avg 2.795e-03s  min 2.193e-03s  dev 5.498e-04s
DFFT  fd23  max 1.709e-02s  avg 1.545e-02s  min 1.423e-02s  dev 1.138e-03s
DFFT  fd32  max 1.266e-02s  avg 1.003e-02s  min 7.386e-03s  dev 1.875e-03s
DFFT  f1dy  max 3.706e-03s  avg 2.750e-03s  min 2.089e-03s  dev 5.912e-04s
DFFT  fd23  max 1.388e-02s  avg 1.135e-02s  min 8.616e-03s  dev 1.932e-03s
DFFT  fd32  max 4.547e-03s  avg 4.179e-03s  min 3.756e-03s  dev 3.076e-04s
DFFT  f1dz  max 3.542e-03s  avg 2.719e-03s  min 2.223e-03s  dev 4.946e-04s
DFFT fdist  max 6.291e-02s  avg 5.662e-02s  min 5.248e-02s  dev 4.304e-03s
DFFT fdfft  max 1.094e-02s  avg 8.264e-03s  min 6.505e-03s  dev 1.634e-03s
FORWARD     max 8.231e-02s  avg 8.209e-02s  min 8.192e-02s  dev 1.486e-04s

k-space:
real in [1.000000e+00,1.000000e+00] = [3ff0000000000000,3ff0000000000000]
imag in [0.000000e+00,0.000000e+00] = [0,0]

DFFT  b1dz  max 3.344e-03s  avg 2.580e-03s  min 2.081e-03s  dev 4.659e-04s
DFFT  bd23  max 4.518e-03s  avg 4.284e-03s  min 3.671e-03s  dev 3.539e-04s
DFFT  bd32  max 1.265e-02s  avg 1.030e-02s  min 7.801e-03s  dev 1.729e-03s
DFFT  b1dy  max 3.450e-03s  avg 2.593e-03s  min 1.932e-03s  dev 5.599e-04s
DFFT  bd23  max 1.360e-02s  avg 1.109e-02s  min 8.399e-03s  dev 1.884e-03s
DFFT  bd32  max 1.782e-02s  avg 1.486e-02s  min 1.258e-02s  dev 2.229e-03s
DFFT  b1dx  max 3.268e-03s  avg 2.671e-03s  min 2.209e-03s  dev 3.802e-04s
DFFT  bd23  max 1.902e-02s  avg 1.551e-02s  min 1.331e-02s  dev 2.176e-03s
DFFT bdist  max 6.379e-02s  avg 5.605e-02s  min 5.104e-02s  dev 5.181e-03s
DFFT bdfft  max 1.006e-02s  avg 7.845e-03s  min 6.222e-03s  dev 1.395e-03s
BACKWARD    max 8.164e-02s  avg 8.159e-02s  min 8.154e-02s  dev 3.493e-05s

r-space:
a[0,0,0] = (2097152.000000,0.000000) = (4140000000000000,0)
real in [0.000000e+00,0.000000e+00] = [0,0]
imag in [0.000000e+00,0.000000e+00] = [0,0]

[PI-INFO] Paramount Iteration,0,7,1.508069,0.168794

TESTING 7

[PI-INFO] Paramount Iteration,2,7,1.500369,0.168806
[PI-INFO] Paramount Iteration,3,7,1.499979,0.168820
[PI-INFO] Paramount Iteration,1,7,1.499984,0.168805
DFFT  fd32  max 1.771e-02s  avg 1.435e-02s  min 1.187e-02s  dev 2.376e-03s
DFFT  f1dx  max 3.495e-03s  avg 2.747e-03s  min 2.284e-03s  dev 4.511e-04s
DFFT  fd23  max 1.721e-02s  avg 1.519e-02s  min 1.351e-02s  dev 1.687e-03s
DFFT  fd32  max 1.257e-02s  avg 1.035e-02s  min 8.169e-03s  dev 1.580e-03s
DFFT  f1dy  max 3.515e-03s  avg 2.722e-03s  min 2.288e-03s  dev 4.743e-04s
DFFT  fd23  max 1.360e-02s  avg 1.134e-02s  min 8.938e-03s  dev 1.762e-03s
DFFT  fd32  max 4.549e-03s  avg 4.256e-03s  min 3.892e-03s  dev 2.547e-04s
DFFT  f1dz  max 3.718e-03s  avg 2.822e-03s  min 2.383e-03s  dev 5.248e-04s
DFFT fdist  max 6.235e-02s  avg 5.548e-02s  min 5.044e-02s  dev 4.459e-03s
DFFT fdfft  max 1.073e-02s  avg 8.291e-03s  min 6.955e-03s  dev 1.444e-03s
FORWARD     max 8.046e-02s  avg 8.032e-02s  min 8.020e-02s  dev 1.039e-04s

k-space:
real in [1.000000e+00,1.000000e+00] = [3ff0000000000000,3ff0000000000000]
imag in [0.000000e+00,0.000000e+00] = [0,0]

DFFT  b1dz  max 3.432e-03s  avg 2.686e-03s  min 2.209e-03s  dev 4.536e-04s
DFFT  bd23  max 4.566e-03s  avg 4.359e-03s  min 3.842e-03s  dev 2.992e-04s
DFFT  bd32  max 1.257e-02s  avg 1.033e-02s  min 7.997e-03s  dev 1.669e-03s
DFFT  b1dy  max 3.462e-03s  avg 2.710e-03s  min 2.341e-03s  dev 4.505e-04s
DFFT  bd23  max 1.372e-02s  avg 1.141e-02s  min 8.997e-03s  dev 1.759e-03s
DFFT  bd32  max 1.682e-02s  avg 1.446e-02s  min 1.223e-02s  dev 2.141e-03s
DFFT  b1dx  max 3.113e-03s  avg 2.663e-03s  min 2.282e-03s  dev 2.960e-04s
DFFT  bd23  max 1.766e-02s  avg 1.565e-02s  min 1.322e-02s  dev 1.681e-03s
DFFT bdist  max 6.223e-02s  avg 5.620e-02s  min 5.063e-02s  dev 4.373e-03s
DFFT bdfft  max 1.001e-02s  avg 8.058e-03s  min 6.876e-03s  dev 1.178e-03s
BACKWARD    max 7.924e-02s  avg 7.922e-02s  min 7.919e-02s  dev 1.705e-05s

r-space:
a[0,0,0] = (2097152.000000,0.000000) = (4140000000000000,0)
real in [0.000000e+00,0.000000e+00] = [0,0]
imag in [0.000000e+00,0.000000e+00] = [0,0]

[PI-INFO] Paramount Iteration,0,8,1.672805,0.164736

TESTING 8

[PI-INFO] Paramount Iteration,1,8,1.664682,0.164698
[PI-INFO] Paramount Iteration,3,8,1.664681,0.164702
[PI-INFO] Paramount Iteration,2,8,1.665094,0.164725
DFFT  fd32  max 1.799e-02s  avg 1.460e-02s  min 1.216e-02s  dev 2.406e-03s
DFFT  f1dx  max 3.547e-03s  avg 2.771e-03s  min 2.307e-03s  dev 4.655e-04s
DFFT  fd23  max 1.782e-02s  avg 1.591e-02s  min 1.428e-02s  dev 1.590e-03s
DFFT  fd32  max 1.299e-02s  avg 1.049e-02s  min 8.000e-03s  dev 1.779e-03s
DFFT  f1dy  max 3.695e-03s  avg 2.746e-03s  min 2.250e-03s  dev 5.589e-04s
DFFT  fd23  max 1.413e-02s  avg 1.173e-02s  min 9.240e-03s  dev 1.805e-03s
DFFT  fd32  max 4.483e-03s  avg 4.173e-03s  min 3.813e-03s  dev 2.613e-04s
DFFT  f1dz  max 3.545e-03s  avg 2.715e-03s  min 2.319e-03s  dev 4.847e-04s
DFFT fdist  max 6.281e-02s  avg 5.691e-02s  min 5.225e-02s  dev 3.962e-03s
DFFT fdfft  max 1.079e-02s  avg 8.232e-03s  min 6.876e-03s  dev 1.507e-03s
FORWARD     max 8.220e-02s  avg 8.203e-02s  min 8.190e-02s  dev 1.289e-04s

k-space:
real in [1.000000e+00,1.000000e+00] = [3ff0000000000000,3ff0000000000000]
imag in [0.000000e+00,0.000000e+00] = [0,0]

DFFT  b1dz  max 3.347e-03s  avg 2.601e-03s  min 2.134e-03s  dev 4.514e-04s
DFFT  bd23  max 4.521e-03s  avg 4.288e-03s  min 3.793e-03s  dev 2.888e-04s
DFFT  bd32  max 1.214e-02s  avg 1.010e-02s  min 7.948e-03s  dev 1.554e-03s
DFFT  b1dy  max 3.469e-03s  avg 2.762e-03s  min 2.384e-03s  dev 4.275e-04s
DFFT  bd23  max 1.384e-02s  avg 1.183e-02s  min 9.651e-03s  dev 1.658e-03s
DFFT  bd32  max 1.718e-02s  avg 1.463e-02s  min 1.254e-02s  dev 2.044e-03s
DFFT  b1dx  max 3.044e-03s  avg 2.566e-03s  min 2.071e-03s  dev 3.439e-04s
DFFT  bd23  max 1.773e-02s  avg 1.535e-02s  min 1.268e-02s  dev 1.811e-03s
DFFT bdist  max 6.318e-02s  avg 5.619e-02s  min 4.999e-02s  dev 4.992e-03s
DFFT bdfft  max 9.861e-03s  avg 7.929e-03s  min 6.674e-03s  dev 1.182e-03s
BACKWARD    max 7.912e-02s  avg 7.911e-02s  min 7.910e-02s  dev 7.708e-06s

r-space:
a[0,0,0] = (2097152.000000,0.000000) = (4140000000000000,0)
real in [0.000000e+00,0.000000e+00] = [0,0]
imag in [0.000000e+00,0.000000e+00] = [0,0]

[PI-INFO] Paramount Iteration,0,9,1.839021,0.166216

TESTING 9

[PI-INFO] Paramount Iteration,2,9,1.831334,0.166240
[PI-INFO] Paramount Iteration,1,9,1.830954,0.166272
[PI-INFO] Paramount Iteration,3,9,1.830946,0.166265
DFFT  fd32  max 1.801e-02s  avg 1.430e-02s  min 1.175e-02s  dev 2.440e-03s
DFFT  f1dx  max 3.434e-03s  avg 2.653e-03s  min 1.980e-03s  dev 5.168e-04s
DFFT  fd23  max 1.763e-02s  avg 1.586e-02s  min 1.464e-02s  dev 1.259e-03s
DFFT  fd32  max 1.265e-02s  avg 1.005e-02s  min 7.383e-03s  dev 1.874e-03s
DFFT  f1dy  max 3.649e-03s  avg 2.703e-03s  min 1.939e-03s  dev 6.122e-04s
DFFT  fd23  max 1.411e-02s  avg 1.130e-02s  min 8.202e-03s  dev 2.135e-03s
DFFT  fd32  max 4.496e-03s  avg 4.061e-03s  min 3.379e-03s  dev 4.281e-04s
DFFT  f1dz  max 3.549e-03s  avg 2.610e-03s  min 1.869e-03s  dev 6.027e-04s
DFFT fdist  max 6.238e-02s  avg 5.557e-02s  min 5.035e-02s  dev 4.896e-03s
DFFT fdfft  max 1.063e-02s  avg 7.966e-03s  min 5.788e-03s  dev 1.730e-03s
FORWARD     max 8.167e-02s  avg 8.145e-02s  min 8.129e-02s  dev 1.562e-04s

k-space:
real in [1.000000e+00,1.000000e+00] = [3ff0000000000000,3ff0000000000000]
imag in [0.000000e+00,0.000000e+00] = [0,0]

DFFT  b1dz  max 3.348e-03s  avg 2.468e-03s  min 1.645e-03s  dev 6.026e-04s
DFFT  bd23  max 4.496e-03s  avg 4.164e-03s  min 3.255e-03s  dev 5.258e-04s
DFFT  bd32  max 1.221e-02s  avg 9.942e-03s  min 7.638e-03s  dev 1.652e-03s
DFFT  b1dy  max 3.381e-03s  avg 2.536e-03s  min 1.847e-03s  dev 5.576e-04s
DFFT  bd23  max 1.351e-02s  avg 1.091e-02s  min 8.097e-03s  dev 1.965e-03s
DFFT  bd32  max 1.851e-02s  avg 1.489e-02s  min 1.280e-02s  dev 2.290e-03s
DFFT  b1dx  max 3.283e-03s  avg 2.524e-03s  min 1.600e-03s  dev 6.006e-04s
DFFT  bd23  max 1.779e-02s  avg 1.543e-02s  min 1.373e-02s  dev 1.482e-03s
DFFT bdist  max 6.286e-02s  avg 5.534e-02s  min 4.911e-02s  dev 5.605e-03s
DFFT bdfft  max 1.001e-02s  avg 7.528e-03s  min 5.093e-03s  dev 1.743e-03s
BACKWARD    max 8.052e-02s  avg 8.049e-02s  min 8.046e-02s  dev 2.122e-05s

r-space:
a[0,0,0] = (2097152.000000,0.000000) = (4140000000000000,0)
real in [0.000000e+00,0.000000e+00] = [0,0]
imag in [0.000000e+00,0.000000e+00] = [0,0]

[PI-INFO] Paramount Iteration,0,10,2.006088,0.167067

TESTING a

[PI-INFO] Paramount Iteration,2,10,1.998394,0.167060
[PI-INFO] Paramount Iteration,3,10,1.997969,0.167023
[PI-INFO] Paramount Iteration,1,10,1.997972,0.167018
DFFT  fd32  max 1.726e-02s  avg 1.429e-02s  min 1.214e-02s  dev 2.018e-03s
DFFT  f1dx  max 3.160e-03s  avg 2.515e-03s  min 1.784e-03s  dev 4.897e-04s
DFFT  fd23  max 1.700e-02s  avg 1.474e-02s  min 1.310e-02s  dev 1.640e-03s
DFFT  fd32  max 1.224e-02s  avg 9.918e-03s  min 7.534e-03s  dev 1.685e-03s
DFFT  f1dy  max 3.445e-03s  avg 2.526e-03s  min 1.732e-03s  dev 6.143e-04s
DFFT  fd23  max 1.367e-02s  avg 1.102e-02s  min 7.997e-03s  dev 2.043e-03s
DFFT  fd32  max 4.519e-03s  avg 4.058e-03s  min 3.263e-03s  dev 4.896e-04s
DFFT  f1dz  max 3.675e-03s  avg 2.642e-03s  min 1.722e-03s  dev 6.934e-04s
DFFT fdist  max 6.068e-02s  avg 5.402e-02s  min 4.937e-02s  dev 4.619e-03s
DFFT fdfft  max 1.028e-02s  avg 7.683e-03s  min 5.238e-03s  dev 1.785e-03s
FORWARD     max 7.921e-02s  avg 7.896e-02s  min 7.879e-02s  dev 1.718e-04s

k-space:
real in [1.000000e+00,1.000000e+00] = [3ff0000000000000,3ff0000000000000]
imag in [0.000000e+00,0.000000e+00] = [0,0]

DFFT  b1dz  max 3.395e-03s  avg 2.538e-03s  min 1.750e-03s  dev 5.830e-04s
DFFT  bd23  max 4.444e-03s  avg 4.226e-03s  min 3.621e-03s  dev 3.502e-04s
DFFT  bd32  max 1.240e-02s  avg 1.021e-02s  min 7.984e-03s  dev 1.594e-03s
DFFT  b1dy  max 3.415e-03s  avg 2.584e-03s  min 1.952e-03s  dev 5.375e-04s
DFFT  bd23  max 1.397e-02s  avg 1.127e-02s  min 8.384e-03s  dev 2.003e-03s
DFFT  bd32  max 1.672e-02s  avg 1.414e-02s  min 1.215e-02s  dev 1.906e-03s
DFFT  b1dx  max 3.062e-03s  avg 2.476e-03s  min 1.707e-03s  dev 4.879e-04s
DFFT  bd23  max 1.723e-02s  avg 1.443e-02s  min 1.225e-02s  dev 1.828e-03s
DFFT bdist  max 6.090e-02s  avg 5.428e-02s  min 4.984e-02s  dev 4.695e-03s
DFFT bdfft  max 9.872e-03s  avg 7.598e-03s  min 5.408e-03s  dev 1.583e-03s
BACKWARD    max 7.860e-02s  avg 7.856e-02s  min 7.850e-02s  dev 3.583e-05s

r-space:
a[0,0,0] = (2097152.000000,0.000000) = (4140000000000000,0)
real in [0.000000e+00,0.000000e+00] = [0,0]
imag in [0.000000e+00,0.000000e+00] = [0,0]

[PI-INFO] Paramount Iteration,0,11,2.168680,0.162592

TESTING b

[PI-INFO] Paramount Iteration,3,11,2.160559,0.162590
[PI-INFO] Paramount Iteration,2,11,2.160992,0.162598
[PI-INFO] Paramount Iteration,1,11,2.160561,0.162589
DFFT  fd32  max 1.799e-02s  avg 1.450e-02s  min 1.228e-02s  dev 2.328e-03s
DFFT  f1dx  max 3.538e-03s  avg 2.658e-03s  min 1.823e-03s  dev 6.074e-04s
DFFT  fd23  max 1.700e-02s  avg 1.450e-02s  min 1.263e-02s  dev 1.661e-03s
DFFT  fd32  max 1.242e-02s  avg 9.959e-03s  min 7.519e-03s  dev 1.736e-03s
DFFT  f1dy  max 3.461e-03s  avg 2.608e-03s  min 1.963e-03s  dev 5.421e-04s
DFFT  fd23  max 1.393e-02s  avg 1.118e-02s  min 8.228e-03s  dev 2.045e-03s
DFFT  fd32  max 4.563e-03s  avg 4.081e-03s  min 3.415e-03s  dev 4.292e-04s
DFFT  f1dz  max 3.615e-03s  avg 2.677e-03s  min 1.951e-03s  dev 5.978e-04s
DFFT fdist  max 6.121e-02s  avg 5.422e-02s  min 4.934e-02s  dev 4.861e-03s
DFFT fdfft  max 1.061e-02s  avg 7.943e-03s  min 5.738e-03s  dev 1.739e-03s
FORWARD     max 8.050e-02s  avg 8.027e-02s  min 8.013e-02s  dev 1.533e-04s

k-space:
real in [1.000000e+00,1.000000e+00] = [3ff0000000000000,3ff0000000000000]
imag in [0.000000e+00,0.000000e+00] = [0,0]

DFFT  b1dz  max 3.376e-03s  avg 2.515e-03s  min 1.830e-03s  dev 5.538e-04s
DFFT  bd23  max 4.579e-03s  avg 4.338e-03s  min 3.669e-03s  dev 3.864e-04s
DFFT  bd32  max 1.251e-02s  avg 1.023e-02s  min 7.861e-03s  dev 1.677e-03s
DFFT  b1dy  max 3.454e-03s  avg 2.685e-03s  min 2.249e-03s  dev 4.794e-04s
DFFT  bd23  max 1.399e-02s  avg 1.155e-02s  min 8.921e-03s  dev 1.842e-03s
DFFT  bd32  max 1.684e-02s  avg 1.424e-02s  min 1.208e-02s  dev 2.054e-03s
DFFT  b1dx  max 3.107e-03s  avg 2.572e-03s  min 1.946e-03s  dev 4.131e-04s
DFFT  bd23  max 1.761e-02s  avg 1.556e-02s  min 1.289e-02s  dev 1.760e-03s
DFFT bdist  max 6.200e-02s  avg 5.592e-02s  min 5.071e-02s  dev 4.490e-03s
DFFT bdfft  max 9.937e-03s  avg 7.772e-03s  min 6.025e-03s  dev 1.406e-03s
BACKWARD    max 7.947e-02s  avg 7.945e-02s  min 7.942e-02s  dev 1.892e-05s

r-space:
a[0,0,0] = (2097152.000000,0.000000) = (4140000000000000,0)
real in [0.000000e+00,0.000000e+00] = [0,0]
imag in [0.000000e+00,0.000000e+00] = [0,0]

[PI-INFO] Paramount Iteration,0,12,2.333564,0.164884

TESTING c

[PI-INFO] Paramount Iteration,2,12,2.325873,0.164881
[PI-INFO] Paramount Iteration,3,12,2.325463,0.164904
[PI-INFO] Paramount Iteration,1,12,2.325468,0.164907
DFFT  fd32  max 1.792e-02s  avg 1.500e-02s  min 1.284e-02s  dev 2.094e-03s
DFFT  f1dx  max 3.145e-03s  avg 2.573e-03s  min 1.993e-03s  dev 4.078e-04s
DFFT  fd23  max 1.702e-02s  avg 1.473e-02s  min 1.304e-02s  dev 1.678e-03s
DFFT  fd32  max 1.289e-02s  avg 1.024e-02s  min 7.484e-03s  dev 1.915e-03s
DFFT  f1dy  max 3.545e-03s  avg 2.598e-03s  min 1.833e-03s  dev 6.138e-04s
DFFT  fd23  max 1.383e-02s  avg 1.117e-02s  min 8.162e-03s  dev 2.051e-03s
DFFT  fd32  max 4.463e-03s  avg 3.996e-03s  min 3.293e-03s  dev 4.440e-04s
DFFT  f1dz  max 3.558e-03s  avg 2.615e-03s  min 1.854e-03s  dev 6.093e-04s
DFFT fdist  max 6.153e-02s  avg 5.514e-02s  min 5.064e-02s  dev 4.405e-03s
DFFT fdfft  max 1.025e-02s  avg 7.785e-03s  min 5.680e-03s  dev 1.625e-03s
FORWARD     max 8.035e-02s  avg 8.020e-02s  min 8.005e-02s  dev 1.489e-04s

k-space:
real in [1.000000e+00,1.000000e+00] = [3ff0000000000000,3ff0000000000000]
imag in [0.000000e+00,0.000000e+00] = [0,0]

DFFT  b1dz  max 3.232e-03s  avg 2.404e-03s  min 1.619e-03s  dev 5.709e-04s
DFFT  bd23  max 4.439e-03s  avg 4.133e-03s  min 3.395e-03s  dev 4.283e-04s
DFFT  bd32  max 1.234e-02s  avg 1.008e-02s  min 7.736e-03s  dev 1.654e-03s
DFFT  b1dy  max 3.434e-03s  avg 2.573e-03s  min 1.827e-03s  dev 5.756e-04s
DFFT  bd23  max 1.360e-02s  avg 1.095e-02s  min 8.006e-03s  dev 2.011e-03s
DFFT  bd32  max 1.780e-02s  avg 1.465e-02s  min 1.249e-02s  dev 2.229e-03s
DFFT  b1dx  max 3.414e-03s  avg 2.655e-03s  min 1.909e-03s  dev 5.320e-04s
DFFT  bd23  max 1.764e-02s  avg 1.535e-02s  min 1.258e-02s  dev 1.868e-03s
DFFT bdist  max 6.201e-02s  avg 5.517e-02s  min 4.983e-02s  dev 4.959e-03s
DFFT bdfft  max 1.008e-02s  avg 7.632e-03s  min 5.355e-03s  dev 1.674e-03s
BACKWARD    max 7.981e-02s  avg 7.978e-02s  min 7.976e-02s  dev 1.964e-05s

r-space:
a[0,0,0] = (2097152.000000,0.000000) = (4140000000000000,0)
real in [0.000000e+00,0.000000e+00] = [0,0]
imag in [0.000000e+00,0.000000e+00] = [0,0]

[PI-INFO] Paramount Iteration,0,13,2.498669,0.165105

TESTING d

[PI-INFO] Paramount Iteration,2,13,2.490987,0.165114
[PI-INFO] Paramount Iteration,1,13,2.490589,0.165121
[PI-INFO] Paramount Iteration,3,13,2.490585,0.165122
DFFT  fd32  max 1.766e-02s  avg 1.442e-02s  min 1.200e-02s  dev 2.388e-03s
DFFT  f1dx  max 3.425e-03s  avg 2.692e-03s  min 2.163e-03s  dev 4.581e-04s
DFFT  fd23  max 1.739e-02s  avg 1.560e-02s  min 1.445e-02s  dev 1.200e-03s
DFFT  fd32  max 1.248e-02s  avg 9.974e-03s  min 7.470e-03s  dev 1.777e-03s
DFFT  f1dy  max 3.675e-03s  avg 2.706e-03s  min 1.901e-03s  dev 6.328e-04s
DFFT  fd23  max 1.413e-02s  avg 1.127e-02s  min 8.253e-03s  dev 2.093e-03s
DFFT  fd32  max 4.462e-03s  avg 4.094e-03s  min 3.522e-03s  dev 3.624e-04s
DFFT  f1dz  max 3.620e-03s  avg 2.660e-03s  min 1.953e-03s  dev 6.031e-04s
DFFT fdist  max 6.130e-02s  avg 5.536e-02s  min 5.100e-02s  dev 4.253e-03s
DFFT fdfft  max 1.072e-02s  avg 8.058e-03s  min 6.017e-03s  dev 1.692e-03s
FORWARD     max 8.089e-02s  avg 8.070e-02s  min 8.057e-02s  dev 1.369e-04s

k-space:
real in [1.000000e+00,1.000000e+00] = [3ff0000000000000,3ff0000000000000]
imag in [0.000000e+00,0.000000e+00] = [0,0]

DFFT  b1dz  max 3.400e-03s  avg 2.536e-03s  min 1.860e-03s  dev 5.533e-04s
DFFT  bd23  max 4.508e-03s  avg 4.274e-03s  min 3.700e-03s  dev 3.335e-04s
DFFT  bd32  max 1.266e-02s  avg 1.029e-02s  min 7.884e-03s  dev 1.705e-03s
DFFT  b1dy  max 3.380e-03s  avg 2.609e-03s  min 2.154e-03s  dev 4.700e-04s
DFFT  bd23  max 1.385e-02s  avg 1.144e-02s  min 8.944e-03s  dev 1.807e-03s
DFFT  bd32  max 1.676e-02s  avg 1.459e-02s  min 1.227e-02s  dev 2.172e-03s
DFFT  b1dx  max 3.113e-03s  avg 2.644e-03s  min 2.162e-03s  dev 3.365e-04s
DFFT  bd23  max 1.774e-02s  avg 1.514e-02s  min 1.268e-02s  dev 1.944e-03s
DFFT bdist  max 6.185e-02s  avg 5.574e-02s  min 5.041e-02s  dev 4.285e-03s
DFFT bdfft  max 9.893e-03s  avg 7.789e-03s  min 6.176e-03s  dev 1.341e-03s
BACKWARD    max 7.932e-02s  avg 7.930e-02s  min 7.928e-02s  dev 1.504e-05s

r-space:
a[0,0,0] = (2097152.000000,0.000000) = (4140000000000000,0)
real in [0.000000e+00,0.000000e+00] = [0,0]
imag in [0.000000e+00,0.000000e+00] = [0,0]

[PI-INFO] Paramount Iteration,0,14,2.663820,0.165151

TESTING e

[PI-INFO] Paramount Iteration,2,14,2.656150,0.165163
[PI-INFO] Paramount Iteration,1,14,2.655745,0.165156
[PI-INFO] Paramount Iteration,3,14,2.655742,0.165157
DFFT  fd32  max 1.826e-02s  avg 1.467e-02s  min 1.195e-02s  dev 2.599e-03s
DFFT  f1dx  max 3.556e-03s  avg 2.812e-03s  min 2.485e-03s  dev 4.324e-04s
DFFT  fd23  max 1.703e-02s  avg 1.489e-02s  min 1.290e-02s  dev 1.789e-03s
DFFT  fd32  max 1.271e-02s  avg 1.020e-02s  min 7.620e-03s  dev 1.819e-03s
DFFT  f1dy  max 3.678e-03s  avg 2.824e-03s  min 2.288e-03s  dev 5.172e-04s
DFFT  fd23  max 1.374e-02s  avg 1.154e-02s  min 9.205e-03s  dev 1.714e-03s
DFFT  fd32  max 4.441e-03s  avg 4.103e-03s  min 3.769e-03s  dev 2.593e-04s
DFFT  f1dz  max 3.652e-03s  avg 2.745e-03s  min 2.269e-03s  dev 5.347e-04s
DFFT fdist  max 6.257e-02s  avg 5.539e-02s  min 4.992e-02s  dev 4.704e-03s
DFFT fdfft  max 1.089e-02s  avg 8.381e-03s  min 7.042e-03s  dev 1.479e-03s
FORWARD     max 8.107e-02s  avg 8.092e-02s  min 8.075e-02s  dev 1.490e-04s

k-space:
real in [1.000000e+00,1.000000e+00] = [3ff0000000000000,3ff0000000000000]
imag in [0.000000e+00,0.000000e+00] = [0,0]

DFFT  b1dz  max 3.452e-03s  avg 2.615e-03s  min 1.987e-03s  dev 5.285e-04s
DFFT  bd23  max 4.553e-03s  avg 4.209e-03s  min 3.445e-03s  dev 4.446e-04s
DFFT  bd32  max 1.227e-02s  avg 1.009e-02s  min 7.737e-03s  dev 1.663e-03s
DFFT  b1dy  max 3.436e-03s  avg 2.580e-03s  min 1.873e-03s  dev 5.633e-04s
DFFT  bd23  max 1.371e-02s  avg 1.113e-02s  min 8.292e-03s  dev 1.968e-03s
DFFT  bd32  max 1.860e-02s  avg 1.494e-02s  min 1.257e-02s  dev 2.398e-03s
DFFT  b1dx  max 3.275e-03s  avg 2.607e-03s  min 1.927e-03s  dev 4.770e-04s
DFFT  bd23  max 1.872e-02s  avg 1.504e-02s  min 1.223e-02s  dev 2.380e-03s
DFFT bdist  max 6.455e-02s  avg 5.541e-02s  min 4.941e-02s  dev 6.127e-03s
DFFT bdfft  max 1.016e-02s  avg 7.803e-03s  min 5.787e-03s  dev 1.558e-03s
BACKWARD    max 8.194e-02s  avg 8.190e-02s  min 8.187e-02s  dev 2.349e-05s

r-space:
a[0,0,0] = (2097152.000000,0.000000) = (4140000000000000,0)
real in [0.000000e+00,0.000000e+00] = [0,0]
imag in [0.000000e+00,0.000000e+00] = [0,0]

[PI-INFO] Paramount Iteration,0,15,2.831696,0.167876
[PI-INFO] PI avg,0,0.168503,15
[PI-INFO] Beta,0,0.000003
[PI-INFO] Total time,2.831703
[PI-INFO] Paramount Iteration,2,15,2.824031,0.167881
[PI-INFO] PI avg,2,0.168503,15
[PI-INFO] Beta,2,0.000009
[PI-INFO] Paramount Iteration,1,15,2.823591,0.167846
[PI-INFO] PI avg,1,0.168499,15
[PI-INFO] Beta,1,0.000009
[PI-INFO] Paramount Iteration,3,15,2.823593,0.167851
[PI-INFO] PI avg,3,0.168497,15
[PI-INFO] Beta,3,0.000009
--------------------------------------------------------------------------
mpirun has exited due to process rank 0 with PID 0 on
node ip-172-31-5-140 exiting improperly. There are three reasons this could occur:

1. this process did not call "init" before exiting, but others in
the job did. This can cause a job to hang indefinitely while it waits
for all processes to call "init". By rule, if one process calls "init",
then ALL processes must call "init" prior to termination.

2. this process called "init", but exited without calling "finalize".
By rule, all processes that call "init" MUST call "finalize" prior to
exiting or it will be considered an "abnormal termination"

3. this process called "MPI_Abort" or "orte_abort" and the mca parameter
orte_create_session_dirs is set to false. In this case, the run-time cannot
detect that the abort call was an abnormal termination. Hence, the only
error message you will receive is this one.

This may have caused other processes in the application to be
terminated by signals sent by mpirun (as reported here).

You can avoid this message by specifying -quiet on the mpirun command line.
--------------------------------------------------------------------------
[ip-172-31-5-140:17406] 3 more processes have sent help message help-mpi-btl-base.txt / btl:no-nics
[ip-172-31-5-140:17406] Set MCA parameter "orte_base_help_aggregate" to 0 to see all help / error messages
Command exited with non-zero status 1
	Command being timed: "mpirun --hostfile /home/ubuntu/PI-Bench/ECP-Proxy-Apps/hostfile -n 4 ./build/TestDfft 1000 128"
	User time (seconds): 2.18
	System time (seconds): 0.61
	Percent of CPU this job got: 50%
	Elapsed (wall clock) time (h:mm:ss or m:ss): 0:05.49
	Average shared text size (kbytes): 0
	Average unshared data size (kbytes): 0
	Average stack size (kbytes): 0
	Average total size (kbytes): 0
	Maximum resident set size (kbytes): 48596
	Average resident set size (kbytes): 0
	Major (requiring I/O) page faults: 4
	Minor (reclaiming a frame) page faults: 13228
	Voluntary context switches: 1272
	Involuntary context switches: 11
	Swaps: 0
	File system inputs: 0
	File system outputs: 16488
	Socket messages sent: 0
	Socket messages received: 0
	Signals delivered: 0
	Page size (bytes): 4096
	Exit status: 1
