--------------------------------------------------------------------------
[[15784,1],0]: A high-performance Open MPI point-to-point messaging module
was unable to find any relevant network interfaces:

Module: OpenFabrics (openib)
  Host: ip-172-31-5-137

Another transport will be used instead, although this may result in
lower performance.

NOTE: You can disable this warning by setting the MCA parameter
btl_base_warn_component_unused to 0.
--------------------------------------------------------------------------
Initializing redistribution using a pencil layout on 8 ranks.
distribution 1D: [8:1:1]
distribution 3D: [2:2:2]
distribution 2z: [4:2:1]
distribution 2x: [1:4:2]
distribution 2y: [4:1:2]
DFFT  init  max 9.540e-02s  avg 7.945e-02s  min 6.823e-02s  dev 1.040e-02s

Hex representations of double precision floats
0.000000e+00 = 0
1.000000e+00 = 3ff0000000000000
2097152.000000 = 4140000000000000

[PI-INFO] Init time,0,0.240029

TESTING 0

[PI-INFO] Init time,2,0.232518
[PI-INFO] Init time,1,0.232672
[PI-INFO] Init time,3,0.232404
[PI-INFO] Init time,7,0.232426
[PI-INFO] Init time,5,0.232318
[PI-INFO] Init time,4,0.231442
[PI-INFO] Init time,6,0.231603
DFFT  fd32  max 9.051e-03s  avg 7.950e-03s  min 6.835e-03s  dev 9.660e-04s
DFFT  f1dx  max 1.217e-03s  avg 1.098e-03s  min 9.847e-04s  dev 8.213e-05s
DFFT  fd23  max 8.359e-03s  avg 6.859e-03s  min 5.171e-03s  dev 1.191e-03s
DFFT  fd32  max 6.023e-03s  avg 4.800e-03s  min 3.856e-03s  dev 7.234e-04s
DFFT  f1dy  max 1.212e-03s  avg 1.111e-03s  min 8.964e-04s  dev 1.094e-04s
DFFT  fd23  max 6.796e-03s  avg 5.371e-03s  min 4.224e-03s  dev 8.843e-04s
DFFT  fd32  max 5.218e-03s  avg 4.373e-03s  min 3.458e-03s  dev 5.456e-04s
DFFT  f1dz  max 1.249e-03s  avg 1.102e-03s  min 8.904e-04s  dev 1.274e-04s
DFFT fdist  max 3.418e-02s  avg 2.935e-02s  min 2.390e-02s  dev 3.497e-03s
DFFT fdfft  max 3.673e-03s  avg 3.311e-03s  min 2.802e-03s  dev 2.918e-04s
FORWARD     max 4.446e-02s  avg 4.442e-02s  min 4.436e-02s  dev 3.036e-05s

k-space:
real in [1.000000e+00,1.000000e+00] = [3ff0000000000000,3ff0000000000000]
imag in [0.000000e+00,0.000000e+00] = [0,0]

DFFT  b1dz  max 1.245e-03s  avg 1.033e-03s  min 7.625e-04s  dev 1.631e-04s
DFFT  bd23  max 5.287e-03s  avg 4.435e-03s  min 3.468e-03s  dev 5.846e-04s
DFFT  bd32  max 5.924e-03s  avg 4.585e-03s  min 3.670e-03s  dev 6.993e-04s
DFFT  b1dy  max 1.269e-03s  avg 1.093e-03s  min 9.092e-04s  dev 1.239e-04s
DFFT  bd23  max 6.908e-03s  avg 5.296e-03s  min 4.148e-03s  dev 8.811e-04s
DFFT  bd32  max 6.469e-03s  avg 5.452e-03s  min 4.348e-03s  dev 9.239e-04s
DFFT  b1dx  max 1.250e-03s  avg 1.062e-03s  min 8.349e-04s  dev 1.420e-04s
DFFT  bd23  max 7.747e-03s  avg 6.398e-03s  min 4.776e-03s  dev 1.203e-03s
DFFT bdist  max 3.083e-02s  avg 2.617e-02s  min 2.107e-02s  dev 3.560e-03s
DFFT bdfft  max 3.722e-03s  avg 3.188e-03s  min 2.507e-03s  dev 3.959e-04s
BACKWARD    max 4.142e-02s  avg 4.140e-02s  min 4.137e-02s  dev 2.015e-05s

r-space:
a[0,0,0] = (2097152.000000,0.000000) = (4140000000000000,0)
real in [0.000000e+00,0.000000e+00] = [0,0]
imag in [0.000000e+00,0.000000e+00] = [0,0]

[PI-INFO] Paramount Iteration,0,1,0.329569,0.089540

TESTING 1

[PI-INFO] Paramount Iteration,2,1,0.322052,0.089534
[PI-INFO] Paramount Iteration,4,1,0.320983,0.089541
[PI-INFO] Paramount Iteration,1,1,0.322228,0.089556
[PI-INFO] Paramount Iteration,3,1,0.321957,0.089553
[PI-INFO] Paramount Iteration,7,1,0.321979,0.089553
[PI-INFO] Paramount Iteration,5,1,0.321874,0.089556
[PI-INFO] Paramount Iteration,6,1,0.321142,0.089539
DFFT  fd32  max 6.545e-03s  avg 5.374e-03s  min 4.203e-03s  dev 9.089e-04s
DFFT  f1dx  max 1.247e-03s  avg 1.059e-03s  min 8.810e-04s  dev 1.308e-04s
DFFT  fd23  max 8.045e-03s  avg 6.547e-03s  min 4.912e-03s  dev 1.237e-03s
DFFT  fd32  max 5.976e-03s  avg 4.654e-03s  min 3.753e-03s  dev 7.175e-04s
DFFT  f1dy  max 1.290e-03s  avg 1.092e-03s  min 8.563e-04s  dev 1.364e-04s
DFFT  fd23  max 6.891e-03s  avg 5.304e-03s  min 4.116e-03s  dev 8.843e-04s
DFFT  fd32  max 5.139e-03s  avg 4.118e-03s  min 3.384e-03s  dev 5.649e-04s
DFFT  f1dz  max 1.266e-03s  avg 1.065e-03s  min 8.162e-04s  dev 1.463e-04s
DFFT fdist  max 3.093e-02s  avg 2.600e-02s  min 2.092e-02s  dev 3.665e-03s
DFFT fdfft  max 3.804e-03s  avg 3.216e-03s  min 2.553e-03s  dev 4.076e-04s
FORWARD     max 4.199e-02s  avg 4.187e-02s  min 4.182e-02s  dev 5.762e-05s

k-space:
real in [1.000000e+00,1.000000e+00] = [3ff0000000000000,3ff0000000000000]
imag in [0.000000e+00,0.000000e+00] = [0,0]

DFFT  b1dz  max 1.254e-03s  avg 1.027e-03s  min 7.554e-04s  dev 1.548e-04s
DFFT  bd23  max 5.374e-03s  avg 4.426e-03s  min 3.555e-03s  dev 6.187e-04s
DFFT  bd32  max 5.954e-03s  avg 4.697e-03s  min 3.731e-03s  dev 7.025e-04s
DFFT  b1dy  max 1.210e-03s  avg 1.087e-03s  min 8.367e-04s  dev 1.329e-04s
DFFT  bd23  max 6.768e-03s  avg 5.248e-03s  min 4.118e-03s  dev 8.514e-04s
DFFT  bd32  max 6.737e-03s  avg 5.594e-03s  min 4.331e-03s  dev 9.641e-04s
DFFT  b1dx  max 1.238e-03s  avg 1.082e-03s  min 8.414e-04s  dev 1.378e-04s
DFFT  bd23  max 7.936e-03s  avg 6.394e-03s  min 4.772e-03s  dev 1.225e-03s
DFFT bdist  max 3.152e-02s  avg 2.636e-02s  min 2.113e-02s  dev 3.788e-03s
DFFT bdfft  max 3.640e-03s  avg 3.195e-03s  min 2.433e-03s  dev 4.132e-04s
BACKWARD    max 4.193e-02s  avg 4.190e-02s  min 4.184e-02s  dev 3.022e-05s

r-space:
a[0,0,0] = (2097152.000000,0.000000) = (4140000000000000,0)
real in [0.000000e+00,0.000000e+00] = [0,0]
imag in [0.000000e+00,0.000000e+00] = [0,0]

[PI-INFO] Paramount Iteration,0,2,0.417095,0.087526

TESTING 2

[PI-INFO] Paramount Iteration,2,2,0.409575,0.087523
[PI-INFO] Paramount Iteration,1,2,0.409748,0.087520
[PI-INFO] Paramount Iteration,4,2,0.408500,0.087517
[PI-INFO] Paramount Iteration,3,2,0.409480,0.087523
[PI-INFO] Paramount Iteration,7,2,0.409503,0.087524
[PI-INFO] Paramount Iteration,5,2,0.409395,0.087521
[PI-INFO] Paramount Iteration,6,2,0.408667,0.087525
DFFT  fd32  max 7.527e-03s  avg 5.564e-03s  min 4.154e-03s  dev 1.112e-03s
DFFT  f1dx  max 1.287e-03s  avg 1.104e-03s  min 8.754e-04s  dev 1.446e-04s
DFFT  fd23  max 8.343e-03s  avg 6.738e-03s  min 4.937e-03s  dev 1.300e-03s
DFFT  fd32  max 5.995e-03s  avg 4.720e-03s  min 3.683e-03s  dev 7.613e-04s
DFFT  f1dy  max 1.242e-03s  avg 1.093e-03s  min 8.858e-04s  dev 1.304e-04s
DFFT  fd23  max 6.811e-03s  avg 5.342e-03s  min 4.083e-03s  dev 9.178e-04s
DFFT  fd32  max 5.193e-03s  avg 4.213e-03s  min 3.422e-03s  dev 5.966e-04s
DFFT  f1dz  max 1.271e-03s  avg 1.103e-03s  min 8.566e-04s  dev 1.439e-04s
DFFT fdist  max 3.247e-02s  avg 2.658e-02s  min 2.096e-02s  dev 4.043e-03s
DFFT fdfft  max 3.769e-03s  avg 3.301e-03s  min 2.618e-03s  dev 4.158e-04s
FORWARD     max 4.305e-02s  avg 4.296e-02s  min 4.288e-02s  dev 6.143e-05s

k-space:
real in [1.000000e+00,1.000000e+00] = [3ff0000000000000,3ff0000000000000]
imag in [0.000000e+00,0.000000e+00] = [0,0]

DFFT  b1dz  max 1.198e-03s  avg 1.018e-03s  min 7.626e-04s  dev 1.415e-04s
DFFT  bd23  max 5.333e-03s  avg 4.335e-03s  min 3.484e-03s  dev 6.250e-04s
DFFT  bd32  max 5.887e-03s  avg 4.560e-03s  min 3.549e-03s  dev 7.702e-04s
DFFT  b1dy  max 1.226e-03s  avg 1.067e-03s  min 8.233e-04s  dev 1.557e-04s
DFFT  bd23  max 6.796e-03s  avg 5.228e-03s  min 4.088e-03s  dev 8.902e-04s
DFFT  bd32  max 6.768e-03s  avg 5.539e-03s  min 4.266e-03s  dev 9.509e-04s
DFFT  b1dx  max 1.254e-03s  avg 1.086e-03s  min 8.530e-04s  dev 1.348e-04s
DFFT  bd23  max 7.919e-03s  avg 6.442e-03s  min 4.888e-03s  dev 1.214e-03s
DFFT bdist  max 3.164e-02s  avg 2.610e-02s  min 2.066e-02s  dev 3.916e-03s
DFFT bdfft  max 3.678e-03s  avg 3.171e-03s  min 2.439e-03s  dev 4.257e-04s
BACKWARD    max 4.166e-02s  avg 4.163e-02s  min 4.157e-02s  dev 2.618e-05s

r-space:
a[0,0,0] = (2097152.000000,0.000000) = (4140000000000000,0)
real in [0.000000e+00,0.000000e+00] = [0,0]
imag in [0.000000e+00,0.000000e+00] = [0,0]

[PI-INFO] Paramount Iteration,0,3,0.505354,0.088259

TESTING 3

[PI-INFO] Paramount Iteration,2,3,0.497860,0.088285
[PI-INFO] Paramount Iteration,1,3,0.498028,0.088280
[PI-INFO] Paramount Iteration,3,3,0.497769,0.088289
[PI-INFO] Paramount Iteration,7,3,0.497792,0.088289
[PI-INFO] Paramount Iteration,5,3,0.497687,0.088292
[PI-INFO] Paramount Iteration,4,3,0.496787,0.088287
[PI-INFO] Paramount Iteration,6,3,0.496952,0.088285
DFFT  fd32  max 6.307e-03s  avg 5.324e-03s  min 4.309e-03s  dev 8.968e-04s
DFFT  f1dx  max 1.208e-03s  avg 1.051e-03s  min 8.111e-04s  dev 1.332e-04s
DFFT  fd23  max 8.164e-03s  avg 6.362e-03s  min 4.657e-03s  dev 1.244e-03s
DFFT  fd32  max 6.060e-03s  avg 4.711e-03s  min 3.859e-03s  dev 7.073e-04s
DFFT  f1dy  max 1.293e-03s  avg 1.073e-03s  min 7.551e-04s  dev 1.612e-04s
DFFT  fd23  max 6.957e-03s  avg 5.294e-03s  min 4.271e-03s  dev 8.604e-04s
DFFT  fd32  max 5.032e-03s  avg 4.046e-03s  min 3.106e-03s  dev 5.866e-04s
DFFT  f1dz  max 1.370e-03s  avg 1.050e-03s  min 7.201e-04s  dev 1.959e-04s
DFFT fdist  max 3.042e-02s  avg 2.574e-02s  min 2.135e-02s  dev 3.563e-03s
DFFT fdfft  max 3.872e-03s  avg 3.174e-03s  min 2.286e-03s  dev 4.858e-04s
FORWARD     max 4.186e-02s  avg 4.177e-02s  min 4.172e-02s  dev 4.846e-05s

k-space:
real in [1.000000e+00,1.000000e+00] = [3ff0000000000000,3ff0000000000000]
imag in [0.000000e+00,0.000000e+00] = [0,0]

DFFT  b1dz  max 1.254e-03s  avg 9.823e-04s  min 6.343e-04s  dev 1.930e-04s
DFFT  bd23  max 5.358e-03s  avg 4.295e-03s  min 3.212e-03s  dev 7.052e-04s
DFFT  bd32  max 6.025e-03s  avg 4.537e-03s  min 3.642e-03s  dev 7.479e-04s
DFFT  b1dy  max 1.238e-03s  avg 1.043e-03s  min 6.989e-04s  dev 1.939e-04s
DFFT  bd23  max 6.725e-03s  avg 5.222e-03s  min 4.149e-03s  dev 8.667e-04s
DFFT  bd32  max 6.514e-03s  avg 5.364e-03s  min 3.861e-03s  dev 9.745e-04s
DFFT  b1dx  max 1.260e-03s  avg 1.049e-03s  min 6.821e-04s  dev 1.859e-04s
DFFT  bd23  max 7.711e-03s  avg 6.195e-03s  min 4.364e-03s  dev 1.255e-03s
DFFT bdist  max 3.082e-02s  avg 2.561e-02s  min 2.064e-02s  dev 3.951e-03s
DFFT bdfft  max 3.719e-03s  avg 3.075e-03s  min 2.015e-03s  dev 5.615e-04s
BACKWARD    max 4.166e-02s  avg 4.163e-02s  min 4.158e-02s  dev 2.646e-05s

r-space:
a[0,0,0] = (2097152.000000,0.000000) = (4140000000000000,0)
real in [0.000000e+00,0.000000e+00] = [0,0]
imag in [0.000000e+00,0.000000e+00] = [0,0]

[PI-INFO] Paramount Iteration,0,4,0.592441,0.087087

TESTING 4

[PI-INFO] Paramount Iteration,2,4,0.584942,0.087082
[PI-INFO] Paramount Iteration,1,4,0.585092,0.087064
[PI-INFO] Paramount Iteration,3,4,0.584846,0.087077
[PI-INFO] Paramount Iteration,7,4,0.584866,0.087074
[PI-INFO] Paramount Iteration,5,4,0.584749,0.087062
[PI-INFO] Paramount Iteration,4,4,0.583864,0.087077
[PI-INFO] Paramount Iteration,6,4,0.584034,0.087082
DFFT  fd32  max 6.472e-03s  avg 5.173e-03s  min 3.925e-03s  dev 9.376e-04s
DFFT  f1dx  max 1.237e-03s  avg 1.031e-03s  min 7.491e-04s  dev 1.573e-04s
DFFT  fd23  max 8.114e-03s  avg 6.415e-03s  min 4.530e-03s  dev 1.287e-03s
DFFT  fd32  max 6.090e-03s  avg 4.635e-03s  min 3.634e-03s  dev 7.656e-04s
DFFT  f1dy  max 1.263e-03s  avg 1.050e-03s  min 7.360e-04s  dev 1.709e-04s
DFFT  fd23  max 7.006e-03s  avg 5.251e-03s  min 4.120e-03s  dev 9.346e-04s
DFFT  fd32  max 5.132e-03s  avg 4.106e-03s  min 3.191e-03s  dev 5.893e-04s
DFFT  f1dz  max 1.299e-03s  avg 1.071e-03s  min 7.656e-04s  dev 1.733e-04s
DFFT fdist  max 3.061e-02s  avg 2.558e-02s  min 2.067e-02s  dev 3.828e-03s
DFFT fdfft  max 3.758e-03s  avg 3.152e-03s  min 2.251e-03s  dev 4.990e-04s
FORWARD     max 4.207e-02s  avg 4.196e-02s  min 4.187e-02s  dev 5.717e-05s

k-space:
real in [1.000000e+00,1.000000e+00] = [3ff0000000000000,3ff0000000000000]
imag in [0.000000e+00,0.000000e+00] = [0,0]

DFFT  b1dz  max 1.281e-03s  avg 9.859e-04s  min 6.832e-04s  dev 1.894e-04s
DFFT  bd23  max 5.359e-03s  avg 4.303e-03s  min 3.214e-03s  dev 6.937e-04s
DFFT  bd32  max 5.990e-03s  avg 4.625e-03s  min 3.694e-03s  dev 7.153e-04s
DFFT  b1dy  max 1.200e-03s  avg 1.048e-03s  min 7.112e-04s  dev 1.595e-04s
DFFT  bd23  max 6.753e-03s  avg 5.258e-03s  min 4.168e-03s  dev 8.264e-04s
DFFT  bd32  max 6.716e-03s  avg 5.425e-03s  min 4.003e-03s  dev 9.722e-04s
DFFT  b1dx  max 1.255e-03s  avg 1.051e-03s  min 7.149e-04s  dev 1.640e-04s
DFFT  bd23  max 7.958e-03s  avg 6.319e-03s  min 4.438e-03s  dev 1.275e-03s
DFFT bdist  max 3.133e-02s  avg 2.593e-02s  min 2.073e-02s  dev 3.869e-03s
DFFT bdfft  max 3.660e-03s  avg 3.085e-03s  min 2.109e-03s  dev 5.024e-04s
BACKWARD    max 4.202e-02s  avg 4.198e-02s  min 4.192e-02s  dev 3.452e-05s

r-space:
a[0,0,0] = (2097152.000000,0.000000) = (4140000000000000,0)
real in [0.000000e+00,0.000000e+00] = [0,0]
imag in [0.000000e+00,0.000000e+00] = [0,0]

[PI-INFO] Paramount Iteration,0,5,0.680038,0.087597

TESTING 5

[PI-INFO] Paramount Iteration,1,5,0.672674,0.087582
[PI-INFO] Paramount Iteration,5,5,0.672324,0.087575
[PI-INFO] Paramount Iteration,2,5,0.672549,0.087607
[PI-INFO] Paramount Iteration,3,5,0.672409,0.087563
[PI-INFO] Paramount Iteration,7,5,0.672435,0.087569
[PI-INFO] Paramount Iteration,4,5,0.671453,0.087589
[PI-INFO] Paramount Iteration,6,5,0.671622,0.087588
DFFT  fd32  max 6.646e-03s  avg 5.336e-03s  min 4.099e-03s  dev 9.388e-04s
DFFT  f1dx  max 1.231e-03s  avg 1.046e-03s  min 7.645e-04s  dev 1.476e-04s
DFFT  fd23  max 7.871e-03s  avg 6.317e-03s  min 4.609e-03s  dev 1.221e-03s
DFFT  fd32  max 5.906e-03s  avg 4.568e-03s  min 3.635e-03s  dev 7.325e-04s
DFFT  f1dy  max 1.263e-03s  avg 1.049e-03s  min 6.999e-04s  dev 1.799e-04s
DFFT  fd23  max 6.847e-03s  avg 5.291e-03s  min 4.186e-03s  dev 8.611e-04s
DFFT  fd32  max 5.311e-03s  avg 4.123e-03s  min 3.199e-03s  dev 6.347e-04s
DFFT  f1dz  max 1.250e-03s  avg 1.043e-03s  min 7.426e-04s  dev 1.693e-04s
DFFT fdist  max 3.048e-02s  avg 2.564e-02s  min 2.068e-02s  dev 3.725e-03s
DFFT fdfft  max 3.720e-03s  avg 3.138e-03s  min 2.207e-03s  dev 4.888e-04s
FORWARD     max 4.176e-02s  avg 4.160e-02s  min 4.152e-02s  dev 7.254e-05s

k-space:
real in [1.000000e+00,1.000000e+00] = [3ff0000000000000,3ff0000000000000]
imag in [0.000000e+00,0.000000e+00] = [0,0]

DFFT  b1dz  max 1.211e-03s  avg 9.768e-04s  min 6.804e-04s  dev 1.837e-04s
DFFT  bd23  max 5.492e-03s  avg 4.353e-03s  min 3.200e-03s  dev 7.386e-04s
DFFT  bd32  max 6.141e-03s  avg 4.612e-03s  min 3.571e-03s  dev 7.925e-04s
DFFT  b1dy  max 1.298e-03s  avg 1.025e-03s  min 7.591e-04s  dev 1.763e-04s
DFFT  bd23  max 6.928e-03s  avg 5.177e-03s  min 4.019e-03s  dev 9.173e-04s
DFFT  bd32  max 6.389e-03s  avg 5.345e-03s  min 4.030e-03s  dev 9.308e-04s
DFFT  b1dx  max 1.271e-03s  avg 1.023e-03s  min 7.172e-04s  dev 1.688e-04s
DFFT  bd23  max 7.732e-03s  avg 6.286e-03s  min 4.731e-03s  dev 1.210e-03s
DFFT bdist  max 3.127e-02s  avg 2.577e-02s  min 2.077e-02s  dev 3.993e-03s
DFFT bdfft  max 3.780e-03s  avg 3.025e-03s  min 2.157e-03s  dev 5.225e-04s
BACKWARD    max 4.186e-02s  avg 4.183e-02s  min 4.181e-02s  dev 2.054e-05s

r-space:
a[0,0,0] = (2097152.000000,0.000000) = (4140000000000000,0)
real in [0.000000e+00,0.000000e+00] = [0,0]
imag in [0.000000e+00,0.000000e+00] = [0,0]

[PI-INFO] Paramount Iteration,0,6,0.767178,0.087140

TESTING 6

[PI-INFO] Paramount Iteration,2,6,0.759685,0.087136
[PI-INFO] Paramount Iteration,1,6,0.759834,0.087160
[PI-INFO] Paramount Iteration,3,6,0.759575,0.087166
[PI-INFO] Paramount Iteration,7,6,0.759595,0.087160
[PI-INFO] Paramount Iteration,5,6,0.759496,0.087172
[PI-INFO] Paramount Iteration,4,6,0.758605,0.087152
[PI-INFO] Paramount Iteration,6,6,0.758767,0.087145
DFFT  fd32  max 6.757e-03s  avg 5.345e-03s  min 4.219e-03s  dev 9.271e-04s
DFFT  f1dx  max 1.331e-03s  avg 1.082e-03s  min 8.640e-04s  dev 1.529e-04s
DFFT  fd23  max 8.360e-03s  avg 6.485e-03s  min 4.817e-03s  dev 1.248e-03s
DFFT  fd32  max 5.963e-03s  avg 4.648e-03s  min 3.624e-03s  dev 7.037e-04s
DFFT  f1dy  max 1.303e-03s  avg 1.067e-03s  min 7.914e-04s  dev 1.670e-04s
DFFT  fd23  max 6.802e-03s  avg 5.276e-03s  min 4.141e-03s  dev 8.201e-04s
DFFT  fd32  max 5.105e-03s  avg 4.089e-03s  min 3.170e-03s  dev 5.920e-04s
DFFT  f1dz  max 1.235e-03s  avg 1.066e-03s  min 8.318e-04s  dev 1.471e-04s
DFFT fdist  max 3.041e-02s  avg 2.584e-02s  min 2.118e-02s  dev 3.437e-03s
DFFT fdfft  max 3.847e-03s  avg 3.214e-03s  min 2.498e-03s  dev 4.622e-04s
FORWARD     max 4.226e-02s  avg 4.218e-02s  min 4.209e-02s  dev 6.439e-05s

k-space:
real in [1.000000e+00,1.000000e+00] = [3ff0000000000000,3ff0000000000000]
imag in [0.000000e+00,0.000000e+00] = [0,0]

DFFT  b1dz  max 1.176e-03s  avg 9.778e-04s  min 7.389e-04s  dev 1.459e-04s
DFFT  bd23  max 5.382e-03s  avg 4.381e-03s  min 3.424e-03s  dev 6.537e-04s
DFFT  bd32  max 6.105e-03s  avg 4.589e-03s  min 3.633e-03s  dev 7.513e-04s
DFFT  b1dy  max 1.273e-03s  avg 1.052e-03s  min 8.233e-04s  dev 1.532e-04s
DFFT  bd23  max 6.817e-03s  avg 5.221e-03s  min 4.108e-03s  dev 8.710e-04s
DFFT  bd32  max 6.480e-03s  avg 5.332e-03s  min 4.104e-03s  dev 9.186e-04s
DFFT  b1dx  max 1.229e-03s  avg 1.035e-03s  min 8.321e-04s  dev 1.321e-04s
DFFT  bd23  max 7.561e-03s  avg 6.223e-03s  min 4.723e-03s  dev 1.216e-03s
DFFT bdist  max 3.062e-02s  avg 2.575e-02s  min 2.108e-02s  dev 3.744e-03s
DFFT bdfft  max 3.609e-03s  avg 3.064e-03s  min 2.394e-03s  dev 4.237e-04s
BACKWARD    max 4.141e-02s  avg 4.136e-02s  min 4.130e-02s  dev 3.573e-05s

r-space:
a[0,0,0] = (2097152.000000,0.000000) = (4140000000000000,0)
real in [0.000000e+00,0.000000e+00] = [0,0]
imag in [0.000000e+00,0.000000e+00] = [0,0]

[PI-INFO] Paramount Iteration,0,7,0.854387,0.087209

TESTING 7

[PI-INFO] Paramount Iteration,2,7,0.846849,0.087164
[PI-INFO] Paramount Iteration,1,7,0.847018,0.087184
[PI-INFO] Paramount Iteration,3,7,0.846729,0.087154
[PI-INFO] Paramount Iteration,7,7,0.846739,0.087144
[PI-INFO] Paramount Iteration,5,7,0.846680,0.087184
[PI-INFO] Paramount Iteration,4,7,0.845790,0.087185
[PI-INFO] Paramount Iteration,6,7,0.845938,0.087171
DFFT  fd32  max 6.137e-03s  avg 5.098e-03s  min 3.950e-03s  dev 9.081e-04s
DFFT  f1dx  max 1.268e-03s  avg 1.032e-03s  min 7.338e-04s  dev 1.524e-04s
DFFT  fd23  max 7.851e-03s  avg 6.301e-03s  min 4.470e-03s  dev 1.235e-03s
DFFT  fd32  max 6.089e-03s  avg 4.593e-03s  min 3.698e-03s  dev 7.557e-04s
DFFT  f1dy  max 1.238e-03s  avg 1.031e-03s  min 7.139e-04s  dev 1.724e-04s
DFFT  fd23  max 6.808e-03s  avg 5.145e-03s  min 4.094e-03s  dev 8.719e-04s
DFFT  fd32  max 5.107e-03s  avg 4.089e-03s  min 3.080e-03s  dev 6.026e-04s
DFFT  f1dz  max 1.360e-03s  avg 1.050e-03s  min 7.137e-04s  dev 1.931e-04s
DFFT fdist  max 2.988e-02s  avg 2.523e-02s  min 2.075e-02s  dev 3.646e-03s
DFFT fdfft  max 3.865e-03s  avg 3.113e-03s  min 2.161e-03s  dev 5.136e-04s
FORWARD     max 4.140e-02s  avg 4.129e-02s  min 4.121e-02s  dev 5.724e-05s

k-space:
real in [1.000000e+00,1.000000e+00] = [3ff0000000000000,3ff0000000000000]
imag in [0.000000e+00,0.000000e+00] = [0,0]

DFFT  b1dz  max 1.200e-03s  avg 9.524e-04s  min 6.500e-04s  dev 1.855e-04s
DFFT  bd23  max 5.280e-03s  avg 4.193e-03s  min 3.059e-03s  dev 7.056e-04s
DFFT  bd32  max 5.964e-03s  avg 4.547e-03s  min 3.618e-03s  dev 7.322e-04s
DFFT  b1dy  max 1.214e-03s  avg 1.026e-03s  min 6.940e-04s  dev 1.769e-04s
DFFT  bd23  max 6.796e-03s  avg 5.217e-03s  min 4.172e-03s  dev 8.501e-04s
DFFT  bd32  max 6.319e-03s  avg 5.337e-03s  min 3.963e-03s  dev 9.521e-04s
DFFT  b1dx  max 1.321e-03s  avg 1.051e-03s  min 7.275e-04s  dev 1.680e-04s
DFFT  bd23  max 7.605e-03s  avg 6.308e-03s  min 4.649e-03s  dev 1.240e-03s
DFFT bdist  max 3.050e-02s  avg 2.560e-02s  min 2.062e-02s  dev 3.860e-03s
DFFT bdfft  max 3.734e-03s  avg 3.029e-03s  min 2.071e-03s  dev 5.189e-04s
BACKWARD    max 4.121e-02s  avg 4.118e-02s  min 4.116e-02s  dev 1.464e-05s

r-space:
a[0,0,0] = (2097152.000000,0.000000) = (4140000000000000,0)
real in [0.000000e+00,0.000000e+00] = [0,0]
imag in [0.000000e+00,0.000000e+00] = [0,0]

[PI-INFO] Paramount Iteration,0,8,0.940466,0.086079

TESTING 8

[PI-INFO] Paramount Iteration,2,8,0.932971,0.086122
[PI-INFO] Paramount Iteration,1,8,0.933149,0.086131
[PI-INFO] Paramount Iteration,3,8,0.932881,0.086152
[PI-INFO] Paramount Iteration,7,8,0.932905,0.086166
[PI-INFO] Paramount Iteration,5,8,0.932803,0.086123
[PI-INFO] Paramount Iteration,4,8,0.931895,0.086105
[PI-INFO] Paramount Iteration,6,8,0.932063,0.086125
DFFT  fd32  max 6.307e-03s  avg 5.202e-03s  min 4.167e-03s  dev 8.973e-04s
DFFT  f1dx  max 1.263e-03s  avg 1.039e-03s  min 7.742e-04s  dev 1.426e-04s
DFFT  fd23  max 7.757e-03s  avg 6.304e-03s  min 4.657e-03s  dev 1.219e-03s
DFFT  fd32  max 5.922e-03s  avg 4.571e-03s  min 3.668e-03s  dev 7.140e-04s
DFFT  f1dy  max 1.342e-03s  avg 1.047e-03s  min 7.372e-04s  dev 1.842e-04s
DFFT  fd23  max 6.805e-03s  avg 5.227e-03s  min 4.112e-03s  dev 8.600e-04s
DFFT  fd32  max 5.138e-03s  avg 4.096e-03s  min 3.099e-03s  dev 6.332e-04s
DFFT  f1dz  max 1.273e-03s  avg 1.042e-03s  min 7.707e-04s  dev 1.701e-04s
DFFT fdist  max 3.016e-02s  avg 2.540e-02s  min 2.057e-02s  dev 3.644e-03s
DFFT fdfft  max 3.878e-03s  avg 3.128e-03s  min 2.282e-03s  dev 4.923e-04s
FORWARD     max 4.133e-02s  avg 4.122e-02s  min 4.114e-02s  dev 5.904e-05s

k-space:
real in [1.000000e+00,1.000000e+00] = [3ff0000000000000,3ff0000000000000]
imag in [0.000000e+00,0.000000e+00] = [0,0]

DFFT  b1dz  max 1.214e-03s  avg 9.844e-04s  min 7.058e-04s  dev 1.748e-04s
DFFT  bd23  max 5.350e-03s  avg 4.333e-03s  min 3.335e-03s  dev 6.712e-04s
DFFT  bd32  max 6.257e-03s  avg 4.700e-03s  min 3.635e-03s  dev 8.042e-04s
DFFT  b1dy  max 1.239e-03s  avg 1.050e-03s  min 8.188e-04s  dev 1.637e-04s
DFFT  bd23  max 6.743e-03s  avg 5.218e-03s  min 4.080e-03s  dev 8.708e-04s
DFFT  bd32  max 6.482e-03s  avg 5.307e-03s  min 4.048e-03s  dev 9.341e-04s
DFFT  b1dx  max 1.251e-03s  avg 1.024e-03s  min 7.230e-04s  dev 1.745e-04s
DFFT  bd23  max 7.608e-03s  avg 6.125e-03s  min 4.473e-03s  dev 1.255e-03s
DFFT bdist  max 3.064e-02s  avg 2.568e-02s  min 2.059e-02s  dev 3.954e-03s
DFFT bdfft  max 3.704e-03s  avg 3.059e-03s  min 2.248e-03s  dev 5.096e-04s
BACKWARD    max 4.702e-02s  avg 4.698e-02s  min 4.693e-02s  dev 2.797e-05s

r-space:
a[0,0,0] = (2097152.000000,0.000000) = (4140000000000000,0)
real in [0.000000e+00,0.000000e+00] = [0,0]
imag in [0.000000e+00,0.000000e+00] = [0,0]

[PI-INFO] Paramount Iteration,0,9,1.032375,0.091909

TESTING 9

[PI-INFO] Paramount Iteration,2,9,1.024851,0.091880
[PI-INFO] Paramount Iteration,6,9,1.023933,0.091870
[PI-INFO] Paramount Iteration,1,9,1.025048,0.091899
[PI-INFO] Paramount Iteration,3,9,1.024739,0.091858
[PI-INFO] Paramount Iteration,7,9,1.024764,0.091859
[PI-INFO] Paramount Iteration,5,9,1.024715,0.091912
[PI-INFO] Paramount Iteration,4,9,1.023808,0.091913
DFFT  fd32  max 6.810e-03s  avg 5.469e-03s  min 4.272e-03s  dev 9.391e-04s
DFFT  f1dx  max 1.261e-03s  avg 1.064e-03s  min 8.013e-04s  dev 1.575e-04s
DFFT  fd23  max 8.101e-03s  avg 6.508e-03s  min 4.617e-03s  dev 1.280e-03s
DFFT  fd32  max 5.943e-03s  avg 4.725e-03s  min 3.871e-03s  dev 6.766e-04s
DFFT  f1dy  max 1.283e-03s  avg 1.071e-03s  min 8.225e-04s  dev 1.477e-04s
DFFT  fd23  max 6.735e-03s  avg 5.283e-03s  min 4.218e-03s  dev 8.393e-04s
DFFT  fd32  max 5.143e-03s  avg 4.128e-03s  min 3.392e-03s  dev 5.702e-04s
DFFT  f1dz  max 1.257e-03s  avg 1.087e-03s  min 8.506e-04s  dev 1.598e-04s
DFFT fdist  max 3.086e-02s  avg 2.611e-02s  min 2.174e-02s  dev 3.509e-03s
DFFT fdfft  max 3.792e-03s  avg 3.223e-03s  min 2.485e-03s  dev 4.564e-04s
FORWARD     max 4.205e-02s  avg 4.196e-02s  min 4.189e-02s  dev 5.463e-05s

k-space:
real in [1.000000e+00,1.000000e+00] = [3ff0000000000000,3ff0000000000000]
imag in [0.000000e+00,0.000000e+00] = [0,0]

DFFT  b1dz  max 1.258e-03s  avg 1.012e-03s  min 7.475e-04s  dev 1.690e-04s
DFFT  bd23  max 5.340e-03s  avg 4.333e-03s  min 3.363e-03s  dev 6.530e-04s
DFFT  bd32  max 5.956e-03s  avg 4.625e-03s  min 3.734e-03s  dev 7.192e-04s
DFFT  b1dy  max 1.212e-03s  avg 1.050e-03s  min 6.842e-04s  dev 1.810e-04s
DFFT  bd23  max 6.791e-03s  avg 5.314e-03s  min 4.211e-03s  dev 8.565e-04s
DFFT  bd32  max 6.641e-03s  avg 5.439e-03s  min 4.011e-03s  dev 9.790e-04s
DFFT  b1dx  max 1.273e-03s  avg 1.074e-03s  min 7.431e-04s  dev 1.814e-04s
DFFT  bd23  max 7.844e-03s  avg 6.361e-03s  min 4.533e-03s  dev 1.264e-03s
DFFT bdist  max 3.129e-02s  avg 2.607e-02s  min 2.116e-02s  dev 3.860e-03s
DFFT bdfft  max 3.715e-03s  avg 3.137e-03s  min 2.175e-03s  dev 5.248e-04s
BACKWARD    max 4.184e-02s  avg 4.180e-02s  min 4.175e-02s  dev 2.817e-05s

r-space:
a[0,0,0] = (2097152.000000,0.000000) = (4140000000000000,0)
real in [0.000000e+00,0.000000e+00] = [0,0]
imag in [0.000000e+00,0.000000e+00] = [0,0]

[PI-INFO] Paramount Iteration,0,10,1.119857,0.087482

TESTING a

[PI-INFO] Paramount Iteration,1,10,1.112473,0.087425
[PI-INFO] Paramount Iteration,5,10,1.112112,0.087397
[PI-INFO] Paramount Iteration,2,10,1.112376,0.087525
[PI-INFO] Paramount Iteration,3,10,1.112204,0.087465
[PI-INFO] Paramount Iteration,7,10,1.112191,0.087427
[PI-INFO] Paramount Iteration,4,10,1.111241,0.087433
[PI-INFO] Paramount Iteration,6,10,1.111415,0.087482
DFFT  fd32  max 6.777e-03s  avg 5.286e-03s  min 3.845e-03s  dev 9.846e-04s
DFFT  f1dx  max 1.230e-03s  avg 1.070e-03s  min 7.690e-04s  dev 1.634e-04s
DFFT  fd23  max 8.134e-03s  avg 6.531e-03s  min 4.561e-03s  dev 1.311e-03s
DFFT  fd32  max 5.967e-03s  avg 4.677e-03s  min 3.659e-03s  dev 7.471e-04s
DFFT  f1dy  max 1.242e-03s  avg 1.055e-03s  min 7.168e-04s  dev 1.755e-04s
DFFT  fd23  max 6.734e-03s  avg 5.273e-03s  min 4.178e-03s  dev 8.405e-04s
DFFT  fd32  max 5.120e-03s  avg 4.096e-03s  min 3.346e-03s  dev 5.449e-04s
DFFT  f1dz  max 1.205e-03s  avg 1.046e-03s  min 8.321e-04s  dev 1.390e-04s
DFFT fdist  max 3.124e-02s  avg 2.586e-02s  min 2.115e-02s  dev 3.747e-03s
DFFT fdfft  max 3.672e-03s  avg 3.171e-03s  min 2.393e-03s  dev 4.539e-04s
FORWARD     max 4.191e-02s  avg 4.174e-02s  min 4.165e-02s  dev 8.203e-05s

k-space:
real in [1.000000e+00,1.000000e+00] = [3ff0000000000000,3ff0000000000000]
imag in [0.000000e+00,0.000000e+00] = [0,0]

DFFT  b1dz  max 1.198e-03s  avg 9.852e-04s  min 7.727e-04s  dev 1.491e-04s
DFFT  bd23  max 5.305e-03s  avg 4.294e-03s  min 3.363e-03s  dev 6.528e-04s
DFFT  bd32  max 5.999e-03s  avg 4.616e-03s  min 3.672e-03s  dev 7.422e-04s
DFFT  b1dy  max 1.267e-03s  avg 1.059e-03s  min 8.780e-04s  dev 1.451e-04s
DFFT  bd23  max 7.080e-03s  avg 5.338e-03s  min 4.094e-03s  dev 9.147e-04s
DFFT  bd32  max 6.380e-03s  avg 5.405e-03s  min 4.385e-03s  dev 8.979e-04s
DFFT  b1dx  max 1.190e-03s  avg 1.067e-03s  min 8.890e-04s  dev 1.029e-04s
DFFT  bd23  max 7.779e-03s  avg 6.371e-03s  min 4.815e-03s  dev 1.204e-03s
DFFT bdist  max 3.144e-02s  avg 2.602e-02s  min 2.071e-02s  dev 3.873e-03s
DFFT bdfft  max 3.645e-03s  avg 3.112e-03s  min 2.540e-03s  dev 3.820e-04s
BACKWARD    max 4.162e-02s  avg 4.158e-02s  min 4.154e-02s  dev 2.959e-05s

r-space:
a[0,0,0] = (2097152.000000,0.000000) = (4140000000000000,0)
real in [0.000000e+00,0.000000e+00] = [0,0]
imag in [0.000000e+00,0.000000e+00] = [0,0]

[PI-INFO] Paramount Iteration,0,11,1.206876,0.087019

TESTING b

[PI-INFO] Paramount Iteration,1,11,1.199519,0.087046
[PI-INFO] Paramount Iteration,5,11,1.199174,0.087062
[PI-INFO] Paramount Iteration,2,11,1.199377,0.087001
[PI-INFO] Paramount Iteration,3,11,1.199249,0.087045
[PI-INFO] Paramount Iteration,7,11,1.199270,0.087079
[PI-INFO] Paramount Iteration,4,11,1.198303,0.087062
[PI-INFO] Paramount Iteration,6,11,1.198463,0.087048
DFFT  fd32  max 6.728e-03s  avg 5.396e-03s  min 4.080e-03s  dev 9.162e-04s
DFFT  f1dx  max 1.195e-03s  avg 1.073e-03s  min 8.466e-04s  dev 1.023e-04s
DFFT  fd23  max 8.405e-03s  avg 6.580e-03s  min 4.755e-03s  dev 1.246e-03s
DFFT  fd32  max 5.887e-03s  avg 4.751e-03s  min 3.984e-03s  dev 6.298e-04s
DFFT  f1dy  max 1.246e-03s  avg 1.095e-03s  min 8.533e-04s  dev 1.246e-04s
DFFT  fd23  max 6.787e-03s  avg 5.371e-03s  min 4.365e-03s  dev 7.874e-04s
DFFT  fd32  max 5.229e-03s  avg 4.173e-03s  min 3.294e-03s  dev 5.843e-04s
DFFT  f1dz  max 1.236e-03s  avg 1.103e-03s  min 9.244e-04s  dev 1.168e-04s
DFFT fdist  max 3.050e-02s  avg 2.627e-02s  min 2.173e-02s  dev 3.242e-03s
DFFT fdfft  max 3.657e-03s  avg 3.271e-03s  min 2.791e-03s  dev 3.213e-04s
FORWARD     max 4.248e-02s  avg 4.236e-02s  min 4.231e-02s  dev 6.036e-05s

k-space:
real in [1.000000e+00,1.000000e+00] = [3ff0000000000000,3ff0000000000000]
imag in [0.000000e+00,0.000000e+00] = [0,0]

DFFT  b1dz  max 1.173e-03s  avg 1.029e-03s  min 8.591e-04s  dev 1.185e-04s
DFFT  bd23  max 5.314e-03s  avg 4.423e-03s  min 3.634e-03s  dev 5.431e-04s
DFFT  bd32  max 5.838e-03s  avg 4.734e-03s  min 3.940e-03s  dev 6.311e-04s
DFFT  b1dy  max 1.371e-03s  avg 1.117e-03s  min 9.778e-04s  dev 1.271e-04s
DFFT  bd23  max 6.751e-03s  avg 5.396e-03s  min 4.516e-03s  dev 7.589e-04s
DFFT  bd32  max 6.738e-03s  avg 5.653e-03s  min 4.617e-03s  dev 9.120e-04s
DFFT  b1dx  max 1.210e-03s  avg 1.100e-03s  min 9.336e-04s  dev 8.216e-05s
DFFT  bd23  max 8.029e-03s  avg 6.540e-03s  min 5.199e-03s  dev 1.141e-03s
DFFT bdist  max 3.130e-02s  avg 2.675e-02s  min 2.284e-02s  dev 3.058e-03s
DFFT bdfft  max 3.736e-03s  avg 3.246e-03s  min 2.782e-03s  dev 3.132e-04s
BACKWARD    max 4.185e-02s  avg 4.182e-02s  min 4.176e-02s  dev 2.838e-05s

r-space:
a[0,0,0] = (2097152.000000,0.000000) = (4140000000000000,0)
real in [0.000000e+00,0.000000e+00] = [0,0]
imag in [0.000000e+00,0.000000e+00] = [0,0]

[PI-INFO] Paramount Iteration,0,12,1.294749,0.087873

TESTING c

[PI-INFO] Paramount Iteration,1,12,1.287392,0.087873
[PI-INFO] Paramount Iteration,2,12,1.287260,0.087883
[PI-INFO] Paramount Iteration,3,12,1.287130,0.087881
[PI-INFO] Paramount Iteration,7,12,1.287152,0.087882
[PI-INFO] Paramount Iteration,5,12,1.287060,0.087886
[PI-INFO] Paramount Iteration,4,12,1.286178,0.087875
[PI-INFO] Paramount Iteration,6,12,1.286347,0.087884
DFFT  fd32  max 6.900e-03s  avg 5.559e-03s  min 4.320e-03s  dev 9.109e-04s
DFFT  f1dx  max 1.202e-03s  avg 1.093e-03s  min 9.793e-04s  dev 6.837e-05s
DFFT  fd23  max 8.622e-03s  avg 6.768e-03s  min 5.463e-03s  dev 1.188e-03s
DFFT  fd32  max 5.910e-03s  avg 4.719e-03s  min 3.914e-03s  dev 6.554e-04s
DFFT  f1dy  max 1.250e-03s  avg 1.093e-03s  min 9.493e-04s  dev 1.127e-04s
DFFT  fd23  max 6.854e-03s  avg 5.422e-03s  min 4.441e-03s  dev 7.937e-04s
DFFT  fd32  max 5.228e-03s  avg 4.205e-03s  min 3.392e-03s  dev 5.675e-04s
DFFT  f1dz  max 1.314e-03s  avg 1.117e-03s  min 9.717e-04s  dev 1.047e-04s
DFFT fdist  max 3.104e-02s  avg 2.667e-02s  min 2.262e-02s  dev 3.086e-03s
DFFT fdfft  max 3.694e-03s  avg 3.303e-03s  min 2.945e-03s  dev 2.667e-04s
FORWARD     max 4.280e-02s  avg 4.273e-02s  min 4.267e-02s  dev 4.834e-05s

k-space:
real in [1.000000e+00,1.000000e+00] = [3ff0000000000000,3ff0000000000000]
imag in [0.000000e+00,0.000000e+00] = [0,0]

DFFT  b1dz  max 1.157e-03s  avg 1.063e-03s  min 9.545e-04s  dev 7.217e-05s
DFFT  bd23  max 5.312e-03s  avg 4.483e-03s  min 3.621e-03s  dev 5.597e-04s
DFFT  bd32  max 5.920e-03s  avg 4.662e-03s  min 3.824e-03s  dev 6.705e-04s
DFFT  b1dy  max 1.292e-03s  avg 1.119e-03s  min 9.553e-04s  dev 1.094e-04s
DFFT  bd23  max 6.654e-03s  avg 5.365e-03s  min 4.376e-03s  dev 7.324e-04s
DFFT  bd32  max 6.789e-03s  avg 5.645e-03s  min 4.349e-03s  dev 9.287e-04s
DFFT  b1dx  max 1.302e-03s  avg 1.106e-03s  min 8.703e-04s  dev 1.274e-04s
DFFT  bd23  max 8.034e-03s  avg 6.625e-03s  min 4.963e-03s  dev 1.180e-03s
DFFT bdist  max 3.127e-02s  avg 2.678e-02s  min 2.220e-02s  dev 3.287e-03s
DFFT bdfft  max 3.729e-03s  avg 3.288e-03s  min 2.788e-03s  dev 3.006e-04s
BACKWARD    max 4.185e-02s  avg 4.184e-02s  min 4.181e-02s  dev 1.199e-05s

r-space:
a[0,0,0] = (2097152.000000,0.000000) = (4140000000000000,0)
real in [0.000000e+00,0.000000e+00] = [0,0]
imag in [0.000000e+00,0.000000e+00] = [0,0]

[PI-INFO] Paramount Iteration,0,13,1.383059,0.088310

TESTING d

[PI-INFO] Paramount Iteration,2,13,1.375520,0.088260
[PI-INFO] Paramount Iteration,1,13,1.375706,0.088314
[PI-INFO] Paramount Iteration,3,13,1.375406,0.088276
[PI-INFO] Paramount Iteration,5,13,1.375336,0.088276
[PI-INFO] Paramount Iteration,7,13,1.375431,0.088279
[PI-INFO] Paramount Iteration,4,13,1.374446,0.088268
[PI-INFO] Paramount Iteration,6,13,1.374590,0.088243
DFFT  fd32  max 6.971e-03s  avg 5.627e-03s  min 4.241e-03s  dev 9.318e-04s
DFFT  f1dx  max 1.214e-03s  avg 1.112e-03s  min 8.708e-04s  dev 1.019e-04s
DFFT  fd23  max 8.604e-03s  avg 6.776e-03s  min 4.922e-03s  dev 1.220e-03s
DFFT  fd32  max 5.915e-03s  avg 4.734e-03s  min 3.822e-03s  dev 6.757e-04s
DFFT  f1dy  max 1.246e-03s  avg 1.095e-03s  min 8.430e-04s  dev 1.400e-04s
DFFT  fd23  max 6.722e-03s  avg 5.325e-03s  min 4.209e-03s  dev 7.782e-04s
DFFT  fd32  max 5.078e-03s  avg 4.152e-03s  min 3.230e-03s  dev 5.652e-04s
DFFT  f1dz  max 1.218e-03s  avg 1.065e-03s  min 8.039e-04s  dev 1.380e-04s
DFFT fdist  max 3.092e-02s  avg 2.661e-02s  min 2.174e-02s  dev 3.284e-03s
DFFT fdfft  max 3.664e-03s  avg 3.272e-03s  min 2.614e-03s  dev 3.627e-04s
FORWARD     max 4.228e-02s  avg 4.217e-02s  min 4.211e-02s  dev 5.776e-05s

k-space:
real in [1.000000e+00,1.000000e+00] = [3ff0000000000000,3ff0000000000000]
imag in [0.000000e+00,0.000000e+00] = [0,0]

DFFT  b1dz  max 1.127e-03s  avg 9.860e-04s  min 7.077e-04s  dev 1.411e-04s
DFFT  bd23  max 5.277e-03s  avg 4.347e-03s  min 3.273e-03s  dev 6.234e-04s
DFFT  bd32  max 6.056e-03s  avg 4.742e-03s  min 3.931e-03s  dev 6.941e-04s
DFFT  b1dy  max 1.256e-03s  avg 1.095e-03s  min 8.492e-04s  dev 1.281e-04s
DFFT  bd23  max 6.806e-03s  avg 5.408e-03s  min 4.458e-03s  dev 7.934e-04s
DFFT  bd32  max 6.907e-03s  avg 5.731e-03s  min 4.463e-03s  dev 9.284e-04s
DFFT  b1dx  max 1.254e-03s  avg 1.084e-03s  min 8.925e-04s  dev 1.103e-04s
DFFT  bd23  max 7.852e-03s  avg 6.483e-03s  min 4.866e-03s  dev 1.189e-03s
DFFT bdist  max 3.153e-02s  avg 2.671e-02s  min 2.168e-02s  dev 3.539e-03s
DFFT bdfft  max 3.547e-03s  avg 3.165e-03s  min 2.564e-03s  dev 3.320e-04s
BACKWARD    max 4.193e-02s  avg 4.190e-02s  min 4.184e-02s  dev 2.893e-05s

r-space:
a[0,0,0] = (2097152.000000,0.000000) = (4140000000000000,0)
real in [0.000000e+00,0.000000e+00] = [0,0]
imag in [0.000000e+00,0.000000e+00] = [0,0]

[PI-INFO] Paramount Iteration,0,14,1.470779,0.087720

TESTING e

[PI-INFO] Paramount Iteration,1,14,1.463435,0.087729
[PI-INFO] Paramount Iteration,2,14,1.463288,0.087768
[PI-INFO] Paramount Iteration,3,14,1.463168,0.087762
[PI-INFO] Paramount Iteration,5,14,1.463099,0.087763
[PI-INFO] Paramount Iteration,4,14,1.462210,0.087764
[PI-INFO] Paramount Iteration,6,14,1.462376,0.087786
[PI-INFO] Paramount Iteration,7,14,1.463196,0.087765
DFFT  fd32  max 6.811e-03s  avg 5.317e-03s  min 4.061e-03s  dev 9.831e-04s
DFFT  f1dx  max 1.209e-03s  avg 1.039e-03s  min 8.341e-04s  dev 1.479e-04s
DFFT  fd23  max 7.893e-03s  avg 6.454e-03s  min 4.804e-03s  dev 1.247e-03s
DFFT  fd32  max 5.931e-03s  avg 4.617e-03s  min 3.692e-03s  dev 7.054e-04s
DFFT  f1dy  max 1.239e-03s  avg 1.073e-03s  min 8.600e-04s  dev 1.420e-04s
DFFT  fd23  max 6.860e-03s  avg 5.260e-03s  min 4.062e-03s  dev 8.867e-04s
DFFT  fd32  max 5.131e-03s  avg 4.103e-03s  min 3.313e-03s  dev 5.822e-04s
DFFT  f1dz  max 1.234e-03s  avg 1.048e-03s  min 8.448e-04s  dev 1.395e-04s
DFFT fdist  max 3.086e-02s  avg 2.575e-02s  min 2.037e-02s  dev 3.835e-03s
DFFT fdfft  max 3.651e-03s  avg 3.160e-03s  min 2.539e-03s  dev 4.206e-04s
FORWARD     max 4.183e-02s  avg 4.173e-02s  min 4.168e-02s  dev 5.457e-05s

k-space:
real in [1.000000e+00,1.000000e+00] = [3ff0000000000000,3ff0000000000000]
imag in [0.000000e+00,0.000000e+00] = [0,0]

DFFT  b1dz  max 1.197e-03s  avg 9.747e-04s  min 7.374e-04s  dev 1.601e-04s
DFFT  bd23  max 5.387e-03s  avg 4.316e-03s  min 3.453e-03s  dev 6.420e-04s
DFFT  bd32  max 5.938e-03s  avg 4.585e-03s  min 3.634e-03s  dev 7.227e-04s
DFFT  b1dy  max 1.317e-03s  avg 1.083e-03s  min 8.332e-04s  dev 1.673e-04s
DFFT  bd23  max 6.935e-03s  avg 5.233e-03s  min 4.059e-03s  dev 9.173e-04s
DFFT  bd32  max 6.763e-03s  avg 5.531e-03s  min 4.324e-03s  dev 9.432e-04s
DFFT  b1dx  max 1.341e-03s  avg 1.089e-03s  min 8.894e-04s  dev 1.582e-04s
DFFT  bd23  max 7.897e-03s  avg 6.366e-03s  min 4.854e-03s  dev 1.243e-03s
DFFT bdist  max 3.115e-02s  avg 2.603e-02s  min 2.050e-02s  dev 3.928e-03s
DFFT bdfft  max 3.854e-03s  avg 3.146e-03s  min 2.460e-03s  dev 4.739e-04s
BACKWARD    max 4.222e-02s  avg 4.218e-02s  min 4.212e-02s  dev 3.357e-05s

r-space:
a[0,0,0] = (2097152.000000,0.000000) = (4140000000000000,0)
real in [0.000000e+00,0.000000e+00] = [0,0]
imag in [0.000000e+00,0.000000e+00] = [0,0]

[PI-INFO] Paramount Iteration,0,15,1.558409,0.087630
[PI-INFO] PI avg,0,0.087892,15
[PI-INFO] Beta,0,0.000005
[PI-INFO] Total time,1.558415
[PI-INFO] Paramount Iteration,2,15,1.550881,0.087593
[PI-INFO] PI avg,2,0.087891,15
[PI-INFO] Beta,2,0.000016
[PI-INFO] Paramount Iteration,3,15,1.550778,0.087610
[PI-INFO] PI avg,3,0.087892,15
[PI-INFO] Beta,3,0.000029
[PI-INFO] Paramount Iteration,4,15,1.549835,0.087625
[PI-INFO] PI avg,4,0.087893,15
[PI-INFO] Beta,4,0.000017
[PI-INFO] Paramount Iteration,6,15,1.549973,0.087597
[PI-INFO] PI avg,6,0.087891,15
[PI-INFO] Beta,6,0.000017
[PI-INFO] Paramount Iteration,1,15,1.551096,0.087661
[PI-INFO] PI avg,1,0.087895,15
[PI-INFO] Beta,1,0.000017
[PI-INFO] Paramount Iteration,7,15,1.550803,0.087607
[PI-INFO] PI avg,7,0.087892,15
[PI-INFO] Beta,7,0.000018
[PI-INFO] Paramount Iteration,5,15,1.550752,0.087653
[PI-INFO] PI avg,5,0.087896,15
[PI-INFO] Beta,5,0.000017
--------------------------------------------------------------------------
mpirun has exited due to process rank 0 with PID 0 on
node ip-172-31-5-137 exiting improperly. There are three reasons this could occur:

1. this process did not call "init" before exiting, but others in
the job did. This can cause a job to hang indefinitely while it waits
for all processes to call "init". By rule, if one process calls "init",
then ALL processes must call "init" prior to termination.

2. this process called "init", but exited without calling "finalize".
By rule, all processes that call "init" MUST call "finalize" prior to
exiting or it will be considered an "abnormal termination"

3. this process called "MPI_Abort" or "orte_abort" and the mca parameter
orte_create_session_dirs is set to false. In this case, the run-time cannot
detect that the abort call was an abnormal termination. Hence, the only
error message you will receive is this one.

This may have caused other processes in the application to be
terminated by signals sent by mpirun (as reported here).

You can avoid this message by specifying -quiet on the mpirun command line.
--------------------------------------------------------------------------
[ip-172-31-5-137:17015] 7 more processes have sent help message help-mpi-btl-base.txt / btl:no-nics
[ip-172-31-5-137:17015] Set MCA parameter "orte_base_help_aggregate" to 0 to see all help / error messages
Command exited with non-zero status 1
	Command being timed: "mpirun --hostfile /home/ubuntu/PI-Bench/ECP-Proxy-Apps/hostfile -n 8 ./build/TestDfft 1000 128"
	User time (seconds): 1.05
	System time (seconds): 0.46
	Percent of CPU this job got: 35%
	Elapsed (wall clock) time (h:mm:ss or m:ss): 0:04.22
	Average shared text size (kbytes): 0
	Average unshared data size (kbytes): 0
	Average stack size (kbytes): 0
	Average total size (kbytes): 0
	Maximum resident set size (kbytes): 28064
	Average resident set size (kbytes): 0
	Major (requiring I/O) page faults: 4
	Minor (reclaiming a frame) page faults: 8184
	Voluntary context switches: 1331
	Involuntary context switches: 13
	Swaps: 0
	File system inputs: 0
	File system outputs: 16488
	Socket messages sent: 0
	Socket messages received: 0
	Signals delivered: 0
	Page size (bytes): 4096
	Exit status: 1
