--------------------------------------------------------------------------
[[20896,1],0]: A high-performance Open MPI point-to-point messaging module
was unable to find any relevant network interfaces:

Module: OpenFabrics (openib)
  Host: ip-172-31-15-157

Another transport will be used instead, although this may result in
lower performance.

NOTE: You can disable this warning by setting the MCA parameter
btl_base_warn_component_unused to 0.
--------------------------------------------------------------------------
 Number of processors:           2
 REAL    wdsize      :           8
 INTEGER wdsize      :           4
 ifmgrid    : F     ifbrick    : T
[PI-INFO] Init time,0,0.135404

 Processor Distribution:  npx,npy,npz=           2           1           1
 Element Distribution: nelx,nely,nelz=           2           1           1
 Local Element Distribution: mx,my,mz=           1           1           1
[PI-INFO] Init time,1,0.127380
gs_setup: 100 unique labels shared
   pairwise times (avg, min, max): 2.99723e-05 2.95916e-05 3.03531e-05
   crystal router                : 2.80557e-05 2.77822e-05 2.83292e-05
   all reduce                    : 2.79432e-05 2.7837e-05 2.80494e-05
   used all_to_all method: allreduce

cg:   0  2.3208E+01
cg: 101  2.8487E-19  4.3056E-01  3.2356E-01  6.2182E-37
cg:   0  2.3208E+01
cg: 101  2.8487E-19  4.3056E-01  3.2356E-01  6.2182E-37

nelt =       1, np =         2, nx1 =      10, elements =         2
Tot MFlops =   0.0000E+00, MFlops      =   0.0000E+00
Setup Flop =   1.3900E+07, Solver Flop =   1.5150E+06
Solve Time =   0.0000E+00
[PI-INFO] Paramount Iteration,0,1,0.165571,0.030167

 Processor Distribution:  npx,npy,npz=           2           1           1
 Element Distribution: nelx,nely,nelz=           4           1           1
 Local Element Distribution: mx,my,mz=           2           1           1
[PI-INFO] Paramount Iteration,1,1,0.157427,0.030047
gs_setup: 100 unique labels shared
   pairwise times (avg, min, max): 2.81761e-05 2.76202e-05 2.8732e-05
   crystal router                : 2.75962e-05 2.75666e-05 2.76257e-05
   all reduce                    : 2.93246e-05 2.88896e-05 2.97596e-05
   used all_to_all method: crystal router

cg:   0  3.3202E+01
cg: 101  9.6649E-10  4.6003E-01  5.8262E-01  3.5590E-18
cg:   0  3.8367E+01
cg: 101  1.7457E-09  4.0333E-01  6.2529E-01  1.3390E-17

nelt =       2, np =         2, nx1 =      10, elements =         4
Tot MFlops =   0.0000E+00, MFlops      =   0.0000E+00
Setup Flop =   2.7800E+07, Solver Flop =   3.0300E+06
Solve Time =   0.0000E+00
[PI-INFO] Paramount Iteration,0,2,0.200372,0.034801

 Processor Distribution:  npx,npy,npz=           2           1           1
 Element Distribution: nelx,nely,nelz=           6           1           1
 Local Element Distribution: mx,my,mz=           3           1           1
[PI-INFO] Paramount Iteration,1,2,0.192267,0.034840
gs_setup: 100 unique labels shared
   pairwise times (avg, min, max): 3.06476e-05 3.05823e-05 3.07129e-05
   crystal router                : 2.90357e-05 2.86996e-05 2.93718e-05
   all reduce                    : 2.99398e-05 2.89501e-05 3.09295e-05
   used all_to_all method: crystal router

cg:   0  4.0656E+01
cg: 101  1.8913E-09  4.4211E-01  6.0118E-01  1.3343E-17
cg:   0  4.8346E+01
cg: 101  3.2590E-09  3.9528E-01  6.4279E-01  4.7293E-17

nelt =       3, np =         2, nx1 =      10, elements =         6
Tot MFlops =   0.0000E+00, MFlops      =   0.0000E+00
Setup Flop =   4.1700E+07, Solver Flop =   4.5450E+06
Solve Time =   0.0000E+00
[PI-INFO] Paramount Iteration,0,3,0.240115,0.039743

 Processor Distribution:  npx,npy,npz=           2           1           1
 Element Distribution: nelx,nely,nelz=           4           2           1
 Local Element Distribution: mx,my,mz=           2           2           1
[PI-INFO] Paramount Iteration,1,3,0.231973,0.039706
gs_setup: 190 unique labels shared
   pairwise times (avg, min, max): 2.92311e-05 2.8743e-05 2.97192e-05
   crystal router                : 2.84885e-05 2.83256e-05 2.86513e-05
   all reduce                    : 2.92591e-05 2.91482e-05 2.93701e-05
   used all_to_all method: crystal router

cg:   0  4.7194E+01
cg: 101  2.7296E-09  4.3449E-01  6.2572E-01  2.6939E-17
cg:   0  5.5035E+01
cg: 101  4.4319E-09  3.9883E-01  6.4438E-01  7.6849E-17

nelt =       4, np =         2, nx1 =      10, elements =         8
Tot MFlops =   0.0000E+00, MFlops      =   0.0000E+00
Setup Flop =   5.5600E+07, Solver Flop =   6.0600E+06
Solve Time =   0.0000E+00
[PI-INFO] Paramount Iteration,0,4,0.285490,0.045375

 Processor Distribution:  npx,npy,npz=           2           1           1
 Element Distribution: nelx,nely,nelz=          10           1           1
 Local Element Distribution: mx,my,mz=           5           1           1
[PI-INFO] Paramount Iteration,1,4,0.277347,0.045374
gs_setup: 100 unique labels shared
   pairwise times (avg, min, max): 2.81973e-05 2.81925e-05 2.8202e-05
   crystal router                : 2.80271e-05 2.74427e-05 2.86115e-05
   all reduce                    : 2.74945e-05 2.71875e-05 2.78016e-05
   used all_to_all method: allreduce

cg:   0  5.2251E+01
cg: 101  4.2055E-09  4.2553E-01  6.0442E-01  6.3537E-17
cg:   0  6.3313E+01
cg: 101  6.6679E-09  4.3160E-01  6.1603E-01  1.6755E-16

nelt =       5, np =         2, nx1 =      10, elements =        10
Tot MFlops =   0.0000E+00, MFlops      =   0.0000E+00
Setup Flop =   6.9500E+07, Solver Flop =   7.5750E+06
Solve Time =   0.0000E+00
[PI-INFO] Paramount Iteration,0,5,0.335535,0.050045

 Processor Distribution:  npx,npy,npz=           2           1           1
 Element Distribution: nelx,nely,nelz=           6           2           1
 Local Element Distribution: mx,my,mz=           3           2           1
[PI-INFO] Paramount Iteration,1,5,0.327394,0.050047
gs_setup: 190 unique labels shared
   pairwise times (avg, min, max): 2.8943e-05 2.87072e-05 2.91789e-05
   crystal router                : 2.95734e-05 2.9518e-05 2.96287e-05
   all reduce                    : 2.84584e-05 2.83708e-05 2.85459e-05
   used all_to_all method: allreduce

cg:   0  5.8001E+01
cg: 101  4.2652E-09  4.0029E-01  6.3592E-01  7.3251E-17
cg:   0  6.7930E+01
cg: 101  5.8528E-09  4.1077E-01  6.4823E-01  1.3437E-16

nelt =       6, np =         2, nx1 =      10, elements =        12
Tot MFlops =   0.0000E+00, MFlops      =   0.0000E+00
Setup Flop =   8.3400E+07, Solver Flop =   9.0900E+06
Solve Time =   0.0000E+00
[PI-INFO] Paramount Iteration,0,6,0.390938,0.055403

 Processor Distribution:  npx,npy,npz=           2           1           1
 Element Distribution: nelx,nely,nelz=          14           1           1
 Local Element Distribution: mx,my,mz=           7           1           1
[PI-INFO] Paramount Iteration,1,6,0.382797,0.055403
gs_setup: 100 unique labels shared
   pairwise times (avg, min, max): 2.71759e-05 2.69057e-05 2.74461e-05
   crystal router                : 2.79685e-05 2.79106e-05 2.80265e-05
   all reduce                    : 2.98385e-05 2.97499e-05 2.99271e-05
   used all_to_all method: pairwise

cg:   0  6.1653E+01
cg: 101  4.9986E-09  4.2061E-01  6.3034E-01  9.2523E-17
cg:   0  7.5600E+01
cg: 101  7.9478E-09  4.1155E-01  6.2675E-01  2.4465E-16

nelt =       7, np =         2, nx1 =      10, elements =        14
Tot MFlops =   0.0000E+00, MFlops      =   0.0000E+00
Setup Flop =   9.7300E+07, Solver Flop =   1.0605E+07
Solve Time =   0.0000E+00
[PI-INFO] Paramount Iteration,0,7,0.450748,0.059810

 Processor Distribution:  npx,npy,npz=           2           1           1
 Element Distribution: nelx,nely,nelz=           4           2           2
 Local Element Distribution: mx,my,mz=           2           2           2
[PI-INFO] Paramount Iteration,1,7,0.442624,0.059827
gs_setup: 361 unique labels shared
   pairwise times (avg, min, max): 3.10903e-05 3.05955e-05 3.15851e-05
   crystal router                : 2.94736e-05 2.90121e-05 2.9935e-05
   all reduce                    : 3.28515e-05 3.26682e-05 3.30347e-05
   used all_to_all method: crystal router

cg:   0  6.7460E+01
cg: 101  4.7714E-09  4.1568E-01  6.3488E-01  8.7314E-17
cg:   0  7.6683E+01
cg: 101  7.1445E-09  4.1462E-01  6.2479E-01  2.0059E-16

nelt =       8, np =         2, nx1 =      10, elements =        16
Tot MFlops =   0.0000E+00, MFlops      =   0.0000E+00
Setup Flop =   1.1120E+08, Solver Flop =   1.2120E+07
Solve Time =   0.0000E+00
[PI-INFO] Paramount Iteration,0,8,0.517105,0.066357

 Processor Distribution:  npx,npy,npz=           2           1           1
 Element Distribution: nelx,nely,nelz=           6           3           1
 Local Element Distribution: mx,my,mz=           3           3           1
[PI-INFO] Paramount Iteration,1,8,0.508965,0.066341
gs_setup: 280 unique labels shared
   pairwise times (avg, min, max): 2.91276e-05 2.88488e-05 2.94063e-05
   crystal router                : 3.00749e-05 2.90526e-05 3.10972e-05
   all reduce                    : 2.93887e-05 2.93547e-05 2.94228e-05
   used all_to_all method: pairwise

cg:   0  7.1152E+01
cg: 101  5.8108E-09  4.2327E-01  6.3267E-01  1.2097E-16
cg:   0  8.2645E+01
cg: 101  8.6211E-09  4.2694E-01  6.1954E-01  2.6802E-16

nelt =       9, np =         2, nx1 =      10, elements =        18
Tot MFlops =   0.0000E+00, MFlops      =   0.0000E+00
Setup Flop =   1.2510E+08, Solver Flop =   1.3635E+07
Solve Time =   0.0000E+00
[PI-INFO] Paramount Iteration,0,9,0.588722,0.071617

 Processor Distribution:  npx,npy,npz=           2           1           1
 Element Distribution: nelx,nely,nelz=          10           2           1
 Local Element Distribution: mx,my,mz=           5           2           1
[PI-INFO] Paramount Iteration,1,9,0.580565,0.071600
gs_setup: 190 unique labels shared
   pairwise times (avg, min, max): 2.9385e-05 2.92227e-05 2.95474e-05
   crystal router                : 2.87163e-05 2.87089e-05 2.87236e-05
   all reduce                    : 2.96754e-05 2.92897e-05 3.00611e-05
   used all_to_all method: crystal router

cg:   0  7.4696E+01
cg: 101  5.9852E-09  4.0647E-01  6.2501E-01  1.4827E-16
cg:   0  8.7910E+01
cg: 101  8.7598E-09  3.9734E-01  6.2326E-01  3.1461E-16

nelt =      10, np =         2, nx1 =      10, elements =        20
Tot MFlops =   0.0000E+00, MFlops      =   0.0000E+00
Setup Flop =   1.3900E+08, Solver Flop =   1.5150E+07
Solve Time =   0.0000E+00
[PI-INFO] Paramount Iteration,0,10,0.665382,0.076660

 Processor Distribution:  npx,npy,npz=           2           1           1
 Element Distribution: nelx,nely,nelz=          22           1           1
 Local Element Distribution: mx,my,mz=          11           1           1
[PI-INFO] Paramount Iteration,1,10,0.657262,0.076697
gs_setup: 100 unique labels shared
   pairwise times (avg, min, max): 2.89165e-05 2.86403e-05 2.91926e-05
   crystal router                : 2.75478e-05 2.71881e-05 2.79075e-05
   all reduce                    : 2.93778e-05 2.88676e-05 2.98881e-05
   used all_to_all method: crystal router

cg:   0  7.7050E+01
cg: 101  6.5001E-09  4.0786E-01  6.5030E-01  1.6429E-16
cg:   0  9.5215E+01
cg: 101  9.9398E-09  4.0744E-01  6.3608E-01  3.8985E-16

nelt =      11, np =         2, nx1 =      10, elements =        22
Tot MFlops =   0.0000E+00, MFlops      =   0.0000E+00
Setup Flop =   1.5290E+08, Solver Flop =   1.6665E+07
Solve Time =   0.0000E+00
[PI-INFO] Paramount Iteration,0,11,0.746981,0.081599

 Processor Distribution:  npx,npy,npz=           2           1           1
 Element Distribution: nelx,nely,nelz=           6           2           2
 Local Element Distribution: mx,my,mz=           3           2           2
[PI-INFO] Paramount Iteration,1,11,0.738856,0.081594
gs_setup: 361 unique labels shared
   pairwise times (avg, min, max): 2.91716e-05 2.90311e-05 2.93122e-05
   crystal router                : 2.97242e-05 2.94762e-05 2.99723e-05
   all reduce                    : 3.03098e-05 2.98721e-05 3.07475e-05
   used all_to_all method: pairwise

cg:   0  8.2681E+01
cg: 101  6.7698E-09  4.1269E-01  6.1187E-01  1.7641E-16
cg:   0  9.3666E+01
cg: 101  9.4359E-09  4.2281E-01  6.1416E-01  3.3360E-16

nelt =      12, np =         2, nx1 =      10, elements =        24
Tot MFlops =   0.0000E+00, MFlops      =   0.0000E+00
Setup Flop =   1.6680E+08, Solver Flop =   1.8180E+07
Solve Time =   0.0000E+00
[PI-INFO] Paramount Iteration,0,12,0.834711,0.087730

 Processor Distribution:  npx,npy,npz=           2           1           1
 Element Distribution: nelx,nely,nelz=          26           1           1
 Local Element Distribution: mx,my,mz=          13           1           1
[PI-INFO] Paramount Iteration,1,12,0.826587,0.087731
gs_setup: 100 unique labels shared
   pairwise times (avg, min, max): 2.75797e-05 2.72866e-05 2.78728e-05
   crystal router                : 2.92984e-05 2.89617e-05 2.9635e-05
   all reduce                    : 2.77791e-05 2.72322e-05 2.8326e-05
   used all_to_all method: pairwise

cg:   0  8.3867E+01
cg: 101  7.3200E-09  4.0677E-01  6.5748E-01  2.0726E-16
cg:   0  1.0377E+02
cg: 101  1.0581E-08  4.0685E-01  6.4732E-01  4.4110E-16

nelt =      13, np =         2, nx1 =      10, elements =        26
Tot MFlops =   0.0000E+00, MFlops      =   0.0000E+00
Setup Flop =   1.8070E+08, Solver Flop =   1.9695E+07
Solve Time =   0.0000E+00
[PI-INFO] Paramount Iteration,0,13,0.926922,0.092211

 Processor Distribution:  npx,npy,npz=           2           1           1
 Element Distribution: nelx,nely,nelz=          14           2           1
 Local Element Distribution: mx,my,mz=           7           2           1
[PI-INFO] Paramount Iteration,1,13,0.918801,0.092214
gs_setup: 190 unique labels shared
   pairwise times (avg, min, max): 2.84502e-05 2.79157e-05 2.89846e-05
   crystal router                : 2.82032e-05 2.81316e-05 2.82747e-05
   all reduce                    : 2.86974e-05 2.86428e-05 2.87521e-05
   used all_to_all method: crystal router

cg:   0  8.8087E+01
cg: 101  7.9169E-09  4.1426E-01  6.3336E-01  2.4903E-16
cg:   0  1.0419E+02
cg: 101  1.1782E-08  4.1463E-01  6.2967E-01  5.5389E-16

nelt =      14, np =         2, nx1 =      10, elements =        28
Tot MFlops =   0.0000E+00, MFlops      =   0.0000E+00
Setup Flop =   1.9460E+08, Solver Flop =   2.1210E+07
Solve Time =   0.0000E+00
[PI-INFO] Paramount Iteration,0,14,1.025539,0.098617

 Processor Distribution:  npx,npy,npz=           2           1           1
 Element Distribution: nelx,nely,nelz=          10           3           1
 Local Element Distribution: mx,my,mz=           5           3           1
[PI-INFO] Paramount Iteration,1,14,1.017431,0.098630
gs_setup: 280 unique labels shared
   pairwise times (avg, min, max): 3.01697e-05 2.98553e-05 3.04842e-05
   crystal router                : 2.88775e-05 2.88082e-05 2.89467e-05
   all reduce                    : 2.87885e-05 2.85628e-05 2.90142e-05
   used all_to_all method: crystal router

cg:   0  9.1604E+01
cg: 101  8.7998E-09  4.0873E-01  6.0604E-01  3.1249E-16
cg:   0  1.0672E+02
cg: 101  1.2867E-08  4.1806E-01  6.1189E-01  6.2383E-16

nelt =      15, np =         2, nx1 =      10, elements =        30
Tot MFlops =   0.0000E+00, MFlops      =   0.0000E+00
Setup Flop =   2.0850E+08, Solver Flop =   2.2725E+07
Solve Time =   0.0000E+00
[PI-INFO] Paramount Iteration,0,15,1.129742,0.104203
[PI-INFO] PI avg,0,0.066289,15
[PI-INFO] Beta,0,0.000011
[PI-INFO] Total time,1.129753
[PI-INFO] Paramount Iteration,1,15,1.121616,0.104185
[PI-INFO] PI avg,1,0.066282,15
[PI-INFO] Beta,1,0.000026
--------------------------------------------------------------------------
mpirun has exited due to process rank 0 with PID 0 on
node ip-172-31-15-157 exiting improperly. There are three reasons this could occur:

1. this process did not call "init" before exiting, but others in
the job did. This can cause a job to hang indefinitely while it waits
for all processes to call "init". By rule, if one process calls "init",
then ALL processes must call "init" prior to termination.

2. this process called "init", but exited without calling "finalize".
By rule, all processes that call "init" MUST call "finalize" prior to
exiting or it will be considered an "abnormal termination"

3. this process called "MPI_Abort" or "orte_abort" and the mca parameter
orte_create_session_dirs is set to false. In this case, the run-time cannot
detect that the abort call was an abnormal termination. Hence, the only
error message you will receive is this one.

This may have caused other processes in the application to be
terminated by signals sent by mpirun (as reported here).

You can avoid this message by specifying -quiet on the mpirun command line.
--------------------------------------------------------------------------
[ip-172-31-15-157:17159] 1 more process has sent help message help-mpi-btl-base.txt / btl:no-nics
[ip-172-31-15-157:17159] Set MCA parameter "orte_base_help_aggregate" to 0 to see all help / error messages
Command exited with non-zero status 1
	Command being timed: "mpirun --hostfile /home/ubuntu/PI-Bench/ECP-Proxy-Apps/hostfile -n 2 ./nekbone"
	User time (seconds): 0.88
	System time (seconds): 0.19
	Percent of CPU this job got: 28%
	Elapsed (wall clock) time (h:mm:ss or m:ss): 0:03.73
	Average shared text size (kbytes): 0
	Average unshared data size (kbytes): 0
	Average stack size (kbytes): 0
	Average total size (kbytes): 0
	Maximum resident set size (kbytes): 18936
	Average resident set size (kbytes): 0
	Major (requiring I/O) page faults: 4
	Minor (reclaiming a frame) page faults: 7162
	Voluntary context switches: 981
	Involuntary context switches: 8
	Swaps: 0
	File system inputs: 0
	File system outputs: 16448
	Socket messages sent: 0
	Socket messages received: 0
	Signals delivered: 0
	Page size (bytes): 4096
	Exit status: 1
