--------------------------------------------------------------------------
[[13580,1],0]: A high-performance Open MPI point-to-point messaging module
was unable to find any relevant network interfaces:

Module: OpenFabrics (openib)
  Host: ip-172-31-15-110

Another transport will be used instead, although this may result in
lower performance.

NOTE: You can disable this warning by setting the MCA parameter
btl_base_warn_component_unused to 0.
--------------------------------------------------------------------------
 Number of processors:           2
 REAL    wdsize      :           8
 INTEGER wdsize      :           4
 ifmgrid    : F     ifbrick    : T
[PI-INFO] Init time,0,0.133787

 Processor Distribution:  npx,npy,npz=           2           1           1
 Element Distribution: nelx,nely,nelz=           2           1           1
 Local Element Distribution: mx,my,mz=           1           1           1
[PI-INFO] Init time,1,0.126836
gs_setup: 100 unique labels shared
   pairwise times (avg, min, max): 3.14911e-05 3.1279e-05 3.17031e-05
   crystal router                : 3.04659e-05 3.04034e-05 3.05284e-05
   all reduce                    : 3.07886e-05 3.07257e-05 3.08516e-05
   used all_to_all method: crystal router

cg:   0  2.3208E+01
cg: 101  2.8487E-19  4.3056E-01  3.2356E-01  6.2182E-37
cg:   0  2.3208E+01
cg: 101  2.8487E-19  4.3056E-01  3.2356E-01  6.2182E-37

nelt =       1, np =         2, nx1 =      10, elements =         2
Tot MFlops =   0.0000E+00, MFlops      =   0.0000E+00
Setup Flop =   1.3900E+07, Solver Flop =   1.5150E+06
Solve Time =   0.0000E+00
[PI-INFO] Paramount Iteration,0,1,0.165954,0.032167

 Processor Distribution:  npx,npy,npz=           2           1           1
 Element Distribution: nelx,nely,nelz=           4           1           1
 Local Element Distribution: mx,my,mz=           2           1           1
[PI-INFO] Paramount Iteration,1,1,0.158908,0.032072
gs_setup: 100 unique labels shared
   pairwise times (avg, min, max): 3.3093e-05 3.27842e-05 3.34017e-05
   crystal router                : 3.02927e-05 3.02281e-05 3.03572e-05
   all reduce                    : 3.10488e-05 3.08377e-05 3.126e-05
   used all_to_all method: crystal router

cg:   0  3.3202E+01
cg: 101  9.6649E-10  4.6003E-01  5.8262E-01  3.5590E-18
cg:   0  3.8367E+01
cg: 101  1.7457E-09  4.0333E-01  6.2529E-01  1.3390E-17

nelt =       2, np =         2, nx1 =      10, elements =         4
Tot MFlops =   0.0000E+00, MFlops      =   0.0000E+00
Setup Flop =   2.7800E+07, Solver Flop =   3.0300E+06
Solve Time =   0.0000E+00
[PI-INFO] Paramount Iteration,0,2,0.202892,0.036938

 Processor Distribution:  npx,npy,npz=           2           1           1
 Element Distribution: nelx,nely,nelz=           6           1           1
 Local Element Distribution: mx,my,mz=           3           1           1
[PI-INFO] Paramount Iteration,1,2,0.195863,0.036955
gs_setup: 100 unique labels shared
   pairwise times (avg, min, max): 3.01039e-05 2.96378e-05 3.057e-05
   crystal router                : 2.98407e-05 2.96414e-05 3.00401e-05
   all reduce                    : 3.11932e-05 3.09958e-05 3.13907e-05
   used all_to_all method: crystal router

cg:   0  4.0656E+01
cg: 101  1.8913E-09  4.4211E-01  6.0118E-01  1.3343E-17
cg:   0  4.8346E+01
cg: 101  3.2590E-09  3.9528E-01  6.4279E-01  4.7293E-17

nelt =       3, np =         2, nx1 =      10, elements =         6
Tot MFlops =   0.0000E+00, MFlops      =   0.0000E+00
Setup Flop =   4.1700E+07, Solver Flop =   4.5450E+06
Solve Time =   0.0000E+00
[PI-INFO] Paramount Iteration,0,3,0.244284,0.041392

 Processor Distribution:  npx,npy,npz=           2           1           1
 Element Distribution: nelx,nely,nelz=           4           2           1
 Local Element Distribution: mx,my,mz=           2           2           1
[PI-INFO] Paramount Iteration,1,3,0.237272,0.041409
gs_setup: 190 unique labels shared
   pairwise times (avg, min, max): 3.06457e-05 3.05342e-05 3.07573e-05
   crystal router                : 3.07991e-05 3.07892e-05 3.0809e-05
   all reduce                    : 3.21438e-05 3.15781e-05 3.27094e-05
   used all_to_all method: pairwise

cg:   0  4.7194E+01
cg: 101  2.7296E-09  4.3449E-01  6.2572E-01  2.6939E-17
cg:   0  5.5035E+01
cg: 101  4.4319E-09  3.9883E-01  6.4438E-01  7.6849E-17

nelt =       4, np =         2, nx1 =      10, elements =         8
Tot MFlops =   0.0000E+00, MFlops      =   0.0000E+00
Setup Flop =   5.5600E+07, Solver Flop =   6.0600E+06
Solve Time =   0.0000E+00
[PI-INFO] Paramount Iteration,0,4,0.290683,0.046399

 Processor Distribution:  npx,npy,npz=           2           1           1
 Element Distribution: nelx,nely,nelz=          10           1           1
 Local Element Distribution: mx,my,mz=           5           1           1
[PI-INFO] Paramount Iteration,1,4,0.283657,0.046385
gs_setup: 100 unique labels shared
   pairwise times (avg, min, max): 3.03261e-05 3.00933e-05 3.05589e-05
   crystal router                : 3.13046e-05 3.11853e-05 3.14239e-05
   all reduce                    : 3.04745e-05 3.03727e-05 3.05763e-05
   used all_to_all method: pairwise

cg:   0  5.2251E+01
cg: 101  4.2055E-09  4.2553E-01  6.0442E-01  6.3537E-17
cg:   0  6.3313E+01
cg: 101  6.6679E-09  4.3160E-01  6.1603E-01  1.6755E-16

nelt =       5, np =         2, nx1 =      10, elements =        10
Tot MFlops =   0.0000E+00, MFlops      =   0.0000E+00
Setup Flop =   6.9500E+07, Solver Flop =   7.5750E+06
Solve Time =   0.0000E+00
[PI-INFO] Paramount Iteration,0,5,0.342382,0.051699

 Processor Distribution:  npx,npy,npz=           2           1           1
 Element Distribution: nelx,nely,nelz=           6           2           1
 Local Element Distribution: mx,my,mz=           3           2           1
[PI-INFO] Paramount Iteration,1,5,0.335368,0.051711
gs_setup: 190 unique labels shared
   pairwise times (avg, min, max): 3.00371e-05 2.95502e-05 3.05241e-05
   crystal router                : 3.05194e-05 3.04454e-05 3.05933e-05
   all reduce                    : 3.19197e-05 3.18446e-05 3.19947e-05
   used all_to_all method: pairwise

cg:   0  5.8001E+01
cg: 101  4.2652E-09  4.0029E-01  6.3592E-01  7.3251E-17
cg:   0  6.7930E+01
cg: 101  5.8528E-09  4.1077E-01  6.4823E-01  1.3437E-16

nelt =       6, np =         2, nx1 =      10, elements =        12
Tot MFlops =   0.0000E+00, MFlops      =   0.0000E+00
Setup Flop =   8.3400E+07, Solver Flop =   9.0900E+06
Solve Time =   0.0000E+00
[PI-INFO] Paramount Iteration,0,6,0.399460,0.057078

 Processor Distribution:  npx,npy,npz=           2           1           1
 Element Distribution: nelx,nely,nelz=          14           1           1
 Local Element Distribution: mx,my,mz=           7           1           1
[PI-INFO] Paramount Iteration,1,6,0.392451,0.057083
gs_setup: 100 unique labels shared
   pairwise times (avg, min, max): 3.02012e-05 3.01502e-05 3.02522e-05
   crystal router                : 3.13378e-05 3.12701e-05 3.14056e-05
   all reduce                    : 3.18194e-05 3.1789e-05 3.18499e-05
   used all_to_all method: pairwise

cg:   0  6.1653E+01
cg: 101  4.9986E-09  4.2061E-01  6.3034E-01  9.2523E-17
cg:   0  7.5600E+01
cg: 101  7.9478E-09  4.1155E-01  6.2675E-01  2.4465E-16

nelt =       7, np =         2, nx1 =      10, elements =        14
Tot MFlops =   0.0000E+00, MFlops      =   0.0000E+00
Setup Flop =   9.7300E+07, Solver Flop =   1.0605E+07
Solve Time =   0.0000E+00
[PI-INFO] Paramount Iteration,0,7,0.462174,0.062714

 Processor Distribution:  npx,npy,npz=           2           1           1
 Element Distribution: nelx,nely,nelz=           4           2           2
 Local Element Distribution: mx,my,mz=           2           2           2
[PI-INFO] Paramount Iteration,1,7,0.455149,0.062698
gs_setup: 361 unique labels shared
   pairwise times (avg, min, max): 3.29943e-05 3.21908e-05 3.37977e-05
   crystal router                : 3.13901e-05 3.12391e-05 3.1541e-05
   all reduce                    : 3.29884e-05 3.23371e-05 3.36397e-05
   used all_to_all method: crystal router

cg:   0  6.7460E+01
cg: 101  4.7714E-09  4.1568E-01  6.3488E-01  8.7314E-17
cg:   0  7.6683E+01
cg: 101  7.1445E-09  4.1462E-01  6.2479E-01  2.0059E-16

nelt =       8, np =         2, nx1 =      10, elements =        16
Tot MFlops =   0.0000E+00, MFlops      =   0.0000E+00
Setup Flop =   1.1120E+08, Solver Flop =   1.2120E+07
Solve Time =   0.0000E+00
[PI-INFO] Paramount Iteration,0,8,0.530548,0.068374

 Processor Distribution:  npx,npy,npz=           2           1           1
 Element Distribution: nelx,nely,nelz=           6           3           1
 Local Element Distribution: mx,my,mz=           3           3           1
[PI-INFO] Paramount Iteration,1,8,0.523501,0.068352
gs_setup: 280 unique labels shared
   pairwise times (avg, min, max): 3.16682e-05 3.14751e-05 3.18613e-05
   crystal router                : 3.11377e-05 3.09511e-05 3.13244e-05
   all reduce                    : 3.16056e-05 3.1499e-05 3.17123e-05
   used all_to_all method: crystal router

cg:   0  7.1152E+01
cg: 101  5.8108E-09  4.2327E-01  6.3267E-01  1.2097E-16
cg:   0  8.2645E+01
cg: 101  8.6211E-09  4.2694E-01  6.1954E-01  2.6802E-16

nelt =       9, np =         2, nx1 =      10, elements =        18
Tot MFlops =   0.0000E+00, MFlops      =   0.0000E+00
Setup Flop =   1.2510E+08, Solver Flop =   1.3635E+07
Solve Time =   0.0000E+00
[PI-INFO] Paramount Iteration,0,9,0.603860,0.073312

 Processor Distribution:  npx,npy,npz=           2           1           1
 Element Distribution: nelx,nely,nelz=          10           2           1
 Local Element Distribution: mx,my,mz=           5           2           1
[PI-INFO] Paramount Iteration,1,9,0.596841,0.073340
gs_setup: 190 unique labels shared
   pairwise times (avg, min, max): 3.02121e-05 2.98879e-05 3.05363e-05
   crystal router                : 3.07445e-05 3.05875e-05 3.09016e-05
   all reduce                    : 3.16508e-05 3.15671e-05 3.17345e-05
   used all_to_all method: pairwise

cg:   0  7.4696E+01
cg: 101  5.9852E-09  4.0647E-01  6.2501E-01  1.4827E-16
cg:   0  8.7910E+01
cg: 101  8.7598E-09  3.9734E-01  6.2326E-01  3.1461E-16

nelt =      10, np =         2, nx1 =      10, elements =        20
Tot MFlops =   0.0000E+00, MFlops      =   0.0000E+00
Setup Flop =   1.3900E+08, Solver Flop =   1.5150E+07
Solve Time =   0.0000E+00
[PI-INFO] Paramount Iteration,0,10,0.682973,0.079113

 Processor Distribution:  npx,npy,npz=           2           1           1
 Element Distribution: nelx,nely,nelz=          22           1           1
 Local Element Distribution: mx,my,mz=          11           1           1
[PI-INFO] Paramount Iteration,1,10,0.675949,0.079108
gs_setup: 100 unique labels shared
   pairwise times (avg, min, max): 3.01978e-05 3.01858e-05 3.02097e-05
   crystal router                : 3.03122e-05 3.02066e-05 3.04178e-05
   all reduce                    : 3.07798e-05 3.06455e-05 3.09142e-05
   used all_to_all method: pairwise

cg:   0  7.7050E+01
cg: 101  6.5001E-09  4.0786E-01  6.5030E-01  1.6429E-16
cg:   0  9.5215E+01
cg: 101  9.9398E-09  4.0744E-01  6.3608E-01  3.8985E-16

nelt =      11, np =         2, nx1 =      10, elements =        22
Tot MFlops =   0.0000E+00, MFlops      =   0.0000E+00
Setup Flop =   1.5290E+08, Solver Flop =   1.6665E+07
Solve Time =   0.0000E+00
[PI-INFO] Paramount Iteration,0,11,0.766359,0.083386

 Processor Distribution:  npx,npy,npz=           2           1           1
 Element Distribution: nelx,nely,nelz=           6           2           2
 Local Element Distribution: mx,my,mz=           3           2           2
[PI-INFO] Paramount Iteration,1,11,0.759347,0.083398
gs_setup: 361 unique labels shared
   pairwise times (avg, min, max): 3.1929e-05 3.18727e-05 3.19853e-05
   crystal router                : 3.11015e-05 3.0964e-05 3.1239e-05
   all reduce                    : 3.44554e-05 3.42124e-05 3.46983e-05
   used all_to_all method: crystal router

cg:   0  8.2681E+01
cg: 101  6.7698E-09  4.1269E-01  6.1187E-01  1.7641E-16
cg:   0  9.3666E+01
cg: 101  9.4359E-09  4.2281E-01  6.1416E-01  3.3360E-16

nelt =      12, np =         2, nx1 =      10, elements =        24
Tot MFlops =   0.0000E+00, MFlops      =   0.0000E+00
Setup Flop =   1.6680E+08, Solver Flop =   1.8180E+07
Solve Time =   0.0000E+00
[PI-INFO] Paramount Iteration,0,12,0.856286,0.089927

 Processor Distribution:  npx,npy,npz=           2           1           1
 Element Distribution: nelx,nely,nelz=          26           1           1
 Local Element Distribution: mx,my,mz=          13           1           1
[PI-INFO] Paramount Iteration,1,12,0.849272,0.089925
gs_setup: 100 unique labels shared
   pairwise times (avg, min, max): 3.05343e-05 3.00859e-05 3.09828e-05
   crystal router                : 3.01017e-05 3.00101e-05 3.01934e-05
   all reduce                    : 3.04962e-05 3.04806e-05 3.05118e-05
   used all_to_all method: crystal router

cg:   0  8.3867E+01
cg: 101  7.3200E-09  4.0677E-01  6.5748E-01  2.0726E-16
cg:   0  1.0377E+02
cg: 101  1.0581E-08  4.0685E-01  6.4732E-01  4.4110E-16

nelt =      13, np =         2, nx1 =      10, elements =        26
Tot MFlops =   0.0000E+00, MFlops      =   0.0000E+00
Setup Flop =   1.8070E+08, Solver Flop =   1.9695E+07
Solve Time =   0.0000E+00
[PI-INFO] Paramount Iteration,0,13,0.950942,0.094656

 Processor Distribution:  npx,npy,npz=           2           1           1
 Element Distribution: nelx,nely,nelz=          14           2           1
 Local Element Distribution: mx,my,mz=           7           2           1
[PI-INFO] Paramount Iteration,1,13,0.943897,0.094625
gs_setup: 190 unique labels shared
   pairwise times (avg, min, max): 3.11746e-05 3.1171e-05 3.11783e-05
   crystal router                : 3.10609e-05 3.09398e-05 3.1182e-05
   all reduce                    : 3.17717e-05 3.1446e-05 3.20974e-05
   used all_to_all method: pairwise

cg:   0  8.8087E+01
cg: 101  7.9169E-09  4.1426E-01  6.3336E-01  2.4903E-16
cg:   0  1.0419E+02
cg: 101  1.1782E-08  4.1463E-01  6.2967E-01  5.5389E-16

nelt =      14, np =         2, nx1 =      10, elements =        28
Tot MFlops =   0.0000E+00, MFlops      =   0.0000E+00
Setup Flop =   1.9460E+08, Solver Flop =   2.1210E+07
Solve Time =   0.0000E+00
[PI-INFO] Paramount Iteration,0,14,1.051480,0.100538

 Processor Distribution:  npx,npy,npz=           2           1           1
 Element Distribution: nelx,nely,nelz=          10           3           1
 Local Element Distribution: mx,my,mz=           5           3           1
[PI-INFO] Paramount Iteration,1,14,1.044433,0.100536
gs_setup: 280 unique labels shared
   pairwise times (avg, min, max): 3.13142e-05 3.1289e-05 3.13395e-05
   crystal router                : 3.16958e-05 3.14563e-05 3.19353e-05
   all reduce                    : 3.30692e-05 3.25045e-05 3.36339e-05
   used all_to_all method: pairwise

cg:   0  9.1604E+01
cg: 101  8.7998E-09  4.0873E-01  6.0604E-01  3.1249E-16
cg:   0  1.0672E+02
cg: 101  1.2867E-08  4.1806E-01  6.1189E-01  6.2383E-16

nelt =      15, np =         2, nx1 =      10, elements =        30
Tot MFlops =   0.0000E+00, MFlops      =   0.0000E+00
Setup Flop =   2.0850E+08, Solver Flop =   2.2725E+07
Solve Time =   0.0000E+00
[PI-INFO] Paramount Iteration,0,15,1.157581,0.106101
[PI-INFO] PI avg,0,0.068253,15
[PI-INFO] Beta,0,0.000010
[PI-INFO] Total time,1.157590
[PI-INFO] Paramount Iteration,1,15,1.150550,0.106117
[PI-INFO] PI avg,1,0.068248,15
[PI-INFO] Beta,1,0.000024
--------------------------------------------------------------------------
mpirun has exited due to process rank 0 with PID 0 on
node ip-172-31-15-110 exiting improperly. There are three reasons this could occur:

1. this process did not call "init" before exiting, but others in
the job did. This can cause a job to hang indefinitely while it waits
for all processes to call "init". By rule, if one process calls "init",
then ALL processes must call "init" prior to termination.

2. this process called "init", but exited without calling "finalize".
By rule, all processes that call "init" MUST call "finalize" prior to
exiting or it will be considered an "abnormal termination"

3. this process called "MPI_Abort" or "orte_abort" and the mca parameter
orte_create_session_dirs is set to false. In this case, the run-time cannot
detect that the abort call was an abnormal termination. Hence, the only
error message you will receive is this one.

This may have caused other processes in the application to be
terminated by signals sent by mpirun (as reported here).

You can avoid this message by specifying -quiet on the mpirun command line.
--------------------------------------------------------------------------
[ip-172-31-15-110:17015] 1 more process has sent help message help-mpi-btl-base.txt / btl:no-nics
[ip-172-31-15-110:17015] Set MCA parameter "orte_base_help_aggregate" to 0 to see all help / error messages
Command exited with non-zero status 1
	Command being timed: "mpirun --hostfile /home/ubuntu/PI-Bench/ECP-Proxy-Apps/hostfile -n 2 ./nekbone"
	User time (seconds): 0.91
	System time (seconds): 0.18
	Percent of CPU this job got: 29%
	Elapsed (wall clock) time (h:mm:ss or m:ss): 0:03.73
	Average shared text size (kbytes): 0
	Average unshared data size (kbytes): 0
	Average stack size (kbytes): 0
	Average total size (kbytes): 0
	Maximum resident set size (kbytes): 18848
	Average resident set size (kbytes): 0
	Major (requiring I/O) page faults: 4
	Minor (reclaiming a frame) page faults: 7220
	Voluntary context switches: 959
	Involuntary context switches: 110
	Swaps: 0
	File system inputs: 0
	File system outputs: 16448
	Socket messages sent: 0
	Socket messages received: 0
	Signals delivered: 0
	Page size (bytes): 4096
	Exit status: 1
