--------------------------------------------------------------------------
[[13889,1],0]: A high-performance Open MPI point-to-point messaging module
was unable to find any relevant network interfaces:

Module: OpenFabrics (openib)
  Host: ip-172-31-15-110

Another transport will be used instead, although this may result in
lower performance.

NOTE: You can disable this warning by setting the MCA parameter
btl_base_warn_component_unused to 0.
--------------------------------------------------------------------------
 Number of processors:           2
 REAL    wdsize      :           8
 INTEGER wdsize      :           4
 ifmgrid    : F     ifbrick    : T
[PI-INFO] Init time,0,0.134502

 Processor Distribution:  npx,npy,npz=           2           1           1
 Element Distribution: nelx,nely,nelz=           2           1           1
 Local Element Distribution: mx,my,mz=           1           1           1
[PI-INFO] Init time,1,0.127004
gs_setup: 100 unique labels shared
   pairwise times (avg, min, max): 3.10807e-05 3.0958e-05 3.12033e-05
   crystal router                : 3.08724e-05 3.07916e-05 3.09533e-05
   all reduce                    : 3.08459e-05 3.0685e-05 3.10069e-05
   used all_to_all method: crystal router

cg:   0  2.3208E+01
cg: 101  2.8487E-19  4.3056E-01  3.2356E-01  6.2182E-37
cg:   0  2.3208E+01
cg: 101  2.8487E-19  4.3056E-01  3.2356E-01  6.2182E-37

nelt =       1, np =         2, nx1 =      10, elements =         2
Tot MFlops =   0.0000E+00, MFlops      =   0.0000E+00
Setup Flop =   1.3900E+07, Solver Flop =   1.5150E+06
Solve Time =   0.0000E+00
[PI-INFO] Paramount Iteration,0,1,0.166948,0.032446

 Processor Distribution:  npx,npy,npz=           2           1           1
 Element Distribution: nelx,nely,nelz=           4           1           1
 Local Element Distribution: mx,my,mz=           2           1           1
[PI-INFO] Paramount Iteration,1,1,0.159354,0.032350
gs_setup: 100 unique labels shared
   pairwise times (avg, min, max): 3.06717e-05 3.05011e-05 3.08424e-05
   crystal router                : 3.02907e-05 3.00467e-05 3.05347e-05
   all reduce                    : 3.09149e-05 3.06394e-05 3.11905e-05
   used all_to_all method: crystal router

cg:   0  3.3202E+01
cg: 101  9.6649E-10  4.6003E-01  5.8262E-01  3.5590E-18
cg:   0  3.8367E+01
cg: 101  1.7457E-09  4.0333E-01  6.2529E-01  1.3390E-17

nelt =       2, np =         2, nx1 =      10, elements =         4
Tot MFlops =   0.0000E+00, MFlops      =   0.0000E+00
Setup Flop =   2.7800E+07, Solver Flop =   3.0300E+06
Solve Time =   0.0000E+00
[PI-INFO] Paramount Iteration,0,2,0.204156,0.037208

 Processor Distribution:  npx,npy,npz=           2           1           1
 Element Distribution: nelx,nely,nelz=           6           1           1
 Local Element Distribution: mx,my,mz=           3           1           1
[PI-INFO] Paramount Iteration,1,2,0.196589,0.037235
gs_setup: 100 unique labels shared
   pairwise times (avg, min, max): 2.9514e-05 2.94594e-05 2.95685e-05
   crystal router                : 3.07427e-05 3.03556e-05 3.11297e-05
   all reduce                    : 3.13009e-05 3.02906e-05 3.23113e-05
   used all_to_all method: pairwise

cg:   0  4.0656E+01
cg: 101  1.8913E-09  4.4211E-01  6.0118E-01  1.3343E-17
cg:   0  4.8346E+01
cg: 101  3.2590E-09  3.9528E-01  6.4279E-01  4.7293E-17

nelt =       3, np =         2, nx1 =      10, elements =         6
Tot MFlops =   0.0000E+00, MFlops      =   0.0000E+00
Setup Flop =   4.1700E+07, Solver Flop =   4.5450E+06
Solve Time =   0.0000E+00
[PI-INFO] Paramount Iteration,0,3,0.246146,0.041990

 Processor Distribution:  npx,npy,npz=           2           1           1
 Element Distribution: nelx,nely,nelz=           4           2           1
 Local Element Distribution: mx,my,mz=           2           2           1
[PI-INFO] Paramount Iteration,1,3,0.238571,0.041982
gs_setup: 190 unique labels shared
   pairwise times (avg, min, max): 3.02829e-05 3.02542e-05 3.03116e-05
   crystal router                : 3.09246e-05 3.03111e-05 3.15381e-05
   all reduce                    : 3.17471e-05 3.16445e-05 3.18497e-05
   used all_to_all method: pairwise

cg:   0  4.7194E+01
cg: 101  2.7296E-09  4.3449E-01  6.2572E-01  2.6939E-17
cg:   0  5.5035E+01
cg: 101  4.4319E-09  3.9883E-01  6.4438E-01  7.6849E-17

nelt =       4, np =         2, nx1 =      10, elements =         8
Tot MFlops =   0.0000E+00, MFlops      =   0.0000E+00
Setup Flop =   5.5600E+07, Solver Flop =   6.0600E+06
Solve Time =   0.0000E+00
[PI-INFO] Paramount Iteration,0,4,0.293500,0.047354

 Processor Distribution:  npx,npy,npz=           2           1           1
 Element Distribution: nelx,nely,nelz=          10           1           1
 Local Element Distribution: mx,my,mz=           5           1           1
[PI-INFO] Paramount Iteration,1,4,0.285920,0.047349
gs_setup: 100 unique labels shared
   pairwise times (avg, min, max): 2.98871e-05 2.98826e-05 2.98916e-05
   crystal router                : 3.00049e-05 2.99889e-05 3.00209e-05
   all reduce                    : 3.15407e-05 3.14656e-05 3.16158e-05
   used all_to_all method: pairwise

cg:   0  5.2251E+01
cg: 101  4.2055E-09  4.2553E-01  6.0442E-01  6.3537E-17
cg:   0  6.3313E+01
cg: 101  6.6679E-09  4.3160E-01  6.1603E-01  1.6755E-16

nelt =       5, np =         2, nx1 =      10, elements =        10
Tot MFlops =   0.0000E+00, MFlops      =   0.0000E+00
Setup Flop =   6.9500E+07, Solver Flop =   7.5750E+06
Solve Time =   0.0000E+00
[PI-INFO] Paramount Iteration,0,5,0.345668,0.052168

 Processor Distribution:  npx,npy,npz=           2           1           1
 Element Distribution: nelx,nely,nelz=           6           2           1
 Local Element Distribution: mx,my,mz=           3           2           1
[PI-INFO] Paramount Iteration,1,5,0.338102,0.052182
gs_setup: 190 unique labels shared
   pairwise times (avg, min, max): 3.03709e-05 3.01849e-05 3.0557e-05
   crystal router                : 3.0482e-05 3.03999e-05 3.05642e-05
   all reduce                    : 3.15199e-05 3.1307e-05 3.17328e-05
   used all_to_all method: pairwise

cg:   0  5.8001E+01
cg: 101  4.2652E-09  4.0029E-01  6.3592E-01  7.3251E-17
cg:   0  6.7930E+01
cg: 101  5.8528E-09  4.1077E-01  6.4823E-01  1.3437E-16

nelt =       6, np =         2, nx1 =      10, elements =        12
Tot MFlops =   0.0000E+00, MFlops      =   0.0000E+00
Setup Flop =   8.3400E+07, Solver Flop =   9.0900E+06
Solve Time =   0.0000E+00
[PI-INFO] Paramount Iteration,0,6,0.403287,0.057619

 Processor Distribution:  npx,npy,npz=           2           1           1
 Element Distribution: nelx,nely,nelz=          14           1           1
 Local Element Distribution: mx,my,mz=           7           1           1
[PI-INFO] Paramount Iteration,1,6,0.395708,0.057606
gs_setup: 100 unique labels shared
   pairwise times (avg, min, max): 3.03459e-05 3.02017e-05 3.049e-05
   crystal router                : 2.95616e-05 2.89299e-05 3.01933e-05
   all reduce                    : 3.07109e-05 3.0363e-05 3.10589e-05
   used all_to_all method: crystal router

cg:   0  6.1653E+01
cg: 101  4.9986E-09  4.2061E-01  6.3034E-01  9.2523E-17
cg:   0  7.5600E+01
cg: 101  7.9478E-09  4.1155E-01  6.2675E-01  2.4465E-16

nelt =       7, np =         2, nx1 =      10, elements =        14
Tot MFlops =   0.0000E+00, MFlops      =   0.0000E+00
Setup Flop =   9.7300E+07, Solver Flop =   1.0605E+07
Solve Time =   0.0000E+00
[PI-INFO] Paramount Iteration,0,7,0.465670,0.062383

 Processor Distribution:  npx,npy,npz=           2           1           1
 Element Distribution: nelx,nely,nelz=           4           2           2
 Local Element Distribution: mx,my,mz=           2           2           2
[PI-INFO] Paramount Iteration,1,7,0.458109,0.062401
gs_setup: 361 unique labels shared
   pairwise times (avg, min, max): 3.22873e-05 3.22069e-05 3.23677e-05
   crystal router                : 3.11959e-05 3.06488e-05 3.1743e-05
   all reduce                    : 3.28825e-05 3.27285e-05 3.30365e-05
   used all_to_all method: crystal router

cg:   0  6.7460E+01
cg: 101  4.7714E-09  4.1568E-01  6.3488E-01  8.7314E-17
cg:   0  7.6683E+01
cg: 101  7.1445E-09  4.1462E-01  6.2479E-01  2.0059E-16

nelt =       8, np =         2, nx1 =      10, elements =        16
Tot MFlops =   0.0000E+00, MFlops      =   0.0000E+00
Setup Flop =   1.1120E+08, Solver Flop =   1.2120E+07
Solve Time =   0.0000E+00
[PI-INFO] Paramount Iteration,0,8,0.533903,0.068233

 Processor Distribution:  npx,npy,npz=           2           1           1
 Element Distribution: nelx,nely,nelz=           6           3           1
 Local Element Distribution: mx,my,mz=           3           3           1
[PI-INFO] Paramount Iteration,1,8,0.526308,0.068199
gs_setup: 280 unique labels shared
   pairwise times (avg, min, max): 3.162e-05 3.15657e-05 3.16742e-05
   crystal router                : 3.08175e-05 3.06446e-05 3.09904e-05
   all reduce                    : 3.29003e-05 3.28577e-05 3.29429e-05
   used all_to_all method: crystal router

cg:   0  7.1152E+01
cg: 101  5.8108E-09  4.2327E-01  6.3267E-01  1.2097E-16
cg:   0  8.2645E+01
cg: 101  8.6211E-09  4.2694E-01  6.1954E-01  2.6802E-16

nelt =       9, np =         2, nx1 =      10, elements =        18
Tot MFlops =   0.0000E+00, MFlops      =   0.0000E+00
Setup Flop =   1.2510E+08, Solver Flop =   1.3635E+07
Solve Time =   0.0000E+00
[PI-INFO] Paramount Iteration,0,9,0.608080,0.074177

 Processor Distribution:  npx,npy,npz=           2           1           1
 Element Distribution: nelx,nely,nelz=          10           2           1
 Local Element Distribution: mx,my,mz=           5           2           1
[PI-INFO] Paramount Iteration,1,9,0.600504,0.074196
gs_setup: 190 unique labels shared
   pairwise times (avg, min, max): 3.24623e-05 3.21738e-05 3.27508e-05
   crystal router                : 3.12662e-05 3.12239e-05 3.13085e-05
   all reduce                    : 3.09856e-05 3.08944e-05 3.10768e-05
   used all_to_all method: allreduce

cg:   0  7.4696E+01
cg: 101  5.9852E-09  4.0647E-01  6.2501E-01  1.4827E-16
cg:   0  8.7910E+01
cg: 101  8.7598E-09  3.9734E-01  6.2326E-01  3.1461E-16

nelt =      10, np =         2, nx1 =      10, elements =        20
Tot MFlops =   0.0000E+00, MFlops      =   0.0000E+00
Setup Flop =   1.3900E+08, Solver Flop =   1.5150E+07
Solve Time =   0.0000E+00
[PI-INFO] Paramount Iteration,0,10,0.687236,0.079156

 Processor Distribution:  npx,npy,npz=           2           1           1
 Element Distribution: nelx,nely,nelz=          22           1           1
 Local Element Distribution: mx,my,mz=          11           1           1
[PI-INFO] Paramount Iteration,1,10,0.679666,0.079162
gs_setup: 100 unique labels shared
   pairwise times (avg, min, max): 3.01939e-05 3.01753e-05 3.02126e-05
   crystal router                : 3.13123e-05 3.07833e-05 3.18413e-05
   all reduce                    : 3.13969e-05 3.12569e-05 3.15369e-05
   used all_to_all method: pairwise

cg:   0  7.7050E+01
cg: 101  6.5001E-09  4.0786E-01  6.5030E-01  1.6429E-16
cg:   0  9.5215E+01
cg: 101  9.9398E-09  4.0744E-01  6.3608E-01  3.8985E-16

nelt =      11, np =         2, nx1 =      10, elements =        22
Tot MFlops =   0.0000E+00, MFlops      =   0.0000E+00
Setup Flop =   1.5290E+08, Solver Flop =   1.6665E+07
Solve Time =   0.0000E+00
[PI-INFO] Paramount Iteration,0,11,0.770934,0.083698

 Processor Distribution:  npx,npy,npz=           2           1           1
 Element Distribution: nelx,nely,nelz=           6           2           2
 Local Element Distribution: mx,my,mz=           3           2           2
[PI-INFO] Paramount Iteration,1,11,0.763375,0.083709
gs_setup: 361 unique labels shared
   pairwise times (avg, min, max): 3.13507e-05 3.12739e-05 3.14276e-05
   crystal router                : 3.24001e-05 3.19023e-05 3.28978e-05
   all reduce                    : 3.28111e-05 3.22682e-05 3.33541e-05
   used all_to_all method: pairwise

cg:   0  8.2681E+01
cg: 101  6.7698E-09  4.1269E-01  6.1187E-01  1.7641E-16
cg:   0  9.3666E+01
cg: 101  9.4359E-09  4.2281E-01  6.1416E-01  3.3360E-16

nelt =      12, np =         2, nx1 =      10, elements =        24
Tot MFlops =   0.0000E+00, MFlops      =   0.0000E+00
Setup Flop =   1.6680E+08, Solver Flop =   1.8180E+07
Solve Time =   0.0000E+00
[PI-INFO] Paramount Iteration,0,12,0.860889,0.089955

 Processor Distribution:  npx,npy,npz=           2           1           1
 Element Distribution: nelx,nely,nelz=          26           1           1
 Local Element Distribution: mx,my,mz=          13           1           1
[PI-INFO] Paramount Iteration,1,12,0.853333,0.089958
gs_setup: 100 unique labels shared
   pairwise times (avg, min, max): 3.06186e-05 3.04792e-05 3.07581e-05
   crystal router                : 3.07787e-05 3.0604e-05 3.09534e-05
   all reduce                    : 3.10863e-05 3.07544e-05 3.14182e-05
   used all_to_all method: pairwise

cg:   0  8.3867E+01
cg: 101  7.3200E-09  4.0677E-01  6.5748E-01  2.0726E-16
cg:   0  1.0377E+02
cg: 101  1.0581E-08  4.0685E-01  6.4732E-01  4.4110E-16

nelt =      13, np =         2, nx1 =      10, elements =        26
Tot MFlops =   0.0000E+00, MFlops      =   0.0000E+00
Setup Flop =   1.8070E+08, Solver Flop =   1.9695E+07
Solve Time =   0.0000E+00
[PI-INFO] Paramount Iteration,0,13,0.955590,0.094701

 Processor Distribution:  npx,npy,npz=           2           1           1
 Element Distribution: nelx,nely,nelz=          14           2           1
 Local Element Distribution: mx,my,mz=           7           2           1
[PI-INFO] Paramount Iteration,1,13,0.948004,0.094671
gs_setup: 190 unique labels shared
   pairwise times (avg, min, max): 3.12015e-05 3.09486e-05 3.14545e-05
   crystal router                : 3.05628e-05 3.05431e-05 3.05826e-05
   all reduce                    : 3.13601e-05 3.12337e-05 3.14864e-05
   used all_to_all method: crystal router

cg:   0  8.8087E+01
cg: 101  7.9169E-09  4.1426E-01  6.3336E-01  2.4903E-16
cg:   0  1.0419E+02
cg: 101  1.1782E-08  4.1463E-01  6.2967E-01  5.5389E-16

nelt =      14, np =         2, nx1 =      10, elements =        28
Tot MFlops =   0.0000E+00, MFlops      =   0.0000E+00
Setup Flop =   1.9460E+08, Solver Flop =   2.1210E+07
Solve Time =   0.0000E+00
[PI-INFO] Paramount Iteration,0,14,1.055999,0.100409

 Processor Distribution:  npx,npy,npz=           2           1           1
 Element Distribution: nelx,nely,nelz=          10           3           1
 Local Element Distribution: mx,my,mz=           5           3           1
[PI-INFO] Paramount Iteration,1,14,1.048428,0.100424
gs_setup: 280 unique labels shared
   pairwise times (avg, min, max): 3.14643e-05 3.13744e-05 3.15541e-05
   crystal router                : 3.1419e-05 3.10736e-05 3.17645e-05
   all reduce                    : 3.25812e-05 3.24597e-05 3.27026e-05
   used all_to_all method: pairwise

cg:   0  9.1604E+01
cg: 101  8.7998E-09  4.0873E-01  6.0604E-01  3.1249E-16
cg:   0  1.0672E+02
cg: 101  1.2867E-08  4.1806E-01  6.1189E-01  6.2383E-16

nelt =      15, np =         2, nx1 =      10, elements =        30
Tot MFlops =   0.0000E+00, MFlops      =   0.0000E+00
Setup Flop =   2.0850E+08, Solver Flop =   2.2725E+07
Solve Time =   0.0000E+00
[PI-INFO] Paramount Iteration,0,15,1.161749,0.105750
[PI-INFO] PI avg,0,0.068483,15
[PI-INFO] Beta,0,0.000008
[PI-INFO] Total time,1.161757
[PI-INFO] Paramount Iteration,1,15,1.154188,0.105760
[PI-INFO] PI avg,1,0.068479,15
[PI-INFO] Beta,1,0.000016
--------------------------------------------------------------------------
mpirun has exited due to process rank 0 with PID 0 on
node ip-172-31-15-110 exiting improperly. There are three reasons this could occur:

1. this process did not call "init" before exiting, but others in
the job did. This can cause a job to hang indefinitely while it waits
for all processes to call "init". By rule, if one process calls "init",
then ALL processes must call "init" prior to termination.

2. this process called "init", but exited without calling "finalize".
By rule, all processes that call "init" MUST call "finalize" prior to
exiting or it will be considered an "abnormal termination"

3. this process called "MPI_Abort" or "orte_abort" and the mca parameter
orte_create_session_dirs is set to false. In this case, the run-time cannot
detect that the abort call was an abnormal termination. Hence, the only
error message you will receive is this one.

This may have caused other processes in the application to be
terminated by signals sent by mpirun (as reported here).

You can avoid this message by specifying -quiet on the mpirun command line.
--------------------------------------------------------------------------
[ip-172-31-15-110:16698] 1 more process has sent help message help-mpi-btl-base.txt / btl:no-nics
[ip-172-31-15-110:16698] Set MCA parameter "orte_base_help_aggregate" to 0 to see all help / error messages
Command exited with non-zero status 1
	Command being timed: "mpirun --hostfile /home/ubuntu/PI-Bench/ECP-Proxy-Apps/hostfile -n 2 ./nekbone"
	User time (seconds): 0.87
	System time (seconds): 0.22
	Percent of CPU this job got: 29%
	Elapsed (wall clock) time (h:mm:ss or m:ss): 0:03.74
	Average shared text size (kbytes): 0
	Average unshared data size (kbytes): 0
	Average stack size (kbytes): 0
	Average total size (kbytes): 0
	Maximum resident set size (kbytes): 18888
	Average resident set size (kbytes): 0
	Major (requiring I/O) page faults: 4
	Minor (reclaiming a frame) page faults: 7245
	Voluntary context switches: 972
	Involuntary context switches: 124
	Swaps: 0
	File system inputs: 0
	File system outputs: 16448
	Socket messages sent: 0
	Socket messages received: 0
	Signals delivered: 0
	Page size (bytes): 4096
	Exit status: 1
