--------------------------------------------------------------------------
[[54660,1],0]: A high-performance Open MPI point-to-point messaging module
was unable to find any relevant network interfaces:

Module: OpenFabrics (openib)
  Host: ip-172-31-13-196

Another transport will be used instead, although this may result in
lower performance.

NOTE: You can disable this warning by setting the MCA parameter
btl_base_warn_component_unused to 0.
--------------------------------------------------------------------------
Initializing redistribution using a pencil layout on 2 ranks.
distribution 1D: [2:1:1]
distribution 3D: [2:1:1]
distribution 2z: [2:1:1]
distribution 2x: [1:2:1]
distribution 2y: [2:1:1]
DFFT  init  max 2.323e-01s  avg 2.195e-01s  min 2.067e-01s  dev 1.284e-02s

Hex representations of double precision floats
0.000000e+00 = 0
1.000000e+00 = 3ff0000000000000
2097152.000000 = 4140000000000000

[PI-INFO] Init time,0,0.383156

TESTING 0

[PI-INFO] Init time,1,0.376248
DFFT  fd32  max 4.091e-02s  avg 3.654e-02s  min 3.216e-02s  dev 4.375e-03s
DFFT  f1dx  max 4.786e-03s  avg 4.500e-03s  min 4.214e-03s  dev 2.860e-04s
DFFT  fd23  max 3.227e-02s  avg 2.881e-02s  min 2.535e-02s  dev 3.463e-03s
DFFT  fd32  max 1.740e-02s  avg 1.670e-02s  min 1.600e-02s  dev 7.018e-04s
DFFT  f1dy  max 4.847e-03s  avg 4.754e-03s  min 4.661e-03s  dev 9.282e-05s
DFFT  fd23  max 1.171e-02s  avg 1.162e-02s  min 1.152e-02s  dev 9.788e-05s
DFFT  fd32  max 7.464e-03s  avg 7.336e-03s  min 7.208e-03s  dev 1.278e-04s
DFFT  f1dz  max 4.717e-03s  avg 4.667e-03s  min 4.618e-03s  dev 4.914e-05s
DFFT fdist  max 1.079e-01s  avg 1.010e-01s  min 9.409e-02s  dev 6.910e-03s
DFFT fdfft  max 1.435e-02s  avg 1.392e-02s  min 1.349e-02s  dev 4.279e-04s
FORWARD     max 1.266e-01s  avg 1.265e-01s  min 1.265e-01s  dev 4.013e-05s

k-space:
real in [1.000000e+00,1.000000e+00] = [3ff0000000000000,3ff0000000000000]
imag in [0.000000e+00,0.000000e+00] = [0,0]

DFFT  b1dz  max 6.019e-03s  avg 5.960e-03s  min 5.901e-03s  dev 5.901e-05s
DFFT  bd23  max 8.112e-03s  avg 8.075e-03s  min 8.039e-03s  dev 3.674e-05s
DFFT  bd32  max 9.859e-03s  avg 9.786e-03s  min 9.713e-03s  dev 7.297e-05s
DFFT  b1dy  max 6.313e-03s  avg 6.252e-03s  min 6.191e-03s  dev 6.088e-05s
DFFT  bd23  max 1.177e-02s  avg 1.172e-02s  min 1.167e-02s  dev 4.585e-05s
DFFT  bd32  max 3.286e-02s  avg 2.869e-02s  min 2.452e-02s  dev 4.173e-03s
DFFT  b1dx  max 6.193e-03s  avg 5.903e-03s  min 5.614e-03s  dev 2.898e-04s
DFFT  bd23  max 3.166e-02s  avg 2.740e-02s  min 2.314e-02s  dev 4.261e-03s
DFFT bdist  max 9.412e-02s  avg 8.567e-02s  min 7.723e-02s  dev 8.443e-03s
DFFT bdfft  max 1.852e-02s  avg 1.812e-02s  min 1.771e-02s  dev 4.097e-04s
BACKWARD    max 1.151e-01s  avg 1.151e-01s  min 1.151e-01s  dev 5.362e-06s

r-space:
a[0,0,0] = (2097152.000000,0.000000) = (4140000000000000,0)
real in [0.000000e+00,0.000000e+00] = [0,0]
imag in [0.000000e+00,0.000000e+00] = [0,0]

[PI-INFO] Paramount Iteration,0,1,0.632937,0.249781

TESTING 1

[PI-INFO] Paramount Iteration,1,1,0.625972,0.249725
DFFT  fd32  max 3.116e-02s  avg 2.707e-02s  min 2.298e-02s  dev 4.091e-03s
DFFT  f1dx  max 4.743e-03s  avg 4.487e-03s  min 4.231e-03s  dev 2.558e-04s
DFFT  fd23  max 3.190e-02s  avg 2.857e-02s  min 2.524e-02s  dev 3.328e-03s
DFFT  fd32  max 1.007e-02s  avg 9.293e-03s  min 8.517e-03s  dev 7.760e-04s
DFFT  f1dy  max 4.890e-03s  avg 4.731e-03s  min 4.572e-03s  dev 1.587e-04s
DFFT  fd23  max 1.199e-02s  avg 1.180e-02s  min 1.160e-02s  dev 1.960e-04s
DFFT  fd32  max 7.472e-03s  avg 7.457e-03s  min 7.443e-03s  dev 1.490e-05s
DFFT  f1dz  max 4.696e-03s  avg 4.678e-03s  min 4.661e-03s  dev 1.713e-05s
DFFT fdist  max 9.062e-02s  avg 8.419e-02s  min 7.775e-02s  dev 6.432e-03s
DFFT fdfft  max 1.433e-02s  avg 1.390e-02s  min 1.346e-02s  dev 4.316e-04s
FORWARD     max 1.093e-01s  avg 1.092e-01s  min 1.091e-01s  dev 1.081e-04s

k-space:
real in [1.000000e+00,1.000000e+00] = [3ff0000000000000,3ff0000000000000]
imag in [0.000000e+00,0.000000e+00] = [0,0]

DFFT  b1dz  max 5.999e-03s  avg 5.885e-03s  min 5.770e-03s  dev 1.143e-04s
DFFT  bd23  max 7.793e-03s  avg 7.765e-03s  min 7.737e-03s  dev 2.778e-05s
DFFT  bd32  max 9.562e-03s  avg 9.479e-03s  min 9.396e-03s  dev 8.280e-05s
DFFT  b1dy  max 5.989e-03s  avg 5.989e-03s  min 5.989e-03s  dev 2.790e-07s
DFFT  bd23  max 1.173e-02s  avg 1.166e-02s  min 1.160e-02s  dev 6.535e-05s
DFFT  bd32  max 3.178e-02s  avg 2.763e-02s  min 2.347e-02s  dev 4.153e-03s
DFFT  b1dx  max 6.080e-03s  avg 5.868e-03s  min 5.655e-03s  dev 2.129e-04s
DFFT  bd23  max 3.295e-02s  avg 2.881e-02s  min 2.467e-02s  dev 4.142e-03s
DFFT bdist  max 9.363e-02s  avg 8.534e-02s  min 7.706e-02s  dev 8.285e-03s
DFFT bdfft  max 1.807e-02s  avg 1.774e-02s  min 1.741e-02s  dev 3.269e-04s
BACKWARD    max 1.142e-01s  avg 1.142e-01s  min 1.142e-01s  dev 2.681e-05s

r-space:
a[0,0,0] = (2097152.000000,0.000000) = (4140000000000000,0)
real in [0.000000e+00,0.000000e+00] = [0,0]
imag in [0.000000e+00,0.000000e+00] = [0,0]

[PI-INFO] Paramount Iteration,0,2,0.864384,0.231447

TESTING 2

[PI-INFO] Paramount Iteration,1,2,0.857406,0.231434
DFFT  fd32  max 3.075e-02s  avg 2.679e-02s  min 2.283e-02s  dev 3.960e-03s
DFFT  f1dx  max 4.640e-03s  avg 4.451e-03s  min 4.261e-03s  dev 1.896e-04s
DFFT  fd23  max 3.083e-02s  avg 2.787e-02s  min 2.491e-02s  dev 2.959e-03s
DFFT  fd32  max 1.036e-02s  avg 9.742e-03s  min 9.129e-03s  dev 6.133e-04s
DFFT  f1dy  max 4.968e-03s  avg 4.890e-03s  min 4.812e-03s  dev 7.774e-05s
DFFT  fd23  max 1.190e-02s  avg 1.179e-02s  min 1.168e-02s  dev 1.101e-04s
DFFT  fd32  max 7.726e-03s  avg 7.618e-03s  min 7.510e-03s  dev 1.081e-04s
DFFT  f1dz  max 4.793e-03s  avg 4.734e-03s  min 4.674e-03s  dev 5.926e-05s
DFFT fdist  max 8.991e-02s  avg 8.382e-02s  min 7.774e-02s  dev 6.087e-03s
DFFT fdfft  max 1.428e-02s  avg 1.407e-02s  min 1.387e-02s  dev 2.080e-04s
FORWARD     max 1.083e-01s  avg 1.082e-01s  min 1.081e-01s  dev 1.182e-04s

k-space:
real in [1.000000e+00,1.000000e+00] = [3ff0000000000000,3ff0000000000000]
imag in [0.000000e+00,0.000000e+00] = [0,0]

DFFT  b1dz  max 6.138e-03s  avg 6.061e-03s  min 5.984e-03s  dev 7.722e-05s
DFFT  bd23  max 7.915e-03s  avg 7.855e-03s  min 7.796e-03s  dev 5.970e-05s
DFFT  bd32  max 9.406e-03s  avg 9.391e-03s  min 9.375e-03s  dev 1.549e-05s
DFFT  b1dy  max 6.185e-03s  avg 6.111e-03s  min 6.038e-03s  dev 7.347e-05s
DFFT  bd23  max 1.192e-02s  avg 1.184e-02s  min 1.176e-02s  dev 7.816e-05s
DFFT  bd32  max 3.336e-02s  avg 2.876e-02s  min 2.416e-02s  dev 4.600e-03s
DFFT  b1dx  max 6.124e-03s  avg 6.050e-03s  min 5.975e-03s  dev 7.455e-05s
DFFT  bd23  max 3.402e-02s  avg 2.945e-02s  min 2.487e-02s  dev 4.574e-03s
DFFT bdist  max 9.662e-02s  avg 8.729e-02s  min 7.797e-02s  dev 9.327e-03s
DFFT bdfft  max 1.830e-02s  avg 1.822e-02s  min 1.815e-02s  dev 7.613e-05s
BACKWARD    max 1.173e-01s  avg 1.173e-01s  min 1.173e-01s  dev 1.293e-05s

r-space:
a[0,0,0] = (2097152.000000,0.000000) = (4140000000000000,0)
real in [0.000000e+00,0.000000e+00] = [0,0]
imag in [0.000000e+00,0.000000e+00] = [0,0]

[PI-INFO] Paramount Iteration,0,3,1.097854,0.233470

TESTING 3

[PI-INFO] Paramount Iteration,1,3,1.090879,0.233473
DFFT  fd32  max 3.158e-02s  avg 2.735e-02s  min 2.313e-02s  dev 4.227e-03s
DFFT  f1dx  max 4.854e-03s  avg 4.632e-03s  min 4.411e-03s  dev 2.211e-04s
DFFT  fd23  max 3.259e-02s  avg 2.894e-02s  min 2.528e-02s  dev 3.656e-03s
DFFT  fd32  max 9.524e-03s  avg 9.060e-03s  min 8.597e-03s  dev 4.633e-04s
DFFT  f1dy  max 4.822e-03s  avg 4.726e-03s  min 4.631e-03s  dev 9.523e-05s
DFFT  fd23  max 1.175e-02s  avg 1.171e-02s  min 1.167e-02s  dev 4.029e-05s
DFFT  fd32  max 7.352e-03s  avg 7.345e-03s  min 7.339e-03s  dev 6.682e-06s
DFFT  f1dz  max 4.710e-03s  avg 4.660e-03s  min 4.610e-03s  dev 4.972e-05s
DFFT fdist  max 9.178e-02s  avg 8.441e-02s  min 7.703e-02s  dev 7.372e-03s
DFFT fdfft  max 1.438e-02s  avg 1.402e-02s  min 1.365e-02s  dev 3.660e-04s
FORWARD     max 1.096e-01s  avg 1.095e-01s  min 1.095e-01s  dev 4.914e-05s

k-space:
real in [1.000000e+00,1.000000e+00] = [3ff0000000000000,3ff0000000000000]
imag in [0.000000e+00,0.000000e+00] = [0,0]

DFFT  b1dz  max 6.034e-03s  avg 5.957e-03s  min 5.880e-03s  dev 7.722e-05s
DFFT  bd23  max 7.980e-03s  avg 7.889e-03s  min 7.797e-03s  dev 9.167e-05s
DFFT  bd32  max 9.550e-03s  avg 9.538e-03s  min 9.526e-03s  dev 1.233e-05s
DFFT  b1dy  max 6.132e-03s  avg 6.031e-03s  min 5.929e-03s  dev 1.018e-04s
DFFT  bd23  max 1.179e-02s  avg 1.166e-02s  min 1.152e-02s  dev 1.369e-04s
DFFT  bd32  max 3.384e-02s  avg 2.959e-02s  min 2.534e-02s  dev 4.248e-03s
DFFT  b1dx  max 6.270e-03s  avg 6.024e-03s  min 5.778e-03s  dev 2.461e-04s
DFFT  bd23  max 3.269e-02s  avg 2.879e-02s  min 2.490e-02s  dev 3.896e-03s
DFFT bdist  max 9.537e-02s  avg 8.747e-02s  min 7.957e-02s  dev 7.903e-03s
DFFT bdfft  max 1.844e-02s  avg 1.801e-02s  min 1.759e-02s  dev 4.252e-04s
BACKWARD    max 1.166e-01s  avg 1.166e-01s  min 1.166e-01s  dev 1.607e-05s

r-space:
a[0,0,0] = (2097152.000000,0.000000) = (4140000000000000,0)
real in [0.000000e+00,0.000000e+00] = [0,0]
imag in [0.000000e+00,0.000000e+00] = [0,0]

[PI-INFO] Paramount Iteration,0,4,1.331965,0.234111

TESTING 4

[PI-INFO] Paramount Iteration,1,4,1.324992,0.234113
DFFT  fd32  max 2.963e-02s  avg 2.568e-02s  min 2.173e-02s  dev 3.952e-03s
DFFT  f1dx  max 4.690e-03s  avg 4.561e-03s  min 4.431e-03s  dev 1.296e-04s
DFFT  fd23  max 3.198e-02s  avg 2.847e-02s  min 2.495e-02s  dev 3.513e-03s
DFFT  fd32  max 9.968e-03s  avg 9.324e-03s  min 8.680e-03s  dev 6.437e-04s
DFFT  f1dy  max 4.873e-03s  avg 4.778e-03s  min 4.683e-03s  dev 9.513e-05s
DFFT  fd23  max 1.157e-02s  avg 1.156e-02s  min 1.156e-02s  dev 3.778e-06s
DFFT  fd32  max 7.571e-03s  avg 7.380e-03s  min 7.190e-03s  dev 1.905e-04s
DFFT  f1dz  max 4.725e-03s  avg 4.704e-03s  min 4.683e-03s  dev 2.082e-05s
DFFT fdist  max 8.904e-02s  avg 8.242e-02s  min 7.579e-02s  dev 6.627e-03s
DFFT fdfft  max 1.429e-02s  avg 1.404e-02s  min 1.380e-02s  dev 2.456e-04s
FORWARD     max 1.074e-01s  avg 1.073e-01s  min 1.072e-01s  dev 9.305e-05s

k-space:
real in [1.000000e+00,1.000000e+00] = [3ff0000000000000,3ff0000000000000]
imag in [0.000000e+00,0.000000e+00] = [0,0]

DFFT  b1dz  max 6.159e-03s  avg 6.001e-03s  min 5.843e-03s  dev 1.582e-04s
DFFT  bd23  max 8.035e-03s  avg 7.969e-03s  min 7.904e-03s  dev 6.551e-05s
DFFT  bd32  max 9.812e-03s  avg 9.652e-03s  min 9.492e-03s  dev 1.603e-04s
DFFT  b1dy  max 6.276e-03s  avg 6.182e-03s  min 6.089e-03s  dev 9.330e-05s
DFFT  bd23  max 1.198e-02s  avg 1.185e-02s  min 1.173e-02s  dev 1.243e-04s
DFFT  bd32  max 3.605e-02s  avg 3.126e-02s  min 2.647e-02s  dev 4.787e-03s
DFFT  b1dx  max 6.408e-03s  avg 6.227e-03s  min 6.046e-03s  dev 1.810e-04s
DFFT  bd23  max 3.211e-02s  avg 2.836e-02s  min 2.462e-02s  dev 3.749e-03s
DFFT bdist  max 9.760e-02s  avg 8.910e-02s  min 8.059e-02s  dev 8.506e-03s
DFFT bdfft  max 1.884e-02s  avg 1.841e-02s  min 1.798e-02s  dev 4.325e-04s
BACKWARD    max 1.191e-01s  avg 1.191e-01s  min 1.191e-01s  dev 1.611e-05s

r-space:
a[0,0,0] = (2097152.000000,0.000000) = (4140000000000000,0)
real in [0.000000e+00,0.000000e+00] = [0,0]
imag in [0.000000e+00,0.000000e+00] = [0,0]

[PI-INFO] Paramount Iteration,0,5,1.566248,0.234283

TESTING 5

[PI-INFO] Paramount Iteration,1,5,1.559284,0.234292
DFFT  fd32  max 3.064e-02s  avg 2.653e-02s  min 2.241e-02s  dev 4.112e-03s
DFFT  f1dx  max 4.719e-03s  avg 4.526e-03s  min 4.333e-03s  dev 1.931e-04s
DFFT  fd23  max 3.161e-02s  avg 2.763e-02s  min 2.364e-02s  dev 3.985e-03s
DFFT  fd32  max 9.306e-03s  avg 9.059e-03s  min 8.812e-03s  dev 2.470e-04s
DFFT  f1dy  max 4.710e-03s  avg 4.681e-03s  min 4.653e-03s  dev 2.826e-05s
DFFT  fd23  max 1.158e-02s  avg 1.158e-02s  min 1.157e-02s  dev 6.466e-06s
DFFT  fd32  max 7.380e-03s  avg 7.373e-03s  min 7.366e-03s  dev 6.834e-06s
DFFT  f1dz  max 4.695e-03s  avg 4.677e-03s  min 4.658e-03s  dev 1.837e-05s
DFFT fdist  max 9.000e-02s  avg 8.216e-02s  min 7.433e-02s  dev 7.837e-03s
DFFT fdfft  max 1.412e-02s  avg 1.388e-02s  min 1.364e-02s  dev 2.397e-04s
FORWARD     max 1.071e-01s  avg 1.070e-01s  min 1.069e-01s  dev 7.124e-05s

k-space:
real in [1.000000e+00,1.000000e+00] = [3ff0000000000000,3ff0000000000000]
imag in [0.000000e+00,0.000000e+00] = [0,0]

DFFT  b1dz  max 5.947e-03s  avg 5.920e-03s  min 5.893e-03s  dev 2.702e-05s
DFFT  bd23  max 7.836e-03s  avg 7.804e-03s  min 7.772e-03s  dev 3.209e-05s
DFFT  bd32  max 9.734e-03s  avg 9.469e-03s  min 9.205e-03s  dev 2.646e-04s
DFFT  b1dy  max 6.096e-03s  avg 5.996e-03s  min 5.895e-03s  dev 1.000e-04s
DFFT  bd23  max 1.164e-02s  avg 1.155e-02s  min 1.146e-02s  dev 8.837e-05s
DFFT  bd32  max 3.252e-02s  avg 2.853e-02s  min 2.453e-02s  dev 3.997e-03s
DFFT  b1dx  max 6.337e-03s  avg 5.848e-03s  min 5.358e-03s  dev 4.898e-04s
DFFT  bd23  max 3.261e-02s  avg 2.843e-02s  min 2.425e-02s  dev 4.177e-03s
DFFT bdist  max 9.357e-02s  avg 8.578e-02s  min 7.799e-02s  dev 7.788e-03s
DFFT bdfft  max 1.838e-02s  avg 1.776e-02s  min 1.715e-02s  dev 6.169e-04s
BACKWARD    max 1.151e-01s  avg 1.151e-01s  min 1.151e-01s  dev 2.289e-05s

r-space:
a[0,0,0] = (2097152.000000,0.000000) = (4140000000000000,0)
real in [0.000000e+00,0.000000e+00] = [0,0]
imag in [0.000000e+00,0.000000e+00] = [0,0]

[PI-INFO] Paramount Iteration,0,6,1.796247,0.229999

TESTING 6

[PI-INFO] Paramount Iteration,1,6,1.789276,0.229992
DFFT  fd32  max 2.950e-02s  avg 2.574e-02s  min 2.198e-02s  dev 3.762e-03s
DFFT  f1dx  max 4.688e-03s  avg 4.469e-03s  min 4.249e-03s  dev 2.193e-04s
DFFT  fd23  max 3.068e-02s  avg 2.720e-02s  min 2.372e-02s  dev 3.480e-03s
DFFT  fd32  max 9.675e-03s  avg 9.235e-03s  min 8.796e-03s  dev 4.392e-04s
DFFT  f1dy  max 4.825e-03s  avg 4.738e-03s  min 4.652e-03s  dev 8.646e-05s
DFFT  fd23  max 1.190e-02s  avg 1.189e-02s  min 1.189e-02s  dev 6.821e-06s
DFFT  fd32  max 7.666e-03s  avg 7.439e-03s  min 7.213e-03s  dev 2.267e-04s
DFFT  f1dz  max 4.715e-03s  avg 4.707e-03s  min 4.699e-03s  dev 8.057e-06s
DFFT fdist  max 8.853e-02s  avg 8.150e-02s  min 7.448e-02s  dev 7.023e-03s
DFFT fdfft  max 1.423e-02s  avg 1.391e-02s  min 1.360e-02s  dev 3.138e-04s
FORWARD     max 1.060e-01s  avg 1.059e-01s  min 1.058e-01s  dev 8.000e-05s

k-space:
real in [1.000000e+00,1.000000e+00] = [3ff0000000000000,3ff0000000000000]
imag in [0.000000e+00,0.000000e+00] = [0,0]

DFFT  b1dz  max 6.105e-03s  avg 6.055e-03s  min 6.005e-03s  dev 4.992e-05s
DFFT  bd23  max 7.975e-03s  avg 7.929e-03s  min 7.884e-03s  dev 4.523e-05s
DFFT  bd32  max 9.487e-03s  avg 9.419e-03s  min 9.351e-03s  dev 6.787e-05s
DFFT  b1dy  max 6.099e-03s  avg 6.021e-03s  min 5.943e-03s  dev 7.801e-05s
DFFT  bd23  max 1.184e-02s  avg 1.170e-02s  min 1.155e-02s  dev 1.446e-04s
DFFT  bd32  max 3.393e-02s  avg 2.954e-02s  min 2.515e-02s  dev 4.391e-03s
DFFT  b1dx  max 6.165e-03s  avg 5.956e-03s  min 5.747e-03s  dev 2.090e-04s
DFFT  bd23  max 3.188e-02s  avg 2.755e-02s  min 2.322e-02s  dev 4.330e-03s
DFFT bdist  max 9.469e-02s  avg 8.614e-02s  min 7.759e-02s  dev 8.554e-03s
DFFT bdfft  max 1.837e-02s  avg 1.803e-02s  min 1.770e-02s  dev 3.370e-04s
BACKWARD    max 1.158e-01s  avg 1.158e-01s  min 1.157e-01s  dev 1.190e-05s

r-space:
a[0,0,0] = (2097152.000000,0.000000) = (4140000000000000,0)
real in [0.000000e+00,0.000000e+00] = [0,0]
imag in [0.000000e+00,0.000000e+00] = [0,0]

[PI-INFO] Paramount Iteration,0,7,2.025808,0.229561

TESTING 7

[PI-INFO] Paramount Iteration,1,7,2.018830,0.229554
DFFT  fd32  max 3.216e-02s  avg 2.745e-02s  min 2.274e-02s  dev 4.709e-03s
DFFT  f1dx  max 4.604e-03s  avg 4.599e-03s  min 4.594e-03s  dev 4.786e-06s
DFFT  fd23  max 3.100e-02s  avg 2.750e-02s  min 2.401e-02s  dev 3.497e-03s
DFFT  fd32  max 9.990e-03s  avg 9.274e-03s  min 8.559e-03s  dev 7.155e-04s
DFFT  f1dy  max 4.900e-03s  avg 4.809e-03s  min 4.717e-03s  dev 9.184e-05s
DFFT  fd23  max 1.177e-02s  avg 1.170e-02s  min 1.163e-02s  dev 6.935e-05s
DFFT  fd32  max 7.474e-03s  avg 7.360e-03s  min 7.246e-03s  dev 1.139e-04s
DFFT  f1dz  max 4.727e-03s  avg 4.725e-03s  min 4.724e-03s  dev 1.658e-06s
DFFT fdist  max 9.096e-02s  avg 8.329e-02s  min 7.561e-02s  dev 7.674e-03s
DFFT fdfft  max 1.422e-02s  avg 1.413e-02s  min 1.405e-02s  dev 8.540e-05s
FORWARD     max 1.090e-01s  avg 1.090e-01s  min 1.089e-01s  dev 7.310e-05s

k-space:
real in [1.000000e+00,1.000000e+00] = [3ff0000000000000,3ff0000000000000]
imag in [0.000000e+00,0.000000e+00] = [0,0]

DFFT  b1dz  max 6.038e-03s  avg 5.994e-03s  min 5.949e-03s  dev 4.415e-05s
DFFT  bd23  max 8.272e-03s  avg 8.027e-03s  min 7.782e-03s  dev 2.449e-04s
DFFT  bd32  max 9.783e-03s  avg 9.567e-03s  min 9.350e-03s  dev 2.167e-04s
DFFT  b1dy  max 6.308e-03s  avg 6.195e-03s  min 6.081e-03s  dev 1.130e-04s
DFFT  bd23  max 1.184e-02s  avg 1.173e-02s  min 1.162e-02s  dev 1.116e-04s
DFFT  bd32  max 3.350e-02s  avg 2.927e-02s  min 2.503e-02s  dev 4.234e-03s
DFFT  b1dx  max 6.263e-03s  avg 5.986e-03s  min 5.709e-03s  dev 2.766e-04s
DFFT  bd23  max 3.225e-02s  avg 2.788e-02s  min 2.351e-02s  dev 4.373e-03s
DFFT bdist  max 9.450e-02s  avg 8.647e-02s  min 7.844e-02s  dev 8.034e-03s
DFFT bdfft  max 1.852e-02s  avg 1.817e-02s  min 1.783e-02s  dev 3.455e-04s
BACKWARD    max 1.166e-01s  avg 1.165e-01s  min 1.165e-01s  dev 1.579e-05s

r-space:
a[0,0,0] = (2097152.000000,0.000000) = (4140000000000000,0)
real in [0.000000e+00,0.000000e+00] = [0,0]
imag in [0.000000e+00,0.000000e+00] = [0,0]

[PI-INFO] Paramount Iteration,0,8,2.259181,0.233373

TESTING 8

[PI-INFO] Paramount Iteration,1,8,2.252201,0.233371
DFFT  fd32  max 3.001e-02s  avg 2.607e-02s  min 2.213e-02s  dev 3.938e-03s
DFFT  f1dx  max 4.761e-03s  avg 4.535e-03s  min 4.309e-03s  dev 2.256e-04s
DFFT  fd23  max 3.050e-02s  avg 2.762e-02s  min 2.475e-02s  dev 2.872e-03s
DFFT  fd32  max 1.002e-02s  avg 9.281e-03s  min 8.545e-03s  dev 7.357e-04s
DFFT  f1dy  max 4.809e-03s  avg 4.701e-03s  min 4.594e-03s  dev 1.074e-04s
DFFT  fd23  max 1.179e-02s  avg 1.168e-02s  min 1.158e-02s  dev 1.049e-04s
DFFT  fd32  max 7.385e-03s  avg 7.291e-03s  min 7.197e-03s  dev 9.395e-05s
DFFT  f1dz  max 4.818e-03s  avg 4.729e-03s  min 4.640e-03s  dev 8.881e-05s
DFFT fdist  max 8.822e-02s  avg 8.195e-02s  min 7.568e-02s  dev 6.272e-03s
DFFT fdfft  max 1.439e-02s  avg 1.397e-02s  min 1.354e-02s  dev 4.218e-04s
FORWARD     max 1.064e-01s  avg 1.064e-01s  min 1.063e-01s  dev 6.631e-05s

k-space:
real in [1.000000e+00,1.000000e+00] = [3ff0000000000000,3ff0000000000000]
imag in [0.000000e+00,0.000000e+00] = [0,0]

DFFT  b1dz  max 6.169e-03s  avg 6.049e-03s  min 5.928e-03s  dev 1.205e-04s
DFFT  bd23  max 8.222e-03s  avg 8.054e-03s  min 7.887e-03s  dev 1.674e-04s
DFFT  bd32  max 9.607e-03s  avg 9.594e-03s  min 9.582e-03s  dev 1.272e-05s
DFFT  b1dy  max 6.393e-03s  avg 6.218e-03s  min 6.043e-03s  dev 1.751e-04s
DFFT  bd23  max 1.204e-02s  avg 1.180e-02s  min 1.156e-02s  dev 2.393e-04s
DFFT  bd32  max 3.295e-02s  avg 2.848e-02s  min 2.402e-02s  dev 4.466e-03s
DFFT  b1dx  max 6.317e-03s  avg 6.150e-03s  min 5.982e-03s  dev 1.673e-04s
DFFT  bd23  max 3.311e-02s  avg 2.936e-02s  min 2.562e-02s  dev 3.747e-03s
DFFT bdist  max 9.508e-02s  avg 8.729e-02s  min 7.950e-02s  dev 7.793e-03s
DFFT bdfft  max 1.888e-02s  avg 1.842e-02s  min 1.795e-02s  dev 4.629e-04s
BACKWARD    max 1.172e-01s  avg 1.172e-01s  min 1.172e-01s  dev 1.027e-05s

r-space:
a[0,0,0] = (2097152.000000,0.000000) = (4140000000000000,0)
real in [0.000000e+00,0.000000e+00] = [0,0]
imag in [0.000000e+00,0.000000e+00] = [0,0]

[PI-INFO] Paramount Iteration,0,9,2.490500,0.231319

TESTING 9

[PI-INFO] Paramount Iteration,1,9,2.483525,0.231324
DFFT  fd32  max 3.123e-02s  avg 2.723e-02s  min 2.324e-02s  dev 3.995e-03s
DFFT  f1dx  max 4.712e-03s  avg 4.606e-03s  min 4.499e-03s  dev 1.067e-04s
DFFT  fd23  max 3.103e-02s  avg 2.737e-02s  min 2.372e-02s  dev 3.651e-03s
DFFT  fd32  max 9.494e-03s  avg 8.951e-03s  min 8.408e-03s  dev 5.427e-04s
DFFT  f1dy  max 4.790e-03s  avg 4.734e-03s  min 4.677e-03s  dev 5.620e-05s
DFFT  fd23  max 1.168e-02s  avg 1.160e-02s  min 1.153e-02s  dev 7.506e-05s
DFFT  fd32  max 7.472e-03s  avg 7.430e-03s  min 7.388e-03s  dev 4.190e-05s
DFFT  f1dz  max 4.779e-03s  avg 4.709e-03s  min 4.640e-03s  dev 6.957e-05s
DFFT fdist  max 8.973e-02s  avg 8.259e-02s  min 7.545e-02s  dev 7.137e-03s
DFFT fdfft  max 1.428e-02s  avg 1.405e-02s  min 1.382e-02s  dev 2.324e-04s
FORWARD     max 1.075e-01s  avg 1.075e-01s  min 1.074e-01s  dev 7.236e-05s

k-space:
real in [1.000000e+00,1.000000e+00] = [3ff0000000000000,3ff0000000000000]
imag in [0.000000e+00,0.000000e+00] = [0,0]

DFFT  b1dz  max 6.247e-03s  avg 6.003e-03s  min 5.758e-03s  dev 2.444e-04s
DFFT  bd23  max 7.824e-03s  avg 7.763e-03s  min 7.703e-03s  dev 6.064e-05s
DFFT  bd32  max 9.578e-03s  avg 9.519e-03s  min 9.460e-03s  dev 5.856e-05s
DFFT  b1dy  max 6.113e-03s  avg 6.092e-03s  min 6.072e-03s  dev 2.052e-05s
DFFT  bd23  max 1.196e-02s  avg 1.189e-02s  min 1.182e-02s  dev 7.002e-05s
DFFT  bd32  max 3.258e-02s  avg 2.835e-02s  min 2.412e-02s  dev 4.232e-03s
DFFT  b1dx  max 6.610e-03s  avg 6.145e-03s  min 5.679e-03s  dev 4.656e-04s
DFFT  bd23  max 3.368e-02s  avg 2.959e-02s  min 2.550e-02s  dev 4.092e-03s
DFFT bdist  max 9.524e-02s  avg 8.711e-02s  min 7.897e-02s  dev 8.135e-03s
DFFT bdfft  max 1.893e-02s  avg 1.824e-02s  min 1.755e-02s  dev 6.895e-04s
BACKWARD    max 1.169e-01s  avg 1.169e-01s  min 1.169e-01s  dev 1.510e-05s

r-space:
a[0,0,0] = (2097152.000000,0.000000) = (4140000000000000,0)
real in [0.000000e+00,0.000000e+00] = [0,0]
imag in [0.000000e+00,0.000000e+00] = [0,0]

[PI-INFO] Paramount Iteration,0,10,2.722739,0.232239

TESTING a

[PI-INFO] Paramount Iteration,1,10,2.715758,0.232233
DFFT  fd32  max 3.136e-02s  avg 2.727e-02s  min 2.317e-02s  dev 4.096e-03s
DFFT  f1dx  max 4.722e-03s  avg 4.509e-03s  min 4.296e-03s  dev 2.127e-04s
DFFT  fd23  max 3.200e-02s  avg 2.885e-02s  min 2.570e-02s  dev 3.152e-03s
DFFT  fd32  max 9.978e-03s  avg 9.312e-03s  min 8.646e-03s  dev 6.660e-04s
DFFT  f1dy  max 4.931e-03s  avg 4.753e-03s  min 4.576e-03s  dev 1.772e-04s
DFFT  fd23  max 1.153e-02s  avg 1.148e-02s  min 1.143e-02s  dev 5.209e-05s
DFFT  fd32  max 7.434e-03s  avg 7.412e-03s  min 7.390e-03s  dev 2.157e-05s
DFFT  f1dz  max 4.762e-03s  avg 4.715e-03s  min 4.668e-03s  dev 4.695e-05s
DFFT fdist  max 9.083e-02s  avg 8.432e-02s  min 7.781e-02s  dev 6.508e-03s
DFFT fdfft  max 1.441e-02s  avg 1.398e-02s  min 1.354e-02s  dev 4.369e-04s
FORWARD     max 1.091e-01s  avg 1.090e-01s  min 1.089e-01s  dev 1.008e-04s

k-space:
real in [1.000000e+00,1.000000e+00] = [3ff0000000000000,3ff0000000000000]
imag in [0.000000e+00,0.000000e+00] = [0,0]

DFFT  b1dz  max 6.066e-03s  avg 5.975e-03s  min 5.884e-03s  dev 9.129e-05s
DFFT  bd23  max 7.874e-03s  avg 7.828e-03s  min 7.781e-03s  dev 4.669e-05s
DFFT  bd32  max 9.337e-03s  avg 9.287e-03s  min 9.237e-03s  dev 5.004e-05s
DFFT  b1dy  max 6.133e-03s  avg 6.072e-03s  min 6.010e-03s  dev 6.136e-05s
DFFT  bd23  max 1.190e-02s  avg 1.170e-02s  min 1.151e-02s  dev 1.931e-04s
DFFT  bd32  max 3.158e-02s  avg 2.741e-02s  min 2.324e-02s  dev 4.170e-03s
DFFT  b1dx  max 6.063e-03s  avg 5.878e-03s  min 5.693e-03s  dev 1.849e-04s
DFFT  bd23  max 3.272e-02s  avg 2.839e-02s  min 2.406e-02s  dev 4.331e-03s
DFFT bdist  max 9.292e-02s  avg 8.462e-02s  min 7.631e-02s  dev 8.304e-03s
DFFT bdfft  max 1.826e-02s  avg 1.792e-02s  min 1.759e-02s  dev 3.376e-04s
BACKWARD    max 1.140e-01s  avg 1.139e-01s  min 1.139e-01s  dev 3.238e-05s

r-space:
a[0,0,0] = (2097152.000000,0.000000) = (4140000000000000,0)
real in [0.000000e+00,0.000000e+00] = [0,0]
imag in [0.000000e+00,0.000000e+00] = [0,0]

[PI-INFO] Paramount Iteration,0,11,2.953588,0.230849

TESTING b

[PI-INFO] Paramount Iteration,1,11,2.946615,0.230857
DFFT  fd32  max 3.148e-02s  avg 2.728e-02s  min 2.307e-02s  dev 4.206e-03s
DFFT  f1dx  max 4.674e-03s  avg 4.449e-03s  min 4.224e-03s  dev 2.248e-04s
DFFT  fd23  max 3.180e-02s  avg 2.825e-02s  min 2.471e-02s  dev 3.545e-03s
DFFT  fd32  max 9.800e-03s  avg 9.348e-03s  min 8.896e-03s  dev 4.521e-04s
DFFT  f1dy  max 4.900e-03s  avg 4.764e-03s  min 4.628e-03s  dev 1.362e-04s
DFFT  fd23  max 1.174e-02s  avg 1.169e-02s  min 1.165e-02s  dev 4.509e-05s
DFFT  fd32  max 7.492e-03s  avg 7.431e-03s  min 7.369e-03s  dev 6.129e-05s
DFFT  f1dz  max 4.764e-03s  avg 4.663e-03s  min 4.563e-03s  dev 1.003e-04s
DFFT fdist  max 9.119e-02s  avg 8.400e-02s  min 7.681e-02s  dev 7.193e-03s
DFFT fdfft  max 1.434e-02s  avg 1.388e-02s  min 1.342e-02s  dev 4.613e-04s
FORWARD     max 1.091e-01s  avg 1.090e-01s  min 1.089e-01s  dev 1.019e-04s

k-space:
real in [1.000000e+00,1.000000e+00] = [3ff0000000000000,3ff0000000000000]
imag in [0.000000e+00,0.000000e+00] = [0,0]

DFFT  b1dz  max 5.944e-03s  avg 5.891e-03s  min 5.838e-03s  dev 5.307e-05s
DFFT  bd23  max 7.981e-03s  avg 7.940e-03s  min 7.898e-03s  dev 4.160e-05s
DFFT  bd32  max 9.545e-03s  avg 9.427e-03s  min 9.309e-03s  dev 1.183e-04s
DFFT  b1dy  max 6.057e-03s  avg 6.006e-03s  min 5.955e-03s  dev 5.087e-05s
DFFT  bd23  max 1.171e-02s  avg 1.169e-02s  min 1.167e-02s  dev 2.357e-05s
DFFT  bd32  max 3.448e-02s  avg 2.961e-02s  min 2.473e-02s  dev 4.870e-03s
DFFT  b1dx  max 6.284e-03s  avg 6.240e-03s  min 6.195e-03s  dev 4.439e-05s
DFFT  bd23  max 3.376e-02s  avg 2.918e-02s  min 2.460e-02s  dev 4.578e-03s
DFFT bdist  max 9.734e-02s  avg 8.784e-02s  min 7.834e-02s  dev 9.501e-03s
DFFT bdfft  max 1.829e-02s  avg 1.814e-02s  min 1.799e-02s  dev 1.483e-04s
BACKWARD    max 1.181e-01s  avg 1.181e-01s  min 1.180e-01s  dev 2.668e-05s

r-space:
a[0,0,0] = (2097152.000000,0.000000) = (4140000000000000,0)
real in [0.000000e+00,0.000000e+00] = [0,0]
imag in [0.000000e+00,0.000000e+00] = [0,0]

[PI-INFO] Paramount Iteration,0,12,3.188503,0.234915

TESTING c

[PI-INFO] Paramount Iteration,1,12,3.181531,0.234916
DFFT  fd32  max 3.148e-02s  avg 2.732e-02s  min 2.317e-02s  dev 4.152e-03s
DFFT  f1dx  max 4.749e-03s  avg 4.511e-03s  min 4.274e-03s  dev 2.375e-04s
DFFT  fd23  max 3.064e-02s  avg 2.704e-02s  min 2.344e-02s  dev 3.602e-03s
DFFT  fd32  max 9.784e-03s  avg 9.138e-03s  min 8.493e-03s  dev 6.455e-04s
DFFT  f1dy  max 4.721e-03s  avg 4.682e-03s  min 4.642e-03s  dev 3.993e-05s
DFFT  fd23  max 1.164e-02s  avg 1.157e-02s  min 1.149e-02s  dev 7.273e-05s
DFFT  fd32  max 7.487e-03s  avg 7.450e-03s  min 7.414e-03s  dev 3.655e-05s
DFFT  f1dz  max 4.768e-03s  avg 4.702e-03s  min 4.635e-03s  dev 6.695e-05s
DFFT fdist  max 8.966e-02s  avg 8.252e-02s  min 7.537e-02s  dev 7.145e-03s
DFFT fdfft  max 1.424e-02s  avg 1.389e-02s  min 1.355e-02s  dev 3.444e-04s
FORWARD     max 1.076e-01s  avg 1.075e-01s  min 1.075e-01s  dev 8.342e-05s

k-space:
real in [1.000000e+00,1.000000e+00] = [3ff0000000000000,3ff0000000000000]
imag in [0.000000e+00,0.000000e+00] = [0,0]

DFFT  b1dz  max 5.939e-03s  avg 5.932e-03s  min 5.925e-03s  dev 7.052e-06s
DFFT  bd23  max 7.903e-03s  avg 7.855e-03s  min 7.807e-03s  dev 4.764e-05s
DFFT  bd32  max 9.523e-03s  avg 9.441e-03s  min 9.359e-03s  dev 8.192e-05s
DFFT  b1dy  max 6.206e-03s  avg 6.064e-03s  min 5.922e-03s  dev 1.419e-04s
DFFT  bd23  max 1.194e-02s  avg 1.175e-02s  min 1.156e-02s  dev 1.899e-04s
DFFT  bd32  max 3.322e-02s  avg 2.885e-02s  min 2.449e-02s  dev 4.364e-03s
DFFT  b1dx  max 6.283e-03s  avg 5.989e-03s  min 5.695e-03s  dev 2.940e-04s
DFFT  bd23  max 3.144e-02s  avg 2.723e-02s  min 2.302e-02s  dev 4.215e-03s
DFFT bdist  max 9.339e-02s  avg 8.513e-02s  min 7.687e-02s  dev 8.259e-03s
DFFT bdfft  max 1.843e-02s  avg 1.799e-02s  min 1.754e-02s  dev 4.430e-04s
BACKWARD    max 1.148e-01s  avg 1.148e-01s  min 1.147e-01s  dev 2.467e-05s

r-space:
a[0,0,0] = (2097152.000000,0.000000) = (4140000000000000,0)
real in [0.000000e+00,0.000000e+00] = [0,0]
imag in [0.000000e+00,0.000000e+00] = [0,0]

[PI-INFO] Paramount Iteration,0,13,3.418664,0.230161

TESTING d

[PI-INFO] Paramount Iteration,1,13,3.411695,0.230164
DFFT  fd32  max 3.110e-02s  avg 2.710e-02s  min 2.309e-02s  dev 4.003e-03s
DFFT  f1dx  max 4.806e-03s  avg 4.605e-03s  min 4.404e-03s  dev 2.009e-04s
DFFT  fd23  max 3.125e-02s  avg 2.772e-02s  min 2.418e-02s  dev 3.536e-03s
DFFT  fd32  max 9.646e-03s  avg 9.115e-03s  min 8.583e-03s  dev 5.317e-04s
DFFT  f1dy  max 4.865e-03s  avg 4.701e-03s  min 4.538e-03s  dev 1.634e-04s
DFFT  fd23  max 1.192e-02s  avg 1.175e-02s  min 1.158e-02s  dev 1.682e-04s
DFFT  fd32  max 7.800e-03s  avg 7.579e-03s  min 7.358e-03s  dev 2.205e-04s
DFFT  f1dz  max 4.933e-03s  avg 4.848e-03s  min 4.762e-03s  dev 8.578e-05s
DFFT fdist  max 8.988e-02s  avg 8.326e-02s  min 7.664e-02s  dev 6.618e-03s
DFFT fdfft  max 1.460e-02s  avg 1.415e-02s  min 1.370e-02s  dev 4.500e-04s
FORWARD     max 1.087e-01s  avg 1.087e-01s  min 1.087e-01s  dev 3.633e-05s

k-space:
real in [1.000000e+00,1.000000e+00] = [3ff0000000000000,3ff0000000000000]
imag in [0.000000e+00,0.000000e+00] = [0,0]

DFFT  b1dz  max 6.309e-03s  avg 6.141e-03s  min 5.973e-03s  dev 1.679e-04s
DFFT  bd23  max 8.217e-03s  avg 8.072e-03s  min 7.927e-03s  dev 1.448e-04s
DFFT  bd32  max 9.486e-03s  avg 9.406e-03s  min 9.325e-03s  dev 8.026e-05s
DFFT  b1dy  max 6.310e-03s  avg 6.151e-03s  min 5.991e-03s  dev 1.596e-04s
DFFT  bd23  max 1.172e-02s  avg 1.159e-02s  min 1.146e-02s  dev 1.266e-04s
DFFT  bd32  max 3.347e-02s  avg 2.893e-02s  min 2.439e-02s  dev 4.537e-03s
DFFT  b1dx  max 6.326e-03s  avg 6.004e-03s  min 5.683e-03s  dev 3.215e-04s
DFFT  bd23  max 3.285e-02s  avg 2.862e-02s  min 2.439e-02s  dev 4.232e-03s
DFFT bdist  max 9.503e-02s  avg 8.662e-02s  min 7.820e-02s  dev 8.417e-03s
DFFT bdfft  max 1.895e-02s  avg 1.830e-02s  min 1.765e-02s  dev 6.490e-04s
BACKWARD    max 1.170e-01s  avg 1.170e-01s  min 1.170e-01s  dev 1.505e-05s

r-space:
a[0,0,0] = (2097152.000000,0.000000) = (4140000000000000,0)
real in [0.000000e+00,0.000000e+00] = [0,0]
imag in [0.000000e+00,0.000000e+00] = [0,0]

[PI-INFO] Paramount Iteration,0,14,3.652265,0.233601

TESTING e

[PI-INFO] Paramount Iteration,1,14,3.645298,0.233603
DFFT  fd32  max 3.149e-02s  avg 2.723e-02s  min 2.297e-02s  dev 4.264e-03s
DFFT  f1dx  max 4.573e-03s  avg 4.493e-03s  min 4.412e-03s  dev 8.074e-05s
DFFT  fd23  max 3.199e-02s  avg 2.834e-02s  min 2.469e-02s  dev 3.654e-03s
DFFT  fd32  max 9.753e-03s  avg 9.231e-03s  min 8.708e-03s  dev 5.222e-04s
DFFT  f1dy  max 4.897e-03s  avg 4.783e-03s  min 4.668e-03s  dev 1.148e-04s
DFFT  fd23  max 1.164e-02s  avg 1.158e-02s  min 1.153e-02s  dev 5.720e-05s
DFFT  fd32  max 7.519e-03s  avg 7.260e-03s  min 7.001e-03s  dev 2.586e-04s
DFFT  f1dz  max 4.786e-03s  avg 4.720e-03s  min 4.653e-03s  dev 6.675e-05s
DFFT fdist  max 9.136e-02s  avg 8.365e-02s  min 7.594e-02s  dev 7.711e-03s
DFFT fdfft  max 1.426e-02s  avg 1.399e-02s  min 1.373e-02s  dev 2.623e-04s
FORWARD     max 1.090e-01s  avg 1.089e-01s  min 1.088e-01s  dev 8.818e-05s

k-space:
real in [1.000000e+00,1.000000e+00] = [3ff0000000000000,3ff0000000000000]
imag in [0.000000e+00,0.000000e+00] = [0,0]

DFFT  b1dz  max 6.139e-03s  avg 6.009e-03s  min 5.879e-03s  dev 1.300e-04s
DFFT  bd23  max 8.038e-03s  avg 7.985e-03s  min 7.931e-03s  dev 5.373e-05s
DFFT  bd32  max 9.479e-03s  avg 9.432e-03s  min 9.385e-03s  dev 4.697e-05s
DFFT  b1dy  max 6.234e-03s  avg 6.152e-03s  min 6.069e-03s  dev 8.243e-05s
DFFT  bd23  max 1.204e-02s  avg 1.182e-02s  min 1.160e-02s  dev 2.212e-04s
DFFT  bd32  max 3.363e-02s  avg 2.921e-02s  min 2.480e-02s  dev 4.417e-03s
DFFT  b1dx  max 6.268e-03s  avg 5.919e-03s  min 5.569e-03s  dev 3.494e-04s
DFFT  bd23  max 3.175e-02s  avg 2.746e-02s  min 2.317e-02s  dev 4.288e-03s
DFFT bdist  max 9.439e-02s  avg 8.591e-02s  min 7.743e-02s  dev 8.477e-03s
DFFT bdfft  max 1.864e-02s  avg 1.808e-02s  min 1.752e-02s  dev 5.618e-04s
BACKWARD    max 1.159e-01s  avg 1.159e-01s  min 1.158e-01s  dev 1.330e-05s

r-space:
a[0,0,0] = (2097152.000000,0.000000) = (4140000000000000,0)
real in [0.000000e+00,0.000000e+00] = [0,0]
imag in [0.000000e+00,0.000000e+00] = [0,0]

[PI-INFO] Paramount Iteration,0,15,3.884968,0.232703
[PI-INFO] PI avg,0,0.233454,15
[PI-INFO] Beta,0,0.000003
[PI-INFO] Total time,3.884976
[PI-INFO] Paramount Iteration,1,15,3.877985,0.232687
[PI-INFO] PI avg,1,0.233449,15
[PI-INFO] Beta,1,0.000007
[ip-172-31-13-196:17040] 1 more process has sent help message help-mpi-btl-base.txt / btl:no-nics
[ip-172-31-13-196:17040] Set MCA parameter "orte_base_help_aggregate" to 0 to see all help / error messages
--------------------------------------------------------------------------
mpirun has exited due to process rank 0 with PID 0 on
node ip-172-31-13-196 exiting improperly. There are three reasons this could occur:

1. this process did not call "init" before exiting, but others in
the job did. This can cause a job to hang indefinitely while it waits
for all processes to call "init". By rule, if one process calls "init",
then ALL processes must call "init" prior to termination.

2. this process called "init", but exited without calling "finalize".
By rule, all processes that call "init" MUST call "finalize" prior to
exiting or it will be considered an "abnormal termination"

3. this process called "MPI_Abort" or "orte_abort" and the mca parameter
orte_create_session_dirs is set to false. In this case, the run-time cannot
detect that the abort call was an abnormal termination. Hence, the only
error message you will receive is this one.

This may have caused other processes in the application to be
terminated by signals sent by mpirun (as reported here).

You can avoid this message by specifying -quiet on the mpirun command line.
--------------------------------------------------------------------------
Command exited with non-zero status 1
	Command being timed: "mpirun --hostfile /home/ubuntu/PI-Bench/ECP-Proxy-Apps/hostfile -n 2 ./build/TestDfft 1000 128"
	User time (seconds): 3.32
	System time (seconds): 0.51
	Percent of CPU this job got: 59%
	Elapsed (wall clock) time (h:mm:ss or m:ss): 0:06.50
	Average shared text size (kbytes): 0
	Average unshared data size (kbytes): 0
	Average stack size (kbytes): 0
	Average total size (kbytes): 0
	Maximum resident set size (kbytes): 81328
	Average resident set size (kbytes): 0
	Major (requiring I/O) page faults: 4
	Minor (reclaiming a frame) page faults: 21375
	Voluntary context switches: 1225
	Involuntary context switches: 12
	Swaps: 0
	File system inputs: 0
	File system outputs: 16480
	Socket messages sent: 0
	Socket messages received: 0
	Signals delivered: 0
	Page size (bytes): 4096
	Exit status: 1
