--------------------------------------------------------------------------
[[53894,1],0]: A high-performance Open MPI point-to-point messaging module
was unable to find any relevant network interfaces:

Module: OpenFabrics (openib)
  Host: ip-172-31-13-196

Another transport will be used instead, although this may result in
lower performance.

NOTE: You can disable this warning by setting the MCA parameter
btl_base_warn_component_unused to 0.
--------------------------------------------------------------------------
Initializing redistribution using a pencil layout on 2 ranks.
distribution 1D: [2:1:1]
distribution 3D: [2:1:1]
distribution 2z: [2:1:1]
distribution 2x: [1:2:1]
distribution 2y: [2:1:1]
DFFT  init  max 2.291e-01s  avg 2.251e-01s  min 2.211e-01s  dev 4.010e-03s

Hex representations of double precision floats
0.000000e+00 = 0
1.000000e+00 = 3ff0000000000000
2097152.000000 = 4140000000000000

[PI-INFO] Init time,0,0.380295

TESTING 0

[PI-INFO] Init time,1,0.373079
DFFT  fd32  max 4.002e-02s  avg 3.580e-02s  min 3.159e-02s  dev 4.217e-03s
DFFT  f1dx  max 6.169e-03s  avg 5.413e-03s  min 4.656e-03s  dev 7.562e-04s
DFFT  fd23  max 3.120e-02s  avg 2.719e-02s  min 2.319e-02s  dev 4.006e-03s
DFFT  fd32  max 1.663e-02s  avg 1.653e-02s  min 1.643e-02s  dev 1.027e-04s
DFFT  f1dy  max 6.394e-03s  avg 5.582e-03s  min 4.771e-03s  dev 8.117e-04s
DFFT  fd23  max 1.162e-02s  avg 1.153e-02s  min 1.143e-02s  dev 9.409e-05s
DFFT  fd32  max 7.514e-03s  avg 7.392e-03s  min 7.269e-03s  dev 1.226e-04s
DFFT  f1dz  max 6.455e-03s  avg 5.621e-03s  min 4.787e-03s  dev 8.338e-04s
DFFT fdist  max 1.064e-01s  avg 9.845e-02s  min 9.054e-02s  dev 7.903e-03s
DFFT fdfft  max 1.902e-02s  avg 1.662e-02s  min 1.421e-02s  dev 2.402e-03s
FORWARD     max 1.282e-01s  avg 1.282e-01s  min 1.281e-01s  dev 1.673e-05s

k-space:
real in [1.000000e+00,1.000000e+00] = [3ff0000000000000,3ff0000000000000]
imag in [0.000000e+00,0.000000e+00] = [0,0]

DFFT  b1dz  max 4.651e-03s  avg 4.562e-03s  min 4.474e-03s  dev 8.828e-05s
DFFT  bd23  max 7.993e-03s  avg 7.898e-03s  min 7.803e-03s  dev 9.481e-05s
DFFT  bd32  max 9.606e-03s  avg 9.582e-03s  min 9.558e-03s  dev 2.388e-05s
DFFT  b1dy  max 4.758e-03s  avg 4.677e-03s  min 4.597e-03s  dev 8.025e-05s
DFFT  bd23  max 1.192e-02s  avg 1.192e-02s  min 1.191e-02s  dev 5.223e-06s
DFFT  bd32  max 3.220e-02s  avg 2.801e-02s  min 2.382e-02s  dev 4.191e-03s
DFFT  b1dx  max 4.692e-03s  avg 4.516e-03s  min 4.340e-03s  dev 1.761e-04s
DFFT  bd23  max 3.318e-02s  avg 2.836e-02s  min 2.354e-02s  dev 4.821e-03s
DFFT bdist  max 9.484e-02s  avg 8.576e-02s  min 7.669e-02s  dev 9.078e-03s
DFFT bdfft  max 1.376e-02s  avg 1.376e-02s  min 1.375e-02s  dev 7.594e-06s
BACKWARD    max 1.110e-01s  avg 1.110e-01s  min 1.110e-01s  dev 2.097e-05s

r-space:
a[0,0,0] = (2097152.000000,0.000000) = (4140000000000000,0)
real in [0.000000e+00,0.000000e+00] = [0,0]
imag in [0.000000e+00,0.000000e+00] = [0,0]

[PI-INFO] Paramount Iteration,0,1,0.627523,0.247229

TESTING 1

[PI-INFO] Paramount Iteration,1,1,0.620261,0.247183
DFFT  fd32  max 3.020e-02s  avg 2.624e-02s  min 2.227e-02s  dev 3.964e-03s
DFFT  f1dx  max 6.162e-03s  avg 5.370e-03s  min 4.579e-03s  dev 7.913e-04s
DFFT  fd23  max 3.245e-02s  avg 2.819e-02s  min 2.392e-02s  dev 4.266e-03s
DFFT  fd32  max 9.837e-03s  avg 9.515e-03s  min 9.193e-03s  dev 3.220e-04s
DFFT  f1dy  max 6.147e-03s  avg 5.512e-03s  min 4.876e-03s  dev 6.354e-04s
DFFT  fd23  max 1.221e-02s  avg 1.195e-02s  min 1.168e-02s  dev 2.615e-04s
DFFT  fd32  max 7.789e-03s  avg 7.606e-03s  min 7.423e-03s  dev 1.831e-04s
DFFT  f1dz  max 6.469e-03s  avg 5.645e-03s  min 4.821e-03s  dev 8.240e-04s
DFFT fdist  max 9.184e-02s  avg 8.349e-02s  min 7.514e-02s  dev 8.352e-03s
DFFT fdfft  max 1.878e-02s  avg 1.653e-02s  min 1.428e-02s  dev 2.251e-03s
FORWARD     max 1.134e-01s  avg 1.134e-01s  min 1.133e-01s  dev 3.783e-05s

k-space:
real in [1.000000e+00,1.000000e+00] = [3ff0000000000000,3ff0000000000000]
imag in [0.000000e+00,0.000000e+00] = [0,0]

DFFT  b1dz  max 4.842e-03s  avg 4.696e-03s  min 4.549e-03s  dev 1.467e-04s
DFFT  bd23  max 8.297e-03s  avg 8.153e-03s  min 8.008e-03s  dev 1.442e-04s
DFFT  bd32  max 9.965e-03s  avg 9.637e-03s  min 9.309e-03s  dev 3.282e-04s
DFFT  b1dy  max 4.912e-03s  avg 4.697e-03s  min 4.482e-03s  dev 2.150e-04s
DFFT  bd23  max 1.215e-02s  avg 1.190e-02s  min 1.165e-02s  dev 2.492e-04s
DFFT  bd32  max 3.327e-02s  avg 2.827e-02s  min 2.327e-02s  dev 5.001e-03s
DFFT  b1dx  max 4.587e-03s  avg 4.542e-03s  min 4.497e-03s  dev 4.533e-05s
DFFT  bd23  max 3.523e-02s  avg 3.007e-02s  min 2.490e-02s  dev 5.165e-03s
DFFT bdist  max 9.891e-02s  avg 8.802e-02s  min 7.713e-02s  dev 1.089e-02s
DFFT bdfft  max 1.425e-02s  avg 1.394e-02s  min 1.362e-02s  dev 3.164e-04s
BACKWARD    max 1.153e-01s  avg 1.153e-01s  min 1.153e-01s  dev 2.423e-05s

r-space:
a[0,0,0] = (2097152.000000,0.000000) = (4140000000000000,0)
real in [0.000000e+00,0.000000e+00] = [0,0]
imag in [0.000000e+00,0.000000e+00] = [0,0]

[PI-INFO] Paramount Iteration,0,2,0.864044,0.236521

TESTING 2

[PI-INFO] Paramount Iteration,1,2,0.856772,0.236511
DFFT  fd32  max 3.083e-02s  avg 2.623e-02s  min 2.162e-02s  dev 4.601e-03s
DFFT  f1dx  max 6.077e-03s  avg 5.281e-03s  min 4.484e-03s  dev 7.963e-04s
DFFT  fd23  max 3.068e-02s  avg 2.676e-02s  min 2.285e-02s  dev 3.917e-03s
DFFT  fd32  max 9.786e-03s  avg 9.342e-03s  min 8.898e-03s  dev 4.437e-04s
DFFT  f1dy  max 6.112e-03s  avg 5.442e-03s  min 4.772e-03s  dev 6.700e-04s
DFFT  fd23  max 1.188e-02s  avg 1.169e-02s  min 1.151e-02s  dev 1.824e-04s
DFFT  fd32  max 7.625e-03s  avg 7.482e-03s  min 7.340e-03s  dev 1.424e-04s
DFFT  f1dz  max 6.328e-03s  avg 5.555e-03s  min 4.783e-03s  dev 7.726e-04s
DFFT fdist  max 8.991e-02s  avg 8.151e-02s  min 7.311e-02s  dev 8.399e-03s
DFFT fdfft  max 1.852e-02s  avg 1.628e-02s  min 1.404e-02s  dev 2.239e-03s
FORWARD     max 1.114e-01s  avg 1.114e-01s  min 1.113e-01s  dev 4.788e-05s

k-space:
real in [1.000000e+00,1.000000e+00] = [3ff0000000000000,3ff0000000000000]
imag in [0.000000e+00,0.000000e+00] = [0,0]

DFFT  b1dz  max 4.680e-03s  avg 4.520e-03s  min 4.360e-03s  dev 1.604e-04s
DFFT  bd23  max 8.080e-03s  avg 8.025e-03s  min 7.971e-03s  dev 5.458e-05s
DFFT  bd32  max 9.858e-03s  avg 9.734e-03s  min 9.611e-03s  dev 1.236e-04s
DFFT  b1dy  max 4.866e-03s  avg 4.698e-03s  min 4.531e-03s  dev 1.679e-04s
DFFT  bd23  max 1.203e-02s  avg 1.187e-02s  min 1.172e-02s  dev 1.557e-04s
DFFT  bd32  max 3.114e-02s  avg 2.684e-02s  min 2.255e-02s  dev 4.296e-03s
DFFT  b1dx  max 4.572e-03s  avg 4.498e-03s  min 4.425e-03s  dev 7.332e-05s
DFFT  bd23  max 3.121e-02s  avg 2.696e-02s  min 2.272e-02s  dev 4.245e-03s
DFFT bdist  max 9.231e-02s  avg 8.344e-02s  min 7.456e-02s  dev 8.875e-03s
DFFT bdfft  max 1.397e-02s  avg 1.372e-02s  min 1.346e-02s  dev 2.550e-04s
BACKWARD    max 1.085e-01s  avg 1.084e-01s  min 1.084e-01s  dev 2.903e-05s

r-space:
a[0,0,0] = (2097152.000000,0.000000) = (4140000000000000,0)
real in [0.000000e+00,0.000000e+00] = [0,0]
imag in [0.000000e+00,0.000000e+00] = [0,0]

[PI-INFO] Paramount Iteration,0,3,1.091706,0.227662

TESTING 3

[PI-INFO] Paramount Iteration,1,3,1.084438,0.227666
DFFT  fd32  max 2.917e-02s  avg 2.533e-02s  min 2.149e-02s  dev 3.839e-03s
DFFT  f1dx  max 6.157e-03s  avg 5.191e-03s  min 4.226e-03s  dev 9.656e-04s
DFFT  fd23  max 3.169e-02s  avg 2.799e-02s  min 2.430e-02s  dev 3.694e-03s
DFFT  fd32  max 9.482e-03s  avg 9.143e-03s  min 8.804e-03s  dev 3.389e-04s
DFFT  f1dy  max 6.100e-03s  avg 5.369e-03s  min 4.637e-03s  dev 7.315e-04s
DFFT  fd23  max 1.159e-02s  avg 1.157e-02s  min 1.155e-02s  dev 1.691e-05s
DFFT  fd32  max 7.411e-03s  avg 7.301e-03s  min 7.190e-03s  dev 1.103e-04s
DFFT  f1dz  max 6.332e-03s  avg 5.597e-03s  min 4.862e-03s  dev 7.349e-04s
DFFT fdist  max 8.866e-02s  avg 8.134e-02s  min 7.402e-02s  dev 7.321e-03s
DFFT fdfft  max 1.859e-02s  avg 1.616e-02s  min 1.372e-02s  dev 2.432e-03s
FORWARD     max 1.100e-01s  avg 1.100e-01s  min 1.099e-01s  dev 6.224e-05s

k-space:
real in [1.000000e+00,1.000000e+00] = [3ff0000000000000,3ff0000000000000]
imag in [0.000000e+00,0.000000e+00] = [0,0]

DFFT  b1dz  max 4.661e-03s  avg 4.622e-03s  min 4.582e-03s  dev 3.973e-05s
DFFT  bd23  max 8.001e-03s  avg 7.985e-03s  min 7.968e-03s  dev 1.665e-05s
DFFT  bd32  max 9.709e-03s  avg 9.673e-03s  min 9.638e-03s  dev 3.545e-05s
DFFT  b1dy  max 4.764e-03s  avg 4.653e-03s  min 4.543e-03s  dev 1.104e-04s
DFFT  bd23  max 1.184e-02s  avg 1.176e-02s  min 1.169e-02s  dev 7.198e-05s
DFFT  bd32  max 3.372e-02s  avg 2.914e-02s  min 2.456e-02s  dev 4.580e-03s
DFFT  b1dx  max 4.772e-03s  avg 4.637e-03s  min 4.501e-03s  dev 1.353e-04s
DFFT  bd23  max 3.234e-02s  avg 2.781e-02s  min 2.327e-02s  dev 4.531e-03s
DFFT bdist  max 9.550e-02s  avg 8.637e-02s  min 7.724e-02s  dev 9.131e-03s
DFFT bdfft  max 1.393e-02s  avg 1.391e-02s  min 1.390e-02s  dev 1.480e-05s
BACKWARD    max 1.118e-01s  avg 1.118e-01s  min 1.118e-01s  dev 2.693e-05s

r-space:
a[0,0,0] = (2097152.000000,0.000000) = (4140000000000000,0)
real in [0.000000e+00,0.000000e+00] = [0,0]
imag in [0.000000e+00,0.000000e+00] = [0,0]

[PI-INFO] Paramount Iteration,0,4,1.321228,0.229522

TESTING 4

[PI-INFO] Paramount Iteration,1,4,1.313964,0.229526
DFFT  fd32  max 3.153e-02s  avg 2.681e-02s  min 2.208e-02s  dev 4.729e-03s
DFFT  f1dx  max 6.217e-03s  avg 5.340e-03s  min 4.464e-03s  dev 8.764e-04s
DFFT  fd23  max 3.336e-02s  avg 2.888e-02s  min 2.439e-02s  dev 4.485e-03s
DFFT  fd32  max 9.684e-03s  avg 9.478e-03s  min 9.273e-03s  dev 2.052e-04s
DFFT  f1dy  max 6.294e-03s  avg 5.546e-03s  min 4.799e-03s  dev 7.475e-04s
DFFT  fd23  max 1.166e-02s  avg 1.165e-02s  min 1.163e-02s  dev 1.508e-05s
DFFT  fd32  max 7.468e-03s  avg 7.369e-03s  min 7.270e-03s  dev 9.912e-05s
DFFT  f1dz  max 6.176e-03s  avg 5.455e-03s  min 4.734e-03s  dev 7.210e-04s
DFFT fdist  max 9.327e-02s  avg 8.418e-02s  min 7.509e-02s  dev 9.092e-03s
DFFT fdfft  max 1.869e-02s  avg 1.634e-02s  min 1.400e-02s  dev 2.345e-03s
FORWARD     max 1.145e-01s  avg 1.144e-01s  min 1.144e-01s  dev 6.662e-05s

k-space:
real in [1.000000e+00,1.000000e+00] = [3ff0000000000000,3ff0000000000000]
imag in [0.000000e+00,0.000000e+00] = [0,0]

DFFT  b1dz  max 4.712e-03s  avg 4.541e-03s  min 4.371e-03s  dev 1.705e-04s
DFFT  bd23  max 8.158e-03s  avg 8.128e-03s  min 8.098e-03s  dev 3.025e-05s
DFFT  bd32  max 9.748e-03s  avg 9.632e-03s  min 9.517e-03s  dev 1.153e-04s
DFFT  b1dy  max 4.887e-03s  avg 4.745e-03s  min 4.603e-03s  dev 1.421e-04s
DFFT  bd23  max 1.203e-02s  avg 1.189e-02s  min 1.174e-02s  dev 1.451e-04s
DFFT  bd32  max 3.376e-02s  avg 2.897e-02s  min 2.418e-02s  dev 4.789e-03s
DFFT  b1dx  max 4.550e-03s  avg 4.508e-03s  min 4.465e-03s  dev 4.287e-05s
DFFT  bd23  max 3.227e-02s  avg 2.766e-02s  min 2.304e-02s  dev 4.612e-03s
DFFT bdist  max 9.590e-02s  avg 8.627e-02s  min 7.664e-02s  dev 9.632e-03s
DFFT bdfft  max 1.406e-02s  avg 1.379e-02s  min 1.352e-02s  dev 2.698e-04s
BACKWARD    max 1.121e-01s  avg 1.121e-01s  min 1.121e-01s  dev 1.364e-05s

r-space:
a[0,0,0] = (2097152.000000,0.000000) = (4140000000000000,0)
real in [0.000000e+00,0.000000e+00] = [0,0]
imag in [0.000000e+00,0.000000e+00] = [0,0]

[PI-INFO] Paramount Iteration,0,5,1.555516,0.234288

TESTING 5

[PI-INFO] Paramount Iteration,1,5,1.548255,0.234291
DFFT  fd32  max 3.153e-02s  avg 2.702e-02s  min 2.251e-02s  dev 4.511e-03s
DFFT  f1dx  max 6.140e-03s  avg 5.286e-03s  min 4.431e-03s  dev 8.541e-04s
DFFT  fd23  max 3.192e-02s  avg 2.787e-02s  min 2.381e-02s  dev 4.055e-03s
DFFT  fd32  max 9.340e-03s  avg 9.144e-03s  min 8.948e-03s  dev 1.958e-04s
DFFT  f1dy  max 6.161e-03s  avg 5.487e-03s  min 4.812e-03s  dev 6.741e-04s
DFFT  fd23  max 1.195e-02s  avg 1.171e-02s  min 1.146e-02s  dev 2.465e-04s
DFFT  fd32  max 8.124e-03s  avg 7.721e-03s  min 7.318e-03s  dev 4.033e-04s
DFFT  f1dz  max 6.294e-03s  avg 5.603e-03s  min 4.912e-03s  dev 6.910e-04s
DFFT fdist  max 9.248e-02s  avg 8.346e-02s  min 7.444e-02s  dev 9.021e-03s
DFFT fdfft  max 1.859e-02s  avg 1.637e-02s  min 1.416e-02s  dev 2.219e-03s
FORWARD     max 1.135e-01s  avg 1.135e-01s  min 1.135e-01s  dev 2.200e-05s

k-space:
real in [1.000000e+00,1.000000e+00] = [3ff0000000000000,3ff0000000000000]
imag in [0.000000e+00,0.000000e+00] = [0,0]

DFFT  b1dz  max 4.813e-03s  avg 4.594e-03s  min 4.374e-03s  dev 2.193e-04s
DFFT  bd23  max 8.116e-03s  avg 8.017e-03s  min 7.919e-03s  dev 9.878e-05s
DFFT  bd32  max 9.771e-03s  avg 9.688e-03s  min 9.606e-03s  dev 8.244e-05s
DFFT  b1dy  max 4.828e-03s  avg 4.691e-03s  min 4.553e-03s  dev 1.375e-04s
DFFT  bd23  max 1.180e-02s  avg 1.172e-02s  min 1.164e-02s  dev 8.018e-05s
DFFT  bd32  max 3.328e-02s  avg 2.833e-02s  min 2.339e-02s  dev 4.941e-03s
DFFT  b1dx  max 4.560e-03s  avg 4.552e-03s  min 4.544e-03s  dev 8.324e-06s
DFFT  bd23  max 3.168e-02s  avg 2.722e-02s  min 2.276e-02s  dev 4.460e-03s
DFFT bdist  max 9.464e-02s  avg 8.498e-02s  min 7.532e-02s  dev 9.662e-03s
DFFT bdfft  max 1.419e-02s  avg 1.384e-02s  min 1.349e-02s  dev 3.485e-04s
BACKWARD    max 1.108e-01s  avg 1.108e-01s  min 1.108e-01s  dev 1.880e-05s

r-space:
a[0,0,0] = (2097152.000000,0.000000) = (4140000000000000,0)
real in [0.000000e+00,0.000000e+00] = [0,0]
imag in [0.000000e+00,0.000000e+00] = [0,0]

[PI-INFO] Paramount Iteration,0,6,1.787633,0.232117

TESTING 6

[PI-INFO] Paramount Iteration,1,6,1.780382,0.232127
DFFT  fd32  max 2.999e-02s  avg 2.585e-02s  min 2.171e-02s  dev 4.142e-03s
DFFT  f1dx  max 6.047e-03s  avg 5.256e-03s  min 4.466e-03s  dev 7.907e-04s
DFFT  fd23  max 3.223e-02s  avg 2.842e-02s  min 2.461e-02s  dev 3.810e-03s
DFFT  fd32  max 9.769e-03s  avg 9.340e-03s  min 8.910e-03s  dev 4.291e-04s
DFFT  f1dy  max 6.341e-03s  avg 5.565e-03s  min 4.789e-03s  dev 7.761e-04s
DFFT  fd23  max 1.196e-02s  avg 1.180e-02s  min 1.164e-02s  dev 1.607e-04s
DFFT  fd32  max 7.908e-03s  avg 7.601e-03s  min 7.295e-03s  dev 3.065e-04s
DFFT  f1dz  max 6.282e-03s  avg 5.578e-03s  min 4.873e-03s  dev 7.046e-04s
DFFT fdist  max 9.101e-02s  avg 8.302e-02s  min 7.503e-02s  dev 7.990e-03s
DFFT fdfft  max 1.867e-02s  avg 1.640e-02s  min 1.413e-02s  dev 2.271e-03s
FORWARD     max 1.126e-01s  avg 1.126e-01s  min 1.125e-01s  dev 5.947e-05s

k-space:
real in [1.000000e+00,1.000000e+00] = [3ff0000000000000,3ff0000000000000]
imag in [0.000000e+00,0.000000e+00] = [0,0]

DFFT  b1dz  max 4.908e-03s  avg 4.662e-03s  min 4.417e-03s  dev 2.458e-04s
DFFT  bd23  max 8.279e-03s  avg 8.033e-03s  min 7.787e-03s  dev 2.463e-04s
DFFT  bd32  max 9.931e-03s  avg 9.651e-03s  min 9.371e-03s  dev 2.799e-04s
DFFT  b1dy  max 4.924e-03s  avg 4.731e-03s  min 4.539e-03s  dev 1.921e-04s
DFFT  bd23  max 1.219e-02s  avg 1.205e-02s  min 1.191e-02s  dev 1.436e-04s
DFFT  bd32  max 3.426e-02s  avg 2.918e-02s  min 2.410e-02s  dev 5.076e-03s
DFFT  b1dx  max 4.546e-03s  avg 4.529e-03s  min 4.513e-03s  dev 1.694e-05s
DFFT  bd23  max 3.342e-02s  avg 2.795e-02s  min 2.248e-02s  dev 5.468e-03s
DFFT bdist  max 9.808e-02s  avg 8.686e-02s  min 7.565e-02s  dev 1.121e-02s
DFFT bdfft  max 1.434e-02s  avg 1.392e-02s  min 1.350e-02s  dev 4.209e-04s
BACKWARD    max 1.145e-01s  avg 1.144e-01s  min 1.144e-01s  dev 1.488e-05s

r-space:
a[0,0,0] = (2097152.000000,0.000000) = (4140000000000000,0)
real in [0.000000e+00,0.000000e+00] = [0,0]
imag in [0.000000e+00,0.000000e+00] = [0,0]

[PI-INFO] Paramount Iteration,0,7,2.022468,0.234835

TESTING 7

[PI-INFO] Paramount Iteration,1,7,2.015204,0.234822
DFFT  fd32  max 3.069e-02s  avg 2.616e-02s  min 2.163e-02s  dev 4.531e-03s
DFFT  f1dx  max 6.045e-03s  avg 5.263e-03s  min 4.481e-03s  dev 7.818e-04s
DFFT  fd23  max 3.094e-02s  avg 2.693e-02s  min 2.291e-02s  dev 4.014e-03s
DFFT  fd32  max 9.534e-03s  avg 9.274e-03s  min 9.013e-03s  dev 2.603e-04s
DFFT  f1dy  max 6.103e-03s  avg 5.411e-03s  min 4.720e-03s  dev 6.913e-04s
DFFT  fd23  max 1.183e-02s  avg 1.178e-02s  min 1.173e-02s  dev 4.941e-05s
DFFT  fd32  max 7.640e-03s  avg 7.346e-03s  min 7.053e-03s  dev 2.935e-04s
DFFT  f1dz  max 6.509e-03s  avg 5.674e-03s  min 4.839e-03s  dev 8.351e-04s
DFFT fdist  max 9.011e-02s  avg 8.148e-02s  min 7.286e-02s  dev 8.627e-03s
DFFT fdfft  max 1.866e-02s  avg 1.635e-02s  min 1.404e-02s  dev 2.308e-03s
FORWARD     max 1.114e-01s  avg 1.114e-01s  min 1.114e-01s  dev 2.409e-06s

k-space:
real in [1.000000e+00,1.000000e+00] = [3ff0000000000000,3ff0000000000000]
imag in [0.000000e+00,0.000000e+00] = [0,0]

DFFT  b1dz  max 4.705e-03s  avg 4.687e-03s  min 4.668e-03s  dev 1.854e-05s
DFFT  bd23  max 8.067e-03s  avg 8.036e-03s  min 8.006e-03s  dev 3.028e-05s
DFFT  bd32  max 1.014e-02s  avg 9.931e-03s  min 9.719e-03s  dev 2.125e-04s
DFFT  b1dy  max 4.830e-03s  avg 4.765e-03s  min 4.699e-03s  dev 6.552e-05s
DFFT  bd23  max 1.202e-02s  avg 1.192e-02s  min 1.182e-02s  dev 1.018e-04s
DFFT  bd32  max 3.382e-02s  avg 2.946e-02s  min 2.510e-02s  dev 4.357e-03s
DFFT  b1dx  max 4.636e-03s  avg 4.556e-03s  min 4.476e-03s  dev 8.029e-05s
DFFT  bd23  max 3.196e-02s  avg 2.801e-02s  min 2.406e-02s  dev 3.953e-03s
DFFT bdist  max 9.538e-02s  avg 8.736e-02s  min 7.933e-02s  dev 8.026e-03s
DFFT bdfft  max 1.401e-02s  avg 1.401e-02s  min 1.400e-02s  dev 3.779e-06s
BACKWARD    max 1.122e-01s  avg 1.122e-01s  min 1.122e-01s  dev 2.316e-05s

r-space:
a[0,0,0] = (2097152.000000,0.000000) = (4140000000000000,0)
real in [0.000000e+00,0.000000e+00] = [0,0]
imag in [0.000000e+00,0.000000e+00] = [0,0]

[PI-INFO] Paramount Iteration,0,8,2.253893,0.231425

TESTING 8

[PI-INFO] Paramount Iteration,1,8,2.246640,0.231436
DFFT  fd32  max 3.241e-02s  avg 2.830e-02s  min 2.418e-02s  dev 4.113e-03s
DFFT  f1dx  max 6.425e-03s  avg 5.391e-03s  min 4.357e-03s  dev 1.034e-03s
DFFT  fd23  max 3.072e-02s  avg 2.717e-02s  min 2.363e-02s  dev 3.547e-03s
DFFT  fd32  max 1.207e-02s  avg 1.047e-02s  min 8.875e-03s  dev 1.595e-03s
DFFT  f1dy  max 6.342e-03s  avg 5.548e-03s  min 4.753e-03s  dev 7.946e-04s
DFFT  fd23  max 1.172e-02s  avg 1.160e-02s  min 1.148e-02s  dev 1.159e-04s
DFFT  fd32  max 7.487e-03s  avg 7.403e-03s  min 7.319e-03s  dev 8.428e-05s
DFFT  f1dz  max 6.345e-03s  avg 5.547e-03s  min 4.749e-03s  dev 7.984e-04s
DFFT fdist  max 9.121e-02s  avg 8.494e-02s  min 7.868e-02s  dev 6.265e-03s
DFFT fdfft  max 1.911e-02s  avg 1.649e-02s  min 1.386e-02s  dev 2.627e-03s
FORWARD     max 1.156e-01s  avg 1.155e-01s  min 1.154e-01s  dev 9.956e-05s

k-space:
real in [1.000000e+00,1.000000e+00] = [3ff0000000000000,3ff0000000000000]
imag in [0.000000e+00,0.000000e+00] = [0,0]

DFFT  b1dz  max 4.625e-03s  avg 4.500e-03s  min 4.375e-03s  dev 1.249e-04s
DFFT  bd23  max 7.963e-03s  avg 7.948e-03s  min 7.934e-03s  dev 1.422e-05s
DFFT  bd32  max 9.923e-03s  avg 9.784e-03s  min 9.645e-03s  dev 1.392e-04s
DFFT  b1dy  max 4.798e-03s  avg 4.698e-03s  min 4.598e-03s  dev 1.000e-04s
DFFT  bd23  max 1.184e-02s  avg 1.179e-02s  min 1.175e-02s  dev 4.398e-05s
DFFT  bd32  max 3.304e-02s  avg 2.838e-02s  min 2.371e-02s  dev 4.668e-03s
DFFT  b1dx  max 4.733e-03s  avg 4.605e-03s  min 4.478e-03s  dev 1.278e-04s
DFFT  bd23  max 3.230e-02s  avg 2.802e-02s  min 2.374e-02s  dev 4.281e-03s
DFFT bdist  max 9.479e-02s  avg 8.593e-02s  min 7.706e-02s  dev 8.868e-03s
DFFT bdfft  max 1.390e-02s  avg 1.380e-02s  min 1.371e-02s  dev 9.710e-05s
BACKWARD    max 1.113e-01s  avg 1.112e-01s  min 1.112e-01s  dev 2.530e-05s

r-space:
a[0,0,0] = (2097152.000000,0.000000) = (4140000000000000,0)
real in [0.000000e+00,0.000000e+00] = [0,0]
imag in [0.000000e+00,0.000000e+00] = [0,0]

[PI-INFO] Paramount Iteration,0,9,2.488532,0.234639

TESTING 9

[PI-INFO] Paramount Iteration,1,9,2.481256,0.234616
DFFT  fd32  max 3.224e-02s  avg 2.810e-02s  min 2.395e-02s  dev 4.143e-03s
DFFT  f1dx  max 6.778e-03s  avg 5.605e-03s  min 4.433e-03s  dev 1.172e-03s
DFFT  fd23  max 3.220e-02s  avg 2.900e-02s  min 2.579e-02s  dev 3.203e-03s
DFFT  fd32  max 1.056e-02s  avg 9.694e-03s  min 8.825e-03s  dev 8.684e-04s
DFFT  f1dy  max 6.838e-03s  avg 5.803e-03s  min 4.768e-03s  dev 1.035e-03s
DFFT  fd23  max 1.263e-02s  avg 1.226e-02s  min 1.189e-02s  dev 3.745e-04s
DFFT  fd32  max 8.480e-03s  avg 8.034e-03s  min 7.588e-03s  dev 4.461e-04s
DFFT  f1dz  max 6.639e-03s  avg 5.744e-03s  min 4.849e-03s  dev 8.952e-04s
DFFT fdist  max 9.274e-02s  avg 8.708e-02s  min 8.142e-02s  dev 5.657e-03s
DFFT fdfft  max 2.025e-02s  avg 1.715e-02s  min 1.405e-02s  dev 3.102e-03s
FORWARD     max 1.186e-01s  avg 1.185e-01s  min 1.183e-01s  dev 1.150e-04s

k-space:
real in [1.000000e+00,1.000000e+00] = [3ff0000000000000,3ff0000000000000]
imag in [0.000000e+00,0.000000e+00] = [0,0]

DFFT  b1dz  max 4.731e-03s  avg 4.730e-03s  min 4.730e-03s  dev 8.170e-07s
DFFT  bd23  max 8.556e-03s  avg 8.339e-03s  min 8.123e-03s  dev 2.163e-04s
DFFT  bd32  max 1.051e-02s  avg 1.007e-02s  min 9.631e-03s  dev 4.403e-04s
DFFT  b1dy  max 4.869e-03s  avg 4.846e-03s  min 4.824e-03s  dev 2.239e-05s
DFFT  bd23  max 1.279e-02s  avg 1.227e-02s  min 1.176e-02s  dev 5.183e-04s
DFFT  bd32  max 3.496e-02s  avg 3.055e-02s  min 2.614e-02s  dev 4.409e-03s
DFFT  b1dx  max 4.877e-03s  avg 4.642e-03s  min 4.406e-03s  dev 2.352e-04s
DFFT  bd23  max 3.270e-02s  avg 2.907e-02s  min 2.544e-02s  dev 3.629e-03s
DFFT bdist  max 9.717e-02s  avg 9.031e-02s  min 8.345e-02s  dev 6.863e-03s
DFFT bdfft  max 1.448e-02s  avg 1.422e-02s  min 1.396e-02s  dev 2.567e-04s
BACKWARD    max 1.162e-01s  avg 1.161e-01s  min 1.161e-01s  dev 1.069e-05s

r-space:
a[0,0,0] = (2097152.000000,0.000000) = (4140000000000000,0)
real in [0.000000e+00,0.000000e+00] = [0,0]
imag in [0.000000e+00,0.000000e+00] = [0,0]

[PI-INFO] Paramount Iteration,0,10,2.731030,0.242498

TESTING a

[PI-INFO] Paramount Iteration,1,10,2.723782,0.242526
DFFT  fd32  max 3.151e-02s  avg 2.765e-02s  min 2.379e-02s  dev 3.857e-03s
DFFT  f1dx  max 6.823e-03s  avg 5.598e-03s  min 4.373e-03s  dev 1.225e-03s
DFFT  fd23  max 3.311e-02s  avg 2.990e-02s  min 2.668e-02s  dev 3.220e-03s
DFFT  fd32  max 1.020e-02s  avg 9.463e-03s  min 8.732e-03s  dev 7.317e-04s
DFFT  f1dy  max 6.583e-03s  avg 5.640e-03s  min 4.697e-03s  dev 9.431e-04s
DFFT  fd23  max 1.182e-02s  avg 1.182e-02s  min 1.181e-02s  dev 6.078e-06s
DFFT  fd32  max 8.124e-03s  avg 7.900e-03s  min 7.677e-03s  dev 2.234e-04s
DFFT  f1dz  max 6.791e-03s  avg 5.792e-03s  min 4.794e-03s  dev 9.986e-04s
DFFT fdist  max 9.286e-02s  avg 8.673e-02s  min 8.060e-02s  dev 6.128e-03s
DFFT fdfft  max 2.020e-02s  avg 1.703e-02s  min 1.386e-02s  dev 3.167e-03s
FORWARD     max 1.171e-01s  avg 1.171e-01s  min 1.170e-01s  dev 7.381e-05s

k-space:
real in [1.000000e+00,1.000000e+00] = [3ff0000000000000,3ff0000000000000]
imag in [0.000000e+00,0.000000e+00] = [0,0]

DFFT  b1dz  max 4.765e-03s  avg 4.749e-03s  min 4.734e-03s  dev 1.545e-05s
DFFT  bd23  max 8.392e-03s  avg 8.150e-03s  min 7.908e-03s  dev 2.420e-04s
DFFT  bd32  max 9.733e-03s  avg 9.696e-03s  min 9.659e-03s  dev 3.702e-05s
DFFT  b1dy  max 4.763e-03s  avg 4.742e-03s  min 4.720e-03s  dev 2.153e-05s
DFFT  bd23  max 1.211e-02s  avg 1.198e-02s  min 1.186e-02s  dev 1.232e-04s
DFFT  bd32  max 3.445e-02s  avg 2.957e-02s  min 2.470e-02s  dev 4.875e-03s
DFFT  b1dx  max 4.677e-03s  avg 4.560e-03s  min 4.444e-03s  dev 1.165e-04s
DFFT  bd23  max 3.173e-02s  avg 2.730e-02s  min 2.286e-02s  dev 4.437e-03s
DFFT bdist  max 9.561e-02s  avg 8.670e-02s  min 7.779e-02s  dev 8.910e-03s
DFFT bdfft  max 1.417e-02s  avg 1.405e-02s  min 1.393e-02s  dev 1.225e-04s
BACKWARD    max 1.126e-01s  avg 1.126e-01s  min 1.126e-01s  dev 1.714e-05s

r-space:
a[0,0,0] = (2097152.000000,0.000000) = (4140000000000000,0)
real in [0.000000e+00,0.000000e+00] = [0,0]
imag in [0.000000e+00,0.000000e+00] = [0,0]

[PI-INFO] Paramount Iteration,0,11,2.968555,0.237525

TESTING b

[PI-INFO] Paramount Iteration,1,11,2.961302,0.237520
DFFT  fd32  max 3.099e-02s  avg 2.654e-02s  min 2.209e-02s  dev 4.451e-03s
DFFT  f1dx  max 6.428e-03s  avg 5.507e-03s  min 4.587e-03s  dev 9.206e-04s
DFFT  fd23  max 3.138e-02s  avg 2.739e-02s  min 2.341e-02s  dev 3.988e-03s
DFFT  fd32  max 9.246e-03s  avg 9.158e-03s  min 9.069e-03s  dev 8.827e-05s
DFFT  f1dy  max 6.155e-03s  avg 5.416e-03s  min 4.678e-03s  dev 7.384e-04s
DFFT  fd23  max 1.179e-02s  avg 1.171e-02s  min 1.164e-02s  dev 7.711e-05s
DFFT  fd32  max 7.574e-03s  avg 7.415e-03s  min 7.256e-03s  dev 1.591e-04s
DFFT  f1dz  max 6.411e-03s  avg 5.589e-03s  min 4.767e-03s  dev 8.223e-04s
DFFT fdist  max 9.081e-02s  avg 8.222e-02s  min 7.364e-02s  dev 8.586e-03s
DFFT fdfft  max 1.899e-02s  avg 1.651e-02s  min 1.403e-02s  dev 2.481e-03s
FORWARD     max 1.121e-01s  avg 1.120e-01s  min 1.120e-01s  dev 3.696e-05s

k-space:
real in [1.000000e+00,1.000000e+00] = [3ff0000000000000,3ff0000000000000]
imag in [0.000000e+00,0.000000e+00] = [0,0]

DFFT  b1dz  max 4.826e-03s  avg 4.686e-03s  min 4.546e-03s  dev 1.402e-04s
DFFT  bd23  max 8.036e-03s  avg 7.999e-03s  min 7.962e-03s  dev 3.722e-05s
DFFT  bd32  max 9.648e-03s  avg 9.490e-03s  min 9.332e-03s  dev 1.579e-04s
DFFT  b1dy  max 4.850e-03s  avg 4.736e-03s  min 4.622e-03s  dev 1.141e-04s
DFFT  bd23  max 1.177e-02s  avg 1.165e-02s  min 1.153e-02s  dev 1.226e-04s
DFFT  bd32  max 3.350e-02s  avg 2.864e-02s  min 2.378e-02s  dev 4.860e-03s
DFFT  b1dx  max 4.764e-03s  avg 4.661e-03s  min 4.558e-03s  dev 1.029e-04s
DFFT  bd23  max 3.261e-02s  avg 2.814e-02s  min 2.367e-02s  dev 4.468e-03s
DFFT bdist  max 9.549e-02s  avg 8.592e-02s  min 7.634e-02s  dev 9.571e-03s
DFFT bdfft  max 1.423e-02s  avg 1.408e-02s  min 1.393e-02s  dev 1.514e-04s
BACKWARD    max 1.120e-01s  avg 1.120e-01s  min 1.120e-01s  dev 1.502e-05s

r-space:
a[0,0,0] = (2097152.000000,0.000000) = (4140000000000000,0)
real in [0.000000e+00,0.000000e+00] = [0,0]
imag in [0.000000e+00,0.000000e+00] = [0,0]

[PI-INFO] Paramount Iteration,0,12,3.200423,0.231868

TESTING c

[PI-INFO] Paramount Iteration,1,12,3.193166,0.231864
DFFT  fd32  max 3.272e-02s  avg 2.805e-02s  min 2.337e-02s  dev 4.678e-03s
DFFT  f1dx  max 6.536e-03s  avg 5.412e-03s  min 4.288e-03s  dev 1.124e-03s
DFFT  fd23  max 3.377e-02s  avg 2.947e-02s  min 2.517e-02s  dev 4.301e-03s
DFFT  fd32  max 9.951e-03s  avg 9.502e-03s  min 9.053e-03s  dev 4.493e-04s
DFFT  f1dy  max 6.647e-03s  avg 5.677e-03s  min 4.708e-03s  dev 9.694e-04s
DFFT  fd23  max 1.200e-02s  avg 1.192e-02s  min 1.184e-02s  dev 8.122e-05s
DFFT  fd32  max 7.627e-03s  avg 7.569e-03s  min 7.512e-03s  dev 5.770e-05s
DFFT  f1dz  max 6.313e-03s  avg 5.557e-03s  min 4.802e-03s  dev 7.555e-04s
DFFT fdist  max 9.490e-02s  avg 8.651e-02s  min 7.811e-02s  dev 8.391e-03s
DFFT fdfft  max 1.950e-02s  avg 1.665e-02s  min 1.380e-02s  dev 2.849e-03s
FORWARD     max 1.178e-01s  avg 1.177e-01s  min 1.176e-01s  dev 9.688e-05s

k-space:
real in [1.000000e+00,1.000000e+00] = [3ff0000000000000,3ff0000000000000]
imag in [0.000000e+00,0.000000e+00] = [0,0]

DFFT  b1dz  max 4.823e-03s  avg 4.616e-03s  min 4.409e-03s  dev 2.071e-04s
DFFT  bd23  max 8.067e-03s  avg 8.018e-03s  min 7.968e-03s  dev 4.964e-05s
DFFT  bd32  max 9.633e-03s  avg 9.602e-03s  min 9.570e-03s  dev 3.167e-05s
DFFT  b1dy  max 4.749e-03s  avg 4.620e-03s  min 4.490e-03s  dev 1.293e-04s
DFFT  bd23  max 1.196e-02s  avg 1.180e-02s  min 1.164e-02s  dev 1.574e-04s
DFFT  bd32  max 3.346e-02s  avg 2.846e-02s  min 2.347e-02s  dev 4.997e-03s
DFFT  b1dx  max 4.743e-03s  avg 4.593e-03s  min 4.443e-03s  dev 1.500e-04s
DFFT  bd23  max 3.378e-02s  avg 2.854e-02s  min 2.331e-02s  dev 5.238e-03s
DFFT bdist  max 9.690e-02s  avg 8.643e-02s  min 7.595e-02s  dev 1.047e-02s
DFFT bdfft  max 1.401e-02s  avg 1.383e-02s  min 1.364e-02s  dev 1.863e-04s
BACKWARD    max 1.132e-01s  avg 1.132e-01s  min 1.132e-01s  dev 1.104e-05s

r-space:
a[0,0,0] = (2097152.000000,0.000000) = (4140000000000000,0)
real in [0.000000e+00,0.000000e+00] = [0,0]
imag in [0.000000e+00,0.000000e+00] = [0,0]

[PI-INFO] Paramount Iteration,0,13,3.439193,0.238770

TESTING d

[PI-INFO] Paramount Iteration,1,13,3.431966,0.238800
DFFT  fd32  max 3.092e-02s  avg 2.631e-02s  min 2.170e-02s  dev 4.608e-03s
DFFT  f1dx  max 6.254e-03s  avg 5.346e-03s  min 4.438e-03s  dev 9.078e-04s
DFFT  fd23  max 3.141e-02s  avg 2.740e-02s  min 2.338e-02s  dev 4.015e-03s
DFFT  fd32  max 9.604e-03s  avg 9.382e-03s  min 9.160e-03s  dev 2.220e-04s
DFFT  f1dy  max 6.142e-03s  avg 5.498e-03s  min 4.855e-03s  dev 6.436e-04s
DFFT  fd23  max 1.194e-02s  avg 1.184e-02s  min 1.174e-02s  dev 9.947e-05s
DFFT  fd32  max 7.658e-03s  avg 7.445e-03s  min 7.232e-03s  dev 2.127e-04s
DFFT  f1dz  max 6.345e-03s  avg 5.559e-03s  min 4.773e-03s  dev 7.863e-04s
DFFT fdist  max 9.109e-02s  avg 8.237e-02s  min 7.366e-02s  dev 8.713e-03s
DFFT fdfft  max 1.874e-02s  avg 1.640e-02s  min 1.407e-02s  dev 2.338e-03s
FORWARD     max 1.124e-01s  avg 1.124e-01s  min 1.123e-01s  dev 1.680e-05s

k-space:
real in [1.000000e+00,1.000000e+00] = [3ff0000000000000,3ff0000000000000]
imag in [0.000000e+00,0.000000e+00] = [0,0]

DFFT  b1dz  max 4.741e-03s  avg 4.582e-03s  min 4.423e-03s  dev 1.587e-04s
DFFT  bd23  max 8.032e-03s  avg 7.957e-03s  min 7.881e-03s  dev 7.582e-05s
DFFT  bd32  max 9.741e-03s  avg 9.708e-03s  min 9.675e-03s  dev 3.281e-05s
DFFT  b1dy  max 4.769e-03s  avg 4.687e-03s  min 4.605e-03s  dev 8.195e-05s
DFFT  bd23  max 1.194e-02s  avg 1.192e-02s  min 1.191e-02s  dev 1.376e-05s
DFFT  bd32  max 3.294e-02s  avg 2.808e-02s  min 2.322e-02s  dev 4.861e-03s
DFFT  b1dx  max 4.557e-03s  avg 4.552e-03s  min 4.546e-03s  dev 5.507e-06s
DFFT  bd23  max 3.359e-02s  avg 2.838e-02s  min 2.316e-02s  dev 5.216e-03s
DFFT bdist  max 9.618e-02s  avg 8.604e-02s  min 7.591e-02s  dev 1.013e-02s
DFFT bdfft  max 1.407e-02s  avg 1.382e-02s  min 1.357e-02s  dev 2.462e-04s
BACKWARD    max 1.123e-01s  avg 1.123e-01s  min 1.123e-01s  dev 2.281e-05s

r-space:
a[0,0,0] = (2097152.000000,0.000000) = (4140000000000000,0)
real in [0.000000e+00,0.000000e+00] = [0,0]
imag in [0.000000e+00,0.000000e+00] = [0,0]

[PI-INFO] Paramount Iteration,0,14,3.671791,0.232598

TESTING e

[PI-INFO] Paramount Iteration,1,14,3.664537,0.232571
DFFT  fd32  max 3.034e-02s  avg 2.631e-02s  min 2.227e-02s  dev 4.035e-03s
DFFT  f1dx  max 6.462e-03s  avg 5.474e-03s  min 4.487e-03s  dev 9.874e-04s
DFFT  fd23  max 3.221e-02s  avg 2.819e-02s  min 2.416e-02s  dev 4.026e-03s
DFFT  fd32  max 9.425e-03s  avg 9.262e-03s  min 9.099e-03s  dev 1.633e-04s
DFFT  f1dy  max 6.146e-03s  avg 5.456e-03s  min 4.767e-03s  dev 6.893e-04s
DFFT  fd23  max 1.190e-02s  avg 1.174e-02s  min 1.158e-02s  dev 1.592e-04s
DFFT  fd32  max 7.784e-03s  avg 7.572e-03s  min 7.360e-03s  dev 2.120e-04s
DFFT  f1dz  max 6.371e-03s  avg 5.614e-03s  min 4.857e-03s  dev 7.574e-04s
DFFT fdist  max 9.134e-02s  avg 8.307e-02s  min 7.480e-02s  dev 8.270e-03s
DFFT fdfft  max 1.898e-02s  avg 1.654e-02s  min 1.411e-02s  dev 2.434e-03s
FORWARD     max 1.127e-01s  avg 1.127e-01s  min 1.127e-01s  dev 2.693e-05s

k-space:
real in [1.000000e+00,1.000000e+00] = [3ff0000000000000,3ff0000000000000]
imag in [0.000000e+00,0.000000e+00] = [0,0]

DFFT  b1dz  max 4.800e-03s  avg 4.671e-03s  min 4.543e-03s  dev 1.285e-04s
DFFT  bd23  max 8.128e-03s  avg 8.119e-03s  min 8.110e-03s  dev 9.036e-06s
DFFT  bd32  max 9.777e-03s  avg 9.745e-03s  min 9.714e-03s  dev 3.163e-05s
DFFT  b1dy  max 4.902e-03s  avg 4.694e-03s  min 4.486e-03s  dev 2.080e-04s
DFFT  bd23  max 1.188e-02s  avg 1.174e-02s  min 1.160e-02s  dev 1.385e-04s
DFFT  bd32  max 3.314e-02s  avg 2.836e-02s  min 2.358e-02s  dev 4.783e-03s
DFFT  b1dx  max 4.597e-03s  avg 4.526e-03s  min 4.456e-03s  dev 7.051e-05s
DFFT  bd23  max 3.176e-02s  avg 2.781e-02s  min 2.386e-02s  dev 3.951e-03s
DFFT bdist  max 9.469e-02s  avg 8.577e-02s  min 7.686e-02s  dev 8.912e-03s
DFFT bdfft  max 1.430e-02s  avg 1.389e-02s  min 1.348e-02s  dev 4.070e-04s
BACKWARD    max 1.110e-01s  avg 1.110e-01s  min 1.109e-01s  dev 3.718e-05s

r-space:
a[0,0,0] = (2097152.000000,0.000000) = (4140000000000000,0)
real in [0.000000e+00,0.000000e+00] = [0,0]
imag in [0.000000e+00,0.000000e+00] = [0,0]

[PI-INFO] Paramount Iteration,0,15,3.903391,0.231600
[PI-INFO] PI avg,0,0.234873,15
[PI-INFO] Beta,0,0.000002
[PI-INFO] Total time,3.903398
[PI-INFO] Paramount Iteration,1,15,3.896143,0.231606
[PI-INFO] PI avg,1,0.234871,15
[PI-INFO] Beta,1,0.000007
[ip-172-31-13-196:17810] 1 more process has sent help message help-mpi-btl-base.txt / btl:no-nics
[ip-172-31-13-196:17810] Set MCA parameter "orte_base_help_aggregate" to 0 to see all help / error messages
--------------------------------------------------------------------------
mpirun has exited due to process rank 0 with PID 0 on
node ip-172-31-13-196 exiting improperly. There are three reasons this could occur:

1. this process did not call "init" before exiting, but others in
the job did. This can cause a job to hang indefinitely while it waits
for all processes to call "init". By rule, if one process calls "init",
then ALL processes must call "init" prior to termination.

2. this process called "init", but exited without calling "finalize".
By rule, all processes that call "init" MUST call "finalize" prior to
exiting or it will be considered an "abnormal termination"

3. this process called "MPI_Abort" or "orte_abort" and the mca parameter
orte_create_session_dirs is set to false. In this case, the run-time cannot
detect that the abort call was an abnormal termination. Hence, the only
error message you will receive is this one.

This may have caused other processes in the application to be
terminated by signals sent by mpirun (as reported here).

You can avoid this message by specifying -quiet on the mpirun command line.
--------------------------------------------------------------------------
Command exited with non-zero status 1
	Command being timed: "mpirun --hostfile /home/ubuntu/PI-Bench/ECP-Proxy-Apps/hostfile -n 2 ./build/TestDfft 1000 128"
	User time (seconds): 3.33
	System time (seconds): 0.53
	Percent of CPU this job got: 59%
	Elapsed (wall clock) time (h:mm:ss or m:ss): 0:06.52
	Average shared text size (kbytes): 0
	Average unshared data size (kbytes): 0
	Average stack size (kbytes): 0
	Average total size (kbytes): 0
	Maximum resident set size (kbytes): 81360
	Average resident set size (kbytes): 0
	Major (requiring I/O) page faults: 4
	Minor (reclaiming a frame) page faults: 21371
	Voluntary context switches: 1237
	Involuntary context switches: 11
	Swaps: 0
	File system inputs: 0
	File system outputs: 16480
	Socket messages sent: 0
	Socket messages received: 0
	Signals delivered: 0
	Page size (bytes): 4096
	Exit status: 1
