--------------------------------------------------------------------------
[[1765,1],0]: A high-performance Open MPI point-to-point messaging module
was unable to find any relevant network interfaces:

Module: OpenFabrics (openib)
  Host: ip-172-31-12-16

Another transport will be used instead, although this may result in
lower performance.

NOTE: You can disable this warning by setting the MCA parameter
btl_base_warn_component_unused to 0.
--------------------------------------------------------------------------
 Number of processors:           4
 REAL    wdsize      :           8
 INTEGER wdsize      :           4
 ifmgrid    : F     ifbrick    : T
[PI-INFO] Init time,0,0.136329

 Processor Distribution:  npx,npy,npz=           2           2           1
 Element Distribution: nelx,nely,nelz=           2           2           1
 Local Element Distribution: mx,my,mz=           1           1           1
[PI-INFO] Init time,1,0.128198
[PI-INFO] Init time,2,0.127490
[PI-INFO] Init time,3,0.128637
gs_setup: 370 unique labels shared
   pairwise times (avg, min, max): 4.74964e-05 4.59496e-05 4.82711e-05
   crystal router                : 6.59913e-05 6.5303e-05 6.66509e-05
   all reduce                    : 6.03043e-05 5.94149e-05 6.0725e-05
   used all_to_all method: pairwise

cg:   0  3.3172E+01
cg: 101  3.1435E-14  4.1218E-01  4.5780E-01  5.9627E-27
cg:   0  3.3172E+01
cg: 101  3.1435E-14  4.1218E-01  4.5780E-01  5.9627E-27

nelt =       1, np =         4, nx1 =      10, elements =         4
Tot MFlops =   0.0000E+00, MFlops      =   0.0000E+00
Setup Flop =   1.3900E+07, Solver Flop =   1.5150E+06
Solve Time =   0.0000E+00
[PI-INFO] Paramount Iteration,3,1,0.180847,0.052210
[PI-INFO] Paramount Iteration,1,1,0.180435,0.052237
[PI-INFO] Paramount Iteration,0,1,0.188685,0.052356

 Processor Distribution:  npx,npy,npz=           2           2           1
 Element Distribution: nelx,nely,nelz=           4           2           1
 Local Element Distribution: mx,my,mz=           2           1           1
[PI-INFO] Paramount Iteration,2,1,0.179764,0.052274
gs_setup: 550 unique labels shared
   pairwise times (avg, min, max): 4.05153e-05 4.01027e-05 4.13017e-05
   crystal router                : 6.97908e-05 6.83119e-05 7.0882e-05
   all reduce                    : 7.44543e-05 7.31228e-05 7.58472e-05
   used all_to_all method: pairwise

cg:   0  4.7630E+01
cg: 101  2.1294E-09  4.0491E-01  6.4614E-01  1.8099E-17
cg:   0  5.3187E+01
cg: 101  3.2556E-09  4.3124E-01  6.3677E-01  3.9727E-17

nelt =       2, np =         4, nx1 =      10, elements =         8
Tot MFlops =   0.0000E+00, MFlops      =   0.0000E+00
Setup Flop =   2.7800E+07, Solver Flop =   3.0300E+06
Solve Time =   0.0000E+00
[PI-INFO] Paramount Iteration,0,2,0.245356,0.056671

 Processor Distribution:  npx,npy,npz=           2           2           1
 Element Distribution: nelx,nely,nelz=           6           2           1
 Local Element Distribution: mx,my,mz=           3           1           1
[PI-INFO] Paramount Iteration,1,2,0.237130,0.056695
[PI-INFO] Paramount Iteration,3,2,0.237550,0.056703
[PI-INFO] Paramount Iteration,2,2,0.236451,0.056687
gs_setup: 730 unique labels shared
   pairwise times (avg, min, max): 4.04026e-05 3.98236e-05 4.10865e-05
   crystal router                : 6.05522e-05 5.85995e-05 6.13515e-05
   all reduce                    : 6.58758e-05 6.55124e-05 6.63402e-05
   used all_to_all method: pairwise

cg:   0  5.8368E+01
cg: 101  3.3162E-09  3.9307E-01  6.6706E-01  4.3244E-17
cg:   0  6.6502E+01
cg: 101  5.6970E-09  4.0761E-01  6.3963E-01  1.2314E-16

nelt =       3, np =         4, nx1 =      10, elements =        12
Tot MFlops =   0.0000E+00, MFlops      =   0.0000E+00
Setup Flop =   4.1700E+07, Solver Flop =   4.5450E+06
Solve Time =   0.0000E+00
[PI-INFO] Paramount Iteration,0,3,0.306200,0.060844

 Processor Distribution:  npx,npy,npz=           2           2           1
 Element Distribution: nelx,nely,nelz=           4           4           1
 Local Element Distribution: mx,my,mz=           2           2           1
[PI-INFO] Paramount Iteration,1,3,0.297983,0.060853
[PI-INFO] Paramount Iteration,3,3,0.298398,0.060848
[PI-INFO] Paramount Iteration,2,3,0.297303,0.060852
gs_setup: 730 unique labels shared
   pairwise times (avg, min, max): 3.99918e-05 3.95185e-05 4.02634e-05
   crystal router                : 6.78805e-05 6.65654e-05 7.03365e-05
   all reduce                    : 7.47432e-05 7.37427e-05 7.53021e-05
   used all_to_all method: pairwise

cg:   0  6.7293E+01
cg: 101  4.5056E-09  4.2185E-01  6.3842E-01  7.3069E-17
cg:   0  7.6600E+01
cg: 101  6.8098E-09  4.2530E-01  6.4396E-01  1.6792E-16

nelt =       4, np =         4, nx1 =      10, elements =        16
Tot MFlops =   0.0000E+00, MFlops      =   0.0000E+00
Setup Flop =   5.5600E+07, Solver Flop =   6.0600E+06
Solve Time =   0.0000E+00
[PI-INFO] Paramount Iteration,0,4,0.372125,0.065925

 Processor Distribution:  npx,npy,npz=           2           2           1
 Element Distribution: nelx,nely,nelz=          10           2           1
 Local Element Distribution: mx,my,mz=           5           1           1
[PI-INFO] Paramount Iteration,1,4,0.363902,0.065919
[PI-INFO] Paramount Iteration,3,4,0.364323,0.065925
[PI-INFO] Paramount Iteration,2,4,0.363219,0.065916
gs_setup: 1090 unique labels shared
   pairwise times (avg, min, max): 4.10918e-05 4.04322e-05 4.17266e-05
   crystal router                : 7.36195e-05 7.18195e-05 7.47665e-05
   all reduce                    : 8.10346e-05 8.00959e-05 8.23792e-05
   used all_to_all method: pairwise

cg:   0  7.5051E+01
cg: 101  6.5269E-09  4.2276E-01  6.0900E-01  1.6351E-16
cg:   0  8.6669E+01
cg: 101  9.6638E-09  4.2330E-01  6.1534E-01  3.5474E-16

nelt =       5, np =         4, nx1 =      10, elements =        20
Tot MFlops =   0.0000E+00, MFlops      =   0.0000E+00
Setup Flop =   6.9500E+07, Solver Flop =   7.5750E+06
Solve Time =   0.0000E+00
[PI-INFO] Paramount Iteration,0,5,0.443400,0.071275

 Processor Distribution:  npx,npy,npz=           2           2           1
 Element Distribution: nelx,nely,nelz=           6           4           1
 Local Element Distribution: mx,my,mz=           3           2           1
[PI-INFO] Paramount Iteration,3,5,0.435603,0.071280
[PI-INFO] Paramount Iteration,1,5,0.435187,0.071285
[PI-INFO] Paramount Iteration,2,5,0.434503,0.071284
gs_setup: 910 unique labels shared
   pairwise times (avg, min, max): 4.09777e-05 4.01779e-05 4.13946e-05
   crystal router                : 6.86142e-05 6.7779e-05 6.94908e-05
   all reduce                    : 7.54171e-05 7.2515e-05 7.84668e-05
   used all_to_all method: pairwise

cg:   0  8.2677E+01
cg: 101  5.9459E-09  4.1917E-01  6.3496E-01  1.3206E-16
cg:   0  9.4442E+01
cg: 101  8.2461E-09  4.2243E-01  6.3990E-01  2.5171E-16

nelt =       6, np =         4, nx1 =      10, elements =        24
Tot MFlops =   0.0000E+00, MFlops      =   0.0000E+00
Setup Flop =   8.3400E+07, Solver Flop =   9.0900E+06
Solve Time =   0.0000E+00
[PI-INFO] Paramount Iteration,0,6,0.519271,0.075871

 Processor Distribution:  npx,npy,npz=           2           2           1
 Element Distribution: nelx,nely,nelz=          14           2           1
 Local Element Distribution: mx,my,mz=           7           1           1
[PI-INFO] Paramount Iteration,1,6,0.511059,0.075872
[PI-INFO] Paramount Iteration,3,6,0.511473,0.075870
[PI-INFO] Paramount Iteration,2,6,0.510378,0.075875
gs_setup: 1450 unique labels shared
   pairwise times (avg, min, max): 4.24259e-05 4.17741e-05 4.33495e-05
   crystal router                : 7.47391e-05 7.40768e-05 7.53852e-05
   all reduce                    : 0.000199239 0.000196958 0.000200979
   used all_to_all method: pairwise

cg:   0  8.8528E+01
cg: 101  7.8084E-09  3.9661E-01  6.2942E-01  2.4772E-16
cg:   0  1.0323E+02
cg: 101  1.1350E-08  4.0191E-01  6.3344E-01  5.0306E-16

nelt =       7, np =         4, nx1 =      10, elements =        28
Tot MFlops =   0.0000E+00, MFlops      =   0.0000E+00
Setup Flop =   9.7300E+07, Solver Flop =   1.0605E+07
Solve Time =   0.0000E+00
[PI-INFO] Paramount Iteration,0,7,0.602235,0.082964

 Processor Distribution:  npx,npy,npz=           2           2           1
 Element Distribution: nelx,nely,nelz=           4           4           2
 Local Element Distribution: mx,my,mz=           2           2           2
[PI-INFO] Paramount Iteration,1,7,0.594025,0.082966
[PI-INFO] Paramount Iteration,3,7,0.594441,0.082968
[PI-INFO] Paramount Iteration,2,7,0.593340,0.082962
gs_setup: 1387 unique labels shared
   pairwise times (avg, min, max): 4.13935e-05 4.01304e-05 4.22778e-05
   crystal router                : 6.6406e-05 6.54875e-05 6.77251e-05
   all reduce                    : 0.000198983 0.000197646 0.000199955
   used all_to_all method: pairwise

cg:   0  9.6175E+01
cg: 101  7.0055E-09  4.0225E-01  6.3835E-01  1.8649E-16
cg:   0  1.0651E+02
cg: 101  1.0422E-08  4.1139E-01  6.3623E-01  4.0479E-16

nelt =       8, np =         4, nx1 =      10, elements =        32
Tot MFlops =   0.0000E+00, MFlops      =   0.0000E+00
Setup Flop =   1.1120E+08, Solver Flop =   1.2120E+07
Solve Time =   0.0000E+00
[PI-INFO] Paramount Iteration,0,8,0.689493,0.087258

 Processor Distribution:  npx,npy,npz=           2           2           1
 Element Distribution: nelx,nely,nelz=           6           6           1
 Local Element Distribution: mx,my,mz=           3           3           1
[PI-INFO] Paramount Iteration,1,8,0.681280,0.087255
[PI-INFO] Paramount Iteration,3,8,0.681698,0.087257
[PI-INFO] Paramount Iteration,2,8,0.680601,0.087261
gs_setup: 1090 unique labels shared
   pairwise times (avg, min, max): 4.08689e-05 4.04196e-05 4.11891e-05
   crystal router                : 6.77244e-05 6.63599e-05 6.93254e-05
   all reduce                    : 7.53785e-05 7.24707e-05 7.91906e-05
   used all_to_all method: pairwise

cg:   0  1.0115E+02
cg: 101  8.2121E-09  4.0413E-01  6.5487E-01  2.5546E-16
cg:   0  1.1557E+02
cg: 101  1.1831E-08  4.1490E-01  6.3887E-01  5.2249E-16

nelt =       9, np =         4, nx1 =      10, elements =        36
Tot MFlops =   0.0000E+00, MFlops      =   0.0000E+00
Setup Flop =   1.2510E+08, Solver Flop =   1.3635E+07
Solve Time =   0.0000E+00
[PI-INFO] Paramount Iteration,0,9,0.780934,0.091441

 Processor Distribution:  npx,npy,npz=           2           2           1
 Element Distribution: nelx,nely,nelz=          10           4           1
 Local Element Distribution: mx,my,mz=           5           2           1
[PI-INFO] Paramount Iteration,1,9,0.772737,0.091457
[PI-INFO] Paramount Iteration,3,9,0.773153,0.091455
[PI-INFO] Paramount Iteration,2,9,0.772044,0.091443
gs_setup: 1270 unique labels shared
   pairwise times (avg, min, max): 4.17199e-05 4.10478e-05 4.23679e-05
   crystal router                : 6.44529e-05 6.32176e-05 6.55594e-05
   all reduce                    : 0.000195529 0.000193954 0.000196764
   used all_to_all method: pairwise

cg:   0  1.0643E+02
cg: 101  9.1420E-09  4.0474E-01  6.3655E-01  3.1703E-16
cg:   0  1.2200E+02
cg: 101  1.1121E-08  4.1324E-01  6.2545E-01  4.5854E-16

nelt =      10, np =         4, nx1 =      10, elements =        40
Tot MFlops =   0.0000E+00, MFlops      =   0.0000E+00
Setup Flop =   1.3900E+08, Solver Flop =   1.5150E+07
Solve Time =   0.0000E+00
[PI-INFO] Paramount Iteration,0,10,0.878284,0.097350

 Processor Distribution:  npx,npy,npz=           2           2           1
 Element Distribution: nelx,nely,nelz=          22           2           1
 Local Element Distribution: mx,my,mz=          11           1           1
[PI-INFO] Paramount Iteration,1,10,0.870078,0.097341
[PI-INFO] Paramount Iteration,3,10,0.870496,0.097343
[PI-INFO] Paramount Iteration,2,10,0.869385,0.097341
gs_setup: 2170 unique labels shared
   pairwise times (avg, min, max): 4.23635e-05 4.19707e-05 4.28049e-05
   crystal router                : 8.59936e-05 8.44621e-05 8.80158e-05
   all reduce                    : 0.000207676 0.000204546 0.000210075
   used all_to_all method: pairwise

cg:   0  1.1065E+02
cg: 101  9.6396E-09  4.0677E-01  6.3417E-01  3.6195E-16
cg:   0  1.2982E+02
cg: 101  1.4176E-08  4.0610E-01  6.3000E-01  7.7684E-16

nelt =      11, np =         4, nx1 =      10, elements =        44
Tot MFlops =   0.0000E+00, MFlops      =   0.0000E+00
Setup Flop =   1.5290E+08, Solver Flop =   1.6665E+07
Solve Time =   0.0000E+00
[PI-INFO] Paramount Iteration,0,11,0.982197,0.103913

 Processor Distribution:  npx,npy,npz=           2           2           1
 Element Distribution: nelx,nely,nelz=           6           4           2
 Local Element Distribution: mx,my,mz=           3           2           2
[PI-INFO] Paramount Iteration,1,11,0.974006,0.103928
[PI-INFO] Paramount Iteration,3,11,0.974426,0.103930
[PI-INFO] Paramount Iteration,2,11,0.973313,0.103928
gs_setup: 1729 unique labels shared
   pairwise times (avg, min, max): 4.27189e-05 4.2419e-05 4.30218e-05
   crystal router                : 7.58165e-05 7.43733e-05 7.69566e-05
   all reduce                    : 0.00019957 0.000199086 0.00020062
   used all_to_all method: pairwise

cg:   0  1.1786E+02
cg: 101  9.8119E-09  4.1684E-01  6.2681E-01  3.6047E-16
cg:   0  1.2997E+02
cg: 101  1.2861E-08  4.1509E-01  6.2765E-01  6.2084E-16

nelt =      12, np =         4, nx1 =      10, elements =        48
Tot MFlops =   0.0000E+00, MFlops      =   0.0000E+00
Setup Flop =   1.6680E+08, Solver Flop =   1.8180E+07
Solve Time =   0.0000E+00
[PI-INFO] Paramount Iteration,0,12,1.090422,0.108225

 Processor Distribution:  npx,npy,npz=           2           2           1
 Element Distribution: nelx,nely,nelz=          26           2           1
 Local Element Distribution: mx,my,mz=          13           1           1
[PI-INFO] Paramount Iteration,3,12,1.082644,0.108218
[PI-INFO] Paramount Iteration,2,12,1.081545,0.108232
[PI-INFO] Paramount Iteration,1,12,1.082282,0.108276
gs_setup: 2530 unique labels shared
   pairwise times (avg, min, max): 5.43666e-05 5.35988e-05 5.55898e-05
   crystal router                : 9.09554e-05 8.93972e-05 9.1537e-05
   all reduce                    : 0.000205236 0.000204206 0.000206123
   used all_to_all method: pairwise

cg:   0  1.2045E+02
cg: 101  1.0859E-08  4.0502E-01  6.3736E-01  4.6419E-16
cg:   0  1.4145E+02
cg: 101  1.5001E-08  4.0611E-01  6.3355E-01  8.7613E-16

nelt =      13, np =         4, nx1 =      10, elements =        52
Tot MFlops =   0.0000E+00, MFlops      =   0.0000E+00
Setup Flop =   1.8070E+08, Solver Flop =   1.9695E+07
Solve Time =   0.0000E+00
[PI-INFO] Paramount Iteration,0,13,1.207879,0.117457

 Processor Distribution:  npx,npy,npz=           2           2           1
 Element Distribution: nelx,nely,nelz=          14           4           1
 Local Element Distribution: mx,my,mz=           7           2           1
[PI-INFO] Paramount Iteration,1,13,1.199692,0.117410
[PI-INFO] Paramount Iteration,3,13,1.200119,0.117475
[PI-INFO] Paramount Iteration,2,13,1.199000,0.117455
gs_setup: 1630 unique labels shared
   pairwise times (avg, min, max): 4.24294e-05 4.17089e-05 4.28059e-05
   crystal router                : 6.73059e-05 6.62666e-05 6.8282e-05
   all reduce                    : 0.000199506 0.000198748 0.000200219
   used all_to_all method: pairwise

cg:   0  1.2555E+02
cg: 101  1.2138E-08  3.9876E-01  6.5737E-01  5.8119E-16
cg:   0  1.4448E+02
cg: 101  1.6530E-08  3.9760E-01  6.5382E-01  1.0890E-15

nelt =      14, np =         4, nx1 =      10, elements =        56
Tot MFlops =   0.0000E+00, MFlops      =   0.0000E+00
Setup Flop =   1.9460E+08, Solver Flop =   2.1210E+07
Solve Time =   0.0000E+00
[PI-INFO] Paramount Iteration,0,14,1.326083,0.118204

 Processor Distribution:  npx,npy,npz=           2           2           1
 Element Distribution: nelx,nely,nelz=          10           6           1
 Local Element Distribution: mx,my,mz=           5           3           1
[PI-INFO] Paramount Iteration,3,14,1.318328,0.118209
[PI-INFO] Paramount Iteration,2,14,1.317204,0.118204
[PI-INFO] Paramount Iteration,1,14,1.317948,0.118256
gs_setup: 1450 unique labels shared
   pairwise times (avg, min, max): 4.15363e-05 4.11562e-05 4.1848e-05
   crystal router                : 7.47391e-05 7.36922e-05 7.59516e-05
   all reduce                    : 0.000197766 0.000197126 0.000198619
   used all_to_all method: pairwise

cg:   0  1.3014E+02
cg: 101  1.3083E-08  4.0034E-01  6.2447E-01  6.8864E-16
cg:   0  1.4891E+02
cg: 101  1.7878E-08  4.0682E-01  6.2957E-01  1.2261E-15

nelt =      15, np =         4, nx1 =      10, elements =        60
Tot MFlops =   0.0000E+00, MFlops      =   0.0000E+00
Setup Flop =   2.0850E+08, Solver Flop =   2.2725E+07
Solve Time =   0.0000E+00
[PI-INFO] Paramount Iteration,0,15,1.448776,0.122693
[PI-INFO] PI avg,0,0.087496,15
[PI-INFO] Beta,0,0.000007
[PI-INFO] Total time,1.448785
[PI-INFO] Paramount Iteration,1,15,1.440597,0.122649
[PI-INFO] PI avg,1,0.087493,15
[PI-INFO] Beta,1,0.000019
[PI-INFO] Paramount Iteration,3,15,1.441011,0.122683
[PI-INFO] PI avg,3,0.087492,15
[PI-INFO] Beta,3,0.000020
[PI-INFO] Paramount Iteration,2,15,1.439906,0.122702
[PI-INFO] PI avg,2,0.087494,15
[PI-INFO] Beta,2,0.000019
--------------------------------------------------------------------------
mpirun has exited due to process rank 0 with PID 0 on
node ip-172-31-12-16 exiting improperly. There are three reasons this could occur:

1. this process did not call "init" before exiting, but others in
the job did. This can cause a job to hang indefinitely while it waits
for all processes to call "init". By rule, if one process calls "init",
then ALL processes must call "init" prior to termination.

2. this process called "init", but exited without calling "finalize".
By rule, all processes that call "init" MUST call "finalize" prior to
exiting or it will be considered an "abnormal termination"

3. this process called "MPI_Abort" or "orte_abort" and the mca parameter
orte_create_session_dirs is set to false. In this case, the run-time cannot
detect that the abort call was an abnormal termination. Hence, the only
error message you will receive is this one.

This may have caused other processes in the application to be
terminated by signals sent by mpirun (as reported here).

You can avoid this message by specifying -quiet on the mpirun command line.
--------------------------------------------------------------------------
[ip-172-31-12-16:16774] 3 more processes have sent help message help-mpi-btl-base.txt / btl:no-nics
[ip-172-31-12-16:16774] Set MCA parameter "orte_base_help_aggregate" to 0 to see all help / error messages
Command exited with non-zero status 1
	Command being timed: "mpirun --hostfile /home/ubuntu/PI-Bench/ECP-Proxy-Apps/hostfile -n 4 ./nekbone"
	User time (seconds): 1.01
	System time (seconds): 0.37
	Percent of CPU this job got: 34%
	Elapsed (wall clock) time (h:mm:ss or m:ss): 0:04.08
	Average shared text size (kbytes): 0
	Average unshared data size (kbytes): 0
	Average stack size (kbytes): 0
	Average total size (kbytes): 0
	Maximum resident set size (kbytes): 18888
	Average resident set size (kbytes): 0
	Major (requiring I/O) page faults: 4
	Minor (reclaiming a frame) page faults: 7599
	Voluntary context switches: 1014
	Involuntary context switches: 126
	Swaps: 0
	File system inputs: 0
	File system outputs: 16448
	Socket messages sent: 0
	Socket messages received: 0
	Signals delivered: 0
	Page size (bytes): 4096
	Exit status: 1
