--------------------------------------------------------------------------
[[1535,1],0]: A high-performance Open MPI point-to-point messaging module
was unable to find any relevant network interfaces:

Module: OpenFabrics (openib)
  Host: ip-172-31-12-16

Another transport will be used instead, although this may result in
lower performance.

NOTE: You can disable this warning by setting the MCA parameter
btl_base_warn_component_unused to 0.
--------------------------------------------------------------------------
 Number of processors:           4
 REAL    wdsize      :           8
 INTEGER wdsize      :           4
 ifmgrid    : F     ifbrick    : T
[PI-INFO] Init time,0,0.136407

 Processor Distribution:  npx,npy,npz=           2           2           1
 Element Distribution: nelx,nely,nelz=           2           2           1
 Local Element Distribution: mx,my,mz=           1           1           1
[PI-INFO] Init time,1,0.128465
[PI-INFO] Init time,2,0.127530
[PI-INFO] Init time,3,0.128579
gs_setup: 370 unique labels shared
   pairwise times (avg, min, max): 4.45736e-05 4.38437e-05 4.50678e-05
   crystal router                : 6.45585e-05 6.35935e-05 6.54981e-05
   all reduce                    : 6.87421e-05 6.86782e-05 6.88506e-05
   used all_to_all method: pairwise

cg:   0  3.3172E+01
cg: 101  3.1435E-14  4.1218E-01  4.5780E-01  5.9627E-27
cg:   0  3.3172E+01
cg: 101  3.1435E-14  4.1218E-01  4.5780E-01  5.9627E-27

nelt =       1, np =         4, nx1 =      10, elements =         4
Tot MFlops =   0.0000E+00, MFlops      =   0.0000E+00
Setup Flop =   1.3900E+07, Solver Flop =   1.5150E+06
Solve Time =   0.0000E+00
[PI-INFO] Paramount Iteration,0,1,0.189760,0.053354

 Processor Distribution:  npx,npy,npz=           2           2           1
 Element Distribution: nelx,nely,nelz=           4           2           1
 Local Element Distribution: mx,my,mz=           2           1           1
[PI-INFO] Paramount Iteration,1,1,0.181684,0.053220
[PI-INFO] Paramount Iteration,3,1,0.181765,0.053186
[PI-INFO] Paramount Iteration,2,1,0.180757,0.053228
gs_setup: 550 unique labels shared
   pairwise times (avg, min, max): 4.29236e-05 4.2257e-05 4.41371e-05
   crystal router                : 6.74283e-05 6.59147e-05 6.82372e-05
   all reduce                    : 7.71364e-05 7.64576e-05 7.78844e-05
   used all_to_all method: pairwise

cg:   0  4.7630E+01
cg: 101  2.1294E-09  4.0491E-01  6.4614E-01  1.8099E-17
cg:   0  5.3187E+01
cg: 101  3.2556E-09  4.3124E-01  6.3677E-01  3.9727E-17

nelt =       2, np =         4, nx1 =      10, elements =         8
Tot MFlops =   0.0000E+00, MFlops      =   0.0000E+00
Setup Flop =   2.7800E+07, Solver Flop =   3.0300E+06
Solve Time =   0.0000E+00
[PI-INFO] Paramount Iteration,0,2,0.247147,0.057387

 Processor Distribution:  npx,npy,npz=           2           2           1
 Element Distribution: nelx,nely,nelz=           6           2           1
 Local Element Distribution: mx,my,mz=           3           1           1
[PI-INFO] Paramount Iteration,1,2,0.239100,0.057416
[PI-INFO] Paramount Iteration,3,2,0.239195,0.057430
[PI-INFO] Paramount Iteration,2,2,0.238185,0.057428
gs_setup: 730 unique labels shared
   pairwise times (avg, min, max): 4.3274e-05 4.29679e-05 4.37099e-05
   crystal router                : 7.05454e-05 6.75766e-05 7.22451e-05
   all reduce                    : 7.66545e-05 7.52575e-05 7.84369e-05
   used all_to_all method: pairwise

cg:   0  5.8368E+01
cg: 101  3.3162E-09  3.9307E-01  6.6706E-01  4.3244E-17
cg:   0  6.6502E+01
cg: 101  5.6970E-09  4.0761E-01  6.3963E-01  1.2314E-16

nelt =       3, np =         4, nx1 =      10, elements =        12
Tot MFlops =   0.0000E+00, MFlops      =   0.0000E+00
Setup Flop =   4.1700E+07, Solver Flop =   4.5450E+06
Solve Time =   0.0000E+00
[PI-INFO] Paramount Iteration,0,3,0.310382,0.063235

 Processor Distribution:  npx,npy,npz=           2           2           1
 Element Distribution: nelx,nely,nelz=           4           4           1
 Local Element Distribution: mx,my,mz=           2           2           1
[PI-INFO] Paramount Iteration,1,3,0.302346,0.063246
[PI-INFO] Paramount Iteration,3,3,0.302431,0.063236
[PI-INFO] Paramount Iteration,2,3,0.301424,0.063239
gs_setup: 730 unique labels shared
   pairwise times (avg, min, max): 4.11052e-05 3.98826e-05 4.22263e-05
   crystal router                : 6.43639e-05 6.31291e-05 6.55392e-05
   all reduce                    : 7.42064e-05 7.38201e-05 7.47843e-05
   used all_to_all method: pairwise

cg:   0  6.7293E+01
cg: 101  4.5056E-09  4.2185E-01  6.3842E-01  7.3069E-17
cg:   0  7.6600E+01
cg: 101  6.8098E-09  4.2530E-01  6.4396E-01  1.6792E-16

nelt =       4, np =         4, nx1 =      10, elements =        16
Tot MFlops =   0.0000E+00, MFlops      =   0.0000E+00
Setup Flop =   5.5600E+07, Solver Flop =   6.0600E+06
Solve Time =   0.0000E+00
[PI-INFO] Paramount Iteration,0,4,0.377741,0.067359

 Processor Distribution:  npx,npy,npz=           2           2           1
 Element Distribution: nelx,nely,nelz=          10           2           1
 Local Element Distribution: mx,my,mz=           5           1           1
[PI-INFO] Paramount Iteration,1,4,0.369695,0.067349
[PI-INFO] Paramount Iteration,3,4,0.369781,0.067350
[PI-INFO] Paramount Iteration,2,4,0.368770,0.067346
gs_setup: 1090 unique labels shared
   pairwise times (avg, min, max): 4.20128e-05 4.16192e-05 4.24777e-05
   crystal router                : 7.55115e-05 7.37053e-05 7.6996e-05
   all reduce                    : 8.45255e-05 8.40177e-05 8.4839e-05
   used all_to_all method: pairwise

cg:   0  7.5051E+01
cg: 101  6.5269E-09  4.2276E-01  6.0900E-01  1.6351E-16
cg:   0  8.6669E+01
cg: 101  9.6638E-09  4.2330E-01  6.1534E-01  3.5474E-16

nelt =       5, np =         4, nx1 =      10, elements =        20
Tot MFlops =   0.0000E+00, MFlops      =   0.0000E+00
Setup Flop =   6.9500E+07, Solver Flop =   7.5750E+06
Solve Time =   0.0000E+00
[PI-INFO] Paramount Iteration,0,5,0.450380,0.072639

 Processor Distribution:  npx,npy,npz=           2           2           1
 Element Distribution: nelx,nely,nelz=           6           4           1
 Local Element Distribution: mx,my,mz=           3           2           1
[PI-INFO] Paramount Iteration,1,5,0.442310,0.072615
[PI-INFO] Paramount Iteration,3,5,0.442400,0.072619
[PI-INFO] Paramount Iteration,2,5,0.441393,0.072623
gs_setup: 910 unique labels shared
   pairwise times (avg, min, max): 4.23009e-05 4.06351e-05 4.31121e-05
   crystal router                : 6.87767e-05 6.76745e-05 7.1458e-05
   all reduce                    : 7.91043e-05 7.8313e-05 7.97314e-05
   used all_to_all method: pairwise

cg:   0  8.2677E+01
cg: 101  5.9459E-09  4.1917E-01  6.3496E-01  1.3206E-16
cg:   0  9.4442E+01
cg: 101  8.2461E-09  4.2243E-01  6.3990E-01  2.5171E-16

nelt =       6, np =         4, nx1 =      10, elements =        24
Tot MFlops =   0.0000E+00, MFlops      =   0.0000E+00
Setup Flop =   8.3400E+07, Solver Flop =   9.0900E+06
Solve Time =   0.0000E+00
[PI-INFO] Paramount Iteration,0,6,0.527805,0.077425

 Processor Distribution:  npx,npy,npz=           2           2           1
 Element Distribution: nelx,nely,nelz=          14           2           1
 Local Element Distribution: mx,my,mz=           7           1           1
[PI-INFO] Paramount Iteration,1,6,0.519771,0.077461
[PI-INFO] Paramount Iteration,2,6,0.518847,0.077454
[PI-INFO] Paramount Iteration,3,6,0.519890,0.077490
gs_setup: 1450 unique labels shared
   pairwise times (avg, min, max): 4.32921e-05 4.22611e-05 4.45386e-05
   crystal router                : 7.06577e-05 6.8399e-05 7.39605e-05
   all reduce                    : 0.000198606 0.000196383 0.000199786
   used all_to_all method: pairwise

cg:   0  8.8528E+01
cg: 101  7.8084E-09  3.9661E-01  6.2942E-01  2.4772E-16
cg:   0  1.0323E+02
cg: 101  1.1350E-08  4.0191E-01  6.3344E-01  5.0306E-16

nelt =       7, np =         4, nx1 =      10, elements =        28
Tot MFlops =   0.0000E+00, MFlops      =   0.0000E+00
Setup Flop =   9.7300E+07, Solver Flop =   1.0605E+07
Solve Time =   0.0000E+00
[PI-INFO] Paramount Iteration,0,7,0.612302,0.084497

 Processor Distribution:  npx,npy,npz=           2           2           1
 Element Distribution: nelx,nely,nelz=           4           4           2
 Local Element Distribution: mx,my,mz=           2           2           2
[PI-INFO] Paramount Iteration,1,7,0.604208,0.084437
[PI-INFO] Paramount Iteration,3,7,0.604303,0.084413
[PI-INFO] Paramount Iteration,2,7,0.603285,0.084438
gs_setup: 1387 unique labels shared
   pairwise times (avg, min, max): 4.34577e-05 4.28748e-05 4.41526e-05
   crystal router                : 6.88134e-05 6.72095e-05 7.09427e-05
   all reduce                    : 0.000201622 0.000200575 0.000202967
   used all_to_all method: pairwise

cg:   0  9.6175E+01
cg: 101  7.0055E-09  4.0225E-01  6.3835E-01  1.8649E-16
cg:   0  1.0651E+02
cg: 101  1.0422E-08  4.1139E-01  6.3623E-01  4.0479E-16

nelt =       8, np =         4, nx1 =      10, elements =        32
Tot MFlops =   0.0000E+00, MFlops      =   0.0000E+00
Setup Flop =   1.1120E+08, Solver Flop =   1.2120E+07
Solve Time =   0.0000E+00
[PI-INFO] Paramount Iteration,0,8,0.700486,0.088184

 Processor Distribution:  npx,npy,npz=           2           2           1
 Element Distribution: nelx,nely,nelz=           6           6           1
 Local Element Distribution: mx,my,mz=           3           3           1
[PI-INFO] Paramount Iteration,1,8,0.692454,0.088246
[PI-INFO] Paramount Iteration,3,8,0.692536,0.088233
[PI-INFO] Paramount Iteration,2,8,0.691532,0.088247
gs_setup: 1090 unique labels shared
   pairwise times (avg, min, max): 4.32891e-05 4.23754e-05 4.36989e-05
   crystal router                : 6.92827e-05 6.87264e-05 6.96583e-05
   all reduce                    : 8.07178e-05 7.98259e-05 8.20511e-05
   used all_to_all method: pairwise

cg:   0  1.0115E+02
cg: 101  8.2121E-09  4.0413E-01  6.5487E-01  2.5546E-16
cg:   0  1.1557E+02
cg: 101  1.1831E-08  4.1490E-01  6.3887E-01  5.2249E-16

nelt =       9, np =         4, nx1 =      10, elements =        36
Tot MFlops =   0.0000E+00, MFlops      =   0.0000E+00
Setup Flop =   1.2510E+08, Solver Flop =   1.3635E+07
Solve Time =   0.0000E+00
[PI-INFO] Paramount Iteration,0,9,0.793807,0.093321

 Processor Distribution:  npx,npy,npz=           2           2           1
 Element Distribution: nelx,nely,nelz=          10           4           1
 Local Element Distribution: mx,my,mz=           5           2           1
[PI-INFO] Paramount Iteration,2,9,0.784827,0.093295
[PI-INFO] Paramount Iteration,1,9,0.785755,0.093301
[PI-INFO] Paramount Iteration,3,9,0.785854,0.093318
gs_setup: 1270 unique labels shared
   pairwise times (avg, min, max): 4.45329e-05 4.36507e-05 4.57107e-05
   crystal router                : 6.50117e-05 6.38651e-05 6.60055e-05
   all reduce                    : 0.000192045 0.000189878 0.000193369
   used all_to_all method: pairwise

cg:   0  1.0643E+02
cg: 101  9.1420E-09  4.0474E-01  6.3655E-01  3.1703E-16
cg:   0  1.2200E+02
cg: 101  1.1121E-08  4.1324E-01  6.2545E-01  4.5854E-16

nelt =      10, np =         4, nx1 =      10, elements =        40
Tot MFlops =   0.0000E+00, MFlops      =   0.0000E+00
Setup Flop =   1.3900E+08, Solver Flop =   1.5150E+07
Solve Time =   0.0000E+00
[PI-INFO] Paramount Iteration,0,10,0.891660,0.097853

 Processor Distribution:  npx,npy,npz=           2           2           1
 Element Distribution: nelx,nely,nelz=          22           2           1
 Local Element Distribution: mx,my,mz=          11           1           1
[PI-INFO] Paramount Iteration,1,10,0.883625,0.097870
[PI-INFO] Paramount Iteration,3,10,0.883705,0.097851
[PI-INFO] Paramount Iteration,2,10,0.882694,0.097867
gs_setup: 2170 unique labels shared
   pairwise times (avg, min, max): 4.53874e-05 4.43829e-05 4.64915e-05
   crystal router                : 8.66937e-05 8.35192e-05 9.13083e-05
   all reduce                    : 0.000208551 0.000207438 0.000209318
   used all_to_all method: pairwise

cg:   0  1.1065E+02
cg: 101  9.6396E-09  4.0677E-01  6.3417E-01  3.6195E-16
cg:   0  1.2982E+02
cg: 101  1.4176E-08  4.0610E-01  6.3000E-01  7.7684E-16

nelt =      11, np =         4, nx1 =      10, elements =        44
Tot MFlops =   0.0000E+00, MFlops      =   0.0000E+00
Setup Flop =   1.5290E+08, Solver Flop =   1.6665E+07
Solve Time =   0.0000E+00
[PI-INFO] Paramount Iteration,0,11,0.996113,0.104453

 Processor Distribution:  npx,npy,npz=           2           2           1
 Element Distribution: nelx,nely,nelz=           6           4           2
 Local Element Distribution: mx,my,mz=           3           2           2
[PI-INFO] Paramount Iteration,2,11,0.987147,0.104453
[PI-INFO] Paramount Iteration,1,11,0.988077,0.104452
[PI-INFO] Paramount Iteration,3,11,0.988160,0.104455
gs_setup: 1729 unique labels shared
   pairwise times (avg, min, max): 4.32668e-05 4.26155e-05 4.38593e-05
   crystal router                : 7.31767e-05 7.10063e-05 7.55628e-05
   all reduce                    : 0.000204577 0.000202863 0.000206193
   used all_to_all method: pairwise

cg:   0  1.1786E+02
cg: 101  9.8119E-09  4.1684E-01  6.2681E-01  3.6047E-16
cg:   0  1.2997E+02
cg: 101  1.2861E-08  4.1509E-01  6.2765E-01  6.2084E-16

nelt =      12, np =         4, nx1 =      10, elements =        48
Tot MFlops =   0.0000E+00, MFlops      =   0.0000E+00
Setup Flop =   1.6680E+08, Solver Flop =   1.8180E+07
Solve Time =   0.0000E+00
[PI-INFO] Paramount Iteration,0,12,1.105208,0.109095

 Processor Distribution:  npx,npy,npz=           2           2           1
 Element Distribution: nelx,nely,nelz=          26           2           1
 Local Element Distribution: mx,my,mz=          13           1           1
[PI-INFO] Paramount Iteration,2,12,1.096233,0.109086
[PI-INFO] Paramount Iteration,1,12,1.097171,0.109094
[PI-INFO] Paramount Iteration,3,12,1.097263,0.109103
gs_setup: 2530 unique labels shared
   pairwise times (avg, min, max): 5.22641e-05 5.10387e-05 5.3083e-05
   crystal router                : 0.000100266 9.70948e-05 0.00010218
   all reduce                    : 0.000211173 0.000208947 0.000213682
   used all_to_all method: pairwise

cg:   0  1.2045E+02
cg: 101  1.0859E-08  4.0502E-01  6.3736E-01  4.6419E-16
cg:   0  1.4145E+02
cg: 101  1.5001E-08  4.0611E-01  6.3355E-01  8.7613E-16

nelt =      13, np =         4, nx1 =      10, elements =        52
Tot MFlops =   0.0000E+00, MFlops      =   0.0000E+00
Setup Flop =   1.8070E+08, Solver Flop =   1.9695E+07
Solve Time =   0.0000E+00
[PI-INFO] Paramount Iteration,0,13,1.223403,0.118195

 Processor Distribution:  npx,npy,npz=           2           2           1
 Element Distribution: nelx,nely,nelz=          14           4           1
 Local Element Distribution: mx,my,mz=           7           2           1
[PI-INFO] Paramount Iteration,3,13,1.215426,0.118163
[PI-INFO] Paramount Iteration,2,13,1.214404,0.118171
[PI-INFO] Paramount Iteration,1,13,1.215384,0.118213
gs_setup: 1630 unique labels shared
   pairwise times (avg, min, max): 4.34568e-05 4.24251e-05 4.39878e-05
   crystal router                : 7.70608e-05 7.63165e-05 7.75862e-05
   all reduce                    : 0.000208123 0.000206164 0.000210317
   used all_to_all method: pairwise

cg:   0  1.2555E+02
cg: 101  1.2138E-08  3.9876E-01  6.5737E-01  5.8119E-16
cg:   0  1.4448E+02
cg: 101  1.6530E-08  3.9760E-01  6.5382E-01  1.0890E-15

nelt =      14, np =         4, nx1 =      10, elements =        56
Tot MFlops =   0.0000E+00, MFlops      =   0.0000E+00
Setup Flop =   1.9460E+08, Solver Flop =   2.1210E+07
Solve Time =   0.0000E+00
[PI-INFO] Paramount Iteration,0,14,1.344213,0.120810

 Processor Distribution:  npx,npy,npz=           2           2           1
 Element Distribution: nelx,nely,nelz=          10           6           1
 Local Element Distribution: mx,my,mz=           5           3           1
[PI-INFO] Paramount Iteration,1,14,1.336183,0.120799
[PI-INFO] Paramount Iteration,3,14,1.336276,0.120850
[PI-INFO] Paramount Iteration,2,14,1.335264,0.120860
gs_setup: 1450 unique labels shared
   pairwise times (avg, min, max): 4.30819e-05 4.23871e-05 4.37046e-05
   crystal router                : 7.34864e-05 7.187e-05 7.43159e-05
   all reduce                    : 0.000191433 0.000190163 0.000192848
   used all_to_all method: pairwise

cg:   0  1.3014E+02
cg: 101  1.3083E-08  4.0034E-01  6.2447E-01  6.8864E-16
cg:   0  1.4891E+02
cg: 101  1.7878E-08  4.0682E-01  6.2957E-01  1.2261E-15

nelt =      15, np =         4, nx1 =      10, elements =        60
Tot MFlops =   0.0000E+00, MFlops      =   0.0000E+00
Setup Flop =   2.0850E+08, Solver Flop =   2.2725E+07
Solve Time =   0.0000E+00
[PI-INFO] Paramount Iteration,0,15,1.467620,0.123407
[PI-INFO] PI avg,0,0.088748,15
[PI-INFO] Beta,0,0.000007
[PI-INFO] Total time,1.467629
[PI-INFO] Paramount Iteration,1,15,1.459586,0.123403
[PI-INFO] PI avg,1,0.088741,15
[PI-INFO] Beta,1,0.000019
[PI-INFO] Paramount Iteration,3,15,1.459680,0.123404
[PI-INFO] PI avg,3,0.088740,15
[PI-INFO] Beta,3,0.000019
[PI-INFO] Paramount Iteration,2,15,1.458647,0.123383
[PI-INFO] PI avg,2,0.088741,15
[PI-INFO] Beta,2,0.000019
--------------------------------------------------------------------------
mpirun has exited due to process rank 0 with PID 0 on
node ip-172-31-12-16 exiting improperly. There are three reasons this could occur:

1. this process did not call "init" before exiting, but others in
the job did. This can cause a job to hang indefinitely while it waits
for all processes to call "init". By rule, if one process calls "init",
then ALL processes must call "init" prior to termination.

2. this process called "init", but exited without calling "finalize".
By rule, all processes that call "init" MUST call "finalize" prior to
exiting or it will be considered an "abnormal termination"

3. this process called "MPI_Abort" or "orte_abort" and the mca parameter
orte_create_session_dirs is set to false. In this case, the run-time cannot
detect that the abort call was an abnormal termination. Hence, the only
error message you will receive is this one.

This may have caused other processes in the application to be
terminated by signals sent by mpirun (as reported here).

You can avoid this message by specifying -quiet on the mpirun command line.
--------------------------------------------------------------------------
[ip-172-31-12-16:17052] 3 more processes have sent help message help-mpi-btl-base.txt / btl:no-nics
[ip-172-31-12-16:17052] Set MCA parameter "orte_base_help_aggregate" to 0 to see all help / error messages
Command exited with non-zero status 1
	Command being timed: "mpirun --hostfile /home/ubuntu/PI-Bench/ECP-Proxy-Apps/hostfile -n 4 ./nekbone"
	User time (seconds): 1.03
	System time (seconds): 0.37
	Percent of CPU this job got: 34%
	Elapsed (wall clock) time (h:mm:ss or m:ss): 0:04.05
	Average shared text size (kbytes): 0
	Average unshared data size (kbytes): 0
	Average stack size (kbytes): 0
	Average total size (kbytes): 0
	Maximum resident set size (kbytes): 18864
	Average resident set size (kbytes): 0
	Major (requiring I/O) page faults: 4
	Minor (reclaiming a frame) page faults: 7153
	Voluntary context switches: 1017
	Involuntary context switches: 132
	Swaps: 0
	File system inputs: 0
	File system outputs: 16448
	Socket messages sent: 0
	Socket messages received: 0
	Signals delivered: 0
	Page size (bytes): 4096
	Exit status: 1
