--------------------------------------------------------------------------
[[39684,1],0]: A high-performance Open MPI point-to-point messaging module
was unable to find any relevant network interfaces:

Module: OpenFabrics (openib)
  Host: ip-172-31-6-127

Another transport will be used instead, although this may result in
lower performance.

NOTE: You can disable this warning by setting the MCA parameter
btl_base_warn_component_unused to 0.
--------------------------------------------------------------------------
Average time to generate 100 random numbers using LCG (in s): 5.1985e-06

-------------------------------------------------------
Graph edge distribution characteristics
-------------------------------------------------------
Number of vertices: 100
Number of edges: 502
Maximum number of edges: 251
Average number of edges: 251
Expected value of X^2: 63001
Variance: 0
Standard deviation: 0
-------------------------------------------------------
Time to generate distributed graph of 100 vertices (in s): 0.000656148
[PI-INFO] Init time,0,0.121860
[PI-INFO] Init time,1,0.113734
[PI-INFO] Paramount Iteration,0,1,0.122201,0.000341
[PI-INFO] Paramount Iteration,1,1,0.114079,0.000345
[PI-INFO] Paramount Iteration,0,2,0.122503,0.000302
[PI-INFO] Paramount Iteration,1,2,0.114376,0.000297
[PI-INFO] Paramount Iteration,0,3,0.122801,0.000298
[PI-INFO] Paramount Iteration,1,3,0.114670,0.000294
[PI-INFO] Paramount Iteration,0,4,0.123089,0.000288
[PI-INFO] Paramount Iteration,1,4,0.114955,0.000285
[PI-INFO] Paramount Iteration,0,5,0.123359,0.000270
[PI-INFO] Paramount Iteration,1,5,0.115241,0.000286
[PI-INFO] Paramount Iteration,0,6,0.123640,0.000281
[PI-INFO] Paramount Iteration,1,6,0.115527,0.000286
[PI-INFO] Paramount Iteration,0,7,0.123937,0.000297
[PI-INFO] Paramount Iteration,1,7,0.115810,0.000283
-------------------------------------------------------
64-bit datatype
-------------------------------------------------------
Average total time (in s), #Processes: 0.00257524, 2
Modularity, #Iterations: 0.676029, 8
MODS (final modularity * average time): 0.00174094
-------------------------------------------------------
[PI-INFO] PI avg,0,0.000260,8
[PI-INFO] Beta,0,0.183446
[PI-INFO] Total time,0.124318
[PI-INFO] PI avg,1,0.000259,8
[PI-INFO] Beta,1,0.193637
[ip-172-31-6-127:16689] 1 more process has sent help message help-mpi-btl-base.txt / btl:no-nics
[ip-172-31-6-127:16689] Set MCA parameter "orte_base_help_aggregate" to 0 to see all help / error messages
	Command being timed: "mpirun --hostfile /home/ubuntu/PI-Bench/ECP-Proxy-Apps/hostfile -n 2 ./miniVite -n 100"
	User time (seconds): 0.03
	System time (seconds): 0.02
	Percent of CPU this job got: 8%
	Elapsed (wall clock) time (h:mm:ss or m:ss): 0:00.70
	Average shared text size (kbytes): 0
	Average unshared data size (kbytes): 0
	Average stack size (kbytes): 0
	Average total size (kbytes): 0
	Maximum resident set size (kbytes): 18944
	Average resident set size (kbytes): 0
	Major (requiring I/O) page faults: 4
	Minor (reclaiming a frame) page faults: 4785
	Voluntary context switches: 861
	Involuntary context switches: 51
	Swaps: 0
	File system inputs: 0
	File system outputs: 16416
	Socket messages sent: 0
	Socket messages received: 0
	Signals delivered: 0
	Page size (bytes): 4096
	Exit status: 0
