--------------------------------------------------------------------------
[[48477,1],10]: A high-performance Open MPI point-to-point messaging module
was unable to find any relevant network interfaces:

Module: OpenFabrics (openib)
  Host: ip-172-31-0-68

Another transport will be used instead, although this may result in
lower performance.

NOTE: You can disable this warning by setting the MCA parameter
btl_base_warn_component_unused to 0.
--------------------------------------------------------------------------
 ERROR: Code compiled for a max of          10  processors.
 Recompile with LP =          32  or run with fewer processors.
 Aborting in routine INIPROC.
 ERROR: Code compiled for a max of          10  processors.
 Recompile with LP =          32  or run with fewer processors.
 Aborting in routine INIPROC.
 ERROR: Code compiled for a max of          10  processors.
 Recompile with LP =          32  or run with fewer processors.
 Aborting in routine INIPROC.
 ERROR: Code compiled for a max of          10  processors.
 Recompile with LP =          32  or run with fewer processors.
 Aborting in routine INIPROC.
 ERROR: Code compiled for a max of          10  processors.
 Recompile with LP =          32  or run with fewer processors.
 Aborting in routine INIPROC.
 ERROR: Code compiled for a max of          10  processors.
 Recompile with LP =          32  or run with fewer processors.
 Aborting in routine INIPROC.
 ERROR: Code compiled for a max of          10  processors.
 Recompile with LP =          32  or run with fewer processors.
 Aborting in routine INIPROC.
 ERROR: Code compiled for a max of          10  processors.
 Recompile with LP =          32  or run with fewer processors.
 Aborting in routine INIPROC.
 ERROR: Code compiled for a max of          10  processors.
 Recompile with LP =          32  or run with fewer processors.
 Aborting in routine INIPROC.
 ERROR: Code compiled for a max of          10  processors.
 Recompile with LP =          32  or run with fewer processors.
 Aborting in routine INIPROC.
 ERROR: Code compiled for a max of          10  processors.
 Recompile with LP =          32  or run with fewer processors.
 Aborting in routine INIPROC.
 ERROR: Code compiled for a max of          10  processors.
 Recompile with LP =          32  or run with fewer processors.
 Aborting in routine INIPROC.
 ERROR: Code compiled for a max of          10  processors.
 Recompile with LP =          32  or run with fewer processors.
 Aborting in routine INIPROC.
 ERROR: Code compiled for a max of          10  processors.
 Recompile with LP =          32  or run with fewer processors.
 Aborting in routine INIPROC.
 ERROR: Code compiled for a max of          10  processors.
 Recompile with LP =          32  or run with fewer processors.
 Aborting in routine INIPROC.
 ERROR: Code compiled for a max of          10  processors.
 Recompile with LP =          32  or run with fewer processors.
 Aborting in routine INIPROC.
 ERROR: Code compiled for a max of          10  processors.
 Recompile with LP =          32  or run with fewer processors.
 Aborting in routine INIPROC.
 ERROR: Code compiled for a max of          10  processors.
 Recompile with LP =          32  or run with fewer processors.
 Aborting in routine INIPROC.
 ERROR: Code compiled for a max of          10  processors.
 Recompile with LP =          32  or run with fewer processors.
 Aborting in routine INIPROC.
 ERROR: Code compiled for a max of          10  processors.
 Recompile with LP =          32  or run with fewer processors.
 Aborting in routine INIPROC.
 ERROR: Code compiled for a max of          10  processors.
 Recompile with LP =          32  or run with fewer processors.
 Aborting in routine INIPROC.
 ERROR: Code compiled for a max of          10  processors.
 Recompile with LP =          32  or run with fewer processors.
 Aborting in routine INIPROC.
 ERROR: Code compiled for a max of          10  processors.
 Recompile with LP =          32  or run with fewer processors.
 Aborting in routine INIPROC.
 ERROR: Code compiled for a max of          10  processors.
 Recompile with LP =          32  or run with fewer processors.
 Aborting in routine INIPROC.
 ERROR: Code compiled for a max of          10  processors.
 Recompile with LP =          32  or run with fewer processors.
 Aborting in routine INIPROC.
 ERROR: Code compiled for a max of          10  processors.
 Recompile with LP =          32  or run with fewer processors.
 Aborting in routine INIPROC.
  
call exitt: dying ...
  
  
total elapsed time             :   0.00000E+00 sec


Program received signal SIGFPE: Floating-point exception - erroneous arithmetic operation.

Backtrace for this error:

Program received signal SIGFPE: Floating-point exception - erroneous arithmetic operation.

Backtrace for this error:

Program received signal SIGFPE: Floating-point exception - erroneous arithmetic operation.

Backtrace for this error:

Program received signal SIGFPE: Floating-point exception - erroneous arithmetic operation.

Backtrace for this error:
 ERROR: Code compiled for a max of          10  processors.
 Recompile with LP =          32  or run with fewer processors.
 Aborting in routine INIPROC.
 ERROR: Code compiled for a max of          10  processors.
 Recompile with LP =          32  or run with fewer processors.
 Aborting in routine INIPROC.
 ERROR: Code compiled for a max of          10  processors.
 Recompile with LP =          32  or run with fewer processors.
 Aborting in routine INIPROC.
 ERROR: Code compiled for a max of          10  processors.
 Recompile with LP =          32  or run with fewer processors.
 Aborting in routine INIPROC.
 ERROR: Code compiled for a max of          10  processors.
 Recompile with LP =          32  or run with fewer processors.
 Aborting in routine INIPROC.
 ERROR: Code compiled for a max of          10  processors.
 Recompile with LP =          32  or run with fewer processors.
 Aborting in routine INIPROC.

Program received signal SIGFPE: Floating-point exception - erroneous arithmetic operation.

Backtrace for this error:

Program received signal SIGFPE: Floating-point exception - erroneous arithmetic operation.

Backtrace for this error:

Program received signal SIGFPE: Floating-point exception - erroneous arithmetic operation.

Backtrace for this error:

Program received signal SIGFPE: Floating-point exception - erroneous arithmetic operation.

Backtrace for this error:

Program received signal SIGFPE: Floating-point exception - erroneous arithmetic operation.

Backtrace for this error:

Program received signal SIGFPE: Floating-point exception - erroneous arithmetic operation.

Backtrace for this error:

Program received signal SIGFPE: Floating-point exception - erroneous arithmetic operation.

Backtrace for this error:

Program received signal SIGFPE: Floating-point exception - erroneous arithmetic operation.

Backtrace for this error:

Program received signal SIGFPE: Floating-point exception - erroneous arithmetic operation.

Backtrace for this error:

Program received signal SIGFPE: Floating-point exception - erroneous arithmetic operation.

Backtrace for this error:

Program received signal SIGFPE: Floating-point exception - erroneous arithmetic operation.

Backtrace for this error:

Program received signal SIGFPE: Floating-point exception - erroneous arithmetic operation.

Backtrace for this error:

Program received signal SIGFPE: Floating-point exception - erroneous arithmetic operation.

Backtrace for this error:

Program received signal SIGFPE: Floating-point exception - erroneous arithmetic operation.

Backtrace for this error:

Program received signal SIGFPE: Floating-point exception - erroneous arithmetic operation.

Backtrace for this error:

Program received signal SIGFPE: Floating-point exception - erroneous arithmetic operation.

Backtrace for this error:

Program received signal SIGFPE: Floating-point exception - erroneous arithmetic operation.

Backtrace for this error:

Program received signal SIGFPE: Floating-point exception - erroneous arithmetic operation.

Backtrace for this error:

Program received signal SIGFPE: Floating-point exception - erroneous arithmetic operation.

Backtrace for this error:

Program received signal SIGFPE: Floating-point exception - erroneous arithmetic operation.

Backtrace for this error:

Program received signal SIGFPE: Floating-point exception - erroneous arithmetic operation.

Backtrace for this error:

Program received signal SIGFPE: Floating-point exception - erroneous arithmetic operation.

Backtrace for this error:

Program received signal SIGFPE: Floating-point exception - erroneous arithmetic operation.

Backtrace for this error:

Program received signal SIGFPE: Floating-point exception - erroneous arithmetic operation.

Backtrace for this error:

Program received signal SIGFPE: Floating-point exception - erroneous arithmetic operation.

Backtrace for this error:

Program received signal SIGFPE: Floating-point exception - erroneous arithmetic operation.

Backtrace for this error:

Program received signal SIGFPE: Floating-point exception - erroneous arithmetic operation.

Backtrace for this error:

Program received signal SIGFPE: Floating-point exception - erroneous arithmetic operation.

Backtrace for this error:
#0  0x7facd557732a
#1  0x7facd5576503
#2  0x7facd4bf403f
#3  0x55fec9139371
#4  0x55fec913b209
#5  0x55fec912b9d3
#6  0x55fec912868e
#7  0x7facd4bd6bf6
#8  0x55fec91286c9
#9  0xffffffffffffffff
#0  0x7fab5226332a
#1  0x7fab52262503
#2  0x7fab518e003f
#3  0x55aeef5fe371
#4  0x55aeef600209
#5  0x55aeef5f09d3
#6  0x55aeef5ed68e
#7  0x7fab518c2bf6
#8  0x55aeef5ed6c9
#9  0xffffffffffffffff
#0  0x7f332502132a
#1  0x7f3325020503
#2  0x7f332469e03f
#3  0x55e89fc76371
#4  0x55e89fc78209
#5  0x55e89fc689d3
#6  0x55e89fc6568e
#7  0x7f3324680bf6
#8  0x55e89fc656c9
#9  0xffffffffffffffff
#0  0x7f48bd0ef32a
#1  0x7f48bd0ee503
#2  0x7f48bc76c03f
#3  0x56459b991371
#4  0x56459b993209
#5  0x56459b9839d3
#6  0x56459b98068e
#7  0x7f48bc74ebf6
#8  0x56459b9806c9
#9  0xffffffffffffffff
#0  0x7f24ca2eb32a
#1  0x7f24ca2ea503
#2  0x7f24c996803f
#3  0x558e6269f371
#4  0x558e626a1209
#5  0x558e626919d3
#6  0x558e6268e68e
#7  0x7f24c994abf6
#8  0x558e6268e6c9
#9  0xffffffffffffffff
#0  0x7f825b43a32a
#1  0x7f825b439503
#2  0x7f825aab703f
#3  0x55d012563371
#4  0x55d012565209
#5  0x55d0125559d3
#6  0x55d01255268e
#7  0x7f825aa99bf6
#8  0x55d0125526c9
#9  0xffffffffffffffff
#0  0x7fd8092ea32a
#1  0x7fd8092e9503
#2  0x7fd80896703f
#3  0x55706b9ef371
#4  0x55706b9f1209
#5  0x55706b9e19d3
#6  0x55706b9de68e
#7  0x7fd808949bf6
#8  0x55706b9de6c9
#9  0xffffffffffffffff
#0  0x7fe52e9ea32a
#1  0x7fe52e9e9503
#2  0x7fe52e06703f
#3  0x562324dd8371
#4  0x562324dda209
#5  0x562324dca9d3
#6  0x562324dc768e
#7  0x7fe52e049bf6
#8  0x562324dc76c9
#9  0xffffffffffffffff
#0  0x7fbd413a332a
#1  0x7fbd413a2503
#2  0x7fbd40a2003f
#3  0x55ec5b2ec371
#4  0x55ec5b2ee209
#5  0x55ec5b2de9d3
#6  0x55ec5b2db68e
#7  0x7fbd40a02bf6
#8  0x55ec5b2db6c9
#9  0xffffffffffffffff
#0  0x7efd26bd732a
#1  0x7efd26bd6503
#2  0x7efd2625403f
#3  0x562c1e024371
#4  0x562c1e026209
#5  0x562c1e0169d3
#6  0x562c1e01368e
#7  0x7efd26236bf6
#8  0x562c1e0136c9
#0  0x7f4817a2a32a
#1  0x7f4817a29503
#2  0x7f48170a703f
#3  0x5595d73e5371
#4  0x5595d73e7209
#5  0x5595d73d79d3
#6  0x5595d73d468e
#7  0x7f4817089bf6
#8  0x5595d73d46c9
#9  0xffffffffffffffff
#0  0x7f0cbc56b32a
#1  0x7f0cbc56a503
#2  0x7f0cbbbe803f
#3  0x559c8c22a371
#4  0x559c8c22c209
#5  0x559c8c21c9d3
#6  0x559c8c21968e
#7  0x7f0cbbbcabf6
#8  0x559c8c2196c9
#9  0xffffffffffffffff
#9  0xffffffffffffffff
#0  0x7f78517fd32a
#1  0x7f78517fc503
#2  0x7f7850e7a03f
#3  0x5643365fb371
#4  0x5643365fd209
#5  0x5643365ed9d3
#6  0x5643365ea68e
#7  0x7f7850e5cbf6
#8  0x5643365ea6c9
#9  0xffffffffffffffff
#0  0x7f55b26e932a
#1  0x7f55b26e8503
#2  0x7f55b1d6603f
#3  0x55cb9849b371
#4  0x55cb9849d209
#5  0x55cb9848d9d3
#6  0x55cb9848a68e
#7  0x7f55b1d48bf6
#8  0x55cb9848a6c9
#9  0xffffffffffffffff
#0  0x7efef4a0a32a
#1  0x7efef4a09503
#2  0x7efef408703f
#3  0x55f57461e371
#4  0x55f574620209
#5  0x55f5746109d3
#6  0x55f57460d68e
#7  0x7efef4069bf6
#8  0x55f57460d6c9
#9  0xffffffffffffffff
#0  0x7fbecdf2b32a
#1  0x7fbecdf2a503
#2  0x7fbecd5a803f
#3  0x561e4d8b5371
#4  0x561e4d8b7209
#5  0x561e4d8a79d3
#6  0x561e4d8a468e
#7  0x7fbecd58abf6
#8  0x561e4d8a46c9
#9  0xffffffffffffffff
#0  0x7fe740d3832a
#1  0x7fe740d37503
#2  0x7fe7403b503f
#3  0x55bb0fb5a371
#4  0x55bb0fb5c209
#5  0x55bb0fb4c9d3
#6  0x55bb0fb4968e
#7  0x7fe740397bf6
#8  0x55bb0fb496c9
#9  0xffffffffffffffff
#0  0x7f235212732a
#1  0x7f2352126503
#2  0x7f23517a403f
#3  0x56298b2a4371
#4  0x56298b2a6209
#5  0x56298b2969d3
#6  0x56298b29368e
#7  0x7f2351786bf6
#8  0x56298b2936c9
#9  0xffffffffffffffff
#0  0x7fcc0455532a
#1  0x7fcc04554503
#2  0x7fcc03bd203f
#3  0x55f72925f371
#4  0x55f729261209
#5  0x55f7292519d3
#6  0x55f72924e68e
#7  0x7fcc03bb4bf6
#8  0x55f72924e6c9
#9  0xffffffffffffffff
#0  0x7f2d8aec032a
#1  0x7f2d8aebf503
#2  0x7f2d8a53d03f
#3  0x5577b2de1371
#4  0x5577b2de3209
#5  0x5577b2dd39d3
#6  0x5577b2dd068e
#0  0x7f0db5c7332a
#1  0x7f0db5c72503
#2  0x7f0db52f003f
#3  0x5561a4c50371
#4  0x5561a4c52209
#5  0x5561a4c429d3
#6  0x5561a4c3f68e
#7  0x7f0db52d2bf6
#0  0x7fb7cab2032a
#1  0x7fb7cab1f503
#2  0x7fb7ca19d03f
#3  0x565092967371
#4  0x565092969209
#5  0x5650929599d3
#6  0x56509295668e
#7  0x7fb7ca17fbf6
#8  0x5650929566c9
#9  0xffffffffffffffff
#0  0x7f0c1f3cc32a
#1  0x7f0c1f3cb503
#2  0x7f0c1ea4903f
#3  0x558f9807f371
#4  0x558f98081209
#5  0x558f980719d3
#6  0x558f9806e68e
#7  0x7f0c1ea2bbf6
#8  0x558f9806e6c9
#9  0xffffffffffffffff
#7  0x7f2d8a51fbf6
#8  0x5577b2dd06c9
#9  0xffffffffffffffff
#0  0x7feb5273a32a
#1  0x7feb52739503
#2  0x7feb51db703f
#3  0x5588a7002371
#4  0x5588a7004209
#5  0x5588a6ff49d3
#6  0x5588a6ff168e
#7  0x7feb51d99bf6
#8  0x5588a6ff16c9
#9  0xffffffffffffffff
#0  0x7f417b09e32a
#1  0x7f417b09d503
#2  0x7f417a71b03f
#3  0x55f81c892371
#4  0x55f81c894209
#5  0x55f81c8849d3
#6  0x55f81c88168e
#7  0x7f417a6fdbf6
#8  0x55f81c8816c9
#9  0xffffffffffffffff
#0  0x7f41332e432a
#1  0x7f41332e3503
#2  0x7f413296103f
#3  0x55f32ac59371
#4  0x55f32ac5b209
#5  0x55f32ac4b9d3
#6  0x55f32ac4868e
#7  0x7f4132943bf6
#8  0x55f32ac486c9
#9  0xffffffffffffffff
#8  0x5561a4c3f6c9
#9  0xffffffffffffffff
#0  0x7f04654b432a
#1  0x7f04654b3503
#2  0x7f0464b3103f
#3  0x55c380bc4371
#4  0x55c380bc6209
#5  0x55c380bb69d3
#6  0x55c380bb368e
#7  0x7f0464b13bf6
#8  0x55c380bb36c9
#9  0xffffffffffffffff
#0  0x7f9596a4832a
#1  0x7f9596a47503
#2  0x7f95960c503f
#3  0x55821ca42371
#4  0x55821ca44209
#5  0x55821ca349d3
#6  0x55821ca3168e
#7  0x7f95960a7bf6
#8  0x55821ca316c9
#9  0xffffffffffffffff
#0  0x7f78a9eb832a
#1  0x7f78a9eb7503
#2  0x7f78a953503f
#3  0x55ec06980371
#4  0x55ec06982209
#5  0x55ec069729d3
#6  0x55ec0696f68e
#7  0x7f78a9517bf6
#8  0x55ec0696f6c9
#9  0xffffffffffffffff
#0  0x7fb2d3bf432a
#1  0x7fb2d3bf3503
#2  0x7fb2d327103f
#3  0x55d4f20de371
#4  0x55d4f20e0209
#5  0x55d4f20d09d3
#6  0x55d4f20cd68e
#7  0x7fb2d3253bf6
#8  0x55d4f20cd6c9
#9  0xffffffffffffffff
#0  0x7f75cdec632a
#1  0x7f75cdec5503
#2  0x7f75cd54303f
#3  0x563279ac0371
#4  0x563279ac2209
#5  0x563279ab29d3
#6  0x563279aaf68e
#7  0x7f75cd525bf6
#8  0x563279aaf6c9
#9  0xffffffffffffffff
#0  0x7f323812432a
#1  0x7f3238123503
#2  0x7f32377a103f
#3  0x55b90fc90371
#4  0x55b90fc92209
#5  0x55b90fc829d3
#6  0x55b90fc7f68e
#7  0x7f3237783bf6
#8  0x55b90fc7f6c9
#9  0xffffffffffffffff
--------------------------------------------------------------------------
mpirun noticed that process rank 10 with PID 22224 on node 172.31.0.68 exited on signal 8 (Floating point exception).
--------------------------------------------------------------------------
[ip-172-31-12-60:18945] 31 more processes have sent help message help-mpi-btl-base.txt / btl:no-nics
[ip-172-31-12-60:18945] Set MCA parameter "orte_base_help_aggregate" to 0 to see all help / error messages
Command exited with non-zero status 136
	Command being timed: "mpirun --hostfile /home/ubuntu/PI-Bench/ECP-Proxy-Apps/hostfile -n 32 ./nekbone"
	User time (seconds): 0.08
	System time (seconds): 0.04
	Percent of CPU this job got: 6%
	Elapsed (wall clock) time (h:mm:ss or m:ss): 0:02.09
	Average shared text size (kbytes): 0
	Average unshared data size (kbytes): 0
	Average stack size (kbytes): 0
	Average total size (kbytes): 0
	Maximum resident set size (kbytes): 19548
	Average resident set size (kbytes): 0
	Major (requiring I/O) page faults: 4
	Minor (reclaiming a frame) page faults: 6015
	Voluntary context switches: 923
	Involuntary context switches: 12
	Swaps: 0
	File system inputs: 0
	File system outputs: 16440
	Socket messages sent: 0
	Socket messages received: 0
	Signals delivered: 0
	Page size (bytes): 4096
	Exit status: 136
