--------------------------------------------------------------------------
[[51325,1],0]: A high-performance Open MPI point-to-point messaging module
was unable to find any relevant network interfaces:

Module: OpenFabrics (openib)
  Host: ip-172-31-6-19

Another transport will be used instead, although this may result in
lower performance.

NOTE: You can disable this warning by setting the MCA parameter
btl_base_warn_component_unused to 0.
--------------------------------------------------------------------------
Average time to generate 100 random numbers using LCG (in s): 7.303e-06

-------------------------------------------------------
Graph edge distribution characteristics
-------------------------------------------------------
Number of vertices: 100
Number of edges: 502
Maximum number of edges: 251
Average number of edges: 251
Expected value of X^2: 63001
Variance: 0
Standard deviation: 0
-------------------------------------------------------
Time to generate distributed graph of 100 vertices (in s): 0.000729945
[PI-INFO] Init time,0,0.127678
[PI-INFO] Init time,1,0.119721
[PI-INFO] Paramount Iteration,0,1,0.128097,0.000419
[PI-INFO] Paramount Iteration,1,1,0.120119,0.000398
[PI-INFO] Paramount Iteration,0,2,0.128437,0.000340
[PI-INFO] Paramount Iteration,1,2,0.120447,0.000328
[PI-INFO] Paramount Iteration,0,3,0.128742,0.000305
[PI-INFO] Paramount Iteration,1,3,0.120756,0.000309
[PI-INFO] Paramount Iteration,0,4,0.129063,0.000321
[PI-INFO] Paramount Iteration,1,4,0.121068,0.000312
[PI-INFO] Paramount Iteration,0,5,0.129396,0.000333
[PI-INFO] Paramount Iteration,1,5,0.121438,0.000370
[PI-INFO] Paramount Iteration,0,6,0.129725,0.000329
[PI-INFO] Paramount Iteration,1,6,0.121738,0.000300
[PI-INFO] Paramount Iteration,0,7,0.130014,0.000289
[PI-INFO] Paramount Iteration,1,7,0.122036,0.000298
-------------------------------------------------------
64-bit datatype
-------------------------------------------------------
Average total time (in s), #Processes: 0.00796718, 2
Modularity, #Iterations: 0.676029, 8
MODS (final modularity * average time): 0.00538605
-------------------------------------------------------
[PI-INFO] PI avg,0,0.000292,8
[PI-INFO] Beta,0,0.237215
[PI-INFO] Total time,0.130568
[PI-INFO] PI avg,1,0.000289,8
[PI-INFO] Beta,1,0.251004
[ip-172-31-6-19:19383] 1 more process has sent help message help-mpi-btl-base.txt / btl:no-nics
[ip-172-31-6-19:19383] Set MCA parameter "orte_base_help_aggregate" to 0 to see all help / error messages
	Command being timed: "mpirun --hostfile /home/ubuntu/PI-Bench/ECP-Proxy-Apps/hostfile -n 2 ./miniVite -n 100"
	User time (seconds): 0.06
	System time (seconds): 0.02
	Percent of CPU this job got: 12%
	Elapsed (wall clock) time (h:mm:ss or m:ss): 0:00.77
	Average shared text size (kbytes): 0
	Average unshared data size (kbytes): 0
	Average stack size (kbytes): 0
	Average total size (kbytes): 0
	Maximum resident set size (kbytes): 18900
	Average resident set size (kbytes): 0
	Major (requiring I/O) page faults: 4
	Minor (reclaiming a frame) page faults: 4821
	Voluntary context switches: 875
	Involuntary context switches: 44
	Swaps: 0
	File system inputs: 0
	File system outputs: 16416
	Socket messages sent: 0
	Socket messages received: 0
	Signals delivered: 0
	Page size (bytes): 4096
	Exit status: 0
