--------------------------------------------------------------------------
[[55984,1],0]: A high-performance Open MPI point-to-point messaging module
was unable to find any relevant network interfaces:

Module: OpenFabrics (openib)
  Host: ip-172-31-10-74

Another transport will be used instead, although this may result in
lower performance.

NOTE: You can disable this warning by setting the MCA parameter
btl_base_warn_component_unused to 0.
--------------------------------------------------------------------------
 ERROR: Code compiled for a max of          10  processors.
 Recompile with LP =          16  or run with fewer processors.
 Aborting in routine INIPROC.
 ERROR: Code compiled for a max of          10  processors.
 Recompile with LP =          16  or run with fewer processors.
 Aborting in routine INIPROC.
 ERROR: Code compiled for a max of          10  processors.
 Recompile with LP =          16  or run with fewer processors.
 Aborting in routine INIPROC.
 ERROR: Code compiled for a max of          10  processors.
 Recompile with LP =          16  or run with fewer processors.
 Aborting in routine INIPROC.
 ERROR: Code compiled for a max of          10  processors.
 Recompile with LP =          16  or run with fewer processors.
 Aborting in routine INIPROC.
 ERROR: Code compiled for a max of          10  processors.
 Recompile with LP =          16  or run with fewer processors.
 Aborting in routine INIPROC.
 ERROR: Code compiled for a max of          10  processors.
 Recompile with LP =          16  or run with fewer processors.
 Aborting in routine INIPROC.
 ERROR: Code compiled for a max of          10  processors.
 Recompile with LP =          16  or run with fewer processors.
 Aborting in routine INIPROC.
 ERROR: Code compiled for a max of          10  processors.
 Recompile with LP =          16  or run with fewer processors.
 Aborting in routine INIPROC.
 ERROR: Code compiled for a max of          10  processors.
 Recompile with LP =          16  or run with fewer processors.
 Aborting in routine INIPROC.
 ERROR: Code compiled for a max of          10  processors.
 Recompile with LP =          16  or run with fewer processors.
 Aborting in routine INIPROC.
 ERROR: Code compiled for a max of          10  processors.
 Recompile with LP =          16  or run with fewer processors.
 Aborting in routine INIPROC.
  
call exitt: dying ...
  
  
total elapsed time             :   0.00000E+00 sec


Program received signal SIGFPE: Floating-point exception - erroneous arithmetic operation.

Backtrace for this error:

Program received signal SIGFPE: Floating-point exception - erroneous arithmetic operation.

Backtrace for this error:

Program received signal SIGFPE: Floating-point exception - erroneous arithmetic operation.

Backtrace for this error:

Program received signal SIGFPE: Floating-point exception - erroneous arithmetic operation.

Backtrace for this error:
 ERROR: Code compiled for a max of          10  processors.
 Recompile with LP =          16  or run with fewer processors.
 Aborting in routine INIPROC.
 ERROR: Code compiled for a max of          10  processors.
 Recompile with LP =          16  or run with fewer processors.
 Aborting in routine INIPROC.
 ERROR: Code compiled for a max of          10  processors.
 Recompile with LP =          16  or run with fewer processors.
 Aborting in routine INIPROC.
 ERROR: Code compiled for a max of          10  processors.
 Recompile with LP =          16  or run with fewer processors.
 Aborting in routine INIPROC.

Program received signal SIGFPE: Floating-point exception - erroneous arithmetic operation.

Backtrace for this error:

Program received signal SIGFPE: Floating-point exception - erroneous arithmetic operation.

Backtrace for this error:

Program received signal SIGFPE: Floating-point exception - erroneous arithmetic operation.

Backtrace for this error:

Program received signal SIGFPE: Floating-point exception - erroneous arithmetic operation.

Backtrace for this error:

Program received signal SIGFPE: Floating-point exception - erroneous arithmetic operation.

Backtrace for this error:

Program received signal SIGFPE: Floating-point exception - erroneous arithmetic operation.

Backtrace for this error:

Program received signal SIGFPE: Floating-point exception - erroneous arithmetic operation.

Backtrace for this error:

Program received signal SIGFPE: Floating-point exception - erroneous arithmetic operation.

Backtrace for this error:

Program received signal SIGFPE: Floating-point exception - erroneous arithmetic operation.

Backtrace for this error:

Program received signal SIGFPE: Floating-point exception - erroneous arithmetic operation.

Backtrace for this error:

Program received signal SIGFPE: Floating-point exception - erroneous arithmetic operation.

Backtrace for this error:

Program received signal SIGFPE: Floating-point exception - erroneous arithmetic operation.

Backtrace for this error:
#0  0x7f8e8554732a
#1  0x7f8e85546503
#2  0x7f8e84bc403f
#3  0x556b347d2371
#4  0x556b347d4209
#5  0x556b347c49d3
#6  0x556b347c168e
#7  0x7f8e84ba6bf6
#8  0x556b347c16c9
#9  0xffffffffffffffff
#0  0x7fd367ee032a
#1  0x7fd367edf503
#2  0x7fd36755d03f
#3  0x55fc14ac3371
#4  0x55fc14ac5209
#5  0x55fc14ab59d3
#6  0x55fc14ab268e
#7  0x7fd36753fbf6
#8  0x55fc14ab26c9
#9  0xffffffffffffffff
#0  0x7f473cdb032a
#1  0x7f473cdaf503
#2  0x7f473c42d03f
#3  0x55c5dff54371
#4  0x55c5dff56209
#5  0x55c5dff469d3
#6  0x55c5dff4368e
#7  0x7f473c40fbf6
#8  0x55c5dff436c9
#9  0xffffffffffffffff
#0  0x7fb2b9a1d32a
#1  0x7fb2b9a1c503
#2  0x7fb2b909a03f
#3  0x561bd61b5371
#4  0x561bd61b7209
#5  0x561bd61a79d3
#6  0x561bd61a468e
#7  0x7fb2b907cbf6
#8  0x561bd61a46c9
#9  0xffffffffffffffff
#0  0x7ff582bea32a
#1  0x7ff582be9503
#2  0x7ff58226703f
#3  0x5562183dd371
#4  0x5562183df209
#5  0x5562183cf9d3
#6  0x5562183cc68e
#7  0x7ff582249bf6
#8  0x5562183cc6c9
#9  0xffffffffffffffff
#0  0x7f1d4e94332a
#1  0x7f1d4e942503
#2  0x7f1d4dfc003f
#3  0x558121e02371
#4  0x558121e04209
#5  0x558121df49d3
#6  0x558121df168e
#7  0x7f1d4dfa2bf6
#8  0x558121df16c9
#9  0xffffffffffffffff
#0  0x7f249868932a
#1  0x7f2498688503
#2  0x7f2497d0603f
#3  0x5599414f3371
#4  0x5599414f5209
#5  0x5599414e59d3
#6  0x5599414e268e
#7  0x7f2497ce8bf6
#8  0x5599414e26c9
#9  0xffffffffffffffff
#0  0x7fda97b3232a
#1  0x7fda97b31503
#2  0x7fda971af03f
#3  0x5632953b5371
#4  0x5632953b7209
#5  0x5632953a79d3
#6  0x5632953a468e
#7  0x7fda97191bf6
#8  0x5632953a46c9
#9  0xffffffffffffffff
#0  0x7f152402332a
#1  0x7f1524022503
#2  0x7f15236a003f
#3  0x559f02350371
#4  0x559f02352209
#5  0x559f023429d3
#6  0x559f0233f68e
#7  0x7f1523682bf6
#8  0x559f0233f6c9
#9  0xffffffffffffffff
#0  0x7f44dc2df32a
#1  0x7f44dc2de503
#2  0x7f44db95c03f
#3  0x56116525c371
#4  0x56116525e209
#5  0x56116524e9d3
#6  0x56116524b68e
#7  0x7f44db93ebf6
#8  0x56116524b6c9
#9  0xffffffffffffffff
#0  0x7fe21be2532a
#1  0x7fe21be24503
#2  0x7fe21b4a203f
#3  0x55dbda1a9371
#4  0x55dbda1ab209
#5  0x55dbda19b9d3
#6  0x55dbda19868e
#7  0x7fe21b484bf6
#8  0x55dbda1986c9
#9  0xffffffffffffffff
#0  0x7fb02910632a
#1  0x7fb029105503
#2  0x7fb02878303f
#3  0x55ce48306371
#4  0x55ce48308209
#5  0x55ce482f89d3
#6  0x55ce482f568e
#7  0x7fb028765bf6
#8  0x55ce482f56c9
#9  0xffffffffffffffff
#0  0x7fd1ce47132a
#1  0x7fd1ce470503
#2  0x7fd1cdaee03f
#3  0x557fc84ed371
#4  0x557fc84ef209
#5  0x557fc84df9d3
#6  0x557fc84dc68e
#7  0x7fd1cdad0bf6
#8  0x557fc84dc6c9
#9  0xffffffffffffffff
#0  0x7fc4327f732a
#1  0x7fc4327f6503
#2  0x7fc431e7403f
#3  0x55cb61a45371
#4  0x55cb61a47209
#5  0x55cb61a379d3
#6  0x55cb61a3468e
#7  0x7fc431e56bf6
#8  0x55cb61a346c9
#9  0xffffffffffffffff
#0  0x7f7f269c932a
#1  0x7f7f269c8503
#2  0x7f7f2604603f
#3  0x5652ac455371
#4  0x5652ac457209
#5  0x5652ac4479d3
#6  0x5652ac44468e
#7  0x7f7f26028bf6
#8  0x5652ac4446c9
#9  0xffffffffffffffff
#0  0x7f991d0e332a
#1  0x7f991d0e2503
#2  0x7f991c76003f
#3  0x5559e9792371
#4  0x5559e9794209
#5  0x5559e97849d3
#6  0x5559e978168e
#7  0x7f991c742bf6
#8  0x5559e97816c9
#9  0xffffffffffffffff
--------------------------------------------------------------------------
mpirun noticed that process rank 4 with PID 29083 on node 172.31.14.166 exited on signal 8 (Floating point exception).
--------------------------------------------------------------------------
[ip-172-31-10-74:20546] 15 more processes have sent help message help-mpi-btl-base.txt / btl:no-nics
[ip-172-31-10-74:20546] Set MCA parameter "orte_base_help_aggregate" to 0 to see all help / error messages
Command exited with non-zero status 136
	Command being timed: "mpirun --hostfile /home/ubuntu/PI-Bench/ECP-Proxy-Apps/hostfile -n 16 ./nekbone"
	User time (seconds): 0.08
	System time (seconds): 0.03
	Percent of CPU this job got: 5%
	Elapsed (wall clock) time (h:mm:ss or m:ss): 0:01.98
	Average shared text size (kbytes): 0
	Average unshared data size (kbytes): 0
	Average stack size (kbytes): 0
	Average total size (kbytes): 0
	Maximum resident set size (kbytes): 19136
	Average resident set size (kbytes): 0
	Major (requiring I/O) page faults: 4
	Minor (reclaiming a frame) page faults: 5738
	Voluntary context switches: 957
	Involuntary context switches: 11
	Swaps: 0
	File system inputs: 0
	File system outputs: 16432
	Socket messages sent: 0
	Socket messages received: 0
	Signals delivered: 0
	Page size (bytes): 4096
	Exit status: 136
