--------------------------------------------------------------------------
[[32592,1],0]: A high-performance Open MPI point-to-point messaging module
was unable to find any relevant network interfaces:

Module: OpenFabrics (openib)
  Host: ip-172-31-0-185

Another transport will be used instead, although this may result in
lower performance.

NOTE: You can disable this warning by setting the MCA parameter
btl_base_warn_component_unused to 0.
--------------------------------------------------------------------------
Initializing redistribution using a pencil layout on 8 ranks.
distribution 1D: [8:1:1]
distribution 3D: [2:2:2]
distribution 2z: [4:2:1]
distribution 2x: [1:4:2]
distribution 2y: [4:1:2]
DFFT  init  max 9.643e-02s  avg 8.906e-02s  min 6.899e-02s  dev 1.127e-02s

Hex representations of double precision floats
0.000000e+00 = 0
1.000000e+00 = 3ff0000000000000
2097152.000000 = 4140000000000000

[PI-INFO] Init time,0,0.239119

TESTING 0

[PI-INFO] Init time,1,0.230615
[PI-INFO] Init time,6,0.230598
[PI-INFO] Init time,4,0.230442
[PI-INFO] Init time,5,0.231805
[PI-INFO] Init time,3,0.230667
[PI-INFO] Init time,7,0.230679
[PI-INFO] Init time,2,0.230690
DFFT  fd32  max 9.883e-03s  avg 8.588e-03s  min 7.017e-03s  dev 9.960e-04s
DFFT  f1dx  max 1.868e-03s  avg 1.253e-03s  min 8.954e-04s  dev 2.662e-04s
DFFT  fd23  max 9.024e-03s  avg 7.614e-03s  min 6.009e-03s  dev 1.070e-03s
DFFT  fd32  max 6.721e-03s  avg 5.534e-03s  min 4.263e-03s  dev 8.065e-04s
DFFT  f1dy  max 1.862e-03s  avg 1.296e-03s  min 9.799e-04s  dev 2.450e-04s
DFFT  fd23  max 7.555e-03s  avg 6.186e-03s  min 4.883e-03s  dev 9.302e-04s
DFFT  fd32  max 5.648e-03s  avg 4.833e-03s  min 4.004e-03s  dev 5.922e-04s
DFFT  f1dz  max 1.815e-03s  avg 1.301e-03s  min 1.003e-03s  dev 2.264e-04s
DFFT fdist  max 3.718e-02s  avg 3.275e-02s  min 2.659e-02s  dev 3.236e-03s
DFFT fdfft  max 5.545e-03s  avg 3.850e-03s  min 2.879e-03s  dev 7.323e-04s
FORWARD     max 4.992e-02s  avg 4.980e-02s  min 4.975e-02s  dev 5.494e-05s

k-space:
real in [1.000000e+00,1.000000e+00] = [3ff0000000000000,3ff0000000000000]
imag in [0.000000e+00,0.000000e+00] = [0,0]

DFFT  b1dz  max 1.750e-03s  avg 1.272e-03s  min 8.992e-04s  dev 2.153e-04s
DFFT  bd23  max 6.046e-03s  avg 5.230e-03s  min 4.154e-03s  dev 6.233e-04s
DFFT  bd32  max 6.695e-03s  avg 5.490e-03s  min 4.407e-03s  dev 7.541e-04s
DFFT  b1dy  max 1.758e-03s  avg 1.330e-03s  min 1.040e-03s  dev 1.880e-04s
DFFT  bd23  max 7.559e-03s  avg 6.188e-03s  min 4.845e-03s  dev 9.232e-04s
DFFT  bd32  max 8.085e-03s  avg 6.627e-03s  min 4.881e-03s  dev 1.020e-03s
DFFT  b1dx  max 1.744e-03s  avg 1.282e-03s  min 8.969e-04s  dev 2.215e-04s
DFFT  bd23  max 9.060e-03s  avg 7.764e-03s  min 6.225e-03s  dev 1.097e-03s
DFFT bdist  max 3.584e-02s  avg 3.130e-02s  min 2.487e-02s  dev 3.337e-03s
DFFT bdfft  max 5.252e-03s  avg 3.884e-03s  min 2.836e-03s  dev 6.175e-04s
BACKWARD    max 4.817e-02s  avg 4.813e-02s  min 4.810e-02s  dev 2.330e-05s

r-space:
a[0,0,0] = (2097152.000000,0.000000) = (4140000000000000,0)
real in [0.000000e+00,0.000000e+00] = [0,0]
imag in [0.000000e+00,0.000000e+00] = [0,0]

[PI-INFO] Paramount Iteration,0,1,0.340872,0.101753

TESTING 1

[PI-INFO] Paramount Iteration,5,1,0.333469,0.101664
[PI-INFO] Paramount Iteration,6,1,0.332275,0.101678
[PI-INFO] Paramount Iteration,4,1,0.332130,0.101688
[PI-INFO] Paramount Iteration,7,1,0.332361,0.101682
[PI-INFO] Paramount Iteration,2,1,0.332386,0.101696
[PI-INFO] Paramount Iteration,1,1,0.332350,0.101735
[PI-INFO] Paramount Iteration,3,1,0.332391,0.101724
DFFT  fd32  max 8.008e-03s  avg 6.630e-03s  min 4.818e-03s  dev 1.059e-03s
DFFT  f1dx  max 1.857e-03s  avg 1.276e-03s  min 9.439e-04s  dev 2.452e-04s
DFFT  fd23  max 9.069e-03s  avg 7.805e-03s  min 6.289e-03s  dev 1.091e-03s
DFFT  fd32  max 6.599e-03s  avg 5.497e-03s  min 4.218e-03s  dev 7.949e-04s
DFFT  f1dy  max 1.853e-03s  avg 1.292e-03s  min 9.856e-04s  dev 2.430e-04s
DFFT  fd23  max 7.668e-03s  avg 6.206e-03s  min 4.950e-03s  dev 9.262e-04s
DFFT  fd32  max 5.608e-03s  avg 4.869e-03s  min 4.056e-03s  dev 5.810e-04s
DFFT  f1dz  max 1.837e-03s  avg 1.298e-03s  min 9.766e-04s  dev 2.394e-04s
DFFT fdist  max 3.554e-02s  avg 3.101e-02s  min 2.473e-02s  dev 3.247e-03s
DFFT fdfft  max 5.547e-03s  avg 3.866e-03s  min 2.906e-03s  dev 7.206e-04s
FORWARD     max 4.792e-02s  avg 4.776e-02s  min 4.766e-02s  dev 8.451e-05s

k-space:
real in [1.000000e+00,1.000000e+00] = [3ff0000000000000,3ff0000000000000]
imag in [0.000000e+00,0.000000e+00] = [0,0]

DFFT  b1dz  max 1.749e-03s  avg 1.269e-03s  min 8.886e-04s  dev 2.175e-04s
DFFT  bd23  max 6.023e-03s  avg 5.183e-03s  min 4.172e-03s  dev 6.340e-04s
DFFT  bd32  max 6.715e-03s  avg 5.605e-03s  min 4.640e-03s  dev 7.453e-04s
DFFT  b1dy  max 1.766e-03s  avg 1.336e-03s  min 1.029e-03s  dev 1.943e-04s
DFFT  bd23  max 7.538e-03s  avg 6.250e-03s  min 4.998e-03s  dev 9.048e-04s
DFFT  bd32  max 8.210e-03s  avg 6.749e-03s  min 4.933e-03s  dev 1.043e-03s
DFFT  b1dx  max 1.751e-03s  avg 1.285e-03s  min 9.003e-04s  dev 2.223e-04s
DFFT  bd23  max 9.204e-03s  avg 7.790e-03s  min 5.991e-03s  dev 1.134e-03s
DFFT bdist  max 3.601e-02s  avg 3.158e-02s  min 2.482e-02s  dev 3.399e-03s
DFFT bdfft  max 5.266e-03s  avg 3.889e-03s  min 2.818e-03s  dev 6.254e-04s
BACKWARD    max 4.845e-02s  avg 4.842e-02s  min 4.838e-02s  dev 2.559e-05s

r-space:
a[0,0,0] = (2097152.000000,0.000000) = (4140000000000000,0)
real in [0.000000e+00,0.000000e+00] = [0,0]
imag in [0.000000e+00,0.000000e+00] = [0,0]

[PI-INFO] Paramount Iteration,0,2,0.440722,0.099850

TESTING 2

[PI-INFO] Paramount Iteration,5,2,0.433291,0.099822
[PI-INFO] Paramount Iteration,3,2,0.432192,0.099801
[PI-INFO] Paramount Iteration,7,2,0.432173,0.099812
[PI-INFO] Paramount Iteration,1,2,0.432175,0.099825
[PI-INFO] Paramount Iteration,6,2,0.432103,0.099828
[PI-INFO] Paramount Iteration,4,2,0.431980,0.099850
[PI-INFO] Paramount Iteration,2,2,0.432231,0.099845
DFFT  fd32  max 7.897e-03s  avg 6.664e-03s  min 5.034e-03s  dev 1.006e-03s
DFFT  f1dx  max 1.866e-03s  avg 1.283e-03s  min 9.234e-04s  dev 2.510e-04s
DFFT  fd23  max 9.057e-03s  avg 7.704e-03s  min 6.244e-03s  dev 1.037e-03s
DFFT  fd32  max 6.616e-03s  avg 5.498e-03s  min 4.287e-03s  dev 7.899e-04s
DFFT  f1dy  max 1.865e-03s  avg 1.313e-03s  min 1.046e-03s  dev 2.333e-04s
DFFT  fd23  max 7.625e-03s  avg 6.196e-03s  min 4.890e-03s  dev 9.195e-04s
DFFT  fd32  max 5.531e-03s  avg 4.763e-03s  min 3.975e-03s  dev 5.767e-04s
DFFT  f1dz  max 1.784e-03s  avg 1.278e-03s  min 9.620e-04s  dev 2.339e-04s
DFFT fdist  max 3.512e-02s  avg 3.082e-02s  min 2.490e-02s  dev 3.111e-03s
DFFT fdfft  max 5.515e-03s  avg 3.874e-03s  min 2.932e-03s  dev 7.127e-04s
FORWARD     max 4.778e-02s  avg 4.763e-02s  min 4.754e-02s  dev 7.869e-05s

k-space:
real in [1.000000e+00,1.000000e+00] = [3ff0000000000000,3ff0000000000000]
imag in [0.000000e+00,0.000000e+00] = [0,0]

DFFT  b1dz  max 1.733e-03s  avg 1.244e-03s  min 8.375e-04s  dev 2.295e-04s
DFFT  bd23  max 5.915e-03s  avg 5.016e-03s  min 3.951e-03s  dev 6.191e-04s
DFFT  bd32  max 6.624e-03s  avg 5.421e-03s  min 4.253e-03s  dev 7.702e-04s
DFFT  b1dy  max 1.791e-03s  avg 1.337e-03s  min 1.008e-03s  dev 2.027e-04s
DFFT  bd23  max 7.494e-03s  avg 6.177e-03s  min 4.943e-03s  dev 9.033e-04s
DFFT  bd32  max 8.392e-03s  avg 6.754e-03s  min 5.057e-03s  dev 1.030e-03s
DFFT  b1dx  max 1.787e-03s  avg 1.306e-03s  min 9.044e-04s  dev 2.259e-04s
DFFT  bd23  max 9.250e-03s  avg 7.825e-03s  min 6.110e-03s  dev 1.116e-03s
DFFT bdist  max 3.572e-02s  avg 3.119e-02s  min 2.459e-02s  dev 3.429e-03s
DFFT bdfft  max 5.312e-03s  avg 3.887e-03s  min 2.749e-03s  dev 6.464e-04s
BACKWARD    max 4.847e-02s  avg 4.842e-02s  min 4.837e-02s  dev 3.355e-05s

r-space:
a[0,0,0] = (2097152.000000,0.000000) = (4140000000000000,0)
real in [0.000000e+00,0.000000e+00] = [0,0]
imag in [0.000000e+00,0.000000e+00] = [0,0]

[PI-INFO] Paramount Iteration,0,3,0.540515,0.099793

TESTING 3

[PI-INFO] Paramount Iteration,5,3,0.533115,0.099824
[PI-INFO] Paramount Iteration,6,3,0.531912,0.099809
[PI-INFO] Paramount Iteration,4,3,0.531771,0.099791
[PI-INFO] Paramount Iteration,2,3,0.532032,0.099801
[PI-INFO] Paramount Iteration,1,3,0.531993,0.099818
[PI-INFO] Paramount Iteration,3,3,0.532032,0.099840
[PI-INFO] Paramount Iteration,7,3,0.532003,0.099830
DFFT  fd32  max 7.987e-03s  avg 6.624e-03s  min 4.849e-03s  dev 1.035e-03s
DFFT  f1dx  max 1.861e-03s  avg 1.247e-03s  min 8.605e-04s  dev 2.725e-04s
DFFT  fd23  max 9.035e-03s  avg 7.603e-03s  min 6.225e-03s  dev 1.036e-03s
DFFT  fd32  max 6.615e-03s  avg 5.466e-03s  min 4.223e-03s  dev 7.962e-04s
DFFT  f1dy  max 1.844e-03s  avg 1.275e-03s  min 9.542e-04s  dev 2.537e-04s
DFFT  fd23  max 7.485e-03s  avg 6.065e-03s  min 4.788e-03s  dev 9.283e-04s
DFFT  fd32  max 5.518e-03s  avg 4.784e-03s  min 3.992e-03s  dev 5.617e-04s
DFFT  f1dz  max 1.836e-03s  avg 1.288e-03s  min 9.569e-04s  dev 2.479e-04s
DFFT fdist  max 3.528e-02s  avg 3.054e-02s  min 2.438e-02s  dev 3.232e-03s
DFFT fdfft  max 5.541e-03s  avg 3.810e-03s  min 2.772e-03s  dev 7.670e-04s
FORWARD     max 4.765e-02s  avg 4.751e-02s  min 4.740e-02s  dev 8.229e-05s

k-space:
real in [1.000000e+00,1.000000e+00] = [3ff0000000000000,3ff0000000000000]
imag in [0.000000e+00,0.000000e+00] = [0,0]

DFFT  b1dz  max 1.738e-03s  avg 1.271e-03s  min 8.618e-04s  dev 2.219e-04s
DFFT  bd23  max 5.957e-03s  avg 5.092e-03s  min 4.039e-03s  dev 6.179e-04s
DFFT  bd32  max 6.618e-03s  avg 5.480e-03s  min 4.402e-03s  dev 7.696e-04s
DFFT  b1dy  max 1.773e-03s  avg 1.337e-03s  min 1.036e-03s  dev 1.913e-04s
DFFT  bd23  max 7.608e-03s  avg 6.213e-03s  min 4.927e-03s  dev 9.224e-04s
DFFT  bd32  max 8.114e-03s  avg 6.648e-03s  min 4.787e-03s  dev 1.026e-03s
DFFT  b1dx  max 1.766e-03s  avg 1.260e-03s  min 8.692e-04s  dev 2.316e-04s
DFFT  bd23  max 9.186e-03s  avg 7.737e-03s  min 5.779e-03s  dev 1.159e-03s
DFFT bdist  max 3.571e-02s  avg 3.117e-02s  min 2.408e-02s  dev 3.509e-03s
DFFT bdfft  max 5.277e-03s  avg 3.869e-03s  min 2.767e-03s  dev 6.385e-04s
BACKWARD    max 4.816e-02s  avg 4.810e-02s  min 4.808e-02s  dev 2.816e-05s

r-space:
a[0,0,0] = (2097152.000000,0.000000) = (4140000000000000,0)
real in [0.000000e+00,0.000000e+00] = [0,0]
imag in [0.000000e+00,0.000000e+00] = [0,0]

[PI-INFO] Paramount Iteration,0,4,0.639908,0.099393

TESTING 4

[PI-INFO] Paramount Iteration,5,4,0.632523,0.099408
[PI-INFO] Paramount Iteration,1,4,0.631391,0.099398
[PI-INFO] Paramount Iteration,3,4,0.631435,0.099403
[PI-INFO] Paramount Iteration,4,4,0.631197,0.099426
[PI-INFO] Paramount Iteration,7,4,0.631423,0.099420
[PI-INFO] Paramount Iteration,2,4,0.631455,0.099423
[PI-INFO] Paramount Iteration,6,4,0.631360,0.099448
DFFT  fd32  max 7.890e-03s  avg 6.546e-03s  min 4.639e-03s  dev 1.043e-03s
DFFT  f1dx  max 1.884e-03s  avg 1.247e-03s  min 8.597e-04s  dev 2.800e-04s
DFFT  fd23  max 8.954e-03s  avg 7.555e-03s  min 6.094e-03s  dev 1.014e-03s
DFFT  fd32  max 6.516e-03s  avg 5.469e-03s  min 4.220e-03s  dev 7.625e-04s
DFFT  f1dy  max 1.839e-03s  avg 1.289e-03s  min 9.676e-04s  dev 2.463e-04s
DFFT  fd23  max 7.503e-03s  avg 6.131e-03s  min 4.808e-03s  dev 9.241e-04s
DFFT  fd32  max 5.573e-03s  avg 4.808e-03s  min 3.976e-03s  dev 5.561e-04s
DFFT  f1dz  max 1.895e-03s  avg 1.301e-03s  min 9.744e-04s  dev 2.592e-04s
DFFT fdist  max 3.505e-02s  avg 3.051e-02s  min 2.433e-02s  dev 3.196e-03s
DFFT fdfft  max 5.618e-03s  avg 3.837e-03s  min 2.802e-03s  dev 7.801e-04s
FORWARD     max 4.755e-02s  avg 4.739e-02s  min 4.730e-02s  dev 8.047e-05s

k-space:
real in [1.000000e+00,1.000000e+00] = [3ff0000000000000,3ff0000000000000]
imag in [0.000000e+00,0.000000e+00] = [0,0]

DFFT  b1dz  max 1.737e-03s  avg 1.256e-03s  min 8.676e-04s  dev 2.204e-04s
DFFT  bd23  max 5.969e-03s  avg 5.117e-03s  min 4.125e-03s  dev 5.955e-04s
DFFT  bd32  max 6.645e-03s  avg 5.508e-03s  min 4.427e-03s  dev 7.385e-04s
DFFT  b1dy  max 1.734e-03s  avg 1.324e-03s  min 1.041e-03s  dev 1.802e-04s
DFFT  bd23  max 7.572e-03s  avg 6.166e-03s  min 4.905e-03s  dev 9.233e-04s
DFFT  bd32  max 8.198e-03s  avg 6.725e-03s  min 4.940e-03s  dev 1.008e-03s
DFFT  b1dx  max 1.781e-03s  avg 1.287e-03s  min 9.264e-04s  dev 2.195e-04s
DFFT  bd23  max 9.229e-03s  avg 7.788e-03s  min 5.750e-03s  dev 1.161e-03s
DFFT bdist  max 3.582e-02s  avg 3.130e-02s  min 2.442e-02s  dev 3.428e-03s
DFFT bdfft  max 5.252e-03s  avg 3.867e-03s  min 2.835e-03s  dev 6.139e-04s
BACKWARD    max 4.837e-02s  avg 4.832e-02s  min 4.828e-02s  dev 2.977e-05s

r-space:
a[0,0,0] = (2097152.000000,0.000000) = (4140000000000000,0)
real in [0.000000e+00,0.000000e+00] = [0,0]
imag in [0.000000e+00,0.000000e+00] = [0,0]

[PI-INFO] Paramount Iteration,0,5,0.739391,0.099483

TESTING 5

[PI-INFO] Paramount Iteration,5,5,0.731995,0.099472
[PI-INFO] Paramount Iteration,1,5,0.730857,0.099466
[PI-INFO] Paramount Iteration,4,5,0.730677,0.099480
[PI-INFO] Paramount Iteration,7,5,0.730898,0.099475
[PI-INFO] Paramount Iteration,6,5,0.730844,0.099484
[PI-INFO] Paramount Iteration,3,5,0.730909,0.099474
[PI-INFO] Paramount Iteration,2,5,0.730939,0.099484
DFFT  fd32  max 7.875e-03s  avg 6.526e-03s  min 4.745e-03s  dev 1.021e-03s
DFFT  f1dx  max 1.852e-03s  avg 1.247e-03s  min 8.261e-04s  dev 2.810e-04s
DFFT  fd23  max 8.899e-03s  avg 7.584e-03s  min 5.811e-03s  dev 1.043e-03s
DFFT  fd32  max 6.537e-03s  avg 5.434e-03s  min 4.246e-03s  dev 7.608e-04s
DFFT  f1dy  max 1.828e-03s  avg 1.279e-03s  min 9.390e-04s  dev 2.517e-04s
DFFT  fd23  max 7.542e-03s  avg 6.106e-03s  min 4.792e-03s  dev 9.308e-04s
DFFT  fd32  max 5.516e-03s  avg 4.797e-03s  min 3.991e-03s  dev 5.624e-04s
DFFT  f1dz  max 1.796e-03s  avg 1.263e-03s  min 9.112e-04s  dev 2.503e-04s
DFFT fdist  max 3.488e-02s  avg 3.045e-02s  min 2.404e-02s  dev 3.271e-03s
DFFT fdfft  max 5.476e-03s  avg 3.789e-03s  min 2.676e-03s  dev 7.749e-04s
FORWARD     max 4.730e-02s  avg 4.716e-02s  min 4.703e-02s  dev 8.314e-05s

k-space:
real in [1.000000e+00,1.000000e+00] = [3ff0000000000000,3ff0000000000000]
imag in [0.000000e+00,0.000000e+00] = [0,0]

DFFT  b1dz  max 1.752e-03s  avg 1.248e-03s  min 8.380e-04s  dev 2.383e-04s
DFFT  bd23  max 5.922e-03s  avg 5.065e-03s  min 4.098e-03s  dev 6.004e-04s
DFFT  bd32  max 6.621e-03s  avg 5.477e-03s  min 4.390e-03s  dev 7.546e-04s
DFFT  b1dy  max 1.787e-03s  avg 1.317e-03s  min 1.017e-03s  dev 1.997e-04s
DFFT  bd23  max 7.651e-03s  avg 6.204e-03s  min 4.930e-03s  dev 9.373e-04s
DFFT  bd32  max 8.492e-03s  avg 6.810e-03s  min 4.841e-03s  dev 1.092e-03s
DFFT  b1dx  max 1.771e-03s  avg 1.283e-03s  min 9.078e-04s  dev 2.226e-04s
DFFT  bd23  max 9.208e-03s  avg 7.815e-03s  min 5.850e-03s  dev 1.142e-03s
DFFT bdist  max 3.602e-02s  avg 3.137e-02s  min 2.433e-02s  dev 3.546e-03s
DFFT bdfft  max 5.310e-03s  avg 3.848e-03s  min 2.763e-03s  dev 6.479e-04s
BACKWARD    max 4.849e-02s  avg 4.846e-02s  min 4.842e-02s  dev 2.804e-05s

r-space:
a[0,0,0] = (2097152.000000,0.000000) = (4140000000000000,0)
real in [0.000000e+00,0.000000e+00] = [0,0]
imag in [0.000000e+00,0.000000e+00] = [0,0]

[PI-INFO] Paramount Iteration,0,6,0.838722,0.099331

TESTING 6

[PI-INFO] Paramount Iteration,6,6,0.830156,0.099312
[PI-INFO] Paramount Iteration,3,6,0.830229,0.099320
[PI-INFO] Paramount Iteration,5,6,0.831375,0.099380
[PI-INFO] Paramount Iteration,1,6,0.830237,0.099380
[PI-INFO] Paramount Iteration,4,6,0.830011,0.099334
[PI-INFO] Paramount Iteration,7,6,0.830238,0.099340
[PI-INFO] Paramount Iteration,2,6,0.830265,0.099326
DFFT  fd32  max 8.014e-03s  avg 6.559e-03s  min 4.613e-03s  dev 1.067e-03s
DFFT  f1dx  max 1.855e-03s  avg 1.255e-03s  min 8.295e-04s  dev 2.798e-04s
DFFT  fd23  max 9.236e-03s  avg 7.826e-03s  min 5.749e-03s  dev 1.151e-03s
DFFT  fd32  max 6.585e-03s  avg 5.485e-03s  min 4.203e-03s  dev 7.979e-04s
DFFT  f1dy  max 1.856e-03s  avg 1.287e-03s  min 9.780e-04s  dev 2.451e-04s
DFFT  fd23  max 7.533e-03s  avg 6.164e-03s  min 4.948e-03s  dev 9.032e-04s
DFFT  fd32  max 5.585e-03s  avg 4.870e-03s  min 4.124e-03s  dev 5.855e-04s
DFFT  f1dz  max 1.843e-03s  avg 1.297e-03s  min 9.385e-04s  dev 2.474e-04s
DFFT fdist  max 3.549e-02s  avg 3.090e-02s  min 2.411e-02s  dev 3.340e-03s
DFFT fdfft  max 5.554e-03s  avg 3.839e-03s  min 2.746e-03s  dev 7.677e-04s
FORWARD     max 4.803e-02s  avg 4.790e-02s  min 4.777e-02s  dev 7.698e-05s

k-space:
real in [1.000000e+00,1.000000e+00] = [3ff0000000000000,3ff0000000000000]
imag in [0.000000e+00,0.000000e+00] = [0,0]

DFFT  b1dz  max 1.727e-03s  avg 1.260e-03s  min 9.038e-04s  dev 2.087e-04s
DFFT  bd23  max 5.971e-03s  avg 5.161e-03s  min 4.157e-03s  dev 6.097e-04s
DFFT  bd32  max 6.706e-03s  avg 5.543e-03s  min 4.455e-03s  dev 7.660e-04s
DFFT  b1dy  max 1.768e-03s  avg 1.328e-03s  min 1.039e-03s  dev 1.892e-04s
DFFT  bd23  max 7.489e-03s  avg 6.139e-03s  min 4.932e-03s  dev 8.783e-04s
DFFT  bd32  max 7.937e-03s  avg 6.589e-03s  min 5.064e-03s  dev 9.642e-04s
DFFT  b1dx  max 1.776e-03s  avg 1.298e-03s  min 9.428e-04s  dev 2.244e-04s
DFFT  bd23  max 9.109e-03s  avg 7.815e-03s  min 6.326e-03s  dev 1.072e-03s
DFFT bdist  max 3.564e-02s  avg 3.125e-02s  min 2.519e-02s  dev 3.186e-03s
DFFT bdfft  max 5.270e-03s  avg 3.886e-03s  min 2.886e-03s  dev 6.141e-04s
BACKWARD    max 4.803e-02s  avg 4.796e-02s  min 4.791e-02s  dev 3.866e-05s

r-space:
a[0,0,0] = (2097152.000000,0.000000) = (4140000000000000,0)
real in [0.000000e+00,0.000000e+00] = [0,0]
imag in [0.000000e+00,0.000000e+00] = [0,0]

[PI-INFO] Paramount Iteration,0,7,0.938395,0.099673

TESTING 7

[PI-INFO] Paramount Iteration,5,7,0.930979,0.099604
[PI-INFO] Paramount Iteration,1,7,0.929852,0.099615
[PI-INFO] Paramount Iteration,3,7,0.929899,0.099670
[PI-INFO] Paramount Iteration,7,7,0.929869,0.099631
[PI-INFO] Paramount Iteration,6,7,0.929822,0.099666
[PI-INFO] Paramount Iteration,4,7,0.929659,0.099648
[PI-INFO] Paramount Iteration,2,7,0.929956,0.099691
DFFT  fd32  max 7.953e-03s  avg 6.646e-03s  min 4.878e-03s  dev 1.017e-03s
DFFT  f1dx  max 1.827e-03s  avg 1.261e-03s  min 8.598e-04s  dev 2.592e-04s
DFFT  fd23  max 9.119e-03s  avg 7.702e-03s  min 6.140e-03s  dev 1.072e-03s
DFFT  fd32  max 6.669e-03s  avg 5.596e-03s  min 4.362e-03s  dev 7.740e-04s
DFFT  f1dy  max 1.843e-03s  avg 1.317e-03s  min 1.047e-03s  dev 2.219e-04s
DFFT  fd23  max 7.711e-03s  avg 6.270e-03s  min 4.973e-03s  dev 9.432e-04s
DFFT  fd32  max 5.483e-03s  avg 4.886e-03s  min 4.121e-03s  dev 5.590e-04s
DFFT  f1dz  max 1.820e-03s  avg 1.291e-03s  min 9.896e-04s  dev 2.320e-04s
DFFT fdist  max 3.560e-02s  avg 3.110e-02s  min 2.490e-02s  dev 3.233e-03s
DFFT fdfft  max 5.490e-03s  avg 3.869e-03s  min 2.897e-03s  dev 7.059e-04s
FORWARD     max 4.808e-02s  avg 4.790e-02s  min 4.783e-02s  dev 7.882e-05s

k-space:
real in [1.000000e+00,1.000000e+00] = [3ff0000000000000,3ff0000000000000]
imag in [0.000000e+00,0.000000e+00] = [0,0]

DFFT  b1dz  max 1.789e-03s  avg 1.284e-03s  min 9.278e-04s  dev 2.203e-04s
DFFT  bd23  max 5.973e-03s  avg 5.140e-03s  min 4.091e-03s  dev 6.092e-04s
DFFT  bd32  max 6.698e-03s  avg 5.528e-03s  min 4.468e-03s  dev 7.392e-04s
DFFT  b1dy  max 1.786e-03s  avg 1.336e-03s  min 1.075e-03s  dev 1.948e-04s
DFFT  bd23  max 7.541e-03s  avg 6.218e-03s  min 4.996e-03s  dev 8.692e-04s
DFFT  bd32  max 8.080e-03s  avg 6.654e-03s  min 4.951e-03s  dev 9.967e-04s
DFFT  b1dx  max 1.764e-03s  avg 1.280e-03s  min 9.294e-04s  dev 2.209e-04s
DFFT  bd23  max 9.084e-03s  avg 7.722e-03s  min 5.925e-03s  dev 1.117e-03s
DFFT bdist  max 3.569e-02s  avg 3.126e-02s  min 2.477e-02s  dev 3.288e-03s
DFFT bdfft  max 5.339e-03s  avg 3.900e-03s  min 2.932e-03s  dev 6.242e-04s
BACKWARD    max 4.816e-02s  avg 4.815e-02s  min 4.810e-02s  dev 1.754e-05s

r-space:
a[0,0,0] = (2097152.000000,0.000000) = (4140000000000000,0)
real in [0.000000e+00,0.000000e+00] = [0,0]
imag in [0.000000e+00,0.000000e+00] = [0,0]

[PI-INFO] Paramount Iteration,0,8,1.038240,0.099845

TESTING 8

[PI-INFO] Paramount Iteration,5,8,1.030868,0.099889
[PI-INFO] Paramount Iteration,6,8,1.029673,0.099851
[PI-INFO] Paramount Iteration,4,8,1.029515,0.099856
[PI-INFO] Paramount Iteration,3,8,1.029806,0.099907
[PI-INFO] Paramount Iteration,7,8,1.029783,0.099914
[PI-INFO] Paramount Iteration,2,8,1.029806,0.099850
[PI-INFO] Paramount Iteration,1,8,1.029756,0.099904
DFFT  fd32  max 7.872e-03s  avg 6.548e-03s  min 4.786e-03s  dev 1.013e-03s
DFFT  f1dx  max 1.860e-03s  avg 1.270e-03s  min 8.957e-04s  dev 2.588e-04s
DFFT  fd23  max 8.895e-03s  avg 7.665e-03s  min 6.135e-03s  dev 9.978e-04s
DFFT  fd32  max 6.464e-03s  avg 5.436e-03s  min 4.206e-03s  dev 7.644e-04s
DFFT  f1dy  max 1.816e-03s  avg 1.284e-03s  min 9.767e-04s  dev 2.343e-04s
DFFT  fd23  max 7.610e-03s  avg 6.234e-03s  min 5.003e-03s  dev 9.161e-04s
DFFT  fd32  max 5.506e-03s  avg 4.739e-03s  min 3.890e-03s  dev 5.606e-04s
DFFT  f1dz  max 1.820e-03s  avg 1.290e-03s  min 9.471e-04s  dev 2.390e-04s
DFFT fdist  max 3.470e-02s  avg 3.062e-02s  min 2.443e-02s  dev 3.100e-03s
DFFT fdfft  max 5.495e-03s  avg 3.844e-03s  min 2.820e-03s  dev 7.277e-04s
FORWARD     max 4.738e-02s  avg 4.719e-02s  min 4.710e-02s  dev 8.151e-05s

k-space:
real in [1.000000e+00,1.000000e+00] = [3ff0000000000000,3ff0000000000000]
imag in [0.000000e+00,0.000000e+00] = [0,0]

DFFT  b1dz  max 1.776e-03s  avg 1.263e-03s  min 8.459e-04s  dev 2.358e-04s
DFFT  bd23  max 5.964e-03s  avg 5.166e-03s  min 4.178e-03s  dev 5.894e-04s
DFFT  bd32  max 6.556e-03s  avg 5.496e-03s  min 4.525e-03s  dev 7.475e-04s
DFFT  b1dy  max 1.732e-03s  avg 1.290e-03s  min 9.713e-04s  dev 1.941e-04s
DFFT  bd23  max 7.430e-03s  avg 6.105e-03s  min 4.841e-03s  dev 8.926e-04s
DFFT  bd32  max 8.111e-03s  avg 6.579e-03s  min 4.953e-03s  dev 9.998e-04s
DFFT  b1dx  max 1.764e-03s  avg 1.282e-03s  min 9.094e-04s  dev 2.188e-04s
DFFT  bd23  max 9.267e-03s  avg 7.909e-03s  min 6.277e-03s  dev 1.102e-03s
DFFT bdist  max 3.559e-02s  avg 3.126e-02s  min 2.494e-02s  dev 3.263e-03s
DFFT bdfft  max 5.272e-03s  avg 3.836e-03s  min 2.727e-03s  dev 6.440e-04s
BACKWARD    max 4.818e-02s  avg 4.810e-02s  min 4.805e-02s  dev 3.743e-05s

r-space:
a[0,0,0] = (2097152.000000,0.000000) = (4140000000000000,0)
real in [0.000000e+00,0.000000e+00] = [0,0]
imag in [0.000000e+00,0.000000e+00] = [0,0]

[PI-INFO] Paramount Iteration,0,9,1.137743,0.099503

TESTING 9

[PI-INFO] Paramount Iteration,6,9,1.129149,0.099476
[PI-INFO] Paramount Iteration,5,9,1.130363,0.099495
[PI-INFO] Paramount Iteration,3,9,1.129255,0.099449
[PI-INFO] Paramount Iteration,4,9,1.129005,0.099490
[PI-INFO] Paramount Iteration,7,9,1.129237,0.099454
[PI-INFO] Paramount Iteration,2,9,1.129269,0.099463
[PI-INFO] Paramount Iteration,1,9,1.129242,0.099486
DFFT  fd32  max 8.044e-03s  avg 6.822e-03s  min 5.155e-03s  dev 1.017e-03s
DFFT  f1dx  max 1.852e-03s  avg 1.262e-03s  min 8.955e-04s  dev 2.571e-04s
DFFT  fd23  max 9.144e-03s  avg 7.627e-03s  min 5.911e-03s  dev 1.042e-03s
DFFT  fd32  max 6.523e-03s  avg 5.413e-03s  min 4.253e-03s  dev 7.675e-04s
DFFT  f1dy  max 1.854e-03s  avg 1.291e-03s  min 9.921e-04s  dev 2.415e-04s
DFFT  fd23  max 7.530e-03s  avg 6.162e-03s  min 4.923e-03s  dev 8.910e-04s
DFFT  fd32  max 5.537e-03s  avg 4.759e-03s  min 3.996e-03s  dev 5.532e-04s
DFFT  f1dz  max 1.829e-03s  avg 1.283e-03s  min 9.019e-04s  dev 2.552e-04s
DFFT fdist  max 3.533e-02s  avg 3.078e-02s  min 2.464e-02s  dev 3.165e-03s
DFFT fdfft  max 5.535e-03s  avg 3.835e-03s  min 2.790e-03s  dev 7.462e-04s
FORWARD     max 4.780e-02s  avg 4.761e-02s  min 4.746e-02s  dev 9.827e-05s

k-space:
real in [1.000000e+00,1.000000e+00] = [3ff0000000000000,3ff0000000000000]
imag in [0.000000e+00,0.000000e+00] = [0,0]

DFFT  b1dz  max 1.733e-03s  avg 1.238e-03s  min 8.325e-04s  dev 2.297e-04s
DFFT  bd23  max 5.968e-03s  avg 5.311e-03s  min 4.198e-03s  dev 6.167e-04s
DFFT  bd32  max 6.684e-03s  avg 5.399e-03s  min 4.227e-03s  dev 8.154e-04s
DFFT  b1dy  max 1.767e-03s  avg 1.310e-03s  min 9.848e-04s  dev 2.000e-04s
DFFT  bd23  max 7.461e-03s  avg 6.126e-03s  min 4.822e-03s  dev 9.076e-04s
DFFT  bd32  max 8.153e-03s  avg 6.627e-03s  min 4.882e-03s  dev 1.013e-03s
DFFT  b1dx  max 1.742e-03s  avg 1.253e-03s  min 9.068e-04s  dev 2.190e-04s
DFFT  bd23  max 9.159e-03s  avg 7.758e-03s  min 6.022e-03s  dev 1.112e-03s
DFFT bdist  max 3.584e-02s  avg 3.122e-02s  min 2.443e-02s  dev 3.435e-03s
DFFT bdfft  max 5.241e-03s  avg 3.800e-03s  min 2.724e-03s  dev 6.397e-04s
BACKWARD    max 4.813e-02s  avg 4.811e-02s  min 4.809e-02s  dev 1.754e-05s

r-space:
a[0,0,0] = (2097152.000000,0.000000) = (4140000000000000,0)
real in [0.000000e+00,0.000000e+00] = [0,0]
imag in [0.000000e+00,0.000000e+00] = [0,0]

[PI-INFO] Paramount Iteration,0,10,1.237162,0.099419

TESTING a

[PI-INFO] Paramount Iteration,5,10,1.229769,0.099406
[PI-INFO] Paramount Iteration,1,10,1.228641,0.099399
[PI-INFO] Paramount Iteration,3,10,1.228675,0.099420
[PI-INFO] Paramount Iteration,4,10,1.228429,0.099424
[PI-INFO] Paramount Iteration,7,10,1.228662,0.099425
[PI-INFO] Paramount Iteration,6,10,1.228588,0.099439
[PI-INFO] Paramount Iteration,2,10,1.228734,0.099465
DFFT  fd32  max 8.030e-03s  avg 6.624e-03s  min 4.589e-03s  dev 1.079e-03s
DFFT  f1dx  max 1.875e-03s  avg 1.267e-03s  min 8.616e-04s  dev 2.731e-04s
DFFT  fd23  max 9.150e-03s  avg 7.713e-03s  min 6.049e-03s  dev 1.081e-03s
DFFT  fd32  max 6.626e-03s  avg 5.495e-03s  min 4.228e-03s  dev 8.008e-04s
DFFT  f1dy  max 1.866e-03s  avg 1.300e-03s  min 1.008e-03s  dev 2.410e-04s
DFFT  fd23  max 7.567e-03s  avg 6.192e-03s  min 4.975e-03s  dev 9.026e-04s
DFFT  fd32  max 5.617e-03s  avg 4.800e-03s  min 3.901e-03s  dev 5.678e-04s
DFFT  f1dz  max 1.825e-03s  avg 1.294e-03s  min 9.606e-04s  dev 2.415e-04s
DFFT fdist  max 3.534e-02s  avg 3.082e-02s  min 2.411e-02s  dev 3.394e-03s
DFFT fdfft  max 5.566e-03s  avg 3.862e-03s  min 2.830e-03s  dev 7.516e-04s
FORWARD     max 4.796e-02s  avg 4.782e-02s  min 4.775e-02s  dev 6.482e-05s

k-space:
real in [1.000000e+00,1.000000e+00] = [3ff0000000000000,3ff0000000000000]
imag in [0.000000e+00,0.000000e+00] = [0,0]

DFFT  b1dz  max 1.721e-03s  avg 1.249e-03s  min 8.505e-04s  dev 2.211e-04s
DFFT  bd23  max 5.919e-03s  avg 5.102e-03s  min 4.099e-03s  dev 6.007e-04s
DFFT  bd32  max 6.714e-03s  avg 5.508e-03s  min 4.491e-03s  dev 7.695e-04s
DFFT  b1dy  max 1.778e-03s  avg 1.329e-03s  min 1.034e-03s  dev 1.947e-04s
DFFT  bd23  max 7.502e-03s  avg 6.212e-03s  min 4.933e-03s  dev 8.732e-04s
DFFT  bd32  max 8.072e-03s  avg 6.655e-03s  min 4.983e-03s  dev 9.925e-04s
DFFT  b1dx  max 1.763e-03s  avg 1.320e-03s  min 9.220e-04s  dev 2.623e-04s
DFFT  bd23  max 9.152e-03s  avg 7.903e-03s  min 6.732e-03s  dev 1.054e-03s
DFFT bdist  max 3.558e-02s  avg 3.138e-02s  min 2.551e-02s  dev 3.141e-03s
DFFT bdfft  max 5.262e-03s  avg 3.898e-03s  min 2.807e-03s  dev 6.396e-04s
BACKWARD    max 4.786e-02s  avg 4.784e-02s  min 4.781e-02s  dev 1.390e-05s

r-space:
a[0,0,0] = (2097152.000000,0.000000) = (4140000000000000,0)
real in [0.000000e+00,0.000000e+00] = [0,0]
imag in [0.000000e+00,0.000000e+00] = [0,0]

[PI-INFO] Paramount Iteration,0,11,1.336571,0.099409

TESTING b

[PI-INFO] Paramount Iteration,5,11,1.329194,0.099425
[PI-INFO] Paramount Iteration,6,11,1.328001,0.099413
[PI-INFO] Paramount Iteration,3,11,1.328090,0.099415
[PI-INFO] Paramount Iteration,4,11,1.327844,0.099415
[PI-INFO] Paramount Iteration,7,11,1.328077,0.099415
[PI-INFO] Paramount Iteration,2,11,1.328123,0.099389
[PI-INFO] Paramount Iteration,1,11,1.328080,0.099439
DFFT  fd32  max 7.888e-03s  avg 6.624e-03s  min 4.791e-03s  dev 1.013e-03s
DFFT  f1dx  max 1.885e-03s  avg 1.260e-03s  min 8.622e-04s  dev 2.771e-04s
DFFT  fd23  max 8.842e-03s  avg 7.583e-03s  min 6.138e-03s  dev 9.884e-04s
DFFT  fd32  max 6.496e-03s  avg 5.472e-03s  min 4.295e-03s  dev 7.756e-04s
DFFT  f1dy  max 1.800e-03s  avg 1.300e-03s  min 1.064e-03s  dev 2.135e-04s
DFFT  fd23  max 7.564e-03s  avg 6.224e-03s  min 5.018e-03s  dev 8.977e-04s
DFFT  fd32  max 5.502e-03s  avg 4.710e-03s  min 3.784e-03s  dev 5.872e-04s
DFFT  f1dz  max 1.840e-03s  avg 1.287e-03s  min 9.427e-04s  dev 2.542e-04s
DFFT fdist  max 3.485e-02s  avg 3.061e-02s  min 2.426e-02s  dev 3.204e-03s
DFFT fdfft  max 5.526e-03s  avg 3.847e-03s  min 2.869e-03s  dev 7.363e-04s
FORWARD     max 4.739e-02s  avg 4.728e-02s  min 4.716e-02s  dev 6.945e-05s

k-space:
real in [1.000000e+00,1.000000e+00] = [3ff0000000000000,3ff0000000000000]
imag in [0.000000e+00,0.000000e+00] = [0,0]

DFFT  b1dz  max 1.748e-03s  avg 1.253e-03s  min 8.384e-04s  dev 2.367e-04s
DFFT  bd23  max 5.958e-03s  avg 5.122e-03s  min 4.061e-03s  dev 6.039e-04s
DFFT  bd32  max 6.786e-03s  avg 5.521e-03s  min 4.388e-03s  dev 8.060e-04s
DFFT  b1dy  max 1.760e-03s  avg 1.306e-03s  min 9.728e-04s  dev 2.006e-04s
DFFT  bd23  max 7.511e-03s  avg 6.119e-03s  min 4.827e-03s  dev 9.307e-04s
DFFT  bd32  max 8.378e-03s  avg 6.797e-03s  min 4.820e-03s  dev 1.056e-03s
DFFT  b1dx  max 1.756e-03s  avg 1.269e-03s  min 8.850e-04s  dev 2.233e-04s
DFFT  bd23  max 9.166e-03s  avg 7.723e-03s  min 5.801e-03s  dev 1.148e-03s
DFFT bdist  max 3.600e-02s  avg 3.128e-02s  min 2.408e-02s  dev 3.554e-03s
DFFT bdfft  max 5.263e-03s  avg 3.827e-03s  min 2.696e-03s  dev 6.534e-04s
BACKWARD    max 4.839e-02s  avg 4.835e-02s  min 4.830e-02s  dev 2.368e-05s

r-space:
a[0,0,0] = (2097152.000000,0.000000) = (4140000000000000,0)
real in [0.000000e+00,0.000000e+00] = [0,0]
imag in [0.000000e+00,0.000000e+00] = [0,0]

[PI-INFO] Paramount Iteration,0,12,1.435850,0.099279

TESTING c

[PI-INFO] Paramount Iteration,5,12,1.428458,0.099264
[PI-INFO] Paramount Iteration,1,12,1.427332,0.099252
[PI-INFO] Paramount Iteration,3,12,1.427362,0.099272
[PI-INFO] Paramount Iteration,4,12,1.427150,0.099306
[PI-INFO] Paramount Iteration,7,12,1.427366,0.099289
[PI-INFO] Paramount Iteration,6,12,1.427341,0.099340
[PI-INFO] Paramount Iteration,2,12,1.427418,0.099295
DFFT  fd32  max 7.978e-03s  avg 6.561e-03s  min 4.683e-03s  dev 1.041e-03s
DFFT  f1dx  max 1.865e-03s  avg 1.240e-03s  min 8.324e-04s  dev 2.798e-04s
DFFT  fd23  max 8.861e-03s  avg 7.519e-03s  min 5.814e-03s  dev 1.034e-03s
DFFT  fd32  max 6.619e-03s  avg 5.452e-03s  min 4.140e-03s  dev 7.994e-04s
DFFT  f1dy  max 1.809e-03s  avg 1.271e-03s  min 9.436e-04s  dev 2.412e-04s
DFFT  fd23  max 7.647e-03s  avg 6.166e-03s  min 4.851e-03s  dev 9.361e-04s
DFFT  fd32  max 5.634e-03s  avg 4.787e-03s  min 3.985e-03s  dev 5.691e-04s
DFFT  f1dz  max 1.896e-03s  avg 1.293e-03s  min 9.225e-04s  dev 2.738e-04s
DFFT fdist  max 3.523e-02s  avg 3.048e-02s  min 2.398e-02s  dev 3.302e-03s
DFFT fdfft  max 5.570e-03s  avg 3.804e-03s  min 2.698e-03s  dev 7.911e-04s
FORWARD     max 4.775e-02s  avg 4.762e-02s  min 4.752e-02s  dev 7.183e-05s

k-space:
real in [1.000000e+00,1.000000e+00] = [3ff0000000000000,3ff0000000000000]
imag in [0.000000e+00,0.000000e+00] = [0,0]

DFFT  b1dz  max 1.708e-03s  avg 1.253e-03s  min 8.571e-04s  dev 2.187e-04s
DFFT  bd23  max 5.880e-03s  avg 5.089e-03s  min 4.061e-03s  dev 6.054e-04s
DFFT  bd32  max 6.711e-03s  avg 5.502e-03s  min 4.437e-03s  dev 7.634e-04s
DFFT  b1dy  max 1.771e-03s  avg 1.332e-03s  min 1.047e-03s  dev 1.904e-04s
DFFT  bd23  max 7.424e-03s  avg 6.134e-03s  min 4.940e-03s  dev 8.641e-04s
DFFT  bd32  max 8.209e-03s  avg 6.644e-03s  min 4.871e-03s  dev 1.019e-03s
DFFT  b1dx  max 1.759e-03s  avg 1.266e-03s  min 9.012e-04s  dev 2.255e-04s
DFFT  bd23  max 9.034e-03s  avg 7.732e-03s  min 6.056e-03s  dev 1.081e-03s
DFFT bdist  max 3.550e-02s  avg 3.110e-02s  min 2.467e-02s  dev 3.299e-03s
DFFT bdfft  max 5.238e-03s  avg 3.850e-03s  min 2.805e-03s  dev 6.187e-04s
BACKWARD    max 4.786e-02s  avg 4.784e-02s  min 4.781e-02s  dev 1.585e-05s

r-space:
a[0,0,0] = (2097152.000000,0.000000) = (4140000000000000,0)
real in [0.000000e+00,0.000000e+00] = [0,0]
imag in [0.000000e+00,0.000000e+00] = [0,0]

[PI-INFO] Paramount Iteration,0,13,1.534935,0.099085

TESTING d

[PI-INFO] Paramount Iteration,5,13,1.527559,0.099101
[PI-INFO] Paramount Iteration,1,13,1.526405,0.099073
[PI-INFO] Paramount Iteration,3,13,1.526454,0.099092
[PI-INFO] Paramount Iteration,4,13,1.526238,0.099088
[PI-INFO] Paramount Iteration,7,13,1.526470,0.099104
[PI-INFO] Paramount Iteration,2,13,1.526504,0.099086
[PI-INFO] Paramount Iteration,6,13,1.526409,0.099068
DFFT  fd32  max 8.012e-03s  avg 6.577e-03s  min 4.677e-03s  dev 1.064e-03s
DFFT  f1dx  max 1.860e-03s  avg 1.250e-03s  min 8.422e-04s  dev 2.747e-04s
DFFT  fd23  max 9.359e-03s  avg 7.659e-03s  min 5.933e-03s  dev 1.118e-03s
DFFT  fd32  max 6.664e-03s  avg 5.470e-03s  min 4.170e-03s  dev 8.301e-04s
DFFT  f1dy  max 1.843e-03s  avg 1.291e-03s  min 9.485e-04s  dev 2.536e-04s
DFFT  fd23  max 7.632e-03s  avg 6.223e-03s  min 4.893e-03s  dev 9.502e-04s
DFFT  fd32  max 5.718e-03s  avg 4.835e-03s  min 3.946e-03s  dev 6.023e-04s
DFFT  f1dz  max 1.805e-03s  avg 1.288e-03s  min 9.900e-04s  dev 2.287e-04s
DFFT fdist  max 3.582e-02s  avg 3.076e-02s  min 2.396e-02s  dev 3.490e-03s
DFFT fdfft  max 5.508e-03s  avg 3.830e-03s  min 2.781e-03s  dev 7.512e-04s
FORWARD     max 4.819e-02s  avg 4.805e-02s  min 4.796e-02s  dev 7.495e-05s

k-space:
real in [1.000000e+00,1.000000e+00] = [3ff0000000000000,3ff0000000000000]
imag in [0.000000e+00,0.000000e+00] = [0,0]

DFFT  b1dz  max 1.747e-03s  avg 1.262e-03s  min 9.220e-04s  dev 2.148e-04s
DFFT  bd23  max 6.002e-03s  avg 5.115e-03s  min 4.139e-03s  dev 6.076e-04s
DFFT  bd32  max 6.641e-03s  avg 5.525e-03s  min 4.437e-03s  dev 7.485e-04s
DFFT  b1dy  max 1.774e-03s  avg 1.338e-03s  min 1.037e-03s  dev 1.927e-04s
DFFT  bd23  max 7.595e-03s  avg 6.171e-03s  min 4.919e-03s  dev 9.087e-04s
DFFT  bd32  max 8.153e-03s  avg 6.647e-03s  min 4.899e-03s  dev 1.009e-03s
DFFT  b1dx  max 1.762e-03s  avg 1.295e-03s  min 9.373e-04s  dev 2.210e-04s
DFFT  bd23  max 9.034e-03s  avg 7.813e-03s  min 6.300e-03s  dev 1.089e-03s
DFFT bdist  max 3.559e-02s  avg 3.127e-02s  min 2.497e-02s  dev 3.268e-03s
DFFT bdfft  max 5.283e-03s  avg 3.895e-03s  min 2.896e-03s  dev 6.139e-04s
BACKWARD    max 4.816e-02s  avg 4.812e-02s  min 4.807e-02s  dev 2.662e-05s

r-space:
a[0,0,0] = (2097152.000000,0.000000) = (4140000000000000,0)
real in [0.000000e+00,0.000000e+00] = [0,0]
imag in [0.000000e+00,0.000000e+00] = [0,0]

[PI-INFO] Paramount Iteration,0,14,1.634825,0.099890

TESTING e

[PI-INFO] Paramount Iteration,5,14,1.627442,0.099883
[PI-INFO] Paramount Iteration,3,14,1.626342,0.099888
[PI-INFO] Paramount Iteration,4,14,1.626128,0.099890
[PI-INFO] Paramount Iteration,7,14,1.626339,0.099869
[PI-INFO] Paramount Iteration,1,14,1.626331,0.099926
[PI-INFO] Paramount Iteration,6,14,1.626303,0.099894
[PI-INFO] Paramount Iteration,2,14,1.626389,0.099885
DFFT  fd32  max 8.022e-03s  avg 6.638e-03s  min 4.650e-03s  dev 1.069e-03s
DFFT  f1dx  max 1.866e-03s  avg 1.269e-03s  min 8.872e-04s  dev 2.650e-04s
DFFT  fd23  max 9.182e-03s  avg 7.720e-03s  min 6.208e-03s  dev 1.048e-03s
DFFT  fd32  max 6.845e-03s  avg 5.570e-03s  min 4.284e-03s  dev 8.282e-04s
DFFT  f1dy  max 1.813e-03s  avg 1.305e-03s  min 1.004e-03s  dev 2.236e-04s
DFFT  fd23  max 7.591e-03s  avg 6.244e-03s  min 4.957e-03s  dev 8.951e-04s
DFFT  fd32  max 5.538e-03s  avg 4.810e-03s  min 4.029e-03s  dev 5.662e-04s
DFFT  f1dz  max 1.791e-03s  avg 1.305e-03s  min 1.039e-03s  dev 2.140e-04s
DFFT fdist  max 3.536e-02s  avg 3.098e-02s  min 2.470e-02s  dev 3.244e-03s
DFFT fdfft  max 5.469e-03s  avg 3.879e-03s  min 2.931e-03s  dev 6.960e-04s
FORWARD     max 4.810e-02s  avg 4.796e-02s  min 4.791e-02s  dev 6.069e-05s

k-space:
real in [1.000000e+00,1.000000e+00] = [3ff0000000000000,3ff0000000000000]
imag in [0.000000e+00,0.000000e+00] = [0,0]

DFFT  b1dz  max 1.755e-03s  avg 1.279e-03s  min 9.194e-04s  dev 2.129e-04s
DFFT  bd23  max 6.054e-03s  avg 5.198e-03s  min 4.183e-03s  dev 6.054e-04s
DFFT  bd32  max 6.724e-03s  avg 5.523e-03s  min 4.460e-03s  dev 7.692e-04s
DFFT  b1dy  max 1.804e-03s  avg 1.338e-03s  min 1.040e-03s  dev 2.001e-04s
DFFT  bd23  max 7.483e-03s  avg 6.149e-03s  min 4.861e-03s  dev 9.120e-04s
DFFT  bd32  max 8.191e-03s  avg 6.672e-03s  min 4.830e-03s  dev 1.046e-03s
DFFT  b1dx  max 1.791e-03s  avg 1.291e-03s  min 9.241e-04s  dev 2.254e-04s
DFFT  bd23  max 9.095e-03s  avg 7.779e-03s  min 6.174e-03s  dev 1.091e-03s
DFFT bdist  max 3.584e-02s  avg 3.132e-02s  min 2.472e-02s  dev 3.397e-03s
DFFT bdfft  max 5.350e-03s  avg 3.908e-03s  min 2.883e-03s  dev 6.322e-04s
BACKWARD    max 4.852e-02s  avg 4.843e-02s  min 4.837e-02s  dev 4.163e-05s

r-space:
a[0,0,0] = (2097152.000000,0.000000) = (4140000000000000,0)
real in [0.000000e+00,0.000000e+00] = [0,0]
imag in [0.000000e+00,0.000000e+00] = [0,0]

[PI-INFO] Paramount Iteration,0,15,1.734908,0.100083
[PI-INFO] PI avg,0,0.099719,15
[PI-INFO] Beta,0,0.000005
[PI-INFO] Total time,1.734915
[PI-INFO] Paramount Iteration,5,15,1.727540,0.100098
[PI-INFO] PI avg,5,0.099716,15
[PI-INFO] Beta,5,0.000013
[PI-INFO] Paramount Iteration,2,15,1.726452,0.100063
[PI-INFO] PI avg,2,0.099717,15
[PI-INFO] Beta,2,0.000017
[PI-INFO] Paramount Iteration,1,15,1.726412,0.100081
[PI-INFO] PI avg,1,0.099720,15
[PI-INFO] Beta,1,0.000015
[PI-INFO] Paramount Iteration,6,15,1.726347,0.100044
[PI-INFO] PI avg,6,0.099717,15
[PI-INFO] Beta,6,0.000015
[PI-INFO] Paramount Iteration,3,15,1.726438,0.100096
[PI-INFO] PI avg,3,0.099718,15
[PI-INFO] Beta,3,0.000017
[PI-INFO] Paramount Iteration,4,15,1.726203,0.100075
[PI-INFO] PI avg,4,0.099717,15
[PI-INFO] Beta,4,0.000016
[PI-INFO] Paramount Iteration,7,15,1.726422,0.100083
[PI-INFO] PI avg,7,0.099716,15
[PI-INFO] Beta,7,0.000019
--------------------------------------------------------------------------
mpirun has exited due to process rank 0 with PID 0 on
node ip-172-31-0-185 exiting improperly. There are three reasons this could occur:

1. this process did not call "init" before exiting, but others in
the job did. This can cause a job to hang indefinitely while it waits
for all processes to call "init". By rule, if one process calls "init",
then ALL processes must call "init" prior to termination.

2. this process called "init", but exited without calling "finalize".
By rule, all processes that call "init" MUST call "finalize" prior to
exiting or it will be considered an "abnormal termination"

3. this process called "MPI_Abort" or "orte_abort" and the mca parameter
orte_create_session_dirs is set to false. In this case, the run-time cannot
detect that the abort call was an abnormal termination. Hence, the only
error message you will receive is this one.

This may have caused other processes in the application to be
terminated by signals sent by mpirun (as reported here).

You can avoid this message by specifying -quiet on the mpirun command line.
--------------------------------------------------------------------------
[ip-172-31-0-185:17602] 7 more processes have sent help message help-mpi-btl-base.txt / btl:no-nics
[ip-172-31-0-185:17602] Set MCA parameter "orte_base_help_aggregate" to 0 to see all help / error messages
Command exited with non-zero status 1
	Command being timed: "mpirun --hostfile /home/ubuntu/PI-Bench/ECP-Proxy-Apps/hostfile -n 8 ./build/TestDfft 1000 128"
	User time (seconds): 1.07
	System time (seconds): 0.61
	Percent of CPU this job got: 38%
	Elapsed (wall clock) time (h:mm:ss or m:ss): 0:04.42
	Average shared text size (kbytes): 0
	Average unshared data size (kbytes): 0
	Average stack size (kbytes): 0
	Average total size (kbytes): 0
	Maximum resident set size (kbytes): 28124
	Average resident set size (kbytes): 0
	Major (requiring I/O) page faults: 4
	Minor (reclaiming a frame) page faults: 8147
	Voluntary context switches: 1299
	Involuntary context switches: 107
	Swaps: 0
	File system inputs: 0
	File system outputs: 16488
	Socket messages sent: 0
	Socket messages received: 0
	Signals delivered: 0
	Page size (bytes): 4096
	Exit status: 1
