--------------------------------------------------------------------------
[[29031,1],0]: A high-performance Open MPI point-to-point messaging module
was unable to find any relevant network interfaces:

Module: OpenFabrics (openib)
  Host: ip-172-31-8-117

Another transport will be used instead, although this may result in
lower performance.

NOTE: You can disable this warning by setting the MCA parameter
btl_base_warn_component_unused to 0.
--------------------------------------------------------------------------
Average time to generate 50 random numbers using LCG (in s): 5.3565e-06

-------------------------------------------------------
Graph edge distribution characteristics
-------------------------------------------------------
Number of vertices: 100
Number of edges: 546
Maximum number of edges: 144
Average number of edges: 136.5
Expected value of X^2: 18688.5
Variance: 56.25
Standard deviation: 7.5
-------------------------------------------------------
Time to generate distributed graph of 100 vertices (in s): 0.00202461
[PI-INFO] Init time,0,0.128386
[PI-INFO] Init time,2,0.121092
[PI-INFO] Init time,1,0.120763
[PI-INFO] Init time,3,0.121020
[PI-INFO] Paramount Iteration,0,1,0.128883,0.000497
[PI-INFO] Paramount Iteration,3,1,0.121525,0.000505
[PI-INFO] Paramount Iteration,1,1,0.121274,0.000511
[PI-INFO] Paramount Iteration,2,1,0.121605,0.000513
[PI-INFO] Paramount Iteration,0,2,0.129350,0.000467
[PI-INFO] Paramount Iteration,2,2,0.122062,0.000457
[PI-INFO] Paramount Iteration,1,2,0.121730,0.000456
[PI-INFO] Paramount Iteration,3,2,0.121987,0.000462
[PI-INFO] Paramount Iteration,0,3,0.129777,0.000427
[PI-INFO] Paramount Iteration,2,3,0.122486,0.000424
[PI-INFO] Paramount Iteration,1,3,0.122153,0.000423
[PI-INFO] Paramount Iteration,3,3,0.122415,0.000428
[PI-INFO] Paramount Iteration,0,4,0.130195,0.000418
[PI-INFO] Paramount Iteration,1,4,0.122573,0.000420
[PI-INFO] Paramount Iteration,3,4,0.122834,0.000419
[PI-INFO] Paramount Iteration,2,4,0.122904,0.000418
[PI-INFO] Paramount Iteration,0,5,0.130606,0.000411
[PI-INFO] Paramount Iteration,2,5,0.123323,0.000419
[PI-INFO] Paramount Iteration,3,5,0.123251,0.000417
[PI-INFO] Paramount Iteration,1,5,0.122984,0.000411
[PI-INFO] Paramount Iteration,0,6,0.131037,0.000431
[PI-INFO] Paramount Iteration,3,6,0.123672,0.000421
[PI-INFO] Paramount Iteration,1,6,0.123410,0.000426
[PI-INFO] Paramount Iteration,2,6,0.123758,0.000435
[PI-INFO] Paramount Iteration,0,7,0.131453,0.000416
[PI-INFO] Paramount Iteration,3,7,0.124094,0.000422
[PI-INFO] Paramount Iteration,2,7,0.124161,0.000403
[PI-INFO] Paramount Iteration,1,7,0.123843,0.000433
[PI-INFO] Paramount Iteration,0,8,0.131874,0.000421
[PI-INFO] Paramount Iteration,2,8,0.124584,0.000423
[PI-INFO] Paramount Iteration,1,8,0.124250,0.000407
[PI-INFO] Paramount Iteration,3,8,0.124512,0.000418
[PI-INFO] Paramount Iteration,0,9,0.132288,0.000414
[PI-INFO] Paramount Iteration,2,9,0.124987,0.000403
[PI-INFO] Paramount Iteration,3,9,0.124926,0.000414
[PI-INFO] Paramount Iteration,1,9,0.124670,0.000420
[PI-INFO] Paramount Iteration,0,10,0.132690,0.000402
[PI-INFO] Paramount Iteration,3,10,0.125330,0.000404
[PI-INFO] Paramount Iteration,2,10,0.125415,0.000428
[PI-INFO] Paramount Iteration,1,10,0.125072,0.000402
-------------------------------------------------------
64-bit datatype
-------------------------------------------------------
Average total time (in s), #Processes: 0.00960091, 4
Modularity, #Iterations: 0.562761, 11
MODS (final modularity * average time): 0.00540302
-------------------------------------------------------
[PI-INFO] PI avg,0,0.000391,11
[PI-INFO] Beta,0,0.168458
[PI-INFO] Total time,0.133414
[PI-INFO] PI avg,2,0.000393,11
[PI-INFO] PI avg,1,0.000392,11
[PI-INFO] Beta,2,0.165398
[PI-INFO] PI avg,3,0.000392,11
[PI-INFO] Beta,3,0.176135
[PI-INFO] Beta,1,0.168695
[ip-172-31-8-117:17631] 3 more processes have sent help message help-mpi-btl-base.txt / btl:no-nics
[ip-172-31-8-117:17631] Set MCA parameter "orte_base_help_aggregate" to 0 to see all help / error messages
	Command being timed: "mpirun --hostfile /home/ubuntu/PI-Bench/ECP-Proxy-Apps/hostfile -n 4 ./miniVite -n 100"
	User time (seconds): 0.07
	System time (seconds): 0.02
	Percent of CPU this job got: 13%
	Elapsed (wall clock) time (h:mm:ss or m:ss): 0:00.78
	Average shared text size (kbytes): 0
	Average unshared data size (kbytes): 0
	Average stack size (kbytes): 0
	Average total size (kbytes): 0
	Maximum resident set size (kbytes): 19068
	Average resident set size (kbytes): 0
	Major (requiring I/O) page faults: 4
	Minor (reclaiming a frame) page faults: 4892
	Voluntary context switches: 901
	Involuntary context switches: 50
	Swaps: 0
	File system inputs: 0
	File system outputs: 16416
	Socket messages sent: 0
	Socket messages received: 0
	Signals delivered: 0
	Page size (bytes): 4096
	Exit status: 0
