--------------------------------------------------------------------------
[[49420,1],0]: A high-performance Open MPI point-to-point messaging module
was unable to find any relevant network interfaces:

Module: OpenFabrics (openib)
  Host: ip-172-31-15-13

Another transport will be used instead, although this may result in
lower performance.

NOTE: You can disable this warning by setting the MCA parameter
btl_base_warn_component_unused to 0.
--------------------------------------------------------------------------
 _________________________________________________________________
 
  PICSAR
 _________________________________________________________________
 Cartesian topology
 Processor subdivision is                     4                    2                    1

 
 SIMULATION PARAMETERS:
 Dimension:                    3
 dx, dy, dz:   2.0202020202020202E-007   2.0202020202020202E-007   2.0202020202020202E-007
 dt:   2.7234004870354126E-016 s  0.27234004516069787      fs
 Coefficient on dt determined via the CFL (dtcoef):      0.70000
 Total time:   15.286941766601061      plasma periods:   8.1702014611062384E-014 s
 Number of steps:                  300
 Tiles:                    1                    1                    1
 MPI com current:                    0
 Current deposition method:                    0
 Charge deposition algo:                    0
 Field gathering method:                    0
 Field gathering plus particle pusher seperated:                    0
 Current/field gathering order:                    2                    2                    2
 Particle communication: (partcom=1)
 Pusher: Boris algorithm (particle_pusher=0)
 Maxwell derivative coeff:   1.0000000000000000     
 MPI buffer size:                 2000
 
 Vector length current deposition                    8
 Vector length charge deposition                   64
 Vector length field gathering                  256
 
 PLASMA PROPERTIES:
 Distribution:                    1
 Density in the lab frame:   1.1000000000000000E+025 m^-3
 Density in the simulation frame:   1.1000000000000000E+025 m^-3
 Cold plasma frequency in the lab frame:   187106056556544.47      s^-1
 cold plasma wavelength:   1.0067293394853861E-005 m   10.067293394853861      um
 
 MPI domain decomposition
 Topology:                    0
 Local number of cells:   24    49    99
 Local number of grid point:   25    50   100
 Guard cells:    4     4     4
 
 Periodic field bcs X axis
 Periodic field bcs Y axis
 Periodic field bcs Z axis
 FDTD_SOLVER 
 Particle sorting activated
 dx:   1.0101010101010101E-007
 dy:   1.0101010101010101E-007
 dz:   1.0101010101010101E-007
 shiftx:  -1.0101010101010101E-007
 shifty:  -1.0101010101010101E-007
 shiftz:  -1.0101010101010101E-007
 
 Number of species:                    2
 laser_antenna
 Charge:   1.0000000000000000     
 Drift velocity:   0.0000000000000000        0.0000000000000000        0.0000000000000000     
 Sorting period:                    0
 Sorting start:                    0
 
 laser_antenna
 Charge:  -1.0000000000000000     
 Drift velocity:   0.0000000000000000        0.0000000000000000        0.0000000000000000     
 Sorting period:                    0
 Sorting start:                    0
 
 Output of time statistics non-activated
 Computation of the time statistics starts at iteration:    0

 No particle dump ( 0)

 Set tile split: done
 Initialization of the tile arrays: done
 number of cells per laser wavelength   2.8578838324886471     
 Laser Waist   3.0000000000000001E-006 m
 Laser duration   1.6678204759907605E-014  (in s)
 Laser duration   61.240367839042456       (in dt)
 Laser peak    0.0000000000000000      dt
 Laser longitudinal length   5.0000000000000004E-006 m
 Laser temporal frequency w_laser   1883651567308853.5      s^-1
 Laser temporal period   3.3356409519815201E-015 s
 Laser temporal period   12.248073567808488      dt
 Laser tau / laser period    5.0000000000000009     
 number of cells per laser wavelength   2.8578838324886471     
 LASER EMAX   3210701160308.8057        3210701160308.8057        0.0000000000000000     
 Creation of the particles: done
 Total memory (GB) for grid arrays   0.19105632000000000     
 Total memory (GB) for grid tile arrays    4.0940640000000000E-002
 Total memory (GB) for particle tile arrays   0.24839654400000000     
 Total memory (GB)  0.48039350400000003     
 Avg memory (GB) /MPI process    6.0049188000000003E-002

  Initilization of the diags
mkdir: cannot create directory ‘RESULTS’: File exists
rm: cannot remove 'RESULTS/*': No such file or directory
 Initialization of the temporal diagnostics
 Creation of the file                 ./RESULTS/kinE
 Creation of the file                  ./RESULTS/exE
 Creation of the file                  ./RESULTS/eyE
 Creation of the file                  ./RESULTS/ezE
 Creation of the file                  ./RESULTS/bxE
 Creation of the file                  ./RESULTS/byE
 Creation of the file                  ./RESULTS/bzE
 Creation of the file             ./RESULTS/divE-rho
 Creation of the file                  ./RESULTS/rho
 Creation of the file                 ./RESULTS/divE

 nsteps =                   300
[PI-INFO] Init time,0,0.174935
[PI-INFO] Init time,1,0.166328
[PI-INFO] Init time,6,0.167269
[PI-INFO] Init time,2,0.165740
[PI-INFO] Init time,3,0.166268
[PI-INFO] Init time,4,0.165824
[PI-INFO] Init time,5,0.166351
[PI-INFO] Init time,7,0.166355
 Write electric field ex
*** stack smashing detected ***: <unknown> terminated

Program received signal SIGABRT: Process abort signal.

Backtrace for this error:
*** stack smashing detected ***: <unknown> terminated
*** stack smashing detected ***: <unknown> terminated

Program received signal SIGABRT: Process abort signal.
*** stack smashing detected ***: <unknown> terminated
*** stack smashing detected ***: <unknown> terminated
*** stack smashing detected ***: <unknown> terminated

Program received signal SIGABRT: Process abort signal.

Program received signal SIGABRT: Process abort signal.

Backtrace for this error:
*** stack smashing detected ***: <unknown> terminated

Program received signal SIGABRT: Process abort signal.

Backtrace for this error:

Backtrace for this error:
*** stack smashing detected ***: <unknown> terminated

Program received signal SIGABRT: Process abort signal.

Backtrace for this error:

Program received signal SIGABRT: Process abort signal.

Backtrace for this error:

Backtrace for this error:

Program received signal SIGABRT: Process abort signal.

Backtrace for this error:
#0  0x7ff8a0d9d32a
#1  0x7ff8a0d9c503
#2  0x7ff8a063203f
#3  0x7ff8a0631fb7
#4  0x7ff8a0633920
#5  0x7ff8a067c966
#6  0x7ff8a0727b60
#7  0x7ff8a0727b21
#8  0x7ff889547c00
#9  0x7ff889548077
#10  0x7ff8895480e1
#11  0x7ff8a1201ba9
#12  0x7ff8a119e19f
#13  0x7ff8a11e68e6
#14  0x7ff8a149ebf8
#15  0x560ce8492ed3
#16  0x560ce849595a
#17  0x560ce8457dce
#18  0x560ce844fbc4
#19  0x560ce844fa3e
#20  0x7ff8a0614bf6
#21  0x560ce844fa79
#22  0xffffffffffffffff
#0  0x7f3d8d0cf32a
#1  0x7f3d8d0ce503
#2  0x7f3d8c96403f
#3  0x7f3d8c963fb7
#4  0x7f3d8c965920
#5  0x7f3d8c9ae966
#6  0x7f3d8ca59b60
#7  0x7f3d8ca59b21
#8  0x7f3d755ccc00
#9  0x7f3d755cd077
#10  0x7f3d755cd0e1
#11  0x7f3d8d533ba9
#12  0x7f3d8d4d019f
#13  0x7f3d8d5188e6
#14  0x7f3d8d7d0bf8
#15  0x55bc5f5aced3
#16  0x55bc5f5af95a
#17  0x55bc5f571dce
#18  0x55bc5f569bc4
#19  0x55bc5f569a3e
#20  0x7f3d8c946bf6
#21  0x55bc5f569a79
#22  0xffffffffffffffff
#0  0x7f34d7f9932a
#1  0x7f34d7f98503
#2  0x7f34d782e03f
#3  0x7f34d782dfb7
#4  0x7f34d782f920
#5  0x7f34d7878966
#6  0x7f34d7923b60
#7  0x7f34d7923b21
#8  0x7f34c0659c00
#9  0x7f34c065a077
#10  0x7f34c065a0e1
#11  0x7f34d83fdba9
#12  0x7f34d839a19f
#13  0x7f34d83e28e6
#0  0x7f7b5342232a
#1  0x7f7b53421503
#2  0x7f7b52cb703f
#3  0x7f7b52cb6fb7
#4  0x7f7b52cb8920
#5  0x7f7b52d01966
#6  0x7f7b52dacb60
#7  0x7f7b52dacb21
#8  0x7f7b3b902c00
#9  0x7f7b3b903077
#10  0x7f7b3b9030e1
#11  0x7f7b53886ba9
#0  0x7f0510e3432a
#1  0x7f0510e33503
#2  0x7f05106c903f
#3  0x7f05106c8fb7
#4  0x7f05106ca920
#5  0x7f0510713966
#6  0x7f05107beb60
#7  0x7f05107beb21
#8  0x7f04f92dfc00
#9  0x7f04f92e0077
#10  0x7f04f92e00e1
#11  0x7f0511298ba9
#12  0x7f051123519f
#13  0x7f051127d8e6
#14  0x7f0511535bf8
#15  0x558a749deed3
#14  0x7f34d869abf8
#15  0x5602eb2aeed3
#16  0x5602eb2b195a
#17  0x5602eb273dce
#18  0x5602eb26bbc4
#19  0x5602eb26ba3e
#20  0x7f34d7810bf6
#21  0x5602eb26ba79
#22  0xffffffffffffffff
#0  0x7f63f949b32a
#1  0x7f63f949a503
#2  0x7f63f8d3003f
#3  0x7f63f8d2ffb7
#4  0x7f63f8d31920
#5  0x7f63f8d7a966
#6  0x7f63f8e25b60
#7  0x7f63f8e25b21
#8  0x7f63e1b72c00
#9  0x7f63e1b73077
#10  0x7f63e1b730e1
#11  0x7f63f98ffba9
#12  0x7f63f989c19f
#13  0x7f63f98e48e6
#0  0x7eff12cbd32a
#1  0x7eff12cbc503
#2  0x7eff1255203f
#3  0x7eff12551fb7
#4  0x7eff12553920
#5  0x7eff1259c966
#6  0x7eff12647b60
#7  0x7eff12647b21
#8  0x7efefb2edc00
#9  0x7efefb2ee077
#10  0x7efefb2ee0e1
#11  0x7eff13121ba9
#12  0x7eff130be19f
#13  0x7eff131068e6
#14  0x7eff133bebf8
#0  0x7f7a1d07032a
#1  0x7f7a1d06f503
#2  0x7f7a1c90503f
#3  0x7f7a1c904fb7
#4  0x7f7a1c906920
#5  0x7f7a1c94f966
#6  0x7f7a1c9fab60
#7  0x7f7a1c9fab21
#8  0x7f7a056eac00
#9  0x7f7a056eb077
#10  0x7f7a056eb0e1
#11  0x7f7a1d4d4ba9
#12  0x7f7a1d47119f
#13  0x7f7a1d4b98e6
#14  0x7f7a1d771bf8
#12  0x7f7b5382319f
#13  0x7f7b5386b8e6
#14  0x7f7b53b23bf8
#15  0x559ac122bed3
#16  0x559ac122e95a
#17  0x559ac11f0dce
#18  0x559ac11e8bc4
#19  0x559ac11e8a3e
#20  0x7f7b52c99bf6
#21  0x559ac11e8a79
#22  0xffffffffffffffff
#16  0x558a749e195a
#17  0x558a749a3dce
#18  0x558a7499bbc4
#19  0x558a7499ba3e
#20  0x7f05106abbf6
#21  0x558a7499ba79
#22  0xffffffffffffffff
#14  0x7f63f9b9cbf8
#15  0x5611985d9ed3
#16  0x5611985dc95a
#17  0x56119859edce
#18  0x561198596bc4
#19  0x561198596a3e
#20  0x7f63f8d12bf6
#21  0x561198596a79
#22  0xffffffffffffffff
#15  0x562412792ed3
#16  0x56241279595a
#17  0x562412757dce
#18  0x56241274fbc4
#19  0x56241274fa3e
#20  0x7eff12534bf6
#21  0x56241274fa79
#22  0xffffffffffffffff
#15  0x560f294e5ed3
#16  0x560f294e895a
#17  0x560f294aadce
#18  0x560f294a2bc4
#19  0x560f294a2a3e
#20  0x7f7a1c8e7bf6
#21  0x560f294a2a79
#22  0xffffffffffffffff
--------------------------------------------------------------------------
mpirun noticed that process rank 6 with PID 26774 on node 172.31.13.127 exited on signal 6 (Aborted).
--------------------------------------------------------------------------
[ip-172-31-15-13:19003] 7 more processes have sent help message help-mpi-btl-base.txt / btl:no-nics
[ip-172-31-15-13:19003] Set MCA parameter "orte_base_help_aggregate" to 0 to see all help / error messages
Command exited with non-zero status 134
	Command being timed: "mpirun --hostfile /home/ubuntu/PI-Bench/ECP-Proxy-Apps/hostfile -n 8 ./fortran_bin/picsar examples/example_decks_fortran/laser-8.pixr"
	User time (seconds): 0.10
	System time (seconds): 0.09
	Percent of CPU this job got: 9%
	Elapsed (wall clock) time (h:mm:ss or m:ss): 0:02.06
	Average shared text size (kbytes): 0
	Average unshared data size (kbytes): 0
	Average stack size (kbytes): 0
	Average total size (kbytes): 0
	Maximum resident set size (kbytes): 78212
	Average resident set size (kbytes): 0
	Major (requiring I/O) page faults: 4
	Minor (reclaiming a frame) page faults: 28104
	Voluntary context switches: 941
	Involuntary context switches: 12
	Swaps: 0
	File system inputs: 0
	File system outputs: 16440
	Socket messages sent: 0
	Socket messages received: 0
	Signals delivered: 0
	Page size (bytes): 4096
	Exit status: 134
