--------------------------------------------------------------------------
[[9606,1],9]: A high-performance Open MPI point-to-point messaging module
was unable to find any relevant network interfaces:

Module: OpenFabrics (openib)
  Host: ip-172-31-12-77

Another transport will be used instead, although this may result in
lower performance.

NOTE: You can disable this warning by setting the MCA parameter
btl_base_warn_component_unused to 0.
--------------------------------------------------------------------------
Initializing redistribution using a pencil layout on 32 ranks.
distribution 1D: [32:1:1]
distribution 3D: [4:4:2]
distribution 2z: [8:4:1]
distribution 2x: [1:8:4]
distribution 2y: [8:1:4]
DFFT  init  max 4.830e-02s  avg 4.795e-02s  min 4.737e-02s  dev 2.245e-04s

Hex representations of double precision floats
0.000000e+00 = 0
1.000000e+00 = 3ff0000000000000
2097152.000000 = 4140000000000000

[PI-INFO] Init time,0,0.187170

TESTING 0

[PI-INFO] Init time,9,0.193995
[PI-INFO] Init time,11,0.192438
[PI-INFO] Init time,25,0.191775
[PI-INFO] Init time,19,0.191822
[PI-INFO] Init time,13,0.191609
[PI-INFO] Init time,3,0.192082
[PI-INFO] Init time,2,0.192028
[PI-INFO] Init time,1,0.192079
[PI-INFO] Init time,7,0.192014
[PI-INFO] Init time,4,0.191963
[PI-INFO] Init time,12,0.191412
[PI-INFO] Init time,5,0.191691
[PI-INFO] Init time,18,0.192137
[PI-INFO] Init time,10,0.192090
[PI-INFO] Init time,24,0.192046
[PI-INFO] Init time,22,0.191658
[PI-INFO] Init time,21,0.191718
[PI-INFO] Init time,23,0.191447
[PI-INFO] Init time,26,0.191888
[PI-INFO] Init time,28,0.191944
[PI-INFO] Init time,6,0.191714
[PI-INFO] Init time,15,0.191831
[PI-INFO] Init time,20,0.191874
[PI-INFO] Init time,8,0.191690
[PI-INFO] Init time,17,0.191929
[PI-INFO] Init time,16,0.191659
[PI-INFO] Init time,14,0.191210
[PI-INFO] Init time,29,0.192052
[PI-INFO] Init time,30,0.192104
[PI-INFO] Init time,27,0.191828
[PI-INFO] Init time,31,0.191888
DFFT  fd32  max 4.989e-03s  avg 3.995e-03s  min 2.621e-03s  dev 7.894e-04s
DFFT  f1dx  max 3.579e-04s  avg 2.843e-04s  min 1.641e-04s  dev 3.784e-05s
DFFT  fd23  max 4.390e-03s  avg 3.167e-03s  min 1.560e-03s  dev 8.144e-04s
DFFT  fd32  max 4.774e-03s  avg 3.745e-03s  min 1.834e-03s  dev 8.449e-04s
DFFT  f1dy  max 4.236e-04s  avg 2.782e-04s  min 1.637e-04s  dev 3.897e-05s
DFFT  fd23  max 4.103e-03s  avg 2.982e-03s  min 1.494e-03s  dev 8.109e-04s
DFFT  fd32  max 2.448e-03s  avg 1.842e-03s  min 1.261e-03s  dev 3.345e-04s
DFFT  f1dz  max 3.791e-04s  avg 2.795e-04s  min 1.648e-04s  dev 3.631e-05s
DFFT fdist  max 1.975e-02s  avg 1.573e-02s  min 1.041e-02s  dev 2.386e-03s
DFFT fdfft  max 1.161e-03s  avg 8.420e-04s  min 4.926e-04s  dev 1.052e-04s
FORWARD     max 3.127e-02s  avg 3.118e-02s  min 3.111e-02s  dev 3.619e-05s

k-space:
real in [1.000000e+00,1.000000e+00] = [3ff0000000000000,3ff0000000000000]
imag in [0.000000e+00,0.000000e+00] = [0,0]

DFFT  b1dz  max 3.015e-04s  avg 2.239e-04s  min 1.641e-04s  dev 2.374e-05s
DFFT  bd23  max 2.231e-03s  avg 1.595e-03s  min 9.565e-04s  dev 3.453e-04s
DFFT  bd32  max 3.775e-03s  avg 2.883e-03s  min 1.352e-03s  dev 7.815e-04s
DFFT  b1dy  max 3.958e-04s  avg 2.775e-04s  min 1.618e-04s  dev 4.092e-05s
DFFT  bd23  max 3.820e-03s  avg 2.886e-03s  min 1.385e-03s  dev 7.969e-04s
DFFT  bd32  max 3.760e-03s  avg 2.900e-03s  min 1.495e-03s  dev 7.291e-04s
DFFT  b1dx  max 3.628e-04s  avg 2.742e-04s  min 1.599e-04s  dev 3.740e-05s
DFFT  bd23  max 4.077e-03s  avg 3.090e-03s  min 1.521e-03s  dev 7.674e-04s
DFFT bdist  max 1.762e-02s  avg 1.335e-02s  min 7.701e-03s  dev 2.310e-03s
DFFT bdfft  max 1.060e-03s  avg 7.756e-04s  min 4.858e-04s  dev 9.779e-05s
BACKWARD    max 2.811e-02s  avg 2.806e-02s  min 2.797e-02s  dev 3.208e-05s

r-space:
a[0,0,0] = (2097152.000000,0.000000) = (4140000000000000,0)
real in [0.000000e+00,0.000000e+00] = [0,0]
imag in [0.000000e+00,0.000000e+00] = [0,0]

[PI-INFO] Paramount Iteration,0,1,0.250390,0.063220

TESTING 1

[PI-INFO] Paramount Iteration,29,1,0.255191,0.063139
[PI-INFO] Paramount Iteration,9,1,0.257200,0.063205
[PI-INFO] Paramount Iteration,11,1,0.255635,0.063197
[PI-INFO] Paramount Iteration,7,1,0.255180,0.063166
[PI-INFO] Paramount Iteration,12,1,0.254600,0.063188
[PI-INFO] Paramount Iteration,5,1,0.254846,0.063155
[PI-INFO] Paramount Iteration,24,1,0.255236,0.063190
[PI-INFO] Paramount Iteration,21,1,0.254888,0.063171
[PI-INFO] Paramount Iteration,25,1,0.254962,0.063187
[PI-INFO] Paramount Iteration,19,1,0.255046,0.063224
[PI-INFO] Paramount Iteration,23,1,0.254612,0.063165
[PI-INFO] Paramount Iteration,28,1,0.255090,0.063146
[PI-INFO] Paramount Iteration,15,1,0.254983,0.063152
[PI-INFO] Paramount Iteration,13,1,0.254767,0.063158
[PI-INFO] Paramount Iteration,8,1,0.254886,0.063196
[PI-INFO] Paramount Iteration,14,1,0.254364,0.063154
[PI-INFO] Paramount Iteration,30,1,0.255244,0.063140
[PI-INFO] Paramount Iteration,27,1,0.255000,0.063172
[PI-INFO] Paramount Iteration,31,1,0.255000,0.063112
[PI-INFO] Paramount Iteration,3,1,0.255293,0.063211
[PI-INFO] Paramount Iteration,2,1,0.255221,0.063193
[PI-INFO] Paramount Iteration,1,1,0.255310,0.063231
[PI-INFO] Paramount Iteration,4,1,0.255154,0.063191
[PI-INFO] Paramount Iteration,18,1,0.255361,0.063224
[PI-INFO] Paramount Iteration,10,1,0.255282,0.063193
[PI-INFO] Paramount Iteration,22,1,0.254836,0.063178
[PI-INFO] Paramount Iteration,26,1,0.255100,0.063212
[PI-INFO] Paramount Iteration,6,1,0.254861,0.063147
[PI-INFO] Paramount Iteration,20,1,0.255059,0.063185
[PI-INFO] Paramount Iteration,17,1,0.255142,0.063213
[PI-INFO] Paramount Iteration,16,1,0.254887,0.063229
DFFT  fd32  max 3.927e-03s  avg 2.930e-03s  min 1.566e-03s  dev 7.648e-04s
DFFT  f1dx  max 3.626e-04s  avg 2.653e-04s  min 1.644e-04s  dev 3.933e-05s
DFFT  fd23  max 4.220e-03s  avg 3.116e-03s  min 1.602e-03s  dev 7.753e-04s
DFFT  fd32  max 3.865e-03s  avg 2.848e-03s  min 1.391e-03s  dev 8.127e-04s
DFFT  f1dy  max 3.764e-04s  avg 2.671e-04s  min 1.624e-04s  dev 3.215e-05s
DFFT  fd23  max 3.951e-03s  avg 2.907e-03s  min 1.400e-03s  dev 7.944e-04s
DFFT  fd32  max 2.236e-03s  avg 1.602e-03s  min 1.008e-03s  dev 3.541e-04s
DFFT  f1dz  max 3.557e-04s  avg 2.737e-04s  min 1.653e-04s  dev 3.260e-05s
DFFT fdist  max 1.758e-02s  avg 1.340e-02s  min 8.282e-03s  dev 2.275e-03s
DFFT fdfft  max 1.095e-03s  avg 8.062e-04s  min 4.921e-04s  dev 9.370e-05s
FORWARD     max 2.888e-02s  avg 2.884e-02s  min 2.879e-02s  dev 2.377e-05s

k-space:
real in [1.000000e+00,1.000000e+00] = [3ff0000000000000,3ff0000000000000]
imag in [0.000000e+00,0.000000e+00] = [0,0]

DFFT  b1dz  max 2.753e-04s  avg 2.222e-04s  min 1.618e-04s  dev 2.154e-05s
DFFT  bd23  max 2.208e-03s  avg 1.572e-03s  min 1.011e-03s  dev 3.394e-04s
DFFT  bd32  max 3.666e-03s  avg 2.847e-03s  min 1.414e-03s  dev 7.862e-04s
DFFT  b1dy  max 3.952e-04s  avg 2.769e-04s  min 1.580e-04s  dev 4.145e-05s
DFFT  bd23  max 3.843e-03s  avg 2.947e-03s  min 1.513e-03s  dev 8.190e-04s
DFFT  bd32  max 3.781e-03s  avg 2.889e-03s  min 1.476e-03s  dev 7.372e-04s
DFFT  b1dx  max 3.486e-04s  avg 2.709e-04s  min 1.609e-04s  dev 3.717e-05s
DFFT  bd23  max 3.985e-03s  avg 3.075e-03s  min 1.560e-03s  dev 7.626e-04s
DFFT bdist  max 1.721e-02s  avg 1.333e-02s  min 7.654e-03s  dev 2.395e-03s
DFFT bdfft  max 1.019e-03s  avg 7.700e-04s  min 4.808e-04s  dev 9.462e-05s
BACKWARD    max 2.813e-02s  avg 2.807e-02s  min 2.802e-02s  dev 2.935e-05s

r-space:
a[0,0,0] = (2097152.000000,0.000000) = (4140000000000000,0)
real in [0.000000e+00,0.000000e+00] = [0,0]
imag in [0.000000e+00,0.000000e+00] = [0,0]

[PI-INFO] Paramount Iteration,0,2,0.311108,0.060718

TESTING 2

[PI-INFO] Paramount Iteration,9,2,0.317855,0.060655
[PI-INFO] Paramount Iteration,29,2,0.315903,0.060712
[PI-INFO] Paramount Iteration,3,2,0.315970,0.060677
[PI-INFO] Paramount Iteration,2,2,0.315888,0.060667
[PI-INFO] Paramount Iteration,1,2,0.315985,0.060675
[PI-INFO] Paramount Iteration,11,2,0.316316,0.060681
[PI-INFO] Paramount Iteration,7,2,0.315855,0.060675
[PI-INFO] Paramount Iteration,4,2,0.315822,0.060668
[PI-INFO] Paramount Iteration,12,2,0.315283,0.060683
[PI-INFO] Paramount Iteration,5,2,0.315537,0.060691
[PI-INFO] Paramount Iteration,18,2,0.316021,0.060660
[PI-INFO] Paramount Iteration,10,2,0.315957,0.060675
[PI-INFO] Paramount Iteration,24,2,0.315963,0.060727
[PI-INFO] Paramount Iteration,22,2,0.315561,0.060725
[PI-INFO] Paramount Iteration,21,2,0.315611,0.060723
[PI-INFO] Paramount Iteration,25,2,0.315673,0.060711
[PI-INFO] Paramount Iteration,19,2,0.315738,0.060692
[PI-INFO] Paramount Iteration,23,2,0.315325,0.060713
[PI-INFO] Paramount Iteration,26,2,0.315818,0.060718
[PI-INFO] Paramount Iteration,28,2,0.315812,0.060722
[PI-INFO] Paramount Iteration,6,2,0.315550,0.060689
[PI-INFO] Paramount Iteration,15,2,0.315679,0.060696
[PI-INFO] Paramount Iteration,20,2,0.315777,0.060718
[PI-INFO] Paramount Iteration,13,2,0.315484,0.060717
[PI-INFO] Paramount Iteration,8,2,0.315606,0.060720
[PI-INFO] Paramount Iteration,17,2,0.315835,0.060693
[PI-INFO] Paramount Iteration,14,2,0.315071,0.060707
[PI-INFO] Paramount Iteration,30,2,0.315964,0.060720
[PI-INFO] Paramount Iteration,27,2,0.315679,0.060679
[PI-INFO] Paramount Iteration,31,2,0.315721,0.060721
[PI-INFO] Paramount Iteration,16,2,0.315612,0.060725
DFFT  fd32  max 3.793e-03s  avg 2.922e-03s  min 1.515e-03s  dev 7.532e-04s
DFFT  f1dx  max 3.835e-04s  avg 2.638e-04s  min 1.603e-04s  dev 3.688e-05s
DFFT  fd23  max 4.085e-03s  avg 3.103e-03s  min 1.483e-03s  dev 7.862e-04s
DFFT  fd32  max 3.869e-03s  avg 2.832e-03s  min 1.316e-03s  dev 7.987e-04s
DFFT  f1dy  max 3.766e-04s  avg 2.649e-04s  min 1.605e-04s  dev 3.503e-05s
DFFT  fd23  max 4.043e-03s  avg 2.958e-03s  min 1.368e-03s  dev 8.170e-04s
DFFT  fd32  max 2.208e-03s  avg 1.597e-03s  min 9.941e-04s  dev 3.536e-04s
DFFT  f1dz  max 3.735e-04s  avg 2.756e-04s  min 1.655e-04s  dev 3.212e-05s
DFFT fdist  max 1.757e-02s  avg 1.341e-02s  min 8.204e-03s  dev 2.302e-03s
DFFT fdfft  max 1.134e-03s  avg 8.043e-04s  min 4.863e-04s  dev 9.877e-05s
FORWARD     max 2.872e-02s  avg 2.856e-02s  min 2.848e-02s  dev 5.646e-05s

k-space:
real in [1.000000e+00,1.000000e+00] = [3ff0000000000000,3ff0000000000000]
imag in [0.000000e+00,0.000000e+00] = [0,0]

DFFT  b1dz  max 2.871e-04s  avg 2.218e-04s  min 1.616e-04s  dev 2.196e-05s
DFFT  bd23  max 2.145e-03s  avg 1.567e-03s  min 9.973e-04s  dev 3.404e-04s
DFFT  bd32  max 3.736e-03s  avg 2.900e-03s  min 1.400e-03s  dev 7.948e-04s
DFFT  b1dy  max 3.908e-04s  avg 2.780e-04s  min 1.604e-04s  dev 4.309e-05s
DFFT  bd23  max 3.931e-03s  avg 2.927e-03s  min 1.343e-03s  dev 7.877e-04s
DFFT  bd32  max 3.745e-03s  avg 2.908e-03s  min 1.469e-03s  dev 7.383e-04s
DFFT  b1dx  max 3.469e-04s  avg 2.688e-04s  min 1.601e-04s  dev 3.534e-05s
DFFT  bd23  max 3.952e-03s  avg 3.048e-03s  min 1.526e-03s  dev 7.577e-04s
DFFT bdist  max 1.738e-02s  avg 1.335e-02s  min 7.648e-03s  dev 2.357e-03s
DFFT bdfft  max 1.025e-03s  avg 7.686e-04s  min 4.821e-04s  dev 9.560e-05s
BACKWARD    max 2.793e-02s  avg 2.788e-02s  min 2.782e-02s  dev 2.264e-05s

r-space:
a[0,0,0] = (2097152.000000,0.000000) = (4140000000000000,0)
real in [0.000000e+00,0.000000e+00] = [0,0]
imag in [0.000000e+00,0.000000e+00] = [0,0]

[PI-INFO] Paramount Iteration,0,3,0.371376,0.060268

TESTING 3

[PI-INFO] Paramount Iteration,30,3,0.376176,0.060212
[PI-INFO] Paramount Iteration,9,3,0.378112,0.060257
[PI-INFO] Paramount Iteration,1,3,0.376213,0.060228
[PI-INFO] Paramount Iteration,11,3,0.376590,0.060274
[PI-INFO] Paramount Iteration,7,3,0.376115,0.060260
[PI-INFO] Paramount Iteration,12,3,0.375533,0.060250
[PI-INFO] Paramount Iteration,5,3,0.375784,0.060247
[PI-INFO] Paramount Iteration,22,3,0.375773,0.060212
[PI-INFO] Paramount Iteration,25,3,0.375930,0.060257
[PI-INFO] Paramount Iteration,15,3,0.375930,0.060251
[PI-INFO] Paramount Iteration,13,3,0.375722,0.060238
[PI-INFO] Paramount Iteration,8,3,0.375857,0.060251
[PI-INFO] Paramount Iteration,14,3,0.375305,0.060234
[PI-INFO] Paramount Iteration,29,3,0.376157,0.060254
[PI-INFO] Paramount Iteration,27,3,0.375957,0.060278
[PI-INFO] Paramount Iteration,31,3,0.375965,0.060244
[PI-INFO] Paramount Iteration,3,3,0.376244,0.060274
[PI-INFO] Paramount Iteration,2,3,0.376141,0.060253
[PI-INFO] Paramount Iteration,4,3,0.376079,0.060257
[PI-INFO] Paramount Iteration,18,3,0.376291,0.060270
[PI-INFO] Paramount Iteration,10,3,0.376238,0.060281
[PI-INFO] Paramount Iteration,24,3,0.376215,0.060252
[PI-INFO] Paramount Iteration,21,3,0.375878,0.060267
[PI-INFO] Paramount Iteration,19,3,0.376009,0.060271
[PI-INFO] Paramount Iteration,23,3,0.375593,0.060268
[PI-INFO] Paramount Iteration,26,3,0.376032,0.060214
[PI-INFO] Paramount Iteration,28,3,0.376071,0.060259
[PI-INFO] Paramount Iteration,6,3,0.375771,0.060221
[PI-INFO] Paramount Iteration,20,3,0.376027,0.060250
[PI-INFO] Paramount Iteration,17,3,0.376085,0.060250
[PI-INFO] Paramount Iteration,16,3,0.375863,0.060251
DFFT  fd32  max 3.822e-03s  avg 2.921e-03s  min 1.545e-03s  dev 7.499e-04s
DFFT  f1dx  max 3.411e-04s  avg 2.626e-04s  min 1.635e-04s  dev 3.652e-05s
DFFT  fd23  max 4.166e-03s  avg 3.156e-03s  min 1.568e-03s  dev 8.044e-04s
DFFT  fd32  max 3.805e-03s  avg 2.817e-03s  min 1.360e-03s  dev 8.037e-04s
DFFT  f1dy  max 3.579e-04s  avg 2.631e-04s  min 1.607e-04s  dev 3.509e-05s
DFFT  fd23  max 3.880e-03s  avg 2.873e-03s  min 1.320e-03s  dev 8.014e-04s
DFFT  fd32  max 2.180e-03s  avg 1.586e-03s  min 1.034e-03s  dev 3.511e-04s
DFFT  f1dz  max 3.644e-04s  avg 2.744e-04s  min 1.632e-04s  dev 3.123e-05s
DFFT fdist  max 1.736e-02s  avg 1.335e-02s  min 8.111e-03s  dev 2.305e-03s
DFFT fdfft  max 1.063e-03s  avg 8.002e-04s  min 4.874e-04s  dev 9.478e-05s
FORWARD     max 2.842e-02s  avg 2.835e-02s  min 2.828e-02s  dev 3.404e-05s

k-space:
real in [1.000000e+00,1.000000e+00] = [3ff0000000000000,3ff0000000000000]
imag in [0.000000e+00,0.000000e+00] = [0,0]

DFFT  b1dz  max 2.863e-04s  avg 2.221e-04s  min 1.653e-04s  dev 2.294e-05s
DFFT  bd23  max 2.193e-03s  avg 1.573e-03s  min 1.012e-03s  dev 3.478e-04s
DFFT  bd32  max 3.875e-03s  avg 2.937e-03s  min 1.349e-03s  dev 8.166e-04s
DFFT  b1dy  max 4.055e-04s  avg 2.770e-04s  min 1.606e-04s  dev 4.285e-05s
DFFT  bd23  max 3.899e-03s  avg 2.936e-03s  min 1.511e-03s  dev 8.012e-04s
DFFT  bd32  max 3.809e-03s  avg 2.944e-03s  min 1.546e-03s  dev 7.652e-04s
DFFT  b1dx  max 3.477e-04s  avg 2.684e-04s  min 1.590e-04s  dev 3.749e-05s
DFFT  bd23  max 3.990e-03s  avg 3.062e-03s  min 1.515e-03s  dev 7.871e-04s
DFFT bdist  max 1.759e-02s  avg 1.345e-02s  min 7.839e-03s  dev 2.333e-03s
DFFT bdfft  max 1.040e-03s  avg 7.675e-04s  min 4.850e-04s  dev 9.799e-05s
BACKWARD    max 2.832e-02s  avg 2.822e-02s  min 2.816e-02s  dev 4.075e-05s

r-space:
a[0,0,0] = (2097152.000000,0.000000) = (4140000000000000,0)
real in [0.000000e+00,0.000000e+00] = [0,0]
imag in [0.000000e+00,0.000000e+00] = [0,0]

[PI-INFO] Paramount Iteration,0,4,0.431696,0.060320

TESTING 4

[PI-INFO] Paramount Iteration,18,4,0.436599,0.060308
[PI-INFO] Paramount Iteration,19,4,0.436301,0.060292
[PI-INFO] Paramount Iteration,9,4,0.438515,0.060403
[PI-INFO] Paramount Iteration,3,4,0.436585,0.060341
[PI-INFO] Paramount Iteration,2,4,0.436484,0.060343
[PI-INFO] Paramount Iteration,1,4,0.436589,0.060376
[PI-INFO] Paramount Iteration,11,4,0.436957,0.060367
[PI-INFO] Paramount Iteration,7,4,0.436504,0.060389
[PI-INFO] Paramount Iteration,10,4,0.436580,0.060342
[PI-INFO] Paramount Iteration,24,4,0.436549,0.060334
[PI-INFO] Paramount Iteration,22,4,0.436124,0.060351
[PI-INFO] Paramount Iteration,21,4,0.436258,0.060380
[PI-INFO] Paramount Iteration,25,4,0.436318,0.060388
[PI-INFO] Paramount Iteration,23,4,0.435934,0.060341
[PI-INFO] Paramount Iteration,26,4,0.436368,0.060336
[PI-INFO] Paramount Iteration,6,4,0.436168,0.060397
[PI-INFO] Paramount Iteration,20,4,0.436389,0.060362
[PI-INFO] Paramount Iteration,8,4,0.436241,0.060384
[PI-INFO] Paramount Iteration,17,4,0.436458,0.060373
[PI-INFO] Paramount Iteration,16,4,0.436163,0.060300
[PI-INFO] Paramount Iteration,14,4,0.435716,0.060411
[PI-INFO] Paramount Iteration,29,4,0.436607,0.060450
[PI-INFO] Paramount Iteration,30,4,0.436576,0.060400
[PI-INFO] Paramount Iteration,27,4,0.436305,0.060348
[PI-INFO] Paramount Iteration,31,4,0.436358,0.060393
[PI-INFO] Paramount Iteration,4,4,0.436483,0.060404
[PI-INFO] Paramount Iteration,12,4,0.435987,0.060454
[PI-INFO] Paramount Iteration,5,4,0.436214,0.060430
[PI-INFO] Paramount Iteration,28,4,0.436482,0.060411
[PI-INFO] Paramount Iteration,15,4,0.436346,0.060416
[PI-INFO] Paramount Iteration,13,4,0.436197,0.060475
DFFT  fd32  max 3.861e-03s  avg 2.970e-03s  min 1.542e-03s  dev 7.715e-04s
DFFT  f1dx  max 3.613e-04s  avg 2.653e-04s  min 1.604e-04s  dev 3.448e-05s
DFFT  fd23  max 4.098e-03s  avg 3.127e-03s  min 1.608e-03s  dev 7.996e-04s
DFFT  fd32  max 3.748e-03s  avg 2.802e-03s  min 1.381e-03s  dev 7.570e-04s
DFFT  f1dy  max 3.912e-04s  avg 2.636e-04s  min 1.631e-04s  dev 3.514e-05s
DFFT  fd23  max 3.821e-03s  avg 2.916e-03s  min 1.369e-03s  dev 8.000e-04s
DFFT  fd32  max 2.263e-03s  avg 1.595e-03s  min 1.012e-03s  dev 3.543e-04s
DFFT  f1dz  max 3.672e-04s  avg 2.756e-04s  min 1.630e-04s  dev 3.333e-05s
DFFT fdist  max 1.750e-02s  avg 1.341e-02s  min 8.325e-03s  dev 2.262e-03s
DFFT fdfft  max 1.120e-03s  avg 8.045e-04s  min 4.865e-04s  dev 9.603e-05s
FORWARD     max 2.839e-02s  avg 2.828e-02s  min 2.818e-02s  dev 5.630e-05s

k-space:
real in [1.000000e+00,1.000000e+00] = [3ff0000000000000,3ff0000000000000]
imag in [0.000000e+00,0.000000e+00] = [0,0]

DFFT  b1dz  max 3.098e-04s  avg 2.222e-04s  min 1.731e-04s  dev 2.443e-05s
DFFT  bd23  max 2.185e-03s  avg 1.580e-03s  min 1.018e-03s  dev 3.405e-04s
DFFT  bd32  max 3.789e-03s  avg 2.868e-03s  min 1.281e-03s  dev 7.942e-04s
DFFT  b1dy  max 3.871e-04s  avg 2.765e-04s  min 1.595e-04s  dev 4.170e-05s
DFFT  bd23  max 3.802e-03s  avg 2.931e-03s  min 1.372e-03s  dev 8.014e-04s
DFFT  bd32  max 3.923e-03s  avg 2.917e-03s  min 1.481e-03s  dev 7.602e-04s
DFFT  b1dx  max 3.603e-04s  avg 2.701e-04s  min 1.621e-04s  dev 3.910e-05s
DFFT  bd23  max 4.029e-03s  avg 3.116e-03s  min 1.491e-03s  dev 7.848e-04s
DFFT bdist  max 1.715e-02s  avg 1.341e-02s  min 7.772e-03s  dev 2.359e-03s
DFFT bdfft  max 1.057e-03s  avg 7.688e-04s  min 4.947e-04s  dev 1.000e-04s
BACKWARD    max 2.830e-02s  avg 2.822e-02s  min 2.814e-02s  dev 3.928e-05s

r-space:
a[0,0,0] = (2097152.000000,0.000000) = (4140000000000000,0)
real in [0.000000e+00,0.000000e+00] = [0,0]
imag in [0.000000e+00,0.000000e+00] = [0,0]

[PI-INFO] Paramount Iteration,0,5,0.492198,0.060502

TESTING 5

[PI-INFO] Paramount Iteration,18,5,0.497075,0.060476
[PI-INFO] Paramount Iteration,30,5,0.497054,0.060478
[PI-INFO] Paramount Iteration,9,5,0.499046,0.060531
[PI-INFO] Paramount Iteration,3,5,0.497095,0.060510
[PI-INFO] Paramount Iteration,2,5,0.496963,0.060479
[PI-INFO] Paramount Iteration,1,5,0.497118,0.060529
[PI-INFO] Paramount Iteration,11,5,0.497464,0.060507
[PI-INFO] Paramount Iteration,7,5,0.497006,0.060502
[PI-INFO] Paramount Iteration,4,5,0.496972,0.060489
[PI-INFO] Paramount Iteration,10,5,0.497076,0.060496
[PI-INFO] Paramount Iteration,24,5,0.497050,0.060501
[PI-INFO] Paramount Iteration,22,5,0.496594,0.060470
[PI-INFO] Paramount Iteration,25,5,0.496821,0.060503
[PI-INFO] Paramount Iteration,19,5,0.496808,0.060507
[PI-INFO] Paramount Iteration,23,5,0.496430,0.060496
[PI-INFO] Paramount Iteration,26,5,0.496853,0.060485
[PI-INFO] Paramount Iteration,6,5,0.496638,0.060470
[PI-INFO] Paramount Iteration,15,5,0.496853,0.060507
[PI-INFO] Paramount Iteration,20,5,0.496876,0.060487
[PI-INFO] Paramount Iteration,8,5,0.496741,0.060500
[PI-INFO] Paramount Iteration,17,5,0.496944,0.060486
[PI-INFO] Paramount Iteration,16,5,0.496652,0.060489
[PI-INFO] Paramount Iteration,14,5,0.496204,0.060488
[PI-INFO] Paramount Iteration,27,5,0.496812,0.060507
[PI-INFO] Paramount Iteration,31,5,0.496862,0.060504
[PI-INFO] Paramount Iteration,12,5,0.496470,0.060483
[PI-INFO] Paramount Iteration,5,5,0.496712,0.060498
[PI-INFO] Paramount Iteration,21,5,0.496785,0.060527
[PI-INFO] Paramount Iteration,28,5,0.496965,0.060483
[PI-INFO] Paramount Iteration,13,5,0.496699,0.060502
[PI-INFO] Paramount Iteration,29,5,0.497130,0.060523
DFFT  fd32  max 3.894e-03s  avg 2.907e-03s  min 1.488e-03s  dev 7.489e-04s
DFFT  f1dx  max 3.494e-04s  avg 2.648e-04s  min 1.610e-04s  dev 3.609e-05s
DFFT  fd23  max 4.074e-03s  avg 3.096e-03s  min 1.519e-03s  dev 7.822e-04s
DFFT  fd32  max 3.799e-03s  avg 2.795e-03s  min 1.276e-03s  dev 7.795e-04s
DFFT  f1dy  max 3.838e-04s  avg 2.647e-04s  min 1.660e-04s  dev 3.607e-05s
DFFT  fd23  max 3.760e-03s  avg 2.850e-03s  min 1.298e-03s  dev 7.847e-04s
DFFT  fd32  max 2.237e-03s  avg 1.587e-03s  min 9.838e-04s  dev 3.616e-04s
DFFT  f1dz  max 3.972e-04s  avg 2.769e-04s  min 1.668e-04s  dev 3.948e-05s
DFFT fdist  max 1.722e-02s  avg 1.324e-02s  min 7.903e-03s  dev 2.337e-03s
DFFT fdfft  max 1.130e-03s  avg 8.064e-04s  min 4.937e-04s  dev 1.037e-04s
FORWARD     max 2.834e-02s  avg 2.825e-02s  min 2.816e-02s  dev 4.234e-05s

k-space:
real in [1.000000e+00,1.000000e+00] = [3ff0000000000000,3ff0000000000000]
imag in [0.000000e+00,0.000000e+00] = [0,0]

DFFT  b1dz  max 3.106e-04s  avg 2.234e-04s  min 1.611e-04s  dev 2.527e-05s
DFFT  bd23  max 2.183e-03s  avg 1.582e-03s  min 9.630e-04s  dev 3.303e-04s
DFFT  bd32  max 3.742e-03s  avg 2.891e-03s  min 1.349e-03s  dev 7.798e-04s
DFFT  b1dy  max 3.913e-04s  avg 2.767e-04s  min 1.599e-04s  dev 4.171e-05s
DFFT  bd23  max 3.815e-03s  avg 2.901e-03s  min 1.402e-03s  dev 7.800e-04s
DFFT  bd32  max 3.847e-03s  avg 2.941e-03s  min 1.424e-03s  dev 7.543e-04s
DFFT  b1dx  max 3.693e-04s  avg 2.698e-04s  min 1.606e-04s  dev 3.850e-05s
DFFT  bd23  max 3.910e-03s  avg 3.064e-03s  min 1.504e-03s  dev 7.554e-04s
DFFT bdist  max 1.734e-02s  avg 1.338e-02s  min 7.701e-03s  dev 2.346e-03s
DFFT bdfft  max 1.071e-03s  avg 7.699e-04s  min 4.816e-04s  dev 1.010e-04s
BACKWARD    max 2.823e-02s  avg 2.820e-02s  min 2.811e-02s  dev 2.662e-05s

r-space:
a[0,0,0] = (2097152.000000,0.000000) = (4140000000000000,0)
real in [0.000000e+00,0.000000e+00] = [0,0]
imag in [0.000000e+00,0.000000e+00] = [0,0]

[PI-INFO] Paramount Iteration,0,6,0.552328,0.060130

TESTING 6

[PI-INFO] Paramount Iteration,30,6,0.557180,0.060126
[PI-INFO] Paramount Iteration,9,6,0.559156,0.060110
[PI-INFO] Paramount Iteration,2,6,0.557122,0.060159
[PI-INFO] Paramount Iteration,11,6,0.557587,0.060123
[PI-INFO] Paramount Iteration,18,6,0.557239,0.060164
[PI-INFO] Paramount Iteration,10,6,0.557197,0.060121
[PI-INFO] Paramount Iteration,24,6,0.557156,0.060106
[PI-INFO] Paramount Iteration,21,6,0.556859,0.060074
[PI-INFO] Paramount Iteration,25,6,0.556920,0.060099
[PI-INFO] Paramount Iteration,19,6,0.556969,0.060161
[PI-INFO] Paramount Iteration,26,6,0.556983,0.060130
[PI-INFO] Paramount Iteration,6,6,0.556773,0.060135
[PI-INFO] Paramount Iteration,8,6,0.556842,0.060101
[PI-INFO] Paramount Iteration,29,6,0.557169,0.060039
[PI-INFO] Paramount Iteration,27,6,0.556928,0.060116
[PI-INFO] Paramount Iteration,3,6,0.557254,0.060159
[PI-INFO] Paramount Iteration,1,6,0.557267,0.060149
[PI-INFO] Paramount Iteration,7,6,0.557147,0.060141
[PI-INFO] Paramount Iteration,4,6,0.557074,0.060102
[PI-INFO] Paramount Iteration,12,6,0.556581,0.060111
[PI-INFO] Paramount Iteration,5,6,0.556821,0.060109
[PI-INFO] Paramount Iteration,22,6,0.556781,0.060187
[PI-INFO] Paramount Iteration,23,6,0.556603,0.060173
[PI-INFO] Paramount Iteration,28,6,0.557074,0.060109
[PI-INFO] Paramount Iteration,15,6,0.556952,0.060099
[PI-INFO] Paramount Iteration,20,6,0.557006,0.060130
[PI-INFO] Paramount Iteration,13,6,0.556772,0.060073
[PI-INFO] Paramount Iteration,17,6,0.557096,0.060152
[PI-INFO] Paramount Iteration,16,6,0.556799,0.060147
[PI-INFO] Paramount Iteration,14,6,0.556321,0.060117
[PI-INFO] Paramount Iteration,31,6,0.556992,0.060130
DFFT  fd32  max 3.869e-03s  avg 2.931e-03s  min 1.531e-03s  dev 7.586e-04s
DFFT  f1dx  max 3.783e-04s  avg 2.649e-04s  min 1.619e-04s  dev 3.510e-05s
DFFT  fd23  max 4.091e-03s  avg 3.047e-03s  min 1.528e-03s  dev 7.580e-04s
DFFT  fd32  max 3.792e-03s  avg 2.786e-03s  min 1.328e-03s  dev 7.743e-04s
DFFT  f1dy  max 3.988e-04s  avg 2.667e-04s  min 1.665e-04s  dev 3.633e-05s
DFFT  fd23  max 3.796e-03s  avg 2.929e-03s  min 1.364e-03s  dev 7.953e-04s
DFFT  fd32  max 2.248e-03s  avg 1.589e-03s  min 1.050e-03s  dev 3.511e-04s
DFFT  f1dz  max 3.858e-04s  avg 2.743e-04s  min 1.633e-04s  dev 3.825e-05s
DFFT fdist  max 1.732e-02s  avg 1.328e-02s  min 7.786e-03s  dev 2.323e-03s
DFFT fdfft  max 1.163e-03s  avg 8.059e-04s  min 4.918e-04s  dev 1.036e-04s
FORWARD     max 2.855e-02s  avg 2.845e-02s  min 2.839e-02s  dev 4.242e-05s

k-space:
real in [1.000000e+00,1.000000e+00] = [3ff0000000000000,3ff0000000000000]
imag in [0.000000e+00,0.000000e+00] = [0,0]

DFFT  b1dz  max 3.070e-04s  avg 2.324e-04s  min 1.808e-04s  dev 2.410e-05s
DFFT  bd23  max 2.209e-03s  avg 1.586e-03s  min 9.922e-04s  dev 3.410e-04s
DFFT  bd32  max 3.751e-03s  avg 2.854e-03s  min 1.292e-03s  dev 7.758e-04s
DFFT  b1dy  max 3.947e-04s  avg 2.767e-04s  min 1.595e-04s  dev 4.110e-05s
DFFT  bd23  max 3.707e-03s  avg 2.895e-03s  min 1.481e-03s  dev 7.650e-04s
DFFT  bd32  max 3.853e-03s  avg 2.895e-03s  min 1.523e-03s  dev 7.250e-04s
DFFT  b1dx  max 3.424e-04s  avg 2.715e-04s  min 1.718e-04s  dev 3.438e-05s
DFFT  bd23  max 3.993e-03s  avg 3.083e-03s  min 1.489e-03s  dev 7.812e-04s
DFFT bdist  max 1.747e-02s  avg 1.331e-02s  min 7.830e-03s  dev 2.290e-03s
DFFT bdfft  max 1.044e-03s  avg 7.806e-04s  min 5.121e-04s  dev 9.447e-05s
BACKWARD    max 2.805e-02s  avg 2.795e-02s  min 2.787e-02s  dev 4.541e-05s

r-space:
a[0,0,0] = (2097152.000000,0.000000) = (4140000000000000,0)
real in [0.000000e+00,0.000000e+00] = [0,0]
imag in [0.000000e+00,0.000000e+00] = [0,0]

[PI-INFO] Paramount Iteration,0,7,0.612663,0.060335

TESTING 7

[PI-INFO] Paramount Iteration,9,7,0.619425,0.060269
[PI-INFO] Paramount Iteration,7,7,0.617429,0.060282
[PI-INFO] Paramount Iteration,13,7,0.617037,0.060265
[PI-INFO] Paramount Iteration,8,7,0.617166,0.060324
[PI-INFO] Paramount Iteration,29,7,0.617480,0.060311
[PI-INFO] Paramount Iteration,30,7,0.617526,0.060346
[PI-INFO] Paramount Iteration,27,7,0.617275,0.060347
[PI-INFO] Paramount Iteration,3,7,0.617565,0.060311
[PI-INFO] Paramount Iteration,2,7,0.617492,0.060370
[PI-INFO] Paramount Iteration,1,7,0.617547,0.060280
[PI-INFO] Paramount Iteration,11,7,0.617912,0.060325
[PI-INFO] Paramount Iteration,4,7,0.617387,0.060313
[PI-INFO] Paramount Iteration,12,7,0.616841,0.060260
[PI-INFO] Paramount Iteration,5,7,0.617109,0.060288
[PI-INFO] Paramount Iteration,18,7,0.617646,0.060407
[PI-INFO] Paramount Iteration,10,7,0.617551,0.060354
[PI-INFO] Paramount Iteration,24,7,0.617524,0.060368
[PI-INFO] Paramount Iteration,22,7,0.617120,0.060339
[PI-INFO] Paramount Iteration,21,7,0.617193,0.060334
[PI-INFO] Paramount Iteration,25,7,0.617259,0.060339
[PI-INFO] Paramount Iteration,19,7,0.617311,0.060342
[PI-INFO] Paramount Iteration,23,7,0.616897,0.060294
[PI-INFO] Paramount Iteration,26,7,0.617384,0.060401
[PI-INFO] Paramount Iteration,28,7,0.617378,0.060304
[PI-INFO] Paramount Iteration,6,7,0.617119,0.060346
[PI-INFO] Paramount Iteration,15,7,0.617249,0.060297
[PI-INFO] Paramount Iteration,20,7,0.617346,0.060340
[PI-INFO] Paramount Iteration,17,7,0.617431,0.060335
[PI-INFO] Paramount Iteration,16,7,0.617170,0.060371
[PI-INFO] Paramount Iteration,14,7,0.616618,0.060297
[PI-INFO] Paramount Iteration,31,7,0.617289,0.060297
DFFT  fd32  max 3.822e-03s  avg 2.901e-03s  min 1.480e-03s  dev 7.430e-04s
DFFT  f1dx  max 3.521e-04s  avg 2.631e-04s  min 1.624e-04s  dev 3.373e-05s
DFFT  fd23  max 4.011e-03s  avg 3.081e-03s  min 1.497e-03s  dev 7.596e-04s
DFFT  fd32  max 3.841e-03s  avg 2.808e-03s  min 1.298e-03s  dev 7.939e-04s
DFFT  f1dy  max 4.005e-04s  avg 2.661e-04s  min 1.640e-04s  dev 3.763e-05s
DFFT  fd23  max 3.920e-03s  avg 2.892e-03s  min 1.344e-03s  dev 8.119e-04s
DFFT  fd32  max 2.236e-03s  avg 1.604e-03s  min 9.808e-04s  dev 3.654e-04s
DFFT  f1dz  max 3.729e-04s  avg 2.729e-04s  min 1.662e-04s  dev 3.409e-05s
DFFT fdist  max 1.731e-02s  avg 1.329e-02s  min 7.725e-03s  dev 2.308e-03s
DFFT fdfft  max 1.126e-03s  avg 8.022e-04s  min 4.926e-04s  dev 9.988e-05s
FORWARD     max 2.847e-02s  avg 2.838e-02s  min 2.830e-02s  dev 3.634e-05s

k-space:
real in [1.000000e+00,1.000000e+00] = [3ff0000000000000,3ff0000000000000]
imag in [0.000000e+00,0.000000e+00] = [0,0]

DFFT  b1dz  max 2.999e-04s  avg 2.239e-04s  min 1.622e-04s  dev 2.586e-05s
DFFT  bd23  max 2.258e-03s  avg 1.588e-03s  min 9.397e-04s  dev 3.687e-04s
DFFT  bd32  max 3.834e-03s  avg 2.867e-03s  min 1.317e-03s  dev 7.807e-04s
DFFT  b1dy  max 3.904e-04s  avg 2.759e-04s  min 1.612e-04s  dev 4.004e-05s
DFFT  bd23  max 3.824e-03s  avg 2.908e-03s  min 1.321e-03s  dev 8.089e-04s
DFFT  bd32  max 3.811e-03s  avg 2.898e-03s  min 1.412e-03s  dev 7.538e-04s
DFFT  b1dx  max 3.465e-04s  avg 2.787e-04s  min 1.611e-04s  dev 3.859e-05s
DFFT  bd23  max 4.091e-03s  avg 3.104e-03s  min 1.534e-03s  dev 7.735e-04s
DFFT bdist  max 1.750e-02s  avg 1.336e-02s  min 7.655e-03s  dev 2.420e-03s
DFFT bdfft  max 1.031e-03s  avg 7.785e-04s  min 4.845e-04s  dev 9.875e-05s
BACKWARD    max 2.837e-02s  avg 2.829e-02s  min 2.820e-02s  dev 4.737e-05s

r-space:
a[0,0,0] = (2097152.000000,0.000000) = (4140000000000000,0)
real in [0.000000e+00,0.000000e+00] = [0,0]
imag in [0.000000e+00,0.000000e+00] = [0,0]

[PI-INFO] Paramount Iteration,0,8,0.673207,0.060544

TESTING 8

[PI-INFO] Paramount Iteration,9,8,0.680036,0.060611
[PI-INFO] Paramount Iteration,1,8,0.678106,0.060559
[PI-INFO] Paramount Iteration,29,8,0.678085,0.060605
[PI-INFO] Paramount Iteration,3,8,0.678160,0.060595
[PI-INFO] Paramount Iteration,2,8,0.678035,0.060543
[PI-INFO] Paramount Iteration,11,8,0.678510,0.060598
[PI-INFO] Paramount Iteration,7,8,0.678065,0.060636
[PI-INFO] Paramount Iteration,4,8,0.677970,0.060583
[PI-INFO] Paramount Iteration,12,8,0.677462,0.060621
[PI-INFO] Paramount Iteration,5,8,0.677705,0.060596
[PI-INFO] Paramount Iteration,18,8,0.678171,0.060525
[PI-INFO] Paramount Iteration,10,8,0.678133,0.060582
[PI-INFO] Paramount Iteration,24,8,0.678095,0.060571
[PI-INFO] Paramount Iteration,22,8,0.677694,0.060574
[PI-INFO] Paramount Iteration,21,8,0.677761,0.060568
[PI-INFO] Paramount Iteration,25,8,0.677812,0.060553
[PI-INFO] Paramount Iteration,19,8,0.677865,0.060554
[PI-INFO] Paramount Iteration,23,8,0.677484,0.060587
[PI-INFO] Paramount Iteration,26,8,0.677960,0.060576
[PI-INFO] Paramount Iteration,28,8,0.677980,0.060602
[PI-INFO] Paramount Iteration,6,8,0.677711,0.060592
[PI-INFO] Paramount Iteration,15,8,0.677893,0.060644
[PI-INFO] Paramount Iteration,20,8,0.677899,0.060553
[PI-INFO] Paramount Iteration,13,8,0.677690,0.060653
[PI-INFO] Paramount Iteration,8,8,0.677756,0.060590
[PI-INFO] Paramount Iteration,17,8,0.677963,0.060532
[PI-INFO] Paramount Iteration,16,8,0.677717,0.060547
[PI-INFO] Paramount Iteration,30,8,0.678146,0.060620
[PI-INFO] Paramount Iteration,27,8,0.677868,0.060593
[PI-INFO] Paramount Iteration,31,8,0.677928,0.060639
[PI-INFO] Paramount Iteration,14,8,0.677264,0.060646
DFFT  fd32  max 3.816e-03s  avg 2.915e-03s  min 1.405e-03s  dev 7.565e-04s
DFFT  f1dx  max 3.526e-04s  avg 2.631e-04s  min 1.602e-04s  dev 3.452e-05s
DFFT  fd23  max 4.252e-03s  avg 3.142e-03s  min 1.673e-03s  dev 8.119e-04s
DFFT  fd32  max 3.785e-03s  avg 2.791e-03s  min 1.320e-03s  dev 7.625e-04s
DFFT  f1dy  max 3.722e-04s  avg 2.643e-04s  min 1.671e-04s  dev 3.343e-05s
DFFT  fd23  max 3.972e-03s  avg 2.894e-03s  min 1.384e-03s  dev 8.043e-04s
DFFT  fd32  max 2.245e-03s  avg 1.612e-03s  min 1.017e-03s  dev 3.534e-04s
DFFT  f1dz  max 3.703e-04s  avg 2.762e-04s  min 1.641e-04s  dev 3.434e-05s
DFFT fdist  max 1.732e-02s  avg 1.335e-02s  min 7.729e-03s  dev 2.352e-03s
DFFT fdfft  max 1.095e-03s  avg 8.036e-04s  min 4.914e-04s  dev 9.553e-05s
FORWARD     max 2.856e-02s  avg 2.850e-02s  min 2.843e-02s  dev 3.092e-05s

k-space:
real in [1.000000e+00,1.000000e+00] = [3ff0000000000000,3ff0000000000000]
imag in [0.000000e+00,0.000000e+00] = [0,0]

DFFT  b1dz  max 2.831e-04s  avg 2.252e-04s  min 1.616e-04s  dev 2.330e-05s
DFFT  bd23  max 2.148e-03s  avg 1.533e-03s  min 9.844e-04s  dev 3.366e-04s
DFFT  bd32  max 3.788e-03s  avg 2.882e-03s  min 1.357e-03s  dev 7.756e-04s
DFFT  b1dy  max 3.890e-04s  avg 2.742e-04s  min 1.727e-04s  dev 3.885e-05s
DFFT  bd23  max 3.905e-03s  avg 2.894e-03s  min 1.357e-03s  dev 7.856e-04s
DFFT  bd32  max 3.832e-03s  avg 2.921e-03s  min 1.475e-03s  dev 7.561e-04s
DFFT  b1dx  max 3.588e-04s  avg 2.700e-04s  min 1.730e-04s  dev 3.568e-05s
DFFT  bd23  max 4.068e-03s  avg 3.127e-03s  min 1.470e-03s  dev 7.928e-04s
DFFT bdist  max 1.727e-02s  avg 1.336e-02s  min 7.624e-03s  dev 2.342e-03s
DFFT bdfft  max 1.017e-03s  avg 7.694e-04s  min 5.074e-04s  dev 9.315e-05s
BACKWARD    max 2.819e-02s  avg 2.813e-02s  min 2.806e-02s  dev 3.060e-05s

r-space:
a[0,0,0] = (2097152.000000,0.000000) = (4140000000000000,0)
real in [0.000000e+00,0.000000e+00] = [0,0]
imag in [0.000000e+00,0.000000e+00] = [0,0]

[PI-INFO] Paramount Iteration,0,9,0.733643,0.060436

TESTING 9

[PI-INFO] Paramount Iteration,9,9,0.740468,0.060432
[PI-INFO] Paramount Iteration,2,9,0.738482,0.060447
[PI-INFO] Paramount Iteration,1,9,0.738541,0.060435
[PI-INFO] Paramount Iteration,11,9,0.738936,0.060426
[PI-INFO] Paramount Iteration,7,9,0.738481,0.060416
[PI-INFO] Paramount Iteration,18,9,0.738604,0.060433
[PI-INFO] Paramount Iteration,24,9,0.738514,0.060419
[PI-INFO] Paramount Iteration,21,9,0.738187,0.060426
[PI-INFO] Paramount Iteration,25,9,0.738246,0.060434
[PI-INFO] Paramount Iteration,19,9,0.738295,0.060430
[PI-INFO] Paramount Iteration,13,9,0.738114,0.060424
[PI-INFO] Paramount Iteration,8,9,0.738177,0.060421
[PI-INFO] Paramount Iteration,17,9,0.738384,0.060421
[PI-INFO] Paramount Iteration,29,9,0.738512,0.060427
[PI-INFO] Paramount Iteration,27,9,0.738281,0.060413
[PI-INFO] Paramount Iteration,3,9,0.738570,0.060410
[PI-INFO] Paramount Iteration,4,9,0.738432,0.060462
[PI-INFO] Paramount Iteration,12,9,0.737924,0.060462
[PI-INFO] Paramount Iteration,5,9,0.738151,0.060446
[PI-INFO] Paramount Iteration,10,9,0.738574,0.060441
[PI-INFO] Paramount Iteration,22,9,0.738124,0.060430
[PI-INFO] Paramount Iteration,23,9,0.737912,0.060428
[PI-INFO] Paramount Iteration,26,9,0.738373,0.060413
[PI-INFO] Paramount Iteration,28,9,0.738422,0.060442
[PI-INFO] Paramount Iteration,6,9,0.738156,0.060445
[PI-INFO] Paramount Iteration,15,9,0.738309,0.060416
[PI-INFO] Paramount Iteration,20,9,0.738341,0.060442
[PI-INFO] Paramount Iteration,16,9,0.738134,0.060417
[PI-INFO] Paramount Iteration,14,9,0.737690,0.060426
[PI-INFO] Paramount Iteration,30,9,0.738599,0.060453
[PI-INFO] Paramount Iteration,31,9,0.738327,0.060399
DFFT  fd32  max 3.834e-03s  avg 2.941e-03s  min 1.497e-03s  dev 7.662e-04s
DFFT  f1dx  max 3.352e-04s  avg 2.614e-04s  min 1.634e-04s  dev 3.259e-05s
DFFT  fd23  max 4.151e-03s  avg 3.106e-03s  min 1.551e-03s  dev 7.625e-04s
DFFT  fd32  max 3.800e-03s  avg 2.822e-03s  min 1.392e-03s  dev 8.084e-04s
DFFT  f1dy  max 3.809e-04s  avg 2.650e-04s  min 1.753e-04s  dev 3.562e-05s
DFFT  fd23  max 4.040e-03s  avg 2.904e-03s  min 1.349e-03s  dev 8.141e-04s
DFFT  fd32  max 2.243e-03s  avg 1.606e-03s  min 9.990e-04s  dev 3.646e-04s
DFFT  f1dz  max 3.695e-04s  avg 2.725e-04s  min 1.660e-04s  dev 3.401e-05s
DFFT fdist  max 1.770e-02s  avg 1.338e-02s  min 7.757e-03s  dev 2.358e-03s
DFFT fdfft  max 1.086e-03s  avg 7.988e-04s  min 5.047e-04s  dev 9.623e-05s
FORWARD     max 2.868e-02s  avg 2.859e-02s  min 2.852e-02s  dev 3.856e-05s

k-space:
real in [1.000000e+00,1.000000e+00] = [3ff0000000000000,3ff0000000000000]
imag in [0.000000e+00,0.000000e+00] = [0,0]

DFFT  b1dz  max 2.803e-04s  avg 2.245e-04s  min 1.633e-04s  dev 2.390e-05s
DFFT  bd23  max 2.227e-03s  avg 1.588e-03s  min 9.892e-04s  dev 3.576e-04s
DFFT  bd32  max 3.758e-03s  avg 2.853e-03s  min 1.321e-03s  dev 7.741e-04s
DFFT  b1dy  max 3.917e-04s  avg 2.797e-04s  min 1.617e-04s  dev 4.184e-05s
DFFT  bd23  max 3.859e-03s  avg 2.928e-03s  min 1.313e-03s  dev 8.180e-04s
DFFT  bd32  max 3.740e-03s  avg 2.910e-03s  min 1.493e-03s  dev 7.515e-04s
DFFT  b1dx  max 3.540e-04s  avg 2.695e-04s  min 1.621e-04s  dev 3.603e-05s
DFFT  bd23  max 4.028e-03s  avg 3.081e-03s  min 1.569e-03s  dev 7.800e-04s
DFFT bdist  max 1.739e-02s  avg 1.336e-02s  min 7.965e-03s  dev 2.300e-03s
DFFT bdfft  max 1.006e-03s  avg 7.737e-04s  min 4.871e-04s  dev 9.734e-05s
BACKWARD    max 2.807e-02s  avg 2.803e-02s  min 2.797e-02s  dev 2.595e-05s

r-space:
a[0,0,0] = (2097152.000000,0.000000) = (4140000000000000,0)
real in [0.000000e+00,0.000000e+00] = [0,0]
imag in [0.000000e+00,0.000000e+00] = [0,0]

[PI-INFO] Paramount Iteration,0,10,0.794361,0.060718

TESTING a

[PI-INFO] Paramount Iteration,7,10,0.799089,0.060608
[PI-INFO] Paramount Iteration,2,10,0.799141,0.060659
[PI-INFO] Paramount Iteration,1,10,0.799237,0.060696
[PI-INFO] Paramount Iteration,11,10,0.799603,0.060667
[PI-INFO] Paramount Iteration,5,10,0.798798,0.060647
[PI-INFO] Paramount Iteration,21,10,0.798871,0.060684
[PI-INFO] Paramount Iteration,19,10,0.798985,0.060690
[PI-INFO] Paramount Iteration,23,10,0.798554,0.060642
[PI-INFO] Paramount Iteration,6,10,0.798771,0.060615
[PI-INFO] Paramount Iteration,13,10,0.798773,0.060659
[PI-INFO] Paramount Iteration,30,10,0.799221,0.060622
[PI-INFO] Paramount Iteration,9,10,0.801174,0.060706
[PI-INFO] Paramount Iteration,3,10,0.799235,0.060665
[PI-INFO] Paramount Iteration,4,10,0.799090,0.060658
[PI-INFO] Paramount Iteration,12,10,0.798588,0.060664
[PI-INFO] Paramount Iteration,18,10,0.799281,0.060677
[PI-INFO] Paramount Iteration,10,10,0.799252,0.060678
[PI-INFO] Paramount Iteration,24,10,0.799259,0.060745
[PI-INFO] Paramount Iteration,22,10,0.798770,0.060646
[PI-INFO] Paramount Iteration,25,10,0.798996,0.060750
[PI-INFO] Paramount Iteration,26,10,0.799076,0.060703
[PI-INFO] Paramount Iteration,28,10,0.799122,0.060700
[PI-INFO] Paramount Iteration,15,10,0.798945,0.060636
[PI-INFO] Paramount Iteration,20,10,0.799033,0.060692
[PI-INFO] Paramount Iteration,8,10,0.798910,0.060733
[PI-INFO] Paramount Iteration,17,10,0.799118,0.060734
[PI-INFO] Paramount Iteration,16,10,0.798865,0.060731
[PI-INFO] Paramount Iteration,14,10,0.798328,0.060638
[PI-INFO] Paramount Iteration,29,10,0.799217,0.060705
[PI-INFO] Paramount Iteration,27,10,0.798989,0.060708
[PI-INFO] Paramount Iteration,31,10,0.798993,0.060666
DFFT  fd32  max 3.921e-03s  avg 2.937e-03s  min 1.435e-03s  dev 7.737e-04s
DFFT  f1dx  max 3.473e-04s  avg 2.623e-04s  min 1.614e-04s  dev 3.570e-05s
DFFT  fd23  max 4.260e-03s  avg 3.106e-03s  min 1.493e-03s  dev 8.054e-04s
DFFT  fd32  max 3.755e-03s  avg 2.797e-03s  min 1.381e-03s  dev 7.771e-04s
DFFT  f1dy  max 3.848e-04s  avg 2.656e-04s  min 1.624e-04s  dev 3.554e-05s
DFFT  fd23  max 3.807e-03s  avg 2.865e-03s  min 1.356e-03s  dev 7.811e-04s
DFFT  fd32  max 2.253e-03s  avg 1.619e-03s  min 1.019e-03s  dev 3.671e-04s
DFFT  f1dz  max 3.954e-04s  avg 2.753e-04s  min 1.621e-04s  dev 3.763e-05s
DFFT fdist  max 1.735e-02s  avg 1.332e-02s  min 7.887e-03s  dev 2.371e-03s
DFFT fdfft  max 1.125e-03s  avg 8.032e-04s  min 4.858e-04s  dev 1.002e-04s
FORWARD     max 2.854e-02s  avg 2.848e-02s  min 2.842e-02s  dev 3.610e-05s

k-space:
real in [1.000000e+00,1.000000e+00] = [3ff0000000000000,3ff0000000000000]
imag in [0.000000e+00,0.000000e+00] = [0,0]

DFFT  b1dz  max 2.805e-04s  avg 2.236e-04s  min 1.611e-04s  dev 2.183e-05s
DFFT  bd23  max 2.202e-03s  avg 1.596e-03s  min 1.009e-03s  dev 3.461e-04s
DFFT  bd32  max 3.845e-03s  avg 2.879e-03s  min 1.442e-03s  dev 7.741e-04s
DFFT  b1dy  max 3.988e-04s  avg 2.760e-04s  min 1.695e-04s  dev 4.155e-05s
DFFT  bd23  max 3.815e-03s  avg 2.913e-03s  min 1.417e-03s  dev 8.098e-04s
DFFT  bd32  max 3.794e-03s  avg 2.918e-03s  min 1.542e-03s  dev 7.544e-04s
DFFT  b1dx  max 3.353e-04s  avg 2.714e-04s  min 1.621e-04s  dev 3.557e-05s
DFFT  bd23  max 4.172e-03s  avg 3.098e-03s  min 1.564e-03s  dev 7.673e-04s
DFFT bdist  max 1.746e-02s  avg 1.340e-02s  min 7.945e-03s  dev 2.316e-03s
DFFT bdfft  max 1.015e-03s  avg 7.710e-04s  min 4.928e-04s  dev 9.289e-05s
BACKWARD    max 2.866e-02s  avg 2.862e-02s  min 2.854e-02s  dev 3.424e-05s

r-space:
a[0,0,0] = (2097152.000000,0.000000) = (4140000000000000,0)
real in [0.000000e+00,0.000000e+00] = [0,0]
imag in [0.000000e+00,0.000000e+00] = [0,0]

[PI-INFO] Paramount Iteration,0,11,0.855224,0.060863

TESTING b

[PI-INFO] Paramount Iteration,9,11,0.861980,0.060806
[PI-INFO] Paramount Iteration,29,11,0.860028,0.060811
[PI-INFO] Paramount Iteration,1,11,0.860109,0.060872
[PI-INFO] Paramount Iteration,5,11,0.859658,0.060860
[PI-INFO] Paramount Iteration,25,11,0.859801,0.060805
[PI-INFO] Paramount Iteration,13,11,0.859602,0.060829
[PI-INFO] Paramount Iteration,8,11,0.859725,0.060815
[PI-INFO] Paramount Iteration,3,11,0.860139,0.060904
[PI-INFO] Paramount Iteration,2,11,0.860068,0.060927
[PI-INFO] Paramount Iteration,11,11,0.860468,0.060865
[PI-INFO] Paramount Iteration,7,11,0.860024,0.060935
[PI-INFO] Paramount Iteration,4,11,0.859949,0.060859
[PI-INFO] Paramount Iteration,12,11,0.859409,0.060821
[PI-INFO] Paramount Iteration,18,11,0.860237,0.060956
[PI-INFO] Paramount Iteration,10,11,0.860121,0.060869
[PI-INFO] Paramount Iteration,24,11,0.860081,0.060822
[PI-INFO] Paramount Iteration,22,11,0.859720,0.060950
[PI-INFO] Paramount Iteration,21,11,0.859733,0.060862
[PI-INFO] Paramount Iteration,19,11,0.859892,0.060907
[PI-INFO] Paramount Iteration,23,11,0.859466,0.060912
[PI-INFO] Paramount Iteration,26,11,0.859978,0.060902
[PI-INFO] Paramount Iteration,28,11,0.859940,0.060818
[PI-INFO] Paramount Iteration,6,11,0.859698,0.060927
[PI-INFO] Paramount Iteration,15,11,0.859824,0.060879
[PI-INFO] Paramount Iteration,20,11,0.859914,0.060881
[PI-INFO] Paramount Iteration,17,11,0.859975,0.060857
[PI-INFO] Paramount Iteration,16,11,0.859734,0.060869
[PI-INFO] Paramount Iteration,14,11,0.859199,0.060871
[PI-INFO] Paramount Iteration,30,11,0.860108,0.060887
[PI-INFO] Paramount Iteration,27,11,0.859853,0.060864
[PI-INFO] Paramount Iteration,31,11,0.859853,0.060860
DFFT  fd32  max 3.858e-03s  avg 2.860e-03s  min 1.392e-03s  dev 7.498e-04s
DFFT  f1dx  max 3.827e-04s  avg 2.643e-04s  min 1.605e-04s  dev 3.761e-05s
DFFT  fd23  max 4.067e-03s  avg 3.095e-03s  min 1.524e-03s  dev 7.611e-04s
DFFT  fd32  max 3.698e-03s  avg 2.791e-03s  min 1.373e-03s  dev 7.624e-04s
DFFT  f1dy  max 3.805e-04s  avg 2.671e-04s  min 1.639e-04s  dev 3.668e-05s
DFFT  fd23  max 3.928e-03s  avg 2.939e-03s  min 1.367e-03s  dev 8.350e-04s
DFFT  fd32  max 2.292e-03s  avg 1.603e-03s  min 1.049e-03s  dev 3.703e-04s
DFFT  f1dz  max 3.810e-04s  avg 2.758e-04s  min 1.633e-04s  dev 3.603e-05s
DFFT fdist  max 1.755e-02s  avg 1.329e-02s  min 7.815e-03s  dev 2.399e-03s
DFFT fdfft  max 1.144e-03s  avg 8.072e-04s  min 4.877e-04s  dev 1.053e-04s
FORWARD     max 2.856e-02s  avg 2.848e-02s  min 2.841e-02s  dev 3.662e-05s

k-space:
real in [1.000000e+00,1.000000e+00] = [3ff0000000000000,3ff0000000000000]
imag in [0.000000e+00,0.000000e+00] = [0,0]

DFFT  b1dz  max 3.371e-04s  avg 2.289e-04s  min 1.630e-04s  dev 2.936e-05s
DFFT  bd23  max 2.209e-03s  avg 1.616e-03s  min 1.008e-03s  dev 3.429e-04s
DFFT  bd32  max 3.887e-03s  avg 2.885e-03s  min 1.334e-03s  dev 8.072e-04s
DFFT  b1dy  max 3.890e-04s  avg 2.774e-04s  min 1.593e-04s  dev 4.254e-05s
DFFT  bd23  max 4.038e-03s  avg 2.901e-03s  min 1.379e-03s  dev 8.045e-04s
DFFT  bd32  max 3.815e-03s  avg 2.906e-03s  min 1.456e-03s  dev 7.516e-04s
DFFT  b1dx  max 3.539e-04s  avg 2.713e-04s  min 1.611e-04s  dev 3.894e-05s
DFFT  bd23  max 4.081e-03s  avg 3.102e-03s  min 1.494e-03s  dev 7.952e-04s
DFFT bdist  max 1.761e-02s  avg 1.341e-02s  min 7.673e-03s  dev 2.364e-03s
DFFT bdfft  max 1.080e-03s  avg 7.776e-04s  min 4.833e-04s  dev 1.049e-04s
BACKWARD    max 2.857e-02s  avg 2.850e-02s  min 2.846e-02s  dev 2.922e-05s

r-space:
a[0,0,0] = (2097152.000000,0.000000) = (4140000000000000,0)
real in [0.000000e+00,0.000000e+00] = [0,0]
imag in [0.000000e+00,0.000000e+00] = [0,0]

[PI-INFO] Paramount Iteration,0,12,0.915921,0.060697

TESTING c

[PI-INFO] Paramount Iteration,30,12,0.920747,0.060639
[PI-INFO] Paramount Iteration,9,12,0.922704,0.060724
[PI-INFO] Paramount Iteration,7,12,0.920682,0.060658
[PI-INFO] Paramount Iteration,18,12,0.920826,0.060589
[PI-INFO] Paramount Iteration,10,12,0.920774,0.060653
[PI-INFO] Paramount Iteration,24,12,0.920747,0.060666
[PI-INFO] Paramount Iteration,22,12,0.920339,0.060619
[PI-INFO] Paramount Iteration,21,12,0.920420,0.060687
[PI-INFO] Paramount Iteration,26,12,0.920584,0.060606
[PI-INFO] Paramount Iteration,15,12,0.920483,0.060659
[PI-INFO] Paramount Iteration,13,12,0.920306,0.060704
[PI-INFO] Paramount Iteration,8,12,0.920423,0.060698
[PI-INFO] Paramount Iteration,17,12,0.920664,0.060689
[PI-INFO] Paramount Iteration,14,12,0.919854,0.060655
[PI-INFO] Paramount Iteration,29,12,0.920744,0.060716
[PI-INFO] Paramount Iteration,27,12,0.920500,0.060647
[PI-INFO] Paramount Iteration,31,12,0.920514,0.060661
[PI-INFO] Paramount Iteration,3,12,0.920819,0.060680
[PI-INFO] Paramount Iteration,2,12,0.920704,0.060636
[PI-INFO] Paramount Iteration,1,12,0.920826,0.060717
[PI-INFO] Paramount Iteration,11,12,0.921154,0.060686
[PI-INFO] Paramount Iteration,4,12,0.920653,0.060704
[PI-INFO] Paramount Iteration,12,12,0.920102,0.060693
[PI-INFO] Paramount Iteration,5,12,0.920375,0.060717
[PI-INFO] Paramount Iteration,25,12,0.920521,0.060720
[PI-INFO] Paramount Iteration,19,12,0.920553,0.060661
[PI-INFO] Paramount Iteration,23,12,0.920124,0.060658
[PI-INFO] Paramount Iteration,28,12,0.920643,0.060703
[PI-INFO] Paramount Iteration,6,12,0.920352,0.060654
[PI-INFO] Paramount Iteration,20,12,0.920563,0.060649
[PI-INFO] Paramount Iteration,16,12,0.920406,0.060672
DFFT  fd32  max 3.838e-03s  avg 2.900e-03s  min 1.534e-03s  dev 7.475e-04s
DFFT  f1dx  max 3.506e-04s  avg 2.615e-04s  min 1.632e-04s  dev 3.481e-05s
DFFT  fd23  max 4.067e-03s  avg 3.121e-03s  min 1.574e-03s  dev 8.186e-04s
DFFT  fd32  max 3.860e-03s  avg 2.839e-03s  min 1.437e-03s  dev 7.970e-04s
DFFT  f1dy  max 4.322e-04s  avg 2.685e-04s  min 1.634e-04s  dev 4.196e-05s
DFFT  fd23  max 3.804e-03s  avg 2.924e-03s  min 1.405e-03s  dev 8.161e-04s
DFFT  fd32  max 2.210e-03s  avg 1.588e-03s  min 9.695e-04s  dev 3.493e-04s
DFFT  f1dz  max 4.038e-04s  avg 2.769e-04s  min 1.655e-04s  dev 3.986e-05s
DFFT fdist  max 1.725e-02s  avg 1.337e-02s  min 7.762e-03s  dev 2.353e-03s
DFFT fdfft  max 1.187e-03s  avg 8.069e-04s  min 4.920e-04s  dev 1.115e-04s
FORWARD     max 2.854e-02s  avg 2.849e-02s  min 2.843e-02s  dev 2.530e-05s

k-space:
real in [1.000000e+00,1.000000e+00] = [3ff0000000000000,3ff0000000000000]
imag in [0.000000e+00,0.000000e+00] = [0,0]

DFFT  b1dz  max 3.513e-04s  avg 2.326e-04s  min 1.608e-04s  dev 3.329e-05s
DFFT  bd23  max 2.233e-03s  avg 1.598e-03s  min 9.724e-04s  dev 3.472e-04s
DFFT  bd32  max 3.924e-03s  avg 2.921e-03s  min 1.298e-03s  dev 8.199e-04s
DFFT  b1dy  max 4.085e-04s  avg 2.798e-04s  min 1.596e-04s  dev 4.192e-05s
DFFT  bd23  max 3.779e-03s  avg 2.929e-03s  min 1.568e-03s  dev 7.738e-04s
DFFT  bd32  max 3.899e-03s  avg 2.966e-03s  min 1.495e-03s  dev 7.759e-04s
DFFT  b1dx  max 3.861e-04s  avg 2.760e-04s  min 1.604e-04s  dev 4.156e-05s
DFFT  bd23  max 4.133e-03s  avg 3.105e-03s  min 1.532e-03s  dev 7.781e-04s
DFFT bdist  max 1.775e-02s  avg 1.352e-02s  min 7.665e-03s  dev 2.400e-03s
DFFT bdfft  max 1.146e-03s  avg 7.885e-04s  min 4.808e-04s  dev 1.116e-04s
BACKWARD    max 2.857e-02s  avg 2.851e-02s  min 2.846e-02s  dev 3.286e-05s

r-space:
a[0,0,0] = (2097152.000000,0.000000) = (4140000000000000,0)
real in [0.000000e+00,0.000000e+00] = [0,0]
imag in [0.000000e+00,0.000000e+00] = [0,0]

[PI-INFO] Paramount Iteration,0,13,0.976720,0.060799

TESTING d

[PI-INFO] Paramount Iteration,9,13,0.983548,0.060844
[PI-INFO] Paramount Iteration,18,13,0.981658,0.060832
[PI-INFO] Paramount Iteration,24,13,0.981557,0.060810
[PI-INFO] Paramount Iteration,25,13,0.981321,0.060800
[PI-INFO] Paramount Iteration,8,13,0.981239,0.060816
[PI-INFO] Paramount Iteration,29,13,0.981580,0.060836
[PI-INFO] Paramount Iteration,3,13,0.981659,0.060840
[PI-INFO] Paramount Iteration,2,13,0.981544,0.060840
[PI-INFO] Paramount Iteration,1,13,0.981664,0.060838
[PI-INFO] Paramount Iteration,11,13,0.981999,0.060845
[PI-INFO] Paramount Iteration,7,13,0.981531,0.060849
[PI-INFO] Paramount Iteration,4,13,0.981482,0.060829
[PI-INFO] Paramount Iteration,12,13,0.980976,0.060874
[PI-INFO] Paramount Iteration,5,13,0.981212,0.060837
[PI-INFO] Paramount Iteration,10,13,0.981642,0.060868
[PI-INFO] Paramount Iteration,22,13,0.981179,0.060840
[PI-INFO] Paramount Iteration,21,13,0.981256,0.060836
[PI-INFO] Paramount Iteration,19,13,0.981360,0.060807
[PI-INFO] Paramount Iteration,23,13,0.980963,0.060839
[PI-INFO] Paramount Iteration,26,13,0.981429,0.060845
[PI-INFO] Paramount Iteration,28,13,0.981476,0.060833
[PI-INFO] Paramount Iteration,6,13,0.981216,0.060864
[PI-INFO] Paramount Iteration,15,13,0.981384,0.060901
[PI-INFO] Paramount Iteration,20,13,0.981409,0.060846
[PI-INFO] Paramount Iteration,13,13,0.981199,0.060893
[PI-INFO] Paramount Iteration,17,13,0.981507,0.060843
[PI-INFO] Paramount Iteration,16,13,0.981215,0.060809
[PI-INFO] Paramount Iteration,14,13,0.980774,0.060920
[PI-INFO] Paramount Iteration,30,13,0.981632,0.060885
[PI-INFO] Paramount Iteration,27,13,0.981351,0.060851
[PI-INFO] Paramount Iteration,31,13,0.981386,0.060872
DFFT  fd32  max 3.880e-03s  avg 2.934e-03s  min 1.508e-03s  dev 7.539e-04s
DFFT  f1dx  max 3.526e-04s  avg 2.647e-04s  min 1.654e-04s  dev 3.705e-05s
DFFT  fd23  max 4.172e-03s  avg 3.080e-03s  min 1.520e-03s  dev 7.820e-04s
DFFT  fd32  max 3.810e-03s  avg 2.814e-03s  min 1.336e-03s  dev 7.955e-04s
DFFT  f1dy  max 3.743e-04s  avg 2.636e-04s  min 1.655e-04s  dev 3.439e-05s
DFFT  fd23  max 3.844e-03s  avg 2.906e-03s  min 1.456e-03s  dev 8.061e-04s
DFFT  fd32  max 2.279e-03s  avg 1.602e-03s  min 9.863e-04s  dev 3.753e-04s
DFFT  f1dz  max 3.499e-04s  avg 2.709e-04s  min 1.650e-04s  dev 3.243e-05s
DFFT fdist  max 1.758e-02s  avg 1.334e-02s  min 7.893e-03s  dev 2.345e-03s
DFFT fdfft  max 1.077e-03s  avg 7.992e-04s  min 4.959e-04s  dev 9.857e-05s
FORWARD     max 2.853e-02s  avg 2.846e-02s  min 2.840e-02s  dev 3.289e-05s

k-space:
real in [1.000000e+00,1.000000e+00] = [3ff0000000000000,3ff0000000000000]
imag in [0.000000e+00,0.000000e+00] = [0,0]

DFFT  b1dz  max 2.772e-04s  avg 2.246e-04s  min 1.610e-04s  dev 2.375e-05s
DFFT  bd23  max 2.258e-03s  avg 1.596e-03s  min 9.675e-04s  dev 3.551e-04s
DFFT  bd32  max 3.801e-03s  avg 2.919e-03s  min 1.462e-03s  dev 8.028e-04s
DFFT  b1dy  max 3.930e-04s  avg 2.774e-04s  min 1.592e-04s  dev 4.017e-05s
DFFT  bd23  max 3.843e-03s  avg 2.923e-03s  min 1.429e-03s  dev 8.097e-04s
DFFT  bd32  max 3.704e-03s  avg 2.887e-03s  min 1.440e-03s  dev 7.321e-04s
DFFT  b1dx  max 3.457e-04s  avg 2.711e-04s  min 1.632e-04s  dev 3.584e-05s
DFFT  bd23  max 4.393e-03s  avg 3.109e-03s  min 1.491e-03s  dev 8.006e-04s
DFFT bdist  max 1.738e-02s  avg 1.343e-02s  min 7.607e-03s  dev 2.394e-03s
DFFT bdfft  max 1.016e-03s  avg 7.732e-04s  min 4.834e-04s  dev 9.514e-05s
BACKWARD    max 2.893e-02s  avg 2.885e-02s  min 2.876e-02s  dev 4.544e-05s

r-space:
a[0,0,0] = (2097152.000000,0.000000) = (4140000000000000,0)
real in [0.000000e+00,0.000000e+00] = [0,0]
imag in [0.000000e+00,0.000000e+00] = [0,0]

[PI-INFO] Paramount Iteration,0,14,1.037808,0.061088

TESTING e

[PI-INFO] Paramount Iteration,30,14,1.042658,0.061026
[PI-INFO] Paramount Iteration,9,14,1.044641,0.061093
[PI-INFO] Paramount Iteration,18,14,1.042727,0.061069
[PI-INFO] Paramount Iteration,22,14,1.042232,0.061053
[PI-INFO] Paramount Iteration,28,14,1.042529,0.061053
[PI-INFO] Paramount Iteration,20,14,1.042464,0.061055
[PI-INFO] Paramount Iteration,13,14,1.042248,0.061049
[PI-INFO] Paramount Iteration,8,14,1.042336,0.061097
[PI-INFO] Paramount Iteration,29,14,1.042647,0.061067
[PI-INFO] Paramount Iteration,3,14,1.042744,0.061085
[PI-INFO] Paramount Iteration,2,14,1.042616,0.061072
[PI-INFO] Paramount Iteration,1,14,1.042738,0.061074
[PI-INFO] Paramount Iteration,11,14,1.043097,0.061098
[PI-INFO] Paramount Iteration,7,14,1.042619,0.061088
[PI-INFO] Paramount Iteration,4,14,1.042554,0.061072
[PI-INFO] Paramount Iteration,12,14,1.042027,0.061051
[PI-INFO] Paramount Iteration,5,14,1.042333,0.061121
[PI-INFO] Paramount Iteration,10,14,1.042726,0.061084
[PI-INFO] Paramount Iteration,24,14,1.042656,0.061099
[PI-INFO] Paramount Iteration,21,14,1.042340,0.061084
[PI-INFO] Paramount Iteration,25,14,1.042424,0.061103
[PI-INFO] Paramount Iteration,19,14,1.042447,0.061087
[PI-INFO] Paramount Iteration,23,14,1.042051,0.061088
[PI-INFO] Paramount Iteration,26,14,1.042511,0.061082
[PI-INFO] Paramount Iteration,6,14,1.042258,0.061042
[PI-INFO] Paramount Iteration,15,14,1.042439,0.061055
[PI-INFO] Paramount Iteration,17,14,1.042603,0.061096
[PI-INFO] Paramount Iteration,16,14,1.042306,0.061091
[PI-INFO] Paramount Iteration,14,14,1.041796,0.061022
[PI-INFO] Paramount Iteration,27,14,1.042441,0.061090
[PI-INFO] Paramount Iteration,31,14,1.042445,0.061059
DFFT  fd32  max 3.915e-03s  avg 2.937e-03s  min 1.467e-03s  dev 7.533e-04s
DFFT  f1dx  max 3.578e-04s  avg 2.702e-04s  min 1.701e-04s  dev 3.751e-05s
DFFT  fd23  max 4.050e-03s  avg 3.076e-03s  min 1.535e-03s  dev 7.673e-04s
DFFT  fd32  max 3.862e-03s  avg 2.826e-03s  min 1.306e-03s  dev 7.956e-04s
DFFT  f1dy  max 3.777e-04s  avg 2.658e-04s  min 1.657e-04s  dev 3.627e-05s
DFFT  fd23  max 3.952e-03s  avg 2.912e-03s  min 1.352e-03s  dev 7.983e-04s
DFFT  fd32  max 2.192e-03s  avg 1.575e-03s  min 9.818e-04s  dev 3.572e-04s
DFFT  f1dz  max 3.718e-04s  avg 2.815e-04s  min 1.656e-04s  dev 3.695e-05s
DFFT fdist  max 1.734e-02s  avg 1.333e-02s  min 7.971e-03s  dev 2.319e-03s
DFFT fdfft  max 1.107e-03s  avg 8.174e-04s  min 5.014e-04s  dev 1.033e-04s
FORWARD     max 2.856e-02s  avg 2.850e-02s  min 2.845e-02s  dev 2.648e-05s

k-space:
real in [1.000000e+00,1.000000e+00] = [3ff0000000000000,3ff0000000000000]
imag in [0.000000e+00,0.000000e+00] = [0,0]

DFFT  b1dz  max 2.834e-04s  avg 2.243e-04s  min 1.634e-04s  dev 2.396e-05s
DFFT  bd23  max 2.198e-03s  avg 1.589e-03s  min 9.483e-04s  dev 3.274e-04s
DFFT  bd32  max 3.846e-03s  avg 2.876e-03s  min 1.415e-03s  dev 8.002e-04s
DFFT  b1dy  max 4.108e-04s  avg 2.763e-04s  min 1.596e-04s  dev 4.161e-05s
DFFT  bd23  max 3.918e-03s  avg 2.919e-03s  min 1.356e-03s  dev 8.178e-04s
DFFT  bd32  max 3.894e-03s  avg 2.892e-03s  min 1.430e-03s  dev 7.443e-04s
DFFT  b1dx  max 3.562e-04s  avg 2.720e-04s  min 1.587e-04s  dev 3.570e-05s
DFFT  bd23  max 4.029e-03s  avg 3.075e-03s  min 1.509e-03s  dev 7.698e-04s
DFFT bdist  max 1.742e-02s  avg 1.335e-02s  min 7.609e-03s  dev 2.349e-03s
DFFT bdfft  max 1.050e-03s  avg 7.725e-04s  min 4.817e-04s  dev 9.710e-05s
BACKWARD    max 2.838e-02s  avg 2.830e-02s  min 2.823e-02s  dev 3.351e-05s

r-space:
a[0,0,0] = (2097152.000000,0.000000) = (4140000000000000,0)
real in [0.000000e+00,0.000000e+00] = [0,0]
imag in [0.000000e+00,0.000000e+00] = [0,0]

[PI-INFO] Paramount Iteration,0,15,1.098321,0.060513
[PI-INFO] PI avg,0,0.060743,15
[PI-INFO] Beta,0,0.000009
[PI-INFO] Total time,1.098329
[PI-INFO] Paramount Iteration,30,15,1.103189,0.060531
[PI-INFO] PI avg,30,0.060739,15
[PI-INFO] Beta,30,0.000023
[PI-INFO] Paramount Iteration,9,15,1.105136,0.060495
[PI-INFO] PI avg,9,0.060743,15
[PI-INFO] Beta,9,0.000011
[PI-INFO] Paramount Iteration,2,15,1.103131,0.060515
[PI-INFO] PI avg,2,0.060740,15
[PI-INFO] Beta,2,0.000024
[PI-INFO] Paramount Iteration,7,15,1.103114,0.060495
[PI-INFO] PI avg,7,0.060740,15
[PI-INFO] Beta,7,0.000025
[PI-INFO] Paramount Iteration,12,15,1.102531,0.060504
[PI-INFO] PI avg,12,0.060741,15
[PI-INFO] Beta,12,0.000026
[PI-INFO] Paramount Iteration,10,15,1.103198,0.060472
[PI-INFO] PI avg,10,0.060741,15
[PI-INFO] Beta,10,0.000029
[PI-INFO] Paramount Iteration,24,15,1.103173,0.060517
[PI-INFO] PI avg,24,0.060742,15
[PI-INFO] Beta,24,0.000026
[PI-INFO] Paramount Iteration,25,15,1.102921,0.060497
[PI-INFO] PI avg,25,0.060743,15
[PI-INFO] Beta,25,0.000025
[PI-INFO] Paramount Iteration,28,15,1.103066,0.060537
[PI-INFO] PI avg,28,0.060741,15
[PI-INFO] Beta,28,0.000025
[PI-INFO] Paramount Iteration,8,15,1.102825,0.060489
[PI-INFO] PI avg,8,0.060742,15
[PI-INFO] Beta,8,0.000025
[PI-INFO] Paramount Iteration,14,15,1.102288,0.060492
[PI-INFO] PI avg,14,0.060739,15
[PI-INFO] Beta,14,0.000024
[PI-INFO] Paramount Iteration,27,15,1.102955,0.060514
[PI-INFO] PI avg,27,0.060742,15
[PI-INFO] Beta,27,0.000024
[PI-INFO] Paramount Iteration,31,15,1.102971,0.060526
[PI-INFO] PI avg,31,0.060739,15
[PI-INFO] Beta,31,0.000022
[PI-INFO] Paramount Iteration,3,15,1.103261,0.060517
[PI-INFO] PI avg,3,0.060745,15
[PI-INFO] Beta,3,0.000024
[PI-INFO] Paramount Iteration,1,15,1.103236,0.060498
[PI-INFO] PI avg,1,0.060744,15
[PI-INFO] Beta,1,0.000030
[PI-INFO] Paramount Iteration,11,15,1.103609,0.060512
[PI-INFO] PI avg,11,0.060745,15
[PI-INFO] Beta,11,0.000024
[PI-INFO] Paramount Iteration,4,15,1.103091,0.060537
[PI-INFO] PI avg,4,0.060742,15
[PI-INFO] Beta,4,0.000025
[PI-INFO] Paramount Iteration,5,15,1.102833,0.060500
[PI-INFO] PI avg,5,0.060743,15
[PI-INFO] Beta,5,0.000025
[PI-INFO] Paramount Iteration,18,15,1.103286,0.060559
[PI-INFO] PI avg,18,0.060743,15
[PI-INFO] Beta,18,0.000024
[PI-INFO] Paramount Iteration,22,15,1.102780,0.060548
[PI-INFO] PI avg,22,0.060741,15
[PI-INFO] Beta,22,0.000026
[PI-INFO] Paramount Iteration,21,15,1.102910,0.060570
[PI-INFO] PI avg,21,0.060746,15
[PI-INFO] Beta,21,0.000026
[PI-INFO] Paramount Iteration,19,15,1.102983,0.060536
[PI-INFO] PI avg,19,0.060744,15
[PI-INFO] Beta,19,0.000024
[PI-INFO] Paramount Iteration,23,15,1.102582,0.060531
[PI-INFO] PI avg,23,0.060742,15
[PI-INFO] Beta,23,0.000025
[PI-INFO] Paramount Iteration,26,15,1.103031,0.060520
[PI-INFO] PI avg,26,0.060743,15
[PI-INFO] Beta,26,0.000025
[PI-INFO] Paramount Iteration,6,15,1.102776,0.060518
[PI-INFO] PI avg,6,0.060737,15
[PI-INFO] Beta,6,0.000027
[PI-INFO] Paramount Iteration,15,15,1.102947,0.060508
[PI-INFO] PI avg,15,0.060741,15
[PI-INFO] Beta,15,0.000023
[PI-INFO] Paramount Iteration,20,15,1.103042,0.060578
[PI-INFO] PI avg,20,0.060745,15
[PI-INFO] Beta,20,0.000025
[PI-INFO] Paramount Iteration,13,15,1.102802,0.060554
[PI-INFO] PI avg,13,0.060746,15
[PI-INFO] Beta,13,0.000026
[PI-INFO] Paramount Iteration,17,15,1.103099,0.060496
[PI-INFO] PI avg,17,0.060745,15
[PI-INFO] Beta,17,0.000029
[PI-INFO] Paramount Iteration,16,15,1.102843,0.060537
[PI-INFO] PI avg,16,0.060746,15
[PI-INFO] Beta,16,0.000027
[PI-INFO] Paramount Iteration,29,15,1.103205,0.060558
[PI-INFO] PI avg,29,0.060744,15
[PI-INFO] Beta,29,0.000026
--------------------------------------------------------------------------
mpirun has exited due to process rank 0 with PID 0 on
node ip-172-31-15-123 exiting improperly. There are three reasons this could occur:

1. this process did not call "init" before exiting, but others in
the job did. This can cause a job to hang indefinitely while it waits
for all processes to call "init". By rule, if one process calls "init",
then ALL processes must call "init" prior to termination.

2. this process called "init", but exited without calling "finalize".
By rule, all processes that call "init" MUST call "finalize" prior to
exiting or it will be considered an "abnormal termination"

3. this process called "MPI_Abort" or "orte_abort" and the mca parameter
orte_create_session_dirs is set to false. In this case, the run-time cannot
detect that the abort call was an abnormal termination. Hence, the only
error message you will receive is this one.

This may have caused other processes in the application to be
terminated by signals sent by mpirun (as reported here).

You can avoid this message by specifying -quiet on the mpirun command line.
--------------------------------------------------------------------------
[ip-172-31-15-123:17072] 31 more processes have sent help message help-mpi-btl-base.txt / btl:no-nics
[ip-172-31-15-123:17072] Set MCA parameter "orte_base_help_aggregate" to 0 to see all help / error messages
Command exited with non-zero status 1
	Command being timed: "mpirun --hostfile /home/ubuntu/PI-Bench/ECP-Proxy-Apps/hostfile -n 32 ./build/TestDfft 1000 128"
	User time (seconds): 0.66
	System time (seconds): 0.43
	Percent of CPU this job got: 28%
	Elapsed (wall clock) time (h:mm:ss or m:ss): 0:03.85
	Average shared text size (kbytes): 0
	Average unshared data size (kbytes): 0
	Average stack size (kbytes): 0
	Average total size (kbytes): 0
	Maximum resident set size (kbytes): 19368
	Average resident set size (kbytes): 0
	Major (requiring I/O) page faults: 4
	Minor (reclaiming a frame) page faults: 6376
	Voluntary context switches: 1318
	Involuntary context switches: 20
	Swaps: 0
	File system inputs: 0
	File system outputs: 16528
	Socket messages sent: 0
	Socket messages received: 0
	Signals delivered: 0
	Page size (bytes): 4096
	Exit status: 1
