--------------------------------------------------------------------------
[[8430,1],9]: A high-performance Open MPI point-to-point messaging module
was unable to find any relevant network interfaces:

Module: OpenFabrics (openib)
  Host: ip-172-31-12-77

Another transport will be used instead, although this may result in
lower performance.

NOTE: You can disable this warning by setting the MCA parameter
btl_base_warn_component_unused to 0.
--------------------------------------------------------------------------
 ERROR: Code compiled for a max of          10  processors.
 Recompile with LP =          32  or run with fewer processors.
 Aborting in routine INIPROC.
 ERROR: Code compiled for a max of          10  processors.
 Recompile with LP =          32  or run with fewer processors.
 Aborting in routine INIPROC.
 ERROR: Code compiled for a max of          10  processors.
 Recompile with LP =          32  or run with fewer processors.
 Aborting in routine INIPROC.
 ERROR: Code compiled for a max of          10  processors.
 Recompile with LP =          32  or run with fewer processors.
 Aborting in routine INIPROC.
 ERROR: Code compiled for a max of          10  processors.
 Recompile with LP =          32  or run with fewer processors.
 Aborting in routine INIPROC.
 ERROR: Code compiled for a max of          10  processors.
 Recompile with LP =          32  or run with fewer processors.
 Aborting in routine INIPROC.
 ERROR: Code compiled for a max of          10  processors.
 Recompile with LP =          32  or run with fewer processors.
 Aborting in routine INIPROC.
 ERROR: Code compiled for a max of          10  processors.
 Recompile with LP =          32  or run with fewer processors.
 Aborting in routine INIPROC.
 ERROR: Code compiled for a max of          10  processors.
 Recompile with LP =          32  or run with fewer processors.
 Aborting in routine INIPROC.
 ERROR: Code compiled for a max of          10  processors.
 Recompile with LP =          32  or run with fewer processors.
 Aborting in routine INIPROC.
 ERROR: Code compiled for a max of          10  processors.
 Recompile with LP =          32  or run with fewer processors.
 Aborting in routine INIPROC.
 ERROR: Code compiled for a max of          10  processors.
 Recompile with LP =          32  or run with fewer processors.
 Aborting in routine INIPROC.
 ERROR: Code compiled for a max of          10  processors.
 Recompile with LP =          32  or run with fewer processors.
 Aborting in routine INIPROC.
 ERROR: Code compiled for a max of          10  processors.
 Recompile with LP =          32  or run with fewer processors.
 Aborting in routine INIPROC.
 ERROR: Code compiled for a max of          10  processors.
 Recompile with LP =          32  or run with fewer processors.
 Aborting in routine INIPROC.
 ERROR: Code compiled for a max of          10  processors.
 Recompile with LP =          32  or run with fewer processors.
 Aborting in routine INIPROC.
 ERROR: Code compiled for a max of          10  processors.
 Recompile with LP =          32  or run with fewer processors.
 Aborting in routine INIPROC.
 ERROR: Code compiled for a max of          10  processors.
 Recompile with LP =          32  or run with fewer processors.
 Aborting in routine INIPROC.
 ERROR: Code compiled for a max of          10  processors.
 Recompile with LP =          32  or run with fewer processors.
 Aborting in routine INIPROC.
 ERROR: Code compiled for a max of          10  processors.
 Recompile with LP =          32  or run with fewer processors.
 Aborting in routine INIPROC.
 ERROR: Code compiled for a max of          10  processors.
 Recompile with LP =          32  or run with fewer processors.
 Aborting in routine INIPROC.
 ERROR: Code compiled for a max of          10  processors.
 Recompile with LP =          32  or run with fewer processors.
 Aborting in routine INIPROC.
 ERROR: Code compiled for a max of          10  processors.
 Recompile with LP =          32  or run with fewer processors.
 Aborting in routine INIPROC.
 ERROR: Code compiled for a max of          10  processors.
 Recompile with LP =          32  or run with fewer processors.
 Aborting in routine INIPROC.
 ERROR: Code compiled for a max of          10  processors.
 Recompile with LP =          32  or run with fewer processors.
 Aborting in routine INIPROC.
 ERROR: Code compiled for a max of          10  processors.
 Recompile with LP =          32  or run with fewer processors.
 Aborting in routine INIPROC.
 ERROR: Code compiled for a max of          10  processors.
 Recompile with LP =          32  or run with fewer processors.
 Aborting in routine INIPROC.
 ERROR: Code compiled for a max of          10  processors.
 Recompile with LP =          32  or run with fewer processors.
 Aborting in routine INIPROC.
 ERROR: Code compiled for a max of          10  processors.
 Recompile with LP =          32  or run with fewer processors.
 Aborting in routine INIPROC.
 ERROR: Code compiled for a max of          10  processors.
 Recompile with LP =          32  or run with fewer processors.
 Aborting in routine INIPROC.
 ERROR: Code compiled for a max of          10  processors.
 Recompile with LP =          32  or run with fewer processors.
 Aborting in routine INIPROC.
 ERROR: Code compiled for a max of          10  processors.
 Recompile with LP =          32  or run with fewer processors.
 Aborting in routine INIPROC.
  
call exitt: dying ...
  
  
total elapsed time             :   0.00000E+00 sec


Program received signal SIGFPE: Floating-point exception - erroneous arithmetic operation.

Backtrace for this error:

Program received signal SIGFPE: Floating-point exception - erroneous arithmetic operation.

Backtrace for this error:

Program received signal SIGFPE: Floating-point exception - erroneous arithmetic operation.

Backtrace for this error:

Program received signal SIGFPE: Floating-point exception - erroneous arithmetic operation.

Backtrace for this error:

Program received signal SIGFPE: Floating-point exception - erroneous arithmetic operation.

Backtrace for this error:

Program received signal SIGFPE: Floating-point exception - erroneous arithmetic operation.

Backtrace for this error:

Program received signal SIGFPE: Floating-point exception - erroneous arithmetic operation.

Backtrace for this error:

Program received signal SIGFPE: Floating-point exception - erroneous arithmetic operation.

Backtrace for this error:

Program received signal SIGFPE: Floating-point exception - erroneous arithmetic operation.

Backtrace for this error:

Program received signal SIGFPE: Floating-point exception - erroneous arithmetic operation.

Backtrace for this error:

Program received signal SIGFPE: Floating-point exception - erroneous arithmetic operation.

Backtrace for this error:

Program received signal SIGFPE: Floating-point exception - erroneous arithmetic operation.

Backtrace for this error:

Program received signal SIGFPE: Floating-point exception - erroneous arithmetic operation.

Backtrace for this error:

Program received signal SIGFPE: Floating-point exception - erroneous arithmetic operation.

Backtrace for this error:

Program received signal SIGFPE: Floating-point exception - erroneous arithmetic operation.

Backtrace for this error:

Program received signal SIGFPE: Floating-point exception - erroneous arithmetic operation.

Backtrace for this error:

Program received signal SIGFPE: Floating-point exception - erroneous arithmetic operation.

Backtrace for this error:

Program received signal SIGFPE: Floating-point exception - erroneous arithmetic operation.

Backtrace for this error:

Program received signal SIGFPE: Floating-point exception - erroneous arithmetic operation.

Backtrace for this error:

Program received signal SIGFPE: Floating-point exception - erroneous arithmetic operation.

Backtrace for this error:

Program received signal SIGFPE: Floating-point exception - erroneous arithmetic operation.

Backtrace for this error:

Program received signal SIGFPE: Floating-point exception - erroneous arithmetic operation.

Backtrace for this error:

Program received signal SIGFPE: Floating-point exception - erroneous arithmetic operation.

Backtrace for this error:

Program received signal SIGFPE: Floating-point exception - erroneous arithmetic operation.

Backtrace for this error:

Program received signal SIGFPE: Floating-point exception - erroneous arithmetic operation.

Backtrace for this error:

Program received signal SIGFPE: Floating-point exception - erroneous arithmetic operation.

Backtrace for this error:

Program received signal SIGFPE: Floating-point exception - erroneous arithmetic operation.

Backtrace for this error:

Program received signal SIGFPE: Floating-point exception - erroneous arithmetic operation.

Backtrace for this error:

Program received signal SIGFPE: Floating-point exception - erroneous arithmetic operation.

Backtrace for this error:

Program received signal SIGFPE: Floating-point exception - erroneous arithmetic operation.

Backtrace for this error:

Program received signal SIGFPE: Floating-point exception - erroneous arithmetic operation.

Backtrace for this error:

Program received signal SIGFPE: Floating-point exception - erroneous arithmetic operation.

Backtrace for this error:
#0  0x7f01a949532a
#1  0x7f01a9494503
#2  0x7f01a8b1203f
#3  0x55d67b195371
#4  0x55d67b197209
#5  0x55d67b1879d3
#6  0x55d67b18468e
#7  0x7f01a8af4bf6
#8  0x55d67b1846c9
#9  0xffffffffffffffff
#0  0x7f4e70bd932a
#1  0x7f4e70bd8503
#2  0x7f4e7025603f
#3  0x5567fbdd7371
#4  0x5567fbdd9209
#5  0x5567fbdc99d3
#6  0x5567fbdc668e
#7  0x7f4e70238bf6
#8  0x5567fbdc66c9
#9  0xffffffffffffffff
#0  0x7fb52d88532a
#1  0x7fb52d884503
#2  0x7fb52cf0203f
#3  0x5604c7c1c371
#4  0x5604c7c1e209
#5  0x5604c7c0e9d3
#6  0x5604c7c0b68e
#7  0x7fb52cee4bf6
#8  0x5604c7c0b6c9
#9  0xffffffffffffffff
#0  0x7f3021d9432a
#1  0x7f3021d93503
#2  0x7f302141103f
#3  0x555860e9a371
#4  0x555860e9c209
#5  0x555860e8c9d3
#6  0x555860e8968e
#7  0x7f30213f3bf6
#8  0x555860e896c9
#9  0xffffffffffffffff
#0  0x7f9a3f5e532a
#1  0x7f9a3f5e4503
#2  0x7f9a3ec6203f
#3  0x56394620c371
#4  0x56394620e209
#5  0x5639461fe9d3
#6  0x5639461fb68e
#7  0x7f9a3ec44bf6
#8  0x5639461fb6c9
#9  0xffffffffffffffff
#0  0x7f0b7ac1932a
#1  0x7f0b7ac18503
#2  0x7f0b7a29603f
#3  0x55861236d371
#4  0x55861236f209
#5  0x55861235f9d3
#6  0x55861235c68e
#7  0x7f0b7a278bf6
#8  0x55861235c6c9
#9  0xffffffffffffffff
#0  0x7fb8ee6c032a
#1  0x7fb8ee6bf503
#2  0x7fb8edd3d03f
#3  0x556c12289371
#4  0x556c1228b209
#5  0x556c1227b9d3
#6  0x556c1227868e
#7  0x7fb8edd1fbf6
#8  0x556c122786c9
#9  0xffffffffffffffff
#0  0x7f19222b432a
#1  0x7f19222b3503
#2  0x7f192193103f
#3  0x564d3d030371
#4  0x564d3d032209
#5  0x564d3d0229d3
#6  0x564d3d01f68e
#7  0x7f1921913bf6
#8  0x564d3d01f6c9
#9  0xffffffffffffffff
#0  0x7fa8fe89e32a
#1  0x7fa8fe89d503
#2  0x7fa8fdf1b03f
#3  0x561f98e0c371
#4  0x561f98e0e209
#5  0x561f98dfe9d3
#6  0x561f98dfb68e
#7  0x7fa8fdefdbf6
#8  0x561f98dfb6c9
#9  0xffffffffffffffff
#0  0x7f4cb645b32a
#1  0x7f4cb645a503
#2  0x7f4cb5ad803f
#3  0x55a4760c0371
#4  0x55a4760c2209
#5  0x55a4760b29d3
#6  0x55a4760af68e
#7  0x7f4cb5ababf6
#8  0x55a4760af6c9
#9  0xffffffffffffffff
#0  0x7f19f7b2332a
#1  0x7f19f7b22503
#2  0x7f19f71a003f
#3  0x558bd0a6e371
#4  0x558bd0a70209
#5  0x558bd0a609d3
#6  0x558bd0a5d68e
#7  0x7f19f7182bf6
#8  0x558bd0a5d6c9
#9  0xffffffffffffffff
#0  0x7f7eb0e5c32a
#1  0x7f7eb0e5b503
#2  0x7f7eb04d903f
#3  0x56258c8a5371
#4  0x56258c8a7209
#5  0x56258c8979d3
#6  0x56258c89468e
#7  0x7f7eb04bbbf6
#8  0x56258c8946c9
#9  0xffffffffffffffff
#0  0x7f5d1568832a
#1  0x7f5d15687503
#2  0x7f5d14d0503f
#3  0x56490aa91371
#4  0x56490aa93209
#5  0x56490aa839d3
#6  0x56490aa8068e
#7  0x7f5d14ce7bf6
#8  0x56490aa806c9
#9  0xffffffffffffffff
#0  0x7f3ee7d4f32a
#1  0x7f3ee7d4e503
#2  0x7f3ee73cc03f
#3  0x55ebc0210371
#4  0x55ebc0212209
#5  0x55ebc02029d3
#6  0x55ebc01ff68e
#7  0x7f3ee73aebf6
#8  0x55ebc01ff6c9
#9  0xffffffffffffffff
#0  0x7f1d446f332a
#1  0x7f1d446f2503
#2  0x7f1d43d7003f
#3  0x55ba69187371
#4  0x55ba69189209
#5  0x55ba691799d3
#6  0x55ba6917668e
#7  0x7f1d43d52bf6
#8  0x55ba691766c9
#9  0xffffffffffffffff
#0  0x7fc86a01a32a
#1  0x7fc86a019503
#2  0x7fc86969703f
#3  0x55ed61dad371
#4  0x55ed61daf209
#5  0x55ed61d9f9d3
#6  0x55ed61d9c68e
#7  0x7fc869679bf6
#8  0x55ed61d9c6c9
#9  0xffffffffffffffff
#0  0x7f6c48eec32a
#1  0x7f6c48eeb503
#2  0x7f6c4856903f
#3  0x5576cba0f371
#4  0x5576cba11209
#5  0x5576cba019d3
#6  0x5576cb9fe68e
#7  0x7f6c4854bbf6
#8  0x5576cb9fe6c9
#9  0xffffffffffffffff
#0  0x7f4b20faa32a
#1  0x7f4b20fa9503
#2  0x7f4b2062703f
#3  0x55a8aa3a3371
#4  0x55a8aa3a5209
#5  0x55a8aa3959d3
#6  0x55a8aa39268e
#7  0x7f4b20609bf6
#8  0x55a8aa3926c9
#9  0xffffffffffffffff
#0  0x7fb729b7432a
#1  0x7fb729b73503
#2  0x7fb7291f103f
#3  0x55ce49d56371
#4  0x55ce49d58209
#5  0x55ce49d489d3
#6  0x55ce49d4568e
#7  0x7fb7291d3bf6
#8  0x55ce49d456c9
#9  0xffffffffffffffff
#0  0x7fcf8068632a
#1  0x7fcf80685503
#2  0x7fcf7fd0303f
#3  0x5644fdfbe371
#4  0x5644fdfc0209
#5  0x5644fdfb09d3
#6  0x5644fdfad68e
#7  0x7fcf7fce5bf6
#8  0x5644fdfad6c9
#9  0xffffffffffffffff
#0  0x7f913e04532a
#1  0x7f913e044503
#2  0x7f913d6c203f
#3  0x5650b3bdd371
#4  0x5650b3bdf209
#5  0x5650b3bcf9d3
#6  0x5650b3bcc68e
#7  0x7f913d6a4bf6
#8  0x5650b3bcc6c9
#9  0xffffffffffffffff
#0  0x7ff8b0f9432a
#1  0x7ff8b0f93503
#2  0x7ff8b061103f
#3  0x55b1d345e371
#4  0x55b1d3460209
#5  0x55b1d34509d3
#6  0x55b1d344d68e
#7  0x7ff8b05f3bf6
#8  0x55b1d344d6c9
#9  0xffffffffffffffff
#0  0x7fdd9990e32a
#1  0x7fdd9990d503
#2  0x7fdd98f8b03f
#3  0x558f6f378371
#4  0x558f6f37a209
#5  0x558f6f36a9d3
#6  0x558f6f36768e
#7  0x7fdd98f6dbf6
#8  0x558f6f3676c9
#9  0xffffffffffffffff
#0  0x7ff9c447232a
#1  0x7ff9c4471503
#2  0x7ff9c3aef03f
#3  0x55693caae371
#4  0x55693cab0209
#5  0x55693caa09d3
#6  0x55693ca9d68e
#7  0x7ff9c3ad1bf6
#0  0x7fa3e7f2732a
#1  0x7fa3e7f26503
#2  0x7fa3e75a403f
#3  0x55c31d9e4371
#4  0x55c31d9e6209
#5  0x55c31d9d69d3
#6  0x55c31d9d368e
#7  0x7fa3e7586bf6
#8  0x55c31d9d36c9
#9  0xffffffffffffffff
#0  0x7f8fafa7c32a
#1  0x7f8fafa7b503
#2  0x7f8faf0f903f
#3  0x557741b43371
#4  0x557741b45209
#5  0x557741b359d3
#6  0x557741b3268e
#7  0x7f8faf0dbbf6
#8  0x557741b326c9
#9  0xffffffffffffffff
#0  0x7fcb86a6032a
#1  0x7fcb86a5f503
#2  0x7fcb860dd03f
#3  0x55c05257a371
#4  0x55c05257c209
#5  0x55c05256c9d3
#6  0x55c05256968e
#7  0x7fcb860bfbf6
#8  0x55c0525696c9
#9  0xffffffffffffffff
#0  0x7f08e530632a
#1  0x7f08e5305503
#2  0x7f08e498303f
#3  0x55f773c7f371
#4  0x55f773c81209
#5  0x55f773c719d3
#6  0x55f773c6e68e
#7  0x7f08e4965bf6
#8  0x55f773c6e6c9
#9  0xffffffffffffffff
#0  0x7f67c5dca32a
#1  0x7f67c5dc9503
#2  0x7f67c544703f
#3  0x559215d8c371
#4  0x559215d8e209
#5  0x559215d7e9d3
#6  0x559215d7b68e
#7  0x7f67c5429bf6
#8  0x559215d7b6c9
#9  0xffffffffffffffff
#8  0x55693ca9d6c9
#9  0xffffffffffffffff
#0  0x7f35a29db32a
#1  0x7f35a29da503
#2  0x7f35a205803f
#3  0x5622549ea371
#4  0x5622549ec209
#5  0x5622549dc9d3
#6  0x5622549d968e
#7  0x7f35a203abf6
#8  0x5622549d96c9
#9  0xffffffffffffffff
#0  0x7f712acc232a
#1  0x7f712acc1503
#2  0x7f712a33f03f
#3  0x5635824a7371
#4  0x5635824a9209
#5  0x5635824999d3
#6  0x56358249668e
#7  0x7f712a321bf6
#8  0x5635824966c9
#9  0xffffffffffffffff
#0  0x7fd90b47832a
#1  0x7fd90b477503
#2  0x7fd90aaf503f
#3  0x5655516c2371
#4  0x5655516c4209
#5  0x5655516b49d3
#6  0x5655516b168e
#7  0x7fd90aad7bf6
#8  0x5655516b16c9
#9  0xffffffffffffffff
--------------------------------------------------------------------------
mpirun noticed that process rank 9 with PID 20387 on node 172.31.12.77 exited on signal 8 (Floating point exception).
--------------------------------------------------------------------------
[ip-172-31-15-123:18392] 31 more processes have sent help message help-mpi-btl-base.txt / btl:no-nics
[ip-172-31-15-123:18392] Set MCA parameter "orte_base_help_aggregate" to 0 to see all help / error messages
Command exited with non-zero status 136
	Command being timed: "mpirun --hostfile /home/ubuntu/PI-Bench/ECP-Proxy-Apps/hostfile -n 32 ./nekbone"
	User time (seconds): 0.06
	System time (seconds): 0.05
	Percent of CPU this job got: 5%
	Elapsed (wall clock) time (h:mm:ss or m:ss): 0:02.03
	Average shared text size (kbytes): 0
	Average unshared data size (kbytes): 0
	Average stack size (kbytes): 0
	Average total size (kbytes): 0
	Maximum resident set size (kbytes): 19384
	Average resident set size (kbytes): 0
	Major (requiring I/O) page faults: 4
	Minor (reclaiming a frame) page faults: 6020
	Voluntary context switches: 921
	Involuntary context switches: 15
	Swaps: 0
	File system inputs: 0
	File system outputs: 16440
	Socket messages sent: 0
	Socket messages received: 0
	Signals delivered: 0
	Page size (bytes): 4096
	Exit status: 136
