--------------------------------------------------------------------------
[[46703,1],0]: A high-performance Open MPI point-to-point messaging module
was unable to find any relevant network interfaces:

Module: OpenFabrics (openib)
  Host: ip-172-31-12-60

Another transport will be used instead, although this may result in
lower performance.

NOTE: You can disable this warning by setting the MCA parameter
btl_base_warn_component_unused to 0.
--------------------------------------------------------------------------
 Number of processors:           4
 REAL    wdsize      :           8
 INTEGER wdsize      :           4
 ifmgrid    : F     ifbrick    : T
[PI-INFO] Init time,0,0.137366

 Processor Distribution:  npx,npy,npz=           2           2           1
 Element Distribution: nelx,nely,nelz=           2           2           1
 Local Element Distribution: mx,my,mz=           1           1           1
[PI-INFO] Init time,2,0.130277
[PI-INFO] Init time,1,0.129283
[PI-INFO] Init time,3,0.129454
gs_setup: 370 unique labels shared
   pairwise times (avg, min, max): 4.34806e-05 4.27139e-05 4.42104e-05
   crystal router                : 7.12357e-05 6.99644e-05 7.25172e-05
   all reduce                    : 7.24347e-05 7.13386e-05 7.40872e-05
   used all_to_all method: pairwise

cg:   0  3.3172E+01
cg: 101  3.1435E-14  4.1218E-01  4.5780E-01  5.9627E-27
cg:   0  3.3172E+01
cg: 101  3.1435E-14  4.1218E-01  4.5780E-01  5.9627E-27

nelt =       1, np =         4, nx1 =      10, elements =         4
Tot MFlops =   0.0000E+00, MFlops      =   0.0000E+00
Setup Flop =   1.3900E+07, Solver Flop =   1.5150E+06
Solve Time =   0.0000E+00
[PI-INFO] Paramount Iteration,0,1,0.193074,0.055708

 Processor Distribution:  npx,npy,npz=           2           2           1
 Element Distribution: nelx,nely,nelz=           4           2           1
 Local Element Distribution: mx,my,mz=           2           1           1
[PI-INFO] Paramount Iteration,2,1,0.185903,0.055626
[PI-INFO] Paramount Iteration,3,1,0.184994,0.055540
[PI-INFO] Paramount Iteration,1,1,0.184875,0.055592
gs_setup: 550 unique labels shared
   pairwise times (avg, min, max): 4.17526e-05 4.1063e-05 4.21762e-05
   crystal router                : 6.31747e-05 6.23875e-05 6.37617e-05
   all reduce                    : 7.68271e-05 7.64846e-05 7.70595e-05
   used all_to_all method: pairwise

cg:   0  4.7630E+01
cg: 101  2.1294E-09  4.0491E-01  6.4614E-01  1.8099E-17
cg:   0  5.3187E+01
cg: 101  3.2556E-09  4.3124E-01  6.3677E-01  3.9727E-17

nelt =       2, np =         4, nx1 =      10, elements =         8
Tot MFlops =   0.0000E+00, MFlops      =   0.0000E+00
Setup Flop =   2.7800E+07, Solver Flop =   3.0300E+06
Solve Time =   0.0000E+00
[PI-INFO] Paramount Iteration,0,2,0.252206,0.059132

 Processor Distribution:  npx,npy,npz=           2           2           1
 Element Distribution: nelx,nely,nelz=           6           2           1
 Local Element Distribution: mx,my,mz=           3           1           1
[PI-INFO] Paramount Iteration,2,2,0.245046,0.059143
[PI-INFO] Paramount Iteration,3,2,0.244129,0.059135
[PI-INFO] Paramount Iteration,1,2,0.244021,0.059146
gs_setup: 730 unique labels shared
   pairwise times (avg, min, max): 4.17787e-05 4.12317e-05 4.27474e-05
   crystal router                : 7.10081e-05 6.94344e-05 7.31501e-05
   all reduce                    : 7.75285e-05 7.6765e-05 7.78282e-05
   used all_to_all method: pairwise

cg:   0  5.8368E+01
cg: 101  3.3162E-09  3.9307E-01  6.6706E-01  4.3244E-17
cg:   0  6.6502E+01
cg: 101  5.6970E-09  4.0761E-01  6.3963E-01  1.2314E-16

nelt =       3, np =         4, nx1 =      10, elements =        12
Tot MFlops =   0.0000E+00, MFlops      =   0.0000E+00
Setup Flop =   4.1700E+07, Solver Flop =   4.5450E+06
Solve Time =   0.0000E+00
[PI-INFO] Paramount Iteration,0,3,0.317311,0.065105

 Processor Distribution:  npx,npy,npz=           2           2           1
 Element Distribution: nelx,nely,nelz=           4           4           1
 Local Element Distribution: mx,my,mz=           2           2           1
[PI-INFO] Paramount Iteration,2,3,0.310168,0.065122
[PI-INFO] Paramount Iteration,3,3,0.309219,0.065090
[PI-INFO] Paramount Iteration,1,3,0.309104,0.065083
gs_setup: 730 unique labels shared
   pairwise times (avg, min, max): 4.55944e-05 4.50421e-05 4.58336e-05
   crystal router                : 7.19402e-05 7.06326e-05 7.29958e-05
   all reduce                    : 7.47277e-05 7.38374e-05 7.53687e-05
   used all_to_all method: pairwise

cg:   0  6.7293E+01
cg: 101  4.5056E-09  4.2185E-01  6.3842E-01  7.3069E-17
cg:   0  7.6600E+01
cg: 101  6.8098E-09  4.2530E-01  6.4396E-01  1.6792E-16

nelt =       4, np =         4, nx1 =      10, elements =        16
Tot MFlops =   0.0000E+00, MFlops      =   0.0000E+00
Setup Flop =   5.5600E+07, Solver Flop =   6.0600E+06
Solve Time =   0.0000E+00
[PI-INFO] Paramount Iteration,0,4,0.387188,0.069877

 Processor Distribution:  npx,npy,npz=           2           2           1
 Element Distribution: nelx,nely,nelz=          10           2           1
 Local Element Distribution: mx,my,mz=           5           1           1
[PI-INFO] Paramount Iteration,2,4,0.380047,0.069879
[PI-INFO] Paramount Iteration,3,4,0.379111,0.069892
[PI-INFO] Paramount Iteration,1,4,0.378999,0.069895
gs_setup: 1090 unique labels shared
   pairwise times (avg, min, max): 4.36981e-05 4.30692e-05 4.46988e-05
   crystal router                : 7.70318e-05 7.50231e-05 7.88168e-05
   all reduce                    : 7.2626e-05 7.14668e-05 7.39067e-05
   used all_to_all method: pairwise

cg:   0  7.5051E+01
cg: 101  6.5269E-09  4.2276E-01  6.0900E-01  1.6351E-16
cg:   0  8.6669E+01
cg: 101  9.6638E-09  4.2330E-01  6.1534E-01  3.5474E-16

nelt =       5, np =         4, nx1 =      10, elements =        20
Tot MFlops =   0.0000E+00, MFlops      =   0.0000E+00
Setup Flop =   6.9500E+07, Solver Flop =   7.5750E+06
Solve Time =   0.0000E+00
[PI-INFO] Paramount Iteration,0,5,0.462718,0.075530

 Processor Distribution:  npx,npy,npz=           2           2           1
 Element Distribution: nelx,nely,nelz=           6           4           1
 Local Element Distribution: mx,my,mz=           3           2           1
[PI-INFO] Paramount Iteration,2,5,0.455576,0.075529
[PI-INFO] Paramount Iteration,3,5,0.454618,0.075507
[PI-INFO] Paramount Iteration,1,5,0.454511,0.075512
gs_setup: 910 unique labels shared
   pairwise times (avg, min, max): 4.59173e-05 4.55619e-05 4.68043e-05
   crystal router                : 7.49003e-05 7.36288e-05 7.61648e-05
   all reduce                    : 7.5717e-05 7.34e-05 7.93462e-05
   used all_to_all method: pairwise

cg:   0  8.2677E+01
cg: 101  5.9459E-09  4.1917E-01  6.3496E-01  1.3206E-16
cg:   0  9.4442E+01
cg: 101  8.2461E-09  4.2243E-01  6.3990E-01  2.5171E-16

nelt =       6, np =         4, nx1 =      10, elements =        24
Tot MFlops =   0.0000E+00, MFlops      =   0.0000E+00
Setup Flop =   8.3400E+07, Solver Flop =   9.0900E+06
Solve Time =   0.0000E+00
[PI-INFO] Paramount Iteration,0,6,0.543618,0.080900

 Processor Distribution:  npx,npy,npz=           2           2           1
 Element Distribution: nelx,nely,nelz=          14           2           1
 Local Element Distribution: mx,my,mz=           7           1           1
[PI-INFO] Paramount Iteration,2,6,0.536463,0.080887
[PI-INFO] Paramount Iteration,3,6,0.535531,0.080913
[PI-INFO] Paramount Iteration,1,6,0.535432,0.080921
gs_setup: 1450 unique labels shared
   pairwise times (avg, min, max): 4.65351e-05 4.5761e-05 4.73525e-05
   crystal router                : 8.44184e-05 8.27805e-05 8.5476e-05
   all reduce                    : 0.000205355 0.000203608 0.000206552
   used all_to_all method: pairwise

cg:   0  8.8528E+01
cg: 101  7.8084E-09  3.9661E-01  6.2942E-01  2.4772E-16
cg:   0  1.0323E+02
cg: 101  1.1350E-08  4.0191E-01  6.3344E-01  5.0306E-16

nelt =       7, np =         4, nx1 =      10, elements =        28
Tot MFlops =   0.0000E+00, MFlops      =   0.0000E+00
Setup Flop =   9.7300E+07, Solver Flop =   1.0605E+07
Solve Time =   0.0000E+00
[PI-INFO] Paramount Iteration,0,7,0.632531,0.088913

 Processor Distribution:  npx,npy,npz=           2           2           1
 Element Distribution: nelx,nely,nelz=           4           4           2
 Local Element Distribution: mx,my,mz=           2           2           2
[PI-INFO] Paramount Iteration,2,7,0.625413,0.088950
[PI-INFO] Paramount Iteration,3,7,0.624447,0.088916
[PI-INFO] Paramount Iteration,1,7,0.624341,0.088909
gs_setup: 1387 unique labels shared
   pairwise times (avg, min, max): 4.45671e-05 4.41154e-05 4.55054e-05
   crystal router                : 7.82367e-05 7.63271e-05 7.96419e-05
   all reduce                    : 0.000208799 0.000206837 0.000211275
   used all_to_all method: pairwise

cg:   0  9.6175E+01
cg: 101  7.0055E-09  4.0225E-01  6.3835E-01  1.8649E-16
cg:   0  1.0651E+02
cg: 101  1.0422E-08  4.1139E-01  6.3623E-01  4.0479E-16

nelt =       8, np =         4, nx1 =      10, elements =        32
Tot MFlops =   0.0000E+00, MFlops      =   0.0000E+00
Setup Flop =   1.1120E+08, Solver Flop =   1.2120E+07
Solve Time =   0.0000E+00
[PI-INFO] Paramount Iteration,0,8,0.726435,0.093904

 Processor Distribution:  npx,npy,npz=           2           2           1
 Element Distribution: nelx,nely,nelz=           6           6           1
 Local Element Distribution: mx,my,mz=           3           3           1
[PI-INFO] Paramount Iteration,2,8,0.719320,0.093907
[PI-INFO] Paramount Iteration,1,8,0.718230,0.093889
[PI-INFO] Paramount Iteration,3,8,0.718384,0.093937
gs_setup: 1090 unique labels shared
   pairwise times (avg, min, max): 4.52992e-05 4.37689e-05 4.63281e-05
   crystal router                : 7.53553e-05 7.45235e-05 7.63383e-05
   all reduce                    : 7.29723e-05 7.22646e-05 7.36782e-05
   used all_to_all method: pairwise

cg:   0  1.0115E+02
cg: 101  8.2121E-09  4.0413E-01  6.5487E-01  2.5546E-16
cg:   0  1.1557E+02
cg: 101  1.1831E-08  4.1490E-01  6.3887E-01  5.2249E-16

nelt =       9, np =         4, nx1 =      10, elements =        36
Tot MFlops =   0.0000E+00, MFlops      =   0.0000E+00
Setup Flop =   1.2510E+08, Solver Flop =   1.3635E+07
Solve Time =   0.0000E+00
[PI-INFO] Paramount Iteration,0,9,0.822567,0.096132

 Processor Distribution:  npx,npy,npz=           2           2           1
 Element Distribution: nelx,nely,nelz=          10           4           1
 Local Element Distribution: mx,my,mz=           5           2           1
[PI-INFO] Paramount Iteration,3,9,0.814474,0.096090
[PI-INFO] Paramount Iteration,2,9,0.815451,0.096131
[PI-INFO] Paramount Iteration,1,9,0.814365,0.096135
gs_setup: 1270 unique labels shared
   pairwise times (avg, min, max): 4.39003e-05 4.30226e-05 4.52452e-05
   crystal router                : 6.75018e-05 6.71572e-05 6.82868e-05
   all reduce                    : 0.00020164 0.000200347 0.000203375
   used all_to_all method: pairwise

cg:   0  1.0643E+02
cg: 101  9.1420E-09  4.0474E-01  6.3655E-01  3.1703E-16
cg:   0  1.2200E+02
cg: 101  1.1121E-08  4.1324E-01  6.2545E-01  4.5854E-16

nelt =      10, np =         4, nx1 =      10, elements =        40
Tot MFlops =   0.0000E+00, MFlops      =   0.0000E+00
Setup Flop =   1.3900E+08, Solver Flop =   1.5150E+07
Solve Time =   0.0000E+00
[PI-INFO] Paramount Iteration,0,10,0.926096,0.103529

 Processor Distribution:  npx,npy,npz=           2           2           1
 Element Distribution: nelx,nely,nelz=          22           2           1
 Local Element Distribution: mx,my,mz=          11           1           1
[PI-INFO] Paramount Iteration,2,10,0.918946,0.103495
[PI-INFO] Paramount Iteration,3,10,0.918004,0.103530
[PI-INFO] Paramount Iteration,1,10,0.917897,0.103532
gs_setup: 2170 unique labels shared
   pairwise times (avg, min, max): 4.60152e-05 4.5116e-05 4.70481e-05
   crystal router                : 7.44733e-05 7.33572e-05 7.5178e-05
   all reduce                    : 0.000221826 0.000218298 0.000223812
   used all_to_all method: pairwise

cg:   0  1.1065E+02
cg: 101  9.6396E-09  4.0677E-01  6.3417E-01  3.6195E-16
cg:   0  1.2982E+02
cg: 101  1.4176E-08  4.0610E-01  6.3000E-01  7.7684E-16

nelt =      11, np =         4, nx1 =      10, elements =        44
Tot MFlops =   0.0000E+00, MFlops      =   0.0000E+00
Setup Flop =   1.5290E+08, Solver Flop =   1.6665E+07
Solve Time =   0.0000E+00
[PI-INFO] Paramount Iteration,0,11,1.036260,0.110164

 Processor Distribution:  npx,npy,npz=           2           2           1
 Element Distribution: nelx,nely,nelz=           6           4           2
 Local Element Distribution: mx,my,mz=           3           2           2
[PI-INFO] Paramount Iteration,2,11,1.029088,0.110142
[PI-INFO] Paramount Iteration,3,11,1.028157,0.110153
[PI-INFO] Paramount Iteration,1,11,1.028056,0.110159
gs_setup: 1729 unique labels shared
   pairwise times (avg, min, max): 4.42766e-05 4.40014e-05 4.45328e-05
   crystal router                : 7.76892e-05 7.67622e-05 7.87812e-05
   all reduce                    : 0.00021196 0.000208766 0.000214915
   used all_to_all method: pairwise

cg:   0  1.1786E+02
cg: 101  9.8119E-09  4.1684E-01  6.2681E-01  3.6047E-16
cg:   0  1.2997E+02
cg: 101  1.2861E-08  4.1509E-01  6.2765E-01  6.2084E-16

nelt =      12, np =         4, nx1 =      10, elements =        48
Tot MFlops =   0.0000E+00, MFlops      =   0.0000E+00
Setup Flop =   1.6680E+08, Solver Flop =   1.8180E+07
Solve Time =   0.0000E+00
[PI-INFO] Paramount Iteration,0,12,1.150869,0.114609

 Processor Distribution:  npx,npy,npz=           2           2           1
 Element Distribution: nelx,nely,nelz=          26           2           1
 Local Element Distribution: mx,my,mz=          13           1           1
[PI-INFO] Paramount Iteration,3,12,1.142768,0.114611
[PI-INFO] Paramount Iteration,2,12,1.143760,0.114672
[PI-INFO] Paramount Iteration,1,12,1.142657,0.114601
gs_setup: 2530 unique labels shared
   pairwise times (avg, min, max): 5.57349e-05 5.47099e-05 5.65401e-05
   crystal router                : 9.81637e-05 9.68342e-05 9.92373e-05
   all reduce                    : 0.000224526 0.000223119 0.00022538
   used all_to_all method: pairwise

cg:   0  1.2045E+02
cg: 101  1.0859E-08  4.0502E-01  6.3736E-01  4.6419E-16
cg:   0  1.4145E+02
cg: 101  1.5001E-08  4.0611E-01  6.3355E-01  8.7613E-16

nelt =      13, np =         4, nx1 =      10, elements =        52
Tot MFlops =   0.0000E+00, MFlops      =   0.0000E+00
Setup Flop =   1.8070E+08, Solver Flop =   1.9695E+07
Solve Time =   0.0000E+00
[PI-INFO] Paramount Iteration,0,13,1.275235,0.124366

 Processor Distribution:  npx,npy,npz=           2           2           1
 Element Distribution: nelx,nely,nelz=          14           4           1
 Local Element Distribution: mx,my,mz=           7           2           1
[PI-INFO] Paramount Iteration,2,13,1.268067,0.124307
[PI-INFO] Paramount Iteration,3,13,1.267132,0.124364
[PI-INFO] Paramount Iteration,1,13,1.267022,0.124365
gs_setup: 1630 unique labels shared
   pairwise times (avg, min, max): 4.89601e-05 4.78145e-05 4.99185e-05
   crystal router                : 7.09176e-05 7.01381e-05 7.1617e-05
   all reduce                    : 0.0002063 0.000205167 0.000207295
   used all_to_all method: pairwise

cg:   0  1.2555E+02
cg: 101  1.2138E-08  3.9876E-01  6.5737E-01  5.8119E-16
cg:   0  1.4448E+02
cg: 101  1.6530E-08  3.9760E-01  6.5382E-01  1.0890E-15

nelt =      14, np =         4, nx1 =      10, elements =        56
Tot MFlops =   0.0000E+00, MFlops      =   0.0000E+00
Setup Flop =   1.9460E+08, Solver Flop =   2.1210E+07
Solve Time =   0.0000E+00
[PI-INFO] Paramount Iteration,0,14,1.400687,0.125452

 Processor Distribution:  npx,npy,npz=           2           2           1
 Element Distribution: nelx,nely,nelz=          10           6           1
 Local Element Distribution: mx,my,mz=           5           3           1
[PI-INFO] Paramount Iteration,3,14,1.392574,0.125442
[PI-INFO] Paramount Iteration,1,14,1.392457,0.125435
[PI-INFO] Paramount Iteration,2,14,1.393581,0.125514
gs_setup: 1450 unique labels shared
   pairwise times (avg, min, max): 4.33867e-05 4.26845e-05 4.396e-05
   crystal router                : 7.97295e-05 7.92114e-05 8.06121e-05
   all reduce                    : 0.000210025 0.000208661 0.000211695
   used all_to_all method: pairwise

cg:   0  1.3014E+02
cg: 101  1.3083E-08  4.0034E-01  6.2447E-01  6.8864E-16
cg:   0  1.4891E+02
cg: 101  1.7878E-08  4.0682E-01  6.2957E-01  1.2261E-15

nelt =      15, np =         4, nx1 =      10, elements =        60
Tot MFlops =   0.0000E+00, MFlops      =   0.0000E+00
Setup Flop =   2.0850E+08, Solver Flop =   2.2725E+07
Solve Time =   0.0000E+00
[PI-INFO] Paramount Iteration,0,15,1.531790,0.131103
[PI-INFO] PI avg,0,0.092962,15
[PI-INFO] Beta,0,0.000006
[PI-INFO] Total time,1.531798
[PI-INFO] Paramount Iteration,2,15,1.524628,0.131047
[PI-INFO] PI avg,2,0.092957,15
[PI-INFO] Beta,2,0.000016
[PI-INFO] Paramount Iteration,3,15,1.523702,0.131128
[PI-INFO] PI avg,3,0.092950,15
[PI-INFO] Beta,3,0.000017
[PI-INFO] Paramount Iteration,1,15,1.523588,0.131131
[PI-INFO] PI avg,1,0.092954,15
[PI-INFO] Beta,1,0.000019
--------------------------------------------------------------------------
mpirun has exited due to process rank 0 with PID 0 on
node ip-172-31-12-60 exiting improperly. There are three reasons this could occur:

1. this process did not call "init" before exiting, but others in
the job did. This can cause a job to hang indefinitely while it waits
for all processes to call "init". By rule, if one process calls "init",
then ALL processes must call "init" prior to termination.

2. this process called "init", but exited without calling "finalize".
By rule, all processes that call "init" MUST call "finalize" prior to
exiting or it will be considered an "abnormal termination"

3. this process called "MPI_Abort" or "orte_abort" and the mca parameter
orte_create_session_dirs is set to false. In this case, the run-time cannot
detect that the abort call was an abnormal termination. Hence, the only
error message you will receive is this one.

This may have caused other processes in the application to be
terminated by signals sent by mpirun (as reported here).

You can avoid this message by specifying -quiet on the mpirun command line.
--------------------------------------------------------------------------
[ip-172-31-12-60:16691] 3 more processes have sent help message help-mpi-btl-base.txt / btl:no-nics
[ip-172-31-12-60:16691] Set MCA parameter "orte_base_help_aggregate" to 0 to see all help / error messages
Command exited with non-zero status 1
	Command being timed: "mpirun --hostfile /home/ubuntu/PI-Bench/ECP-Proxy-Apps/hostfile -n 4 ./nekbone"
	User time (seconds): 1.04
	System time (seconds): 0.43
	Percent of CPU this job got: 35%
	Elapsed (wall clock) time (h:mm:ss or m:ss): 0:04.13
	Average shared text size (kbytes): 0
	Average unshared data size (kbytes): 0
	Average stack size (kbytes): 0
	Average total size (kbytes): 0
	Maximum resident set size (kbytes): 18880
	Average resident set size (kbytes): 0
	Major (requiring I/O) page faults: 4
	Minor (reclaiming a frame) page faults: 7500
	Voluntary context switches: 999
	Involuntary context switches: 144
	Swaps: 0
	File system inputs: 0
	File system outputs: 16448
	Socket messages sent: 0
	Socket messages received: 0
	Signals delivered: 0
	Page size (bytes): 4096
	Exit status: 1
