--------------------------------------------------------------------------
[[46051,1],0]: A high-performance Open MPI point-to-point messaging module
was unable to find any relevant network interfaces:

Module: OpenFabrics (openib)
  Host: ip-172-31-12-60

Another transport will be used instead, although this may result in
lower performance.

NOTE: You can disable this warning by setting the MCA parameter
btl_base_warn_component_unused to 0.
--------------------------------------------------------------------------
Average time to generate 50 random numbers using LCG (in s): 4.99275e-06

-------------------------------------------------------
Graph edge distribution characteristics
-------------------------------------------------------
Number of vertices: 100
Number of edges: 546
Maximum number of edges: 144
Average number of edges: 136.5
Expected value of X^2: 18688.5
Variance: 56.25
Standard deviation: 7.5
-------------------------------------------------------
Time to generate distributed graph of 100 vertices (in s): 0.00197478
[PI-INFO] Init time,0,0.124305
[PI-INFO] Init time,2,0.116878
[PI-INFO] Init time,3,0.116404
[PI-INFO] Init time,1,0.116223
[PI-INFO] Paramount Iteration,0,1,0.124786,0.000481
[PI-INFO] Paramount Iteration,2,1,0.117345,0.000467
[PI-INFO] Paramount Iteration,3,1,0.116885,0.000482
[PI-INFO] Paramount Iteration,1,1,0.116719,0.000497
[PI-INFO] Paramount Iteration,0,2,0.125226,0.000440
[PI-INFO] Paramount Iteration,3,2,0.117307,0.000422
[PI-INFO] Paramount Iteration,1,2,0.117141,0.000422
[PI-INFO] Paramount Iteration,2,2,0.117805,0.000460
[PI-INFO] Paramount Iteration,0,3,0.125668,0.000442
[PI-INFO] Paramount Iteration,2,3,0.118241,0.000436
[PI-INFO] Paramount Iteration,3,3,0.117764,0.000457
[PI-INFO] Paramount Iteration,1,3,0.117599,0.000458
[PI-INFO] Paramount Iteration,0,4,0.126098,0.000430
[PI-INFO] Paramount Iteration,2,4,0.118659,0.000418
[PI-INFO] Paramount Iteration,3,4,0.118188,0.000424
[PI-INFO] Paramount Iteration,1,4,0.118024,0.000425
[PI-INFO] Paramount Iteration,0,5,0.126509,0.000411
[PI-INFO] Paramount Iteration,3,5,0.118603,0.000415
[PI-INFO] Paramount Iteration,2,5,0.119081,0.000422
[PI-INFO] Paramount Iteration,1,5,0.118439,0.000415
[PI-INFO] Paramount Iteration,0,6,0.126939,0.000430
[PI-INFO] Paramount Iteration,3,6,0.119016,0.000413
[PI-INFO] Paramount Iteration,1,6,0.118851,0.000412
[PI-INFO] Paramount Iteration,2,6,0.119506,0.000425
[PI-INFO] Paramount Iteration,0,7,0.127389,0.000450
[PI-INFO] Paramount Iteration,3,7,0.119469,0.000453
[PI-INFO] Paramount Iteration,2,7,0.119961,0.000455
[PI-INFO] Paramount Iteration,1,7,0.119301,0.000450
[PI-INFO] Paramount Iteration,0,8,0.127788,0.000399
[PI-INFO] Paramount Iteration,3,8,0.119878,0.000409
[PI-INFO] Paramount Iteration,2,8,0.120360,0.000399
[PI-INFO] Paramount Iteration,1,8,0.119712,0.000411
[PI-INFO] Paramount Iteration,0,9,0.128192,0.000404
[PI-INFO] Paramount Iteration,2,9,0.120756,0.000396
[PI-INFO] Paramount Iteration,3,9,0.120289,0.000411
[PI-INFO] Paramount Iteration,1,9,0.120123,0.000411
[PI-INFO] Paramount Iteration,0,10,0.128592,0.000400
[PI-INFO] Paramount Iteration,3,10,0.120684,0.000395
[PI-INFO] Paramount Iteration,2,10,0.121167,0.000411
[PI-INFO] Paramount Iteration,1,10,0.120520,0.000397
-------------------------------------------------------
64-bit datatype
-------------------------------------------------------
Average total time (in s), #Processes: 0.00504889, 4
Modularity, #Iterations: 0.569429, 11
MODS (final modularity * average time): 0.00287498
-------------------------------------------------------
[PI-INFO] PI avg,0,0.000390,11
[PI-INFO] Beta,0,0.139481
[PI-INFO] Total time,0.129190
[PI-INFO] PI avg,1,0.000391,11
[PI-INFO] PI avg,2,0.000390,11
[PI-INFO] PI avg,3,0.000389,11
[PI-INFO] Beta,3,0.146692
[PI-INFO] Beta,1,0.138459
[PI-INFO] Beta,2,0.142913
[ip-172-31-12-60:17599] 3 more processes have sent help message help-mpi-btl-base.txt / btl:no-nics
[ip-172-31-12-60:17599] Set MCA parameter "orte_base_help_aggregate" to 0 to see all help / error messages
	Command being timed: "mpirun --hostfile /home/ubuntu/PI-Bench/ECP-Proxy-Apps/hostfile -n 4 ./miniVite -n 100"
	User time (seconds): 0.04
	System time (seconds): 0.03
	Percent of CPU this job got: 9%
	Elapsed (wall clock) time (h:mm:ss or m:ss): 0:00.76
	Average shared text size (kbytes): 0
	Average unshared data size (kbytes): 0
	Average stack size (kbytes): 0
	Average total size (kbytes): 0
	Maximum resident set size (kbytes): 18980
	Average resident set size (kbytes): 0
	Major (requiring I/O) page faults: 4
	Minor (reclaiming a frame) page faults: 4843
	Voluntary context switches: 899
	Involuntary context switches: 61
	Swaps: 0
	File system inputs: 0
	File system outputs: 16416
	Socket messages sent: 0
	Socket messages received: 0
	Signals delivered: 0
	Page size (bytes): 4096
	Exit status: 0
