--------------------------------------------------------------------------
[[36316,1],0]: A high-performance Open MPI point-to-point messaging module
was unable to find any relevant network interfaces:

Module: OpenFabrics (openib)
  Host: ip-172-31-44-159

Another transport will be used instead, although this may result in
lower performance.

NOTE: You can disable this warning by setting the MCA parameter
btl_base_warn_component_unused to 0.
--------------------------------------------------------------------------


 NAS Parallel Benchmarks 3.4 -- SP Benchmark

 No input file inputsp.data. Using compiled defaults
 Size:  162x 162x 162  (class C)
 Iterations:  400    dt:   0.0006700
 WARNING: Number of active processes:     4
 Total number of processes:     8

 Time step    1
[MO833] Paramount Iteration,1,1,1.567818,0.443611
[MO833] Paramount Iteration,2,1,1.567836,0.443640
[MO833] Paramount Iteration,0,1,1.568464,0.444233
[MO833] Paramount Iteration,3,1,1.568248,0.444086
[MO833] Paramount Iteration,1,2,2.007499,0.439681
[MO833] Paramount Iteration,2,2,2.007507,0.439671
[MO833] Paramount Iteration,0,2,2.008312,0.439848
[MO833] Paramount Iteration,3,2,2.008132,0.439884
[MO833] Paramount Iteration,1,3,2.447596,0.440097
[MO833] Paramount Iteration,2,3,2.447878,0.440371
[MO833] Paramount Iteration,0,3,2.450157,0.441845
[MO833] Paramount Iteration,3,3,2.450153,0.442021
[MO833] Paramount Iteration,1,4,2.887968,0.440372
[MO833] Paramount Iteration,2,4,2.888110,0.440232
[MO833] Paramount Iteration,0,4,2.888837,0.438680
[MO833] Paramount Iteration,3,4,2.888718,0.438565
[MO833] Paramount Iteration,2,5,3.327590,0.439480
[MO833] Paramount Iteration,1,5,3.327671,0.439703
[MO833] Paramount Iteration,3,5,3.328245,0.439527
[MO833] Paramount Iteration,0,5,3.328521,0.439684
[MO833] Paramount Iteration,0,6,3.768043,0.439522
[MO833] Paramount Iteration,1,6,3.767864,0.440193
[MO833] Paramount Iteration,3,6,3.767790,0.439545
[MO833] Paramount Iteration,2,6,3.767859,0.440269
[MO833] Paramount Iteration,2,7,4.206573,0.438714
[MO833] Paramount Iteration,1,7,4.206653,0.438789
[MO833] Paramount Iteration,0,7,4.208455,0.440412
[MO833] Paramount Iteration,3,7,4.208410,0.440620
[MO833] Paramount Iteration,2,8,4.648251,0.441678
[MO833] Paramount Iteration,1,8,4.648393,0.441740
[MO833] Paramount Iteration,3,8,4.649620,0.441210
[MO833] Paramount Iteration,0,8,4.649985,0.441530
[MO833] Paramount Iteration,2,9,5.086988,0.438737
[MO833] Paramount Iteration,1,9,5.087117,0.438724
[MO833] Paramount Iteration,0,9,5.088150,0.438165
[MO833] Paramount Iteration,3,9,5.088046,0.438426
[MO833] Paramount Iteration,0,10,5.528605,0.440455
[MO833] Paramount Iteration,3,10,5.528700,0.440654
[MO833] Paramount Iteration,2,10,5.529065,0.442077
[MO833] Paramount Iteration,1,10,5.529133,0.442016
[MO833] Paramount Iteration,0,11,5.965573,0.436968
[MO833] Paramount Iteration,3,11,5.965526,0.436826
[MO833] Paramount Iteration,2,11,5.965970,0.436905
[MO833] Paramount Iteration,1,11,5.966170,0.437037
[MO833] Paramount Iteration,2,12,6.402685,0.436715
[MO833] Paramount Iteration,1,12,6.402909,0.436739
[MO833] Paramount Iteration,0,12,6.403762,0.438189
[MO833] Paramount Iteration,3,12,6.403620,0.438094
[MO833] Paramount Iteration,2,13,6.838933,0.436248
[MO833] Paramount Iteration,1,13,6.839070,0.436161
[MO833] Paramount Iteration,0,13,6.841069,0.437307
[MO833] Paramount Iteration,3,13,6.840881,0.437261
[MO833] Paramount Iteration,1,14,7.286464,0.447394
[MO833] Paramount Iteration,2,14,7.286459,0.447526
[MO833] Paramount Iteration,3,14,7.286569,0.445688
[MO833] Paramount Iteration,0,14,7.287059,0.445990
[MO833] Paramount Iteration,2,15,7.725981,0.439522
[MO833] Paramount Iteration,1,15,7.726045,0.439581
[MO833] Paramount Iteration,3,15,7.726191,0.439622
[MO833] Paramount Iteration,0,15,7.726505,0.439446
[MO833] Paramount Iteration,2,16,8.163617,0.437636
[MO833] Paramount Iteration,1,16,8.163832,0.437787
[MO833] Paramount Iteration,0,16,8.164610,0.438105
[MO833] Paramount Iteration,3,16,8.164612,0.438421
[MO833] Paramount Iteration,2,17,8.602748,0.439131
[MO833] Paramount Iteration,1,17,8.602834,0.439002
[MO833] Paramount Iteration,0,17,8.603946,0.439336
[MO833] Paramount Iteration,3,17,8.603770,0.439158
[MO833] Paramount Iteration,2,18,9.047122,0.444374
[MO833] Paramount Iteration,1,18,9.047338,0.444504
[MO833] Paramount Iteration,3,18,9.047974,0.444204
[MO833] Paramount Iteration,0,18,9.048327,0.444381
[MO833] Paramount Iteration,0,19,9.492001,0.443674
 Time step   20
[MO833] Paramount Iteration,1,19,9.491964,0.444626
[MO833] Paramount Iteration,3,19,9.491915,0.443941
[MO833] Paramount Iteration,2,19,9.492038,0.444916
[MO833] Paramount Iteration,2,20,9.932760,0.440722
[MO833] Paramount Iteration,1,20,9.932836,0.440872
[MO833] Paramount Iteration,0,20,9.933833,0.441832
[MO833] Paramount Iteration,3,20,9.933786,0.441871
[MO833] Paramount Iteration,2,21,10.375161,0.442401
[MO833] Paramount Iteration,1,21,10.375228,0.442392
[MO833] Paramount Iteration,0,21,10.375944,0.442111
[MO833] Paramount Iteration,3,21,10.375997,0.442211
[MO833] Paramount Iteration,1,22,10.815642,0.440414
[MO833] Paramount Iteration,2,22,10.815836,0.440675
[MO833] Paramount Iteration,3,22,10.817261,0.441264
[MO833] Paramount Iteration,0,22,10.817532,0.441588
[MO833] Paramount Iteration,3,23,11.261635,0.444374
[MO833] Paramount Iteration,0,23,11.262303,0.444771
[MO833] Paramount Iteration,1,23,11.264926,0.449284
[MO833] Paramount Iteration,2,23,11.265739,0.449903
[MO833] Paramount Iteration,1,24,11.710452,0.445526
[MO833] Paramount Iteration,2,24,11.710611,0.444872
[MO833] Paramount Iteration,0,24,11.711597,0.449294
[MO833] Paramount Iteration,3,24,11.711357,0.449722
[MO833] Paramount Iteration,2,25,12.150414,0.439803
[MO833] Paramount Iteration,1,25,12.150602,0.440150
[MO833] Paramount Iteration,0,25,12.152196,0.440599
[MO833] Paramount Iteration,3,25,12.151889,0.440532
[MO833] Paramount Iteration,2,26,12.598045,0.447631
[MO833] Paramount Iteration,1,26,12.598135,0.447533
[MO833] Paramount Iteration,3,26,12.599675,0.447786
[MO833] Paramount Iteration,0,26,12.599989,0.447793
[MO833] Paramount Iteration,1,27,13.042891,0.444756
[MO833] Paramount Iteration,2,27,13.042880,0.444835
[MO833] Paramount Iteration,3,27,13.043461,0.443786
[MO833] Paramount Iteration,0,27,13.043897,0.443908
[MO833] Paramount Iteration,1,28,13.484719,0.441828
[MO833] Paramount Iteration,2,28,13.484850,0.441970
[MO833] Paramount Iteration,0,28,13.485105,0.441208
[MO833] Paramount Iteration,3,28,13.484868,0.441407
[MO833] Paramount Iteration,0,29,13.923581,0.438476
[MO833] Paramount Iteration,3,29,13.923618,0.438750
[MO833] Paramount Iteration,2,29,13.924133,0.439283
[MO833] Paramount Iteration,1,29,13.924161,0.439442
[MO833] Paramount Iteration,1,30,14.365861,0.441700
[MO833] Paramount Iteration,2,30,14.365839,0.441706
[MO833] Paramount Iteration,0,30,14.366803,0.443222
[MO833] Paramount Iteration,3,30,14.366539,0.442921
[MO833] Paramount Iteration,0,31,14.809463,0.442660
[MO833] Paramount Iteration,3,31,14.809279,0.442740
[MO833] Paramount Iteration,2,31,14.809350,0.443511
[MO833] Paramount Iteration,1,31,14.809483,0.443622
[MO833] Paramount Iteration,2,32,15.250904,0.441554
[MO833] Paramount Iteration,1,32,15.250960,0.441477
[MO833] Paramount Iteration,3,32,15.252148,0.442869
[MO833] Paramount Iteration,0,32,15.252605,0.443142
[MO833] Paramount Iteration,2,33,15.693943,0.443039
[MO833] Paramount Iteration,1,33,15.694233,0.443273
[MO833] Paramount Iteration,3,33,15.694602,0.442454
[MO833] Paramount Iteration,0,33,15.694936,0.442331
[MO833] Paramount Iteration,1,34,16.138161,0.443928
[MO833] Paramount Iteration,2,34,16.138373,0.444430
[MO833] Paramount Iteration,0,34,16.138762,0.443826
[MO833] Paramount Iteration,3,34,16.138708,0.444106
[MO833] Paramount Iteration,2,35,16.579358,0.440985
[MO833] Paramount Iteration,1,35,16.579499,0.441338
[MO833] Paramount Iteration,3,35,16.580799,0.442091
[MO833] Paramount Iteration,0,35,16.581092,0.442330
[MO833] Paramount Iteration,2,36,17.021326,0.441968
[MO833] Paramount Iteration,1,36,17.021368,0.441869
[MO833] Paramount Iteration,0,36,17.022142,0.441050
[MO833] Paramount Iteration,3,36,17.021935,0.441136
[MO833] Paramount Iteration,1,37,17.459801,0.438433
[MO833] Paramount Iteration,2,37,17.459808,0.438482
[MO833] Paramount Iteration,0,37,17.462607,0.440465
[MO833] Paramount Iteration,3,37,17.462436,0.440501
[MO833] Paramount Iteration,0,38,17.900153,0.437546
[MO833] Paramount Iteration,3,38,17.900007,0.437571
[MO833] Paramount Iteration,2,38,17.901028,0.441220
[MO833] Paramount Iteration,1,38,17.901268,0.441467
[MO833] Paramount Iteration,2,39,18.338675,0.437647
[MO833] Paramount Iteration,1,39,18.338798,0.437530
[MO833] Paramount Iteration,0,39,18.339593,0.439440
 Time step   40
[MO833] Paramount Iteration,3,39,18.339571,0.439564
[MO833] Paramount Iteration,0,40,18.776969,0.437376
[MO833] Paramount Iteration,3,40,18.776865,0.437294
[MO833] Paramount Iteration,2,40,18.777345,0.438670
[MO833] Paramount Iteration,1,40,18.777410,0.438612
[MO833] Paramount Iteration,2,41,19.215187,0.437842
[MO833] Paramount Iteration,1,41,19.215263,0.437853
[MO833] Paramount Iteration,0,41,19.216519,0.439550
[MO833] Paramount Iteration,3,41,19.216368,0.439503
[MO833] Paramount Iteration,0,42,19.661217,0.444698
[MO833] Paramount Iteration,2,42,19.661169,0.445982
[MO833] Paramount Iteration,3,42,19.661153,0.444785
[MO833] Paramount Iteration,1,42,19.661300,0.446037
[MO833] Paramount Iteration,0,43,20.098971,0.437754
[MO833] Paramount Iteration,3,43,20.098882,0.437729
[MO833] Paramount Iteration,1,43,20.099075,0.437775
[MO833] Paramount Iteration,2,43,20.099253,0.438084
[MO833] Paramount Iteration,0,44,20.539406,0.440435
[MO833] Paramount Iteration,3,44,20.539310,0.440428
[MO833] Paramount Iteration,2,44,20.539686,0.440433
[MO833] Paramount Iteration,1,44,20.539812,0.440737
[MO833] Paramount Iteration,1,45,20.977353,0.437541
[MO833] Paramount Iteration,2,45,20.977421,0.437735
[MO833] Paramount Iteration,3,45,20.978820,0.439510
[MO833] Paramount Iteration,0,45,20.979253,0.439847
[MO833] Paramount Iteration,0,46,21.423163,0.443910
[MO833] Paramount Iteration,3,46,21.422913,0.444093
[MO833] Paramount Iteration,1,46,21.423332,0.445979
[MO833] Paramount Iteration,2,46,21.423434,0.446013
[MO833] Paramount Iteration,1,47,21.866169,0.442837
[MO833] Paramount Iteration,2,47,21.866178,0.442744
[MO833] Paramount Iteration,3,47,21.866654,0.443741
[MO833] Paramount Iteration,0,47,21.867090,0.443927
[MO833] Paramount Iteration,2,48,22.307418,0.441240
[MO833] Paramount Iteration,1,48,22.307467,0.441298
[MO833] Paramount Iteration,3,48,22.307976,0.441322
[MO833] Paramount Iteration,0,48,22.308432,0.441342
[MO833] Paramount Iteration,2,49,22.749162,0.441744
[MO833] Paramount Iteration,1,49,22.749307,0.441840
[MO833] Paramount Iteration,3,49,22.749233,0.441257
[MO833] Paramount Iteration,0,49,22.749611,0.441179
[MO833] Paramount Iteration,0,50,23.188846,0.439235
[MO833] Paramount Iteration,3,50,23.188845,0.439612
[MO833] Paramount Iteration,2,50,23.189066,0.439904
[MO833] Paramount Iteration,1,50,23.189140,0.439833
[MO833] Paramount Iteration,2,51,23.628052,0.438986
[MO833] Paramount Iteration,0,51,23.628276,0.439430
[MO833] Paramount Iteration,1,51,23.628215,0.439075
[MO833] Paramount Iteration,3,51,23.628153,0.439308
[MO833] Paramount Iteration,1,52,24.065716,0.437501
[MO833] Paramount Iteration,2,52,24.066004,0.437952
[MO833] Paramount Iteration,0,52,24.067217,0.438941
[MO833] Paramount Iteration,3,52,24.067099,0.438946
[MO833] Paramount Iteration,0,53,24.505416,0.438199
[MO833] Paramount Iteration,3,53,24.505358,0.438259
[MO833] Paramount Iteration,2,53,24.506204,0.440200
[MO833] Paramount Iteration,1,53,24.506269,0.440553
[MO833] Paramount Iteration,0,54,24.944033,0.438617
[MO833] Paramount Iteration,3,54,24.943853,0.438495
[MO833] Paramount Iteration,2,54,24.944572,0.438368
[MO833] Paramount Iteration,1,54,24.944609,0.438340
[MO833] Paramount Iteration,2,55,25.381136,0.436564
[MO833] Paramount Iteration,1,55,25.381224,0.436615
[MO833] Paramount Iteration,0,55,25.382480,0.438447
[MO833] Paramount Iteration,3,55,25.382304,0.438451
[MO833] Paramount Iteration,1,56,25.819369,0.438145
[MO833] Paramount Iteration,3,56,25.819244,0.436940
[MO833] Paramount Iteration,2,56,25.819373,0.438237
[MO833] Paramount Iteration,0,56,25.819602,0.437122
[MO833] Paramount Iteration,1,57,26.257446,0.438077
[MO833] Paramount Iteration,2,57,26.257552,0.438179
[MO833] Paramount Iteration,3,57,26.257638,0.438394
[MO833] Paramount Iteration,0,57,26.258274,0.438672
[MO833] Paramount Iteration,2,58,26.697614,0.440062
[MO833] Paramount Iteration,1,58,26.697679,0.440233
[MO833] Paramount Iteration,0,58,26.698516,0.440242
[MO833] Paramount Iteration,3,58,26.698245,0.440607
[MO833] Paramount Iteration,2,59,27.140647,0.443033
[MO833] Paramount Iteration,1,59,27.140811,0.443132
[MO833] Paramount Iteration,0,59,27.142359,0.443843
 Time step   60
[MO833] Paramount Iteration,3,59,27.142204,0.443959
[MO833] Paramount Iteration,2,60,27.580227,0.439580
[MO833] Paramount Iteration,1,60,27.580389,0.439578
[MO833] Paramount Iteration,3,60,27.581155,0.438951
[MO833] Paramount Iteration,0,60,27.581530,0.439171
[MO833] Paramount Iteration,0,61,28.022887,0.441357
[MO833] Paramount Iteration,3,61,28.022889,0.441734
[MO833] Paramount Iteration,2,61,28.023232,0.443005
[MO833] Paramount Iteration,1,61,28.023372,0.442983
[MO833] Paramount Iteration,1,62,28.462492,0.439120
[MO833] Paramount Iteration,2,62,28.462728,0.439496
[MO833] Paramount Iteration,3,62,28.462626,0.439737
[MO833] Paramount Iteration,0,62,28.463050,0.440163
[MO833] Paramount Iteration,0,63,28.900664,0.437614
[MO833] Paramount Iteration,3,63,28.900546,0.437920
[MO833] Paramount Iteration,2,63,28.901335,0.438607
[MO833] Paramount Iteration,1,63,28.901355,0.438863
[MO833] Paramount Iteration,0,64,29.338947,0.438283
[MO833] Paramount Iteration,3,64,29.338897,0.438351
[MO833] Paramount Iteration,1,64,29.340211,0.438856
[MO833] Paramount Iteration,2,64,29.340360,0.439025
[MO833] Paramount Iteration,1,65,29.778664,0.438453
[MO833] Paramount Iteration,2,65,29.778865,0.438505
[MO833] Paramount Iteration,0,65,29.779589,0.440642
[MO833] Paramount Iteration,3,65,29.779368,0.440471
[MO833] Paramount Iteration,2,66,30.217226,0.438361
[MO833] Paramount Iteration,1,66,30.217262,0.438598
[MO833] Paramount Iteration,0,66,30.217682,0.438093
[MO833] Paramount Iteration,3,66,30.217604,0.438236
[MO833] Paramount Iteration,2,67,30.659181,0.441955
[MO833] Paramount Iteration,1,67,30.659263,0.442001
[MO833] Paramount Iteration,0,67,30.659777,0.442095
[MO833] Paramount Iteration,3,67,30.659623,0.442019
[MO833] Paramount Iteration,2,68,31.096019,0.436838
[MO833] Paramount Iteration,1,68,31.096119,0.436856
[MO833] Paramount Iteration,0,68,31.097639,0.437862
[MO833] Paramount Iteration,3,68,31.097542,0.437919
[MO833] Paramount Iteration,2,69,31.541933,0.445914
[MO833] Paramount Iteration,1,69,31.541986,0.445867
[MO833] Paramount Iteration,0,69,31.542856,0.445217
[MO833] Paramount Iteration,3,69,31.542674,0.445132
[MO833] Paramount Iteration,0,70,31.983936,0.441080
[MO833] Paramount Iteration,2,70,31.983899,0.441966
[MO833] Paramount Iteration,3,70,31.983744,0.441070
[MO833] Paramount Iteration,1,70,31.984015,0.442029
[MO833] Paramount Iteration,1,71,32.422968,0.438953
[MO833] Paramount Iteration,2,71,32.423063,0.439164
[MO833] Paramount Iteration,3,71,32.424740,0.440996
[MO833] Paramount Iteration,0,71,32.425449,0.441513
[MO833] Paramount Iteration,2,72,32.868157,0.445094
[MO833] Paramount Iteration,1,72,32.868684,0.445716
[MO833] Paramount Iteration,3,72,32.869274,0.444534
[MO833] Paramount Iteration,0,72,32.869753,0.444304
[MO833] Paramount Iteration,0,73,33.307989,0.438236
[MO833] Paramount Iteration,3,73,33.307693,0.438419
[MO833] Paramount Iteration,2,73,33.308388,0.440231
[MO833] Paramount Iteration,1,73,33.308559,0.439875
[MO833] Paramount Iteration,1,74,33.751439,0.442880
[MO833] Paramount Iteration,3,74,33.751295,0.443602
[MO833] Paramount Iteration,0,74,33.751709,0.443720
[MO833] Paramount Iteration,2,74,33.751641,0.443253
[MO833] Paramount Iteration,2,75,34.194213,0.442572
[MO833] Paramount Iteration,1,75,34.194416,0.442977
[MO833] Paramount Iteration,3,75,34.194714,0.443419
[MO833] Paramount Iteration,0,75,34.195172,0.443463
[MO833] Paramount Iteration,1,76,34.638958,0.444542
[MO833] Paramount Iteration,2,76,34.639064,0.444851
[MO833] Paramount Iteration,0,76,34.639219,0.444047
[MO833] Paramount Iteration,3,76,34.638944,0.444230
[MO833] Paramount Iteration,0,77,35.078612,0.439393
[MO833] Paramount Iteration,1,77,35.078586,0.439628
[MO833] Paramount Iteration,3,77,35.078464,0.439520
[MO833] Paramount Iteration,2,77,35.078670,0.439606
[MO833] Paramount Iteration,0,78,35.517893,0.439281
[MO833] Paramount Iteration,3,78,35.517771,0.439307
[MO833] Paramount Iteration,1,78,35.518732,0.440146
[MO833] Paramount Iteration,2,78,35.518817,0.440147
[MO833] Paramount Iteration,2,79,35.958329,0.439512
[MO833] Paramount Iteration,1,79,35.958341,0.439609
[MO833] Paramount Iteration,3,79,35.959034,0.441263
[MO833] Paramount Iteration,0,79,35.959640,0.441747
 Time step   80
[MO833] Paramount Iteration,2,80,36.400248,0.441919
[MO833] Paramount Iteration,1,80,36.400280,0.441939
[MO833] Paramount Iteration,3,80,36.400522,0.441488
[MO833] Paramount Iteration,0,80,36.400935,0.441295
[MO833] Paramount Iteration,2,81,36.838163,0.437915
[MO833] Paramount Iteration,1,81,36.838266,0.437986
[MO833] Paramount Iteration,3,81,36.838851,0.438329
[MO833] Paramount Iteration,0,81,36.839306,0.438371
[MO833] Paramount Iteration,2,82,37.279504,0.441341
[MO833] Paramount Iteration,1,82,37.279666,0.441400
[MO833] Paramount Iteration,3,82,37.280867,0.442016
[MO833] Paramount Iteration,0,82,37.281228,0.441922
[MO833] Paramount Iteration,2,83,37.725612,0.446108
[MO833] Paramount Iteration,1,83,37.725646,0.445980
[MO833] Paramount Iteration,3,83,37.727248,0.446381
[MO833] Paramount Iteration,0,83,37.727652,0.446424
[MO833] Paramount Iteration,2,84,38.168770,0.443158
[MO833] Paramount Iteration,1,84,38.168773,0.443127
[MO833] Paramount Iteration,0,84,38.169177,0.441525
[MO833] Paramount Iteration,3,84,38.168889,0.441641
[MO833] Paramount Iteration,0,85,38.609063,0.439886
[MO833] Paramount Iteration,3,85,38.608770,0.439881
[MO833] Paramount Iteration,2,85,38.609414,0.440644
[MO833] Paramount Iteration,1,85,38.609576,0.440803
[MO833] Paramount Iteration,2,86,39.050987,0.441573
[MO833] Paramount Iteration,1,86,39.051063,0.441487
[MO833] Paramount Iteration,0,86,39.052363,0.443300
[MO833] Paramount Iteration,3,86,39.052077,0.443307
[MO833] Paramount Iteration,0,87,39.495709,0.443346
[MO833] Paramount Iteration,3,87,39.495401,0.443324
[MO833] Paramount Iteration,2,87,39.495657,0.444670
[MO833] Paramount Iteration,1,87,39.495736,0.444673
[MO833] Paramount Iteration,1,88,39.933670,0.437934
[MO833] Paramount Iteration,2,88,39.933731,0.438074
[MO833] Paramount Iteration,3,88,39.934112,0.438711
[MO833] Paramount Iteration,0,88,39.934532,0.438823
[MO833] Paramount Iteration,1,89,40.370755,0.437085
[MO833] Paramount Iteration,2,89,40.370865,0.437134
[MO833] Paramount Iteration,0,89,40.372147,0.437615
[MO833] Paramount Iteration,3,89,40.371867,0.437755
[MO833] Paramount Iteration,1,90,40.808992,0.438237
[MO833] Paramount Iteration,2,90,40.809057,0.438192
[MO833] Paramount Iteration,3,90,40.809440,0.437573
[MO833] Paramount Iteration,0,90,40.809829,0.437682
[MO833] Paramount Iteration,1,91,41.248500,0.439508
[MO833] Paramount Iteration,2,91,41.248592,0.439535
[MO833] Paramount Iteration,3,91,41.248781,0.439341
[MO833] Paramount Iteration,0,91,41.249332,0.439503
[MO833] Paramount Iteration,2,92,41.690266,0.441674
[MO833] Paramount Iteration,1,92,41.690373,0.441873
[MO833] Paramount Iteration,0,92,41.692039,0.442707
[MO833] Paramount Iteration,3,92,41.691817,0.443036
[MO833] Paramount Iteration,1,93,42.135410,0.445037
[MO833] Paramount Iteration,2,93,42.135551,0.445285
[MO833] Paramount Iteration,0,93,42.137289,0.445250
[MO833] Paramount Iteration,3,93,42.137429,0.445612
[MO833] Paramount Iteration,2,94,42.574143,0.438592
[MO833] Paramount Iteration,1,94,42.574181,0.438771
[MO833] Paramount Iteration,0,94,42.575998,0.438709
[MO833] Paramount Iteration,3,94,42.575826,0.438397
[MO833] Paramount Iteration,2,95,43.016546,0.442403
[MO833] Paramount Iteration,1,95,43.016558,0.442377
[MO833] Paramount Iteration,0,95,43.017222,0.441224
[MO833] Paramount Iteration,3,95,43.017023,0.441197
[MO833] Paramount Iteration,2,96,43.456128,0.439582
[MO833] Paramount Iteration,1,96,43.456230,0.439672
[MO833] Paramount Iteration,3,96,43.458086,0.441063
[MO833] Paramount Iteration,0,96,43.458472,0.441250
[MO833] Paramount Iteration,2,97,43.896585,0.440457
[MO833] Paramount Iteration,1,97,43.896621,0.440391
[MO833] Paramount Iteration,3,97,43.896665,0.438579
[MO833] Paramount Iteration,0,97,43.897096,0.438624
[MO833] Paramount Iteration,0,98,44.340109,0.443013
[MO833] Paramount Iteration,2,98,44.339986,0.443401
[MO833] Paramount Iteration,3,98,44.339827,0.443162
[MO833] Paramount Iteration,1,98,44.340074,0.443453
[MO833] Paramount Iteration,0,99,44.778545,0.438436
 Time step  100
[MO833] Paramount Iteration,3,99,44.778194,0.438367
[MO833] Paramount Iteration,2,99,44.778888,0.438902
[MO833] Paramount Iteration,1,99,44.778931,0.438857
[MO833] Paramount Iteration,0,100,45.217664,0.439119
[MO833] Paramount Iteration,3,100,45.217397,0.439203
[MO833] Paramount Iteration,1,100,45.218507,0.439576
[MO833] Paramount Iteration,2,100,45.218599,0.439711
[MO833] Paramount Iteration,2,101,45.660571,0.441972
[MO833] Paramount Iteration,1,101,45.660651,0.442144
[MO833] Paramount Iteration,0,101,45.661854,0.444190
[MO833] Paramount Iteration,3,101,45.661739,0.444342
[MO833] Paramount Iteration,2,102,46.112863,0.452292
[MO833] Paramount Iteration,1,102,46.113055,0.452404
[MO833] Paramount Iteration,0,102,46.113456,0.451602
[MO833] Paramount Iteration,3,102,46.113192,0.451453
[MO833] Paramount Iteration,2,103,46.560204,0.447341
[MO833] Paramount Iteration,1,103,46.560235,0.447180
[MO833] Paramount Iteration,3,103,46.561768,0.448576
[MO833] Paramount Iteration,0,103,46.562206,0.448750
[MO833] Paramount Iteration,2,104,47.004721,0.444517
[MO833] Paramount Iteration,1,104,47.004762,0.444527
[MO833] Paramount Iteration,3,104,47.006532,0.444764
[MO833] Paramount Iteration,0,104,47.006972,0.444766
[MO833] Paramount Iteration,1,105,47.456575,0.451813
[MO833] Paramount Iteration,2,105,47.456748,0.452027
[MO833] Paramount Iteration,3,105,47.457144,0.450612
[MO833] Paramount Iteration,0,105,47.457716,0.450744
[MO833] Paramount Iteration,1,106,47.899116,0.442541
[MO833] Paramount Iteration,2,106,47.899155,0.442407
[MO833] Paramount Iteration,3,106,47.900895,0.443751
[MO833] Paramount Iteration,0,106,47.901801,0.444085
[MO833] Paramount Iteration,2,107,48.344452,0.445297
[MO833] Paramount Iteration,1,107,48.344510,0.445394
[MO833] Paramount Iteration,3,107,48.344489,0.443594
[MO833] Paramount Iteration,0,107,48.344969,0.443168
[MO833] Paramount Iteration,2,108,48.788296,0.443844
[MO833] Paramount Iteration,1,108,48.788616,0.444106
[MO833] Paramount Iteration,3,108,48.789181,0.444692
[MO833] Paramount Iteration,0,108,48.789606,0.444637
[MO833] Paramount Iteration,1,109,49.231606,0.442990
[MO833] Paramount Iteration,2,109,49.231715,0.443419
[MO833] Paramount Iteration,3,109,49.232527,0.443346
[MO833] Paramount Iteration,0,109,49.233085,0.443479
[MO833] Paramount Iteration,1,110,49.677689,0.446083
[MO833] Paramount Iteration,2,110,49.677827,0.446112
[MO833] Paramount Iteration,0,110,49.679088,0.446003
[MO833] Paramount Iteration,3,110,49.678845,0.446318
[MO833] Paramount Iteration,2,111,50.121210,0.443383
[MO833] Paramount Iteration,1,111,50.121324,0.443635
[MO833] Paramount Iteration,0,111,50.122585,0.443497
[MO833] Paramount Iteration,3,111,50.122207,0.443362
[MO833] Paramount Iteration,2,112,50.564935,0.443725
[MO833] Paramount Iteration,1,112,50.564962,0.443638
[MO833] Paramount Iteration,0,112,50.566039,0.443454
[MO833] Paramount Iteration,3,112,50.565869,0.443662
[MO833] Paramount Iteration,2,113,51.005480,0.440545
[MO833] Paramount Iteration,1,113,51.005537,0.440575
[MO833] Paramount Iteration,0,113,51.006967,0.440928
[MO833] Paramount Iteration,3,113,51.006607,0.440738
[MO833] Paramount Iteration,2,114,51.450019,0.444539
[MO833] Paramount Iteration,1,114,51.450069,0.444532
[MO833] Paramount Iteration,0,114,51.452947,0.445980
[MO833] Paramount Iteration,3,114,51.452610,0.446003
[MO833] Paramount Iteration,0,115,51.893617,0.440670
[MO833] Paramount Iteration,3,115,51.893354,0.440744
[MO833] Paramount Iteration,2,115,51.894335,0.444316
[MO833] Paramount Iteration,1,115,51.894291,0.444222
[MO833] Paramount Iteration,2,116,52.336101,0.441766
[MO833] Paramount Iteration,1,116,52.336101,0.441810
[MO833] Paramount Iteration,0,116,52.338302,0.444685
[MO833] Paramount Iteration,3,116,52.338074,0.444720
[MO833] Paramount Iteration,2,117,52.777180,0.441079
[MO833] Paramount Iteration,1,117,52.777351,0.441250
[MO833] Paramount Iteration,0,117,52.778057,0.439755
[MO833] Paramount Iteration,3,117,52.777699,0.439625
[MO833] Paramount Iteration,2,118,53.215211,0.438031
[MO833] Paramount Iteration,1,118,53.215214,0.437863
[MO833] Paramount Iteration,0,118,53.217073,0.439016
[MO833] Paramount Iteration,3,118,53.216771,0.439072
[MO833] Paramount Iteration,2,119,53.658302,0.443091
[MO833] Paramount Iteration,1,119,53.658381,0.443167
[MO833] Paramount Iteration,0,119,53.658837,0.441764
 Time step  120
[MO833] Paramount Iteration,3,119,53.658572,0.441801
[MO833] Paramount Iteration,1,120,54.098560,0.440179
[MO833] Paramount Iteration,2,120,54.098624,0.440322
[MO833] Paramount Iteration,0,120,54.099135,0.440298
[MO833] Paramount Iteration,3,120,54.098938,0.440366
[MO833] Paramount Iteration,1,121,54.539141,0.440581
[MO833] Paramount Iteration,2,121,54.539178,0.440554
[MO833] Paramount Iteration,3,121,54.539544,0.440606
[MO833] Paramount Iteration,0,121,54.540137,0.441002
[MO833] Paramount Iteration,2,122,54.986439,0.447261
[MO833] Paramount Iteration,1,122,54.986453,0.447312
[MO833] Paramount Iteration,3,122,54.989706,0.450162
[MO833] Paramount Iteration,0,122,54.990562,0.450425
[MO833] Paramount Iteration,1,123,55.432287,0.445834
[MO833] Paramount Iteration,2,123,55.432389,0.445950
[MO833] Paramount Iteration,0,123,55.432867,0.442305
[MO833] Paramount Iteration,3,123,55.432733,0.443027
[MO833] Paramount Iteration,1,124,55.874025,0.441738
[MO833] Paramount Iteration,2,124,55.874186,0.441797
[MO833] Paramount Iteration,0,124,55.874792,0.441925
[MO833] Paramount Iteration,3,124,55.874490,0.441757
[MO833] Paramount Iteration,1,125,56.316959,0.442934
[MO833] Paramount Iteration,2,125,56.317043,0.442857
[MO833] Paramount Iteration,3,125,56.316889,0.442399
[MO833] Paramount Iteration,0,125,56.317440,0.442648
[MO833] Paramount Iteration,2,126,56.759801,0.442758
[MO833] Paramount Iteration,1,126,56.759782,0.442823
[MO833] Paramount Iteration,3,126,56.760966,0.444077
[MO833] Paramount Iteration,0,126,56.761502,0.444062
[MO833] Paramount Iteration,2,127,57.201285,0.441484
[MO833] Paramount Iteration,1,127,57.201299,0.441517
[MO833] Paramount Iteration,3,127,57.210579,0.449613
[MO833] Paramount Iteration,0,127,57.212294,0.450792
[MO833] Paramount Iteration,3,128,57.651275,0.440696
[MO833] Paramount Iteration,0,128,57.651743,0.439449
[MO833] Paramount Iteration,2,128,57.652057,0.450772
[MO833] Paramount Iteration,1,128,57.652166,0.450867
[MO833] Paramount Iteration,2,129,58.089937,0.437880
[MO833] Paramount Iteration,1,129,58.089956,0.437790
[MO833] Paramount Iteration,3,129,58.090658,0.439383
[MO833] Paramount Iteration,0,129,58.091188,0.439445
[MO833] Paramount Iteration,1,130,58.534362,0.444406
[MO833] Paramount Iteration,2,130,58.534467,0.444530
[MO833] Paramount Iteration,3,130,58.536014,0.445356
[MO833] Paramount Iteration,0,130,58.536690,0.445502
[MO833] Paramount Iteration,0,131,58.974833,0.438143
[MO833] Paramount Iteration,3,131,58.974544,0.438530
[MO833] Paramount Iteration,2,131,58.975201,0.440734
[MO833] Paramount Iteration,1,131,58.975160,0.440798
[MO833] Paramount Iteration,0,132,59.416703,0.441870
[MO833] Paramount Iteration,3,132,59.416437,0.441893
[MO833] Paramount Iteration,1,132,59.417784,0.442624
[MO833] Paramount Iteration,2,132,59.417998,0.442797
[MO833] Paramount Iteration,0,133,59.856440,0.439737
[MO833] Paramount Iteration,3,133,59.856057,0.439620
[MO833] Paramount Iteration,2,133,59.856950,0.438952
[MO833] Paramount Iteration,1,133,59.856912,0.439128
[MO833] Paramount Iteration,1,134,60.300530,0.443618
[MO833] Paramount Iteration,2,134,60.300608,0.443658
[MO833] Paramount Iteration,0,134,60.306666,0.450226
[MO833] Paramount Iteration,3,134,60.306270,0.450213
[MO833] Paramount Iteration,0,135,60.745804,0.439138
[MO833] Paramount Iteration,3,135,60.745362,0.439092
[MO833] Paramount Iteration,2,135,60.746670,0.446062
[MO833] Paramount Iteration,1,135,60.746621,0.446091
[MO833] Paramount Iteration,3,136,61.186550,0.441188
[MO833] Paramount Iteration,0,136,61.187037,0.441233
[MO833] Paramount Iteration,1,136,61.187410,0.440789
[MO833] Paramount Iteration,2,136,61.187716,0.441046
[MO833] Paramount Iteration,2,137,61.639041,0.451325
[MO833] Paramount Iteration,1,137,61.639081,0.451671
[MO833] Paramount Iteration,0,137,61.639578,0.452541
[MO833] Paramount Iteration,3,137,61.639422,0.452872
[MO833] Paramount Iteration,1,138,62.077833,0.438752
[MO833] Paramount Iteration,2,138,62.077977,0.438936
[MO833] Paramount Iteration,0,138,62.078551,0.438973
[MO833] Paramount Iteration,3,138,62.078273,0.438851
[MO833] Paramount Iteration,1,139,62.517883,0.440050
[MO833] Paramount Iteration,2,139,62.518152,0.440175
[MO833] Paramount Iteration,0,139,62.519657,0.441106
 Time step  140
[MO833] Paramount Iteration,3,139,62.519573,0.441300
[MO833] Paramount Iteration,0,140,62.958545,0.438888
[MO833] Paramount Iteration,3,140,62.958350,0.438777
[MO833] Paramount Iteration,2,140,62.958928,0.440776
[MO833] Paramount Iteration,1,140,62.958966,0.441083
[MO833] Paramount Iteration,2,141,63.398201,0.439273
[MO833] Paramount Iteration,1,141,63.398252,0.439286
[MO833] Paramount Iteration,3,141,63.398044,0.439694
[MO833] Paramount Iteration,0,141,63.398590,0.440045
[MO833] Paramount Iteration,1,142,63.838605,0.440353
[MO833] Paramount Iteration,2,142,63.838791,0.440590
[MO833] Paramount Iteration,3,142,63.839111,0.441067
[MO833] Paramount Iteration,0,142,63.839604,0.441014
[MO833] Paramount Iteration,2,143,64.277069,0.438278
[MO833] Paramount Iteration,1,143,64.277149,0.438544
[MO833] Paramount Iteration,0,143,64.277647,0.438043
[MO833] Paramount Iteration,3,143,64.277220,0.438109
[MO833] Paramount Iteration,1,144,64.719184,0.442035
[MO833] Paramount Iteration,2,144,64.719401,0.442332
[MO833] Paramount Iteration,0,144,64.720008,0.442361
[MO833] Paramount Iteration,3,144,64.719633,0.442413
[MO833] Paramount Iteration,3,145,65.158088,0.438455
[MO833] Paramount Iteration,0,145,65.158792,0.438784
[MO833] Paramount Iteration,1,145,65.158622,0.439438
[MO833] Paramount Iteration,2,145,65.158742,0.439341
[MO833] Paramount Iteration,0,146,65.598053,0.439261
[MO833] Paramount Iteration,3,146,65.597804,0.439716
[MO833] Paramount Iteration,1,146,65.598252,0.439630
[MO833] Paramount Iteration,2,146,65.598382,0.439640
[MO833] Paramount Iteration,0,147,66.036834,0.438781
[MO833] Paramount Iteration,3,147,66.036513,0.438709
[MO833] Paramount Iteration,1,147,66.037674,0.439422
[MO833] Paramount Iteration,2,147,66.037871,0.439489
[MO833] Paramount Iteration,0,148,66.476850,0.440016
[MO833] Paramount Iteration,3,148,66.476408,0.439895
[MO833] Paramount Iteration,1,148,66.477803,0.440129
[MO833] Paramount Iteration,2,148,66.478000,0.440129
[MO833] Paramount Iteration,0,149,66.917572,0.440722
[MO833] Paramount Iteration,3,149,66.917335,0.440927
[MO833] Paramount Iteration,1,149,66.919380,0.441577
[MO833] Paramount Iteration,2,149,66.919591,0.441591
[MO833] Paramount Iteration,0,150,67.360226,0.442654
[MO833] Paramount Iteration,3,150,67.359770,0.442435
[MO833] Paramount Iteration,2,150,67.360794,0.441203
[MO833] Paramount Iteration,1,150,67.360745,0.441365
[MO833] Paramount Iteration,3,151,67.805374,0.445604
[MO833] Paramount Iteration,0,151,67.806009,0.445783
[MO833] Paramount Iteration,1,151,67.806372,0.445627
[MO833] Paramount Iteration,2,151,67.806600,0.445806
[MO833] Paramount Iteration,0,152,68.249257,0.443248
[MO833] Paramount Iteration,3,152,68.249051,0.443677
[MO833] Paramount Iteration,1,152,68.250223,0.443851
[MO833] Paramount Iteration,2,152,68.250266,0.443666
[MO833] Paramount Iteration,0,153,68.690450,0.441193
[MO833] Paramount Iteration,3,153,68.690277,0.441226
[MO833] Paramount Iteration,2,153,68.691742,0.441476
[MO833] Paramount Iteration,1,153,68.691717,0.441494
[MO833] Paramount Iteration,1,154,69.131082,0.439365
[MO833] Paramount Iteration,2,154,69.131330,0.439588
[MO833] Paramount Iteration,3,154,69.131218,0.440941
[MO833] Paramount Iteration,0,154,69.131729,0.441279
[MO833] Paramount Iteration,0,155,69.574741,0.443012
[MO833] Paramount Iteration,3,155,69.574401,0.443183
[MO833] Paramount Iteration,1,155,69.575346,0.444264
[MO833] Paramount Iteration,2,155,69.575486,0.444156
[MO833] Paramount Iteration,1,156,70.015909,0.440563
[MO833] Paramount Iteration,2,156,70.016025,0.440539
[MO833] Paramount Iteration,3,156,70.016739,0.442338
[MO833] Paramount Iteration,0,156,70.017310,0.442569
[MO833] Paramount Iteration,1,157,70.460333,0.444424
[MO833] Paramount Iteration,2,157,70.460413,0.444388
[MO833] Paramount Iteration,3,157,70.461503,0.444764
[MO833] Paramount Iteration,0,157,70.462000,0.444690
[MO833] Paramount Iteration,1,158,70.902986,0.442653
[MO833] Paramount Iteration,2,158,70.903202,0.442789
[MO833] Paramount Iteration,0,158,70.905048,0.443048
[MO833] Paramount Iteration,3,158,70.904594,0.443091
[MO833] Paramount Iteration,1,159,71.347807,0.444821
[MO833] Paramount Iteration,2,159,71.347957,0.444755
[MO833] Paramount Iteration,3,159,71.348448,0.443854
[MO833] Paramount Iteration,0,159,71.349082,0.444034
 Time step  160
[MO833] Paramount Iteration,2,160,71.791272,0.443315
[MO833] Paramount Iteration,1,160,71.791242,0.443435
[MO833] Paramount Iteration,0,160,71.793608,0.444526
[MO833] Paramount Iteration,3,160,71.793403,0.444955
[MO833] Paramount Iteration,1,161,72.230460,0.439218
[MO833] Paramount Iteration,2,161,72.230535,0.439263
[MO833] Paramount Iteration,0,161,72.232895,0.439287
[MO833] Paramount Iteration,3,161,72.232667,0.439264
[MO833] Paramount Iteration,2,162,72.674490,0.443955
[MO833] Paramount Iteration,1,162,72.674427,0.443967
[MO833] Paramount Iteration,3,162,72.674410,0.441743
[MO833] Paramount Iteration,0,162,72.674903,0.442008
[MO833] Paramount Iteration,0,163,73.113468,0.438565
[MO833] Paramount Iteration,3,163,73.113291,0.438881
[MO833] Paramount Iteration,2,163,73.113841,0.439351
[MO833] Paramount Iteration,1,163,73.113745,0.439318
[MO833] Paramount Iteration,1,164,73.554583,0.440838
[MO833] Paramount Iteration,2,164,73.554727,0.440886
[MO833] Paramount Iteration,0,164,73.555375,0.441907
[MO833] Paramount Iteration,3,164,73.555049,0.441758
[MO833] Paramount Iteration,0,165,73.995236,0.439861
[MO833] Paramount Iteration,1,165,73.995203,0.440620
[MO833] Paramount Iteration,2,165,73.995329,0.440602
[MO833] Paramount Iteration,3,165,73.995169,0.440120
[MO833] Paramount Iteration,1,166,74.435712,0.440509
[MO833] Paramount Iteration,2,166,74.435787,0.440458
[MO833] Paramount Iteration,0,166,74.437011,0.441775
[MO833] Paramount Iteration,3,166,74.436718,0.441549
[MO833] Paramount Iteration,2,167,74.877502,0.441715
[MO833] Paramount Iteration,1,167,74.877489,0.441777
[MO833] Paramount Iteration,3,167,74.877227,0.440509
[MO833] Paramount Iteration,0,167,74.877798,0.440787
[MO833] Paramount Iteration,1,168,75.317609,0.440120
[MO833] Paramount Iteration,2,168,75.317699,0.440197
[MO833] Paramount Iteration,0,168,75.318933,0.441135
[MO833] Paramount Iteration,3,168,75.318508,0.441281
[MO833] Paramount Iteration,1,169,75.756213,0.438604
[MO833] Paramount Iteration,2,169,75.756456,0.438757
[MO833] Paramount Iteration,0,169,75.757039,0.438106
[MO833] Paramount Iteration,3,169,75.756592,0.438084
[MO833] Paramount Iteration,1,170,76.198815,0.442602
[MO833] Paramount Iteration,2,170,76.199045,0.442589
[MO833] Paramount Iteration,0,170,76.201402,0.444363
[MO833] Paramount Iteration,3,170,76.201058,0.444466
[MO833] Paramount Iteration,1,171,76.646269,0.447454
[MO833] Paramount Iteration,2,171,76.646415,0.447370
[MO833] Paramount Iteration,3,171,76.646352,0.445294
[MO833] Paramount Iteration,0,171,76.647011,0.445609
[MO833] Paramount Iteration,1,172,77.086191,0.439922
[MO833] Paramount Iteration,2,172,77.086306,0.439891
[MO833] Paramount Iteration,3,172,77.086890,0.440538
[MO833] Paramount Iteration,0,172,77.087576,0.440565
[MO833] Paramount Iteration,2,173,77.531336,0.445030
[MO833] Paramount Iteration,3,173,77.530983,0.444093
[MO833] Paramount Iteration,1,173,77.531403,0.445212
[MO833] Paramount Iteration,0,173,77.531671,0.444095
[MO833] Paramount Iteration,2,174,77.970100,0.438764
[MO833] Paramount Iteration,1,174,77.970079,0.438676
[MO833] Paramount Iteration,0,174,77.970418,0.438747
[MO833] Paramount Iteration,3,174,77.970062,0.439079
[MO833] Paramount Iteration,2,175,78.408773,0.438673
[MO833] Paramount Iteration,1,175,78.409001,0.438922
[MO833] Paramount Iteration,0,175,78.409900,0.439482
[MO833] Paramount Iteration,3,175,78.409524,0.439462
[MO833] Paramount Iteration,1,176,78.846957,0.437956
[MO833] Paramount Iteration,2,176,78.847164,0.438391
[MO833] Paramount Iteration,3,176,78.848149,0.438625
[MO833] Paramount Iteration,0,176,78.849165,0.439265
[MO833] Paramount Iteration,0,177,79.291486,0.442321
[MO833] Paramount Iteration,3,177,79.291007,0.442858
[MO833] Paramount Iteration,2,177,79.304392,0.457228
[MO833] Paramount Iteration,1,177,79.304474,0.457517
[MO833] Paramount Iteration,1,178,79.746086,0.441612
[MO833] Paramount Iteration,2,178,79.746250,0.441858
[MO833] Paramount Iteration,0,178,79.746728,0.455242
[MO833] Paramount Iteration,3,178,79.746257,0.455250
[MO833] Paramount Iteration,2,179,80.182918,0.436668
[MO833] Paramount Iteration,1,179,80.182827,0.436741
[MO833] Paramount Iteration,3,179,80.183041,0.436784
[MO833] Paramount Iteration,0,179,80.183637,0.436909
 Time step  180
[MO833] Paramount Iteration,1,180,80.621220,0.438393
[MO833] Paramount Iteration,2,180,80.621635,0.438717
[MO833] Paramount Iteration,3,180,80.621943,0.438902
[MO833] Paramount Iteration,0,180,80.622528,0.438891
[MO833] Paramount Iteration,1,181,81.059208,0.437988
[MO833] Paramount Iteration,2,181,81.059336,0.437701
[MO833] Paramount Iteration,0,181,81.059835,0.437307
[MO833] Paramount Iteration,3,181,81.059470,0.437527
[MO833] Paramount Iteration,2,182,81.501811,0.442475
[MO833] Paramount Iteration,1,182,81.501745,0.442537
[MO833] Paramount Iteration,0,182,81.502157,0.442322
[MO833] Paramount Iteration,3,182,81.501734,0.442264
[MO833] Paramount Iteration,0,183,81.940381,0.438224
[MO833] Paramount Iteration,3,183,81.939916,0.438182
[MO833] Paramount Iteration,1,183,81.940488,0.438743
[MO833] Paramount Iteration,2,183,81.940639,0.438828
[MO833] Paramount Iteration,1,184,82.379574,0.439086
[MO833] Paramount Iteration,2,184,82.379691,0.439052
[MO833] Paramount Iteration,0,184,82.380820,0.440439
[MO833] Paramount Iteration,3,184,82.380443,0.440527
[MO833] Paramount Iteration,1,185,82.819083,0.439509
[MO833] Paramount Iteration,2,185,82.819181,0.439490
[MO833] Paramount Iteration,0,185,82.819668,0.438848
[MO833] Paramount Iteration,3,185,82.819180,0.438737
[MO833] Paramount Iteration,1,186,83.258154,0.439071
[MO833] Paramount Iteration,2,186,83.258335,0.439154
[MO833] Paramount Iteration,0,186,83.258817,0.439149
[MO833] Paramount Iteration,3,186,83.258430,0.439250
[MO833] Paramount Iteration,2,187,83.702720,0.444385
[MO833] Paramount Iteration,1,187,83.702663,0.444509
[MO833] Paramount Iteration,0,187,83.703942,0.445125
[MO833] Paramount Iteration,3,187,83.703452,0.445022
[MO833] Paramount Iteration,1,188,84.141055,0.438392
[MO833] Paramount Iteration,2,188,84.141224,0.438504
[MO833] Paramount Iteration,0,188,84.141713,0.437771
[MO833] Paramount Iteration,3,188,84.141341,0.437889
[MO833] Paramount Iteration,0,189,84.578122,0.436409
[MO833] Paramount Iteration,3,189,84.577902,0.436561
[MO833] Paramount Iteration,1,189,84.580199,0.439144
[MO833] Paramount Iteration,2,189,84.580370,0.439146
[MO833] Paramount Iteration,0,190,85.020230,0.442108
[MO833] Paramount Iteration,3,190,85.019900,0.441998
[MO833] Paramount Iteration,2,190,85.020790,0.440420
[MO833] Paramount Iteration,1,190,85.020726,0.440527
[MO833] Paramount Iteration,2,191,85.461985,0.441195
[MO833] Paramount Iteration,1,191,85.461981,0.441255
[MO833] Paramount Iteration,0,191,85.462371,0.442141
[MO833] Paramount Iteration,3,191,85.461958,0.442058
[MO833] Paramount Iteration,1,192,85.899364,0.437383
[MO833] Paramount Iteration,2,192,85.899522,0.437537
[MO833] Paramount Iteration,0,192,85.900371,0.438000
[MO833] Paramount Iteration,3,192,85.899969,0.438011
[MO833] Paramount Iteration,0,193,86.337207,0.436836
[MO833] Paramount Iteration,3,193,86.336687,0.436718
[MO833] Paramount Iteration,1,193,86.337829,0.438465
[MO833] Paramount Iteration,2,193,86.338182,0.438660
[MO833] Paramount Iteration,0,194,86.775588,0.438381
[MO833] Paramount Iteration,3,194,86.775114,0.438427
[MO833] Paramount Iteration,1,194,86.776550,0.438721
[MO833] Paramount Iteration,2,194,86.776743,0.438561
[MO833] Paramount Iteration,1,195,87.219030,0.442480
[MO833] Paramount Iteration,0,195,87.219280,0.443692
[MO833] Paramount Iteration,3,195,87.218809,0.443695
[MO833] Paramount Iteration,2,195,87.219304,0.442561
[MO833] Paramount Iteration,0,196,87.658865,0.439585
[MO833] Paramount Iteration,3,196,87.658358,0.439549
[MO833] Paramount Iteration,2,196,87.659118,0.439814
[MO833] Paramount Iteration,1,196,87.659151,0.440121
[MO833] Paramount Iteration,1,197,88.098463,0.439312
[MO833] Paramount Iteration,2,197,88.098672,0.439554
[MO833] Paramount Iteration,0,197,88.099262,0.440397
[MO833] Paramount Iteration,3,197,88.099017,0.440659
[MO833] Paramount Iteration,0,198,88.535771,0.436509
[MO833] Paramount Iteration,3,198,88.535418,0.436401
[MO833] Paramount Iteration,2,198,88.536477,0.437805
[MO833] Paramount Iteration,1,198,88.536362,0.437899
[MO833] Paramount Iteration,0,199,88.973487,0.437716
 Time step  200
[MO833] Paramount Iteration,2,199,88.973463,0.436986
[MO833] Paramount Iteration,1,199,88.973372,0.437010
[MO833] Paramount Iteration,3,199,88.973045,0.437627
[MO833] Paramount Iteration,0,200,89.413819,0.440332
[MO833] Paramount Iteration,3,200,89.413427,0.440382
[MO833] Paramount Iteration,1,200,89.414566,0.441194
[MO833] Paramount Iteration,2,200,89.414757,0.441294
[MO833] Paramount Iteration,1,201,89.851343,0.436777
[MO833] Paramount Iteration,2,201,89.851526,0.436769
[MO833] Paramount Iteration,0,201,89.852221,0.438402
[MO833] Paramount Iteration,3,201,89.851640,0.438213
[MO833] Paramount Iteration,0,202,90.291678,0.439457
[MO833] Paramount Iteration,3,202,90.291422,0.439782
[MO833] Paramount Iteration,1,202,90.293271,0.441928
[MO833] Paramount Iteration,2,202,90.293434,0.441908
[MO833] Paramount Iteration,0,203,90.730147,0.438469
[MO833] Paramount Iteration,1,203,90.730144,0.436873
[MO833] Paramount Iteration,3,203,90.729808,0.438386
[MO833] Paramount Iteration,2,203,90.730233,0.436799
[MO833] Paramount Iteration,2,204,91.168313,0.438080
[MO833] Paramount Iteration,1,204,91.168221,0.438077
[MO833] Paramount Iteration,0,204,91.170257,0.440110
[MO833] Paramount Iteration,3,204,91.169965,0.440157
[MO833] Paramount Iteration,1,205,91.614720,0.446499
[MO833] Paramount Iteration,2,205,91.614871,0.446558
[MO833] Paramount Iteration,0,205,91.615621,0.445364
[MO833] Paramount Iteration,3,205,91.615197,0.445232
[MO833] Paramount Iteration,2,206,92.054068,0.439197
[MO833] Paramount Iteration,1,206,92.054021,0.439301
[MO833] Paramount Iteration,0,206,92.055794,0.440173
[MO833] Paramount Iteration,3,206,92.055403,0.440206
[MO833] Paramount Iteration,1,207,92.492653,0.438632
[MO833] Paramount Iteration,2,207,92.492937,0.438869
[MO833] Paramount Iteration,0,207,92.493386,0.437592
[MO833] Paramount Iteration,3,207,92.493008,0.437605
[MO833] Paramount Iteration,2,208,92.929891,0.436954
[MO833] Paramount Iteration,1,208,92.929841,0.437188
[MO833] Paramount Iteration,3,208,92.930279,0.437271
[MO833] Paramount Iteration,0,208,92.930850,0.437464
[MO833] Paramount Iteration,0,209,93.367263,0.436413
[MO833] Paramount Iteration,3,209,93.366989,0.436710
[MO833] Paramount Iteration,2,209,93.367667,0.437776
[MO833] Paramount Iteration,1,209,93.367631,0.437790
[MO833] Paramount Iteration,1,210,93.807660,0.440029
[MO833] Paramount Iteration,2,210,93.807790,0.440123
[MO833] Paramount Iteration,0,210,93.807936,0.440673
[MO833] Paramount Iteration,3,210,93.807678,0.440689
[MO833] Paramount Iteration,0,211,94.246255,0.438319
[MO833] Paramount Iteration,3,211,94.245788,0.438110
[MO833] Paramount Iteration,2,211,94.246797,0.439007
[MO833] Paramount Iteration,1,211,94.246708,0.439048
[MO833] Paramount Iteration,0,212,94.686849,0.440594
[MO833] Paramount Iteration,3,212,94.686494,0.440706
[MO833] Paramount Iteration,1,212,94.688619,0.441911
[MO833] Paramount Iteration,2,212,94.688866,0.442069
[MO833] Paramount Iteration,1,213,95.129008,0.440389
[MO833] Paramount Iteration,2,213,95.129172,0.440306
[MO833] Paramount Iteration,0,213,95.131588,0.444739
[MO833] Paramount Iteration,3,213,95.131090,0.444596
[MO833] Paramount Iteration,1,214,95.571821,0.442813
[MO833] Paramount Iteration,2,214,95.572155,0.442983
[MO833] Paramount Iteration,0,214,95.573347,0.441759
[MO833] Paramount Iteration,3,214,95.572951,0.441861
[MO833] Paramount Iteration,0,215,96.010547,0.437200
[MO833] Paramount Iteration,3,215,96.010323,0.437372
[MO833] Paramount Iteration,1,215,96.011139,0.439318
[MO833] Paramount Iteration,2,215,96.011288,0.439133
[MO833] Paramount Iteration,0,216,96.450957,0.440410
[MO833] Paramount Iteration,3,216,96.450529,0.440206
[MO833] Paramount Iteration,2,216,96.451121,0.439833
[MO833] Paramount Iteration,1,216,96.451103,0.439964
[MO833] Paramount Iteration,1,217,96.890867,0.439764
[MO833] Paramount Iteration,2,217,96.891106,0.439985
[MO833] Paramount Iteration,0,217,96.891572,0.440615
[MO833] Paramount Iteration,3,217,96.891075,0.440546
[MO833] Paramount Iteration,2,218,97.333026,0.441920
[MO833] Paramount Iteration,1,218,97.332987,0.442120
[MO833] Paramount Iteration,0,218,97.334181,0.442609
[MO833] Paramount Iteration,3,218,97.333631,0.442556
[MO833] Paramount Iteration,2,219,97.776018,0.442992
[MO833] Paramount Iteration,1,219,97.775995,0.443008
[MO833] Paramount Iteration,0,219,97.777073,0.442892
 Time step  220
[MO833] Paramount Iteration,3,219,97.776515,0.442884
[MO833] Paramount Iteration,1,220,98.220172,0.444177
[MO833] Paramount Iteration,2,220,98.220329,0.444311
[MO833] Paramount Iteration,0,220,98.221145,0.444072
[MO833] Paramount Iteration,3,220,98.220659,0.444144
[MO833] Paramount Iteration,2,221,98.664127,0.443798
[MO833] Paramount Iteration,1,221,98.664070,0.443898
[MO833] Paramount Iteration,3,221,98.666156,0.445497
[MO833] Paramount Iteration,0,221,98.666923,0.445778
[MO833] Paramount Iteration,0,222,99.108202,0.441279
[MO833] Paramount Iteration,3,222,99.107924,0.441768
[MO833] Paramount Iteration,2,222,99.108825,0.444698
[MO833] Paramount Iteration,1,222,99.108710,0.444640
[MO833] Paramount Iteration,2,223,99.548575,0.439750
[MO833] Paramount Iteration,1,223,99.548457,0.439747
[MO833] Paramount Iteration,0,223,99.548998,0.440796
[MO833] Paramount Iteration,3,223,99.548484,0.440560
[MO833] Paramount Iteration,2,224,99.988403,0.439828
[MO833] Paramount Iteration,1,224,99.988316,0.439859
[MO833] Paramount Iteration,3,224,99.988835,0.440351
[MO833] Paramount Iteration,0,224,99.989539,0.440541
[MO833] Paramount Iteration,1,225,100.431575,0.443259
[MO833] Paramount Iteration,2,225,100.431731,0.443328
[MO833] Paramount Iteration,0,225,100.432654,0.443115
[MO833] Paramount Iteration,3,225,100.432085,0.443250
[MO833] Paramount Iteration,2,226,100.869668,0.437937
[MO833] Paramount Iteration,1,226,100.869553,0.437978
[MO833] Paramount Iteration,3,226,100.871383,0.439298
[MO833] Paramount Iteration,0,226,100.872018,0.439364
[MO833] Paramount Iteration,2,227,101.313325,0.443657
[MO833] Paramount Iteration,1,227,101.313366,0.443813
[MO833] Paramount Iteration,3,227,101.314115,0.442732
[MO833] Paramount Iteration,0,227,101.314716,0.442698
[MO833] Paramount Iteration,1,228,101.755372,0.442006
[MO833] Paramount Iteration,2,228,101.755501,0.442176
[MO833] Paramount Iteration,0,228,101.757497,0.442781
[MO833] Paramount Iteration,3,228,101.757106,0.442991
[MO833] Paramount Iteration,2,229,102.199344,0.443843
[MO833] Paramount Iteration,1,229,102.199250,0.443878
[MO833] Paramount Iteration,0,229,102.202766,0.445269
[MO833] Paramount Iteration,3,229,102.202206,0.445100
[MO833] Paramount Iteration,1,230,102.646180,0.446930
[MO833] Paramount Iteration,2,230,102.646312,0.446968
[MO833] Paramount Iteration,0,230,102.649854,0.447088
[MO833] Paramount Iteration,3,230,102.649456,0.447250
[MO833] Paramount Iteration,1,231,103.092361,0.446181
[MO833] Paramount Iteration,2,231,103.092564,0.446252
[MO833] Paramount Iteration,3,231,103.092098,0.442642
[MO833] Paramount Iteration,0,231,103.092756,0.442902
[MO833] Paramount Iteration,1,232,103.529646,0.437285
[MO833] Paramount Iteration,2,232,103.529778,0.437214
[MO833] Paramount Iteration,0,232,103.531036,0.438280
[MO833] Paramount Iteration,3,232,103.530612,0.438514
[MO833] Paramount Iteration,1,233,103.969049,0.439403
[MO833] Paramount Iteration,2,233,103.969270,0.439492
[MO833] Paramount Iteration,0,233,103.970898,0.439862
[MO833] Paramount Iteration,3,233,103.970425,0.439813
[MO833] Paramount Iteration,1,234,104.412241,0.443192
[MO833] Paramount Iteration,2,234,104.412432,0.443162
[MO833] Paramount Iteration,0,234,104.412796,0.441898
[MO833] Paramount Iteration,3,234,104.412558,0.442133
[MO833] Paramount Iteration,0,235,104.853232,0.440436
[MO833] Paramount Iteration,3,235,104.852913,0.440355
[MO833] Paramount Iteration,2,235,104.854076,0.441644
[MO833] Paramount Iteration,1,235,104.854179,0.441938
[MO833] Paramount Iteration,0,236,105.292644,0.439412
[MO833] Paramount Iteration,2,236,105.292863,0.438787
[MO833] Paramount Iteration,1,236,105.292737,0.438558
[MO833] Paramount Iteration,3,236,105.292348,0.439435
[MO833] Paramount Iteration,2,237,105.734052,0.441189
[MO833] Paramount Iteration,1,237,105.734070,0.441333
[MO833] Paramount Iteration,0,237,105.734571,0.441927
[MO833] Paramount Iteration,3,237,105.734176,0.441828
[MO833] Paramount Iteration,1,238,106.180598,0.446528
[MO833] Paramount Iteration,2,238,106.180757,0.446705
[MO833] Paramount Iteration,3,238,106.181124,0.446948
[MO833] Paramount Iteration,0,238,106.181773,0.447202
[MO833] Paramount Iteration,2,239,106.624426,0.443669
[MO833] Paramount Iteration,1,239,106.624304,0.443706
[MO833] Paramount Iteration,3,239,106.624439,0.443315
[MO833] Paramount Iteration,0,239,106.625241,0.443468
 Time step  240
[MO833] Paramount Iteration,1,240,107.066690,0.442386
[MO833] Paramount Iteration,2,240,107.066841,0.442415
[MO833] Paramount Iteration,3,240,107.067200,0.442761
[MO833] Paramount Iteration,0,240,107.067960,0.442719
[MO833] Paramount Iteration,1,241,107.524155,0.457465
[MO833] Paramount Iteration,2,241,107.524523,0.457682
[MO833] Paramount Iteration,3,241,107.525124,0.457924
[MO833] Paramount Iteration,0,241,107.525840,0.457880
[MO833] Paramount Iteration,2,242,107.968825,0.444302
[MO833] Paramount Iteration,1,242,107.968785,0.444630
[MO833] Paramount Iteration,0,242,107.971302,0.445462
[MO833] Paramount Iteration,3,242,107.970792,0.445668
[MO833] Paramount Iteration,2,243,108.416417,0.447592
[MO833] Paramount Iteration,1,243,108.416342,0.447557
[MO833] Paramount Iteration,3,243,108.418278,0.447486
[MO833] Paramount Iteration,0,243,108.419689,0.448387
[MO833] Paramount Iteration,1,244,108.865332,0.448990
[MO833] Paramount Iteration,2,244,108.865542,0.449125
[MO833] Paramount Iteration,3,244,108.867112,0.448834
[MO833] Paramount Iteration,0,244,108.867862,0.448173
[MO833] Paramount Iteration,3,245,109.311642,0.444530
[MO833] Paramount Iteration,0,245,109.312914,0.445052
[MO833] Paramount Iteration,2,245,109.315466,0.449924
[MO833] Paramount Iteration,1,245,109.315525,0.450193
[MO833] Paramount Iteration,2,246,109.758535,0.443069
[MO833] Paramount Iteration,1,246,109.758492,0.442967
[MO833] Paramount Iteration,3,246,109.759061,0.447419
[MO833] Paramount Iteration,0,246,109.759857,0.446943
[MO833] Paramount Iteration,2,247,110.199775,0.441240
[MO833] Paramount Iteration,1,247,110.199618,0.441126
[MO833] Paramount Iteration,0,247,110.202777,0.442920
[MO833] Paramount Iteration,3,247,110.202303,0.443242
[MO833] Paramount Iteration,0,248,110.641166,0.438389
[MO833] Paramount Iteration,3,248,110.640706,0.438403
[MO833] Paramount Iteration,1,248,110.642052,0.442434
[MO833] Paramount Iteration,2,248,110.642241,0.442466
[MO833] Paramount Iteration,0,249,111.081924,0.440758
[MO833] Paramount Iteration,3,249,111.081342,0.440636
[MO833] Paramount Iteration,2,249,111.083104,0.440863
[MO833] Paramount Iteration,1,249,111.083048,0.440996
[MO833] Paramount Iteration,2,250,111.531486,0.448382
[MO833] Paramount Iteration,1,250,111.531442,0.448394
[MO833] Paramount Iteration,0,250,111.532297,0.450373
[MO833] Paramount Iteration,3,250,111.531882,0.450540
[MO833] Paramount Iteration,2,251,111.970012,0.438526
[MO833] Paramount Iteration,1,251,111.969879,0.438437
[MO833] Paramount Iteration,3,251,111.970973,0.439091
[MO833] Paramount Iteration,0,251,111.971756,0.439459
[MO833] Paramount Iteration,2,252,112.411454,0.441442
[MO833] Paramount Iteration,1,252,112.411379,0.441500
[MO833] Paramount Iteration,3,252,112.411067,0.440094
[MO833] Paramount Iteration,0,252,112.411748,0.439992
[MO833] Paramount Iteration,1,253,112.850753,0.439374
[MO833] Paramount Iteration,2,253,112.850920,0.439466
[MO833] Paramount Iteration,3,253,112.850540,0.439473
[MO833] Paramount Iteration,0,253,112.851238,0.439490
[MO833] Paramount Iteration,1,254,113.290372,0.439619
[MO833] Paramount Iteration,2,254,113.290616,0.439696
[MO833] Paramount Iteration,0,254,113.291403,0.440165
[MO833] Paramount Iteration,3,254,113.290843,0.440303
[MO833] Paramount Iteration,0,255,113.731424,0.440021
[MO833] Paramount Iteration,3,255,113.731076,0.440233
[MO833] Paramount Iteration,2,255,113.731802,0.441186
[MO833] Paramount Iteration,1,255,113.731628,0.441256
[MO833] Paramount Iteration,0,256,114.170887,0.439463
[MO833] Paramount Iteration,3,256,114.170300,0.439224
[MO833] Paramount Iteration,2,256,114.171157,0.439355
[MO833] Paramount Iteration,1,256,114.171056,0.439428
[MO833] Paramount Iteration,2,257,114.612002,0.440845
[MO833] Paramount Iteration,1,257,114.612097,0.441041
[MO833] Paramount Iteration,3,257,114.611767,0.441467
[MO833] Paramount Iteration,0,257,114.612411,0.441524
[MO833] Paramount Iteration,0,258,115.054067,0.441656
[MO833] Paramount Iteration,3,258,115.053557,0.441790
[MO833] Paramount Iteration,1,258,115.054981,0.442884
[MO833] Paramount Iteration,2,258,115.055249,0.443247
[MO833] Paramount Iteration,0,259,115.495113,0.441046
 Time step  260
[MO833] Paramount Iteration,3,259,115.494720,0.441163
[MO833] Paramount Iteration,1,259,115.495889,0.440908
[MO833] Paramount Iteration,2,259,115.496073,0.440824
[MO833] Paramount Iteration,1,260,115.934451,0.438562
[MO833] Paramount Iteration,2,260,115.934838,0.438765
[MO833] Paramount Iteration,3,260,115.935801,0.441081
[MO833] Paramount Iteration,0,260,115.936570,0.441457
[MO833] Paramount Iteration,0,261,116.376197,0.439627
[MO833] Paramount Iteration,3,261,116.375623,0.439822
[MO833] Paramount Iteration,2,261,116.376368,0.441530
[MO833] Paramount Iteration,1,261,116.376447,0.441996
[MO833] Paramount Iteration,1,262,116.816302,0.439855
[MO833] Paramount Iteration,2,262,116.816549,0.440181
[MO833] Paramount Iteration,0,262,116.816572,0.440375
[MO833] Paramount Iteration,3,262,116.816101,0.440478
[MO833] Paramount Iteration,1,263,117.254155,0.437853
[MO833] Paramount Iteration,2,263,117.254299,0.437750
[MO833] Paramount Iteration,0,263,117.255710,0.439138
[MO833] Paramount Iteration,3,263,117.255141,0.439040
[MO833] Paramount Iteration,0,264,117.693348,0.437638
[MO833] Paramount Iteration,3,264,117.692858,0.437717
[MO833] Paramount Iteration,1,264,117.693344,0.439189
[MO833] Paramount Iteration,2,264,117.693578,0.439279
[MO833] Paramount Iteration,1,265,118.133436,0.440092
[MO833] Paramount Iteration,2,265,118.133629,0.440051
[MO833] Paramount Iteration,3,265,118.134147,0.441289
[MO833] Paramount Iteration,0,265,118.134922,0.441574
[MO833] Paramount Iteration,2,266,118.573371,0.439742
[MO833] Paramount Iteration,1,266,118.573282,0.439846
[MO833] Paramount Iteration,3,266,118.573701,0.439554
[MO833] Paramount Iteration,0,266,118.574509,0.439587
[MO833] Paramount Iteration,1,267,119.014749,0.441467
[MO833] Paramount Iteration,2,267,119.015015,0.441644
[MO833] Paramount Iteration,3,267,119.014618,0.440917
[MO833] Paramount Iteration,0,267,119.015483,0.440974
[MO833] Paramount Iteration,0,268,119.455260,0.439777
[MO833] Paramount Iteration,3,268,119.454768,0.440150
[MO833] Paramount Iteration,1,268,119.455834,0.441085
[MO833] Paramount Iteration,2,268,119.456068,0.441053
[MO833] Paramount Iteration,1,269,119.897503,0.441669
[MO833] Paramount Iteration,2,269,119.898044,0.441976
[MO833] Paramount Iteration,3,269,119.898575,0.443807
[MO833] Paramount Iteration,0,269,119.899468,0.444208
[MO833] Paramount Iteration,1,270,120.344880,0.447377
[MO833] Paramount Iteration,2,270,120.345087,0.447043
[MO833] Paramount Iteration,3,270,120.350409,0.451834
[MO833] Paramount Iteration,0,270,120.351147,0.451679
[MO833] Paramount Iteration,0,271,120.791865,0.440718
[MO833] Paramount Iteration,3,271,120.791346,0.440937
[MO833] Paramount Iteration,2,271,120.792814,0.447727
[MO833] Paramount Iteration,1,271,120.792913,0.448033
[MO833] Paramount Iteration,3,272,121.235714,0.444368
[MO833] Paramount Iteration,0,272,121.236413,0.444548
[MO833] Paramount Iteration,1,272,121.236709,0.443796
[MO833] Paramount Iteration,2,272,121.236935,0.444121
[MO833] Paramount Iteration,2,273,121.682634,0.445699
[MO833] Paramount Iteration,1,273,121.682502,0.445793
[MO833] Paramount Iteration,0,273,121.683876,0.447463
[MO833] Paramount Iteration,3,273,121.683242,0.447528
[MO833] Paramount Iteration,1,274,122.125471,0.442969
[MO833] Paramount Iteration,2,274,122.125778,0.443144
[MO833] Paramount Iteration,0,274,122.126970,0.443094
[MO833] Paramount Iteration,3,274,122.126356,0.443114
[MO833] Paramount Iteration,1,275,122.566112,0.440641
[MO833] Paramount Iteration,2,275,122.566402,0.440624
[MO833] Paramount Iteration,3,275,122.567774,0.441418
[MO833] Paramount Iteration,0,275,122.568494,0.441524
[MO833] Paramount Iteration,1,276,123.008833,0.442721
[MO833] Paramount Iteration,2,276,123.009029,0.442627
[MO833] Paramount Iteration,3,276,123.010533,0.442759
[MO833] Paramount Iteration,0,276,123.011284,0.442790
[MO833] Paramount Iteration,3,277,123.450971,0.440438
[MO833] Paramount Iteration,2,277,123.451637,0.442608
[MO833] Paramount Iteration,0,277,123.451748,0.440464
[MO833] Paramount Iteration,1,277,123.451581,0.442748
[MO833] Paramount Iteration,1,278,123.892618,0.441037
[MO833] Paramount Iteration,2,278,123.892834,0.441197
[MO833] Paramount Iteration,0,278,123.894653,0.442905
[MO833] Paramount Iteration,3,278,123.894278,0.443307
[MO833] Paramount Iteration,3,279,124.332281,0.438003
[MO833] Paramount Iteration,0,279,124.333229,0.438576
 Time step  280
[MO833] Paramount Iteration,1,279,124.333413,0.440795
[MO833] Paramount Iteration,2,279,124.333756,0.440922
[MO833] Paramount Iteration,0,280,124.772373,0.439144
[MO833] Paramount Iteration,3,280,124.771835,0.439554
[MO833] Paramount Iteration,2,280,124.772647,0.438891
[MO833] Paramount Iteration,1,280,124.772586,0.439173
[MO833] Paramount Iteration,2,281,125.211143,0.438496
[MO833] Paramount Iteration,1,281,125.211036,0.438450
[MO833] Paramount Iteration,3,281,125.210657,0.438822
[MO833] Paramount Iteration,0,281,125.211364,0.438991
[MO833] Paramount Iteration,2,282,125.650593,0.439450
[MO833] Paramount Iteration,0,282,125.650684,0.439320
[MO833] Paramount Iteration,1,282,125.650446,0.439410
[MO833] Paramount Iteration,3,282,125.649967,0.439310
[MO833] Paramount Iteration,1,283,126.091232,0.440786
[MO833] Paramount Iteration,2,283,126.091581,0.440988
[MO833] Paramount Iteration,0,283,126.093141,0.442457
[MO833] Paramount Iteration,3,283,126.092568,0.442601
[MO833] Paramount Iteration,1,284,126.531635,0.440403
[MO833] Paramount Iteration,2,284,126.531865,0.440284
[MO833] Paramount Iteration,0,284,126.532066,0.438925
[MO833] Paramount Iteration,3,284,126.531424,0.438856
[MO833] Paramount Iteration,1,285,126.972979,0.441344
[MO833] Paramount Iteration,2,285,126.973282,0.441417
[MO833] Paramount Iteration,3,285,126.973462,0.442038
[MO833] Paramount Iteration,0,285,126.974557,0.442491
[MO833] Paramount Iteration,2,286,127.417233,0.443951
[MO833] Paramount Iteration,0,286,127.417350,0.442793
[MO833] Paramount Iteration,1,286,127.417213,0.444234
[MO833] Paramount Iteration,3,286,127.416768,0.443306
[MO833] Paramount Iteration,1,287,127.856923,0.439710
[MO833] Paramount Iteration,2,287,127.857227,0.439994
[MO833] Paramount Iteration,3,287,127.858965,0.442197
[MO833] Paramount Iteration,0,287,127.859678,0.442328
[MO833] Paramount Iteration,0,288,128.304291,0.444613
[MO833] Paramount Iteration,3,288,128.303652,0.444687
[MO833] Paramount Iteration,1,288,128.305337,0.448414
[MO833] Paramount Iteration,2,288,128.305801,0.448574
[MO833] Paramount Iteration,2,289,128.744181,0.438380
[MO833] Paramount Iteration,1,289,128.744018,0.438681
[MO833] Paramount Iteration,3,289,128.744753,0.441101
[MO833] Paramount Iteration,0,289,128.745696,0.441405
[MO833] Paramount Iteration,0,290,129.183575,0.437879
[MO833] Paramount Iteration,3,290,129.182974,0.438221
[MO833] Paramount Iteration,1,290,129.183888,0.439870
[MO833] Paramount Iteration,2,290,129.184199,0.440018
[MO833] Paramount Iteration,0,291,129.624943,0.441368
[MO833] Paramount Iteration,3,291,129.624491,0.441517
[MO833] Paramount Iteration,1,291,129.626039,0.442151
[MO833] Paramount Iteration,2,291,129.626340,0.442141
[MO833] Paramount Iteration,1,292,130.066185,0.440146
[MO833] Paramount Iteration,2,292,130.066420,0.440080
[MO833] Paramount Iteration,0,292,130.066780,0.441837
[MO833] Paramount Iteration,3,292,130.066246,0.441755
[MO833] Paramount Iteration,0,293,130.506568,0.439788
[MO833] Paramount Iteration,1,293,130.506518,0.440333
[MO833] Paramount Iteration,2,293,130.506774,0.440354
[MO833] Paramount Iteration,3,293,130.506110,0.439864
[MO833] Paramount Iteration,0,294,130.945785,0.439217
[MO833] Paramount Iteration,3,294,130.945248,0.439138
[MO833] Paramount Iteration,1,294,130.945782,0.439264
[MO833] Paramount Iteration,2,294,130.946125,0.439351
[MO833] Paramount Iteration,3,295,131.385623,0.440375
[MO833] Paramount Iteration,0,295,131.386362,0.440577
[MO833] Paramount Iteration,2,295,131.386944,0.440819
[MO833] Paramount Iteration,1,295,131.386782,0.441000
[MO833] Paramount Iteration,0,296,131.827582,0.441220
[MO833] Paramount Iteration,3,296,131.827028,0.441405
[MO833] Paramount Iteration,1,296,131.828008,0.441226
[MO833] Paramount Iteration,2,296,131.828451,0.441507
[MO833] Paramount Iteration,1,297,132.268360,0.440352
[MO833] Paramount Iteration,2,297,132.268718,0.440267
[MO833] Paramount Iteration,3,297,132.269472,0.442444
[MO833] Paramount Iteration,0,297,132.270299,0.442717
[MO833] Paramount Iteration,2,298,132.713982,0.445264
[MO833] Paramount Iteration,1,298,132.713859,0.445499
[MO833] Paramount Iteration,3,298,132.713579,0.444107
[MO833] Paramount Iteration,0,298,132.714318,0.444019
[MO833] Paramount Iteration,0,299,133.153707,0.439389
 Time step  300
[MO833] Paramount Iteration,3,299,133.153444,0.439865
[MO833] Paramount Iteration,1,299,133.154185,0.440326
[MO833] Paramount Iteration,2,299,133.154516,0.440534
[MO833] Paramount Iteration,0,300,133.593026,0.439319
[MO833] Paramount Iteration,3,300,133.592545,0.439101
[MO833] Paramount Iteration,1,300,133.593898,0.439713
[MO833] Paramount Iteration,2,300,133.594179,0.439663
[MO833] Paramount Iteration,1,301,134.033754,0.439856
[MO833] Paramount Iteration,2,301,134.034099,0.439920
[MO833] Paramount Iteration,0,301,134.034771,0.441745
[MO833] Paramount Iteration,3,301,134.034104,0.441559
[MO833] Paramount Iteration,1,302,134.476807,0.443053
[MO833] Paramount Iteration,2,302,134.477016,0.442917
[MO833] Paramount Iteration,0,302,134.478036,0.443265
[MO833] Paramount Iteration,3,302,134.477414,0.443310
[MO833] Paramount Iteration,0,303,134.916632,0.438596
[MO833] Paramount Iteration,2,303,134.917046,0.440030
[MO833] Paramount Iteration,1,303,134.916847,0.440040
[MO833] Paramount Iteration,3,303,134.916519,0.439105
[MO833] Paramount Iteration,0,304,135.358574,0.441942
[MO833] Paramount Iteration,1,304,135.358481,0.441634
[MO833] Paramount Iteration,2,304,135.358794,0.441748
[MO833] Paramount Iteration,3,304,135.358310,0.441791
[MO833] Paramount Iteration,1,305,135.798433,0.439952
[MO833] Paramount Iteration,2,305,135.798728,0.439934
[MO833] Paramount Iteration,0,305,135.799731,0.441157
[MO833] Paramount Iteration,3,305,135.799254,0.440944
[MO833] Paramount Iteration,2,306,136.240440,0.441712
[MO833] Paramount Iteration,1,306,136.240420,0.441987
[MO833] Paramount Iteration,3,306,136.239955,0.440701
[MO833] Paramount Iteration,0,306,136.240770,0.441039
[MO833] Paramount Iteration,0,307,136.681569,0.440799
[MO833] Paramount Iteration,3,307,136.680947,0.440992
[MO833] Paramount Iteration,1,307,136.682444,0.442024
[MO833] Paramount Iteration,2,307,136.682696,0.442256
[MO833] Paramount Iteration,3,308,137.121151,0.440204
[MO833] Paramount Iteration,0,308,137.122092,0.440523
[MO833] Paramount Iteration,2,308,137.123394,0.440698
[MO833] Paramount Iteration,1,308,137.123193,0.440749
[MO833] Paramount Iteration,3,309,137.564042,0.442891
[MO833] Paramount Iteration,0,309,137.564808,0.442716
[MO833] Paramount Iteration,1,309,137.565428,0.442235
[MO833] Paramount Iteration,2,309,137.565800,0.442406
[MO833] Paramount Iteration,0,310,138.007406,0.442598
[MO833] Paramount Iteration,3,310,138.007025,0.442983
[MO833] Paramount Iteration,2,310,138.008123,0.442323
[MO833] Paramount Iteration,1,310,138.007882,0.442454
[MO833] Paramount Iteration,0,311,138.448228,0.440822
[MO833] Paramount Iteration,3,311,138.447611,0.440586
[MO833] Paramount Iteration,1,311,138.448749,0.440867
[MO833] Paramount Iteration,2,311,138.449102,0.440979
[MO833] Paramount Iteration,0,312,138.888062,0.439834
[MO833] Paramount Iteration,3,312,138.887644,0.440033
[MO833] Paramount Iteration,1,312,138.888355,0.439606
[MO833] Paramount Iteration,2,312,138.888704,0.439602
[MO833] Paramount Iteration,3,313,139.327340,0.439696
[MO833] Paramount Iteration,0,313,139.328151,0.440089
[MO833] Paramount Iteration,1,313,139.336447,0.448092
[MO833] Paramount Iteration,2,313,139.336794,0.448090
[MO833] Paramount Iteration,1,314,139.776317,0.439870
[MO833] Paramount Iteration,2,314,139.776583,0.439789
[MO833] Paramount Iteration,3,314,139.776105,0.448765
[MO833] Paramount Iteration,0,314,139.777122,0.448971
[MO833] Paramount Iteration,1,315,140.216177,0.439860
[MO833] Paramount Iteration,2,315,140.216402,0.439819
[MO833] Paramount Iteration,3,315,140.218917,0.442812
[MO833] Paramount Iteration,0,315,140.220102,0.442980
[MO833] Paramount Iteration,0,316,140.661646,0.441544
[MO833] Paramount Iteration,3,316,140.661315,0.442398
[MO833] Paramount Iteration,1,316,140.663035,0.446858
[MO833] Paramount Iteration,2,316,140.663339,0.446937
[MO833] Paramount Iteration,0,317,141.100677,0.439031
[MO833] Paramount Iteration,3,317,141.100220,0.438905
[MO833] Paramount Iteration,1,317,141.102598,0.439563
[MO833] Paramount Iteration,2,317,141.102829,0.439490
[MO833] Paramount Iteration,1,318,141.543436,0.440838
[MO833] Paramount Iteration,2,318,141.543660,0.440831
[MO833] Paramount Iteration,0,318,141.544673,0.443996
[MO833] Paramount Iteration,3,318,141.544084,0.443864
[MO833] Paramount Iteration,1,319,141.984337,0.440901
[MO833] Paramount Iteration,2,319,141.984754,0.441094
[MO833] Paramount Iteration,0,319,141.985185,0.440512
 Time step  320
[MO833] Paramount Iteration,3,319,141.984703,0.440619
[MO833] Paramount Iteration,0,320,142.427144,0.441959
[MO833] Paramount Iteration,2,320,142.427542,0.442788
[MO833] Paramount Iteration,1,320,142.427395,0.443058
[MO833] Paramount Iteration,3,320,142.426889,0.442186
[MO833] Paramount Iteration,1,321,142.867405,0.440010
[MO833] Paramount Iteration,2,321,142.867720,0.440178
[MO833] Paramount Iteration,3,321,142.868324,0.441435
[MO833] Paramount Iteration,0,321,142.869211,0.442067
[MO833] Paramount Iteration,0,322,143.310665,0.441454
[MO833] Paramount Iteration,3,322,143.309997,0.441673
[MO833] Paramount Iteration,1,322,143.311614,0.444209
[MO833] Paramount Iteration,2,322,143.311888,0.444168
[MO833] Paramount Iteration,0,323,143.752886,0.442221
[MO833] Paramount Iteration,3,323,143.752311,0.442314
[MO833] Paramount Iteration,1,323,143.753603,0.441989
[MO833] Paramount Iteration,2,323,143.754147,0.442259
[MO833] Paramount Iteration,0,324,144.195752,0.442866
[MO833] Paramount Iteration,3,324,144.195011,0.442700
[MO833] Paramount Iteration,1,324,144.196966,0.443363
[MO833] Paramount Iteration,2,324,144.197244,0.443097
[MO833] Paramount Iteration,0,325,144.640451,0.444699
[MO833] Paramount Iteration,3,325,144.639923,0.444912
[MO833] Paramount Iteration,1,325,144.640733,0.443767
[MO833] Paramount Iteration,2,325,144.641146,0.443902
[MO833] Paramount Iteration,0,326,145.082855,0.442404
[MO833] Paramount Iteration,3,326,145.082214,0.442291
[MO833] Paramount Iteration,2,326,145.084756,0.443610
[MO833] Paramount Iteration,1,326,145.084550,0.443817
[MO833] Paramount Iteration,0,327,145.527245,0.444390
[MO833] Paramount Iteration,3,327,145.526744,0.444530
[MO833] Paramount Iteration,1,327,145.527965,0.443415
[MO833] Paramount Iteration,2,327,145.528272,0.443516
[MO833] Paramount Iteration,3,328,145.966229,0.439485
[MO833] Paramount Iteration,0,328,145.967027,0.439782
[MO833] Paramount Iteration,1,328,145.967054,0.439089
[MO833] Paramount Iteration,2,328,145.967326,0.439054
[MO833] Paramount Iteration,0,329,146.406645,0.439618
[MO833] Paramount Iteration,3,329,146.406089,0.439860
[MO833] Paramount Iteration,1,329,146.407542,0.440488
[MO833] Paramount Iteration,2,329,146.407886,0.440560
[MO833] Paramount Iteration,1,330,146.845432,0.437890
[MO833] Paramount Iteration,2,330,146.845867,0.437981
[MO833] Paramount Iteration,3,330,146.845142,0.439053
[MO833] Paramount Iteration,0,330,146.845940,0.439295
[MO833] Paramount Iteration,0,331,147.283018,0.437078
[MO833] Paramount Iteration,3,331,147.282254,0.437112
[MO833] Paramount Iteration,2,331,147.283158,0.437291
[MO833] Paramount Iteration,1,331,147.283357,0.437925
[MO833] Paramount Iteration,2,332,147.725589,0.442431
[MO833] Paramount Iteration,1,332,147.725490,0.442133
[MO833] Paramount Iteration,3,332,147.725226,0.442972
[MO833] Paramount Iteration,0,332,147.725975,0.442957
[MO833] Paramount Iteration,1,333,148.167809,0.442319
[MO833] Paramount Iteration,2,333,148.168105,0.442516
[MO833] Paramount Iteration,0,333,148.168088,0.442113
[MO833] Paramount Iteration,3,333,148.167426,0.442200
[MO833] Paramount Iteration,0,334,148.607255,0.439167
[MO833] Paramount Iteration,3,334,148.606728,0.439302
[MO833] Paramount Iteration,2,334,148.607722,0.439617
[MO833] Paramount Iteration,1,334,148.607510,0.439701
[MO833] Paramount Iteration,0,335,149.046317,0.439062
[MO833] Paramount Iteration,3,335,149.045627,0.438899
[MO833] Paramount Iteration,2,335,149.047133,0.439411
[MO833] Paramount Iteration,1,335,149.046902,0.439392
[MO833] Paramount Iteration,0,336,149.487499,0.441182
[MO833] Paramount Iteration,3,336,149.487082,0.441455
[MO833] Paramount Iteration,1,336,149.487666,0.440764
[MO833] Paramount Iteration,2,336,149.488004,0.440871
[MO833] Paramount Iteration,1,337,149.928590,0.440924
[MO833] Paramount Iteration,2,337,149.929008,0.441004
[MO833] Paramount Iteration,0,337,149.930766,0.443267
[MO833] Paramount Iteration,3,337,149.930086,0.443004
[MO833] Paramount Iteration,2,338,150.373781,0.444773
[MO833] Paramount Iteration,1,338,150.373573,0.444983
[MO833] Paramount Iteration,0,338,150.374239,0.443473
[MO833] Paramount Iteration,3,338,150.373617,0.443531
[MO833] Paramount Iteration,2,339,150.812515,0.438734
[MO833] Paramount Iteration,1,339,150.812296,0.438723
[MO833] Paramount Iteration,0,339,150.812975,0.438736
 Time step  340
[MO833] Paramount Iteration,3,339,150.812474,0.438857
[MO833] Paramount Iteration,2,340,151.251740,0.439225
[MO833] Paramount Iteration,1,340,151.251519,0.439223
[MO833] Paramount Iteration,0,340,151.253565,0.440590
[MO833] Paramount Iteration,3,340,151.252873,0.440399
[MO833] Paramount Iteration,1,341,151.694144,0.442625
[MO833] Paramount Iteration,2,341,151.694480,0.442740
[MO833] Paramount Iteration,0,341,151.694695,0.441130
[MO833] Paramount Iteration,3,341,151.694216,0.441343
[MO833] Paramount Iteration,2,342,152.130318,0.435838
[MO833] Paramount Iteration,1,342,152.130389,0.436245
[MO833] Paramount Iteration,0,342,152.131952,0.437257
[MO833] Paramount Iteration,3,342,152.131239,0.437023
[MO833] Paramount Iteration,2,343,152.569292,0.438974
[MO833] Paramount Iteration,1,343,152.569064,0.438675
[MO833] Paramount Iteration,0,343,152.570507,0.438555
[MO833] Paramount Iteration,3,343,152.569799,0.438560
[MO833] Paramount Iteration,0,344,153.006175,0.435668
[MO833] Paramount Iteration,3,344,153.005620,0.435821
[MO833] Paramount Iteration,2,344,153.007310,0.438018
[MO833] Paramount Iteration,1,344,153.007180,0.438116
[MO833] Paramount Iteration,2,345,153.444781,0.437471
[MO833] Paramount Iteration,1,345,153.444586,0.437406
[MO833] Paramount Iteration,0,345,153.445584,0.439409
[MO833] Paramount Iteration,3,345,153.444957,0.439337
[MO833] Paramount Iteration,2,346,153.882939,0.438158
[MO833] Paramount Iteration,1,346,153.882771,0.438185
[MO833] Paramount Iteration,3,346,153.883084,0.438127
[MO833] Paramount Iteration,0,346,153.883914,0.438330
[MO833] Paramount Iteration,0,347,154.325658,0.441744
[MO833] Paramount Iteration,3,347,154.324939,0.441855
[MO833] Paramount Iteration,1,347,154.326704,0.443933
[MO833] Paramount Iteration,2,347,154.327057,0.444118
[MO833] Paramount Iteration,0,348,154.765614,0.439956
[MO833] Paramount Iteration,3,348,154.765003,0.440064
[MO833] Paramount Iteration,1,348,154.767569,0.440865
[MO833] Paramount Iteration,2,348,154.767869,0.440812
[MO833] Paramount Iteration,2,349,155.206345,0.438476
[MO833] Paramount Iteration,1,349,155.206188,0.438619
[MO833] Paramount Iteration,0,349,155.207000,0.441386
[MO833] Paramount Iteration,3,349,155.206340,0.441337
[MO833] Paramount Iteration,1,350,155.645553,0.439365
[MO833] Paramount Iteration,2,350,155.645900,0.439555
[MO833] Paramount Iteration,0,350,155.645943,0.438943
[MO833] Paramount Iteration,3,350,155.645420,0.439080
[MO833] Paramount Iteration,1,351,156.084130,0.438577
[MO833] Paramount Iteration,2,351,156.084446,0.438546
[MO833] Paramount Iteration,3,351,156.085141,0.439721
[MO833] Paramount Iteration,0,351,156.086078,0.440135
[MO833] Paramount Iteration,0,352,156.524861,0.438783
[MO833] Paramount Iteration,2,352,156.525103,0.440657
[MO833] Paramount Iteration,1,352,156.524935,0.440805
[MO833] Paramount Iteration,3,352,156.524444,0.439303
[MO833] Paramount Iteration,1,353,156.961954,0.437019
[MO833] Paramount Iteration,2,353,156.962310,0.437207
[MO833] Paramount Iteration,0,353,156.963681,0.438820
[MO833] Paramount Iteration,3,353,156.963047,0.438603
[MO833] Paramount Iteration,1,354,157.409901,0.447947
[MO833] Paramount Iteration,2,354,157.410178,0.447868
[MO833] Paramount Iteration,0,354,157.411625,0.447944
[MO833] Paramount Iteration,3,354,157.410994,0.447947
[MO833] Paramount Iteration,1,355,157.846930,0.437029
[MO833] Paramount Iteration,2,355,157.847480,0.437302
[MO833] Paramount Iteration,3,355,157.847222,0.436228
[MO833] Paramount Iteration,0,355,157.848011,0.436386
[MO833] Paramount Iteration,1,356,158.287988,0.441058
[MO833] Paramount Iteration,2,356,158.288403,0.440923
[MO833] Paramount Iteration,3,356,158.288302,0.441080
[MO833] Paramount Iteration,0,356,158.289159,0.441148
[MO833] Paramount Iteration,1,357,158.728355,0.440367
[MO833] Paramount Iteration,2,357,158.728620,0.440217
[MO833] Paramount Iteration,3,357,158.729321,0.441019
[MO833] Paramount Iteration,0,357,158.730120,0.440961
[MO833] Paramount Iteration,2,358,159.171703,0.443083
[MO833] Paramount Iteration,1,358,159.171581,0.443226
[MO833] Paramount Iteration,3,358,159.173140,0.443819
[MO833] Paramount Iteration,0,358,159.173941,0.443821
[MO833] Paramount Iteration,2,359,159.610267,0.438564
[MO833] Paramount Iteration,1,359,159.610155,0.438574
[MO833] Paramount Iteration,0,359,159.610861,0.436920
 Time step  360
[MO833] Paramount Iteration,3,359,159.610210,0.437070
[MO833] Paramount Iteration,0,360,160.047822,0.436961
[MO833] Paramount Iteration,1,360,160.047605,0.437450
[MO833] Paramount Iteration,2,360,160.048016,0.437749
[MO833] Paramount Iteration,3,360,160.047212,0.437002
[MO833] Paramount Iteration,2,361,160.486735,0.438719
[MO833] Paramount Iteration,1,361,160.486563,0.438958
[MO833] Paramount Iteration,0,361,160.487508,0.439686
[MO833] Paramount Iteration,3,361,160.486979,0.439767
[MO833] Paramount Iteration,1,362,160.924266,0.437703
[MO833] Paramount Iteration,2,362,160.924732,0.437997
[MO833] Paramount Iteration,3,362,160.924952,0.437973
[MO833] Paramount Iteration,0,362,160.925951,0.438443
[MO833] Paramount Iteration,0,363,161.367273,0.441322
[MO833] Paramount Iteration,3,363,161.366644,0.441692
[MO833] Paramount Iteration,2,363,161.368438,0.443706
[MO833] Paramount Iteration,1,363,161.368296,0.444030
[MO833] Paramount Iteration,1,364,161.811222,0.442926
[MO833] Paramount Iteration,2,364,161.811576,0.443138
[MO833] Paramount Iteration,0,364,161.814481,0.447208
[MO833] Paramount Iteration,3,364,161.813967,0.447323
[MO833] Paramount Iteration,1,365,162.252638,0.441416
[MO833] Paramount Iteration,2,365,162.252913,0.441337
[MO833] Paramount Iteration,0,365,162.253512,0.439031
[MO833] Paramount Iteration,3,365,162.252977,0.439010
[MO833] Paramount Iteration,0,366,162.693329,0.439817
[MO833] Paramount Iteration,3,366,162.692892,0.439915
[MO833] Paramount Iteration,2,366,162.693995,0.441082
[MO833] Paramount Iteration,1,366,162.693718,0.441080
[MO833] Paramount Iteration,2,367,163.130370,0.436375
[MO833] Paramount Iteration,1,367,163.130157,0.436439
[MO833] Paramount Iteration,0,367,163.132244,0.438915
[MO833] Paramount Iteration,3,367,163.131492,0.438600
[MO833] Paramount Iteration,1,368,163.569428,0.439271
[MO833] Paramount Iteration,2,368,163.569826,0.439456
[MO833] Paramount Iteration,3,368,163.570020,0.438528
[MO833] Paramount Iteration,0,368,163.570911,0.438667
[MO833] Paramount Iteration,2,369,164.013298,0.443472
[MO833] Paramount Iteration,1,369,164.013034,0.443606
[MO833] Paramount Iteration,3,369,164.012794,0.442774
[MO833] Paramount Iteration,0,369,164.013978,0.443067
[MO833] Paramount Iteration,1,370,164.454200,0.441166
[MO833] Paramount Iteration,2,370,164.454489,0.441191
[MO833] Paramount Iteration,3,370,164.455740,0.442946
[MO833] Paramount Iteration,0,370,164.456590,0.442612
[MO833] Paramount Iteration,0,371,164.895760,0.439170
[MO833] Paramount Iteration,1,371,164.895589,0.441389
[MO833] Paramount Iteration,3,371,164.895040,0.439300
[MO833] Paramount Iteration,2,371,164.895909,0.441420
[MO833] Paramount Iteration,0,372,165.337890,0.442130
[MO833] Paramount Iteration,3,372,165.337192,0.442152
[MO833] Paramount Iteration,1,372,165.338195,0.442606
[MO833] Paramount Iteration,2,372,165.338545,0.442636
[MO833] Paramount Iteration,2,373,165.776245,0.437700
[MO833] Paramount Iteration,1,373,165.775990,0.437795
[MO833] Paramount Iteration,3,373,165.777193,0.440001
[MO833] Paramount Iteration,0,373,165.778433,0.440543
[MO833] Paramount Iteration,2,374,166.228104,0.451859
[MO833] Paramount Iteration,1,374,166.228092,0.452102
[MO833] Paramount Iteration,3,374,166.228222,0.451029
[MO833] Paramount Iteration,0,374,166.229182,0.450749
[MO833] Paramount Iteration,2,375,166.673869,0.445765
[MO833] Paramount Iteration,1,375,166.673614,0.445522
[MO833] Paramount Iteration,0,375,166.676540,0.447358
[MO833] Paramount Iteration,3,375,166.675851,0.447629
[MO833] Paramount Iteration,1,376,167.119489,0.445875
[MO833] Paramount Iteration,2,376,167.119900,0.446031
[MO833] Paramount Iteration,3,376,167.120035,0.444184
[MO833] Paramount Iteration,0,376,167.120931,0.444391
[MO833] Paramount Iteration,1,377,167.576836,0.457347
[MO833] Paramount Iteration,2,377,167.577133,0.457233
[MO833] Paramount Iteration,3,377,167.576595,0.456560
[MO833] Paramount Iteration,0,377,167.577575,0.456644
[MO833] Paramount Iteration,1,378,168.022109,0.445273
[MO833] Paramount Iteration,2,378,168.022413,0.445280
[MO833] Paramount Iteration,3,378,168.022471,0.445876
[MO833] Paramount Iteration,0,378,168.023411,0.445836
[MO833] Paramount Iteration,1,379,168.469278,0.447169
[MO833] Paramount Iteration,2,379,168.469633,0.447220
[MO833] Paramount Iteration,0,379,168.470926,0.447515
 Time step  380
[MO833] Paramount Iteration,3,379,168.470213,0.447742
[MO833] Paramount Iteration,0,380,168.910725,0.439799
[MO833] Paramount Iteration,2,380,168.910848,0.441215
[MO833] Paramount Iteration,1,380,168.910700,0.441422
[MO833] Paramount Iteration,3,380,168.910139,0.439926
[MO833] Paramount Iteration,0,381,169.356440,0.445715
[MO833] Paramount Iteration,3,381,169.355614,0.445475
[MO833] Paramount Iteration,1,381,169.360304,0.449604
[MO833] Paramount Iteration,2,381,169.360658,0.449810
[MO833] Paramount Iteration,2,382,169.800300,0.439642
[MO833] Paramount Iteration,1,382,169.800173,0.439869
[MO833] Paramount Iteration,3,382,169.800809,0.445195
[MO833] Paramount Iteration,0,382,169.801968,0.445528
[MO833] Paramount Iteration,3,383,170.243495,0.442686
[MO833] Paramount Iteration,2,383,170.244413,0.444113
[MO833] Paramount Iteration,0,383,170.244354,0.442386
[MO833] Paramount Iteration,1,383,170.244288,0.444115
[MO833] Paramount Iteration,2,384,170.686097,0.441684
[MO833] Paramount Iteration,1,384,170.685886,0.441598
[MO833] Paramount Iteration,0,384,170.686887,0.442533
[MO833] Paramount Iteration,3,384,170.686202,0.442707
[MO833] Paramount Iteration,2,385,171.129426,0.443329
[MO833] Paramount Iteration,1,385,171.129139,0.443253
[MO833] Paramount Iteration,0,385,171.129964,0.443077
[MO833] Paramount Iteration,3,385,171.129269,0.443067
[MO833] Paramount Iteration,2,386,171.570996,0.441570
[MO833] Paramount Iteration,1,386,171.570801,0.441662
[MO833] Paramount Iteration,0,386,171.571207,0.441243
[MO833] Paramount Iteration,3,386,171.570600,0.441331
[MO833] Paramount Iteration,0,387,172.008403,0.437196
[MO833] Paramount Iteration,3,387,172.007817,0.437217
[MO833] Paramount Iteration,2,387,172.009752,0.438756
[MO833] Paramount Iteration,1,387,172.009566,0.438765
[MO833] Paramount Iteration,2,388,172.450086,0.440334
[MO833] Paramount Iteration,1,388,172.449906,0.440340
[MO833] Paramount Iteration,3,388,172.451267,0.443450
[MO833] Paramount Iteration,0,388,172.452270,0.443867
[MO833] Paramount Iteration,1,389,172.896258,0.446352
[MO833] Paramount Iteration,2,389,172.896610,0.446524
[MO833] Paramount Iteration,0,389,172.898270,0.446000
[MO833] Paramount Iteration,3,389,172.897593,0.446326
[MO833] Paramount Iteration,2,390,173.341225,0.444615
[MO833] Paramount Iteration,1,390,173.341136,0.444878
[MO833] Paramount Iteration,3,390,173.341553,0.443960
[MO833] Paramount Iteration,0,390,173.342663,0.444393
[MO833] Paramount Iteration,2,391,173.788281,0.447056
[MO833] Paramount Iteration,1,391,173.788101,0.446965
[MO833] Paramount Iteration,3,391,173.789954,0.448401
[MO833] Paramount Iteration,0,391,173.790860,0.448197
[MO833] Paramount Iteration,2,392,174.232268,0.443987
[MO833] Paramount Iteration,1,392,174.232009,0.443908
[MO833] Paramount Iteration,0,392,174.232347,0.441487
[MO833] Paramount Iteration,3,392,174.231679,0.441725
[MO833] Paramount Iteration,0,393,174.675713,0.443366
[MO833] Paramount Iteration,1,393,174.675494,0.443485
[MO833] Paramount Iteration,3,393,174.674963,0.443284
[MO833] Paramount Iteration,2,393,174.675878,0.443610
[MO833] Paramount Iteration,0,394,175.114782,0.439069
[MO833] Paramount Iteration,3,394,175.114243,0.439280
[MO833] Paramount Iteration,1,394,175.114959,0.439465
[MO833] Paramount Iteration,2,394,175.115463,0.439585
[MO833] Paramount Iteration,3,395,175.555386,0.441143
[MO833] Paramount Iteration,0,395,175.556260,0.441478
[MO833] Paramount Iteration,1,395,175.556535,0.441576
[MO833] Paramount Iteration,2,395,175.556926,0.441463
[MO833] Paramount Iteration,0,396,175.992405,0.436145
[MO833] Paramount Iteration,3,396,175.991748,0.436362
[MO833] Paramount Iteration,1,396,175.992637,0.436102
[MO833] Paramount Iteration,2,396,175.992988,0.436062
[MO833] Paramount Iteration,0,397,176.430804,0.438399
[MO833] Paramount Iteration,3,397,176.430012,0.438264
[MO833] Paramount Iteration,2,397,176.432057,0.439069
[MO833] Paramount Iteration,1,397,176.431801,0.439164
[MO833] Paramount Iteration,1,398,176.871327,0.439526
[MO833] Paramount Iteration,2,398,176.871650,0.439593
[MO833] Paramount Iteration,0,398,176.872701,0.441897
[MO833] Paramount Iteration,3,398,176.871910,0.441898
[MO833] Paramount Iteration,0,399,177.308682,0.435981
 Time step  400
[MO833] Paramount Iteration,3,399,177.308017,0.436107
[MO833] Paramount Iteration,1,399,177.309669,0.438342
[MO833] Paramount Iteration,2,399,177.310067,0.438417
 Verification being performed for class C
 accuracy setting for epsilon =  0.1000000000000E-07
 Comparison of RMS-norms of residual
           1 0.5881691581829E+03 0.5881691581829E+03 0.6726469583912E-13
           2 0.2454417603569E+03 0.2454417603569E+03 0.4608767610227E-13
           3 0.3293829191851E+03 0.3293829191851E+03 0.3537797556502E-13
           4 0.3081924971891E+03 0.3081924971891E+03 0.1392531668724E-12
           5 0.4597223799176E+03 0.4597223799176E+03 0.2720240017817E-13
 Comparison of RMS-norms of solution error
           1 0.2598120500183E+00 0.2598120500183E+00 0.1666539252407E-13
           2 0.2590888922315E-01 0.2590888922315E-01 0.1665834444332E-12
           3 0.5132886416320E-01 0.5132886416320E-01 0.4014995311231E-13
           4 0.4806073419454E-01 0.4806073419454E-01 0.2454419357993E-14
           5 0.5483377491301E+00 0.5483377491301E+00 0.7066225810805E-13
 Verification Successful
[MO833] PI avg,1,0.440464,400
[MO833] Beta,1,0.000972
[MO833] PI avg,3,0.440460,400
[MO833] Beta,3,0.000969
[MO833] PI avg,2,0.440465,400
[MO833] Beta,2,0.000973


 SP Benchmark Completed.
 Class           =                        C
 Size            =            162x 162x 162
 Iterations      =                      400
 Time in seconds =                   176.62
 Total processes =                        8
 Active procs    =                        4
 Mop/s total     =                  8210.11
 Mop/s/process   =                  1026.26
 Operation type  =           floating point
 Verification    =               SUCCESSFUL
 Version         =                      3.4
 Compile date    =              20 Jun 2020

 Compile options:
    MPIFC        = mpif90
    FLINK        = $(MPIFC)
    FMPI_LIB     = (none)
    FMPI_INC     = (none)
    FFLAGS       = -O3
    FLINKFLAGS   = $(FFLAGS) -O ../kernel_stats/kernel_stats.o...
    RAND         = (none)


 Please send feedbacks and/or the results of this run to:

 NPB Development Team 
 Internet: npb@nas.nasa.gov


[MO833] PI avg,0,0.440461,400
[MO833] Beta,0,0.000971
[MO833] Total time,177.919310
