--------------------------------------------------------------------------
[[50523,1],0]: A high-performance Open MPI point-to-point messaging module
was unable to find any relevant network interfaces:

Module: OpenFabrics (openib)
  Host: ip-172-31-6-19

Another transport will be used instead, although this may result in
lower performance.

NOTE: You can disable this warning by setting the MCA parameter
btl_base_warn_component_unused to 0.
--------------------------------------------------------------------------
Initializing redistribution using a pencil layout on 2 ranks.
distribution 1D: [2:1:1]
distribution 3D: [2:1:1]
distribution 2z: [2:1:1]
distribution 2x: [1:2:1]
distribution 2y: [2:1:1]
DFFT  init  max 2.448e-01s  avg 2.418e-01s  min 2.388e-01s  dev 2.995e-03s

Hex representations of double precision floats
0.000000e+00 = 0
1.000000e+00 = 3ff0000000000000
2097152.000000 = 4140000000000000

[PI-INFO] Init time,0,0.397416

TESTING 0

[PI-INFO] Init time,1,0.389234
DFFT  fd32  max 4.685e-02s  avg 4.191e-02s  min 3.697e-02s  dev 4.942e-03s
DFFT  f1dx  max 5.014e-03s  avg 4.852e-03s  min 4.689e-03s  dev 1.625e-04s
DFFT  fd23  max 3.432e-02s  avg 3.023e-02s  min 2.613e-02s  dev 4.096e-03s
DFFT  fd32  max 1.725e-02s  avg 1.708e-02s  min 1.692e-02s  dev 1.655e-04s
DFFT  f1dy  max 4.937e-03s  avg 4.921e-03s  min 4.905e-03s  dev 1.594e-05s
DFFT  fd23  max 1.229e-02s  avg 1.227e-02s  min 1.226e-02s  dev 1.249e-05s
DFFT  fd32  max 8.104e-03s  avg 8.076e-03s  min 8.048e-03s  dev 2.827e-05s
DFFT  f1dz  max 4.890e-03s  avg 4.863e-03s  min 4.835e-03s  dev 2.744e-05s
DFFT fdist  max 1.184e-01s  avg 1.096e-01s  min 1.007e-01s  dev 8.831e-03s
DFFT fdfft  max 1.481e-02s  avg 1.464e-02s  min 1.446e-02s  dev 1.740e-04s
FORWARD     max 1.360e-01s  avg 1.360e-01s  min 1.360e-01s  dev 2.248e-05s

k-space:
real in [1.000000e+00,1.000000e+00] = [3ff0000000000000,3ff0000000000000]
imag in [0.000000e+00,0.000000e+00] = [0,0]

DFFT  b1dz  max 4.723e-03s  avg 4.710e-03s  min 4.698e-03s  dev 1.276e-05s
DFFT  bd23  max 8.784e-03s  avg 8.705e-03s  min 8.627e-03s  dev 7.828e-05s
DFFT  bd32  max 1.032e-02s  avg 1.027e-02s  min 1.022e-02s  dev 5.236e-05s
DFFT  b1dy  max 4.823e-03s  avg 4.808e-03s  min 4.793e-03s  dev 1.493e-05s
DFFT  bd23  max 1.270e-02s  avg 1.245e-02s  min 1.220e-02s  dev 2.467e-04s
DFFT  bd32  max 3.577e-02s  avg 3.069e-02s  min 2.562e-02s  dev 5.074e-03s
DFFT  b1dx  max 4.857e-03s  avg 4.814e-03s  min 4.771e-03s  dev 4.301e-05s
DFFT  bd23  max 3.650e-02s  avg 3.073e-02s  min 2.497e-02s  dev 5.763e-03s
DFFT bdist  max 1.038e-01s  avg 9.286e-02s  min 8.190e-02s  dev 1.095e-02s
DFFT bdfft  max 1.440e-02s  avg 1.433e-02s  min 1.426e-02s  dev 7.071e-05s
BACKWARD    max 1.207e-01s  avg 1.207e-01s  min 1.206e-01s  dev 2.204e-05s

r-space:
a[0,0,0] = (2097152.000000,0.000000) = (4140000000000000,0)
real in [0.000000e+00,0.000000e+00] = [0,0]
imag in [0.000000e+00,0.000000e+00] = [0,0]

[PI-INFO] Paramount Iteration,0,1,0.662563,0.265148

TESTING 1

[PI-INFO] Paramount Iteration,1,1,0.654343,0.265110
DFFT  fd32  max 3.386e-02s  avg 2.883e-02s  min 2.380e-02s  dev 5.030e-03s
DFFT  f1dx  max 5.007e-03s  avg 4.841e-03s  min 4.675e-03s  dev 1.659e-04s
DFFT  fd23  max 3.422e-02s  avg 2.955e-02s  min 2.489e-02s  dev 4.664e-03s
DFFT  fd32  max 1.030e-02s  avg 9.825e-03s  min 9.349e-03s  dev 4.763e-04s
DFFT  f1dy  max 5.041e-03s  avg 4.936e-03s  min 4.831e-03s  dev 1.048e-04s
DFFT  fd23  max 1.280e-02s  avg 1.248e-02s  min 1.217e-02s  dev 3.178e-04s
DFFT  fd32  max 8.937e-03s  avg 8.533e-03s  min 8.128e-03s  dev 4.047e-04s
DFFT  f1dz  max 5.086e-03s  avg 5.005e-03s  min 4.923e-03s  dev 8.139e-05s
DFFT fdist  max 9.772e-02s  avg 8.922e-02s  min 8.073e-02s  dev 8.496e-03s
DFFT fdfft  max 1.513e-02s  avg 1.478e-02s  min 1.443e-02s  dev 3.521e-04s
FORWARD     max 1.178e-01s  avg 1.177e-01s  min 1.176e-01s  dev 9.354e-05s

k-space:
real in [1.000000e+00,1.000000e+00] = [3ff0000000000000,3ff0000000000000]
imag in [0.000000e+00,0.000000e+00] = [0,0]

DFFT  b1dz  max 4.975e-03s  avg 4.906e-03s  min 4.838e-03s  dev 6.840e-05s
DFFT  bd23  max 8.808e-03s  avg 8.800e-03s  min 8.792e-03s  dev 7.775e-06s
DFFT  bd32  max 1.054e-02s  avg 1.035e-02s  min 1.017e-02s  dev 1.864e-04s
DFFT  b1dy  max 4.810e-03s  avg 4.789e-03s  min 4.768e-03s  dev 2.096e-05s
DFFT  bd23  max 1.228e-02s  avg 1.219e-02s  min 1.211e-02s  dev 8.852e-05s
DFFT  bd32  max 3.572e-02s  avg 3.069e-02s  min 2.565e-02s  dev 5.036e-03s
DFFT  b1dx  max 4.876e-03s  avg 4.851e-03s  min 4.826e-03s  dev 2.539e-05s
DFFT  bd23  max 3.722e-02s  avg 3.121e-02s  min 2.520e-02s  dev 6.010e-03s
DFFT bdist  max 1.046e-01s  avg 9.325e-02s  min 8.192e-02s  dev 1.133e-02s
DFFT bdfft  max 1.461e-02s  avg 1.455e-02s  min 1.448e-02s  dev 6.397e-05s
BACKWARD    max 1.214e-01s  avg 1.214e-01s  min 1.213e-01s  dev 1.880e-05s

r-space:
a[0,0,0] = (2097152.000000,0.000000) = (4140000000000000,0)
real in [0.000000e+00,0.000000e+00] = [0,0]
imag in [0.000000e+00,0.000000e+00] = [0,0]

[PI-INFO] Paramount Iteration,0,2,0.909768,0.247205

TESTING 2

[PI-INFO] Paramount Iteration,1,2,0.901538,0.247195
DFFT  fd32  max 3.561e-02s  avg 3.072e-02s  min 2.583e-02s  dev 4.891e-03s
DFFT  f1dx  max 5.083e-03s  avg 4.957e-03s  min 4.832e-03s  dev 1.255e-04s
DFFT  fd23  max 3.468e-02s  avg 3.052e-02s  min 2.636e-02s  dev 4.159e-03s
DFFT  fd32  max 9.998e-03s  avg 9.781e-03s  min 9.564e-03s  dev 2.174e-04s
DFFT  f1dy  max 4.827e-03s  avg 4.814e-03s  min 4.800e-03s  dev 1.327e-05s
DFFT  fd23  max 1.227e-02s  avg 1.208e-02s  min 1.189e-02s  dev 1.920e-04s
DFFT  fd32  max 8.293e-03s  avg 8.062e-03s  min 7.831e-03s  dev 2.310e-04s
DFFT  f1dz  max 5.042e-03s  avg 4.954e-03s  min 4.866e-03s  dev 8.782e-05s
DFFT fdist  max 1.004e-01s  avg 9.115e-02s  min 8.190e-02s  dev 9.257e-03s
DFFT fdfft  max 1.492e-02s  avg 1.472e-02s  min 1.452e-02s  dev 2.000e-04s
FORWARD     max 1.180e-01s  avg 1.180e-01s  min 1.180e-01s  dev 7.045e-06s

k-space:
real in [1.000000e+00,1.000000e+00] = [3ff0000000000000,3ff0000000000000]
imag in [0.000000e+00,0.000000e+00] = [0,0]

DFFT  b1dz  max 4.887e-03s  avg 4.847e-03s  min 4.807e-03s  dev 3.977e-05s
DFFT  bd23  max 8.823e-03s  avg 8.722e-03s  min 8.622e-03s  dev 1.008e-04s
DFFT  bd32  max 1.036e-02s  avg 1.027e-02s  min 1.017e-02s  dev 9.911e-05s
DFFT  b1dy  max 4.918e-03s  avg 4.841e-03s  min 4.765e-03s  dev 7.632e-05s
DFFT  bd23  max 1.217e-02s  avg 1.211e-02s  min 1.205e-02s  dev 6.377e-05s
DFFT  bd32  max 3.488e-02s  avg 2.995e-02s  min 2.502e-02s  dev 4.931e-03s
DFFT  b1dx  max 4.989e-03s  avg 4.855e-03s  min 4.721e-03s  dev 1.342e-04s
DFFT  bd23  max 3.403e-02s  avg 2.940e-02s  min 2.477e-02s  dev 4.630e-03s
DFFT bdist  max 9.987e-02s  avg 9.045e-02s  min 8.102e-02s  dev 9.425e-03s
DFFT bdfft  max 1.479e-02s  avg 1.454e-02s  min 1.429e-02s  dev 2.503e-04s
BACKWARD    max 1.173e-01s  avg 1.173e-01s  min 1.173e-01s  dev 3.049e-05s

r-space:
a[0,0,0] = (2097152.000000,0.000000) = (4140000000000000,0)
real in [0.000000e+00,0.000000e+00] = [0,0]
imag in [0.000000e+00,0.000000e+00] = [0,0]

[PI-INFO] Paramount Iteration,0,3,1.153408,0.243640

TESTING 3

[PI-INFO] Paramount Iteration,1,3,1.145170,0.243632
DFFT  fd32  max 3.533e-02s  avg 3.013e-02s  min 2.492e-02s  dev 5.206e-03s
DFFT  f1dx  max 5.008e-03s  avg 4.874e-03s  min 4.740e-03s  dev 1.341e-04s
DFFT  fd23  max 3.400e-02s  avg 2.988e-02s  min 2.576e-02s  dev 4.122e-03s
DFFT  fd32  max 1.018e-02s  avg 9.890e-03s  min 9.597e-03s  dev 2.926e-04s
DFFT  f1dy  max 4.943e-03s  avg 4.921e-03s  min 4.898e-03s  dev 2.281e-05s
DFFT  fd23  max 1.244e-02s  avg 1.243e-02s  min 1.242e-02s  dev 8.106e-06s
DFFT  fd32  max 8.777e-03s  avg 8.570e-03s  min 8.363e-03s  dev 2.071e-04s
DFFT  f1dz  max 5.006e-03s  avg 4.977e-03s  min 4.949e-03s  dev 2.857e-05s
DFFT fdist  max 1.001e-01s  avg 9.090e-02s  min 8.167e-02s  dev 9.235e-03s
DFFT fdfft  max 1.496e-02s  avg 1.477e-02s  min 1.459e-02s  dev 1.855e-04s
FORWARD     max 1.180e-01s  avg 1.180e-01s  min 1.179e-01s  dev 5.290e-05s

k-space:
real in [1.000000e+00,1.000000e+00] = [3ff0000000000000,3ff0000000000000]
imag in [0.000000e+00,0.000000e+00] = [0,0]

DFFT  b1dz  max 4.893e-03s  avg 4.876e-03s  min 4.858e-03s  dev 1.749e-05s
DFFT  bd23  max 8.864e-03s  avg 8.686e-03s  min 8.509e-03s  dev 1.774e-04s
DFFT  bd32  max 1.019e-02s  avg 1.018e-02s  min 1.017e-02s  dev 1.237e-05s
DFFT  b1dy  max 4.904e-03s  avg 4.793e-03s  min 4.681e-03s  dev 1.117e-04s
DFFT  bd23  max 1.231e-02s  avg 1.224e-02s  min 1.216e-02s  dev 7.813e-05s
DFFT  bd32  max 3.638e-02s  avg 3.132e-02s  min 2.625e-02s  dev 5.062e-03s
DFFT  b1dx  max 4.983e-03s  avg 4.969e-03s  min 4.955e-03s  dev 1.404e-05s
DFFT  bd23  max 3.651e-02s  avg 3.091e-02s  min 2.531e-02s  dev 5.603e-03s
DFFT bdist  max 1.043e-01s  avg 9.333e-02s  min 8.240e-02s  dev 1.093e-02s
DFFT bdfft  max 1.475e-02s  avg 1.464e-02s  min 1.453e-02s  dev 1.083e-04s
BACKWARD    max 1.212e-01s  avg 1.212e-01s  min 1.212e-01s  dev 1.839e-05s

r-space:
a[0,0,0] = (2097152.000000,0.000000) = (4140000000000000,0)
real in [0.000000e+00,0.000000e+00] = [0,0]
imag in [0.000000e+00,0.000000e+00] = [0,0]

[PI-INFO] Paramount Iteration,0,4,1.400607,0.247199

TESTING 4

[PI-INFO] Paramount Iteration,1,4,1.392355,0.247185
DFFT  fd32  max 3.479e-02s  avg 2.957e-02s  min 2.434e-02s  dev 5.225e-03s
DFFT  f1dx  max 4.807e-03s  avg 4.761e-03s  min 4.715e-03s  dev 4.565e-05s
DFFT  fd23  max 3.355e-02s  avg 2.867e-02s  min 2.379e-02s  dev 4.880e-03s
DFFT  fd32  max 1.005e-02s  avg 1.003e-02s  min 1.001e-02s  dev 1.950e-05s
DFFT  f1dy  max 4.937e-03s  avg 4.919e-03s  min 4.900e-03s  dev 1.829e-05s
DFFT  fd23  max 1.264e-02s  avg 1.239e-02s  min 1.214e-02s  dev 2.503e-04s
DFFT  fd32  max 8.610e-03s  avg 8.382e-03s  min 8.154e-03s  dev 2.283e-04s
DFFT  f1dz  max 4.943e-03s  avg 4.901e-03s  min 4.860e-03s  dev 4.180e-05s
DFFT fdist  max 9.965e-02s  avg 8.904e-02s  min 7.844e-02s  dev 1.060e-02s
DFFT fdfft  max 1.465e-02s  avg 1.458e-02s  min 1.451e-02s  dev 6.916e-05s
FORWARD     max 1.166e-01s  avg 1.166e-01s  min 1.165e-01s  dev 2.091e-05s

k-space:
real in [1.000000e+00,1.000000e+00] = [3ff0000000000000,3ff0000000000000]
imag in [0.000000e+00,0.000000e+00] = [0,0]

DFFT  b1dz  max 4.823e-03s  avg 4.727e-03s  min 4.631e-03s  dev 9.592e-05s
DFFT  bd23  max 8.774e-03s  avg 8.608e-03s  min 8.442e-03s  dev 1.656e-04s
DFFT  bd32  max 1.034e-02s  avg 1.015e-02s  min 9.957e-03s  dev 1.919e-04s
DFFT  b1dy  max 5.042e-03s  avg 4.936e-03s  min 4.830e-03s  dev 1.061e-04s
DFFT  bd23  max 1.238e-02s  avg 1.225e-02s  min 1.211e-02s  dev 1.318e-04s
DFFT  bd32  max 3.530e-02s  avg 3.036e-02s  min 2.541e-02s  dev 4.942e-03s
DFFT  b1dx  max 4.901e-03s  avg 4.868e-03s  min 4.836e-03s  dev 3.214e-05s
DFFT  bd23  max 3.571e-02s  avg 3.016e-02s  min 2.462e-02s  dev 5.545e-03s
DFFT bdist  max 1.025e-01s  avg 9.152e-02s  min 8.054e-02s  dev 1.098e-02s
DFFT bdfft  max 1.457e-02s  avg 1.453e-02s  min 1.449e-02s  dev 4.236e-05s
BACKWARD    max 1.195e-01s  avg 1.195e-01s  min 1.194e-01s  dev 2.951e-05s

r-space:
a[0,0,0] = (2097152.000000,0.000000) = (4140000000000000,0)
real in [0.000000e+00,0.000000e+00] = [0,0]
imag in [0.000000e+00,0.000000e+00] = [0,0]

[PI-INFO] Paramount Iteration,0,5,1.644607,0.244000

TESTING 5

[PI-INFO] Paramount Iteration,1,5,1.636356,0.244001
DFFT  fd32  max 3.423e-02s  avg 2.925e-02s  min 2.427e-02s  dev 4.980e-03s
DFFT  f1dx  max 5.036e-03s  avg 4.922e-03s  min 4.807e-03s  dev 1.146e-04s
DFFT  fd23  max 3.391e-02s  avg 2.991e-02s  min 2.591e-02s  dev 4.000e-03s
DFFT  fd32  max 9.780e-03s  avg 9.696e-03s  min 9.611e-03s  dev 8.453e-05s
DFFT  f1dy  max 4.882e-03s  avg 4.761e-03s  min 4.640e-03s  dev 1.211e-04s
DFFT  fd23  max 1.240e-02s  avg 1.218e-02s  min 1.195e-02s  dev 2.272e-04s
DFFT  fd32  max 8.480e-03s  avg 8.169e-03s  min 7.858e-03s  dev 3.110e-04s
DFFT  f1dz  max 4.953e-03s  avg 4.898e-03s  min 4.843e-03s  dev 5.538e-05s
DFFT fdist  max 9.863e-02s  avg 8.920e-02s  min 7.977e-02s  dev 9.434e-03s
DFFT fdfft  max 1.464e-02s  avg 1.458e-02s  min 1.452e-02s  dev 6.190e-05s
FORWARD     max 1.159e-01s  avg 1.159e-01s  min 1.158e-01s  dev 2.219e-05s

k-space:
real in [1.000000e+00,1.000000e+00] = [3ff0000000000000,3ff0000000000000]
imag in [0.000000e+00,0.000000e+00] = [0,0]

DFFT  b1dz  max 4.838e-03s  avg 4.698e-03s  min 4.558e-03s  dev 1.399e-04s
DFFT  bd23  max 8.844e-03s  avg 8.594e-03s  min 8.343e-03s  dev 2.510e-04s
DFFT  bd32  max 1.029e-02s  avg 9.999e-03s  min 9.712e-03s  dev 2.867e-04s
DFFT  b1dy  max 4.931e-03s  avg 4.911e-03s  min 4.891e-03s  dev 2.017e-05s
DFFT  bd23  max 1.240e-02s  avg 1.230e-02s  min 1.219e-02s  dev 1.055e-04s
DFFT  bd32  max 3.626e-02s  avg 3.131e-02s  min 2.635e-02s  dev 4.957e-03s
DFFT  b1dx  max 4.872e-03s  avg 4.716e-03s  min 4.559e-03s  dev 1.568e-04s
DFFT  bd23  max 3.684e-02s  avg 3.070e-02s  min 2.456e-02s  dev 6.140e-03s
DFFT bdist  max 1.046e-01s  avg 9.290e-02s  min 8.116e-02s  dev 1.174e-02s
DFFT bdfft  max 1.436e-02s  avg 1.432e-02s  min 1.429e-02s  dev 3.703e-05s
BACKWARD    max 1.214e-01s  avg 1.214e-01s  min 1.214e-01s  dev 6.974e-06s

r-space:
a[0,0,0] = (2097152.000000,0.000000) = (4140000000000000,0)
real in [0.000000e+00,0.000000e+00] = [0,0]
imag in [0.000000e+00,0.000000e+00] = [0,0]

[PI-INFO] Paramount Iteration,0,6,1.889846,0.245239

TESTING 6

[PI-INFO] Paramount Iteration,1,6,1.881599,0.245243
DFFT  fd32  max 3.376e-02s  avg 2.940e-02s  min 2.504e-02s  dev 4.359e-03s
DFFT  f1dx  max 5.019e-03s  avg 4.880e-03s  min 4.740e-03s  dev 1.398e-04s
DFFT  fd23  max 3.277e-02s  avg 2.863e-02s  min 2.449e-02s  dev 4.144e-03s
DFFT  fd32  max 9.972e-03s  avg 9.736e-03s  min 9.499e-03s  dev 2.366e-04s
DFFT  f1dy  max 5.002e-03s  avg 4.950e-03s  min 4.898e-03s  dev 5.212e-05s
DFFT  fd23  max 1.252e-02s  avg 1.247e-02s  min 1.242e-02s  dev 4.671e-05s
DFFT  fd32  max 8.470e-03s  avg 8.342e-03s  min 8.214e-03s  dev 1.284e-04s
DFFT  f1dz  max 4.914e-03s  avg 4.843e-03s  min 4.773e-03s  dev 7.070e-05s
DFFT fdist  max 9.702e-02s  avg 8.858e-02s  min 8.014e-02s  dev 8.441e-03s
DFFT fdfft  max 1.483e-02s  avg 1.467e-02s  min 1.451e-02s  dev 1.583e-04s
FORWARD     max 1.146e-01s  avg 1.146e-01s  min 1.146e-01s  dev 1.927e-06s

k-space:
real in [1.000000e+00,1.000000e+00] = [3ff0000000000000,3ff0000000000000]
imag in [0.000000e+00,0.000000e+00] = [0,0]

DFFT  b1dz  max 4.752e-03s  avg 4.692e-03s  min 4.631e-03s  dev 6.067e-05s
DFFT  bd23  max 8.720e-03s  avg 8.686e-03s  min 8.653e-03s  dev 3.382e-05s
DFFT  bd32  max 1.039e-02s  avg 1.003e-02s  min 9.678e-03s  dev 3.559e-04s
DFFT  b1dy  max 4.863e-03s  avg 4.850e-03s  min 4.837e-03s  dev 1.299e-05s
DFFT  bd23  max 1.240e-02s  avg 1.234e-02s  min 1.228e-02s  dev 6.052e-05s
DFFT  bd32  max 3.448e-02s  avg 2.955e-02s  min 2.463e-02s  dev 4.929e-03s
DFFT  b1dx  max 5.032e-03s  avg 4.862e-03s  min 4.692e-03s  dev 1.701e-04s
DFFT  bd23  max 3.465e-02s  avg 2.970e-02s  min 2.475e-02s  dev 4.952e-03s
DFFT bdist  max 1.006e-01s  avg 9.031e-02s  min 7.998e-02s  dev 1.033e-02s
DFFT bdfft  max 1.450e-02s  avg 1.440e-02s  min 1.431e-02s  dev 9.647e-05s
BACKWARD    max 1.175e-01s  avg 1.175e-01s  min 1.174e-01s  dev 1.193e-05s

r-space:
a[0,0,0] = (2097152.000000,0.000000) = (4140000000000000,0)
real in [0.000000e+00,0.000000e+00] = [0,0]
imag in [0.000000e+00,0.000000e+00] = [0,0]

[PI-INFO] Paramount Iteration,0,7,2.130011,0.240165

TESTING 7

[PI-INFO] Paramount Iteration,1,7,2.121768,0.240169
DFFT  fd32  max 3.237e-02s  avg 2.804e-02s  min 2.371e-02s  dev 4.331e-03s
DFFT  f1dx  max 5.058e-03s  avg 4.817e-03s  min 4.577e-03s  dev 2.404e-04s
DFFT  fd23  max 3.291e-02s  avg 2.883e-02s  min 2.475e-02s  dev 4.082e-03s
DFFT  fd32  max 1.002e-02s  avg 9.535e-03s  min 9.054e-03s  dev 4.813e-04s
DFFT  f1dy  max 4.860e-03s  avg 4.838e-03s  min 4.816e-03s  dev 2.198e-05s
DFFT  fd23  max 1.235e-02s  avg 1.225e-02s  min 1.214e-02s  dev 1.023e-04s
DFFT  fd32  max 8.123e-03s  avg 8.015e-03s  min 7.906e-03s  dev 1.085e-04s
DFFT  f1dz  max 4.970e-03s  avg 4.862e-03s  min 4.754e-03s  dev 1.080e-04s
DFFT fdist  max 9.480e-02s  avg 8.666e-02s  min 7.852e-02s  dev 8.142e-03s
DFFT fdfft  max 1.489e-02s  avg 1.452e-02s  min 1.415e-02s  dev 3.704e-04s
FORWARD     max 1.128e-01s  avg 1.128e-01s  min 1.127e-01s  dev 4.639e-05s

k-space:
real in [1.000000e+00,1.000000e+00] = [3ff0000000000000,3ff0000000000000]
imag in [0.000000e+00,0.000000e+00] = [0,0]

DFFT  b1dz  max 4.738e-03s  avg 4.652e-03s  min 4.567e-03s  dev 8.554e-05s
DFFT  bd23  max 8.768e-03s  avg 8.680e-03s  min 8.592e-03s  dev 8.793e-05s
DFFT  bd32  max 1.047e-02s  avg 1.026e-02s  min 1.004e-02s  dev 2.173e-04s
DFFT  b1dy  max 4.840e-03s  avg 4.839e-03s  min 4.838e-03s  dev 9.410e-07s
DFFT  bd23  max 1.237e-02s  avg 1.211e-02s  min 1.185e-02s  dev 2.570e-04s
DFFT  bd32  max 3.480e-02s  avg 2.980e-02s  min 2.481e-02s  dev 4.996e-03s
DFFT  b1dx  max 5.013e-03s  avg 4.886e-03s  min 4.758e-03s  dev 1.272e-04s
DFFT  bd23  max 3.544e-02s  avg 3.030e-02s  min 2.516e-02s  dev 5.139e-03s
DFFT bdist  max 1.018e-01s  avg 9.115e-02s  min 8.045e-02s  dev 1.070e-02s
DFFT bdfft  max 1.442e-02s  avg 1.438e-02s  min 1.434e-02s  dev 4.074e-05s
BACKWARD    max 1.185e-01s  avg 1.185e-01s  min 1.185e-01s  dev 2.706e-05s

r-space:
a[0,0,0] = (2097152.000000,0.000000) = (4140000000000000,0)
real in [0.000000e+00,0.000000e+00] = [0,0]
imag in [0.000000e+00,0.000000e+00] = [0,0]

[PI-INFO] Paramount Iteration,0,8,2.369261,0.239250

TESTING 8

[PI-INFO] Paramount Iteration,1,8,2.361010,0.239242
DFFT  fd32  max 3.567e-02s  avg 3.041e-02s  min 2.516e-02s  dev 5.257e-03s
DFFT  f1dx  max 5.035e-03s  avg 4.941e-03s  min 4.847e-03s  dev 9.416e-05s
DFFT  fd23  max 3.562e-02s  avg 3.028e-02s  min 2.493e-02s  dev 5.345e-03s
DFFT  fd32  max 1.038e-02s  avg 9.816e-03s  min 9.257e-03s  dev 5.593e-04s
DFFT  f1dy  max 5.067e-03s  avg 4.924e-03s  min 4.781e-03s  dev 1.434e-04s
DFFT  fd23  max 1.278e-02s  avg 1.237e-02s  min 1.197e-02s  dev 4.069e-04s
DFFT  fd32  max 8.976e-03s  avg 8.389e-03s  min 7.803e-03s  dev 5.862e-04s
DFFT  f1dz  max 4.937e-03s  avg 4.923e-03s  min 4.908e-03s  dev 1.448e-05s
DFFT fdist  max 1.034e-01s  avg 9.127e-02s  min 7.912e-02s  dev 1.216e-02s
DFFT fdfft  max 1.482e-02s  avg 1.479e-02s  min 1.475e-02s  dev 3.472e-05s
FORWARD     max 1.207e-01s  avg 1.206e-01s  min 1.206e-01s  dev 4.332e-05s

k-space:
real in [1.000000e+00,1.000000e+00] = [3ff0000000000000,3ff0000000000000]
imag in [0.000000e+00,0.000000e+00] = [0,0]

DFFT  b1dz  max 4.847e-03s  avg 4.649e-03s  min 4.450e-03s  dev 1.984e-04s
DFFT  bd23  max 8.759e-03s  avg 8.591e-03s  min 8.424e-03s  dev 1.676e-04s
DFFT  bd32  max 1.038e-02s  avg 1.011e-02s  min 9.834e-03s  dev 2.755e-04s
DFFT  b1dy  max 4.929e-03s  avg 4.920e-03s  min 4.910e-03s  dev 9.401e-06s
DFFT  bd23  max 1.287e-02s  avg 1.255e-02s  min 1.223e-02s  dev 3.185e-04s
DFFT  bd32  max 3.658e-02s  avg 3.131e-02s  min 2.605e-02s  dev 5.261e-03s
DFFT  b1dx  max 4.896e-03s  avg 4.880e-03s  min 4.863e-03s  dev 1.621e-05s
DFFT  bd23  max 3.602e-02s  avg 3.059e-02s  min 2.516e-02s  dev 5.431e-03s
DFFT bdist  max 1.046e-01s  avg 9.315e-02s  min 8.170e-02s  dev 1.145e-02s
DFFT bdfft  max 1.462e-02s  avg 1.445e-02s  min 1.428e-02s  dev 1.728e-04s
BACKWARD    max 1.214e-01s  avg 1.214e-01s  min 1.214e-01s  dev 3.525e-05s

r-space:
a[0,0,0] = (2097152.000000,0.000000) = (4140000000000000,0)
real in [0.000000e+00,0.000000e+00] = [0,0]
imag in [0.000000e+00,0.000000e+00] = [0,0]

[PI-INFO] Paramount Iteration,0,9,2.619401,0.250140

TESTING 9

[PI-INFO] Paramount Iteration,1,9,2.611155,0.250145
DFFT  fd32  max 3.515e-02s  avg 3.005e-02s  min 2.495e-02s  dev 5.101e-03s
DFFT  f1dx  max 5.011e-03s  avg 4.884e-03s  min 4.757e-03s  dev 1.268e-04s
DFFT  fd23  max 3.391e-02s  avg 2.917e-02s  min 2.444e-02s  dev 4.736e-03s
DFFT  fd32  max 1.037e-02s  avg 1.033e-02s  min 1.030e-02s  dev 3.397e-05s
DFFT  f1dy  max 5.060e-03s  avg 5.009e-03s  min 4.959e-03s  dev 5.036e-05s
DFFT  fd23  max 1.259e-02s  avg 1.252e-02s  min 1.245e-02s  dev 6.854e-05s
DFFT  fd32  max 8.355e-03s  avg 8.310e-03s  min 8.266e-03s  dev 4.446e-05s
DFFT  f1dz  max 5.056e-03s  avg 4.947e-03s  min 4.838e-03s  dev 1.092e-04s
DFFT fdist  max 1.002e-01s  avg 9.038e-02s  min 8.056e-02s  dev 9.826e-03s
DFFT fdfft  max 1.503e-02s  avg 1.484e-02s  min 1.465e-02s  dev 1.857e-04s
FORWARD     max 1.177e-01s  avg 1.177e-01s  min 1.176e-01s  dev 7.003e-05s

k-space:
real in [1.000000e+00,1.000000e+00] = [3ff0000000000000,3ff0000000000000]
imag in [0.000000e+00,0.000000e+00] = [0,0]

DFFT  b1dz  max 4.803e-03s  avg 4.788e-03s  min 4.774e-03s  dev 1.436e-05s
DFFT  bd23  max 8.732e-03s  avg 8.659e-03s  min 8.585e-03s  dev 7.318e-05s
DFFT  bd32  max 1.075e-02s  avg 1.042e-02s  min 1.010e-02s  dev 3.271e-04s
DFFT  b1dy  max 4.998e-03s  avg 4.961e-03s  min 4.923e-03s  dev 3.745e-05s
DFFT  bd23  max 1.274e-02s  avg 1.262e-02s  min 1.250e-02s  dev 1.185e-04s
DFFT  bd32  max 3.596e-02s  avg 3.103e-02s  min 2.610e-02s  dev 4.929e-03s
DFFT  b1dx  max 5.013e-03s  avg 4.941e-03s  min 4.870e-03s  dev 7.193e-05s
DFFT  bd23  max 3.468e-02s  avg 3.021e-02s  min 2.574e-02s  dev 4.468e-03s
DFFT bdist  max 1.029e-01s  avg 9.295e-02s  min 8.303e-02s  dev 9.917e-03s
DFFT bdfft  max 1.481e-02s  avg 1.469e-02s  min 1.457e-02s  dev 1.237e-04s
BACKWARD    max 1.199e-01s  avg 1.199e-01s  min 1.198e-01s  dev 2.122e-05s

r-space:
a[0,0,0] = (2097152.000000,0.000000) = (4140000000000000,0)
real in [0.000000e+00,0.000000e+00] = [0,0]
imag in [0.000000e+00,0.000000e+00] = [0,0]

[PI-INFO] Paramount Iteration,0,10,2.864965,0.245564

TESTING a

[PI-INFO] Paramount Iteration,1,10,2.856712,0.245557
DFFT  fd32  max 3.522e-02s  avg 3.005e-02s  min 2.487e-02s  dev 5.174e-03s
DFFT  f1dx  max 5.097e-03s  avg 4.877e-03s  min 4.658e-03s  dev 2.195e-04s
DFFT  fd23  max 3.572e-02s  avg 3.043e-02s  min 2.514e-02s  dev 5.293e-03s
DFFT  fd32  max 1.045e-02s  avg 1.035e-02s  min 1.025e-02s  dev 1.007e-04s
DFFT  f1dy  max 5.012e-03s  avg 4.946e-03s  min 4.880e-03s  dev 6.608e-05s
DFFT  fd23  max 1.277e-02s  avg 1.255e-02s  min 1.234e-02s  dev 2.161e-04s
DFFT  fd32  max 8.817e-03s  avg 8.492e-03s  min 8.166e-03s  dev 3.255e-04s
DFFT  f1dz  max 4.983e-03s  avg 4.972e-03s  min 4.961e-03s  dev 1.110e-05s
DFFT fdist  max 1.030e-01s  avg 9.187e-02s  min 8.076e-02s  dev 1.111e-02s
DFFT fdfft  max 1.494e-02s  avg 1.480e-02s  min 1.465e-02s  dev 1.423e-04s
FORWARD     max 1.202e-01s  avg 1.202e-01s  min 1.201e-01s  dev 6.305e-05s

k-space:
real in [1.000000e+00,1.000000e+00] = [3ff0000000000000,3ff0000000000000]
imag in [0.000000e+00,0.000000e+00] = [0,0]

DFFT  b1dz  max 4.874e-03s  avg 4.754e-03s  min 4.634e-03s  dev 1.199e-04s
DFFT  bd23  max 8.769e-03s  avg 8.634e-03s  min 8.500e-03s  dev 1.348e-04s
DFFT  bd32  max 1.065e-02s  avg 1.038e-02s  min 1.010e-02s  dev 2.756e-04s
DFFT  b1dy  max 4.930e-03s  avg 4.901e-03s  min 4.871e-03s  dev 2.947e-05s
DFFT  bd23  max 1.254e-02s  avg 1.236e-02s  min 1.219e-02s  dev 1.777e-04s
DFFT  bd32  max 3.603e-02s  avg 3.106e-02s  min 2.609e-02s  dev 4.968e-03s
DFFT  b1dx  max 5.002e-03s  avg 4.914e-03s  min 4.827e-03s  dev 8.727e-05s
DFFT  bd23  max 3.600e-02s  avg 3.060e-02s  min 2.521e-02s  dev 5.393e-03s
DFFT bdist  max 1.040e-01s  avg 9.304e-02s  min 8.209e-02s  dev 1.095e-02s
DFFT bdfft  max 1.457e-02s  avg 1.457e-02s  min 1.457e-02s  dev 3.159e-06s
BACKWARD    max 1.209e-01s  avg 1.209e-01s  min 1.209e-01s  dev 1.278e-05s

r-space:
a[0,0,0] = (2097152.000000,0.000000) = (4140000000000000,0)
real in [0.000000e+00,0.000000e+00] = [0,0]
imag in [0.000000e+00,0.000000e+00] = [0,0]

[PI-INFO] Paramount Iteration,0,11,3.114157,0.249192

TESTING b

[PI-INFO] Paramount Iteration,1,11,3.105902,0.249190
DFFT  fd32  max 3.668e-02s  avg 3.128e-02s  min 2.588e-02s  dev 5.399e-03s
DFFT  f1dx  max 5.017e-03s  avg 4.917e-03s  min 4.817e-03s  dev 9.994e-05s
DFFT  fd23  max 3.559e-02s  avg 3.015e-02s  min 2.472e-02s  dev 5.437e-03s
DFFT  fd32  max 9.985e-03s  avg 9.983e-03s  min 9.980e-03s  dev 2.308e-06s
DFFT  f1dy  max 4.910e-03s  avg 4.890e-03s  min 4.870e-03s  dev 1.985e-05s
DFFT  fd23  max 1.294e-02s  avg 1.268e-02s  min 1.243e-02s  dev 2.571e-04s
DFFT  fd32  max 8.795e-03s  avg 8.591e-03s  min 8.387e-03s  dev 2.038e-04s
DFFT  f1dz  max 4.970e-03s  avg 4.922e-03s  min 4.873e-03s  dev 4.867e-05s
DFFT fdist  max 1.040e-01s  avg 9.269e-02s  min 8.139e-02s  dev 1.130e-02s
DFFT fdfft  max 1.476e-02s  avg 1.473e-02s  min 1.470e-02s  dev 3.142e-05s
FORWARD     max 1.211e-01s  avg 1.211e-01s  min 1.211e-01s  dev 8.888e-06s

k-space:
real in [1.000000e+00,1.000000e+00] = [3ff0000000000000,3ff0000000000000]
imag in [0.000000e+00,0.000000e+00] = [0,0]

DFFT  b1dz  max 4.711e-03s  avg 4.695e-03s  min 4.678e-03s  dev 1.662e-05s
DFFT  bd23  max 8.660e-03s  avg 8.579e-03s  min 8.499e-03s  dev 8.057e-05s
DFFT  bd32  max 1.061e-02s  avg 1.029e-02s  min 9.962e-03s  dev 3.249e-04s
DFFT  b1dy  max 4.965e-03s  avg 4.921e-03s  min 4.877e-03s  dev 4.409e-05s
DFFT  bd23  max 1.220e-02s  avg 1.207e-02s  min 1.194e-02s  dev 1.286e-04s
DFFT  bd32  max 3.399e-02s  avg 2.917e-02s  min 2.434e-02s  dev 4.829e-03s
DFFT  b1dx  max 4.916e-03s  avg 4.797e-03s  min 4.678e-03s  dev 1.192e-04s
DFFT  bd23  max 3.728e-02s  avg 3.144e-02s  min 2.561e-02s  dev 5.834e-03s
DFFT bdist  max 1.026e-01s  avg 9.155e-02s  min 8.051e-02s  dev 1.104e-02s
DFFT bdfft  max 1.459e-02s  avg 1.441e-02s  min 1.423e-02s  dev 1.799e-04s
BACKWARD    max 1.195e-01s  avg 1.195e-01s  min 1.195e-01s  dev 1.693e-05s

r-space:
a[0,0,0] = (2097152.000000,0.000000) = (4140000000000000,0)
real in [0.000000e+00,0.000000e+00] = [0,0]
imag in [0.000000e+00,0.000000e+00] = [0,0]

[PI-INFO] Paramount Iteration,0,12,3.363048,0.248891

TESTING c

[PI-INFO] Paramount Iteration,1,12,3.354803,0.248901
DFFT  fd32  max 3.550e-02s  avg 3.062e-02s  min 2.574e-02s  dev 4.883e-03s
DFFT  f1dx  max 4.945e-03s  avg 4.842e-03s  min 4.740e-03s  dev 1.027e-04s
DFFT  fd23  max 3.358e-02s  avg 2.934e-02s  min 2.510e-02s  dev 4.240e-03s
DFFT  fd32  max 9.805e-03s  avg 9.736e-03s  min 9.667e-03s  dev 6.889e-05s
DFFT  f1dy  max 4.945e-03s  avg 4.921e-03s  min 4.897e-03s  dev 2.410e-05s
DFFT  fd23  max 1.234e-02s  avg 1.227e-02s  min 1.219e-02s  dev 7.547e-05s
DFFT  fd32  max 8.419e-03s  avg 8.257e-03s  min 8.096e-03s  dev 1.615e-04s
DFFT  f1dz  max 5.080e-03s  avg 4.972e-03s  min 4.864e-03s  dev 1.081e-04s
DFFT fdist  max 9.918e-02s  avg 9.022e-02s  min 8.127e-02s  dev 8.955e-03s
DFFT fdfft  max 1.497e-02s  avg 1.474e-02s  min 1.450e-02s  dev 2.349e-04s
FORWARD     max 1.169e-01s  avg 1.169e-01s  min 1.169e-01s  dev 8.903e-06s

k-space:
real in [1.000000e+00,1.000000e+00] = [3ff0000000000000,3ff0000000000000]
imag in [0.000000e+00,0.000000e+00] = [0,0]

DFFT  b1dz  max 4.845e-03s  avg 4.802e-03s  min 4.759e-03s  dev 4.335e-05s
DFFT  bd23  max 8.881e-03s  avg 8.730e-03s  min 8.579e-03s  dev 1.507e-04s
DFFT  bd32  max 1.024e-02s  avg 1.023e-02s  min 1.021e-02s  dev 1.437e-05s
DFFT  b1dy  max 5.032e-03s  avg 4.930e-03s  min 4.828e-03s  dev 1.018e-04s
DFFT  bd23  max 1.229e-02s  avg 1.227e-02s  min 1.225e-02s  dev 2.259e-05s
DFFT  bd32  max 3.676e-02s  avg 3.166e-02s  min 2.657e-02s  dev 5.098e-03s
DFFT  b1dx  max 5.114e-03s  avg 4.980e-03s  min 4.845e-03s  dev 1.345e-04s
DFFT  bd23  max 3.664e-02s  avg 3.110e-02s  min 2.557e-02s  dev 5.534e-03s
DFFT bdist  max 1.045e-01s  avg 9.399e-02s  min 8.350e-02s  dev 1.049e-02s
DFFT bdfft  max 1.499e-02s  avg 1.471e-02s  min 1.443e-02s  dev 2.797e-04s
BACKWARD    max 1.221e-01s  avg 1.221e-01s  min 1.221e-01s  dev 2.401e-05s

r-space:
a[0,0,0] = (2097152.000000,0.000000) = (4140000000000000,0)
real in [0.000000e+00,0.000000e+00] = [0,0]
imag in [0.000000e+00,0.000000e+00] = [0,0]

[PI-INFO] Paramount Iteration,0,13,3.610437,0.247389

TESTING d

[PI-INFO] Paramount Iteration,1,13,3.602187,0.247384
DFFT  fd32  max 3.702e-02s  avg 3.185e-02s  min 2.668e-02s  dev 5.172e-03s
DFFT  f1dx  max 5.110e-03s  avg 5.001e-03s  min 4.892e-03s  dev 1.090e-04s
DFFT  fd23  max 3.573e-02s  avg 3.060e-02s  min 2.547e-02s  dev 5.127e-03s
DFFT  fd32  max 1.053e-02s  avg 1.027e-02s  min 1.002e-02s  dev 2.570e-04s
DFFT  f1dy  max 5.092e-03s  avg 4.973e-03s  min 4.854e-03s  dev 1.190e-04s
DFFT  fd23  max 1.257e-02s  avg 1.242e-02s  min 1.227e-02s  dev 1.527e-04s
DFFT  fd32  max 8.255e-03s  avg 8.141e-03s  min 8.027e-03s  dev 1.143e-04s
DFFT  f1dz  max 4.958e-03s  avg 4.950e-03s  min 4.943e-03s  dev 7.722e-06s
DFFT fdist  max 1.041e-01s  avg 9.328e-02s  min 8.246e-02s  dev 1.082e-02s
DFFT fdfft  max 1.494e-02s  avg 1.492e-02s  min 1.491e-02s  dev 1.773e-05s
FORWARD     max 1.215e-01s  avg 1.215e-01s  min 1.214e-01s  dev 2.429e-05s

k-space:
real in [1.000000e+00,1.000000e+00] = [3ff0000000000000,3ff0000000000000]
imag in [0.000000e+00,0.000000e+00] = [0,0]

DFFT  b1dz  max 4.897e-03s  avg 4.787e-03s  min 4.676e-03s  dev 1.104e-04s
DFFT  bd23  max 8.597e-03s  avg 8.566e-03s  min 8.534e-03s  dev 3.130e-05s
DFFT  bd32  max 1.021e-02s  avg 1.010e-02s  min 9.990e-03s  dev 1.107e-04s
DFFT  b1dy  max 4.824e-03s  avg 4.821e-03s  min 4.817e-03s  dev 3.627e-06s
DFFT  bd23  max 1.226e-02s  avg 1.203e-02s  min 1.181e-02s  dev 2.260e-04s
DFFT  bd32  max 3.485e-02s  avg 3.005e-02s  min 2.526e-02s  dev 4.796e-03s
DFFT  b1dx  max 4.864e-03s  avg 4.697e-03s  min 4.529e-03s  dev 1.675e-04s
DFFT  bd23  max 3.407e-02s  avg 2.952e-02s  min 2.497e-02s  dev 4.547e-03s
DFFT bdist  max 9.998e-02s  avg 9.027e-02s  min 8.056e-02s  dev 9.710e-03s
DFFT bdfft  max 1.437e-02s  avg 1.430e-02s  min 1.424e-02s  dev 6.078e-05s
BACKWARD    max 1.167e-01s  avg 1.167e-01s  min 1.166e-01s  dev 1.364e-05s

r-space:
a[0,0,0] = (2097152.000000,0.000000) = (4140000000000000,0)
real in [0.000000e+00,0.000000e+00] = [0,0]
imag in [0.000000e+00,0.000000e+00] = [0,0]

[PI-INFO] Paramount Iteration,0,14,3.856756,0.246319

TESTING e

[PI-INFO] Paramount Iteration,1,14,3.848510,0.246323
DFFT  fd32  max 3.527e-02s  avg 3.042e-02s  min 2.557e-02s  dev 4.847e-03s
DFFT  f1dx  max 4.971e-03s  avg 4.797e-03s  min 4.623e-03s  dev 1.740e-04s
DFFT  fd23  max 3.304e-02s  avg 2.903e-02s  min 2.502e-02s  dev 4.012e-03s
DFFT  fd32  max 9.893e-03s  avg 9.875e-03s  min 9.856e-03s  dev 1.834e-05s
DFFT  f1dy  max 5.019e-03s  avg 4.925e-03s  min 4.830e-03s  dev 9.412e-05s
DFFT  fd23  max 1.245e-02s  avg 1.229e-02s  min 1.213e-02s  dev 1.563e-04s
DFFT  fd32  max 9.074e-03s  avg 8.541e-03s  min 8.007e-03s  dev 5.335e-04s
DFFT  f1dz  max 4.990e-03s  avg 4.977e-03s  min 4.964e-03s  dev 1.300e-05s
DFFT fdist  max 9.968e-02s  avg 9.015e-02s  min 8.062e-02s  dev 9.531e-03s
DFFT fdfft  max 1.477e-02s  avg 1.470e-02s  min 1.463e-02s  dev 6.684e-05s
FORWARD     max 1.169e-01s  avg 1.168e-01s  min 1.168e-01s  dev 7.999e-05s

k-space:
real in [1.000000e+00,1.000000e+00] = [3ff0000000000000,3ff0000000000000]
imag in [0.000000e+00,0.000000e+00] = [0,0]

DFFT  b1dz  max 4.918e-03s  avg 4.830e-03s  min 4.741e-03s  dev 8.876e-05s
DFFT  bd23  max 8.701e-03s  avg 8.648e-03s  min 8.596e-03s  dev 5.255e-05s
DFFT  bd32  max 1.035e-02s  avg 1.034e-02s  min 1.032e-02s  dev 1.190e-05s
DFFT  b1dy  max 4.985e-03s  avg 4.983e-03s  min 4.982e-03s  dev 1.371e-06s
DFFT  bd23  max 1.237e-02s  avg 1.231e-02s  min 1.224e-02s  dev 6.171e-05s
DFFT  bd32  max 3.444e-02s  avg 3.015e-02s  min 2.586e-02s  dev 4.292e-03s
DFFT  b1dx  max 5.054e-03s  avg 4.860e-03s  min 4.666e-03s  dev 1.937e-04s
DFFT  bd23  max 3.437e-02s  avg 3.000e-02s  min 2.564e-02s  dev 4.363e-03s
DFFT bdist  max 1.001e-01s  avg 9.144e-02s  min 8.279e-02s  dev 8.652e-03s
DFFT bdfft  max 1.478e-02s  avg 1.467e-02s  min 1.457e-02s  dev 1.063e-04s
BACKWARD    max 1.174e-01s  avg 1.174e-01s  min 1.174e-01s  dev 2.393e-05s

r-space:
a[0,0,0] = (2097152.000000,0.000000) = (4140000000000000,0)
real in [0.000000e+00,0.000000e+00] = [0,0]
imag in [0.000000e+00,0.000000e+00] = [0,0]

[PI-INFO] Paramount Iteration,0,15,4.099049,0.242293
[PI-INFO] PI avg,0,0.246776,15
[PI-INFO] Beta,0,0.000003
[PI-INFO] Total time,4.099058
[PI-INFO] Paramount Iteration,1,15,4.090790,0.242280
[PI-INFO] PI avg,1,0.246770,15
[PI-INFO] Beta,1,0.000007
[ip-172-31-6-19:18065] 1 more process has sent help message help-mpi-btl-base.txt / btl:no-nics
[ip-172-31-6-19:18065] Set MCA parameter "orte_base_help_aggregate" to 0 to see all help / error messages
--------------------------------------------------------------------------
mpirun has exited due to process rank 0 with PID 0 on
node ip-172-31-6-19 exiting improperly. There are three reasons this could occur:

1. this process did not call "init" before exiting, but others in
the job did. This can cause a job to hang indefinitely while it waits
for all processes to call "init". By rule, if one process calls "init",
then ALL processes must call "init" prior to termination.

2. this process called "init", but exited without calling "finalize".
By rule, all processes that call "init" MUST call "finalize" prior to
exiting or it will be considered an "abnormal termination"

3. this process called "MPI_Abort" or "orte_abort" and the mca parameter
orte_create_session_dirs is set to false. In this case, the run-time cannot
detect that the abort call was an abnormal termination. Hence, the only
error message you will receive is this one.

This may have caused other processes in the application to be
terminated by signals sent by mpirun (as reported here).

You can avoid this message by specifying -quiet on the mpirun command line.
--------------------------------------------------------------------------
Command exited with non-zero status 1
	Command being timed: "mpirun --hostfile /home/ubuntu/PI-Bench/ECP-Proxy-Apps/hostfile -n 2 ./build/TestDfft 1000 128"
	User time (seconds): 3.46
	System time (seconds): 0.58
	Percent of CPU this job got: 60%
	Elapsed (wall clock) time (h:mm:ss or m:ss): 0:06.74
	Average shared text size (kbytes): 0
	Average unshared data size (kbytes): 0
	Average stack size (kbytes): 0
	Average total size (kbytes): 0
	Maximum resident set size (kbytes): 81100
	Average resident set size (kbytes): 0
	Major (requiring I/O) page faults: 4
	Minor (reclaiming a frame) page faults: 21362
	Voluntary context switches: 1257
	Involuntary context switches: 11
	Swaps: 0
	File system inputs: 0
	File system outputs: 16488
	Socket messages sent: 0
	Socket messages received: 0
	Signals delivered: 0
	Page size (bytes): 4096
	Exit status: 1
