--------------------------------------------------------------------------
[[52940,1],0]: A high-performance Open MPI point-to-point messaging module
was unable to find any relevant network interfaces:

Module: OpenFabrics (openib)
  Host: ip-172-31-13-164

Another transport will be used instead, although this may result in
lower performance.

NOTE: You can disable this warning by setting the MCA parameter
btl_base_warn_component_unused to 0.
--------------------------------------------------------------------------
 Number of processors:           8
 REAL    wdsize      :           8
 INTEGER wdsize      :           4
 ifmgrid    : F     ifbrick    : T
[PI-INFO] Init time,0,0.136968

 Processor Distribution:  npx,npy,npz=           2           2           2
 Element Distribution: nelx,nely,nelz=           2           2           2
 Local Element Distribution: mx,my,mz=           1           1           1
[PI-INFO] Init time,1,0.128776
[PI-INFO] Init time,4,0.128676
[PI-INFO] Init time,6,0.128692
[PI-INFO] Init time,2,0.128734
[PI-INFO] Init time,5,0.128946
[PI-INFO] Init time,3,0.128914
[PI-INFO] Init time,7,0.128878
gs_setup: 1027 unique labels shared
   pairwise times (avg, min, max): 7.03428e-05 6.87102e-05 7.201e-05
   crystal router                : 9.79425e-05 9.55308e-05 0.00010065
   all reduce                    : 0.000110591 0.000107469 0.000112921
   used all_to_all method: pairwise

cg:   0  4.7484E+01
cg: 101  2.6710E-12  4.3218E-01  5.2680E-01  2.7949E-23
cg:   0  4.7484E+01
cg: 101  2.6710E-12  4.3218E-01  5.2680E-01  2.7949E-23

nelt =       1, np =         8, nx1 =      10, elements =         8
Tot MFlops =   0.0000E+00, MFlops      =   0.0000E+00
Setup Flop =   1.3900E+07, Solver Flop =   1.5150E+06
Solve Time =   0.0000E+00
[PI-INFO] Paramount Iteration,0,1,0.215059,0.078091

 Processor Distribution:  npx,npy,npz=           2           2           2
 Element Distribution: nelx,nely,nelz=           4           2           2
 Local Element Distribution: mx,my,mz=           2           1           1
[PI-INFO] Paramount Iteration,6,1,0.206690,0.077999
[PI-INFO] Paramount Iteration,2,1,0.206753,0.078019
[PI-INFO] Paramount Iteration,1,1,0.206780,0.078004
[PI-INFO] Paramount Iteration,5,1,0.206924,0.077978
[PI-INFO] Paramount Iteration,4,1,0.206690,0.078014
[PI-INFO] Paramount Iteration,3,1,0.206884,0.077970
[PI-INFO] Paramount Iteration,7,1,0.206822,0.077945
gs_setup: 1693 unique labels shared
   pairwise times (avg, min, max): 6.8599e-05 6.55726e-05 7.04169e-05
   crystal router                : 9.65346e-05 9.39212e-05 0.000101584
   all reduce                    : 0.000409264 0.000405507 0.000412112
   used all_to_all method: pairwise

cg:   0  6.8166E+01
cg: 101  3.1952E-09  4.3638E-01  6.0826E-01  3.6207E-17
cg:   0  7.3778E+01
cg: 101  4.7607E-09  4.0821E-01  6.5542E-01  8.7705E-17

nelt =       2, np =         8, nx1 =      10, elements =        16
Tot MFlops =   0.0000E+00, MFlops      =   0.0000E+00
Setup Flop =   2.7800E+07, Solver Flop =   3.0300E+06
Solve Time =   0.0000E+00
[PI-INFO] Paramount Iteration,0,2,0.299810,0.084751

 Processor Distribution:  npx,npy,npz=           2           2           2
 Element Distribution: nelx,nely,nelz=           6           2           2
 Local Element Distribution: mx,my,mz=           3           1           1
[PI-INFO] Paramount Iteration,2,2,0.291502,0.084749
[PI-INFO] Paramount Iteration,1,2,0.291537,0.084757
[PI-INFO] Paramount Iteration,6,2,0.291436,0.084746
[PI-INFO] Paramount Iteration,5,2,0.291695,0.084771
[PI-INFO] Paramount Iteration,7,2,0.291589,0.084767
[PI-INFO] Paramount Iteration,4,2,0.291449,0.084759
[PI-INFO] Paramount Iteration,3,2,0.291654,0.084770
gs_setup: 2359 unique labels shared
   pairwise times (avg, min, max): 7.66527e-05 7.46391e-05 7.88143e-05
   crystal router                : 0.000105639 0.0001034 0.000107961
   all reduce                    : 0.000419074 0.000416798 0.000422881
   used all_to_all method: pairwise

cg:   0  8.3678E+01
cg: 101  4.8991E-09  4.3003E-01  6.1548E-01  8.6366E-17
cg:   0  9.1700E+01
cg: 101  7.5089E-09  4.3395E-01  6.2130E-01  2.0496E-16

nelt =       3, np =         8, nx1 =      10, elements =        24
Tot MFlops =   0.0000E+00, MFlops      =   0.0000E+00
Setup Flop =   4.1700E+07, Solver Flop =   4.5450E+06
Solve Time =   0.0000E+00
[PI-INFO] Paramount Iteration,0,3,0.389852,0.090042

 Processor Distribution:  npx,npy,npz=           2           2           2
 Element Distribution: nelx,nely,nelz=           4           4           2
 Local Element Distribution: mx,my,mz=           2           2           1
[PI-INFO] Paramount Iteration,2,3,0.381518,0.090016
[PI-INFO] Paramount Iteration,1,3,0.381561,0.090024
[PI-INFO] Paramount Iteration,6,3,0.381466,0.090030
[PI-INFO] Paramount Iteration,4,3,0.381467,0.090018
[PI-INFO] Paramount Iteration,5,3,0.381716,0.090021
[PI-INFO] Paramount Iteration,3,3,0.381670,0.090016
[PI-INFO] Paramount Iteration,7,3,0.381610,0.090021
gs_setup: 2683 unique labels shared
   pairwise times (avg, min, max): 6.98071e-05 6.90623e-05 7.12529e-05
   crystal router                : 9.83846e-05 9.65602e-05 0.000102335
   all reduce                    : 0.000419095 0.000417427 0.000420369
   used all_to_all method: pairwise

cg:   0  9.6462E+01
cg: 101  7.3664E-09  4.1422E-01  6.2034E-01  2.0595E-16
cg:   0  1.0534E+02
cg: 101  1.0003E-08  4.1373E-01  6.3150E-01  3.7796E-16

nelt =       4, np =         8, nx1 =      10, elements =        32
Tot MFlops =   0.0000E+00, MFlops      =   0.0000E+00
Setup Flop =   5.5600E+07, Solver Flop =   6.0600E+06
Solve Time =   0.0000E+00
[PI-INFO] Paramount Iteration,0,4,0.484191,0.094339

 Processor Distribution:  npx,npy,npz=           2           2           2
 Element Distribution: nelx,nely,nelz=          10           2           2
 Local Element Distribution: mx,my,mz=           5           1           1
[PI-INFO] Paramount Iteration,1,4,0.475914,0.094353
[PI-INFO] Paramount Iteration,5,4,0.476055,0.094339
[PI-INFO] Paramount Iteration,6,4,0.475826,0.094360
[PI-INFO] Paramount Iteration,2,4,0.475890,0.094372
[PI-INFO] Paramount Iteration,4,4,0.475829,0.094362
[PI-INFO] Paramount Iteration,3,4,0.476029,0.094359
[PI-INFO] Paramount Iteration,7,4,0.475959,0.094349
gs_setup: 3691 unique labels shared
   pairwise times (avg, min, max): 7.58108e-05 7.34997e-05 7.8312e-05
   crystal router                : 0.000104141 0.00010034 0.000109041
   all reduce                    : 0.000429565 0.000425527 0.000431893
   used all_to_all method: pairwise

cg:   0  1.0765E+02
cg: 101  1.0001E-08  3.9899E-01  6.2369E-01  3.9619E-16
cg:   0  1.1901E+02
cg: 101  1.2947E-08  3.9998E-01  6.3951E-01  6.4291E-16

nelt =       5, np =         8, nx1 =      10, elements =        40
Tot MFlops =   0.0000E+00, MFlops      =   0.0000E+00
Setup Flop =   6.9500E+07, Solver Flop =   7.5750E+06
Solve Time =   0.0000E+00
[PI-INFO] Paramount Iteration,0,5,0.584304,0.100113

 Processor Distribution:  npx,npy,npz=           2           2           2
 Element Distribution: nelx,nely,nelz=           6           4           2
 Local Element Distribution: mx,my,mz=           3           2           1
[PI-INFO] Paramount Iteration,5,5,0.576151,0.100096
[PI-INFO] Paramount Iteration,6,5,0.575924,0.100098
[PI-INFO] Paramount Iteration,2,5,0.575998,0.100108
[PI-INFO] Paramount Iteration,1,5,0.576026,0.100112
[PI-INFO] Paramount Iteration,4,5,0.575925,0.100096
[PI-INFO] Paramount Iteration,7,5,0.576062,0.100103
[PI-INFO] Paramount Iteration,3,5,0.576138,0.100109
gs_setup: 3673 unique labels shared
   pairwise times (avg, min, max): 7.28062e-05 6.50748e-05 7.51369e-05
   crystal router                : 0.000103211 0.00010165 0.000104285
   all reduce                    : 0.000427772 0.000424547 0.000429464
   used all_to_all method: pairwise

cg:   0  1.1869E+02
cg: 101  9.2718E-09  4.2473E-01  6.2137E-01  3.1865E-16
cg:   0  1.2949E+02
cg: 101  1.1948E-08  4.2006E-01  6.2989E-01  5.2747E-16

nelt =       6, np =         8, nx1 =      10, elements =        48
Tot MFlops =   0.0000E+00, MFlops      =   0.0000E+00
Setup Flop =   8.3400E+07, Solver Flop =   9.0900E+06
Solve Time =   0.0000E+00
[PI-INFO] Paramount Iteration,0,6,0.688989,0.104685

 Processor Distribution:  npx,npy,npz=           2           2           2
 Element Distribution: nelx,nely,nelz=          14           2           2
 Local Element Distribution: mx,my,mz=           7           1           1
[PI-INFO] Paramount Iteration,2,6,0.680690,0.104692
[PI-INFO] Paramount Iteration,1,6,0.680723,0.104697
[PI-INFO] Paramount Iteration,6,6,0.680628,0.104704
[PI-INFO] Paramount Iteration,4,6,0.680632,0.104707
[PI-INFO] Paramount Iteration,5,6,0.680877,0.104726
[PI-INFO] Paramount Iteration,3,6,0.680831,0.104693
[PI-INFO] Paramount Iteration,7,6,0.680771,0.104709
gs_setup: 5023 unique labels shared
   pairwise times (avg, min, max): 6.98806e-05 6.9165e-05 7.11679e-05
   crystal router                : 0.000115898 0.000113133 0.000118803
   all reduce                    : 0.000456956 0.000451293 0.00046221
   used all_to_all method: pairwise

cg:   0  1.2712E+02
cg: 101  1.1137E-08  4.1570E-01  6.1380E-01  4.7927E-16
cg:   0  1.4131E+02
cg: 101  1.4968E-08  4.1957E-01  6.2424E-01  8.4765E-16

nelt =       7, np =         8, nx1 =      10, elements =        56
Tot MFlops =   0.0000E+00, MFlops      =   0.0000E+00
Setup Flop =   9.7300E+07, Solver Flop =   1.0605E+07
Solve Time =   0.0000E+00
[PI-INFO] Paramount Iteration,0,7,0.800110,0.111121

 Processor Distribution:  npx,npy,npz=           2           2           2
 Element Distribution: nelx,nely,nelz=           4           4           4
 Local Element Distribution: mx,my,mz=           2           2           2
[PI-INFO] Paramount Iteration,2,7,0.791806,0.111116
[PI-INFO] Paramount Iteration,1,7,0.791836,0.111113
[PI-INFO] Paramount Iteration,6,7,0.791740,0.111112
[PI-INFO] Paramount Iteration,4,7,0.791740,0.111108
[PI-INFO] Paramount Iteration,5,7,0.791989,0.111112
[PI-INFO] Paramount Iteration,3,7,0.791961,0.111130
[PI-INFO] Paramount Iteration,7,7,0.791875,0.111104
gs_setup: 3997 unique labels shared
   pairwise times (avg, min, max): 7.49568e-05 7.3146e-05 7.6273e-05
   crystal router                : 0.000104926 0.000102715 0.000107861
   all reduce                    : 0.00043822 0.000435408 0.000440263
   used all_to_all method: pairwise

cg:   0  1.3709E+02
cg: 101  1.1146E-08  4.1800E-01  6.3376E-01  4.6210E-16
cg:   0  1.4811E+02
cg: 101  1.4958E-08  4.1188E-01  6.4759E-01  8.5344E-16

nelt =       8, np =         8, nx1 =      10, elements =        64
Tot MFlops =   0.0000E+00, MFlops      =   0.0000E+00
Setup Flop =   1.1120E+08, Solver Flop =   1.2120E+07
Solve Time =   0.0000E+00
[PI-INFO] Paramount Iteration,0,8,0.914899,0.114789

 Processor Distribution:  npx,npy,npz=           2           2           2
 Element Distribution: nelx,nely,nelz=           6           6           2
 Local Element Distribution: mx,my,mz=           3           3           1
[PI-INFO] Paramount Iteration,6,8,0.906523,0.114783
[PI-INFO] Paramount Iteration,2,8,0.906594,0.114788
[PI-INFO] Paramount Iteration,1,8,0.906635,0.114799
[PI-INFO] Paramount Iteration,4,8,0.906546,0.114806
[PI-INFO] Paramount Iteration,5,8,0.906792,0.114803
[PI-INFO] Paramount Iteration,3,8,0.906734,0.114773
[PI-INFO] Paramount Iteration,7,8,0.906660,0.114785
gs_setup: 4987 unique labels shared
   pairwise times (avg, min, max): 7.09772e-05 6.68781e-05 7.34249e-05
   crystal router                : 0.000103621 0.000100618 0.000106564
   all reduce                    : 0.000450802 0.000448243 0.000453056
   used all_to_all method: pairwise

cg:   0  1.4520E+02
cg: 101  1.1933E-08  4.1561E-01  6.2561E-01  5.2307E-16
cg:   0  1.5793E+02
cg: 101  1.5800E-08  4.1482E-01  6.2763E-01  9.1796E-16

nelt =       9, np =         8, nx1 =      10, elements =        72
Tot MFlops =   0.0000E+00, MFlops      =   0.0000E+00
Setup Flop =   1.2510E+08, Solver Flop =   1.3635E+07
Solve Time =   0.0000E+00
[PI-INFO] Paramount Iteration,0,9,1.035718,0.120819

 Processor Distribution:  npx,npy,npz=           2           2           2
 Element Distribution: nelx,nely,nelz=          10           4           2
 Local Element Distribution: mx,my,mz=           5           2           1
[PI-INFO] Paramount Iteration,2,9,1.027400,0.120806
[PI-INFO] Paramount Iteration,1,9,1.027443,0.120808
[PI-INFO] Paramount Iteration,6,9,1.027354,0.120831
[PI-INFO] Paramount Iteration,4,9,1.027365,0.120819
[PI-INFO] Paramount Iteration,5,9,1.027584,0.120792
[PI-INFO] Paramount Iteration,3,9,1.027542,0.120808
[PI-INFO] Paramount Iteration,7,9,1.027477,0.120817
gs_setup: 5653 unique labels shared
   pairwise times (avg, min, max): 7.69372e-05 7.47888e-05 7.81669e-05
   crystal router                : 0.000120534 0.000117411 0.000125533
   all reduce                    : 0.000463225 0.000458049 0.000465615
   used all_to_all method: pairwise

cg:   0  1.5275E+02
cg: 101  1.3388E-08  4.1758E-01  6.3981E-01  6.6396E-16
cg:   0  1.6666E+02
cg: 101  1.5587E-08  4.1524E-01  6.3533E-01  9.1365E-16

nelt =      10, np =         8, nx1 =      10, elements =        80
Tot MFlops =   0.0000E+00, MFlops      =   0.0000E+00
Setup Flop =   1.3900E+08, Solver Flop =   1.5150E+07
Solve Time =   0.0000E+00
[PI-INFO] Paramount Iteration,0,10,1.162311,0.126593

 Processor Distribution:  npx,npy,npz=           2           2           2
 Element Distribution: nelx,nely,nelz=          22           2           2
 Local Element Distribution: mx,my,mz=          11           1           1
[PI-INFO] Paramount Iteration,1,10,1.154015,0.126572
[PI-INFO] Paramount Iteration,5,10,1.154141,0.126557
[PI-INFO] Paramount Iteration,6,10,1.153911,0.126557
[PI-INFO] Paramount Iteration,2,10,1.154012,0.126612
[PI-INFO] Paramount Iteration,4,10,1.153940,0.126575
[PI-INFO] Paramount Iteration,3,10,1.154120,0.126578
[PI-INFO] Paramount Iteration,7,10,1.154046,0.126569
gs_setup: 7687 unique labels shared
   pairwise times (avg, min, max): 7.81713e-05 7.2272e-05 8.03928e-05
   crystal router                : 0.000127169 0.000124789 0.000129983
   all reduce                    : 0.000490723 0.000489159 0.000494773
   used all_to_all method: pairwise

cg:   0  1.5885E+02
cg: 101  1.3959E-08  4.1150E-01  6.2847E-01  7.4879E-16
cg:   0  1.7714E+02
cg: 101  1.8519E-08  4.1110E-01  6.2877E-01  1.3167E-15

nelt =      11, np =         8, nx1 =      10, elements =        88
Tot MFlops =   0.0000E+00, MFlops      =   0.0000E+00
Setup Flop =   1.5290E+08, Solver Flop =   1.6665E+07
Solve Time =   0.0000E+00
[PI-INFO] Paramount Iteration,0,11,1.295738,0.133427

 Processor Distribution:  npx,npy,npz=           2           2           2
 Element Distribution: nelx,nely,nelz=           6           4           4
 Local Element Distribution: mx,my,mz=           3           2           2
[PI-INFO] Paramount Iteration,1,11,1.287433,0.133418
[PI-INFO] Paramount Iteration,6,11,1.287350,0.133439
[PI-INFO] Paramount Iteration,2,11,1.287416,0.133404
[PI-INFO] Paramount Iteration,4,11,1.287375,0.133435
[PI-INFO] Paramount Iteration,5,11,1.287581,0.133440
[PI-INFO] Paramount Iteration,7,11,1.287481,0.133435
[PI-INFO] Paramount Iteration,3,11,1.287550,0.133430
gs_setup: 5311 unique labels shared
   pairwise times (avg, min, max): 7.85934e-05 7.75671e-05 7.96991e-05
   crystal router                : 0.000103457 0.000101736 0.000105876
   all reduce                    : 0.000453419 0.000451991 0.00045555
   used all_to_all method: pairwise

cg:   0  1.6796E+02
cg: 101  1.4982E-08  4.0751E-01  6.4372E-01  8.5896E-16
cg:   0  1.8046E+02
cg: 101  1.8551E-08  4.0554E-01  6.4748E-01  1.3268E-15

nelt =      12, np =         8, nx1 =      10, elements =        96
Tot MFlops =   0.0000E+00, MFlops      =   0.0000E+00
Setup Flop =   1.6680E+08, Solver Flop =   1.8180E+07
Solve Time =   0.0000E+00
[PI-INFO] Paramount Iteration,0,12,1.431946,0.136208

 Processor Distribution:  npx,npy,npz=           2           2           2
 Element Distribution: nelx,nely,nelz=          26           2           2
 Local Element Distribution: mx,my,mz=          13           1           1
[PI-INFO] Paramount Iteration,6,12,1.423503,0.136153
[PI-INFO] Paramount Iteration,2,12,1.423575,0.136159
[PI-INFO] Paramount Iteration,1,12,1.423605,0.136172
[PI-INFO] Paramount Iteration,4,12,1.423559,0.136184
[PI-INFO] Paramount Iteration,5,12,1.423796,0.136215
[PI-INFO] Paramount Iteration,3,12,1.423725,0.136175
[PI-INFO] Paramount Iteration,7,12,1.423685,0.136204
gs_setup: 9019 unique labels shared
   pairwise times (avg, min, max): 0.000106066 0.000102901 0.000108742
   crystal router                : 0.000167025 0.000163527 0.000173725
   all reduce                    : 0.000612733 0.000609538 0.000615865
   used all_to_all method: pairwise

cg:   0  1.7291E+02
cg: 101  1.5580E-08  4.1515E-01  6.1574E-01  9.3513E-16
cg:   0  1.9291E+02
cg: 101  1.9580E-08  4.1580E-01  6.1403E-01  1.4708E-15

nelt =      13, np =         8, nx1 =      10, elements =       104
Tot MFlops =   0.0000E+00, MFlops      =   0.0000E+00
Setup Flop =   1.8070E+08, Solver Flop =   1.9695E+07
Solve Time =   0.0000E+00
[PI-INFO] Paramount Iteration,0,13,1.582449,0.150503

 Processor Distribution:  npx,npy,npz=           2           2           2
 Element Distribution: nelx,nely,nelz=          14           4           2
 Local Element Distribution: mx,my,mz=           7           2           1
[PI-INFO] Paramount Iteration,2,13,1.574120,0.150545
[PI-INFO] Paramount Iteration,6,13,1.574068,0.150565
[PI-INFO] Paramount Iteration,1,13,1.574158,0.150553
[PI-INFO] Paramount Iteration,4,13,1.574076,0.150517
[PI-INFO] Paramount Iteration,5,13,1.574316,0.150520
[PI-INFO] Paramount Iteration,3,13,1.574273,0.150548
[PI-INFO] Paramount Iteration,7,13,1.574215,0.150530
gs_setup: 7633 unique labels shared
   pairwise times (avg, min, max): 8.21035e-05 8.02019e-05 8.35346e-05
   crystal router                : 0.000139022 0.000136003 0.000142601
   all reduce                    : 0.000485334 0.000483185 0.000487684
   used all_to_all method: pairwise

cg:   0  1.8025E+02
cg: 101  1.8233E-08  4.0681E-01  6.3960E-01  1.2993E-15
cg:   0  1.9699E+02
cg: 101  2.2916E-08  4.1042E-01  6.3716E-01  2.0152E-15

nelt =      14, np =         8, nx1 =      10, elements =       112
Tot MFlops =   0.0000E+00, MFlops      =   0.0000E+00
Setup Flop =   1.9460E+08, Solver Flop =   2.1210E+07
Solve Time =   0.0000E+00
[PI-INFO] Paramount Iteration,0,14,1.733977,0.151528

 Processor Distribution:  npx,npy,npz=           2           2           2
 Element Distribution: nelx,nely,nelz=          10           6           2
 Local Element Distribution: mx,my,mz=           5           3           1
[PI-INFO] Paramount Iteration,2,14,1.725591,0.151471
[PI-INFO] Paramount Iteration,1,14,1.725618,0.151460
[PI-INFO] Paramount Iteration,4,14,1.725539,0.151463
[PI-INFO] Paramount Iteration,6,14,1.725523,0.151455
[PI-INFO] Paramount Iteration,5,14,1.725819,0.151503
[PI-INFO] Paramount Iteration,3,14,1.725734,0.151461
[PI-INFO] Paramount Iteration,7,14,1.725649,0.151434
gs_setup: 7615 unique labels shared
   pairwise times (avg, min, max): 8.57017e-05 8.30745e-05 8.78263e-05
   crystal router                : 0.000152729 0.000149316 0.000155121
   all reduce                    : 0.000484276 0.000481929 0.000486613
   used all_to_all method: pairwise

cg:   0  1.8687E+02
cg: 101  1.9277E-08  4.0785E-01  6.3767E-01  1.4343E-15
cg:   0  2.0301E+02
cg: 101  2.4091E-08  4.0693E-01  6.4019E-01  2.2420E-15

nelt =      15, np =         8, nx1 =      10, elements =       120
Tot MFlops =   0.0000E+00, MFlops      =   0.0000E+00
Setup Flop =   2.0850E+08, Solver Flop =   2.2725E+07
Solve Time =   0.0000E+00
[PI-INFO] Paramount Iteration,0,15,1.890414,0.156437
[PI-INFO] PI avg,0,0.116896,15
[PI-INFO] Beta,0,0.000006
[PI-INFO] Total time,1.890424
[PI-INFO] Paramount Iteration,2,15,1.882086,0.156495
[PI-INFO] PI avg,2,0.116890,15
[PI-INFO] Beta,2,0.000014
[PI-INFO] Paramount Iteration,1,15,1.882122,0.156504
[PI-INFO] PI avg,1,0.116890,15
[PI-INFO] Beta,1,0.000015
[PI-INFO] Paramount Iteration,4,15,1.882035,0.156496
[PI-INFO] PI avg,4,0.116891,15
[PI-INFO] Beta,4,0.000015
[PI-INFO] Paramount Iteration,6,15,1.882045,0.156522
[PI-INFO] PI avg,6,0.116890,15
[PI-INFO] Beta,6,0.000014
[PI-INFO] Paramount Iteration,5,15,1.882280,0.156461
[PI-INFO] PI avg,5,0.116889,15
[PI-INFO] Beta,5,0.000014
[PI-INFO] Paramount Iteration,3,15,1.882225,0.156491
[PI-INFO] PI avg,3,0.116887,15
[PI-INFO] Beta,3,0.000013
[PI-INFO] Paramount Iteration,7,15,1.882162,0.156513
[PI-INFO] PI avg,7,0.116886,15
[PI-INFO] Beta,7,0.000014
--------------------------------------------------------------------------
mpirun has exited due to process rank 0 with PID 0 on
node ip-172-31-13-164 exiting improperly. There are three reasons this could occur:

1. this process did not call "init" before exiting, but others in
the job did. This can cause a job to hang indefinitely while it waits
for all processes to call "init". By rule, if one process calls "init",
then ALL processes must call "init" prior to termination.

2. this process called "init", but exited without calling "finalize".
By rule, all processes that call "init" MUST call "finalize" prior to
exiting or it will be considered an "abnormal termination"

3. this process called "MPI_Abort" or "orte_abort" and the mca parameter
orte_create_session_dirs is set to false. In this case, the run-time cannot
detect that the abort call was an abnormal termination. Hence, the only
error message you will receive is this one.

This may have caused other processes in the application to be
terminated by signals sent by mpirun (as reported here).

You can avoid this message by specifying -quiet on the mpirun command line.
--------------------------------------------------------------------------
[ip-172-31-13-164:20103] 7 more processes have sent help message help-mpi-btl-base.txt / btl:no-nics
[ip-172-31-13-164:20103] Set MCA parameter "orte_base_help_aggregate" to 0 to see all help / error messages
Command exited with non-zero status 1
	Command being timed: "mpirun --hostfile /home/ubuntu/PI-Bench/ECP-Proxy-Apps/hostfile -n 8 ./nekbone"
	User time (seconds): 1.25
	System time (seconds): 0.57
	Percent of CPU this job got: 40%
	Elapsed (wall clock) time (h:mm:ss or m:ss): 0:04.52
	Average shared text size (kbytes): 0
	Average unshared data size (kbytes): 0
	Average stack size (kbytes): 0
	Average total size (kbytes): 0
	Maximum resident set size (kbytes): 19112
	Average resident set size (kbytes): 0
	Major (requiring I/O) page faults: 4
	Minor (reclaiming a frame) page faults: 7984
	Voluntary context switches: 1044
	Involuntary context switches: 26
	Swaps: 0
	File system inputs: 0
	File system outputs: 16456
	Socket messages sent: 0
	Socket messages received: 0
	Signals delivered: 0
	Page size (bytes): 4096
	Exit status: 1
