--------------------------------------------------------------------------
[[61127,1],0]: A high-performance Open MPI point-to-point messaging module
was unable to find any relevant network interfaces:

Module: OpenFabrics (openib)
  Host: ip-172-31-9-245

Another transport will be used instead, although this may result in
lower performance.

NOTE: You can disable this warning by setting the MCA parameter
btl_base_warn_component_unused to 0.
--------------------------------------------------------------------------
Average time to generate 50 random numbers using LCG (in s): 4.94125e-06

-------------------------------------------------------
Graph edge distribution characteristics
-------------------------------------------------------
Number of vertices: 100
Number of edges: 546
Maximum number of edges: 144
Average number of edges: 136.5
Expected value of X^2: 18688.5
Variance: 56.25
Standard deviation: 7.5
-------------------------------------------------------
Time to generate distributed graph of 100 vertices (in s): 0.00208078
[PI-INFO] Init time,0,0.127960
[PI-INFO] Init time,2,0.119184
[PI-INFO] Init time,3,0.119152
[PI-INFO] Init time,1,0.119335
[PI-INFO] Paramount Iteration,0,1,0.128491,0.000531
[PI-INFO] Paramount Iteration,2,1,0.119718,0.000534
[PI-INFO] Paramount Iteration,3,1,0.119686,0.000534
[PI-INFO] Paramount Iteration,1,1,0.119867,0.000532
[PI-INFO] Paramount Iteration,0,2,0.128910,0.000419
[PI-INFO] Paramount Iteration,2,2,0.120133,0.000415
[PI-INFO] Paramount Iteration,3,2,0.120094,0.000408
[PI-INFO] Paramount Iteration,1,2,0.120283,0.000416
[PI-INFO] Paramount Iteration,0,3,0.129328,0.000418
[PI-INFO] Paramount Iteration,2,3,0.120550,0.000417
[PI-INFO] Paramount Iteration,1,3,0.120698,0.000415
[PI-INFO] Paramount Iteration,3,3,0.120519,0.000425
[PI-INFO] Paramount Iteration,0,4,0.129731,0.000403
[PI-INFO] Paramount Iteration,2,4,0.120948,0.000398
[PI-INFO] Paramount Iteration,3,4,0.120913,0.000394
[PI-INFO] Paramount Iteration,1,4,0.121100,0.000402
[PI-INFO] Paramount Iteration,0,5,0.130126,0.000395
[PI-INFO] Paramount Iteration,1,5,0.121497,0.000397
[PI-INFO] Paramount Iteration,2,5,0.121356,0.000408
[PI-INFO] Paramount Iteration,3,5,0.121318,0.000405
[PI-INFO] Paramount Iteration,0,6,0.130533,0.000407
[PI-INFO] Paramount Iteration,2,6,0.121758,0.000402
[PI-INFO] Paramount Iteration,3,6,0.121719,0.000401
[PI-INFO] Paramount Iteration,1,6,0.121897,0.000400
[PI-INFO] Paramount Iteration,0,7,0.130938,0.000405
[PI-INFO] Paramount Iteration,3,7,0.122113,0.000394
[PI-INFO] Paramount Iteration,1,7,0.122301,0.000404
[PI-INFO] Paramount Iteration,2,7,0.122147,0.000389
[PI-INFO] Paramount Iteration,0,8,0.131330,0.000392
[PI-INFO] Paramount Iteration,2,8,0.122552,0.000405
[PI-INFO] Paramount Iteration,1,8,0.122699,0.000398
[PI-INFO] Paramount Iteration,3,8,0.122519,0.000406
[PI-INFO] Paramount Iteration,0,9,0.131738,0.000408
[PI-INFO] Paramount Iteration,2,9,0.122966,0.000414
[PI-INFO] Paramount Iteration,1,9,0.123108,0.000409
[PI-INFO] Paramount Iteration,3,9,0.122941,0.000422
[PI-INFO] Paramount Iteration,0,10,0.132147,0.000409
[PI-INFO] Paramount Iteration,2,10,0.123372,0.000406
[PI-INFO] Paramount Iteration,3,10,0.123335,0.000394
[PI-INFO] Paramount Iteration,1,10,0.123518,0.000410
-------------------------------------------------------
64-bit datatype
-------------------------------------------------------
Average total time (in s), #Processes: 0.00724293, 4
Modularity, #Iterations: 0.565931, 11
MODS (final modularity * average time): 0.004099
-------------------------------------------------------
[PI-INFO] PI avg,0,0.000381,11
[PI-INFO] Beta,0,0.186027
[PI-INFO] Total time,0.132926
[PI-INFO] PI avg,2,0.000381,11
[PI-INFO] PI avg,1,0.000380,11
[PI-INFO] Beta,1,0.187860
[PI-INFO] Beta,2,0.189058
[PI-INFO] PI avg,3,0.000380,11
[PI-INFO] Beta,3,0.194813
[ip-172-31-9-245:16649] 3 more processes have sent help message help-mpi-btl-base.txt / btl:no-nics
[ip-172-31-9-245:16649] Set MCA parameter "orte_base_help_aggregate" to 0 to see all help / error messages
	Command being timed: "mpirun --hostfile /home/ubuntu/PI-Bench/ECP-Proxy-Apps/hostfile -n 4 ./miniVite -n 100"
	User time (seconds): 0.05
	System time (seconds): 0.04
	Percent of CPU this job got: 12%
	Elapsed (wall clock) time (h:mm:ss or m:ss): 0:00.82
	Average shared text size (kbytes): 0
	Average unshared data size (kbytes): 0
	Average stack size (kbytes): 0
	Average total size (kbytes): 0
	Maximum resident set size (kbytes): 19088
	Average resident set size (kbytes): 0
	Major (requiring I/O) page faults: 4
	Minor (reclaiming a frame) page faults: 4893
	Voluntary context switches: 913
	Involuntary context switches: 50
	Swaps: 0
	File system inputs: 0
	File system outputs: 16416
	Socket messages sent: 0
	Socket messages received: 0
	Signals delivered: 0
	Page size (bytes): 4096
	Exit status: 0
