--------------------------------------------------------------------------
[[60605,1],0]: A high-performance Open MPI point-to-point messaging module
was unable to find any relevant network interfaces:

Module: OpenFabrics (openib)
  Host: ip-172-31-9-245

Another transport will be used instead, although this may result in
lower performance.

NOTE: You can disable this warning by setting the MCA parameter
btl_base_warn_component_unused to 0.
--------------------------------------------------------------------------
Initializing redistribution using a pencil layout on 4 ranks.
distribution 1D: [4:1:1]
distribution 3D: [2:2:1]
distribution 2z: [2:2:1]
distribution 2x: [1:2:2]
distribution 2y: [2:1:2]
DFFT  init  max 1.795e-01s  avg 1.568e-01s  min 1.088e-01s  dev 2.858e-02s

Hex representations of double precision floats
0.000000e+00 = 0
1.000000e+00 = 3ff0000000000000
2097152.000000 = 4140000000000000

[PI-INFO] Init time,0,0.327950

TESTING 0

[PI-INFO] Init time,1,0.320846
[PI-INFO] Init time,2,0.318872
[PI-INFO] Init time,3,0.319506
DFFT  fd32  max 2.479e-02s  avg 2.041e-02s  min 1.594e-02s  dev 3.408e-03s
DFFT  f1dx  max 2.842e-03s  avg 2.555e-03s  min 2.017e-03s  dev 3.305e-04s
DFFT  fd23  max 1.955e-02s  avg 1.592e-02s  min 1.120e-02s  dev 3.146e-03s
DFFT  fd32  max 1.295e-02s  avg 1.076e-02s  min 9.376e-03s  dev 1.392e-03s
DFFT  f1dy  max 2.767e-03s  avg 2.491e-03s  min 1.843e-03s  dev 3.806e-04s
DFFT  fd23  max 1.444e-02s  avg 1.185e-02s  min 1.030e-02s  dev 1.591e-03s
DFFT  fd32  max 8.442e-03s  avg 7.907e-03s  min 6.789e-03s  dev 6.571e-04s
DFFT  f1dz  max 2.860e-03s  avg 2.528e-03s  min 1.895e-03s  dev 3.743e-04s
DFFT fdist  max 7.584e-02s  avg 6.685e-02s  min 5.670e-02s  dev 7.992e-03s
DFFT fdfft  max 8.437e-03s  avg 7.574e-03s  min 5.756e-03s  dev 1.080e-03s
FORWARD     max 9.245e-02s  avg 9.239e-02s  min 9.234e-02s  dev 3.713e-05s

k-space:
real in [1.000000e+00,1.000000e+00] = [3ff0000000000000,3ff0000000000000]
imag in [0.000000e+00,0.000000e+00] = [0,0]

DFFT  b1dz  max 3.641e-03s  avg 2.625e-03s  min 1.618e-03s  dev 7.180e-04s
DFFT  bd23  max 5.131e-03s  avg 4.402e-03s  min 3.029e-03s  dev 8.347e-04s
DFFT  bd32  max 1.366e-02s  avg 1.098e-02s  min 9.146e-03s  dev 1.656e-03s
DFFT  b1dy  max 3.640e-03s  avg 2.660e-03s  min 1.787e-03s  dev 6.617e-04s
DFFT  bd23  max 1.446e-02s  avg 1.172e-02s  min 9.912e-03s  dev 1.688e-03s
DFFT  bd32  max 1.875e-02s  avg 1.463e-02s  min 1.040e-02s  dev 3.319e-03s
DFFT  b1dx  max 3.651e-03s  avg 2.688e-03s  min 1.759e-03s  dev 6.735e-04s
DFFT  bd23  max 1.975e-02s  avg 1.580e-02s  min 1.120e-02s  dev 3.362e-03s
DFFT bdist  max 6.824e-02s  avg 5.754e-02s  min 4.694e-02s  dev 9.150e-03s
DFFT bdfft  max 1.093e-02s  avg 7.973e-03s  min 5.164e-03s  dev 2.052e-03s
BACKWARD    max 8.643e-02s  avg 8.642e-02s  min 8.640e-02s  dev 1.131e-05s

r-space:
a[0,0,0] = (2097152.000000,0.000000) = (4140000000000000,0)
real in [0.000000e+00,0.000000e+00] = [0,0]
imag in [0.000000e+00,0.000000e+00] = [0,0]

[PI-INFO] Paramount Iteration,0,1,0.512127,0.184177

TESTING 1

[PI-INFO] Paramount Iteration,1,1,0.504987,0.184141
[PI-INFO] Paramount Iteration,2,1,0.503012,0.184140
[PI-INFO] Paramount Iteration,3,1,0.503644,0.184138
DFFT  fd32  max 1.961e-02s  avg 1.450e-02s  min 9.407e-03s  dev 3.660e-03s
DFFT  f1dx  max 2.789e-03s  avg 2.482e-03s  min 1.795e-03s  dev 4.052e-04s
DFFT  fd23  max 1.974e-02s  avg 1.563e-02s  min 1.038e-02s  dev 3.503e-03s
DFFT  fd32  max 1.315e-02s  avg 1.084e-02s  min 9.301e-03s  dev 1.449e-03s
DFFT  f1dy  max 2.812e-03s  avg 2.524e-03s  min 1.907e-03s  dev 3.647e-04s
DFFT  fd23  max 1.469e-02s  avg 1.181e-02s  min 9.934e-03s  dev 1.757e-03s
DFFT  fd32  max 5.003e-03s  avg 4.412e-03s  min 3.308e-03s  dev 6.610e-04s
DFFT  f1dz  max 2.832e-03s  avg 2.473e-03s  min 1.766e-03s  dev 4.177e-04s
DFFT fdist  max 6.566e-02s  avg 5.719e-02s  min 4.545e-02s  dev 8.718e-03s
DFFT fdfft  max 8.414e-03s  avg 7.479e-03s  min 5.468e-03s  dev 1.186e-03s
FORWARD     max 8.477e-02s  avg 8.453e-02s  min 8.438e-02s  dev 1.503e-04s

k-space:
real in [1.000000e+00,1.000000e+00] = [3ff0000000000000,3ff0000000000000]
imag in [0.000000e+00,0.000000e+00] = [0,0]

DFFT  b1dz  max 3.730e-03s  avg 2.680e-03s  min 1.610e-03s  dev 7.515e-04s
DFFT  bd23  max 4.956e-03s  avg 4.410e-03s  min 3.227e-03s  dev 7.046e-04s
DFFT  bd32  max 1.349e-02s  avg 1.102e-02s  min 9.362e-03s  dev 1.528e-03s
DFFT  b1dy  max 3.666e-03s  avg 2.664e-03s  min 1.705e-03s  dev 6.965e-04s
DFFT  bd23  max 1.469e-02s  avg 1.187e-02s  min 1.014e-02s  dev 1.707e-03s
DFFT  bd32  max 2.108e-02s  avg 1.528e-02s  min 9.381e-03s  dev 4.144e-03s
DFFT  b1dx  max 3.691e-03s  avg 2.741e-03s  min 1.974e-03s  dev 6.183e-04s
DFFT  bd23  max 1.986e-02s  avg 1.606e-02s  min 1.123e-02s  dev 3.429e-03s
DFFT bdist  max 6.743e-02s  avg 5.863e-02s  min 4.627e-02s  dev 9.105e-03s
DFFT bdfft  max 1.109e-02s  avg 8.084e-03s  min 5.289e-03s  dev 2.061e-03s
BACKWARD    max 8.896e-02s  avg 8.894e-02s  min 8.892e-02s  dev 1.661e-05s

r-space:
a[0,0,0] = (2097152.000000,0.000000) = (4140000000000000,0)
real in [0.000000e+00,0.000000e+00] = [0,0]
imag in [0.000000e+00,0.000000e+00] = [0,0]

[PI-INFO] Paramount Iteration,0,2,0.690834,0.178707

TESTING 2

[PI-INFO] Paramount Iteration,1,2,0.683684,0.178697
[PI-INFO] Paramount Iteration,3,2,0.682335,0.178691
[PI-INFO] Paramount Iteration,2,2,0.681717,0.178705
DFFT  fd32  max 1.903e-02s  avg 1.422e-02s  min 9.491e-03s  dev 3.491e-03s
DFFT  f1dx  max 2.841e-03s  avg 2.515e-03s  min 1.831e-03s  dev 4.097e-04s
DFFT  fd23  max 1.837e-02s  avg 1.531e-02s  min 1.060e-02s  dev 3.060e-03s
DFFT  fd32  max 1.271e-02s  avg 1.050e-02s  min 9.111e-03s  dev 1.368e-03s
DFFT  f1dy  max 2.756e-03s  avg 2.464e-03s  min 1.754e-03s  dev 4.140e-04s
DFFT  fd23  max 1.447e-02s  avg 1.172e-02s  min 9.921e-03s  dev 1.690e-03s
DFFT  fd32  max 4.879e-03s  avg 4.380e-03s  min 3.469e-03s  dev 5.551e-04s
DFFT  f1dz  max 2.815e-03s  avg 2.546e-03s  min 2.140e-03s  dev 2.581e-04s
DFFT fdist  max 6.503e-02s  avg 5.613e-02s  min 4.565e-02s  dev 8.087e-03s
DFFT fdfft  max 8.374e-03s  avg 7.525e-03s  min 5.724e-03s  dev 1.073e-03s
FORWARD     max 8.197e-02s  avg 8.173e-02s  min 8.157e-02s  dev 1.520e-04s

k-space:
real in [1.000000e+00,1.000000e+00] = [3ff0000000000000,3ff0000000000000]
imag in [0.000000e+00,0.000000e+00] = [0,0]

DFFT  b1dz  max 3.600e-03s  avg 2.682e-03s  min 1.940e-03s  dev 5.975e-04s
DFFT  bd23  max 4.914e-03s  avg 4.544e-03s  min 3.769e-03s  dev 4.635e-04s
DFFT  bd32  max 1.318e-02s  avg 1.074e-02s  min 8.876e-03s  dev 1.575e-03s
DFFT  b1dy  max 3.613e-03s  avg 2.766e-03s  min 2.102e-03s  dev 5.422e-04s
DFFT  bd23  max 1.432e-02s  avg 1.190e-02s  min 1.022e-02s  dev 1.582e-03s
DFFT  bd32  max 2.097e-02s  avg 1.603e-02s  min 1.110e-02s  dev 3.588e-03s
DFFT  b1dx  max 3.704e-03s  avg 2.742e-03s  min 1.908e-03s  dev 6.422e-04s
DFFT  bd23  max 1.999e-02s  avg 1.578e-02s  min 1.046e-02s  dev 3.651e-03s
DFFT bdist  max 6.777e-02s  avg 5.899e-02s  min 4.847e-02s  dev 8.402e-03s
DFFT bdfft  max 1.092e-02s  avg 8.191e-03s  min 5.950e-03s  dev 1.780e-03s
BACKWARD    max 8.817e-02s  avg 8.815e-02s  min 8.811e-02s  dev 2.536e-05s

r-space:
a[0,0,0] = (2097152.000000,0.000000) = (4140000000000000,0)
real in [0.000000e+00,0.000000e+00] = [0,0]
imag in [0.000000e+00,0.000000e+00] = [0,0]

[PI-INFO] Paramount Iteration,0,3,0.865941,0.175107

TESTING 3

[PI-INFO] Paramount Iteration,1,3,0.858800,0.175116
[PI-INFO] Paramount Iteration,3,3,0.857448,0.175113
[PI-INFO] Paramount Iteration,2,3,0.856836,0.175119
DFFT  fd32  max 1.913e-02s  avg 1.495e-02s  min 1.078e-02s  dev 3.222e-03s
DFFT  f1dx  max 2.815e-03s  avg 2.585e-03s  min 2.206e-03s  dev 2.415e-04s
DFFT  fd23  max 1.976e-02s  avg 1.605e-02s  min 1.162e-02s  dev 3.112e-03s
DFFT  fd32  max 1.301e-02s  avg 1.071e-02s  min 9.215e-03s  dev 1.443e-03s
DFFT  f1dy  max 2.764e-03s  avg 2.486e-03s  min 1.866e-03s  dev 3.671e-04s
DFFT  fd23  max 1.477e-02s  avg 1.183e-02s  min 9.765e-03s  dev 1.826e-03s
DFFT  fd32  max 4.962e-03s  avg 4.354e-03s  min 3.473e-03s  dev 5.907e-04s
DFFT  f1dz  max 2.830e-03s  avg 2.497e-03s  min 2.005e-03s  dev 3.138e-04s
DFFT fdist  max 6.736e-02s  avg 5.791e-02s  min 4.832e-02s  dev 8.307e-03s
DFFT fdfft  max 8.366e-03s  avg 7.567e-03s  min 6.077e-03s  dev 9.149e-04s
FORWARD     max 8.394e-02s  avg 8.384e-02s  min 8.377e-02s  dev 6.085e-05s

k-space:
real in [1.000000e+00,1.000000e+00] = [3ff0000000000000,3ff0000000000000]
imag in [0.000000e+00,0.000000e+00] = [0,0]

DFFT  b1dz  max 3.723e-03s  avg 2.669e-03s  min 1.737e-03s  dev 7.152e-04s
DFFT  bd23  max 4.989e-03s  avg 4.348e-03s  min 3.182e-03s  dev 7.398e-04s
DFFT  bd32  max 1.356e-02s  avg 1.091e-02s  min 8.968e-03s  dev 1.672e-03s
DFFT  b1dy  max 3.584e-03s  avg 2.727e-03s  min 2.066e-03s  dev 5.532e-04s
DFFT  bd23  max 1.469e-02s  avg 1.198e-02s  min 1.021e-02s  dev 1.676e-03s
DFFT  bd32  max 2.078e-02s  avg 1.553e-02s  min 1.018e-02s  dev 3.788e-03s
DFFT  b1dx  max 3.626e-03s  avg 2.733e-03s  min 1.918e-03s  dev 6.078e-04s
DFFT  bd23  max 1.956e-02s  avg 1.575e-02s  min 1.073e-02s  dev 3.476e-03s
DFFT bdist  max 6.792e-02s  avg 5.851e-02s  min 4.678e-02s  dev 9.073e-03s
DFFT bdfft  max 1.093e-02s  avg 8.128e-03s  min 5.720e-03s  dev 1.873e-03s
BACKWARD    max 8.839e-02s  avg 8.837e-02s  min 8.834e-02s  dev 1.731e-05s

r-space:
a[0,0,0] = (2097152.000000,0.000000) = (4140000000000000,0)
real in [0.000000e+00,0.000000e+00] = [0,0]
imag in [0.000000e+00,0.000000e+00] = [0,0]

[PI-INFO] Paramount Iteration,0,4,1.043488,0.177547

TESTING 4

[PI-INFO] Paramount Iteration,1,4,1.036338,0.177538
[PI-INFO] Paramount Iteration,2,4,1.034353,0.177517
[PI-INFO] Paramount Iteration,3,4,1.034950,0.177502
DFFT  fd32  max 2.003e-02s  avg 1.500e-02s  min 9.845e-03s  dev 3.640e-03s
DFFT  f1dx  max 2.837e-03s  avg 2.557e-03s  min 2.045e-03s  dev 3.131e-04s
DFFT  fd23  max 1.987e-02s  avg 1.585e-02s  min 1.067e-02s  dev 3.451e-03s
DFFT  fd32  max 1.328e-02s  avg 1.076e-02s  min 9.030e-03s  dev 1.562e-03s
DFFT  f1dy  max 2.791e-03s  avg 2.542e-03s  min 1.995e-03s  dev 3.234e-04s
DFFT  fd23  max 1.466e-02s  avg 1.188e-02s  min 9.839e-03s  dev 1.770e-03s
DFFT  fd32  max 5.149e-03s  avg 4.453e-03s  min 3.418e-03s  dev 6.769e-04s
DFFT  f1dz  max 2.824e-03s  avg 2.491e-03s  min 1.959e-03s  dev 3.330e-04s
DFFT fdist  max 6.653e-02s  avg 5.795e-02s  min 4.647e-02s  dev 8.726e-03s
DFFT fdfft  max 8.400e-03s  avg 7.590e-03s  min 5.999e-03s  dev 9.646e-04s
FORWARD     max 8.557e-02s  avg 8.533e-02s  min 8.520e-02s  dev 1.489e-04s

k-space:
real in [1.000000e+00,1.000000e+00] = [3ff0000000000000,3ff0000000000000]
imag in [0.000000e+00,0.000000e+00] = [0,0]

DFFT  b1dz  max 3.729e-03s  avg 2.655e-03s  min 1.622e-03s  dev 7.521e-04s
DFFT  bd23  max 5.024e-03s  avg 4.286e-03s  min 2.972e-03s  dev 8.268e-04s
DFFT  bd32  max 1.329e-02s  avg 1.053e-02s  min 8.502e-03s  dev 1.730e-03s
DFFT  b1dy  max 3.631e-03s  avg 2.708e-03s  min 1.904e-03s  dev 6.218e-04s
DFFT  bd23  max 1.497e-02s  avg 1.197e-02s  min 9.604e-03s  dev 1.929e-03s
DFFT  bd32  max 1.904e-02s  avg 1.509e-02s  min 1.118e-02s  dev 3.210e-03s
DFFT  b1dx  max 3.719e-03s  avg 2.769e-03s  min 2.153e-03s  dev 5.820e-04s
DFFT  bd23  max 2.007e-02s  avg 1.642e-02s  min 1.193e-02s  dev 3.362e-03s
DFFT bdist  max 6.980e-02s  avg 5.829e-02s  min 4.815e-02s  dev 9.575e-03s
DFFT bdfft  max 1.108e-02s  avg 8.132e-03s  min 5.679e-03s  dev 1.944e-03s
BACKWARD    max 8.725e-02s  avg 8.723e-02s  min 8.721e-02s  dev 1.219e-05s

r-space:
a[0,0,0] = (2097152.000000,0.000000) = (4140000000000000,0)
real in [0.000000e+00,0.000000e+00] = [0,0]
imag in [0.000000e+00,0.000000e+00] = [0,0]

[PI-INFO] Paramount Iteration,0,5,1.221312,0.177824

TESTING 5

[PI-INFO] Paramount Iteration,1,5,1.214185,0.177847
[PI-INFO] Paramount Iteration,2,5,1.212205,0.177852
[PI-INFO] Paramount Iteration,3,5,1.212828,0.177878
DFFT  fd32  max 1.909e-02s  avg 1.445e-02s  min 9.812e-03s  dev 3.442e-03s
DFFT  f1dx  max 2.888e-03s  avg 2.527e-03s  min 1.888e-03s  dev 3.915e-04s
DFFT  fd23  max 1.828e-02s  avg 1.544e-02s  min 1.073e-02s  dev 2.949e-03s
DFFT  fd32  max 1.304e-02s  avg 1.075e-02s  min 9.214e-03s  dev 1.431e-03s
DFFT  f1dy  max 2.788e-03s  avg 2.476e-03s  min 1.808e-03s  dev 3.915e-04s
DFFT  fd23  max 1.440e-02s  avg 1.166e-02s  min 9.914e-03s  dev 1.678e-03s
DFFT  fd32  max 4.983e-03s  avg 4.353e-03s  min 3.301e-03s  dev 6.552e-04s
DFFT  f1dz  max 2.796e-03s  avg 2.450e-03s  min 1.830e-03s  dev 3.786e-04s
DFFT fdist  max 6.574e-02s  avg 5.666e-02s  min 4.610e-02s  dev 8.092e-03s
DFFT fdfft  max 8.472e-03s  avg 7.453e-03s  min 5.526e-03s  dev 1.158e-03s
FORWARD     max 8.238e-02s  avg 8.214e-02s  min 8.200e-02s  dev 1.441e-04s

k-space:
real in [1.000000e+00,1.000000e+00] = [3ff0000000000000,3ff0000000000000]
imag in [0.000000e+00,0.000000e+00] = [0,0]

DFFT  b1dz  max 3.714e-03s  avg 2.627e-03s  min 1.562e-03s  dev 7.681e-04s
DFFT  bd23  max 4.985e-03s  avg 4.324e-03s  min 3.014e-03s  dev 7.944e-04s
DFFT  bd32  max 1.337e-02s  avg 1.069e-02s  min 8.726e-03s  dev 1.683e-03s
DFFT  b1dy  max 3.652e-03s  avg 2.670e-03s  min 1.848e-03s  dev 6.460e-04s
DFFT  bd23  max 1.456e-02s  avg 1.159e-02s  min 9.494e-03s  dev 1.847e-03s
DFFT  bd32  max 1.973e-02s  avg 1.485e-02s  min 9.999e-03s  dev 3.576e-03s
DFFT  b1dx  max 3.735e-03s  avg 2.727e-03s  min 1.899e-03s  dev 6.561e-04s
DFFT  bd23  max 1.996e-02s  avg 1.607e-02s  min 1.112e-02s  dev 3.453e-03s
DFFT bdist  max 6.762e-02s  avg 5.752e-02s  min 4.589e-02s  dev 9.397e-03s
DFFT bdfft  max 1.110e-02s  avg 8.024e-03s  min 5.309e-03s  dev 2.066e-03s
BACKWARD    max 8.746e-02s  avg 8.744e-02s  min 8.739e-02s  dev 2.920e-05s

r-space:
a[0,0,0] = (2097152.000000,0.000000) = (4140000000000000,0)
real in [0.000000e+00,0.000000e+00] = [0,0]
imag in [0.000000e+00,0.000000e+00] = [0,0]

[PI-INFO] Paramount Iteration,0,6,1.396117,0.174805

TESTING 6

[PI-INFO] Paramount Iteration,1,6,1.389010,0.174825
[PI-INFO] Paramount Iteration,2,6,1.387009,0.174804
[PI-INFO] Paramount Iteration,3,6,1.387652,0.174824
DFFT  fd32  max 2.010e-02s  avg 1.481e-02s  min 9.552e-03s  dev 3.766e-03s
DFFT  f1dx  max 2.793e-03s  avg 2.507e-03s  min 1.841e-03s  dev 3.922e-04s
DFFT  fd23  max 1.903e-02s  avg 1.546e-02s  min 1.058e-02s  dev 3.224e-03s
DFFT  fd32  max 1.356e-02s  avg 1.085e-02s  min 9.008e-03s  dev 1.670e-03s
DFFT  f1dy  max 2.769e-03s  avg 2.461e-03s  min 1.750e-03s  dev 4.166e-04s
DFFT  fd23  max 1.499e-02s  avg 1.216e-02s  min 1.022e-02s  dev 1.757e-03s
DFFT  fd32  max 5.006e-03s  avg 4.415e-03s  min 3.388e-03s  dev 6.268e-04s
DFFT  f1dz  max 2.821e-03s  avg 2.495e-03s  min 1.923e-03s  dev 3.457e-04s
DFFT fdist  max 6.646e-02s  avg 5.769e-02s  min 4.606e-02s  dev 8.762e-03s
DFFT fdfft  max 8.358e-03s  avg 7.462e-03s  min 5.513e-03s  dev 1.151e-03s
FORWARD     max 8.521e-02s  avg 8.497e-02s  min 8.485e-02s  dev 1.429e-04s

k-space:
real in [1.000000e+00,1.000000e+00] = [3ff0000000000000,3ff0000000000000]
imag in [0.000000e+00,0.000000e+00] = [0,0]

DFFT  b1dz  max 3.718e-03s  avg 2.656e-03s  min 1.631e-03s  dev 7.401e-04s
DFFT  bd23  max 5.092e-03s  avg 4.410e-03s  min 3.071e-03s  dev 8.130e-04s
DFFT  bd32  max 1.298e-02s  avg 1.049e-02s  min 8.797e-03s  dev 1.543e-03s
DFFT  b1dy  max 3.659e-03s  avg 2.651e-03s  min 1.732e-03s  dev 6.868e-04s
DFFT  bd23  max 1.463e-02s  avg 1.167e-02s  min 9.650e-03s  dev 1.820e-03s
DFFT  bd32  max 1.918e-02s  avg 1.461e-02s  min 1.003e-02s  dev 3.455e-03s
DFFT  b1dx  max 3.691e-03s  avg 2.719e-03s  min 1.885e-03s  dev 6.438e-04s
DFFT  bd23  max 1.860e-02s  avg 1.541e-02s  min 1.068e-02s  dev 3.256e-03s
DFFT bdist  max 6.763e-02s  avg 5.660e-02s  min 4.540e-02s  dev 9.207e-03s
DFFT bdfft  max 1.107e-02s  avg 8.026e-03s  min 5.248e-03s  dev 2.069e-03s
BACKWARD    max 8.529e-02s  avg 8.527e-02s  min 8.525e-02s  dev 1.589e-05s

r-space:
a[0,0,0] = (2097152.000000,0.000000) = (4140000000000000,0)
real in [0.000000e+00,0.000000e+00] = [0,0]
imag in [0.000000e+00,0.000000e+00] = [0,0]

[PI-INFO] Paramount Iteration,0,7,1.571671,0.175554

TESTING 7

[PI-INFO] Paramount Iteration,1,7,1.564522,0.175512
[PI-INFO] Paramount Iteration,3,7,1.563129,0.175477
[PI-INFO] Paramount Iteration,2,7,1.562527,0.175518
DFFT  fd32  max 1.967e-02s  avg 1.445e-02s  min 9.222e-03s  dev 3.735e-03s
DFFT  f1dx  max 2.827e-03s  avg 2.484e-03s  min 1.782e-03s  dev 4.175e-04s
DFFT  fd23  max 1.912e-02s  avg 1.513e-02s  min 1.057e-02s  dev 3.085e-03s
DFFT  fd32  max 1.368e-02s  avg 1.092e-02s  min 8.970e-03s  dev 1.715e-03s
DFFT  f1dy  max 2.831e-03s  avg 2.531e-03s  min 1.889e-03s  dev 3.764e-04s
DFFT  fd23  max 1.455e-02s  avg 1.186e-02s  min 1.003e-02s  dev 1.662e-03s
DFFT  fd32  max 4.881e-03s  avg 4.356e-03s  min 3.316e-03s  dev 6.140e-04s
DFFT  f1dz  max 2.705e-03s  avg 2.446e-03s  min 1.817e-03s  dev 3.653e-04s
DFFT fdist  max 6.543e-02s  avg 5.673e-02s  min 4.524e-02s  dev 8.517e-03s
DFFT fdfft  max 8.306e-03s  avg 7.461e-03s  min 5.488e-03s  dev 1.156e-03s
FORWARD     max 8.433e-02s  avg 8.408e-02s  min 8.396e-02s  dev 1.483e-04s

k-space:
real in [1.000000e+00,1.000000e+00] = [3ff0000000000000,3ff0000000000000]
imag in [0.000000e+00,0.000000e+00] = [0,0]

DFFT  b1dz  max 3.621e-03s  avg 2.594e-03s  min 1.566e-03s  dev 7.311e-04s
DFFT  bd23  max 4.926e-03s  avg 4.349e-03s  min 3.025e-03s  dev 7.822e-04s
DFFT  bd32  max 1.317e-02s  avg 1.066e-02s  min 8.902e-03s  dev 1.574e-03s
DFFT  b1dy  max 3.666e-03s  avg 2.714e-03s  min 1.863e-03s  dev 6.401e-04s
DFFT  bd23  max 1.449e-02s  avg 1.169e-02s  min 9.874e-03s  dev 1.716e-03s
DFFT  bd32  max 2.112e-02s  avg 1.558e-02s  min 9.877e-03s  dev 3.998e-03s
DFFT  b1dx  max 3.725e-03s  avg 2.700e-03s  min 1.800e-03s  dev 6.863e-04s
DFFT  bd23  max 1.990e-02s  avg 1.573e-02s  min 1.068e-02s  dev 3.478e-03s
DFFT bdist  max 6.679e-02s  avg 5.801e-02s  min 4.572e-02s  dev 9.049e-03s
DFFT bdfft  max 1.101e-02s  avg 8.008e-03s  min 5.228e-03s  dev 2.055e-03s
BACKWARD    max 8.821e-02s  avg 8.818e-02s  min 8.814e-02s  dev 2.467e-05s

r-space:
a[0,0,0] = (2097152.000000,0.000000) = (4140000000000000,0)
real in [0.000000e+00,0.000000e+00] = [0,0]
imag in [0.000000e+00,0.000000e+00] = [0,0]

[PI-INFO] Paramount Iteration,0,8,1.749091,0.177420

TESTING 8

[PI-INFO] Paramount Iteration,1,8,1.741970,0.177448
[PI-INFO] Paramount Iteration,2,8,1.739966,0.177439
[PI-INFO] Paramount Iteration,3,8,1.740604,0.177475
DFFT  fd32  max 1.972e-02s  avg 1.466e-02s  min 9.807e-03s  dev 3.594e-03s
DFFT  f1dx  max 2.805e-03s  avg 2.512e-03s  min 1.917e-03s  dev 3.614e-04s
DFFT  fd23  max 1.833e-02s  avg 1.550e-02s  min 1.135e-02s  dev 2.757e-03s
DFFT  fd32  max 1.344e-02s  avg 1.073e-02s  min 8.828e-03s  dev 1.684e-03s
DFFT  f1dy  max 2.815e-03s  avg 2.479e-03s  min 1.828e-03s  dev 3.902e-04s
DFFT  fd23  max 1.495e-02s  avg 1.181e-02s  min 9.514e-03s  dev 1.967e-03s
DFFT  fd32  max 4.874e-03s  avg 4.280e-03s  min 3.364e-03s  dev 6.151e-04s
DFFT  f1dz  max 2.817e-03s  avg 2.481e-03s  min 1.882e-03s  dev 3.642e-04s
DFFT fdist  max 6.650e-02s  avg 5.698e-02s  min 4.634e-02s  dev 8.697e-03s
DFFT fdfft  max 8.431e-03s  avg 7.471e-03s  min 5.627e-03s  dev 1.115e-03s
FORWARD     max 8.387e-02s  avg 8.368e-02s  min 8.358e-02s  dev 1.146e-04s

k-space:
real in [1.000000e+00,1.000000e+00] = [3ff0000000000000,3ff0000000000000]
imag in [0.000000e+00,0.000000e+00] = [0,0]

DFFT  b1dz  max 3.688e-03s  avg 2.639e-03s  min 1.593e-03s  dev 7.483e-04s
DFFT  bd23  max 5.006e-03s  avg 4.341e-03s  min 3.034e-03s  dev 7.864e-04s
DFFT  bd32  max 1.343e-02s  avg 1.070e-02s  min 8.715e-03s  dev 1.708e-03s
DFFT  b1dy  max 3.679e-03s  avg 2.669e-03s  min 1.765e-03s  dev 6.833e-04s
DFFT  bd23  max 1.451e-02s  avg 1.171e-02s  min 9.929e-03s  dev 1.712e-03s
DFFT  bd32  max 2.090e-02s  avg 1.541e-02s  min 9.755e-03s  dev 3.976e-03s
DFFT  b1dx  max 3.656e-03s  avg 2.723e-03s  min 1.956e-03s  dev 6.092e-04s
DFFT  bd23  max 1.972e-02s  avg 1.592e-02s  min 1.080e-02s  dev 3.585e-03s
DFFT bdist  max 6.796e-02s  avg 5.807e-02s  min 4.553e-02s  dev 9.539e-03s
DFFT bdfft  max 1.102e-02s  avg 8.031e-03s  min 5.314e-03s  dev 2.037e-03s
BACKWARD    max 8.846e-02s  avg 8.845e-02s  min 8.844e-02s  dev 8.695e-06s

r-space:
a[0,0,0] = (2097152.000000,0.000000) = (4140000000000000,0)
real in [0.000000e+00,0.000000e+00] = [0,0]
imag in [0.000000e+00,0.000000e+00] = [0,0]

[PI-INFO] Paramount Iteration,0,9,1.926427,0.177336

TESTING 9

[PI-INFO] Paramount Iteration,2,9,1.917305,0.177339
[PI-INFO] Paramount Iteration,1,9,1.919341,0.177371
[PI-INFO] Paramount Iteration,3,9,1.917923,0.177319
DFFT  fd32  max 1.950e-02s  avg 1.443e-02s  min 9.395e-03s  dev 3.641e-03s
DFFT  f1dx  max 2.845e-03s  avg 2.626e-03s  min 2.301e-03s  dev 2.176e-04s
DFFT  fd23  max 2.000e-02s  avg 1.672e-02s  min 1.293e-02s  dev 2.853e-03s
DFFT  fd32  max 1.397e-02s  avg 1.102e-02s  min 8.654e-03s  dev 1.903e-03s
DFFT  f1dy  max 2.770e-03s  avg 2.561e-03s  min 2.172e-03s  dev 2.442e-04s
DFFT  fd23  max 1.492e-02s  avg 1.176e-02s  min 9.403e-03s  dev 1.992e-03s
DFFT  fd32  max 4.918e-03s  avg 4.337e-03s  min 3.426e-03s  dev 6.095e-04s
DFFT  f1dz  max 2.839e-03s  avg 2.540e-03s  min 2.040e-03s  dev 3.055e-04s
DFFT fdist  max 6.805e-02s  avg 5.827e-02s  min 4.786e-02s  dev 9.074e-03s
DFFT fdfft  max 8.409e-03s  avg 7.726e-03s  min 6.513e-03s  dev 7.617e-04s
FORWARD     max 8.593e-02s  avg 8.569e-02s  min 8.556e-02s  dev 1.428e-04s

k-space:
real in [1.000000e+00,1.000000e+00] = [3ff0000000000000,3ff0000000000000]
imag in [0.000000e+00,0.000000e+00] = [0,0]

DFFT  b1dz  max 3.668e-03s  avg 2.629e-03s  min 1.675e-03s  dev 7.116e-04s
DFFT  bd23  max 5.016e-03s  avg 4.429e-03s  min 3.405e-03s  dev 6.365e-04s
DFFT  bd32  max 1.306e-02s  avg 1.055e-02s  min 8.767e-03s  dev 1.570e-03s
DFFT  b1dy  max 3.707e-03s  avg 2.694e-03s  min 1.726e-03s  dev 7.019e-04s
DFFT  bd23  max 1.456e-02s  avg 1.153e-02s  min 9.494e-03s  dev 1.861e-03s
DFFT  bd32  max 1.949e-02s  avg 1.462e-02s  min 9.622e-03s  dev 3.610e-03s
DFFT  b1dx  max 3.680e-03s  avg 2.693e-03s  min 1.843e-03s  dev 6.541e-04s
DFFT  bd23  max 1.982e-02s  avg 1.540e-02s  min 1.043e-02s  dev 3.468e-03s
DFFT bdist  max 6.567e-02s  avg 5.653e-02s  min 4.497e-02s  dev 9.083e-03s
DFFT bdfft  max 1.105e-02s  avg 8.016e-03s  min 5.244e-03s  dev 2.066e-03s
BACKWARD    max 8.661e-02s  avg 8.659e-02s  min 8.657e-02s  dev 1.170e-05s

r-space:
a[0,0,0] = (2097152.000000,0.000000) = (4140000000000000,0)
real in [0.000000e+00,0.000000e+00] = [0,0]
imag in [0.000000e+00,0.000000e+00] = [0,0]

[PI-INFO] Paramount Iteration,0,10,2.103942,0.177515

TESTING a

[PI-INFO] Paramount Iteration,1,10,2.096823,0.177482
[PI-INFO] Paramount Iteration,3,10,2.095451,0.177528
[PI-INFO] Paramount Iteration,2,10,2.094822,0.177517
DFFT  fd32  max 1.974e-02s  avg 1.444e-02s  min 9.111e-03s  dev 3.796e-03s
DFFT  f1dx  max 2.781e-03s  avg 2.473e-03s  min 1.738e-03s  dev 4.311e-04s
DFFT  fd23  max 1.995e-02s  avg 1.558e-02s  min 1.022e-02s  dev 3.584e-03s
DFFT  fd32  max 1.353e-02s  avg 1.067e-02s  min 8.668e-03s  dev 1.772e-03s
DFFT  f1dy  max 2.828e-03s  avg 2.514e-03s  min 1.862e-03s  dev 3.929e-04s
DFFT  fd23  max 1.454e-02s  avg 1.145e-02s  min 9.331e-03s  dev 1.904e-03s
DFFT  fd32  max 4.918e-03s  avg 4.303e-03s  min 3.315e-03s  dev 6.474e-04s
DFFT  f1dz  max 2.823e-03s  avg 2.478e-03s  min 1.834e-03s  dev 3.876e-04s
DFFT fdist  max 6.587e-02s  avg 5.644e-02s  min 4.379e-02s  dev 9.528e-03s
DFFT fdfft  max 8.430e-03s  avg 7.465e-03s  min 5.434e-03s  dev 1.209e-03s
FORWARD     max 8.536e-02s  avg 8.509e-02s  min 8.494e-02s  dev 1.645e-04s

k-space:
real in [1.000000e+00,1.000000e+00] = [3ff0000000000000,3ff0000000000000]
imag in [0.000000e+00,0.000000e+00] = [0,0]

DFFT  b1dz  max 3.669e-03s  avg 2.665e-03s  min 1.730e-03s  dev 6.897e-04s
DFFT  bd23  max 5.068e-03s  avg 4.506e-03s  min 3.570e-03s  dev 6.159e-04s
DFFT  bd32  max 1.331e-02s  avg 1.051e-02s  min 8.462e-03s  dev 1.754e-03s
DFFT  b1dy  max 3.618e-03s  avg 2.674e-03s  min 1.757e-03s  dev 6.698e-04s
DFFT  bd23  max 1.440e-02s  avg 1.148e-02s  min 9.484e-03s  dev 1.803e-03s
DFFT  bd32  max 2.034e-02s  avg 1.491e-02s  min 9.423e-03s  dev 3.897e-03s
DFFT  b1dx  max 3.632e-03s  avg 2.722e-03s  min 1.919e-03s  dev 6.097e-04s
DFFT  bd23  max 2.018e-02s  avg 1.592e-02s  min 1.045e-02s  dev 3.766e-03s
DFFT bdist  max 6.701e-02s  avg 5.732e-02s  min 4.470e-02s  dev 9.731e-03s
DFFT bdfft  max 1.092e-02s  avg 8.060e-03s  min 5.406e-03s  dev 1.966e-03s
BACKWARD    max 8.796e-02s  avg 8.794e-02s  min 8.789e-02s  dev 2.878e-05s

r-space:
a[0,0,0] = (2097152.000000,0.000000) = (4140000000000000,0)
real in [0.000000e+00,0.000000e+00] = [0,0]
imag in [0.000000e+00,0.000000e+00] = [0,0]

[PI-INFO] Paramount Iteration,0,11,2.282236,0.178294

TESTING b

[PI-INFO] Paramount Iteration,2,11,2.273112,0.178290
[PI-INFO] Paramount Iteration,1,11,2.275145,0.178322
[PI-INFO] Paramount Iteration,3,11,2.273777,0.178326
DFFT  fd32  max 2.016e-02s  avg 1.456e-02s  min 9.037e-03s  dev 3.949e-03s
DFFT  f1dx  max 2.779e-03s  avg 2.442e-03s  min 1.719e-03s  dev 4.292e-04s
DFFT  fd23  max 1.973e-02s  avg 1.556e-02s  min 1.031e-02s  dev 3.484e-03s
DFFT  fd32  max 1.292e-02s  avg 1.053e-02s  min 8.925e-03s  dev 1.484e-03s
DFFT  f1dy  max 2.739e-03s  avg 2.539e-03s  min 2.122e-03s  dev 2.469e-04s
DFFT  fd23  max 1.486e-02s  avg 1.198e-02s  min 9.899e-03s  dev 1.809e-03s
DFFT  fd32  max 4.887e-03s  avg 4.332e-03s  min 3.431e-03s  dev 6.031e-04s
DFFT  f1dz  max 2.760e-03s  avg 2.460e-03s  min 1.920e-03s  dev 3.404e-04s
DFFT fdist  max 6.588e-02s  avg 5.696e-02s  min 4.511e-02s  dev 8.810e-03s
DFFT fdfft  max 8.247e-03s  avg 7.441e-03s  min 5.761e-03s  dev 1.012e-03s
FORWARD     max 8.495e-02s  avg 8.467e-02s  min 8.454e-02s  dev 1.680e-04s

k-space:
real in [1.000000e+00,1.000000e+00] = [3ff0000000000000,3ff0000000000000]
imag in [0.000000e+00,0.000000e+00] = [0,0]

DFFT  b1dz  max 3.689e-03s  avg 2.625e-03s  min 1.697e-03s  dev 7.131e-04s
DFFT  bd23  max 4.981e-03s  avg 4.312e-03s  min 3.211e-03s  dev 7.136e-04s
DFFT  bd32  max 1.370e-02s  avg 1.077e-02s  min 8.650e-03s  dev 1.832e-03s
DFFT  b1dy  max 3.640e-03s  avg 2.663e-03s  min 1.771e-03s  dev 6.632e-04s
DFFT  bd23  max 1.486e-02s  avg 1.161e-02s  min 9.315e-03s  dev 2.021e-03s
DFFT  bd32  max 2.013e-02s  avg 1.487e-02s  min 9.466e-03s  dev 3.820e-03s
DFFT  b1dx  max 3.641e-03s  avg 2.700e-03s  min 1.885e-03s  dev 6.263e-04s
DFFT  bd23  max 1.918e-02s  avg 1.583e-02s  min 1.085e-02s  dev 3.309e-03s
DFFT bdist  max 6.775e-02s  avg 5.738e-02s  min 4.474e-02s  dev 9.763e-03s
DFFT bdfft  max 1.097e-02s  avg 7.989e-03s  min 5.352e-03s  dev 2.002e-03s
BACKWARD    max 8.762e-02s  avg 8.760e-02s  min 8.759e-02s  dev 1.350e-05s

r-space:
a[0,0,0] = (2097152.000000,0.000000) = (4140000000000000,0)
real in [0.000000e+00,0.000000e+00] = [0,0]
imag in [0.000000e+00,0.000000e+00] = [0,0]

[PI-INFO] Paramount Iteration,0,12,2.459723,0.177487

TESTING c

[PI-INFO] Paramount Iteration,1,12,2.452638,0.177493
[PI-INFO] Paramount Iteration,2,12,2.450610,0.177498
[PI-INFO] Paramount Iteration,3,12,2.451257,0.177480
DFFT  fd32  max 2.016e-02s  avg 1.483e-02s  min 9.476e-03s  dev 3.807e-03s
DFFT  f1dx  max 2.836e-03s  avg 2.508e-03s  min 1.841e-03s  dev 3.972e-04s
DFFT  fd23  max 1.990e-02s  avg 1.580e-02s  min 1.098e-02s  dev 3.376e-03s
DFFT  fd32  max 1.332e-02s  avg 1.090e-02s  min 9.348e-03s  dev 1.482e-03s
DFFT  f1dy  max 2.807e-03s  avg 2.488e-03s  min 1.741e-03s  dev 4.367e-04s
DFFT  fd23  max 1.435e-02s  avg 1.176e-02s  min 1.025e-02s  dev 1.578e-03s
DFFT  fd32  max 4.851e-03s  avg 4.407e-03s  min 3.290e-03s  dev 6.503e-04s
DFFT  f1dz  max 2.912e-03s  avg 2.531e-03s  min 1.841e-03s  dev 4.138e-04s
DFFT fdist  max 6.588e-02s  avg 5.770e-02s  min 4.616e-02s  dev 8.487e-03s
DFFT fdfft  max 8.472e-03s  avg 7.527e-03s  min 5.423e-03s  dev 1.243e-03s
FORWARD     max 8.528e-02s  avg 8.503e-02s  min 8.488e-02s  dev 1.511e-04s

k-space:
real in [1.000000e+00,1.000000e+00] = [3ff0000000000000,3ff0000000000000]
imag in [0.000000e+00,0.000000e+00] = [0,0]

DFFT  b1dz  max 3.666e-03s  avg 2.630e-03s  min 1.576e-03s  dev 7.426e-04s
DFFT  bd23  max 4.963e-03s  avg 4.373e-03s  min 3.157e-03s  dev 7.202e-04s
DFFT  bd32  max 1.326e-02s  avg 1.072e-02s  min 8.861e-03s  dev 1.594e-03s
DFFT  b1dy  max 3.693e-03s  avg 2.709e-03s  min 1.872e-03s  dev 6.513e-04s
DFFT  bd23  max 1.459e-02s  avg 1.175e-02s  min 9.686e-03s  dev 1.778e-03s
DFFT  bd32  max 2.018e-02s  avg 1.500e-02s  min 9.837e-03s  dev 3.745e-03s
DFFT  b1dx  max 3.705e-03s  avg 2.729e-03s  min 1.873e-03s  dev 6.528e-04s
DFFT  bd23  max 1.988e-02s  avg 1.594e-02s  min 1.107e-02s  dev 3.551e-03s
DFFT bdist  max 6.767e-02s  avg 5.778e-02s  min 4.603e-02s  dev 9.436e-03s
DFFT bdfft  max 1.106e-02s  avg 8.067e-03s  min 5.322e-03s  dev 2.043e-03s
BACKWARD    max 8.764e-02s  avg 8.761e-02s  min 8.757e-02s  dev 2.704e-05s

r-space:
a[0,0,0] = (2097152.000000,0.000000) = (4140000000000000,0)
real in [0.000000e+00,0.000000e+00] = [0,0]
imag in [0.000000e+00,0.000000e+00] = [0,0]

[PI-INFO] Paramount Iteration,0,13,2.637640,0.177917

TESTING d

[PI-INFO] Paramount Iteration,1,13,2.630570,0.177932
[PI-INFO] Paramount Iteration,2,13,2.628544,0.177934
[PI-INFO] Paramount Iteration,3,13,2.629189,0.177932
DFFT  fd32  max 1.941e-02s  avg 1.454e-02s  min 9.660e-03s  dev 3.543e-03s
DFFT  f1dx  max 2.831e-03s  avg 2.542e-03s  min 1.915e-03s  dev 3.752e-04s
DFFT  fd23  max 1.979e-02s  avg 1.579e-02s  min 1.090e-02s  dev 3.362e-03s
DFFT  fd32  max 1.340e-02s  avg 1.070e-02s  min 8.848e-03s  dev 1.665e-03s
DFFT  f1dy  max 2.889e-03s  avg 2.476e-03s  min 1.674e-03s  dev 4.746e-04s
DFFT  fd23  max 1.458e-02s  avg 1.160e-02s  min 9.632e-03s  dev 1.819e-03s
DFFT  fd32  max 5.012e-03s  avg 4.395e-03s  min 3.365e-03s  dev 6.394e-04s
DFFT  f1dz  max 2.822e-03s  avg 2.490e-03s  min 1.858e-03s  dev 3.768e-04s
DFFT fdist  max 6.633e-02s  avg 5.703e-02s  min 4.537e-02s  dev 9.114e-03s
DFFT fdfft  max 8.443e-03s  avg 7.508e-03s  min 5.447e-03s  dev 1.222e-03s
FORWARD     max 8.468e-02s  avg 8.447e-02s  min 8.439e-02s  dev 1.171e-04s

k-space:
real in [1.000000e+00,1.000000e+00] = [3ff0000000000000,3ff0000000000000]
imag in [0.000000e+00,0.000000e+00] = [0,0]

DFFT  b1dz  max 3.677e-03s  avg 2.648e-03s  min 1.611e-03s  dev 7.315e-04s
DFFT  bd23  max 5.058e-03s  avg 4.400e-03s  min 3.037e-03s  dev 8.125e-04s
DFFT  bd32  max 1.318e-02s  avg 1.081e-02s  min 9.338e-03s  dev 1.456e-03s
DFFT  b1dy  max 3.623e-03s  avg 2.689e-03s  min 1.771e-03s  dev 6.552e-04s
DFFT  bd23  max 1.438e-02s  avg 1.169e-02s  min 1.001e-02s  dev 1.645e-03s
DFFT  bd32  max 2.031e-02s  avg 1.512e-02s  min 9.781e-03s  dev 3.778e-03s
DFFT  b1dx  max 3.650e-03s  avg 2.701e-03s  min 1.800e-03s  dev 6.569e-04s
DFFT  bd23  max 2.023e-02s  avg 1.572e-02s  min 1.061e-02s  dev 3.516e-03s
DFFT bdist  max 6.641e-02s  avg 5.774e-02s  min 4.571e-02s  dev 8.772e-03s
DFFT bdfft  max 1.095e-02s  avg 8.038e-03s  min 5.182e-03s  dev 2.043e-03s
BACKWARD    max 8.778e-02s  avg 8.776e-02s  min 8.773e-02s  dev 1.835e-05s

r-space:
a[0,0,0] = (2097152.000000,0.000000) = (4140000000000000,0)
real in [0.000000e+00,0.000000e+00] = [0,0]
imag in [0.000000e+00,0.000000e+00] = [0,0]

[PI-INFO] Paramount Iteration,0,14,2.815164,0.177524

TESTING e

[PI-INFO] Paramount Iteration,1,14,2.808058,0.177488
[PI-INFO] Paramount Iteration,3,14,2.806660,0.177471
[PI-INFO] Paramount Iteration,2,14,2.806044,0.177500
DFFT  fd32  max 1.871e-02s  avg 1.401e-02s  min 9.367e-03s  dev 3.457e-03s
DFFT  f1dx  max 2.818e-03s  avg 2.511e-03s  min 1.869e-03s  dev 3.806e-04s
DFFT  fd23  max 1.990e-02s  avg 1.581e-02s  min 1.040e-02s  dev 3.587e-03s
DFFT  fd32  max 1.322e-02s  avg 1.060e-02s  min 8.821e-03s  dev 1.612e-03s
DFFT  f1dy  max 2.816e-03s  avg 2.469e-03s  min 1.692e-03s  dev 4.594e-04s
DFFT  fd23  max 1.473e-02s  avg 1.171e-02s  min 9.664e-03s  dev 1.856e-03s
DFFT  fd32  max 4.933e-03s  avg 4.325e-03s  min 3.296e-03s  dev 6.427e-04s
DFFT  f1dz  max 2.806e-03s  avg 2.450e-03s  min 1.759e-03s  dev 4.111e-04s
DFFT fdist  max 6.614e-02s  avg 5.645e-02s  min 4.464e-02s  dev 9.235e-03s
DFFT fdfft  max 8.378e-03s  avg 7.430e-03s  min 5.320e-03s  dev 1.249e-03s
FORWARD     max 8.394e-02s  avg 8.369e-02s  min 8.358e-02s  dev 1.454e-04s

k-space:
real in [1.000000e+00,1.000000e+00] = [3ff0000000000000,3ff0000000000000]
imag in [0.000000e+00,0.000000e+00] = [0,0]

DFFT  b1dz  max 3.649e-03s  avg 2.620e-03s  min 1.579e-03s  dev 7.342e-04s
DFFT  bd23  max 4.976e-03s  avg 4.343e-03s  min 3.008e-03s  dev 7.889e-04s
DFFT  bd32  max 1.309e-02s  avg 1.052e-02s  min 8.796e-03s  dev 1.576e-03s
DFFT  b1dy  max 3.650e-03s  avg 2.676e-03s  min 1.691e-03s  dev 6.959e-04s
DFFT  bd23  max 1.437e-02s  avg 1.171e-02s  min 1.004e-02s  dev 1.621e-03s
DFFT  bd32  max 1.910e-02s  avg 1.453e-02s  min 9.870e-03s  dev 3.436e-03s
DFFT  b1dx  max 3.660e-03s  avg 2.723e-03s  min 1.788e-03s  dev 6.621e-04s
DFFT  bd23  max 1.998e-02s  avg 1.578e-02s  min 1.041e-02s  dev 3.651e-03s
DFFT bdist  max 6.665e-02s  avg 5.688e-02s  min 4.496e-02s  dev 9.163e-03s
DFFT bdfft  max 1.096e-02s  avg 8.019e-03s  min 5.057e-03s  dev 2.091e-03s
BACKWARD    max 8.617e-02s  avg 8.616e-02s  min 8.614e-02s  dev 1.156e-05s

r-space:
a[0,0,0] = (2097152.000000,0.000000) = (4140000000000000,0)
real in [0.000000e+00,0.000000e+00] = [0,0]
imag in [0.000000e+00,0.000000e+00] = [0,0]

[PI-INFO] Paramount Iteration,0,15,2.990169,0.175005
[PI-INFO] PI avg,0,0.177481,15
[PI-INFO] Beta,0,0.000003
[PI-INFO] Total time,2.990177
[PI-INFO] Paramount Iteration,1,15,2.983092,0.175034
[PI-INFO] PI avg,1,0.177483,15
[PI-INFO] Beta,1,0.000008
[PI-INFO] Paramount Iteration,2,15,2.981055,0.175011
[PI-INFO] PI avg,2,0.177479,15
[PI-INFO] Beta,2,0.000009
[PI-INFO] Paramount Iteration,3,15,2.981681,0.175021
[PI-INFO] PI avg,3,0.177478,15
[PI-INFO] Beta,3,0.000009
--------------------------------------------------------------------------
mpirun has exited due to process rank 0 with PID 0 on
node ip-172-31-9-245 exiting improperly. There are three reasons this could occur:

1. this process did not call "init" before exiting, but others in
the job did. This can cause a job to hang indefinitely while it waits
for all processes to call "init". By rule, if one process calls "init",
then ALL processes must call "init" prior to termination.

2. this process called "init", but exited without calling "finalize".
By rule, all processes that call "init" MUST call "finalize" prior to
exiting or it will be considered an "abnormal termination"

3. this process called "MPI_Abort" or "orte_abort" and the mca parameter
orte_create_session_dirs is set to false. In this case, the run-time cannot
detect that the abort call was an abnormal termination. Hence, the only
error message you will receive is this one.

This may have caused other processes in the application to be
terminated by signals sent by mpirun (as reported here).

You can avoid this message by specifying -quiet on the mpirun command line.
--------------------------------------------------------------------------
[ip-172-31-9-245:17267] 3 more processes have sent help message help-mpi-btl-base.txt / btl:no-nics
[ip-172-31-9-245:17267] Set MCA parameter "orte_base_help_aggregate" to 0 to see all help / error messages
Command exited with non-zero status 1
	Command being timed: "mpirun --hostfile /home/ubuntu/PI-Bench/ECP-Proxy-Apps/hostfile -n 4 ./build/TestDfft 1000 128"
	User time (seconds): 2.19
	System time (seconds): 0.76
	Percent of CPU this job got: 51%
	Elapsed (wall clock) time (h:mm:ss or m:ss): 0:05.69
	Average shared text size (kbytes): 0
	Average unshared data size (kbytes): 0
	Average stack size (kbytes): 0
	Average total size (kbytes): 0
	Maximum resident set size (kbytes): 48684
	Average resident set size (kbytes): 0
	Major (requiring I/O) page faults: 4
	Minor (reclaiming a frame) page faults: 13227
	Voluntary context switches: 1286
	Involuntary context switches: 10
	Swaps: 0
	File system inputs: 0
	File system outputs: 16480
	Socket messages sent: 0
	Socket messages received: 0
	Signals delivered: 0
	Page size (bytes): 4096
	Exit status: 1
