--------------------------------------------------------------------------
[[48679,1],0]: A high-performance Open MPI point-to-point messaging module
was unable to find any relevant network interfaces:

Module: OpenFabrics (openib)
  Host: ip-172-31-9-248

Another transport will be used instead, although this may result in
lower performance.

NOTE: You can disable this warning by setting the MCA parameter
btl_base_warn_component_unused to 0.
--------------------------------------------------------------------------
Average time to generate 200 random numbers using LCG (in s): 7.781e-06

-------------------------------------------------------
Graph edge distribution characteristics
-------------------------------------------------------
Number of vertices: 100
Number of edges: 446
Maximum number of edges: 446
Average number of edges: 446
Expected value of X^2: 198916
Variance: 0
Standard deviation: 0
-------------------------------------------------------
Time to generate distributed graph of 100 vertices (in s): 0.000319585
[PI-INFO] Init time,0,0.112719
[PI-INFO] Paramount Iteration,0,1,0.112851,0.000132
[PI-INFO] Paramount Iteration,0,2,0.112952,0.000101
[PI-INFO] Paramount Iteration,0,3,0.113036,0.000084
[PI-INFO] Paramount Iteration,0,4,0.113106,0.000070
[PI-INFO] Paramount Iteration,0,5,0.113180,0.000074
[PI-INFO] Paramount Iteration,0,6,0.113249,0.000069
[PI-INFO] Paramount Iteration,0,7,0.113320,0.000071
[PI-INFO] Paramount Iteration,0,8,0.113382,0.000062
[PI-INFO] Paramount Iteration,0,9,0.113459,0.000077
-------------------------------------------------------
64-bit datatype
-------------------------------------------------------
Average total time (in s), #Processes: 0.000902434, 1
Modularity, #Iterations: 0.716684, 10
MODS (final modularity * average time): 0.00064676
-------------------------------------------------------
[PI-INFO] PI avg,0,0.000074,10
[PI-INFO] Beta,0,0.184923
[PI-INFO] Total time,0.113596
