Warning: Permanently added '172.31.14.22' (ECDSA) to the list of known hosts.
Warning: Permanently added '172.31.0.180' (ECDSA) to the list of known hosts.
Warning: Permanently added '172.31.11.188' (ECDSA) to the list of known hosts.
Warning: Permanently added '172.31.4.215' (ECDSA) to the list of known hosts.
Warning: Permanently added '172.31.4.31' (ECDSA) to the list of known hosts.
Warning: Permanently added '172.31.5.218' (ECDSA) to the list of known hosts.
Warning: Permanently added '172.31.7.147' (ECDSA) to the list of known hosts.
Warning: Permanently added '172.31.12.40' (ECDSA) to the list of known hosts.
Warning: Permanently added '172.31.0.201' (ECDSA) to the list of known hosts.
Warning: Permanently added '172.31.7.181' (ECDSA) to the list of known hosts.
Warning: Permanently added '172.31.11.218' (ECDSA) to the list of known hosts.
Warning: Permanently added '172.31.15.222' (ECDSA) to the list of known hosts.
Warning: Permanently added '172.31.1.67' (ECDSA) to the list of known hosts.
Warning: Permanently added '172.31.11.86' (ECDSA) to the list of known hosts.
Warning: Permanently added '172.31.0.98' (ECDSA) to the list of known hosts.
Warning: Permanently added '172.31.0.56' (ECDSA) to the list of known hosts.
Warning: Permanently added '172.31.4.253' (ECDSA) to the list of known hosts.
Warning: Permanently added '172.31.1.124' (ECDSA) to the list of known hosts.
Warning: Permanently added '172.31.10.72' (ECDSA) to the list of known hosts.
Warning: Permanently added '172.31.4.129' (ECDSA) to the list of known hosts.
Warning: Permanently added '172.31.3.189' (ECDSA) to the list of known hosts.
Warning: Permanently added '172.31.14.231' (ECDSA) to the list of known hosts.
Warning: Permanently added '172.31.8.237' (ECDSA) to the list of known hosts.
Warning: Permanently added '172.31.2.229' (ECDSA) to the list of known hosts.
Warning: Permanently added '172.31.15.195' (ECDSA) to the list of known hosts.
Warning: Permanently added '172.31.6.49' (ECDSA) to the list of known hosts.
Warning: Permanently added '172.31.9.193' (ECDSA) to the list of known hosts.
Warning: Permanently added '172.31.3.3' (ECDSA) to the list of known hosts.
Warning: Permanently added '172.31.13.150' (ECDSA) to the list of known hosts.
Warning: Permanently added '172.31.11.229' (ECDSA) to the list of known hosts.
Warning: Permanently added '172.31.7.45' (ECDSA) to the list of known hosts.
--------------------------------------------------------------------------
[[1571,1],22]: A high-performance Open MPI point-to-point messaging module
was unable to find any relevant network interfaces:

Module: OpenFabrics (openib)
  Host: ip-172-31-3-189

Another transport will be used instead, although this may result in
lower performance.

NOTE: You can disable this warning by setting the MCA parameter
btl_base_warn_component_unused to 0.
--------------------------------------------------------------------------

       __                __                 
      / /   ____  ____  / /_  ____  _____   
     / /   / __ `/ __ `/ __ \/ __ \/ ___/ 
    / /___/ /_/ / /_/ / / / / /_/ (__  )    
   /_____/\__,_/\__, /_/ /_/\____/____/  
               /____/                       

Options used:
   --dimension 3
   --mesh data/rectangle01_quad.mesh
   --refine-serial 2
   --refine-parallel 0
   --cartesian-partitioning ''
   --problem 3
   --order-kinematic 2
   --order-thermo 1
   --order-intrule -1
   --ode-solver 4
   --t-final 5
   --cfl 0.5
   --cg-tol 1e-08
   --ftz-tol 0
   --cg-max-steps 300
   --max-steps -1
   --partial-assembly
   --no-impose-viscosity
   --no-visualization
   --visualization-steps 5
   --no-visit
   --no-print
   --outputfilename results/Laghos
   --partition 0
   --device cpu
   --no-checks
   --no-mem
   --no-fom
   --no-gpu-aware-mpi
   --dev 0
Device configuration: cpu
Memory configuration: host-std
Number of zones in the serial mesh: 336
Non-Cartesian partitioning through METIS will be used.
Zones min/max: 4 17
Number of kinematic (position, velocity) dofs: 2850
Number of specific internal energy dofs: 1344
[PI-INFO] Init time,0,0.043236
[PI-INFO] Init time,24,0.043465
[PI-INFO] Init time,30,0.043298
[PI-INFO] Init time,2,0.043621
[PI-INFO] Init time,6,0.043792
[PI-INFO] Init time,1,0.043659
[PI-INFO] Init time,3,0.043689
[PI-INFO] Init time,8,0.043635
[PI-INFO] Init time,15,0.043717
[PI-INFO] Init time,5,0.043600
[PI-INFO] Init time,14,0.043590
[PI-INFO] Init time,22,0.043490
[PI-INFO] Init time,7,0.043667
[PI-INFO] Init time,11,0.043600
[PI-INFO] Init time,12,0.043570
[PI-INFO] Init time,10,0.043498
[PI-INFO] Init time,13,0.043499
[PI-INFO] Init time,16,0.043456
[PI-INFO] Init time,9,0.043507
[PI-INFO] Init time,19,0.043537
[PI-INFO] Init time,23,0.043424
[PI-INFO] Init time,4,0.043440
[PI-INFO] Init time,18,0.043366
[PI-INFO] Init time,17,0.043334
[PI-INFO] Init time,31,0.043436
[PI-INFO] Init time,20,0.043442
[PI-INFO] Init time,21,0.043348
[PI-INFO] Init time,28,0.043288
[PI-INFO] Init time,25,0.043333
[PI-INFO] Init time,27,0.043305
[PI-INFO] Init time,26,0.043225
[PI-INFO] Init time,29,0.043177
Repeating step 1
[PI-INFO] Paramount Iteration,0,1,0.130135,0.086900
[PI-INFO] Paramount Iteration,8,1,0.130499,0.086864
[PI-INFO] Paramount Iteration,10,1,0.130327,0.086829
[PI-INFO] Paramount Iteration,19,1,0.130400,0.086863
[PI-INFO] Paramount Iteration,24,1,0.130356,0.086892
[PI-INFO] Paramount Iteration,18,1,0.130221,0.086856
[PI-INFO] Paramount Iteration,30,1,0.130200,0.086902
[PI-INFO] Paramount Iteration,26,1,0.130085,0.086860
[PI-INFO] Paramount Iteration,2,1,0.130499,0.086878
[PI-INFO] Paramount Iteration,6,1,0.130656,0.086864
[PI-INFO] Paramount Iteration,1,1,0.130520,0.086861
[PI-INFO] Paramount Iteration,3,1,0.130579,0.086890
[PI-INFO] Paramount Iteration,15,1,0.130608,0.086891
[PI-INFO] Paramount Iteration,5,1,0.130488,0.086888
[PI-INFO] Paramount Iteration,14,1,0.130484,0.086894
[PI-INFO] Paramount Iteration,22,1,0.130384,0.086894
[PI-INFO] Paramount Iteration,7,1,0.130572,0.086906
[PI-INFO] Paramount Iteration,11,1,0.130489,0.086889
[PI-INFO] Paramount Iteration,12,1,0.130472,0.086902
[PI-INFO] Paramount Iteration,13,1,0.130445,0.086946
[PI-INFO] Paramount Iteration,16,1,0.130378,0.086922
[PI-INFO] Paramount Iteration,9,1,0.130357,0.086850
[PI-INFO] Paramount Iteration,23,1,0.130326,0.086902
[PI-INFO] Paramount Iteration,4,1,0.130295,0.086855
[PI-INFO] Paramount Iteration,17,1,0.130205,0.086872
[PI-INFO] Paramount Iteration,31,1,0.130334,0.086898
[PI-INFO] Paramount Iteration,20,1,0.130317,0.086875
[PI-INFO] Paramount Iteration,21,1,0.130260,0.086912
[PI-INFO] Paramount Iteration,28,1,0.130223,0.086936
[PI-INFO] Paramount Iteration,25,1,0.130198,0.086865
[PI-INFO] Paramount Iteration,27,1,0.130226,0.086921
[PI-INFO] Paramount Iteration,29,1,0.130121,0.086944
Repeating step 1
[PI-INFO] Paramount Iteration,0,2,0.215447,0.085312
[PI-INFO] Paramount Iteration,5,2,0.215755,0.085267
[PI-INFO] Paramount Iteration,23,2,0.215594,0.085268
[PI-INFO] Paramount Iteration,2,2,0.215825,0.085326
[PI-INFO] Paramount Iteration,6,2,0.215954,0.085298
[PI-INFO] Paramount Iteration,1,2,0.215815,0.085295
[PI-INFO] Paramount Iteration,3,2,0.215879,0.085300
[PI-INFO] Paramount Iteration,8,2,0.215833,0.085334
[PI-INFO] Paramount Iteration,15,2,0.215899,0.085291
[PI-INFO] Paramount Iteration,14,2,0.215798,0.085314
[PI-INFO] Paramount Iteration,22,2,0.215698,0.085314
[PI-INFO] Paramount Iteration,7,2,0.215816,0.085244
[PI-INFO] Paramount Iteration,11,2,0.215819,0.085330
[PI-INFO] Paramount Iteration,12,2,0.215735,0.085263
[PI-INFO] Paramount Iteration,10,2,0.215679,0.085352
[PI-INFO] Paramount Iteration,13,2,0.215699,0.085254
[PI-INFO] Paramount Iteration,16,2,0.215688,0.085310
[PI-INFO] Paramount Iteration,9,2,0.215662,0.085305
[PI-INFO] Paramount Iteration,19,2,0.215735,0.085335
[PI-INFO] Paramount Iteration,24,2,0.215720,0.085364
[PI-INFO] Paramount Iteration,4,2,0.215545,0.085250
[PI-INFO] Paramount Iteration,18,2,0.215584,0.085363
[PI-INFO] Paramount Iteration,17,2,0.215534,0.085329
[PI-INFO] Paramount Iteration,31,2,0.215644,0.085310
[PI-INFO] Paramount Iteration,20,2,0.215589,0.085272
[PI-INFO] Paramount Iteration,30,2,0.215539,0.085339
[PI-INFO] Paramount Iteration,21,2,0.215559,0.085299
[PI-INFO] Paramount Iteration,28,2,0.215501,0.085278
[PI-INFO] Paramount Iteration,25,2,0.215543,0.085345
[PI-INFO] Paramount Iteration,27,2,0.215541,0.085315
[PI-INFO] Paramount Iteration,26,2,0.215447,0.085362
[PI-INFO] Paramount Iteration,29,2,0.215425,0.085304
Repeating step 1
[PI-INFO] Paramount Iteration,0,3,0.300783,0.085336
[PI-INFO] Paramount Iteration,31,3,0.300893,0.085249
[PI-INFO] Paramount Iteration,2,3,0.301140,0.085315
[PI-INFO] Paramount Iteration,6,3,0.301259,0.085305
[PI-INFO] Paramount Iteration,1,3,0.301099,0.085284
[PI-INFO] Paramount Iteration,3,3,0.301186,0.085307
[PI-INFO] Paramount Iteration,8,3,0.301105,0.085272
[PI-INFO] Paramount Iteration,15,3,0.301168,0.085269
[PI-INFO] Paramount Iteration,5,3,0.301052,0.085297
[PI-INFO] Paramount Iteration,14,3,0.301088,0.085290
[PI-INFO] Paramount Iteration,22,3,0.300956,0.085258
[PI-INFO] Paramount Iteration,7,3,0.301099,0.085283
[PI-INFO] Paramount Iteration,11,3,0.301081,0.085262
[PI-INFO] Paramount Iteration,10,3,0.300936,0.085257
[PI-INFO] Paramount Iteration,13,3,0.301026,0.085327
[PI-INFO] Paramount Iteration,16,3,0.300988,0.085300
[PI-INFO] Paramount Iteration,9,3,0.300914,0.085252
[PI-INFO] Paramount Iteration,19,3,0.301019,0.085284
[PI-INFO] Paramount Iteration,23,3,0.300878,0.085284
[PI-INFO] Paramount Iteration,24,3,0.300959,0.085239
[PI-INFO] Paramount Iteration,4,3,0.300896,0.085351
[PI-INFO] Paramount Iteration,18,3,0.300838,0.085254
[PI-INFO] Paramount Iteration,17,3,0.300814,0.085280
[PI-INFO] Paramount Iteration,20,3,0.300898,0.085309
[PI-INFO] Paramount Iteration,30,3,0.300788,0.085249
[PI-INFO] Paramount Iteration,21,3,0.300807,0.085248
[PI-INFO] Paramount Iteration,28,3,0.300845,0.085344
[PI-INFO] Paramount Iteration,25,3,0.300753,0.085210
[PI-INFO] Paramount Iteration,27,3,0.300794,0.085253
[PI-INFO] Paramount Iteration,26,3,0.300667,0.085220
[PI-INFO] Paramount Iteration,29,3,0.300687,0.085262
[PI-INFO] Paramount Iteration,12,3,0.301135,0.085400
Repeating step 1
[PI-INFO] Paramount Iteration,0,4,0.385735,0.084952
[PI-INFO] Paramount Iteration,2,4,0.386102,0.084962
[PI-INFO] Paramount Iteration,8,4,0.386073,0.084968
[PI-INFO] Paramount Iteration,15,4,0.386157,0.084989
[PI-INFO] Paramount Iteration,11,4,0.386044,0.084963
[PI-INFO] Paramount Iteration,10,4,0.385915,0.084979
[PI-INFO] Paramount Iteration,24,4,0.385934,0.084975
[PI-INFO] Paramount Iteration,31,4,0.385921,0.085028
[PI-INFO] Paramount Iteration,28,4,0.385782,0.084937
[PI-INFO] Paramount Iteration,27,4,0.385788,0.084994
[PI-INFO] Paramount Iteration,6,4,0.386303,0.085044
[PI-INFO] Paramount Iteration,1,4,0.386107,0.085008
[PI-INFO] Paramount Iteration,3,4,0.386147,0.084961
[PI-INFO] Paramount Iteration,5,4,0.386105,0.085053
[PI-INFO] Paramount Iteration,14,4,0.386101,0.085013
[PI-INFO] Paramount Iteration,22,4,0.386056,0.085100
[PI-INFO] Paramount Iteration,7,4,0.386109,0.085010
[PI-INFO] Paramount Iteration,12,4,0.386023,0.084888
[PI-INFO] Paramount Iteration,13,4,0.386015,0.084989
[PI-INFO] Paramount Iteration,16,4,0.385950,0.084962
[PI-INFO] Paramount Iteration,9,4,0.385946,0.085032
[PI-INFO] Paramount Iteration,19,4,0.386016,0.084997
[PI-INFO] Paramount Iteration,23,4,0.385905,0.085027
[PI-INFO] Paramount Iteration,4,4,0.385880,0.084984
[PI-INFO] Paramount Iteration,18,4,0.385863,0.085025
[PI-INFO] Paramount Iteration,17,4,0.385817,0.085003
[PI-INFO] Paramount Iteration,20,4,0.385930,0.085032
[PI-INFO] Paramount Iteration,30,4,0.385849,0.085061
[PI-INFO] Paramount Iteration,21,4,0.385891,0.085084
[PI-INFO] Paramount Iteration,25,4,0.385789,0.085036
[PI-INFO] Paramount Iteration,26,4,0.385687,0.085020
[PI-INFO] Paramount Iteration,29,4,0.385706,0.085019
[PI-INFO] Paramount Iteration,0,5,0.471502,0.085767
[PI-INFO] Paramount Iteration,16,5,0.471709,0.085759
[PI-INFO] Paramount Iteration,23,5,0.471654,0.085749
[PI-INFO] Paramount Iteration,31,5,0.471698,0.085777
[PI-INFO] Paramount Iteration,2,5,0.471933,0.085831
[PI-INFO] Paramount Iteration,6,5,0.472047,0.085744
[PI-INFO] Paramount Iteration,1,5,0.471885,0.085778
[PI-INFO] Paramount Iteration,3,5,0.471950,0.085803
[PI-INFO] Paramount Iteration,8,5,0.471894,0.085821
[PI-INFO] Paramount Iteration,15,5,0.471981,0.085824
[PI-INFO] Paramount Iteration,5,5,0.471834,0.085729
[PI-INFO] Paramount Iteration,14,5,0.471876,0.085775
[PI-INFO] Paramount Iteration,22,5,0.471753,0.085697
[PI-INFO] Paramount Iteration,7,5,0.471886,0.085777
[PI-INFO] Paramount Iteration,11,5,0.471901,0.085857
[PI-INFO] Paramount Iteration,12,5,0.471827,0.085804
[PI-INFO] Paramount Iteration,10,5,0.471787,0.085872
[PI-INFO] Paramount Iteration,13,5,0.471783,0.085768
[PI-INFO] Paramount Iteration,9,5,0.471738,0.085792
[PI-INFO] Paramount Iteration,19,5,0.471806,0.085790
[PI-INFO] Paramount Iteration,24,5,0.471738,0.085804
[PI-INFO] Paramount Iteration,4,5,0.471634,0.085754
[PI-INFO] Paramount Iteration,18,5,0.471629,0.085766
[PI-INFO] Paramount Iteration,17,5,0.471575,0.085758
[PI-INFO] Paramount Iteration,20,5,0.471635,0.085705
[PI-INFO] Paramount Iteration,30,5,0.471603,0.085754
[PI-INFO] Paramount Iteration,21,5,0.471579,0.085688
[PI-INFO] Paramount Iteration,28,5,0.471541,0.085759
[PI-INFO] Paramount Iteration,25,5,0.471565,0.085776
[PI-INFO] Paramount Iteration,27,5,0.471646,0.085858
[PI-INFO] Paramount Iteration,26,5,0.471509,0.085822
[PI-INFO] Paramount Iteration,29,5,0.471454,0.085748
Repeating step 2
[PI-INFO] Paramount Iteration,0,6,0.560769,0.089267
[PI-INFO] Paramount Iteration,6,6,0.561241,0.089194
[PI-INFO] Paramount Iteration,8,6,0.561088,0.089194
[PI-INFO] Paramount Iteration,5,6,0.561043,0.089209
[PI-INFO] Paramount Iteration,7,6,0.561071,0.089185
[PI-INFO] Paramount Iteration,16,6,0.560936,0.089227
[PI-INFO] Paramount Iteration,19,6,0.560952,0.089146
[PI-INFO] Paramount Iteration,23,6,0.560854,0.089200
[PI-INFO] Paramount Iteration,24,6,0.560943,0.089205
[PI-INFO] Paramount Iteration,30,6,0.560794,0.089191
[PI-INFO] Paramount Iteration,25,6,0.560727,0.089162
[PI-INFO] Paramount Iteration,27,6,0.560768,0.089122
[PI-INFO] Paramount Iteration,2,6,0.561093,0.089160
[PI-INFO] Paramount Iteration,1,6,0.561083,0.089198
[PI-INFO] Paramount Iteration,3,6,0.561113,0.089163
[PI-INFO] Paramount Iteration,15,6,0.561191,0.089210
[PI-INFO] Paramount Iteration,14,6,0.561085,0.089209
[PI-INFO] Paramount Iteration,22,6,0.560950,0.089197
[PI-INFO] Paramount Iteration,11,6,0.561042,0.089141
[PI-INFO] Paramount Iteration,12,6,0.561068,0.089241
[PI-INFO] Paramount Iteration,10,6,0.560917,0.089130
[PI-INFO] Paramount Iteration,13,6,0.560985,0.089202
[PI-INFO] Paramount Iteration,9,6,0.560885,0.089147
[PI-INFO] Paramount Iteration,4,6,0.560866,0.089232
[PI-INFO] Paramount Iteration,18,6,0.560791,0.089162
[PI-INFO] Paramount Iteration,17,6,0.560754,0.089179
[PI-INFO] Paramount Iteration,31,6,0.560919,0.089221
[PI-INFO] Paramount Iteration,20,6,0.560884,0.089249
[PI-INFO] Paramount Iteration,21,6,0.560797,0.089218
[PI-INFO] Paramount Iteration,28,6,0.560814,0.089273
[PI-INFO] Paramount Iteration,26,6,0.560646,0.089137
[PI-INFO] Paramount Iteration,29,6,0.560663,0.089209
[PI-INFO] Paramount Iteration,0,7,0.650019,0.089250
[PI-INFO] Paramount Iteration,28,7,0.650020,0.089206
[PI-INFO] Paramount Iteration,6,7,0.650544,0.089303
[PI-INFO] Paramount Iteration,5,7,0.650304,0.089261
[PI-INFO] Paramount Iteration,13,7,0.650250,0.089265
[PI-INFO] Paramount Iteration,19,7,0.650268,0.089316
[PI-INFO] Paramount Iteration,23,7,0.650131,0.089277
[PI-INFO] Paramount Iteration,24,7,0.650254,0.089311
[PI-INFO] Paramount Iteration,31,7,0.650187,0.089268
[PI-INFO] Paramount Iteration,20,7,0.650139,0.089255
[PI-INFO] Paramount Iteration,30,7,0.650075,0.089281
[PI-INFO] Paramount Iteration,2,7,0.650405,0.089312
[PI-INFO] Paramount Iteration,1,7,0.650382,0.089299
[PI-INFO] Paramount Iteration,3,7,0.650436,0.089323
[PI-INFO] Paramount Iteration,8,7,0.650418,0.089330
[PI-INFO] Paramount Iteration,15,7,0.650468,0.089277
[PI-INFO] Paramount Iteration,14,7,0.650386,0.089301
[PI-INFO] Paramount Iteration,22,7,0.650247,0.089297
[PI-INFO] Paramount Iteration,7,7,0.650369,0.089298
[PI-INFO] Paramount Iteration,11,7,0.650387,0.089345
[PI-INFO] Paramount Iteration,12,7,0.650303,0.089235
[PI-INFO] Paramount Iteration,10,7,0.650250,0.089333
[PI-INFO] Paramount Iteration,16,7,0.650220,0.089284
[PI-INFO] Paramount Iteration,9,7,0.650218,0.089333
[PI-INFO] Paramount Iteration,4,7,0.650127,0.089261
[PI-INFO] Paramount Iteration,18,7,0.650112,0.089321
[PI-INFO] Paramount Iteration,17,7,0.650050,0.089296
[PI-INFO] Paramount Iteration,21,7,0.650064,0.089267
[PI-INFO] Paramount Iteration,25,7,0.650048,0.089321
[PI-INFO] Paramount Iteration,27,7,0.650101,0.089333
[PI-INFO] Paramount Iteration,26,7,0.649989,0.089343
[PI-INFO] Paramount Iteration,29,7,0.649913,0.089250
Repeating step 3
[PI-INFO] Paramount Iteration,0,8,0.739297,0.089278
[PI-INFO] Paramount Iteration,2,8,0.739641,0.089236
[PI-INFO] Paramount Iteration,6,8,0.739815,0.089271
[PI-INFO] Paramount Iteration,8,8,0.739672,0.089254
[PI-INFO] Paramount Iteration,7,8,0.739663,0.089294
[PI-INFO] Paramount Iteration,10,8,0.739499,0.089249
[PI-INFO] Paramount Iteration,19,8,0.739544,0.089276
[PI-INFO] Paramount Iteration,18,8,0.739385,0.089273
[PI-INFO] Paramount Iteration,1,8,0.739667,0.089285
[PI-INFO] Paramount Iteration,3,8,0.739680,0.089244
[PI-INFO] Paramount Iteration,15,8,0.739775,0.089307
[PI-INFO] Paramount Iteration,5,8,0.739634,0.089330
[PI-INFO] Paramount Iteration,14,8,0.739662,0.089276
[PI-INFO] Paramount Iteration,22,8,0.739563,0.089316
[PI-INFO] Paramount Iteration,11,8,0.739643,0.089256
[PI-INFO] Paramount Iteration,12,8,0.739648,0.089345
[PI-INFO] Paramount Iteration,13,8,0.739593,0.089343
[PI-INFO] Paramount Iteration,16,8,0.739526,0.089306
[PI-INFO] Paramount Iteration,9,8,0.739480,0.089262
[PI-INFO] Paramount Iteration,23,8,0.739473,0.089342
[PI-INFO] Paramount Iteration,24,8,0.739565,0.089311
[PI-INFO] Paramount Iteration,4,8,0.739452,0.089325
[PI-INFO] Paramount Iteration,17,8,0.739360,0.089310
[PI-INFO] Paramount Iteration,31,8,0.739548,0.089361
[PI-INFO] Paramount Iteration,20,8,0.739488,0.089349
[PI-INFO] Paramount Iteration,30,8,0.739409,0.089334
[PI-INFO] Paramount Iteration,21,8,0.739435,0.089371
[PI-INFO] Paramount Iteration,28,8,0.739401,0.089381
[PI-INFO] Paramount Iteration,25,8,0.739353,0.089305
[PI-INFO] Paramount Iteration,27,8,0.739381,0.089280
[PI-INFO] Paramount Iteration,26,8,0.739256,0.089267
[PI-INFO] Paramount Iteration,29,8,0.739303,0.089390
[PI-INFO] Paramount Iteration,0,9,0.827708,0.088411
[PI-INFO] Paramount Iteration,10,9,0.827859,0.088360
[PI-INFO] Paramount Iteration,13,9,0.827916,0.088323
[PI-INFO] Paramount Iteration,28,9,0.827677,0.088276
[PI-INFO] Paramount Iteration,26,9,0.827595,0.088339
[PI-INFO] Paramount Iteration,2,9,0.828055,0.088414
[PI-INFO] Paramount Iteration,6,9,0.828227,0.088412
[PI-INFO] Paramount Iteration,1,9,0.828127,0.088460
[PI-INFO] Paramount Iteration,3,9,0.828107,0.088427
[PI-INFO] Paramount Iteration,8,9,0.828042,0.088370
[PI-INFO] Paramount Iteration,15,9,0.828146,0.088371
[PI-INFO] Paramount Iteration,5,9,0.828010,0.088376
[PI-INFO] Paramount Iteration,14,9,0.828023,0.088361
[PI-INFO] Paramount Iteration,22,9,0.827928,0.088365
[PI-INFO] Paramount Iteration,7,9,0.828090,0.088427
[PI-INFO] Paramount Iteration,11,9,0.828024,0.088381
[PI-INFO] Paramount Iteration,12,9,0.827961,0.088313
[PI-INFO] Paramount Iteration,16,9,0.827903,0.088377
[PI-INFO] Paramount Iteration,9,9,0.827871,0.088391
[PI-INFO] Paramount Iteration,19,9,0.827948,0.088404
[PI-INFO] Paramount Iteration,23,9,0.827845,0.088372
[PI-INFO] Paramount Iteration,24,9,0.827898,0.088333
[PI-INFO] Paramount Iteration,4,9,0.827823,0.088371
[PI-INFO] Paramount Iteration,18,9,0.827767,0.088382
[PI-INFO] Paramount Iteration,17,9,0.827784,0.088424
[PI-INFO] Paramount Iteration,31,9,0.827856,0.088308
[PI-INFO] Paramount Iteration,20,9,0.827821,0.088333
[PI-INFO] Paramount Iteration,30,9,0.827723,0.088314
[PI-INFO] Paramount Iteration,21,9,0.827785,0.088350
[PI-INFO] Paramount Iteration,25,9,0.827710,0.088357
[PI-INFO] Paramount Iteration,27,9,0.827728,0.088347
[PI-INFO] Paramount Iteration,29,9,0.827593,0.088290
[PI-INFO] Paramount Iteration,0,10,0.916369,0.088661
[PI-INFO] Paramount Iteration,8,10,0.916742,0.088700
[PI-INFO] Paramount Iteration,16,10,0.916594,0.088691
[PI-INFO] Paramount Iteration,30,10,0.916457,0.088734
[PI-INFO] Paramount Iteration,2,10,0.916773,0.088718
[PI-INFO] Paramount Iteration,6,10,0.916925,0.088698
[PI-INFO] Paramount Iteration,1,10,0.916775,0.088648
[PI-INFO] Paramount Iteration,3,10,0.916847,0.088740
[PI-INFO] Paramount Iteration,15,10,0.916851,0.088705
[PI-INFO] Paramount Iteration,5,10,0.916727,0.088717
[PI-INFO] Paramount Iteration,14,10,0.916725,0.088702
[PI-INFO] Paramount Iteration,22,10,0.916624,0.088696
[PI-INFO] Paramount Iteration,7,10,0.916808,0.088718
[PI-INFO] Paramount Iteration,11,10,0.916753,0.088729
[PI-INFO] Paramount Iteration,12,10,0.916711,0.088750
[PI-INFO] Paramount Iteration,10,10,0.916596,0.088737
[PI-INFO] Paramount Iteration,13,10,0.916681,0.088765
[PI-INFO] Paramount Iteration,9,10,0.916597,0.088726
[PI-INFO] Paramount Iteration,19,10,0.916683,0.088735
[PI-INFO] Paramount Iteration,23,10,0.916557,0.088712
[PI-INFO] Paramount Iteration,24,10,0.916638,0.088740
[PI-INFO] Paramount Iteration,4,10,0.916522,0.088699
[PI-INFO] Paramount Iteration,18,10,0.916502,0.088735
[PI-INFO] Paramount Iteration,17,10,0.916475,0.088691
[PI-INFO] Paramount Iteration,31,10,0.916602,0.088746
[PI-INFO] Paramount Iteration,20,10,0.916557,0.088736
[PI-INFO] Paramount Iteration,21,10,0.916541,0.088756
[PI-INFO] Paramount Iteration,28,10,0.916476,0.088799
[PI-INFO] Paramount Iteration,25,10,0.916478,0.088768
[PI-INFO] Paramount Iteration,27,10,0.916473,0.088745
[PI-INFO] Paramount Iteration,26,10,0.916344,0.088749
[PI-INFO] Paramount Iteration,29,10,0.916404,0.088811
step     5,	t = 0.0476,	dt = 0.008554,	|e| = 4.7764852179e+01
[PI-INFO] Paramount Iteration,0,11,1.008899,0.092530
[PI-INFO] Paramount Iteration,22,11,1.009147,0.092523
[PI-INFO] Paramount Iteration,6,11,1.009431,0.092506
[PI-INFO] Paramount Iteration,1,11,1.009271,0.092496
[PI-INFO] Paramount Iteration,3,11,1.009315,0.092468
[PI-INFO] Paramount Iteration,8,11,1.009297,0.092555
[PI-INFO] Paramount Iteration,15,11,1.009389,0.092538
[PI-INFO] Paramount Iteration,5,11,1.009243,0.092516
[PI-INFO] Paramount Iteration,7,11,1.009290,0.092482
[PI-INFO] Paramount Iteration,11,11,1.009252,0.092499
[PI-INFO] Paramount Iteration,10,11,1.009119,0.092523
[PI-INFO] Paramount Iteration,16,11,1.009121,0.092527
[PI-INFO] Paramount Iteration,9,11,1.009113,0.092516
[PI-INFO] Paramount Iteration,19,11,1.009182,0.092499
[PI-INFO] Paramount Iteration,23,11,1.009092,0.092535
[PI-INFO] Paramount Iteration,24,11,1.009154,0.092516
[PI-INFO] Paramount Iteration,18,11,1.009009,0.092507
[PI-INFO] Paramount Iteration,17,11,1.008955,0.092480
[PI-INFO] Paramount Iteration,30,11,1.009022,0.092565
[PI-INFO] Paramount Iteration,21,11,1.009015,0.092474
[PI-INFO] Paramount Iteration,25,11,1.008948,0.092470
[PI-INFO] Paramount Iteration,26,11,1.008870,0.092526
[PI-INFO] Paramount Iteration,29,11,1.008883,0.092479
[PI-INFO] Paramount Iteration,2,11,1.009289,0.092516
[PI-INFO] Paramount Iteration,14,11,1.009276,0.092551
[PI-INFO] Paramount Iteration,12,11,1.009271,0.092560
[PI-INFO] Paramount Iteration,13,11,1.009192,0.092511
[PI-INFO] Paramount Iteration,4,11,1.009095,0.092573
[PI-INFO] Paramount Iteration,31,11,1.009154,0.092552
[PI-INFO] Paramount Iteration,20,11,1.009093,0.092536
[PI-INFO] Paramount Iteration,28,11,1.008994,0.092518
[PI-INFO] Paramount Iteration,27,11,1.008989,0.092516
Repeating step 6
[PI-INFO] Paramount Iteration,0,12,1.097947,0.089048
[PI-INFO] Paramount Iteration,8,12,1.098282,0.088985
[PI-INFO] Paramount Iteration,5,12,1.098234,0.088991
[PI-INFO] Paramount Iteration,22,12,1.098202,0.089055
[PI-INFO] Paramount Iteration,11,12,1.098279,0.089027
[PI-INFO] Paramount Iteration,16,12,1.098147,0.089026
[PI-INFO] Paramount Iteration,9,12,1.098094,0.088981
[PI-INFO] Paramount Iteration,19,12,1.098182,0.089000
[PI-INFO] Paramount Iteration,23,12,1.098108,0.089016
[PI-INFO] Paramount Iteration,24,12,1.098155,0.089001
[PI-INFO] Paramount Iteration,18,12,1.098045,0.089036
[PI-INFO] Paramount Iteration,17,12,1.097973,0.089018
[PI-INFO] Paramount Iteration,31,12,1.098144,0.088990
[PI-INFO] Paramount Iteration,30,12,1.098015,0.088993
[PI-INFO] Paramount Iteration,21,12,1.098027,0.089012
[PI-INFO] Paramount Iteration,25,12,1.097964,0.089016
[PI-INFO] Paramount Iteration,27,12,1.097983,0.088994
[PI-INFO] Paramount Iteration,26,12,1.097880,0.089010
[PI-INFO] Paramount Iteration,2,12,1.098329,0.089040
[PI-INFO] Paramount Iteration,6,12,1.098462,0.089031
[PI-INFO] Paramount Iteration,1,12,1.098294,0.089023
[PI-INFO] Paramount Iteration,3,12,1.098354,0.089039
[PI-INFO] Paramount Iteration,15,12,1.098435,0.089046
[PI-INFO] Paramount Iteration,14,12,1.098310,0.089034
[PI-INFO] Paramount Iteration,7,12,1.098315,0.089025
[PI-INFO] Paramount Iteration,12,12,1.098261,0.088990
[PI-INFO] Paramount Iteration,10,12,1.098153,0.089034
[PI-INFO] Paramount Iteration,13,12,1.098192,0.089000
[PI-INFO] Paramount Iteration,4,12,1.098061,0.088966
[PI-INFO] Paramount Iteration,20,12,1.098103,0.089010
[PI-INFO] Paramount Iteration,28,12,1.098020,0.089026
[PI-INFO] Paramount Iteration,29,12,1.097898,0.089015
[PI-INFO] Paramount Iteration,0,13,1.187352,0.089405
[PI-INFO] Paramount Iteration,16,13,1.187572,0.089425
[PI-INFO] Paramount Iteration,24,13,1.187567,0.089412
[PI-INFO] Paramount Iteration,2,13,1.187756,0.089427
[PI-INFO] Paramount Iteration,6,13,1.187905,0.089443
[PI-INFO] Paramount Iteration,1,13,1.187751,0.089457
[PI-INFO] Paramount Iteration,3,13,1.187789,0.089435
[PI-INFO] Paramount Iteration,8,13,1.187724,0.089442
[PI-INFO] Paramount Iteration,15,13,1.187854,0.089419
[PI-INFO] Paramount Iteration,5,13,1.187698,0.089464
[PI-INFO] Paramount Iteration,22,13,1.187641,0.089439
[PI-INFO] Paramount Iteration,7,13,1.187774,0.089459
[PI-INFO] Paramount Iteration,11,13,1.187729,0.089450
[PI-INFO] Paramount Iteration,12,13,1.187699,0.089438
[PI-INFO] Paramount Iteration,10,13,1.187591,0.089438
[PI-INFO] Paramount Iteration,13,13,1.187644,0.089452
[PI-INFO] Paramount Iteration,9,13,1.187550,0.089456
[PI-INFO] Paramount Iteration,19,13,1.187621,0.089439
[PI-INFO] Paramount Iteration,23,13,1.187523,0.089415
[PI-INFO] Paramount Iteration,4,13,1.187530,0.089469
[PI-INFO] Paramount Iteration,18,13,1.187494,0.089449
[PI-INFO] Paramount Iteration,17,13,1.187413,0.089440
[PI-INFO] Paramount Iteration,31,13,1.187574,0.089430
[PI-INFO] Paramount Iteration,20,13,1.187534,0.089431
[PI-INFO] Paramount Iteration,30,13,1.187458,0.089443
[PI-INFO] Paramount Iteration,21,13,1.187469,0.089442
[PI-INFO] Paramount Iteration,28,13,1.187426,0.089406
[PI-INFO] Paramount Iteration,25,13,1.187401,0.089437
[PI-INFO] Paramount Iteration,27,13,1.187436,0.089453
[PI-INFO] Paramount Iteration,26,13,1.187317,0.089437
[PI-INFO] Paramount Iteration,29,13,1.187360,0.089462
[PI-INFO] Paramount Iteration,14,13,1.187757,0.089447
[PI-INFO] Paramount Iteration,0,14,1.277296,0.089944
[PI-INFO] Paramount Iteration,24,14,1.277494,0.089927
[PI-INFO] Paramount Iteration,2,14,1.277657,0.089901
[PI-INFO] Paramount Iteration,6,14,1.277809,0.089904
[PI-INFO] Paramount Iteration,1,14,1.277675,0.089924
[PI-INFO] Paramount Iteration,3,14,1.277753,0.089964
[PI-INFO] Paramount Iteration,8,14,1.277645,0.089921
[PI-INFO] Paramount Iteration,15,14,1.277728,0.089874
[PI-INFO] Paramount Iteration,5,14,1.277648,0.089950
[PI-INFO] Paramount Iteration,14,14,1.277662,0.089905
[PI-INFO] Paramount Iteration,22,14,1.277538,0.089897
[PI-INFO] Paramount Iteration,7,14,1.277653,0.089879
[PI-INFO] Paramount Iteration,11,14,1.277638,0.089909
[PI-INFO] Paramount Iteration,10,14,1.277511,0.089920
[PI-INFO] Paramount Iteration,13,14,1.277555,0.089911
[PI-INFO] Paramount Iteration,16,14,1.277510,0.089938
[PI-INFO] Paramount Iteration,9,14,1.277471,0.089921
[PI-INFO] Paramount Iteration,23,14,1.277464,0.089941
[PI-INFO] Paramount Iteration,4,14,1.277459,0.089929
[PI-INFO] Paramount Iteration,18,14,1.277412,0.089918
[PI-INFO] Paramount Iteration,17,14,1.277393,0.089980
[PI-INFO] Paramount Iteration,31,14,1.277482,0.089908
[PI-INFO] Paramount Iteration,20,14,1.277477,0.089943
[PI-INFO] Paramount Iteration,30,14,1.277367,0.089909
[PI-INFO] Paramount Iteration,28,14,1.277347,0.089921
[PI-INFO] Paramount Iteration,25,14,1.277365,0.089964
[PI-INFO] Paramount Iteration,27,14,1.277375,0.089939
[PI-INFO] Paramount Iteration,26,14,1.277236,0.089919
[PI-INFO] Paramount Iteration,12,14,1.277638,0.089939
[PI-INFO] Paramount Iteration,19,14,1.277626,0.090005
[PI-INFO] Paramount Iteration,21,14,1.277456,0.089987
[PI-INFO] Paramount Iteration,29,14,1.277271,0.089911
[PI-INFO] Paramount Iteration,0,15,1.369295,0.091999
[PI-INFO] PI avg,0,0.088404,15
[PI-INFO] Beta,0,0.000017
[PI-INFO] Total time,1.369317
[PI-INFO] Paramount Iteration,8,15,1.369646,0.092001
[PI-INFO] PI avg,8,0.088401,15
[PI-INFO] Beta,8,0.000019
[PI-INFO] Paramount Iteration,12,15,1.369579,0.091941
[PI-INFO] PI avg,12,0.088401,15
[PI-INFO] Beta,12,0.000020
[PI-INFO] Paramount Iteration,13,15,1.369532,0.091977
[PI-INFO] PI avg,13,0.088402,15
[PI-INFO] Beta,13,0.000023
[PI-INFO] Paramount Iteration,24,15,1.369531,0.092037
[PI-INFO] PI avg,24,0.088404,15
[PI-INFO] Beta,24,0.000012
[PI-INFO] Paramount Iteration,4,15,1.369428,0.091969
[PI-INFO] PI avg,4,0.088399,15
[PI-INFO] Beta,4,0.000016
[PI-INFO] Paramount Iteration,30,15,1.369393,0.092026
[PI-INFO] PI avg,30,0.088406,15
[PI-INFO] Beta,30,0.000013
[PI-INFO] Paramount Iteration,28,15,1.369338,0.091991
[PI-INFO] PI avg,28,0.088403,15
[PI-INFO] Beta,28,0.000015
[PI-INFO] Paramount Iteration,2,15,1.369709,0.092052
[PI-INFO] PI avg,2,0.088406,15
[PI-INFO] Beta,2,0.000015
[PI-INFO] Paramount Iteration,6,15,1.369829,0.092020
[PI-INFO] PI avg,6,0.088402,15
[PI-INFO] Beta,6,0.000016
[PI-INFO] Paramount Iteration,1,15,1.369697,0.092022
[PI-INFO] PI avg,1,0.088403,15
[PI-INFO] Beta,1,0.000017
[PI-INFO] Paramount Iteration,3,15,1.369782,0.092029
[PI-INFO] PI avg,3,0.088406,15
[PI-INFO] Beta,3,0.000017
[PI-INFO] Paramount Iteration,15,15,1.369754,0.092026
[PI-INFO] PI avg,15,0.088402,15
[PI-INFO] Beta,15,0.000016
[PI-INFO] Paramount Iteration,5,15,1.369626,0.091978
[PI-INFO] PI avg,5,0.088402,15
[PI-INFO] Beta,5,0.000013
[PI-INFO] Paramount Iteration,14,15,1.369633,0.091971
[PI-INFO] PI avg,14,0.088403,15
[PI-INFO] Beta,14,0.000017
[PI-INFO] Paramount Iteration,22,15,1.369578,0.092040
[PI-INFO] PI avg,22,0.088406,15
[PI-INFO] Beta,22,0.000011
[PI-INFO] Paramount Iteration,7,15,1.369708,0.092055
[PI-INFO] PI avg,7,0.088403,15
[PI-INFO] Beta,7,0.000017
[PI-INFO] Paramount Iteration,11,15,1.369672,0.092034
[PI-INFO] PI avg,11,0.088405,15
[PI-INFO] Beta,11,0.000017
[PI-INFO] Paramount Iteration,10,15,1.369528,0.092017
[PI-INFO] PI avg,10,0.088402,15
[PI-INFO] Beta,10,0.000014
[PI-INFO] Paramount Iteration,16,15,1.369552,0.092042
[PI-INFO] PI avg,16,0.088406,15
[PI-INFO] Beta,16,0.000013
[PI-INFO] Paramount Iteration,9,15,1.369505,0.092034
[PI-INFO] PI avg,9,0.088400,15
[PI-INFO] Beta,9,0.000025
[PI-INFO] Paramount Iteration,19,15,1.369647,0.092021
[PI-INFO] PI avg,19,0.088407,15
[PI-INFO] Beta,19,0.000013
[PI-INFO] Paramount Iteration,23,15,1.369502,0.092038
[PI-INFO] PI avg,23,0.088405,15
[PI-INFO] Beta,23,0.000014
[PI-INFO] Paramount Iteration,18,15,1.369461,0.092049
[PI-INFO] PI avg,18,0.088406,15
[PI-INFO] Beta,18,0.000016
[PI-INFO] Paramount Iteration,17,15,1.369414,0.092021
[PI-INFO] PI avg,17,0.088405,15
[PI-INFO] Beta,17,0.000019
[PI-INFO] Paramount Iteration,31,15,1.369527,0.092045
[PI-INFO] PI avg,31,0.088406,15
[PI-INFO] Beta,31,0.000014
[PI-INFO] Paramount Iteration,20,15,1.369477,0.092000
[PI-INFO] PI avg,20,0.088402,15
[PI-INFO] Beta,20,0.000017
[PI-INFO] Paramount Iteration,21,15,1.369427,0.091971
[PI-INFO] PI avg,21,0.088405,15
[PI-INFO] Beta,21,0.000017
[PI-INFO] Paramount Iteration,25,15,1.369384,0.092019
[PI-INFO] PI avg,25,0.088403,15
[PI-INFO] Beta,25,0.000019
[PI-INFO] Paramount Iteration,27,15,1.369404,0.092029
[PI-INFO] PI avg,27,0.088407,15
[PI-INFO] Beta,27,0.000017
[PI-INFO] Paramount Iteration,26,15,1.369287,0.092051
[PI-INFO] PI avg,26,0.088404,15
[PI-INFO] Beta,26,0.000016
[PI-INFO] Paramount Iteration,29,15,1.369270,0.091999
[PI-INFO] PI avg,29,0.088406,15
[PI-INFO] Beta,29,0.000018
--------------------------------------------------------------------------
mpirun has exited due to process rank 0 with PID 0 on
node ip-172-31-5-150 exiting improperly. There are three reasons this could occur:

1. this process did not call "init" before exiting, but others in
the job did. This can cause a job to hang indefinitely while it waits
for all processes to call "init". By rule, if one process calls "init",
then ALL processes must call "init" prior to termination.

2. this process called "init", but exited without calling "finalize".
By rule, all processes that call "init" MUST call "finalize" prior to
exiting or it will be considered an "abnormal termination"

3. this process called "MPI_Abort" or "orte_abort" and the mca parameter
orte_create_session_dirs is set to false. In this case, the run-time cannot
detect that the abort call was an abnormal termination. Hence, the only
error message you will receive is this one.

This may have caused other processes in the application to be
terminated by signals sent by mpirun (as reported here).

You can avoid this message by specifying -quiet on the mpirun command line.
--------------------------------------------------------------------------
[ip-172-31-5-150:16506] 31 more processes have sent help message help-mpi-btl-base.txt / btl:no-nics
[ip-172-31-5-150:16506] Set MCA parameter "orte_base_help_aggregate" to 0 to see all help / error messages
Command exited with non-zero status 1
	Command being timed: "mpirun --hostfile /home/ubuntu/PI-Bench/ECP-Proxy-Apps/hostfile -n 32 ./laghos -p 3 -m data/rectangle01_quad.mesh -rs 2 -tf 5.0 -pa"
	User time (seconds): 0.61
	System time (seconds): 0.85
	Percent of CPU this job got: 33%
	Elapsed (wall clock) time (h:mm:ss or m:ss): 0:04.36
	Average shared text size (kbytes): 0
	Average unshared data size (kbytes): 0
	Average stack size (kbytes): 0
	Average total size (kbytes): 0
	Maximum resident set size (kbytes): 19512
	Average resident set size (kbytes): 0
	Major (requiring I/O) page faults: 11
	Minor (reclaiming a frame) page faults: 5624
	Voluntary context switches: 982
	Involuntary context switches: 96
	Swaps: 0
	File system inputs: 1440
	File system outputs: 16472
	Socket messages sent: 0
	Socket messages received: 0
	Signals delivered: 0
	Page size (bytes): 4096
	Exit status: 1
