--------------------------------------------------------------------------
[[16815,1],0]: A high-performance Open MPI point-to-point messaging module
was unable to find any relevant network interfaces:

Module: OpenFabrics (openib)
  Host: ip-172-31-3-141

Another transport will be used instead, although this may result in
lower performance.

NOTE: You can disable this warning by setting the MCA parameter
btl_base_warn_component_unused to 0.
--------------------------------------------------------------------------
Average time to generate 100 random numbers using LCG (in s): 6.3915e-06

-------------------------------------------------------
Graph edge distribution characteristics
-------------------------------------------------------
Number of vertices: 100
Number of edges: 502
Maximum number of edges: 251
Average number of edges: 251
Expected value of X^2: 63001
Variance: 0
Standard deviation: 0
-------------------------------------------------------
Time to generate distributed graph of 100 vertices (in s): 0.000737133
[PI-INFO] Init time,0,0.122396
[PI-INFO] Init time,1,0.113952
[PI-INFO] Paramount Iteration,0,1,0.122779,0.000383
[PI-INFO] Paramount Iteration,1,1,0.114329,0.000377
[PI-INFO] Paramount Iteration,0,2,0.123075,0.000296
[PI-INFO] Paramount Iteration,1,2,0.114627,0.000298
[PI-INFO] Paramount Iteration,0,3,0.123361,0.000286
[PI-INFO] Paramount Iteration,1,3,0.114945,0.000318
[PI-INFO] Paramount Iteration,0,4,0.123691,0.000330
[PI-INFO] Paramount Iteration,1,4,0.115245,0.000300
[PI-INFO] Paramount Iteration,0,5,0.123984,0.000293
[PI-INFO] Paramount Iteration,1,5,0.115532,0.000287
[PI-INFO] Paramount Iteration,0,6,0.124258,0.000274
[PI-INFO] Paramount Iteration,1,6,0.115836,0.000304
[PI-INFO] Paramount Iteration,0,7,0.124576,0.000318
[PI-INFO] Paramount Iteration,1,7,0.116129,0.000293
-------------------------------------------------------
64-bit datatype
-------------------------------------------------------
Average total time (in s), #Processes: 0.00269266, 2
Modularity, #Iterations: 0.676029, 8
MODS (final modularity * average time): 0.00182032
-------------------------------------------------------
[PI-INFO] PI avg,0,0.000273,8
[PI-INFO] Beta,0,0.188976
[PI-INFO] Total time,0.124988
[PI-INFO] PI avg,1,0.000272,8
[PI-INFO] Beta,1,0.207206
[ip-172-31-3-141:17728] 1 more process has sent help message help-mpi-btl-base.txt / btl:no-nics
[ip-172-31-3-141:17728] Set MCA parameter "orte_base_help_aggregate" to 0 to see all help / error messages
