--------------------------------------------------------------------------
[[14881,1],0]: A high-performance Open MPI point-to-point messaging module
was unable to find any relevant network interfaces:

Module: OpenFabrics (openib)
  Host: ip-172-31-3-141

Another transport will be used instead, although this may result in
lower performance.

NOTE: You can disable this warning by setting the MCA parameter
btl_base_warn_component_unused to 0.
--------------------------------------------------------------------------
Average time to generate 100 random numbers using LCG (in s): 7.221e-06

-------------------------------------------------------
Graph edge distribution characteristics
-------------------------------------------------------
Number of vertices: 100
Number of edges: 502
Maximum number of edges: 251
Average number of edges: 251
Expected value of X^2: 63001
Variance: 0
Standard deviation: 0
-------------------------------------------------------
Time to generate distributed graph of 100 vertices (in s): 0.000772484
[PI-INFO] Init time,0,0.121514
[PI-INFO] Init time,1,0.113432
[PI-INFO] Paramount Iteration,0,1,0.121867,0.000353
[PI-INFO] Paramount Iteration,1,1,0.113785,0.000353
[PI-INFO] Paramount Iteration,0,2,0.122175,0.000308
[PI-INFO] Paramount Iteration,1,2,0.114094,0.000309
[PI-INFO] Paramount Iteration,0,3,0.122468,0.000293
[PI-INFO] Paramount Iteration,1,3,0.114388,0.000294
[PI-INFO] Paramount Iteration,0,4,0.122771,0.000303
[PI-INFO] Paramount Iteration,1,4,0.114681,0.000293
[PI-INFO] Paramount Iteration,0,5,0.123051,0.000280
[PI-INFO] Paramount Iteration,1,5,0.114993,0.000312
[PI-INFO] Paramount Iteration,0,6,0.123354,0.000303
[PI-INFO] Paramount Iteration,1,6,0.115280,0.000287
[PI-INFO] Paramount Iteration,0,7,0.123638,0.000284
[PI-INFO] Paramount Iteration,1,7,0.115564,0.000284
-------------------------------------------------------
64-bit datatype
-------------------------------------------------------
Average total time (in s), #Processes: 0.00265153, 2
Modularity, #Iterations: 0.676029, 8
MODS (final modularity * average time): 0.00179251
-------------------------------------------------------
[PI-INFO] PI avg,0,0.000266,8
[PI-INFO] Beta,0,0.192053
[PI-INFO] Total time,0.124046
[PI-INFO] PI avg,1,0.000266,8
[PI-INFO] Beta,1,0.206889
[ip-172-31-3-141:16078] 1 more process has sent help message help-mpi-btl-base.txt / btl:no-nics
[ip-172-31-3-141:16078] Set MCA parameter "orte_base_help_aggregate" to 0 to see all help / error messages
